<?xml version="1.0" encoding="UTF-8"?>
<testsuite name="co.com.ceiba.ceibaestacionamiento.unitarias.FacturaTest" tests="12" skipped="0" failures="0" errors="0" timestamp="2019-05-20T19:55:00" hostname="NANCY-YANZA" time="0.445">
  <properties/>
  <testcase name="cobroCarroUnDiaTresHorasTest" classname="co.com.ceiba.ceibaestacionamiento.unitarias.FacturaTest" time="0.269"/>
  <testcase name="cobroDiaCarroTest" classname="co.com.ceiba.ceibaestacionamiento.unitarias.FacturaTest" time="0.008"/>
  <testcase name="noHayEspacioParaMotoTest" classname="co.com.ceiba.ceibaestacionamiento.unitarias.FacturaTest" time="0.006"/>
  <testcase name="cobroMotoDiezHoras650CCTest" classname="co.com.ceiba.ceibaestacionamiento.unitarias.FacturaTest" time="0.005"/>
  <testcase name="registroMotoExitosoTest" classname="co.com.ceiba.ceibaestacionamiento.unitarias.FacturaTest" time="0.004"/>
  <testcase name="registroCarroExitosoTest" classname="co.com.ceiba.ceibaestacionamiento.unitarias.FacturaTest" time="0.005"/>
  <testcase name="cobroHoraMotoTest" classname="co.com.ceiba.ceibaestacionamiento.unitarias.FacturaTest" time="0.007"/>
  <testcase name="cobroHoraCarroTest" classname="co.com.ceiba.ceibaestacionamiento.unitarias.FacturaTest" time="0.009"/>
  <testcase name="noHayEspacioParaCarroTest" classname="co.com.ceiba.ceibaestacionamiento.unitarias.FacturaTest" time="0.006"/>
  <testcase name="cobroDiaMotoTest" classname="co.com.ceiba.ceibaestacionamiento.unitarias.FacturaTest" time="0.007"/>
  <testcase name="noIngresaEnDiaPermitidoTest" classname="co.com.ceiba.ceibaestacionamiento.unitarias.FacturaTest" time="0.098"/>
  <testcase name="cobroExtendidoMoto500Test" classname="co.com.ceiba.ceibaestacionamiento.unitarias.FacturaTest" time="0.013"/>
  <system-out><![CDATA[2019-05-20 14:55:00.837  INFO 10536 --- [    Test worker] o.s.t.c.s.DefaultTestContextBootstrapper : Neither @ContextConfiguration nor @ContextHierarchy found for test class [co.com.ceiba.ceibaestacionamiento.unitarias.FacturaTest], using DelegatingSmartContextLoader
2019-05-20 14:55:00.838  INFO 10536 --- [    Test worker] o.s.t.c.support.AbstractContextLoader    : Could not detect default resource locations for test class [co.com.ceiba.ceibaestacionamiento.unitarias.FacturaTest]: no resource found for suffixes {-context.xml}.
2019-05-20 14:55:00.839  INFO 10536 --- [    Test worker] t.c.s.AnnotationConfigContextLoaderUtils : Could not detect default configuration classes for test class [co.com.ceiba.ceibaestacionamiento.unitarias.FacturaTest]: FacturaTest does not declare any static, non-private, non-final, nested classes annotated with @Configuration.
2019-05-20 14:55:00.841  INFO 10536 --- [    Test worker] o.s.t.c.s.DefaultTestContextBootstrapper : Loaded default TestExecutionListener class names from location [META-INF/spring.factories]: [org.springframework.boot.test.autoconfigure.restdocs.RestDocsTestExecutionListener, org.springframework.boot.test.autoconfigure.web.client.MockRestServiceServerResetTestExecutionListener, org.springframework.boot.test.autoconfigure.web.servlet.MockMvcPrintOnlyOnFailureTestExecutionListener, org.springframework.boot.test.autoconfigure.web.servlet.WebDriverTestExecutionListener, org.springframework.boot.test.mock.mockito.MockitoTestExecutionListener, org.springframework.boot.test.mock.mockito.ResetMocksTestExecutionListener, org.springframework.test.context.web.ServletTestExecutionListener, org.springframework.test.context.support.DirtiesContextBeforeModesTestExecutionListener, org.springframework.test.context.support.DependencyInjectionTestExecutionListener, org.springframework.test.context.support.DirtiesContextTestExecutionListener, org.springframework.test.context.transaction.TransactionalTestExecutionListener, org.springframework.test.context.jdbc.SqlScriptsTestExecutionListener]
2019-05-20 14:55:00.841  INFO 10536 --- [    Test worker] o.s.t.c.s.DefaultTestContextBootstrapper : Using TestExecutionListeners: [org.springframework.test.context.web.ServletTestExecutionListener@6e90b4ec, org.springframework.test.context.support.DirtiesContextBeforeModesTestExecutionListener@7319c09d, org.springframework.boot.test.mock.mockito.MockitoTestExecutionListener@37e2620a, org.springframework.test.context.support.DependencyInjectionTestExecutionListener@58d704d0, org.springframework.test.context.support.DirtiesContextTestExecutionListener@338becf2, org.springframework.test.context.transaction.TransactionalTestExecutionListener@eabdf36, org.springframework.test.context.jdbc.SqlScriptsTestExecutionListener@2a7d1edb, org.springframework.boot.test.autoconfigure.restdocs.RestDocsTestExecutionListener@4a6c6ec0, org.springframework.boot.test.autoconfigure.web.client.MockRestServiceServerResetTestExecutionListener@26ece703, org.springframework.boot.test.autoconfigure.web.servlet.MockMvcPrintOnlyOnFailureTestExecutionListener@76eece87, org.springframework.boot.test.autoconfigure.web.servlet.WebDriverTestExecutionListener@34a79d47, org.springframework.boot.test.mock.mockito.ResetMocksTestExecutionListener@1d14ef7d]
]]></system-out>
  <system-err><![CDATA[]]></system-err>
</testsuite>
