<?xml version="1.0" encoding="UTF-8"?>
<testsuite name="co.com.ceiba.ceibaestacionamiento.integracion.EstacionamientoServiciosTest" tests="11" skipped="0" failures="0" errors="0" timestamp="2019-05-20T19:54:58" hostname="NANCY-YANZA" time="2.447">
  <properties/>
  <testcase name="primerRegistro10MotosExitosoTest" classname="co.com.ceiba.ceibaestacionamiento.integracion.EstacionamientoServiciosTest" time="0.434"/>
  <testcase name="primerRegistro20CarrosExitosoTest" classname="co.com.ceiba.ceibaestacionamiento.integracion.EstacionamientoServiciosTest" time="0.717"/>
  <testcase name="primerSinEspacioParaCarroTest" classname="co.com.ceiba.ceibaestacionamiento.integracion.EstacionamientoServiciosTest" time="0.007"/>
  <testcase name="primerSinEspacioParaMotoTest" classname="co.com.ceiba.ceibaestacionamiento.integracion.EstacionamientoServiciosTest" time="0.006"/>
  <testcase name="segundoEliminar10MotosTets" classname="co.com.ceiba.ceibaestacionamiento.integracion.EstacionamientoServiciosTest" time="0.41"/>
  <testcase name="segundoEliminar20CarrosTest" classname="co.com.ceiba.ceibaestacionamiento.integracion.EstacionamientoServiciosTest" time="0.827"/>
  <testcase name="segundoObtenerValorHoraCarroTest" classname="co.com.ceiba.ceibaestacionamiento.integracion.EstacionamientoServiciosTest" time="0.006"/>
  <testcase name="tercerObteneerValorMotoMayor500CCTest" classname="co.com.ceiba.ceibaestacionamiento.integracion.EstacionamientoServiciosTest" time="0.008"/>
  <testcase name="tercerObtenerValorDiaCarroTest" classname="co.com.ceiba.ceibaestacionamiento.integracion.EstacionamientoServiciosTest" time="0.006"/>
  <testcase name="tercerObtenerValorDiaMotoTest" classname="co.com.ceiba.ceibaestacionamiento.integracion.EstacionamientoServiciosTest" time="0.01"/>
  <testcase name="tercerObtenerValorHoraMotoTest" classname="co.com.ceiba.ceibaestacionamiento.integracion.EstacionamientoServiciosTest" time="0.007"/>
  <system-out><![CDATA[2019-05-20 14:54:58.358  INFO 10536 --- [    Test worker] .b.t.c.SpringBootTestContextBootstrapper : Neither @ContextConfiguration nor @ContextHierarchy found for test class [co.com.ceiba.ceibaestacionamiento.integracion.EstacionamientoServiciosTest], using SpringBootContextLoader
2019-05-20 14:54:58.360  INFO 10536 --- [    Test worker] o.s.t.c.support.AbstractContextLoader    : Could not detect default resource locations for test class [co.com.ceiba.ceibaestacionamiento.integracion.EstacionamientoServiciosTest]: no resource found for suffixes {-context.xml, Context.groovy}.
2019-05-20 14:54:58.365  INFO 10536 --- [    Test worker] .b.t.c.SpringBootTestContextBootstrapper : Loaded default TestExecutionListener class names from location [META-INF/spring.factories]: [org.springframework.boot.test.autoconfigure.restdocs.RestDocsTestExecutionListener, org.springframework.boot.test.autoconfigure.web.client.MockRestServiceServerResetTestExecutionListener, org.springframework.boot.test.autoconfigure.web.servlet.MockMvcPrintOnlyOnFailureTestExecutionListener, org.springframework.boot.test.autoconfigure.web.servlet.WebDriverTestExecutionListener, org.springframework.boot.test.mock.mockito.MockitoTestExecutionListener, org.springframework.boot.test.mock.mockito.ResetMocksTestExecutionListener, org.springframework.test.context.web.ServletTestExecutionListener, org.springframework.test.context.support.DirtiesContextBeforeModesTestExecutionListener, org.springframework.test.context.support.DependencyInjectionTestExecutionListener, org.springframework.test.context.support.DirtiesContextTestExecutionListener, org.springframework.test.context.transaction.TransactionalTestExecutionListener, org.springframework.test.context.jdbc.SqlScriptsTestExecutionListener]
2019-05-20 14:54:58.366  INFO 10536 --- [    Test worker] .b.t.c.SpringBootTestContextBootstrapper : Using TestExecutionListeners: [org.springframework.test.context.web.ServletTestExecutionListener@432ef038, org.springframework.test.context.support.DirtiesContextBeforeModesTestExecutionListener@3f5fc64, org.springframework.boot.test.mock.mockito.MockitoTestExecutionListener@58ccc282, org.springframework.boot.test.autoconfigure.SpringBootDependencyInjectionTestExecutionListener@4c9ea6b1, org.springframework.test.context.support.DirtiesContextTestExecutionListener@7805302a, org.springframework.test.context.transaction.TransactionalTestExecutionListener@54bff592, org.springframework.test.context.jdbc.SqlScriptsTestExecutionListener@6a59e555, org.springframework.boot.test.autoconfigure.restdocs.RestDocsTestExecutionListener@534b7d81, org.springframework.boot.test.autoconfigure.web.client.MockRestServiceServerResetTestExecutionListener@29e93a2, org.springframework.boot.test.autoconfigure.web.servlet.MockMvcPrintOnlyOnFailureTestExecutionListener@29a6e506, org.springframework.boot.test.autoconfigure.web.servlet.WebDriverTestExecutionListener@cf0de2a, org.springframework.boot.test.mock.mockito.ResetMocksTestExecutionListener@45f0d40]
2019-05-20 14:54:58.379 DEBUG 10536 --- [    Test worker] org.hibernate.SQL                        : SELECT COUNT(*) FROM factura JOIN movil ON factura.mov_placa = movil.mov_placa WHERE movil.mov_tipo_movil = ? AND factura.fac_fecha_salida IS NULL
Hibernate: SELECT COUNT(*) FROM factura JOIN movil ON factura.mov_placa = movil.mov_placa WHERE movil.mov_tipo_movil = ? AND factura.fac_fecha_salida IS NULL
2019-05-20 14:54:58.381 TRACE 10536 --- [    Test worker] o.h.type.descriptor.sql.BasicBinder      : binding parameter [1] as [VARCHAR] - [MOTO]
2019-05-20 14:54:58.382 TRACE 10536 --- [    Test worker] o.h.type.descriptor.sql.BasicExtractor   : extracted value ([COUNT(*)] : [NUMERIC]) - [0]
2019-05-20 14:54:58.386 DEBUG 10536 --- [    Test worker] org.hibernate.SQL                        : SELECT COUNT(*) FROM factura WHERE mov_placa = ? AND fac_fecha_salida IS NULL
Hibernate: SELECT COUNT(*) FROM factura WHERE mov_placa = ? AND fac_fecha_salida IS NULL
2019-05-20 14:54:58.387 TRACE 10536 --- [    Test worker] o.h.type.descriptor.sql.BasicBinder      : binding parameter [1] as [VARCHAR] - [SWH-0]
2019-05-20 14:54:58.389 TRACE 10536 --- [    Test worker] o.h.type.descriptor.sql.BasicExtractor   : extracted value ([COUNT(*)] : [NUMERIC]) - [0]
2019-05-20 14:54:58.394 DEBUG 10536 --- [    Test worker] org.hibernate.SQL                        : select movilentit0_.mov_placa as mov_plac1_2_0_, movilentit0_.mov_cilindraje as mov_cili2_2_0_, movilentit0_.mov_tipo_movil as mov_tipo3_2_0_ from movil movilentit0_ where movilentit0_.mov_placa=?
Hibernate: select movilentit0_.mov_placa as mov_plac1_2_0_, movilentit0_.mov_cilindraje as mov_cili2_2_0_, movilentit0_.mov_tipo_movil as mov_tipo3_2_0_ from movil movilentit0_ where movilentit0_.mov_placa=?
2019-05-20 14:54:58.395 TRACE 10536 --- [    Test worker] o.h.type.descriptor.sql.BasicBinder      : binding parameter [1] as [VARCHAR] - [SWH-0]
2019-05-20 14:54:58.398 DEBUG 10536 --- [    Test worker] org.hibernate.SQL                        : select movilentit0_.mov_placa as mov_plac1_2_1_, movilentit0_.mov_cilindraje as mov_cili2_2_1_, movilentit0_.mov_tipo_movil as mov_tipo3_2_1_, facturasen1_.mov_placa as mov_plac5_1_3_, facturasen1_.facId as facId1_1_3_, facturasen1_.facId as facId1_1_0_, facturasen1_.fac_fecha_ingreso as fac_fech2_1_0_, facturasen1_.fac_fecha_salida as fac_fech3_1_0_, facturasen1_.fac_valor as fac_valo4_1_0_, facturasen1_.mov_placa as mov_plac5_1_0_ from movil movilentit0_ left outer join factura facturasen1_ on movilentit0_.mov_placa=facturasen1_.mov_placa where movilentit0_.mov_placa=?
Hibernate: select movilentit0_.mov_placa as mov_plac1_2_1_, movilentit0_.mov_cilindraje as mov_cili2_2_1_, movilentit0_.mov_tipo_movil as mov_tipo3_2_1_, facturasen1_.mov_placa as mov_plac5_1_3_, facturasen1_.facId as facId1_1_3_, facturasen1_.facId as facId1_1_0_, facturasen1_.fac_fecha_ingreso as fac_fech2_1_0_, facturasen1_.fac_fecha_salida as fac_fech3_1_0_, facturasen1_.fac_valor as fac_valo4_1_0_, facturasen1_.mov_placa as mov_plac5_1_0_ from movil movilentit0_ left outer join factura facturasen1_ on movilentit0_.mov_placa=facturasen1_.mov_placa where movilentit0_.mov_placa=?
2019-05-20 14:54:58.401 TRACE 10536 --- [    Test worker] o.h.type.descriptor.sql.BasicBinder      : binding parameter [1] as [VARCHAR] - [SWH-0]
2019-05-20 14:54:58.406 DEBUG 10536 --- [    Test worker] org.hibernate.SQL                        : insert into movil (mov_cilindraje, mov_tipo_movil, mov_placa) values (?, ?, ?)
Hibernate: insert into movil (mov_cilindraje, mov_tipo_movil, mov_placa) values (?, ?, ?)
2019-05-20 14:54:58.406 TRACE 10536 --- [    Test worker] o.h.type.descriptor.sql.BasicBinder      : binding parameter [1] as [DOUBLE] - [150.0]
2019-05-20 14:54:58.407 TRACE 10536 --- [    Test worker] o.h.type.descriptor.sql.BasicBinder      : binding parameter [2] as [VARCHAR] - [MOTO]
2019-05-20 14:54:58.407 TRACE 10536 --- [    Test worker] o.h.type.descriptor.sql.BasicBinder      : binding parameter [3] as [VARCHAR] - [SWH-0]
2019-05-20 14:54:58.410 DEBUG 10536 --- [    Test worker] org.hibernate.SQL                        : select movilentit_.mov_placa, movilentit_.mov_cilindraje as mov_cili2_2_, movilentit_.mov_tipo_movil as mov_tipo3_2_ from movil movilentit_ where movilentit_.mov_placa=?
Hibernate: select movilentit_.mov_placa, movilentit_.mov_cilindraje as mov_cili2_2_, movilentit_.mov_tipo_movil as mov_tipo3_2_ from movil movilentit_ where movilentit_.mov_placa=?
2019-05-20 14:54:58.412 TRACE 10536 --- [    Test worker] o.h.type.descriptor.sql.BasicBinder      : binding parameter [1] as [VARCHAR] - [SWH-0]
2019-05-20 14:54:58.413 TRACE 10536 --- [    Test worker] o.h.type.descriptor.sql.BasicExtractor   : extracted value ([mov_cili2_2_] : [DOUBLE]) - [150.0]
2019-05-20 14:54:58.413 TRACE 10536 --- [    Test worker] o.h.type.descriptor.sql.BasicExtractor   : extracted value ([mov_tipo3_2_] : [VARCHAR]) - [MOTO]
2019-05-20 14:54:58.414 DEBUG 10536 --- [    Test worker] org.hibernate.SQL                        : insert into factura (facId, fac_fecha_ingreso, fac_fecha_salida, fac_valor, mov_placa) values (null, ?, ?, ?, ?)
Hibernate: insert into factura (facId, fac_fecha_ingreso, fac_fecha_salida, fac_valor, mov_placa) values (null, ?, ?, ?, ?)
2019-05-20 14:54:58.415 TRACE 10536 --- [    Test worker] o.h.type.descriptor.sql.BasicBinder      : binding parameter [1] as [TIMESTAMP] - [Mon May 20 14:54:58 COT 2019]
2019-05-20 14:54:58.415 TRACE 10536 --- [    Test worker] o.h.type.descriptor.sql.BasicBinder      : binding parameter [2] as [TIMESTAMP] - [null]
2019-05-20 14:54:58.415 TRACE 10536 --- [    Test worker] o.h.type.descriptor.sql.BasicBinder      : binding parameter [3] as [DOUBLE] - [0.0]
2019-05-20 14:54:58.415 TRACE 10536 --- [    Test worker] o.h.type.descriptor.sql.BasicBinder      : binding parameter [4] as [VARCHAR] - [SWH-0]
2019-05-20 14:54:58.418 DEBUG 10536 --- [    Test worker] org.hibernate.SQL                        : SELECT COUNT(*) FROM factura JOIN movil ON factura.mov_placa = movil.mov_placa WHERE movil.mov_tipo_movil = ? AND factura.fac_fecha_salida IS NULL
Hibernate: SELECT COUNT(*) FROM factura JOIN movil ON factura.mov_placa = movil.mov_placa WHERE movil.mov_tipo_movil = ? AND factura.fac_fecha_salida IS NULL
2019-05-20 14:54:58.423 TRACE 10536 --- [    Test worker] o.h.type.descriptor.sql.BasicBinder      : binding parameter [1] as [VARCHAR] - [MOTO]
2019-05-20 14:54:58.424 TRACE 10536 --- [    Test worker] o.h.type.descriptor.sql.BasicExtractor   : extracted value ([COUNT(*)] : [NUMERIC]) - [1]
2019-05-20 14:54:58.436 DEBUG 10536 --- [    Test worker] org.hibernate.SQL                        : SELECT COUNT(*) FROM factura WHERE mov_placa = ? AND fac_fecha_salida IS NULL
Hibernate: SELECT COUNT(*) FROM factura WHERE mov_placa = ? AND fac_fecha_salida IS NULL
2019-05-20 14:54:58.443 TRACE 10536 --- [    Test worker] o.h.type.descriptor.sql.BasicBinder      : binding parameter [1] as [VARCHAR] - [SWH-1]
2019-05-20 14:54:58.444 TRACE 10536 --- [    Test worker] o.h.type.descriptor.sql.BasicExtractor   : extracted value ([COUNT(*)] : [NUMERIC]) - [0]
2019-05-20 14:54:58.446 DEBUG 10536 --- [    Test worker] org.hibernate.SQL                        : select movilentit0_.mov_placa as mov_plac1_2_0_, movilentit0_.mov_cilindraje as mov_cili2_2_0_, movilentit0_.mov_tipo_movil as mov_tipo3_2_0_ from movil movilentit0_ where movilentit0_.mov_placa=?
Hibernate: select movilentit0_.mov_placa as mov_plac1_2_0_, movilentit0_.mov_cilindraje as mov_cili2_2_0_, movilentit0_.mov_tipo_movil as mov_tipo3_2_0_ from movil movilentit0_ where movilentit0_.mov_placa=?
2019-05-20 14:54:58.448 TRACE 10536 --- [    Test worker] o.h.type.descriptor.sql.BasicBinder      : binding parameter [1] as [VARCHAR] - [SWH-1]
2019-05-20 14:54:58.457 DEBUG 10536 --- [    Test worker] org.hibernate.SQL                        : select movilentit0_.mov_placa as mov_plac1_2_1_, movilentit0_.mov_cilindraje as mov_cili2_2_1_, movilentit0_.mov_tipo_movil as mov_tipo3_2_1_, facturasen1_.mov_placa as mov_plac5_1_3_, facturasen1_.facId as facId1_1_3_, facturasen1_.facId as facId1_1_0_, facturasen1_.fac_fecha_ingreso as fac_fech2_1_0_, facturasen1_.fac_fecha_salida as fac_fech3_1_0_, facturasen1_.fac_valor as fac_valo4_1_0_, facturasen1_.mov_placa as mov_plac5_1_0_ from movil movilentit0_ left outer join factura facturasen1_ on movilentit0_.mov_placa=facturasen1_.mov_placa where movilentit0_.mov_placa=?
Hibernate: select movilentit0_.mov_placa as mov_plac1_2_1_, movilentit0_.mov_cilindraje as mov_cili2_2_1_, movilentit0_.mov_tipo_movil as mov_tipo3_2_1_, facturasen1_.mov_placa as mov_plac5_1_3_, facturasen1_.facId as facId1_1_3_, facturasen1_.facId as facId1_1_0_, facturasen1_.fac_fecha_ingreso as fac_fech2_1_0_, facturasen1_.fac_fecha_salida as fac_fech3_1_0_, facturasen1_.fac_valor as fac_valo4_1_0_, facturasen1_.mov_placa as mov_plac5_1_0_ from movil movilentit0_ left outer join factura facturasen1_ on movilentit0_.mov_placa=facturasen1_.mov_placa where movilentit0_.mov_placa=?
2019-05-20 14:54:58.458 TRACE 10536 --- [    Test worker] o.h.type.descriptor.sql.BasicBinder      : binding parameter [1] as [VARCHAR] - [SWH-1]
2019-05-20 14:54:58.460 DEBUG 10536 --- [    Test worker] org.hibernate.SQL                        : insert into movil (mov_cilindraje, mov_tipo_movil, mov_placa) values (?, ?, ?)
Hibernate: insert into movil (mov_cilindraje, mov_tipo_movil, mov_placa) values (?, ?, ?)
2019-05-20 14:54:58.462 TRACE 10536 --- [    Test worker] o.h.type.descriptor.sql.BasicBinder      : binding parameter [1] as [DOUBLE] - [150.0]
2019-05-20 14:54:58.463 TRACE 10536 --- [    Test worker] o.h.type.descriptor.sql.BasicBinder      : binding parameter [2] as [VARCHAR] - [MOTO]
2019-05-20 14:54:58.463 TRACE 10536 --- [    Test worker] o.h.type.descriptor.sql.BasicBinder      : binding parameter [3] as [VARCHAR] - [SWH-1]
2019-05-20 14:54:58.468 DEBUG 10536 --- [    Test worker] org.hibernate.SQL                        : select movilentit_.mov_placa, movilentit_.mov_cilindraje as mov_cili2_2_, movilentit_.mov_tipo_movil as mov_tipo3_2_ from movil movilentit_ where movilentit_.mov_placa=?
Hibernate: select movilentit_.mov_placa, movilentit_.mov_cilindraje as mov_cili2_2_, movilentit_.mov_tipo_movil as mov_tipo3_2_ from movil movilentit_ where movilentit_.mov_placa=?
2019-05-20 14:54:58.470 TRACE 10536 --- [    Test worker] o.h.type.descriptor.sql.BasicBinder      : binding parameter [1] as [VARCHAR] - [SWH-1]
2019-05-20 14:54:58.471 TRACE 10536 --- [    Test worker] o.h.type.descriptor.sql.BasicExtractor   : extracted value ([mov_cili2_2_] : [DOUBLE]) - [150.0]
2019-05-20 14:54:58.471 TRACE 10536 --- [    Test worker] o.h.type.descriptor.sql.BasicExtractor   : extracted value ([mov_tipo3_2_] : [VARCHAR]) - [MOTO]
2019-05-20 14:54:58.475 DEBUG 10536 --- [    Test worker] org.hibernate.SQL                        : insert into factura (facId, fac_fecha_ingreso, fac_fecha_salida, fac_valor, mov_placa) values (null, ?, ?, ?, ?)
Hibernate: insert into factura (facId, fac_fecha_ingreso, fac_fecha_salida, fac_valor, mov_placa) values (null, ?, ?, ?, ?)
2019-05-20 14:54:58.476 TRACE 10536 --- [    Test worker] o.h.type.descriptor.sql.BasicBinder      : binding parameter [1] as [TIMESTAMP] - [Mon May 20 14:54:58 COT 2019]
2019-05-20 14:54:58.476 TRACE 10536 --- [    Test worker] o.h.type.descriptor.sql.BasicBinder      : binding parameter [2] as [TIMESTAMP] - [null]
2019-05-20 14:54:58.476 TRACE 10536 --- [    Test worker] o.h.type.descriptor.sql.BasicBinder      : binding parameter [3] as [DOUBLE] - [0.0]
2019-05-20 14:54:58.477 TRACE 10536 --- [    Test worker] o.h.type.descriptor.sql.BasicBinder      : binding parameter [4] as [VARCHAR] - [SWH-1]
2019-05-20 14:54:58.480 DEBUG 10536 --- [    Test worker] org.hibernate.SQL                        : SELECT COUNT(*) FROM factura JOIN movil ON factura.mov_placa = movil.mov_placa WHERE movil.mov_tipo_movil = ? AND factura.fac_fecha_salida IS NULL
Hibernate: SELECT COUNT(*) FROM factura JOIN movil ON factura.mov_placa = movil.mov_placa WHERE movil.mov_tipo_movil = ? AND factura.fac_fecha_salida IS NULL
2019-05-20 14:54:58.482 TRACE 10536 --- [    Test worker] o.h.type.descriptor.sql.BasicBinder      : binding parameter [1] as [VARCHAR] - [MOTO]
2019-05-20 14:54:58.484 TRACE 10536 --- [    Test worker] o.h.type.descriptor.sql.BasicExtractor   : extracted value ([COUNT(*)] : [NUMERIC]) - [2]
2019-05-20 14:54:58.486 DEBUG 10536 --- [    Test worker] org.hibernate.SQL                        : SELECT COUNT(*) FROM factura WHERE mov_placa = ? AND fac_fecha_salida IS NULL
Hibernate: SELECT COUNT(*) FROM factura WHERE mov_placa = ? AND fac_fecha_salida IS NULL
2019-05-20 14:54:58.487 TRACE 10536 --- [    Test worker] o.h.type.descriptor.sql.BasicBinder      : binding parameter [1] as [VARCHAR] - [SWH-2]
2019-05-20 14:54:58.488 TRACE 10536 --- [    Test worker] o.h.type.descriptor.sql.BasicExtractor   : extracted value ([COUNT(*)] : [NUMERIC]) - [0]
2019-05-20 14:54:58.493 DEBUG 10536 --- [    Test worker] org.hibernate.SQL                        : select movilentit0_.mov_placa as mov_plac1_2_0_, movilentit0_.mov_cilindraje as mov_cili2_2_0_, movilentit0_.mov_tipo_movil as mov_tipo3_2_0_ from movil movilentit0_ where movilentit0_.mov_placa=?
Hibernate: select movilentit0_.mov_placa as mov_plac1_2_0_, movilentit0_.mov_cilindraje as mov_cili2_2_0_, movilentit0_.mov_tipo_movil as mov_tipo3_2_0_ from movil movilentit0_ where movilentit0_.mov_placa=?
2019-05-20 14:54:58.495 TRACE 10536 --- [    Test worker] o.h.type.descriptor.sql.BasicBinder      : binding parameter [1] as [VARCHAR] - [SWH-2]
2019-05-20 14:54:58.498 DEBUG 10536 --- [    Test worker] org.hibernate.SQL                        : select movilentit0_.mov_placa as mov_plac1_2_1_, movilentit0_.mov_cilindraje as mov_cili2_2_1_, movilentit0_.mov_tipo_movil as mov_tipo3_2_1_, facturasen1_.mov_placa as mov_plac5_1_3_, facturasen1_.facId as facId1_1_3_, facturasen1_.facId as facId1_1_0_, facturasen1_.fac_fecha_ingreso as fac_fech2_1_0_, facturasen1_.fac_fecha_salida as fac_fech3_1_0_, facturasen1_.fac_valor as fac_valo4_1_0_, facturasen1_.mov_placa as mov_plac5_1_0_ from movil movilentit0_ left outer join factura facturasen1_ on movilentit0_.mov_placa=facturasen1_.mov_placa where movilentit0_.mov_placa=?
Hibernate: select movilentit0_.mov_placa as mov_plac1_2_1_, movilentit0_.mov_cilindraje as mov_cili2_2_1_, movilentit0_.mov_tipo_movil as mov_tipo3_2_1_, facturasen1_.mov_placa as mov_plac5_1_3_, facturasen1_.facId as facId1_1_3_, facturasen1_.facId as facId1_1_0_, facturasen1_.fac_fecha_ingreso as fac_fech2_1_0_, facturasen1_.fac_fecha_salida as fac_fech3_1_0_, facturasen1_.fac_valor as fac_valo4_1_0_, facturasen1_.mov_placa as mov_plac5_1_0_ from movil movilentit0_ left outer join factura facturasen1_ on movilentit0_.mov_placa=facturasen1_.mov_placa where movilentit0_.mov_placa=?
2019-05-20 14:54:58.502 TRACE 10536 --- [    Test worker] o.h.type.descriptor.sql.BasicBinder      : binding parameter [1] as [VARCHAR] - [SWH-2]
2019-05-20 14:54:58.505 DEBUG 10536 --- [    Test worker] org.hibernate.SQL                        : insert into movil (mov_cilindraje, mov_tipo_movil, mov_placa) values (?, ?, ?)
Hibernate: insert into movil (mov_cilindraje, mov_tipo_movil, mov_placa) values (?, ?, ?)
2019-05-20 14:54:58.507 TRACE 10536 --- [    Test worker] o.h.type.descriptor.sql.BasicBinder      : binding parameter [1] as [DOUBLE] - [150.0]
2019-05-20 14:54:58.508 TRACE 10536 --- [    Test worker] o.h.type.descriptor.sql.BasicBinder      : binding parameter [2] as [VARCHAR] - [MOTO]
2019-05-20 14:54:58.508 TRACE 10536 --- [    Test worker] o.h.type.descriptor.sql.BasicBinder      : binding parameter [3] as [VARCHAR] - [SWH-2]
2019-05-20 14:54:58.511 DEBUG 10536 --- [    Test worker] org.hibernate.SQL                        : select movilentit_.mov_placa, movilentit_.mov_cilindraje as mov_cili2_2_, movilentit_.mov_tipo_movil as mov_tipo3_2_ from movil movilentit_ where movilentit_.mov_placa=?
Hibernate: select movilentit_.mov_placa, movilentit_.mov_cilindraje as mov_cili2_2_, movilentit_.mov_tipo_movil as mov_tipo3_2_ from movil movilentit_ where movilentit_.mov_placa=?
2019-05-20 14:54:58.512 TRACE 10536 --- [    Test worker] o.h.type.descriptor.sql.BasicBinder      : binding parameter [1] as [VARCHAR] - [SWH-2]
2019-05-20 14:54:58.512 TRACE 10536 --- [    Test worker] o.h.type.descriptor.sql.BasicExtractor   : extracted value ([mov_cili2_2_] : [DOUBLE]) - [150.0]
2019-05-20 14:54:58.513 TRACE 10536 --- [    Test worker] o.h.type.descriptor.sql.BasicExtractor   : extracted value ([mov_tipo3_2_] : [VARCHAR]) - [MOTO]
2019-05-20 14:54:58.516 DEBUG 10536 --- [    Test worker] org.hibernate.SQL                        : insert into factura (facId, fac_fecha_ingreso, fac_fecha_salida, fac_valor, mov_placa) values (null, ?, ?, ?, ?)
Hibernate: insert into factura (facId, fac_fecha_ingreso, fac_fecha_salida, fac_valor, mov_placa) values (null, ?, ?, ?, ?)
2019-05-20 14:54:58.522 TRACE 10536 --- [    Test worker] o.h.type.descriptor.sql.BasicBinder      : binding parameter [1] as [TIMESTAMP] - [Mon May 20 14:54:58 COT 2019]
2019-05-20 14:54:58.523 TRACE 10536 --- [    Test worker] o.h.type.descriptor.sql.BasicBinder      : binding parameter [2] as [TIMESTAMP] - [null]
2019-05-20 14:54:58.524 TRACE 10536 --- [    Test worker] o.h.type.descriptor.sql.BasicBinder      : binding parameter [3] as [DOUBLE] - [0.0]
2019-05-20 14:54:58.524 TRACE 10536 --- [    Test worker] o.h.type.descriptor.sql.BasicBinder      : binding parameter [4] as [VARCHAR] - [SWH-2]
2019-05-20 14:54:58.527 DEBUG 10536 --- [    Test worker] org.hibernate.SQL                        : SELECT COUNT(*) FROM factura JOIN movil ON factura.mov_placa = movil.mov_placa WHERE movil.mov_tipo_movil = ? AND factura.fac_fecha_salida IS NULL
Hibernate: SELECT COUNT(*) FROM factura JOIN movil ON factura.mov_placa = movil.mov_placa WHERE movil.mov_tipo_movil = ? AND factura.fac_fecha_salida IS NULL
2019-05-20 14:54:58.536 TRACE 10536 --- [    Test worker] o.h.type.descriptor.sql.BasicBinder      : binding parameter [1] as [VARCHAR] - [MOTO]
2019-05-20 14:54:58.538 TRACE 10536 --- [    Test worker] o.h.type.descriptor.sql.BasicExtractor   : extracted value ([COUNT(*)] : [NUMERIC]) - [3]
2019-05-20 14:54:58.541 DEBUG 10536 --- [    Test worker] org.hibernate.SQL                        : SELECT COUNT(*) FROM factura WHERE mov_placa = ? AND fac_fecha_salida IS NULL
Hibernate: SELECT COUNT(*) FROM factura WHERE mov_placa = ? AND fac_fecha_salida IS NULL
2019-05-20 14:54:58.543 TRACE 10536 --- [    Test worker] o.h.type.descriptor.sql.BasicBinder      : binding parameter [1] as [VARCHAR] - [SWH-3]
2019-05-20 14:54:58.547 TRACE 10536 --- [    Test worker] o.h.type.descriptor.sql.BasicExtractor   : extracted value ([COUNT(*)] : [NUMERIC]) - [0]
2019-05-20 14:54:58.552 DEBUG 10536 --- [    Test worker] org.hibernate.SQL                        : select movilentit0_.mov_placa as mov_plac1_2_0_, movilentit0_.mov_cilindraje as mov_cili2_2_0_, movilentit0_.mov_tipo_movil as mov_tipo3_2_0_ from movil movilentit0_ where movilentit0_.mov_placa=?
Hibernate: select movilentit0_.mov_placa as mov_plac1_2_0_, movilentit0_.mov_cilindraje as mov_cili2_2_0_, movilentit0_.mov_tipo_movil as mov_tipo3_2_0_ from movil movilentit0_ where movilentit0_.mov_placa=?
2019-05-20 14:54:58.552 TRACE 10536 --- [    Test worker] o.h.type.descriptor.sql.BasicBinder      : binding parameter [1] as [VARCHAR] - [SWH-3]
2019-05-20 14:54:58.556 DEBUG 10536 --- [    Test worker] org.hibernate.SQL                        : select movilentit0_.mov_placa as mov_plac1_2_1_, movilentit0_.mov_cilindraje as mov_cili2_2_1_, movilentit0_.mov_tipo_movil as mov_tipo3_2_1_, facturasen1_.mov_placa as mov_plac5_1_3_, facturasen1_.facId as facId1_1_3_, facturasen1_.facId as facId1_1_0_, facturasen1_.fac_fecha_ingreso as fac_fech2_1_0_, facturasen1_.fac_fecha_salida as fac_fech3_1_0_, facturasen1_.fac_valor as fac_valo4_1_0_, facturasen1_.mov_placa as mov_plac5_1_0_ from movil movilentit0_ left outer join factura facturasen1_ on movilentit0_.mov_placa=facturasen1_.mov_placa where movilentit0_.mov_placa=?
Hibernate: select movilentit0_.mov_placa as mov_plac1_2_1_, movilentit0_.mov_cilindraje as mov_cili2_2_1_, movilentit0_.mov_tipo_movil as mov_tipo3_2_1_, facturasen1_.mov_placa as mov_plac5_1_3_, facturasen1_.facId as facId1_1_3_, facturasen1_.facId as facId1_1_0_, facturasen1_.fac_fecha_ingreso as fac_fech2_1_0_, facturasen1_.fac_fecha_salida as fac_fech3_1_0_, facturasen1_.fac_valor as fac_valo4_1_0_, facturasen1_.mov_placa as mov_plac5_1_0_ from movil movilentit0_ left outer join factura facturasen1_ on movilentit0_.mov_placa=facturasen1_.mov_placa where movilentit0_.mov_placa=?
2019-05-20 14:54:58.557 TRACE 10536 --- [    Test worker] o.h.type.descriptor.sql.BasicBinder      : binding parameter [1] as [VARCHAR] - [SWH-3]
2019-05-20 14:54:58.562 DEBUG 10536 --- [    Test worker] org.hibernate.SQL                        : insert into movil (mov_cilindraje, mov_tipo_movil, mov_placa) values (?, ?, ?)
Hibernate: insert into movil (mov_cilindraje, mov_tipo_movil, mov_placa) values (?, ?, ?)
2019-05-20 14:54:58.564 TRACE 10536 --- [    Test worker] o.h.type.descriptor.sql.BasicBinder      : binding parameter [1] as [DOUBLE] - [150.0]
2019-05-20 14:54:58.564 TRACE 10536 --- [    Test worker] o.h.type.descriptor.sql.BasicBinder      : binding parameter [2] as [VARCHAR] - [MOTO]
2019-05-20 14:54:58.564 TRACE 10536 --- [    Test worker] o.h.type.descriptor.sql.BasicBinder      : binding parameter [3] as [VARCHAR] - [SWH-3]
2019-05-20 14:54:58.567 DEBUG 10536 --- [    Test worker] org.hibernate.SQL                        : select movilentit_.mov_placa, movilentit_.mov_cilindraje as mov_cili2_2_, movilentit_.mov_tipo_movil as mov_tipo3_2_ from movil movilentit_ where movilentit_.mov_placa=?
Hibernate: select movilentit_.mov_placa, movilentit_.mov_cilindraje as mov_cili2_2_, movilentit_.mov_tipo_movil as mov_tipo3_2_ from movil movilentit_ where movilentit_.mov_placa=?
2019-05-20 14:54:58.568 TRACE 10536 --- [    Test worker] o.h.type.descriptor.sql.BasicBinder      : binding parameter [1] as [VARCHAR] - [SWH-3]
2019-05-20 14:54:58.569 TRACE 10536 --- [    Test worker] o.h.type.descriptor.sql.BasicExtractor   : extracted value ([mov_cili2_2_] : [DOUBLE]) - [150.0]
2019-05-20 14:54:58.569 TRACE 10536 --- [    Test worker] o.h.type.descriptor.sql.BasicExtractor   : extracted value ([mov_tipo3_2_] : [VARCHAR]) - [MOTO]
2019-05-20 14:54:58.571 DEBUG 10536 --- [    Test worker] org.hibernate.SQL                        : insert into factura (facId, fac_fecha_ingreso, fac_fecha_salida, fac_valor, mov_placa) values (null, ?, ?, ?, ?)
Hibernate: insert into factura (facId, fac_fecha_ingreso, fac_fecha_salida, fac_valor, mov_placa) values (null, ?, ?, ?, ?)
2019-05-20 14:54:58.572 TRACE 10536 --- [    Test worker] o.h.type.descriptor.sql.BasicBinder      : binding parameter [1] as [TIMESTAMP] - [Mon May 20 14:54:58 COT 2019]
2019-05-20 14:54:58.572 TRACE 10536 --- [    Test worker] o.h.type.descriptor.sql.BasicBinder      : binding parameter [2] as [TIMESTAMP] - [null]
2019-05-20 14:54:58.572 TRACE 10536 --- [    Test worker] o.h.type.descriptor.sql.BasicBinder      : binding parameter [3] as [DOUBLE] - [0.0]
2019-05-20 14:54:58.572 TRACE 10536 --- [    Test worker] o.h.type.descriptor.sql.BasicBinder      : binding parameter [4] as [VARCHAR] - [SWH-3]
2019-05-20 14:54:58.575 DEBUG 10536 --- [    Test worker] org.hibernate.SQL                        : SELECT COUNT(*) FROM factura JOIN movil ON factura.mov_placa = movil.mov_placa WHERE movil.mov_tipo_movil = ? AND factura.fac_fecha_salida IS NULL
Hibernate: SELECT COUNT(*) FROM factura JOIN movil ON factura.mov_placa = movil.mov_placa WHERE movil.mov_tipo_movil = ? AND factura.fac_fecha_salida IS NULL
2019-05-20 14:54:58.576 TRACE 10536 --- [    Test worker] o.h.type.descriptor.sql.BasicBinder      : binding parameter [1] as [VARCHAR] - [MOTO]
2019-05-20 14:54:58.577 TRACE 10536 --- [    Test worker] o.h.type.descriptor.sql.BasicExtractor   : extracted value ([COUNT(*)] : [NUMERIC]) - [4]
2019-05-20 14:54:58.588 DEBUG 10536 --- [    Test worker] org.hibernate.SQL                        : SELECT COUNT(*) FROM factura WHERE mov_placa = ? AND fac_fecha_salida IS NULL
Hibernate: SELECT COUNT(*) FROM factura WHERE mov_placa = ? AND fac_fecha_salida IS NULL
2019-05-20 14:54:58.634 TRACE 10536 --- [    Test worker] o.h.type.descriptor.sql.BasicBinder      : binding parameter [1] as [VARCHAR] - [SWH-4]
2019-05-20 14:54:58.635 TRACE 10536 --- [    Test worker] o.h.type.descriptor.sql.BasicExtractor   : extracted value ([COUNT(*)] : [NUMERIC]) - [0]
2019-05-20 14:54:58.642 DEBUG 10536 --- [    Test worker] org.hibernate.SQL                        : select movilentit0_.mov_placa as mov_plac1_2_0_, movilentit0_.mov_cilindraje as mov_cili2_2_0_, movilentit0_.mov_tipo_movil as mov_tipo3_2_0_ from movil movilentit0_ where movilentit0_.mov_placa=?
Hibernate: select movilentit0_.mov_placa as mov_plac1_2_0_, movilentit0_.mov_cilindraje as mov_cili2_2_0_, movilentit0_.mov_tipo_movil as mov_tipo3_2_0_ from movil movilentit0_ where movilentit0_.mov_placa=?
2019-05-20 14:54:58.644 TRACE 10536 --- [    Test worker] o.h.type.descriptor.sql.BasicBinder      : binding parameter [1] as [VARCHAR] - [SWH-4]
2019-05-20 14:54:58.648 DEBUG 10536 --- [    Test worker] org.hibernate.SQL                        : select movilentit0_.mov_placa as mov_plac1_2_1_, movilentit0_.mov_cilindraje as mov_cili2_2_1_, movilentit0_.mov_tipo_movil as mov_tipo3_2_1_, facturasen1_.mov_placa as mov_plac5_1_3_, facturasen1_.facId as facId1_1_3_, facturasen1_.facId as facId1_1_0_, facturasen1_.fac_fecha_ingreso as fac_fech2_1_0_, facturasen1_.fac_fecha_salida as fac_fech3_1_0_, facturasen1_.fac_valor as fac_valo4_1_0_, facturasen1_.mov_placa as mov_plac5_1_0_ from movil movilentit0_ left outer join factura facturasen1_ on movilentit0_.mov_placa=facturasen1_.mov_placa where movilentit0_.mov_placa=?
Hibernate: select movilentit0_.mov_placa as mov_plac1_2_1_, movilentit0_.mov_cilindraje as mov_cili2_2_1_, movilentit0_.mov_tipo_movil as mov_tipo3_2_1_, facturasen1_.mov_placa as mov_plac5_1_3_, facturasen1_.facId as facId1_1_3_, facturasen1_.facId as facId1_1_0_, facturasen1_.fac_fecha_ingreso as fac_fech2_1_0_, facturasen1_.fac_fecha_salida as fac_fech3_1_0_, facturasen1_.fac_valor as fac_valo4_1_0_, facturasen1_.mov_placa as mov_plac5_1_0_ from movil movilentit0_ left outer join factura facturasen1_ on movilentit0_.mov_placa=facturasen1_.mov_placa where movilentit0_.mov_placa=?
2019-05-20 14:54:58.651 TRACE 10536 --- [    Test worker] o.h.type.descriptor.sql.BasicBinder      : binding parameter [1] as [VARCHAR] - [SWH-4]
2019-05-20 14:54:58.653 DEBUG 10536 --- [    Test worker] org.hibernate.SQL                        : insert into movil (mov_cilindraje, mov_tipo_movil, mov_placa) values (?, ?, ?)
Hibernate: insert into movil (mov_cilindraje, mov_tipo_movil, mov_placa) values (?, ?, ?)
2019-05-20 14:54:58.653 TRACE 10536 --- [    Test worker] o.h.type.descriptor.sql.BasicBinder      : binding parameter [1] as [DOUBLE] - [150.0]
2019-05-20 14:54:58.653 TRACE 10536 --- [    Test worker] o.h.type.descriptor.sql.BasicBinder      : binding parameter [2] as [VARCHAR] - [MOTO]
2019-05-20 14:54:58.653 TRACE 10536 --- [    Test worker] o.h.type.descriptor.sql.BasicBinder      : binding parameter [3] as [VARCHAR] - [SWH-4]
2019-05-20 14:54:58.656 DEBUG 10536 --- [    Test worker] org.hibernate.SQL                        : select movilentit_.mov_placa, movilentit_.mov_cilindraje as mov_cili2_2_, movilentit_.mov_tipo_movil as mov_tipo3_2_ from movil movilentit_ where movilentit_.mov_placa=?
Hibernate: select movilentit_.mov_placa, movilentit_.mov_cilindraje as mov_cili2_2_, movilentit_.mov_tipo_movil as mov_tipo3_2_ from movil movilentit_ where movilentit_.mov_placa=?
2019-05-20 14:54:58.656 TRACE 10536 --- [    Test worker] o.h.type.descriptor.sql.BasicBinder      : binding parameter [1] as [VARCHAR] - [SWH-4]
2019-05-20 14:54:58.657 TRACE 10536 --- [    Test worker] o.h.type.descriptor.sql.BasicExtractor   : extracted value ([mov_cili2_2_] : [DOUBLE]) - [150.0]
2019-05-20 14:54:58.657 TRACE 10536 --- [    Test worker] o.h.type.descriptor.sql.BasicExtractor   : extracted value ([mov_tipo3_2_] : [VARCHAR]) - [MOTO]
2019-05-20 14:54:58.658 DEBUG 10536 --- [    Test worker] org.hibernate.SQL                        : insert into factura (facId, fac_fecha_ingreso, fac_fecha_salida, fac_valor, mov_placa) values (null, ?, ?, ?, ?)
Hibernate: insert into factura (facId, fac_fecha_ingreso, fac_fecha_salida, fac_valor, mov_placa) values (null, ?, ?, ?, ?)
2019-05-20 14:54:58.658 TRACE 10536 --- [    Test worker] o.h.type.descriptor.sql.BasicBinder      : binding parameter [1] as [TIMESTAMP] - [Mon May 20 14:54:58 COT 2019]
2019-05-20 14:54:58.659 TRACE 10536 --- [    Test worker] o.h.type.descriptor.sql.BasicBinder      : binding parameter [2] as [TIMESTAMP] - [null]
2019-05-20 14:54:58.659 TRACE 10536 --- [    Test worker] o.h.type.descriptor.sql.BasicBinder      : binding parameter [3] as [DOUBLE] - [0.0]
2019-05-20 14:54:58.659 TRACE 10536 --- [    Test worker] o.h.type.descriptor.sql.BasicBinder      : binding parameter [4] as [VARCHAR] - [SWH-4]
2019-05-20 14:54:58.663 DEBUG 10536 --- [    Test worker] org.hibernate.SQL                        : SELECT COUNT(*) FROM factura JOIN movil ON factura.mov_placa = movil.mov_placa WHERE movil.mov_tipo_movil = ? AND factura.fac_fecha_salida IS NULL
Hibernate: SELECT COUNT(*) FROM factura JOIN movil ON factura.mov_placa = movil.mov_placa WHERE movil.mov_tipo_movil = ? AND factura.fac_fecha_salida IS NULL
2019-05-20 14:54:58.664 TRACE 10536 --- [    Test worker] o.h.type.descriptor.sql.BasicBinder      : binding parameter [1] as [VARCHAR] - [MOTO]
2019-05-20 14:54:58.666 TRACE 10536 --- [    Test worker] o.h.type.descriptor.sql.BasicExtractor   : extracted value ([COUNT(*)] : [NUMERIC]) - [5]
2019-05-20 14:54:58.667 DEBUG 10536 --- [    Test worker] org.hibernate.SQL                        : SELECT COUNT(*) FROM factura WHERE mov_placa = ? AND fac_fecha_salida IS NULL
Hibernate: SELECT COUNT(*) FROM factura WHERE mov_placa = ? AND fac_fecha_salida IS NULL
2019-05-20 14:54:58.668 TRACE 10536 --- [    Test worker] o.h.type.descriptor.sql.BasicBinder      : binding parameter [1] as [VARCHAR] - [SWH-5]
2019-05-20 14:54:58.669 TRACE 10536 --- [    Test worker] o.h.type.descriptor.sql.BasicExtractor   : extracted value ([COUNT(*)] : [NUMERIC]) - [0]
2019-05-20 14:54:58.673 DEBUG 10536 --- [    Test worker] org.hibernate.SQL                        : select movilentit0_.mov_placa as mov_plac1_2_0_, movilentit0_.mov_cilindraje as mov_cili2_2_0_, movilentit0_.mov_tipo_movil as mov_tipo3_2_0_ from movil movilentit0_ where movilentit0_.mov_placa=?
Hibernate: select movilentit0_.mov_placa as mov_plac1_2_0_, movilentit0_.mov_cilindraje as mov_cili2_2_0_, movilentit0_.mov_tipo_movil as mov_tipo3_2_0_ from movil movilentit0_ where movilentit0_.mov_placa=?
2019-05-20 14:54:58.674 TRACE 10536 --- [    Test worker] o.h.type.descriptor.sql.BasicBinder      : binding parameter [1] as [VARCHAR] - [SWH-5]
2019-05-20 14:54:58.678 DEBUG 10536 --- [    Test worker] org.hibernate.SQL                        : select movilentit0_.mov_placa as mov_plac1_2_1_, movilentit0_.mov_cilindraje as mov_cili2_2_1_, movilentit0_.mov_tipo_movil as mov_tipo3_2_1_, facturasen1_.mov_placa as mov_plac5_1_3_, facturasen1_.facId as facId1_1_3_, facturasen1_.facId as facId1_1_0_, facturasen1_.fac_fecha_ingreso as fac_fech2_1_0_, facturasen1_.fac_fecha_salida as fac_fech3_1_0_, facturasen1_.fac_valor as fac_valo4_1_0_, facturasen1_.mov_placa as mov_plac5_1_0_ from movil movilentit0_ left outer join factura facturasen1_ on movilentit0_.mov_placa=facturasen1_.mov_placa where movilentit0_.mov_placa=?
Hibernate: select movilentit0_.mov_placa as mov_plac1_2_1_, movilentit0_.mov_cilindraje as mov_cili2_2_1_, movilentit0_.mov_tipo_movil as mov_tipo3_2_1_, facturasen1_.mov_placa as mov_plac5_1_3_, facturasen1_.facId as facId1_1_3_, facturasen1_.facId as facId1_1_0_, facturasen1_.fac_fecha_ingreso as fac_fech2_1_0_, facturasen1_.fac_fecha_salida as fac_fech3_1_0_, facturasen1_.fac_valor as fac_valo4_1_0_, facturasen1_.mov_placa as mov_plac5_1_0_ from movil movilentit0_ left outer join factura facturasen1_ on movilentit0_.mov_placa=facturasen1_.mov_placa where movilentit0_.mov_placa=?
2019-05-20 14:54:58.679 TRACE 10536 --- [    Test worker] o.h.type.descriptor.sql.BasicBinder      : binding parameter [1] as [VARCHAR] - [SWH-5]
2019-05-20 14:54:58.683 DEBUG 10536 --- [    Test worker] org.hibernate.SQL                        : insert into movil (mov_cilindraje, mov_tipo_movil, mov_placa) values (?, ?, ?)
Hibernate: insert into movil (mov_cilindraje, mov_tipo_movil, mov_placa) values (?, ?, ?)
2019-05-20 14:54:58.683 TRACE 10536 --- [    Test worker] o.h.type.descriptor.sql.BasicBinder      : binding parameter [1] as [DOUBLE] - [150.0]
2019-05-20 14:54:58.683 TRACE 10536 --- [    Test worker] o.h.type.descriptor.sql.BasicBinder      : binding parameter [2] as [VARCHAR] - [MOTO]
2019-05-20 14:54:58.683 TRACE 10536 --- [    Test worker] o.h.type.descriptor.sql.BasicBinder      : binding parameter [3] as [VARCHAR] - [SWH-5]
2019-05-20 14:54:58.687 DEBUG 10536 --- [    Test worker] org.hibernate.SQL                        : select movilentit_.mov_placa, movilentit_.mov_cilindraje as mov_cili2_2_, movilentit_.mov_tipo_movil as mov_tipo3_2_ from movil movilentit_ where movilentit_.mov_placa=?
Hibernate: select movilentit_.mov_placa, movilentit_.mov_cilindraje as mov_cili2_2_, movilentit_.mov_tipo_movil as mov_tipo3_2_ from movil movilentit_ where movilentit_.mov_placa=?
2019-05-20 14:54:58.687 TRACE 10536 --- [    Test worker] o.h.type.descriptor.sql.BasicBinder      : binding parameter [1] as [VARCHAR] - [SWH-5]
2019-05-20 14:54:58.688 TRACE 10536 --- [    Test worker] o.h.type.descriptor.sql.BasicExtractor   : extracted value ([mov_cili2_2_] : [DOUBLE]) - [150.0]
2019-05-20 14:54:58.688 TRACE 10536 --- [    Test worker] o.h.type.descriptor.sql.BasicExtractor   : extracted value ([mov_tipo3_2_] : [VARCHAR]) - [MOTO]
2019-05-20 14:54:58.689 DEBUG 10536 --- [    Test worker] org.hibernate.SQL                        : insert into factura (facId, fac_fecha_ingreso, fac_fecha_salida, fac_valor, mov_placa) values (null, ?, ?, ?, ?)
Hibernate: insert into factura (facId, fac_fecha_ingreso, fac_fecha_salida, fac_valor, mov_placa) values (null, ?, ?, ?, ?)
2019-05-20 14:54:58.689 TRACE 10536 --- [    Test worker] o.h.type.descriptor.sql.BasicBinder      : binding parameter [1] as [TIMESTAMP] - [Mon May 20 14:54:58 COT 2019]
2019-05-20 14:54:58.689 TRACE 10536 --- [    Test worker] o.h.type.descriptor.sql.BasicBinder      : binding parameter [2] as [TIMESTAMP] - [null]
2019-05-20 14:54:58.689 TRACE 10536 --- [    Test worker] o.h.type.descriptor.sql.BasicBinder      : binding parameter [3] as [DOUBLE] - [0.0]
2019-05-20 14:54:58.689 TRACE 10536 --- [    Test worker] o.h.type.descriptor.sql.BasicBinder      : binding parameter [4] as [VARCHAR] - [SWH-5]
2019-05-20 14:54:58.693 DEBUG 10536 --- [    Test worker] org.hibernate.SQL                        : SELECT COUNT(*) FROM factura JOIN movil ON factura.mov_placa = movil.mov_placa WHERE movil.mov_tipo_movil = ? AND factura.fac_fecha_salida IS NULL
Hibernate: SELECT COUNT(*) FROM factura JOIN movil ON factura.mov_placa = movil.mov_placa WHERE movil.mov_tipo_movil = ? AND factura.fac_fecha_salida IS NULL
2019-05-20 14:54:58.694 TRACE 10536 --- [    Test worker] o.h.type.descriptor.sql.BasicBinder      : binding parameter [1] as [VARCHAR] - [MOTO]
2019-05-20 14:54:58.695 TRACE 10536 --- [    Test worker] o.h.type.descriptor.sql.BasicExtractor   : extracted value ([COUNT(*)] : [NUMERIC]) - [6]
2019-05-20 14:54:58.697 DEBUG 10536 --- [    Test worker] org.hibernate.SQL                        : SELECT COUNT(*) FROM factura WHERE mov_placa = ? AND fac_fecha_salida IS NULL
Hibernate: SELECT COUNT(*) FROM factura WHERE mov_placa = ? AND fac_fecha_salida IS NULL
2019-05-20 14:54:58.698 TRACE 10536 --- [    Test worker] o.h.type.descriptor.sql.BasicBinder      : binding parameter [1] as [VARCHAR] - [SWH-6]
2019-05-20 14:54:58.699 TRACE 10536 --- [    Test worker] o.h.type.descriptor.sql.BasicExtractor   : extracted value ([COUNT(*)] : [NUMERIC]) - [0]
2019-05-20 14:54:58.703 DEBUG 10536 --- [    Test worker] org.hibernate.SQL                        : select movilentit0_.mov_placa as mov_plac1_2_0_, movilentit0_.mov_cilindraje as mov_cili2_2_0_, movilentit0_.mov_tipo_movil as mov_tipo3_2_0_ from movil movilentit0_ where movilentit0_.mov_placa=?
Hibernate: select movilentit0_.mov_placa as mov_plac1_2_0_, movilentit0_.mov_cilindraje as mov_cili2_2_0_, movilentit0_.mov_tipo_movil as mov_tipo3_2_0_ from movil movilentit0_ where movilentit0_.mov_placa=?
2019-05-20 14:54:58.704 TRACE 10536 --- [    Test worker] o.h.type.descriptor.sql.BasicBinder      : binding parameter [1] as [VARCHAR] - [SWH-6]
2019-05-20 14:54:58.707 DEBUG 10536 --- [    Test worker] org.hibernate.SQL                        : select movilentit0_.mov_placa as mov_plac1_2_1_, movilentit0_.mov_cilindraje as mov_cili2_2_1_, movilentit0_.mov_tipo_movil as mov_tipo3_2_1_, facturasen1_.mov_placa as mov_plac5_1_3_, facturasen1_.facId as facId1_1_3_, facturasen1_.facId as facId1_1_0_, facturasen1_.fac_fecha_ingreso as fac_fech2_1_0_, facturasen1_.fac_fecha_salida as fac_fech3_1_0_, facturasen1_.fac_valor as fac_valo4_1_0_, facturasen1_.mov_placa as mov_plac5_1_0_ from movil movilentit0_ left outer join factura facturasen1_ on movilentit0_.mov_placa=facturasen1_.mov_placa where movilentit0_.mov_placa=?
Hibernate: select movilentit0_.mov_placa as mov_plac1_2_1_, movilentit0_.mov_cilindraje as mov_cili2_2_1_, movilentit0_.mov_tipo_movil as mov_tipo3_2_1_, facturasen1_.mov_placa as mov_plac5_1_3_, facturasen1_.facId as facId1_1_3_, facturasen1_.facId as facId1_1_0_, facturasen1_.fac_fecha_ingreso as fac_fech2_1_0_, facturasen1_.fac_fecha_salida as fac_fech3_1_0_, facturasen1_.fac_valor as fac_valo4_1_0_, facturasen1_.mov_placa as mov_plac5_1_0_ from movil movilentit0_ left outer join factura facturasen1_ on movilentit0_.mov_placa=facturasen1_.mov_placa where movilentit0_.mov_placa=?
2019-05-20 14:54:58.708 TRACE 10536 --- [    Test worker] o.h.type.descriptor.sql.BasicBinder      : binding parameter [1] as [VARCHAR] - [SWH-6]
2019-05-20 14:54:58.711 DEBUG 10536 --- [    Test worker] org.hibernate.SQL                        : insert into movil (mov_cilindraje, mov_tipo_movil, mov_placa) values (?, ?, ?)
Hibernate: insert into movil (mov_cilindraje, mov_tipo_movil, mov_placa) values (?, ?, ?)
2019-05-20 14:54:58.711 TRACE 10536 --- [    Test worker] o.h.type.descriptor.sql.BasicBinder      : binding parameter [1] as [DOUBLE] - [150.0]
2019-05-20 14:54:58.711 TRACE 10536 --- [    Test worker] o.h.type.descriptor.sql.BasicBinder      : binding parameter [2] as [VARCHAR] - [MOTO]
2019-05-20 14:54:58.711 TRACE 10536 --- [    Test worker] o.h.type.descriptor.sql.BasicBinder      : binding parameter [3] as [VARCHAR] - [SWH-6]
2019-05-20 14:54:58.714 DEBUG 10536 --- [    Test worker] org.hibernate.SQL                        : select movilentit_.mov_placa, movilentit_.mov_cilindraje as mov_cili2_2_, movilentit_.mov_tipo_movil as mov_tipo3_2_ from movil movilentit_ where movilentit_.mov_placa=?
Hibernate: select movilentit_.mov_placa, movilentit_.mov_cilindraje as mov_cili2_2_, movilentit_.mov_tipo_movil as mov_tipo3_2_ from movil movilentit_ where movilentit_.mov_placa=?
2019-05-20 14:54:58.716 TRACE 10536 --- [    Test worker] o.h.type.descriptor.sql.BasicBinder      : binding parameter [1] as [VARCHAR] - [SWH-6]
2019-05-20 14:54:58.716 TRACE 10536 --- [    Test worker] o.h.type.descriptor.sql.BasicExtractor   : extracted value ([mov_cili2_2_] : [DOUBLE]) - [150.0]
2019-05-20 14:54:58.716 TRACE 10536 --- [    Test worker] o.h.type.descriptor.sql.BasicExtractor   : extracted value ([mov_tipo3_2_] : [VARCHAR]) - [MOTO]
2019-05-20 14:54:58.717 DEBUG 10536 --- [    Test worker] org.hibernate.SQL                        : insert into factura (facId, fac_fecha_ingreso, fac_fecha_salida, fac_valor, mov_placa) values (null, ?, ?, ?, ?)
Hibernate: insert into factura (facId, fac_fecha_ingreso, fac_fecha_salida, fac_valor, mov_placa) values (null, ?, ?, ?, ?)
2019-05-20 14:54:58.718 TRACE 10536 --- [    Test worker] o.h.type.descriptor.sql.BasicBinder      : binding parameter [1] as [TIMESTAMP] - [Mon May 20 14:54:58 COT 2019]
2019-05-20 14:54:58.718 TRACE 10536 --- [    Test worker] o.h.type.descriptor.sql.BasicBinder      : binding parameter [2] as [TIMESTAMP] - [null]
2019-05-20 14:54:58.718 TRACE 10536 --- [    Test worker] o.h.type.descriptor.sql.BasicBinder      : binding parameter [3] as [DOUBLE] - [0.0]
2019-05-20 14:54:58.718 TRACE 10536 --- [    Test worker] o.h.type.descriptor.sql.BasicBinder      : binding parameter [4] as [VARCHAR] - [SWH-6]
2019-05-20 14:54:58.722 DEBUG 10536 --- [    Test worker] org.hibernate.SQL                        : SELECT COUNT(*) FROM factura JOIN movil ON factura.mov_placa = movil.mov_placa WHERE movil.mov_tipo_movil = ? AND factura.fac_fecha_salida IS NULL
Hibernate: SELECT COUNT(*) FROM factura JOIN movil ON factura.mov_placa = movil.mov_placa WHERE movil.mov_tipo_movil = ? AND factura.fac_fecha_salida IS NULL
2019-05-20 14:54:58.723 TRACE 10536 --- [    Test worker] o.h.type.descriptor.sql.BasicBinder      : binding parameter [1] as [VARCHAR] - [MOTO]
2019-05-20 14:54:58.724 TRACE 10536 --- [    Test worker] o.h.type.descriptor.sql.BasicExtractor   : extracted value ([COUNT(*)] : [NUMERIC]) - [7]
2019-05-20 14:54:58.726 DEBUG 10536 --- [    Test worker] org.hibernate.SQL                        : SELECT COUNT(*) FROM factura WHERE mov_placa = ? AND fac_fecha_salida IS NULL
Hibernate: SELECT COUNT(*) FROM factura WHERE mov_placa = ? AND fac_fecha_salida IS NULL
2019-05-20 14:54:58.727 TRACE 10536 --- [    Test worker] o.h.type.descriptor.sql.BasicBinder      : binding parameter [1] as [VARCHAR] - [SWH-7]
2019-05-20 14:54:58.728 TRACE 10536 --- [    Test worker] o.h.type.descriptor.sql.BasicExtractor   : extracted value ([COUNT(*)] : [NUMERIC]) - [0]
2019-05-20 14:54:58.729 DEBUG 10536 --- [    Test worker] org.hibernate.SQL                        : select movilentit0_.mov_placa as mov_plac1_2_0_, movilentit0_.mov_cilindraje as mov_cili2_2_0_, movilentit0_.mov_tipo_movil as mov_tipo3_2_0_ from movil movilentit0_ where movilentit0_.mov_placa=?
Hibernate: select movilentit0_.mov_placa as mov_plac1_2_0_, movilentit0_.mov_cilindraje as mov_cili2_2_0_, movilentit0_.mov_tipo_movil as mov_tipo3_2_0_ from movil movilentit0_ where movilentit0_.mov_placa=?
2019-05-20 14:54:58.731 TRACE 10536 --- [    Test worker] o.h.type.descriptor.sql.BasicBinder      : binding parameter [1] as [VARCHAR] - [SWH-7]
2019-05-20 14:54:58.734 DEBUG 10536 --- [    Test worker] org.hibernate.SQL                        : select movilentit0_.mov_placa as mov_plac1_2_1_, movilentit0_.mov_cilindraje as mov_cili2_2_1_, movilentit0_.mov_tipo_movil as mov_tipo3_2_1_, facturasen1_.mov_placa as mov_plac5_1_3_, facturasen1_.facId as facId1_1_3_, facturasen1_.facId as facId1_1_0_, facturasen1_.fac_fecha_ingreso as fac_fech2_1_0_, facturasen1_.fac_fecha_salida as fac_fech3_1_0_, facturasen1_.fac_valor as fac_valo4_1_0_, facturasen1_.mov_placa as mov_plac5_1_0_ from movil movilentit0_ left outer join factura facturasen1_ on movilentit0_.mov_placa=facturasen1_.mov_placa where movilentit0_.mov_placa=?
Hibernate: select movilentit0_.mov_placa as mov_plac1_2_1_, movilentit0_.mov_cilindraje as mov_cili2_2_1_, movilentit0_.mov_tipo_movil as mov_tipo3_2_1_, facturasen1_.mov_placa as mov_plac5_1_3_, facturasen1_.facId as facId1_1_3_, facturasen1_.facId as facId1_1_0_, facturasen1_.fac_fecha_ingreso as fac_fech2_1_0_, facturasen1_.fac_fecha_salida as fac_fech3_1_0_, facturasen1_.fac_valor as fac_valo4_1_0_, facturasen1_.mov_placa as mov_plac5_1_0_ from movil movilentit0_ left outer join factura facturasen1_ on movilentit0_.mov_placa=facturasen1_.mov_placa where movilentit0_.mov_placa=?
2019-05-20 14:54:58.735 TRACE 10536 --- [    Test worker] o.h.type.descriptor.sql.BasicBinder      : binding parameter [1] as [VARCHAR] - [SWH-7]
2019-05-20 14:54:58.737 DEBUG 10536 --- [    Test worker] org.hibernate.SQL                        : insert into movil (mov_cilindraje, mov_tipo_movil, mov_placa) values (?, ?, ?)
Hibernate: insert into movil (mov_cilindraje, mov_tipo_movil, mov_placa) values (?, ?, ?)
2019-05-20 14:54:58.737 TRACE 10536 --- [    Test worker] o.h.type.descriptor.sql.BasicBinder      : binding parameter [1] as [DOUBLE] - [150.0]
2019-05-20 14:54:58.737 TRACE 10536 --- [    Test worker] o.h.type.descriptor.sql.BasicBinder      : binding parameter [2] as [VARCHAR] - [MOTO]
2019-05-20 14:54:58.737 TRACE 10536 --- [    Test worker] o.h.type.descriptor.sql.BasicBinder      : binding parameter [3] as [VARCHAR] - [SWH-7]
2019-05-20 14:54:58.740 DEBUG 10536 --- [    Test worker] org.hibernate.SQL                        : select movilentit_.mov_placa, movilentit_.mov_cilindraje as mov_cili2_2_, movilentit_.mov_tipo_movil as mov_tipo3_2_ from movil movilentit_ where movilentit_.mov_placa=?
Hibernate: select movilentit_.mov_placa, movilentit_.mov_cilindraje as mov_cili2_2_, movilentit_.mov_tipo_movil as mov_tipo3_2_ from movil movilentit_ where movilentit_.mov_placa=?
2019-05-20 14:54:58.741 TRACE 10536 --- [    Test worker] o.h.type.descriptor.sql.BasicBinder      : binding parameter [1] as [VARCHAR] - [SWH-7]
2019-05-20 14:54:58.741 TRACE 10536 --- [    Test worker] o.h.type.descriptor.sql.BasicExtractor   : extracted value ([mov_cili2_2_] : [DOUBLE]) - [150.0]
2019-05-20 14:54:58.742 TRACE 10536 --- [    Test worker] o.h.type.descriptor.sql.BasicExtractor   : extracted value ([mov_tipo3_2_] : [VARCHAR]) - [MOTO]
2019-05-20 14:54:58.743 DEBUG 10536 --- [    Test worker] org.hibernate.SQL                        : insert into factura (facId, fac_fecha_ingreso, fac_fecha_salida, fac_valor, mov_placa) values (null, ?, ?, ?, ?)
Hibernate: insert into factura (facId, fac_fecha_ingreso, fac_fecha_salida, fac_valor, mov_placa) values (null, ?, ?, ?, ?)
2019-05-20 14:54:58.743 TRACE 10536 --- [    Test worker] o.h.type.descriptor.sql.BasicBinder      : binding parameter [1] as [TIMESTAMP] - [Mon May 20 14:54:58 COT 2019]
2019-05-20 14:54:58.745 TRACE 10536 --- [    Test worker] o.h.type.descriptor.sql.BasicBinder      : binding parameter [2] as [TIMESTAMP] - [null]
2019-05-20 14:54:58.746 TRACE 10536 --- [    Test worker] o.h.type.descriptor.sql.BasicBinder      : binding parameter [3] as [DOUBLE] - [0.0]
2019-05-20 14:54:58.746 TRACE 10536 --- [    Test worker] o.h.type.descriptor.sql.BasicBinder      : binding parameter [4] as [VARCHAR] - [SWH-7]
2019-05-20 14:54:58.749 DEBUG 10536 --- [    Test worker] org.hibernate.SQL                        : SELECT COUNT(*) FROM factura JOIN movil ON factura.mov_placa = movil.mov_placa WHERE movil.mov_tipo_movil = ? AND factura.fac_fecha_salida IS NULL
Hibernate: SELECT COUNT(*) FROM factura JOIN movil ON factura.mov_placa = movil.mov_placa WHERE movil.mov_tipo_movil = ? AND factura.fac_fecha_salida IS NULL
2019-05-20 14:54:58.752 TRACE 10536 --- [    Test worker] o.h.type.descriptor.sql.BasicBinder      : binding parameter [1] as [VARCHAR] - [MOTO]
2019-05-20 14:54:58.753 TRACE 10536 --- [    Test worker] o.h.type.descriptor.sql.BasicExtractor   : extracted value ([COUNT(*)] : [NUMERIC]) - [8]
2019-05-20 14:54:58.755 DEBUG 10536 --- [    Test worker] org.hibernate.SQL                        : SELECT COUNT(*) FROM factura WHERE mov_placa = ? AND fac_fecha_salida IS NULL
Hibernate: SELECT COUNT(*) FROM factura WHERE mov_placa = ? AND fac_fecha_salida IS NULL
2019-05-20 14:54:58.760 TRACE 10536 --- [    Test worker] o.h.type.descriptor.sql.BasicBinder      : binding parameter [1] as [VARCHAR] - [SWH-8]
2019-05-20 14:54:58.761 TRACE 10536 --- [    Test worker] o.h.type.descriptor.sql.BasicExtractor   : extracted value ([COUNT(*)] : [NUMERIC]) - [0]
2019-05-20 14:54:58.763 DEBUG 10536 --- [    Test worker] org.hibernate.SQL                        : select movilentit0_.mov_placa as mov_plac1_2_0_, movilentit0_.mov_cilindraje as mov_cili2_2_0_, movilentit0_.mov_tipo_movil as mov_tipo3_2_0_ from movil movilentit0_ where movilentit0_.mov_placa=?
Hibernate: select movilentit0_.mov_placa as mov_plac1_2_0_, movilentit0_.mov_cilindraje as mov_cili2_2_0_, movilentit0_.mov_tipo_movil as mov_tipo3_2_0_ from movil movilentit0_ where movilentit0_.mov_placa=?
2019-05-20 14:54:58.765 TRACE 10536 --- [    Test worker] o.h.type.descriptor.sql.BasicBinder      : binding parameter [1] as [VARCHAR] - [SWH-8]
2019-05-20 14:54:58.768 DEBUG 10536 --- [    Test worker] org.hibernate.SQL                        : select movilentit0_.mov_placa as mov_plac1_2_1_, movilentit0_.mov_cilindraje as mov_cili2_2_1_, movilentit0_.mov_tipo_movil as mov_tipo3_2_1_, facturasen1_.mov_placa as mov_plac5_1_3_, facturasen1_.facId as facId1_1_3_, facturasen1_.facId as facId1_1_0_, facturasen1_.fac_fecha_ingreso as fac_fech2_1_0_, facturasen1_.fac_fecha_salida as fac_fech3_1_0_, facturasen1_.fac_valor as fac_valo4_1_0_, facturasen1_.mov_placa as mov_plac5_1_0_ from movil movilentit0_ left outer join factura facturasen1_ on movilentit0_.mov_placa=facturasen1_.mov_placa where movilentit0_.mov_placa=?
Hibernate: select movilentit0_.mov_placa as mov_plac1_2_1_, movilentit0_.mov_cilindraje as mov_cili2_2_1_, movilentit0_.mov_tipo_movil as mov_tipo3_2_1_, facturasen1_.mov_placa as mov_plac5_1_3_, facturasen1_.facId as facId1_1_3_, facturasen1_.facId as facId1_1_0_, facturasen1_.fac_fecha_ingreso as fac_fech2_1_0_, facturasen1_.fac_fecha_salida as fac_fech3_1_0_, facturasen1_.fac_valor as fac_valo4_1_0_, facturasen1_.mov_placa as mov_plac5_1_0_ from movil movilentit0_ left outer join factura facturasen1_ on movilentit0_.mov_placa=facturasen1_.mov_placa where movilentit0_.mov_placa=?
2019-05-20 14:54:58.769 TRACE 10536 --- [    Test worker] o.h.type.descriptor.sql.BasicBinder      : binding parameter [1] as [VARCHAR] - [SWH-8]
2019-05-20 14:54:58.773 DEBUG 10536 --- [    Test worker] org.hibernate.SQL                        : insert into movil (mov_cilindraje, mov_tipo_movil, mov_placa) values (?, ?, ?)
Hibernate: insert into movil (mov_cilindraje, mov_tipo_movil, mov_placa) values (?, ?, ?)
2019-05-20 14:54:58.773 TRACE 10536 --- [    Test worker] o.h.type.descriptor.sql.BasicBinder      : binding parameter [1] as [DOUBLE] - [150.0]
2019-05-20 14:54:58.773 TRACE 10536 --- [    Test worker] o.h.type.descriptor.sql.BasicBinder      : binding parameter [2] as [VARCHAR] - [MOTO]
2019-05-20 14:54:58.773 TRACE 10536 --- [    Test worker] o.h.type.descriptor.sql.BasicBinder      : binding parameter [3] as [VARCHAR] - [SWH-8]
2019-05-20 14:54:58.775 DEBUG 10536 --- [    Test worker] org.hibernate.SQL                        : select movilentit_.mov_placa, movilentit_.mov_cilindraje as mov_cili2_2_, movilentit_.mov_tipo_movil as mov_tipo3_2_ from movil movilentit_ where movilentit_.mov_placa=?
Hibernate: select movilentit_.mov_placa, movilentit_.mov_cilindraje as mov_cili2_2_, movilentit_.mov_tipo_movil as mov_tipo3_2_ from movil movilentit_ where movilentit_.mov_placa=?
2019-05-20 14:54:58.776 TRACE 10536 --- [    Test worker] o.h.type.descriptor.sql.BasicBinder      : binding parameter [1] as [VARCHAR] - [SWH-8]
2019-05-20 14:54:58.776 TRACE 10536 --- [    Test worker] o.h.type.descriptor.sql.BasicExtractor   : extracted value ([mov_cili2_2_] : [DOUBLE]) - [150.0]
2019-05-20 14:54:58.776 TRACE 10536 --- [    Test worker] o.h.type.descriptor.sql.BasicExtractor   : extracted value ([mov_tipo3_2_] : [VARCHAR]) - [MOTO]
2019-05-20 14:54:58.777 DEBUG 10536 --- [    Test worker] org.hibernate.SQL                        : insert into factura (facId, fac_fecha_ingreso, fac_fecha_salida, fac_valor, mov_placa) values (null, ?, ?, ?, ?)
Hibernate: insert into factura (facId, fac_fecha_ingreso, fac_fecha_salida, fac_valor, mov_placa) values (null, ?, ?, ?, ?)
2019-05-20 14:54:58.777 TRACE 10536 --- [    Test worker] o.h.type.descriptor.sql.BasicBinder      : binding parameter [1] as [TIMESTAMP] - [Mon May 20 14:54:58 COT 2019]
2019-05-20 14:54:58.777 TRACE 10536 --- [    Test worker] o.h.type.descriptor.sql.BasicBinder      : binding parameter [2] as [TIMESTAMP] - [null]
2019-05-20 14:54:58.778 TRACE 10536 --- [    Test worker] o.h.type.descriptor.sql.BasicBinder      : binding parameter [3] as [DOUBLE] - [0.0]
2019-05-20 14:54:58.778 TRACE 10536 --- [    Test worker] o.h.type.descriptor.sql.BasicBinder      : binding parameter [4] as [VARCHAR] - [SWH-8]
2019-05-20 14:54:58.781 DEBUG 10536 --- [    Test worker] org.hibernate.SQL                        : SELECT COUNT(*) FROM factura JOIN movil ON factura.mov_placa = movil.mov_placa WHERE movil.mov_tipo_movil = ? AND factura.fac_fecha_salida IS NULL
Hibernate: SELECT COUNT(*) FROM factura JOIN movil ON factura.mov_placa = movil.mov_placa WHERE movil.mov_tipo_movil = ? AND factura.fac_fecha_salida IS NULL
2019-05-20 14:54:58.782 TRACE 10536 --- [    Test worker] o.h.type.descriptor.sql.BasicBinder      : binding parameter [1] as [VARCHAR] - [MOTO]
2019-05-20 14:54:58.783 TRACE 10536 --- [    Test worker] o.h.type.descriptor.sql.BasicExtractor   : extracted value ([COUNT(*)] : [NUMERIC]) - [9]
2019-05-20 14:54:58.784 DEBUG 10536 --- [    Test worker] org.hibernate.SQL                        : SELECT COUNT(*) FROM factura WHERE mov_placa = ? AND fac_fecha_salida IS NULL
Hibernate: SELECT COUNT(*) FROM factura WHERE mov_placa = ? AND fac_fecha_salida IS NULL
2019-05-20 14:54:58.786 TRACE 10536 --- [    Test worker] o.h.type.descriptor.sql.BasicBinder      : binding parameter [1] as [VARCHAR] - [SWH-9]
2019-05-20 14:54:58.786 TRACE 10536 --- [    Test worker] o.h.type.descriptor.sql.BasicExtractor   : extracted value ([COUNT(*)] : [NUMERIC]) - [0]
2019-05-20 14:54:58.788 DEBUG 10536 --- [    Test worker] org.hibernate.SQL                        : select movilentit0_.mov_placa as mov_plac1_2_0_, movilentit0_.mov_cilindraje as mov_cili2_2_0_, movilentit0_.mov_tipo_movil as mov_tipo3_2_0_ from movil movilentit0_ where movilentit0_.mov_placa=?
Hibernate: select movilentit0_.mov_placa as mov_plac1_2_0_, movilentit0_.mov_cilindraje as mov_cili2_2_0_, movilentit0_.mov_tipo_movil as mov_tipo3_2_0_ from movil movilentit0_ where movilentit0_.mov_placa=?
2019-05-20 14:54:58.790 TRACE 10536 --- [    Test worker] o.h.type.descriptor.sql.BasicBinder      : binding parameter [1] as [VARCHAR] - [SWH-9]
2019-05-20 14:54:58.793 DEBUG 10536 --- [    Test worker] org.hibernate.SQL                        : select movilentit0_.mov_placa as mov_plac1_2_1_, movilentit0_.mov_cilindraje as mov_cili2_2_1_, movilentit0_.mov_tipo_movil as mov_tipo3_2_1_, facturasen1_.mov_placa as mov_plac5_1_3_, facturasen1_.facId as facId1_1_3_, facturasen1_.facId as facId1_1_0_, facturasen1_.fac_fecha_ingreso as fac_fech2_1_0_, facturasen1_.fac_fecha_salida as fac_fech3_1_0_, facturasen1_.fac_valor as fac_valo4_1_0_, facturasen1_.mov_placa as mov_plac5_1_0_ from movil movilentit0_ left outer join factura facturasen1_ on movilentit0_.mov_placa=facturasen1_.mov_placa where movilentit0_.mov_placa=?
Hibernate: select movilentit0_.mov_placa as mov_plac1_2_1_, movilentit0_.mov_cilindraje as mov_cili2_2_1_, movilentit0_.mov_tipo_movil as mov_tipo3_2_1_, facturasen1_.mov_placa as mov_plac5_1_3_, facturasen1_.facId as facId1_1_3_, facturasen1_.facId as facId1_1_0_, facturasen1_.fac_fecha_ingreso as fac_fech2_1_0_, facturasen1_.fac_fecha_salida as fac_fech3_1_0_, facturasen1_.fac_valor as fac_valo4_1_0_, facturasen1_.mov_placa as mov_plac5_1_0_ from movil movilentit0_ left outer join factura facturasen1_ on movilentit0_.mov_placa=facturasen1_.mov_placa where movilentit0_.mov_placa=?
2019-05-20 14:54:58.794 TRACE 10536 --- [    Test worker] o.h.type.descriptor.sql.BasicBinder      : binding parameter [1] as [VARCHAR] - [SWH-9]
2019-05-20 14:54:58.796 DEBUG 10536 --- [    Test worker] org.hibernate.SQL                        : insert into movil (mov_cilindraje, mov_tipo_movil, mov_placa) values (?, ?, ?)
Hibernate: insert into movil (mov_cilindraje, mov_tipo_movil, mov_placa) values (?, ?, ?)
2019-05-20 14:54:58.796 TRACE 10536 --- [    Test worker] o.h.type.descriptor.sql.BasicBinder      : binding parameter [1] as [DOUBLE] - [150.0]
2019-05-20 14:54:58.796 TRACE 10536 --- [    Test worker] o.h.type.descriptor.sql.BasicBinder      : binding parameter [2] as [VARCHAR] - [MOTO]
2019-05-20 14:54:58.796 TRACE 10536 --- [    Test worker] o.h.type.descriptor.sql.BasicBinder      : binding parameter [3] as [VARCHAR] - [SWH-9]
2019-05-20 14:54:58.799 DEBUG 10536 --- [    Test worker] org.hibernate.SQL                        : select movilentit_.mov_placa, movilentit_.mov_cilindraje as mov_cili2_2_, movilentit_.mov_tipo_movil as mov_tipo3_2_ from movil movilentit_ where movilentit_.mov_placa=?
Hibernate: select movilentit_.mov_placa, movilentit_.mov_cilindraje as mov_cili2_2_, movilentit_.mov_tipo_movil as mov_tipo3_2_ from movil movilentit_ where movilentit_.mov_placa=?
2019-05-20 14:54:58.799 TRACE 10536 --- [    Test worker] o.h.type.descriptor.sql.BasicBinder      : binding parameter [1] as [VARCHAR] - [SWH-9]
2019-05-20 14:54:58.800 TRACE 10536 --- [    Test worker] o.h.type.descriptor.sql.BasicExtractor   : extracted value ([mov_cili2_2_] : [DOUBLE]) - [150.0]
2019-05-20 14:54:58.800 TRACE 10536 --- [    Test worker] o.h.type.descriptor.sql.BasicExtractor   : extracted value ([mov_tipo3_2_] : [VARCHAR]) - [MOTO]
2019-05-20 14:54:58.801 DEBUG 10536 --- [    Test worker] org.hibernate.SQL                        : insert into factura (facId, fac_fecha_ingreso, fac_fecha_salida, fac_valor, mov_placa) values (null, ?, ?, ?, ?)
Hibernate: insert into factura (facId, fac_fecha_ingreso, fac_fecha_salida, fac_valor, mov_placa) values (null, ?, ?, ?, ?)
2019-05-20 14:54:58.801 TRACE 10536 --- [    Test worker] o.h.type.descriptor.sql.BasicBinder      : binding parameter [1] as [TIMESTAMP] - [Mon May 20 14:54:58 COT 2019]
2019-05-20 14:54:58.801 TRACE 10536 --- [    Test worker] o.h.type.descriptor.sql.BasicBinder      : binding parameter [2] as [TIMESTAMP] - [null]
2019-05-20 14:54:58.801 TRACE 10536 --- [    Test worker] o.h.type.descriptor.sql.BasicBinder      : binding parameter [3] as [DOUBLE] - [0.0]
2019-05-20 14:54:58.801 TRACE 10536 --- [    Test worker] o.h.type.descriptor.sql.BasicBinder      : binding parameter [4] as [VARCHAR] - [SWH-9]
2019-05-20 14:54:58.804 DEBUG 10536 --- [    Test worker] org.hibernate.SQL                        : SELECT COUNT(*) FROM factura JOIN movil ON factura.mov_placa = movil.mov_placa WHERE movil.mov_tipo_movil = ? AND factura.fac_fecha_salida IS NULL
Hibernate: SELECT COUNT(*) FROM factura JOIN movil ON factura.mov_placa = movil.mov_placa WHERE movil.mov_tipo_movil = ? AND factura.fac_fecha_salida IS NULL
2019-05-20 14:54:58.805 TRACE 10536 --- [    Test worker] o.h.type.descriptor.sql.BasicBinder      : binding parameter [1] as [VARCHAR] - [MOTO]
2019-05-20 14:54:58.806 TRACE 10536 --- [    Test worker] o.h.type.descriptor.sql.BasicExtractor   : extracted value ([COUNT(*)] : [NUMERIC]) - [10]
2019-05-20 14:54:58.812 DEBUG 10536 --- [    Test worker] org.hibernate.SQL                        : SELECT COUNT(*) FROM factura JOIN movil ON factura.mov_placa = movil.mov_placa WHERE movil.mov_tipo_movil = ? AND factura.fac_fecha_salida IS NULL
Hibernate: SELECT COUNT(*) FROM factura JOIN movil ON factura.mov_placa = movil.mov_placa WHERE movil.mov_tipo_movil = ? AND factura.fac_fecha_salida IS NULL
2019-05-20 14:54:58.813 TRACE 10536 --- [    Test worker] o.h.type.descriptor.sql.BasicBinder      : binding parameter [1] as [VARCHAR] - [CARRO]
2019-05-20 14:54:58.814 TRACE 10536 --- [    Test worker] o.h.type.descriptor.sql.BasicExtractor   : extracted value ([COUNT(*)] : [NUMERIC]) - [0]
2019-05-20 14:54:58.817 DEBUG 10536 --- [    Test worker] org.hibernate.SQL                        : SELECT COUNT(*) FROM factura WHERE mov_placa = ? AND fac_fecha_salida IS NULL
Hibernate: SELECT COUNT(*) FROM factura WHERE mov_placa = ? AND fac_fecha_salida IS NULL
2019-05-20 14:54:58.818 TRACE 10536 --- [    Test worker] o.h.type.descriptor.sql.BasicBinder      : binding parameter [1] as [VARCHAR] - [VBN-0]
2019-05-20 14:54:58.819 TRACE 10536 --- [    Test worker] o.h.type.descriptor.sql.BasicExtractor   : extracted value ([COUNT(*)] : [NUMERIC]) - [0]
2019-05-20 14:54:58.823 DEBUG 10536 --- [    Test worker] org.hibernate.SQL                        : select movilentit0_.mov_placa as mov_plac1_2_0_, movilentit0_.mov_cilindraje as mov_cili2_2_0_, movilentit0_.mov_tipo_movil as mov_tipo3_2_0_ from movil movilentit0_ where movilentit0_.mov_placa=?
Hibernate: select movilentit0_.mov_placa as mov_plac1_2_0_, movilentit0_.mov_cilindraje as mov_cili2_2_0_, movilentit0_.mov_tipo_movil as mov_tipo3_2_0_ from movil movilentit0_ where movilentit0_.mov_placa=?
2019-05-20 14:54:58.824 TRACE 10536 --- [    Test worker] o.h.type.descriptor.sql.BasicBinder      : binding parameter [1] as [VARCHAR] - [VBN-0]
2019-05-20 14:54:58.837 DEBUG 10536 --- [    Test worker] org.hibernate.SQL                        : select movilentit0_.mov_placa as mov_plac1_2_1_, movilentit0_.mov_cilindraje as mov_cili2_2_1_, movilentit0_.mov_tipo_movil as mov_tipo3_2_1_, facturasen1_.mov_placa as mov_plac5_1_3_, facturasen1_.facId as facId1_1_3_, facturasen1_.facId as facId1_1_0_, facturasen1_.fac_fecha_ingreso as fac_fech2_1_0_, facturasen1_.fac_fecha_salida as fac_fech3_1_0_, facturasen1_.fac_valor as fac_valo4_1_0_, facturasen1_.mov_placa as mov_plac5_1_0_ from movil movilentit0_ left outer join factura facturasen1_ on movilentit0_.mov_placa=facturasen1_.mov_placa where movilentit0_.mov_placa=?
Hibernate: select movilentit0_.mov_placa as mov_plac1_2_1_, movilentit0_.mov_cilindraje as mov_cili2_2_1_, movilentit0_.mov_tipo_movil as mov_tipo3_2_1_, facturasen1_.mov_placa as mov_plac5_1_3_, facturasen1_.facId as facId1_1_3_, facturasen1_.facId as facId1_1_0_, facturasen1_.fac_fecha_ingreso as fac_fech2_1_0_, facturasen1_.fac_fecha_salida as fac_fech3_1_0_, facturasen1_.fac_valor as fac_valo4_1_0_, facturasen1_.mov_placa as mov_plac5_1_0_ from movil movilentit0_ left outer join factura facturasen1_ on movilentit0_.mov_placa=facturasen1_.mov_placa where movilentit0_.mov_placa=?
2019-05-20 14:54:58.838 TRACE 10536 --- [    Test worker] o.h.type.descriptor.sql.BasicBinder      : binding parameter [1] as [VARCHAR] - [VBN-0]
2019-05-20 14:54:58.839 DEBUG 10536 --- [    Test worker] org.hibernate.SQL                        : insert into movil (mov_cilindraje, mov_tipo_movil, mov_placa) values (?, ?, ?)
Hibernate: insert into movil (mov_cilindraje, mov_tipo_movil, mov_placa) values (?, ?, ?)
2019-05-20 14:54:58.840 TRACE 10536 --- [    Test worker] o.h.type.descriptor.sql.BasicBinder      : binding parameter [1] as [DOUBLE] - [-1.0]
2019-05-20 14:54:58.841 TRACE 10536 --- [    Test worker] o.h.type.descriptor.sql.BasicBinder      : binding parameter [2] as [VARCHAR] - [CARRO]
2019-05-20 14:54:58.841 TRACE 10536 --- [    Test worker] o.h.type.descriptor.sql.BasicBinder      : binding parameter [3] as [VARCHAR] - [VBN-0]
2019-05-20 14:54:58.845 DEBUG 10536 --- [    Test worker] org.hibernate.SQL                        : select movilentit_.mov_placa, movilentit_.mov_cilindraje as mov_cili2_2_, movilentit_.mov_tipo_movil as mov_tipo3_2_ from movil movilentit_ where movilentit_.mov_placa=?
Hibernate: select movilentit_.mov_placa, movilentit_.mov_cilindraje as mov_cili2_2_, movilentit_.mov_tipo_movil as mov_tipo3_2_ from movil movilentit_ where movilentit_.mov_placa=?
2019-05-20 14:54:58.846 TRACE 10536 --- [    Test worker] o.h.type.descriptor.sql.BasicBinder      : binding parameter [1] as [VARCHAR] - [VBN-0]
2019-05-20 14:54:58.847 TRACE 10536 --- [    Test worker] o.h.type.descriptor.sql.BasicExtractor   : extracted value ([mov_cili2_2_] : [DOUBLE]) - [-1.0]
2019-05-20 14:54:58.849 TRACE 10536 --- [    Test worker] o.h.type.descriptor.sql.BasicExtractor   : extracted value ([mov_tipo3_2_] : [VARCHAR]) - [CARRO]
2019-05-20 14:54:58.853 DEBUG 10536 --- [    Test worker] org.hibernate.SQL                        : insert into factura (facId, fac_fecha_ingreso, fac_fecha_salida, fac_valor, mov_placa) values (null, ?, ?, ?, ?)
Hibernate: insert into factura (facId, fac_fecha_ingreso, fac_fecha_salida, fac_valor, mov_placa) values (null, ?, ?, ?, ?)
2019-05-20 14:54:58.854 TRACE 10536 --- [    Test worker] o.h.type.descriptor.sql.BasicBinder      : binding parameter [1] as [TIMESTAMP] - [Mon May 20 14:54:58 COT 2019]
2019-05-20 14:54:58.854 TRACE 10536 --- [    Test worker] o.h.type.descriptor.sql.BasicBinder      : binding parameter [2] as [TIMESTAMP] - [null]
2019-05-20 14:54:58.854 TRACE 10536 --- [    Test worker] o.h.type.descriptor.sql.BasicBinder      : binding parameter [3] as [DOUBLE] - [0.0]
2019-05-20 14:54:58.855 TRACE 10536 --- [    Test worker] o.h.type.descriptor.sql.BasicBinder      : binding parameter [4] as [VARCHAR] - [VBN-0]
2019-05-20 14:54:58.864 DEBUG 10536 --- [    Test worker] org.hibernate.SQL                        : SELECT COUNT(*) FROM factura JOIN movil ON factura.mov_placa = movil.mov_placa WHERE movil.mov_tipo_movil = ? AND factura.fac_fecha_salida IS NULL
Hibernate: SELECT COUNT(*) FROM factura JOIN movil ON factura.mov_placa = movil.mov_placa WHERE movil.mov_tipo_movil = ? AND factura.fac_fecha_salida IS NULL
2019-05-20 14:54:58.866 TRACE 10536 --- [    Test worker] o.h.type.descriptor.sql.BasicBinder      : binding parameter [1] as [VARCHAR] - [CARRO]
2019-05-20 14:54:58.867 TRACE 10536 --- [    Test worker] o.h.type.descriptor.sql.BasicExtractor   : extracted value ([COUNT(*)] : [NUMERIC]) - [1]
2019-05-20 14:54:58.869 DEBUG 10536 --- [    Test worker] org.hibernate.SQL                        : SELECT COUNT(*) FROM factura WHERE mov_placa = ? AND fac_fecha_salida IS NULL
Hibernate: SELECT COUNT(*) FROM factura WHERE mov_placa = ? AND fac_fecha_salida IS NULL
2019-05-20 14:54:58.871 TRACE 10536 --- [    Test worker] o.h.type.descriptor.sql.BasicBinder      : binding parameter [1] as [VARCHAR] - [VBN-1]
2019-05-20 14:54:58.872 TRACE 10536 --- [    Test worker] o.h.type.descriptor.sql.BasicExtractor   : extracted value ([COUNT(*)] : [NUMERIC]) - [0]
2019-05-20 14:54:58.874 DEBUG 10536 --- [    Test worker] org.hibernate.SQL                        : select movilentit0_.mov_placa as mov_plac1_2_0_, movilentit0_.mov_cilindraje as mov_cili2_2_0_, movilentit0_.mov_tipo_movil as mov_tipo3_2_0_ from movil movilentit0_ where movilentit0_.mov_placa=?
Hibernate: select movilentit0_.mov_placa as mov_plac1_2_0_, movilentit0_.mov_cilindraje as mov_cili2_2_0_, movilentit0_.mov_tipo_movil as mov_tipo3_2_0_ from movil movilentit0_ where movilentit0_.mov_placa=?
2019-05-20 14:54:58.874 TRACE 10536 --- [    Test worker] o.h.type.descriptor.sql.BasicBinder      : binding parameter [1] as [VARCHAR] - [VBN-1]
2019-05-20 14:54:58.877 DEBUG 10536 --- [    Test worker] org.hibernate.SQL                        : select movilentit0_.mov_placa as mov_plac1_2_1_, movilentit0_.mov_cilindraje as mov_cili2_2_1_, movilentit0_.mov_tipo_movil as mov_tipo3_2_1_, facturasen1_.mov_placa as mov_plac5_1_3_, facturasen1_.facId as facId1_1_3_, facturasen1_.facId as facId1_1_0_, facturasen1_.fac_fecha_ingreso as fac_fech2_1_0_, facturasen1_.fac_fecha_salida as fac_fech3_1_0_, facturasen1_.fac_valor as fac_valo4_1_0_, facturasen1_.mov_placa as mov_plac5_1_0_ from movil movilentit0_ left outer join factura facturasen1_ on movilentit0_.mov_placa=facturasen1_.mov_placa where movilentit0_.mov_placa=?
Hibernate: select movilentit0_.mov_placa as mov_plac1_2_1_, movilentit0_.mov_cilindraje as mov_cili2_2_1_, movilentit0_.mov_tipo_movil as mov_tipo3_2_1_, facturasen1_.mov_placa as mov_plac5_1_3_, facturasen1_.facId as facId1_1_3_, facturasen1_.facId as facId1_1_0_, facturasen1_.fac_fecha_ingreso as fac_fech2_1_0_, facturasen1_.fac_fecha_salida as fac_fech3_1_0_, facturasen1_.fac_valor as fac_valo4_1_0_, facturasen1_.mov_placa as mov_plac5_1_0_ from movil movilentit0_ left outer join factura facturasen1_ on movilentit0_.mov_placa=facturasen1_.mov_placa where movilentit0_.mov_placa=?
2019-05-20 14:54:58.878 TRACE 10536 --- [    Test worker] o.h.type.descriptor.sql.BasicBinder      : binding parameter [1] as [VARCHAR] - [VBN-1]
2019-05-20 14:54:58.883 DEBUG 10536 --- [    Test worker] org.hibernate.SQL                        : insert into movil (mov_cilindraje, mov_tipo_movil, mov_placa) values (?, ?, ?)
Hibernate: insert into movil (mov_cilindraje, mov_tipo_movil, mov_placa) values (?, ?, ?)
2019-05-20 14:54:58.886 TRACE 10536 --- [    Test worker] o.h.type.descriptor.sql.BasicBinder      : binding parameter [1] as [DOUBLE] - [-1.0]
2019-05-20 14:54:58.886 TRACE 10536 --- [    Test worker] o.h.type.descriptor.sql.BasicBinder      : binding parameter [2] as [VARCHAR] - [CARRO]
2019-05-20 14:54:58.886 TRACE 10536 --- [    Test worker] o.h.type.descriptor.sql.BasicBinder      : binding parameter [3] as [VARCHAR] - [VBN-1]
2019-05-20 14:54:58.897 DEBUG 10536 --- [    Test worker] org.hibernate.SQL                        : select movilentit_.mov_placa, movilentit_.mov_cilindraje as mov_cili2_2_, movilentit_.mov_tipo_movil as mov_tipo3_2_ from movil movilentit_ where movilentit_.mov_placa=?
Hibernate: select movilentit_.mov_placa, movilentit_.mov_cilindraje as mov_cili2_2_, movilentit_.mov_tipo_movil as mov_tipo3_2_ from movil movilentit_ where movilentit_.mov_placa=?
2019-05-20 14:54:58.898 TRACE 10536 --- [    Test worker] o.h.type.descriptor.sql.BasicBinder      : binding parameter [1] as [VARCHAR] - [VBN-1]
2019-05-20 14:54:58.899 TRACE 10536 --- [    Test worker] o.h.type.descriptor.sql.BasicExtractor   : extracted value ([mov_cili2_2_] : [DOUBLE]) - [-1.0]
2019-05-20 14:54:58.899 TRACE 10536 --- [    Test worker] o.h.type.descriptor.sql.BasicExtractor   : extracted value ([mov_tipo3_2_] : [VARCHAR]) - [CARRO]
2019-05-20 14:54:58.901 DEBUG 10536 --- [    Test worker] org.hibernate.SQL                        : insert into factura (facId, fac_fecha_ingreso, fac_fecha_salida, fac_valor, mov_placa) values (null, ?, ?, ?, ?)
Hibernate: insert into factura (facId, fac_fecha_ingreso, fac_fecha_salida, fac_valor, mov_placa) values (null, ?, ?, ?, ?)
2019-05-20 14:54:58.902 TRACE 10536 --- [    Test worker] o.h.type.descriptor.sql.BasicBinder      : binding parameter [1] as [TIMESTAMP] - [Mon May 20 14:54:58 COT 2019]
2019-05-20 14:54:58.902 TRACE 10536 --- [    Test worker] o.h.type.descriptor.sql.BasicBinder      : binding parameter [2] as [TIMESTAMP] - [null]
2019-05-20 14:54:58.902 TRACE 10536 --- [    Test worker] o.h.type.descriptor.sql.BasicBinder      : binding parameter [3] as [DOUBLE] - [0.0]
2019-05-20 14:54:58.903 TRACE 10536 --- [    Test worker] o.h.type.descriptor.sql.BasicBinder      : binding parameter [4] as [VARCHAR] - [VBN-1]
2019-05-20 14:54:58.905 DEBUG 10536 --- [    Test worker] org.hibernate.SQL                        : SELECT COUNT(*) FROM factura JOIN movil ON factura.mov_placa = movil.mov_placa WHERE movil.mov_tipo_movil = ? AND factura.fac_fecha_salida IS NULL
Hibernate: SELECT COUNT(*) FROM factura JOIN movil ON factura.mov_placa = movil.mov_placa WHERE movil.mov_tipo_movil = ? AND factura.fac_fecha_salida IS NULL
2019-05-20 14:54:58.906 TRACE 10536 --- [    Test worker] o.h.type.descriptor.sql.BasicBinder      : binding parameter [1] as [VARCHAR] - [CARRO]
2019-05-20 14:54:58.907 TRACE 10536 --- [    Test worker] o.h.type.descriptor.sql.BasicExtractor   : extracted value ([COUNT(*)] : [NUMERIC]) - [2]
2019-05-20 14:54:58.912 DEBUG 10536 --- [    Test worker] org.hibernate.SQL                        : SELECT COUNT(*) FROM factura WHERE mov_placa = ? AND fac_fecha_salida IS NULL
Hibernate: SELECT COUNT(*) FROM factura WHERE mov_placa = ? AND fac_fecha_salida IS NULL
2019-05-20 14:54:58.913 TRACE 10536 --- [    Test worker] o.h.type.descriptor.sql.BasicBinder      : binding parameter [1] as [VARCHAR] - [VBN-2]
2019-05-20 14:54:58.914 TRACE 10536 --- [    Test worker] o.h.type.descriptor.sql.BasicExtractor   : extracted value ([COUNT(*)] : [NUMERIC]) - [0]
2019-05-20 14:54:58.916 DEBUG 10536 --- [    Test worker] org.hibernate.SQL                        : select movilentit0_.mov_placa as mov_plac1_2_0_, movilentit0_.mov_cilindraje as mov_cili2_2_0_, movilentit0_.mov_tipo_movil as mov_tipo3_2_0_ from movil movilentit0_ where movilentit0_.mov_placa=?
Hibernate: select movilentit0_.mov_placa as mov_plac1_2_0_, movilentit0_.mov_cilindraje as mov_cili2_2_0_, movilentit0_.mov_tipo_movil as mov_tipo3_2_0_ from movil movilentit0_ where movilentit0_.mov_placa=?
2019-05-20 14:54:58.917 TRACE 10536 --- [    Test worker] o.h.type.descriptor.sql.BasicBinder      : binding parameter [1] as [VARCHAR] - [VBN-2]
2019-05-20 14:54:58.919 DEBUG 10536 --- [    Test worker] org.hibernate.SQL                        : select movilentit0_.mov_placa as mov_plac1_2_1_, movilentit0_.mov_cilindraje as mov_cili2_2_1_, movilentit0_.mov_tipo_movil as mov_tipo3_2_1_, facturasen1_.mov_placa as mov_plac5_1_3_, facturasen1_.facId as facId1_1_3_, facturasen1_.facId as facId1_1_0_, facturasen1_.fac_fecha_ingreso as fac_fech2_1_0_, facturasen1_.fac_fecha_salida as fac_fech3_1_0_, facturasen1_.fac_valor as fac_valo4_1_0_, facturasen1_.mov_placa as mov_plac5_1_0_ from movil movilentit0_ left outer join factura facturasen1_ on movilentit0_.mov_placa=facturasen1_.mov_placa where movilentit0_.mov_placa=?
Hibernate: select movilentit0_.mov_placa as mov_plac1_2_1_, movilentit0_.mov_cilindraje as mov_cili2_2_1_, movilentit0_.mov_tipo_movil as mov_tipo3_2_1_, facturasen1_.mov_placa as mov_plac5_1_3_, facturasen1_.facId as facId1_1_3_, facturasen1_.facId as facId1_1_0_, facturasen1_.fac_fecha_ingreso as fac_fech2_1_0_, facturasen1_.fac_fecha_salida as fac_fech3_1_0_, facturasen1_.fac_valor as fac_valo4_1_0_, facturasen1_.mov_placa as mov_plac5_1_0_ from movil movilentit0_ left outer join factura facturasen1_ on movilentit0_.mov_placa=facturasen1_.mov_placa where movilentit0_.mov_placa=?
2019-05-20 14:54:58.921 TRACE 10536 --- [    Test worker] o.h.type.descriptor.sql.BasicBinder      : binding parameter [1] as [VARCHAR] - [VBN-2]
2019-05-20 14:54:58.922 DEBUG 10536 --- [    Test worker] org.hibernate.SQL                        : insert into movil (mov_cilindraje, mov_tipo_movil, mov_placa) values (?, ?, ?)
Hibernate: insert into movil (mov_cilindraje, mov_tipo_movil, mov_placa) values (?, ?, ?)
2019-05-20 14:54:58.922 TRACE 10536 --- [    Test worker] o.h.type.descriptor.sql.BasicBinder      : binding parameter [1] as [DOUBLE] - [-1.0]
2019-05-20 14:54:58.922 TRACE 10536 --- [    Test worker] o.h.type.descriptor.sql.BasicBinder      : binding parameter [2] as [VARCHAR] - [CARRO]
2019-05-20 14:54:58.923 TRACE 10536 --- [    Test worker] o.h.type.descriptor.sql.BasicBinder      : binding parameter [3] as [VARCHAR] - [VBN-2]
2019-05-20 14:54:58.924 DEBUG 10536 --- [    Test worker] org.hibernate.SQL                        : select movilentit_.mov_placa, movilentit_.mov_cilindraje as mov_cili2_2_, movilentit_.mov_tipo_movil as mov_tipo3_2_ from movil movilentit_ where movilentit_.mov_placa=?
Hibernate: select movilentit_.mov_placa, movilentit_.mov_cilindraje as mov_cili2_2_, movilentit_.mov_tipo_movil as mov_tipo3_2_ from movil movilentit_ where movilentit_.mov_placa=?
2019-05-20 14:54:58.928 TRACE 10536 --- [    Test worker] o.h.type.descriptor.sql.BasicBinder      : binding parameter [1] as [VARCHAR] - [VBN-2]
2019-05-20 14:54:58.930 TRACE 10536 --- [    Test worker] o.h.type.descriptor.sql.BasicExtractor   : extracted value ([mov_cili2_2_] : [DOUBLE]) - [-1.0]
2019-05-20 14:54:58.931 TRACE 10536 --- [    Test worker] o.h.type.descriptor.sql.BasicExtractor   : extracted value ([mov_tipo3_2_] : [VARCHAR]) - [CARRO]
2019-05-20 14:54:58.932 DEBUG 10536 --- [    Test worker] org.hibernate.SQL                        : insert into factura (facId, fac_fecha_ingreso, fac_fecha_salida, fac_valor, mov_placa) values (null, ?, ?, ?, ?)
Hibernate: insert into factura (facId, fac_fecha_ingreso, fac_fecha_salida, fac_valor, mov_placa) values (null, ?, ?, ?, ?)
2019-05-20 14:54:58.932 TRACE 10536 --- [    Test worker] o.h.type.descriptor.sql.BasicBinder      : binding parameter [1] as [TIMESTAMP] - [Mon May 20 14:54:58 COT 2019]
2019-05-20 14:54:58.932 TRACE 10536 --- [    Test worker] o.h.type.descriptor.sql.BasicBinder      : binding parameter [2] as [TIMESTAMP] - [null]
2019-05-20 14:54:58.932 TRACE 10536 --- [    Test worker] o.h.type.descriptor.sql.BasicBinder      : binding parameter [3] as [DOUBLE] - [0.0]
2019-05-20 14:54:58.932 TRACE 10536 --- [    Test worker] o.h.type.descriptor.sql.BasicBinder      : binding parameter [4] as [VARCHAR] - [VBN-2]
2019-05-20 14:54:58.935 DEBUG 10536 --- [    Test worker] org.hibernate.SQL                        : SELECT COUNT(*) FROM factura JOIN movil ON factura.mov_placa = movil.mov_placa WHERE movil.mov_tipo_movil = ? AND factura.fac_fecha_salida IS NULL
Hibernate: SELECT COUNT(*) FROM factura JOIN movil ON factura.mov_placa = movil.mov_placa WHERE movil.mov_tipo_movil = ? AND factura.fac_fecha_salida IS NULL
2019-05-20 14:54:58.937 TRACE 10536 --- [    Test worker] o.h.type.descriptor.sql.BasicBinder      : binding parameter [1] as [VARCHAR] - [CARRO]
2019-05-20 14:54:58.938 TRACE 10536 --- [    Test worker] o.h.type.descriptor.sql.BasicExtractor   : extracted value ([COUNT(*)] : [NUMERIC]) - [3]
2019-05-20 14:54:58.941 DEBUG 10536 --- [    Test worker] org.hibernate.SQL                        : SELECT COUNT(*) FROM factura WHERE mov_placa = ? AND fac_fecha_salida IS NULL
Hibernate: SELECT COUNT(*) FROM factura WHERE mov_placa = ? AND fac_fecha_salida IS NULL
2019-05-20 14:54:58.943 TRACE 10536 --- [    Test worker] o.h.type.descriptor.sql.BasicBinder      : binding parameter [1] as [VARCHAR] - [VBN-3]
2019-05-20 14:54:58.945 TRACE 10536 --- [    Test worker] o.h.type.descriptor.sql.BasicExtractor   : extracted value ([COUNT(*)] : [NUMERIC]) - [0]
2019-05-20 14:54:58.972 DEBUG 10536 --- [    Test worker] org.hibernate.SQL                        : select movilentit0_.mov_placa as mov_plac1_2_0_, movilentit0_.mov_cilindraje as mov_cili2_2_0_, movilentit0_.mov_tipo_movil as mov_tipo3_2_0_ from movil movilentit0_ where movilentit0_.mov_placa=?
Hibernate: select movilentit0_.mov_placa as mov_plac1_2_0_, movilentit0_.mov_cilindraje as mov_cili2_2_0_, movilentit0_.mov_tipo_movil as mov_tipo3_2_0_ from movil movilentit0_ where movilentit0_.mov_placa=?
2019-05-20 14:54:58.972 TRACE 10536 --- [    Test worker] o.h.type.descriptor.sql.BasicBinder      : binding parameter [1] as [VARCHAR] - [VBN-3]
2019-05-20 14:54:58.978 DEBUG 10536 --- [    Test worker] org.hibernate.SQL                        : select movilentit0_.mov_placa as mov_plac1_2_1_, movilentit0_.mov_cilindraje as mov_cili2_2_1_, movilentit0_.mov_tipo_movil as mov_tipo3_2_1_, facturasen1_.mov_placa as mov_plac5_1_3_, facturasen1_.facId as facId1_1_3_, facturasen1_.facId as facId1_1_0_, facturasen1_.fac_fecha_ingreso as fac_fech2_1_0_, facturasen1_.fac_fecha_salida as fac_fech3_1_0_, facturasen1_.fac_valor as fac_valo4_1_0_, facturasen1_.mov_placa as mov_plac5_1_0_ from movil movilentit0_ left outer join factura facturasen1_ on movilentit0_.mov_placa=facturasen1_.mov_placa where movilentit0_.mov_placa=?
Hibernate: select movilentit0_.mov_placa as mov_plac1_2_1_, movilentit0_.mov_cilindraje as mov_cili2_2_1_, movilentit0_.mov_tipo_movil as mov_tipo3_2_1_, facturasen1_.mov_placa as mov_plac5_1_3_, facturasen1_.facId as facId1_1_3_, facturasen1_.facId as facId1_1_0_, facturasen1_.fac_fecha_ingreso as fac_fech2_1_0_, facturasen1_.fac_fecha_salida as fac_fech3_1_0_, facturasen1_.fac_valor as fac_valo4_1_0_, facturasen1_.mov_placa as mov_plac5_1_0_ from movil movilentit0_ left outer join factura facturasen1_ on movilentit0_.mov_placa=facturasen1_.mov_placa where movilentit0_.mov_placa=?
2019-05-20 14:54:58.989 TRACE 10536 --- [    Test worker] o.h.type.descriptor.sql.BasicBinder      : binding parameter [1] as [VARCHAR] - [VBN-3]
2019-05-20 14:54:58.997 DEBUG 10536 --- [    Test worker] org.hibernate.SQL                        : insert into movil (mov_cilindraje, mov_tipo_movil, mov_placa) values (?, ?, ?)
Hibernate: insert into movil (mov_cilindraje, mov_tipo_movil, mov_placa) values (?, ?, ?)
2019-05-20 14:54:58.998 TRACE 10536 --- [    Test worker] o.h.type.descriptor.sql.BasicBinder      : binding parameter [1] as [DOUBLE] - [-1.0]
2019-05-20 14:54:58.999 TRACE 10536 --- [    Test worker] o.h.type.descriptor.sql.BasicBinder      : binding parameter [2] as [VARCHAR] - [CARRO]
2019-05-20 14:54:59.006 TRACE 10536 --- [    Test worker] o.h.type.descriptor.sql.BasicBinder      : binding parameter [3] as [VARCHAR] - [VBN-3]
2019-05-20 14:54:59.015 DEBUG 10536 --- [    Test worker] org.hibernate.SQL                        : select movilentit_.mov_placa, movilentit_.mov_cilindraje as mov_cili2_2_, movilentit_.mov_tipo_movil as mov_tipo3_2_ from movil movilentit_ where movilentit_.mov_placa=?
Hibernate: select movilentit_.mov_placa, movilentit_.mov_cilindraje as mov_cili2_2_, movilentit_.mov_tipo_movil as mov_tipo3_2_ from movil movilentit_ where movilentit_.mov_placa=?
2019-05-20 14:54:59.017 TRACE 10536 --- [    Test worker] o.h.type.descriptor.sql.BasicBinder      : binding parameter [1] as [VARCHAR] - [VBN-3]
2019-05-20 14:54:59.018 TRACE 10536 --- [    Test worker] o.h.type.descriptor.sql.BasicExtractor   : extracted value ([mov_cili2_2_] : [DOUBLE]) - [-1.0]
2019-05-20 14:54:59.061 TRACE 10536 --- [    Test worker] o.h.type.descriptor.sql.BasicExtractor   : extracted value ([mov_tipo3_2_] : [VARCHAR]) - [CARRO]
2019-05-20 14:54:59.063 DEBUG 10536 --- [    Test worker] org.hibernate.SQL                        : insert into factura (facId, fac_fecha_ingreso, fac_fecha_salida, fac_valor, mov_placa) values (null, ?, ?, ?, ?)
Hibernate: insert into factura (facId, fac_fecha_ingreso, fac_fecha_salida, fac_valor, mov_placa) values (null, ?, ?, ?, ?)
2019-05-20 14:54:59.063 TRACE 10536 --- [    Test worker] o.h.type.descriptor.sql.BasicBinder      : binding parameter [1] as [TIMESTAMP] - [Mon May 20 14:54:59 COT 2019]
2019-05-20 14:54:59.064 TRACE 10536 --- [    Test worker] o.h.type.descriptor.sql.BasicBinder      : binding parameter [2] as [TIMESTAMP] - [null]
2019-05-20 14:54:59.064 TRACE 10536 --- [    Test worker] o.h.type.descriptor.sql.BasicBinder      : binding parameter [3] as [DOUBLE] - [0.0]
2019-05-20 14:54:59.066 TRACE 10536 --- [    Test worker] o.h.type.descriptor.sql.BasicBinder      : binding parameter [4] as [VARCHAR] - [VBN-3]
2019-05-20 14:54:59.073 DEBUG 10536 --- [    Test worker] org.hibernate.SQL                        : SELECT COUNT(*) FROM factura JOIN movil ON factura.mov_placa = movil.mov_placa WHERE movil.mov_tipo_movil = ? AND factura.fac_fecha_salida IS NULL
Hibernate: SELECT COUNT(*) FROM factura JOIN movil ON factura.mov_placa = movil.mov_placa WHERE movil.mov_tipo_movil = ? AND factura.fac_fecha_salida IS NULL
2019-05-20 14:54:59.075 TRACE 10536 --- [    Test worker] o.h.type.descriptor.sql.BasicBinder      : binding parameter [1] as [VARCHAR] - [CARRO]
2019-05-20 14:54:59.077 TRACE 10536 --- [    Test worker] o.h.type.descriptor.sql.BasicExtractor   : extracted value ([COUNT(*)] : [NUMERIC]) - [4]
2019-05-20 14:54:59.085 DEBUG 10536 --- [    Test worker] org.hibernate.SQL                        : SELECT COUNT(*) FROM factura WHERE mov_placa = ? AND fac_fecha_salida IS NULL
Hibernate: SELECT COUNT(*) FROM factura WHERE mov_placa = ? AND fac_fecha_salida IS NULL
2019-05-20 14:54:59.087 TRACE 10536 --- [    Test worker] o.h.type.descriptor.sql.BasicBinder      : binding parameter [1] as [VARCHAR] - [VBN-4]
2019-05-20 14:54:59.087 TRACE 10536 --- [    Test worker] o.h.type.descriptor.sql.BasicExtractor   : extracted value ([COUNT(*)] : [NUMERIC]) - [0]
2019-05-20 14:54:59.092 DEBUG 10536 --- [    Test worker] org.hibernate.SQL                        : select movilentit0_.mov_placa as mov_plac1_2_0_, movilentit0_.mov_cilindraje as mov_cili2_2_0_, movilentit0_.mov_tipo_movil as mov_tipo3_2_0_ from movil movilentit0_ where movilentit0_.mov_placa=?
Hibernate: select movilentit0_.mov_placa as mov_plac1_2_0_, movilentit0_.mov_cilindraje as mov_cili2_2_0_, movilentit0_.mov_tipo_movil as mov_tipo3_2_0_ from movil movilentit0_ where movilentit0_.mov_placa=?
2019-05-20 14:54:59.093 TRACE 10536 --- [    Test worker] o.h.type.descriptor.sql.BasicBinder      : binding parameter [1] as [VARCHAR] - [VBN-4]
2019-05-20 14:54:59.098 DEBUG 10536 --- [    Test worker] org.hibernate.SQL                        : select movilentit0_.mov_placa as mov_plac1_2_1_, movilentit0_.mov_cilindraje as mov_cili2_2_1_, movilentit0_.mov_tipo_movil as mov_tipo3_2_1_, facturasen1_.mov_placa as mov_plac5_1_3_, facturasen1_.facId as facId1_1_3_, facturasen1_.facId as facId1_1_0_, facturasen1_.fac_fecha_ingreso as fac_fech2_1_0_, facturasen1_.fac_fecha_salida as fac_fech3_1_0_, facturasen1_.fac_valor as fac_valo4_1_0_, facturasen1_.mov_placa as mov_plac5_1_0_ from movil movilentit0_ left outer join factura facturasen1_ on movilentit0_.mov_placa=facturasen1_.mov_placa where movilentit0_.mov_placa=?
Hibernate: select movilentit0_.mov_placa as mov_plac1_2_1_, movilentit0_.mov_cilindraje as mov_cili2_2_1_, movilentit0_.mov_tipo_movil as mov_tipo3_2_1_, facturasen1_.mov_placa as mov_plac5_1_3_, facturasen1_.facId as facId1_1_3_, facturasen1_.facId as facId1_1_0_, facturasen1_.fac_fecha_ingreso as fac_fech2_1_0_, facturasen1_.fac_fecha_salida as fac_fech3_1_0_, facturasen1_.fac_valor as fac_valo4_1_0_, facturasen1_.mov_placa as mov_plac5_1_0_ from movil movilentit0_ left outer join factura facturasen1_ on movilentit0_.mov_placa=facturasen1_.mov_placa where movilentit0_.mov_placa=?
2019-05-20 14:54:59.151 TRACE 10536 --- [    Test worker] o.h.type.descriptor.sql.BasicBinder      : binding parameter [1] as [VARCHAR] - [VBN-4]
2019-05-20 14:54:59.155 DEBUG 10536 --- [    Test worker] org.hibernate.SQL                        : insert into movil (mov_cilindraje, mov_tipo_movil, mov_placa) values (?, ?, ?)
Hibernate: insert into movil (mov_cilindraje, mov_tipo_movil, mov_placa) values (?, ?, ?)
2019-05-20 14:54:59.155 TRACE 10536 --- [    Test worker] o.h.type.descriptor.sql.BasicBinder      : binding parameter [1] as [DOUBLE] - [-1.0]
2019-05-20 14:54:59.156 TRACE 10536 --- [    Test worker] o.h.type.descriptor.sql.BasicBinder      : binding parameter [2] as [VARCHAR] - [CARRO]
2019-05-20 14:54:59.156 TRACE 10536 --- [    Test worker] o.h.type.descriptor.sql.BasicBinder      : binding parameter [3] as [VARCHAR] - [VBN-4]
2019-05-20 14:54:59.157 DEBUG 10536 --- [    Test worker] org.hibernate.SQL                        : select movilentit_.mov_placa, movilentit_.mov_cilindraje as mov_cili2_2_, movilentit_.mov_tipo_movil as mov_tipo3_2_ from movil movilentit_ where movilentit_.mov_placa=?
Hibernate: select movilentit_.mov_placa, movilentit_.mov_cilindraje as mov_cili2_2_, movilentit_.mov_tipo_movil as mov_tipo3_2_ from movil movilentit_ where movilentit_.mov_placa=?
2019-05-20 14:54:59.158 TRACE 10536 --- [    Test worker] o.h.type.descriptor.sql.BasicBinder      : binding parameter [1] as [VARCHAR] - [VBN-4]
2019-05-20 14:54:59.158 TRACE 10536 --- [    Test worker] o.h.type.descriptor.sql.BasicExtractor   : extracted value ([mov_cili2_2_] : [DOUBLE]) - [-1.0]
2019-05-20 14:54:59.158 TRACE 10536 --- [    Test worker] o.h.type.descriptor.sql.BasicExtractor   : extracted value ([mov_tipo3_2_] : [VARCHAR]) - [CARRO]
2019-05-20 14:54:59.159 DEBUG 10536 --- [    Test worker] org.hibernate.SQL                        : insert into factura (facId, fac_fecha_ingreso, fac_fecha_salida, fac_valor, mov_placa) values (null, ?, ?, ?, ?)
Hibernate: insert into factura (facId, fac_fecha_ingreso, fac_fecha_salida, fac_valor, mov_placa) values (null, ?, ?, ?, ?)
2019-05-20 14:54:59.160 TRACE 10536 --- [    Test worker] o.h.type.descriptor.sql.BasicBinder      : binding parameter [1] as [TIMESTAMP] - [Mon May 20 14:54:59 COT 2019]
2019-05-20 14:54:59.160 TRACE 10536 --- [    Test worker] o.h.type.descriptor.sql.BasicBinder      : binding parameter [2] as [TIMESTAMP] - [null]
2019-05-20 14:54:59.160 TRACE 10536 --- [    Test worker] o.h.type.descriptor.sql.BasicBinder      : binding parameter [3] as [DOUBLE] - [0.0]
2019-05-20 14:54:59.160 TRACE 10536 --- [    Test worker] o.h.type.descriptor.sql.BasicBinder      : binding parameter [4] as [VARCHAR] - [VBN-4]
2019-05-20 14:54:59.164 DEBUG 10536 --- [    Test worker] org.hibernate.SQL                        : SELECT COUNT(*) FROM factura JOIN movil ON factura.mov_placa = movil.mov_placa WHERE movil.mov_tipo_movil = ? AND factura.fac_fecha_salida IS NULL
Hibernate: SELECT COUNT(*) FROM factura JOIN movil ON factura.mov_placa = movil.mov_placa WHERE movil.mov_tipo_movil = ? AND factura.fac_fecha_salida IS NULL
2019-05-20 14:54:59.166 TRACE 10536 --- [    Test worker] o.h.type.descriptor.sql.BasicBinder      : binding parameter [1] as [VARCHAR] - [CARRO]
2019-05-20 14:54:59.167 TRACE 10536 --- [    Test worker] o.h.type.descriptor.sql.BasicExtractor   : extracted value ([COUNT(*)] : [NUMERIC]) - [5]
2019-05-20 14:54:59.169 DEBUG 10536 --- [    Test worker] org.hibernate.SQL                        : SELECT COUNT(*) FROM factura WHERE mov_placa = ? AND fac_fecha_salida IS NULL
Hibernate: SELECT COUNT(*) FROM factura WHERE mov_placa = ? AND fac_fecha_salida IS NULL
2019-05-20 14:54:59.171 TRACE 10536 --- [    Test worker] o.h.type.descriptor.sql.BasicBinder      : binding parameter [1] as [VARCHAR] - [VBN-5]
2019-05-20 14:54:59.171 TRACE 10536 --- [    Test worker] o.h.type.descriptor.sql.BasicExtractor   : extracted value ([COUNT(*)] : [NUMERIC]) - [0]
2019-05-20 14:54:59.173 DEBUG 10536 --- [    Test worker] org.hibernate.SQL                        : select movilentit0_.mov_placa as mov_plac1_2_0_, movilentit0_.mov_cilindraje as mov_cili2_2_0_, movilentit0_.mov_tipo_movil as mov_tipo3_2_0_ from movil movilentit0_ where movilentit0_.mov_placa=?
Hibernate: select movilentit0_.mov_placa as mov_plac1_2_0_, movilentit0_.mov_cilindraje as mov_cili2_2_0_, movilentit0_.mov_tipo_movil as mov_tipo3_2_0_ from movil movilentit0_ where movilentit0_.mov_placa=?
2019-05-20 14:54:59.174 TRACE 10536 --- [    Test worker] o.h.type.descriptor.sql.BasicBinder      : binding parameter [1] as [VARCHAR] - [VBN-5]
2019-05-20 14:54:59.177 DEBUG 10536 --- [    Test worker] org.hibernate.SQL                        : select movilentit0_.mov_placa as mov_plac1_2_1_, movilentit0_.mov_cilindraje as mov_cili2_2_1_, movilentit0_.mov_tipo_movil as mov_tipo3_2_1_, facturasen1_.mov_placa as mov_plac5_1_3_, facturasen1_.facId as facId1_1_3_, facturasen1_.facId as facId1_1_0_, facturasen1_.fac_fecha_ingreso as fac_fech2_1_0_, facturasen1_.fac_fecha_salida as fac_fech3_1_0_, facturasen1_.fac_valor as fac_valo4_1_0_, facturasen1_.mov_placa as mov_plac5_1_0_ from movil movilentit0_ left outer join factura facturasen1_ on movilentit0_.mov_placa=facturasen1_.mov_placa where movilentit0_.mov_placa=?
Hibernate: select movilentit0_.mov_placa as mov_plac1_2_1_, movilentit0_.mov_cilindraje as mov_cili2_2_1_, movilentit0_.mov_tipo_movil as mov_tipo3_2_1_, facturasen1_.mov_placa as mov_plac5_1_3_, facturasen1_.facId as facId1_1_3_, facturasen1_.facId as facId1_1_0_, facturasen1_.fac_fecha_ingreso as fac_fech2_1_0_, facturasen1_.fac_fecha_salida as fac_fech3_1_0_, facturasen1_.fac_valor as fac_valo4_1_0_, facturasen1_.mov_placa as mov_plac5_1_0_ from movil movilentit0_ left outer join factura facturasen1_ on movilentit0_.mov_placa=facturasen1_.mov_placa where movilentit0_.mov_placa=?
2019-05-20 14:54:59.178 TRACE 10536 --- [    Test worker] o.h.type.descriptor.sql.BasicBinder      : binding parameter [1] as [VARCHAR] - [VBN-5]
2019-05-20 14:54:59.181 DEBUG 10536 --- [    Test worker] org.hibernate.SQL                        : insert into movil (mov_cilindraje, mov_tipo_movil, mov_placa) values (?, ?, ?)
Hibernate: insert into movil (mov_cilindraje, mov_tipo_movil, mov_placa) values (?, ?, ?)
2019-05-20 14:54:59.181 TRACE 10536 --- [    Test worker] o.h.type.descriptor.sql.BasicBinder      : binding parameter [1] as [DOUBLE] - [-1.0]
2019-05-20 14:54:59.182 TRACE 10536 --- [    Test worker] o.h.type.descriptor.sql.BasicBinder      : binding parameter [2] as [VARCHAR] - [CARRO]
2019-05-20 14:54:59.182 TRACE 10536 --- [    Test worker] o.h.type.descriptor.sql.BasicBinder      : binding parameter [3] as [VARCHAR] - [VBN-5]
2019-05-20 14:54:59.185 DEBUG 10536 --- [    Test worker] org.hibernate.SQL                        : select movilentit_.mov_placa, movilentit_.mov_cilindraje as mov_cili2_2_, movilentit_.mov_tipo_movil as mov_tipo3_2_ from movil movilentit_ where movilentit_.mov_placa=?
Hibernate: select movilentit_.mov_placa, movilentit_.mov_cilindraje as mov_cili2_2_, movilentit_.mov_tipo_movil as mov_tipo3_2_ from movil movilentit_ where movilentit_.mov_placa=?
2019-05-20 14:54:59.185 TRACE 10536 --- [    Test worker] o.h.type.descriptor.sql.BasicBinder      : binding parameter [1] as [VARCHAR] - [VBN-5]
2019-05-20 14:54:59.186 TRACE 10536 --- [    Test worker] o.h.type.descriptor.sql.BasicExtractor   : extracted value ([mov_cili2_2_] : [DOUBLE]) - [-1.0]
2019-05-20 14:54:59.186 TRACE 10536 --- [    Test worker] o.h.type.descriptor.sql.BasicExtractor   : extracted value ([mov_tipo3_2_] : [VARCHAR]) - [CARRO]
2019-05-20 14:54:59.187 DEBUG 10536 --- [    Test worker] org.hibernate.SQL                        : insert into factura (facId, fac_fecha_ingreso, fac_fecha_salida, fac_valor, mov_placa) values (null, ?, ?, ?, ?)
Hibernate: insert into factura (facId, fac_fecha_ingreso, fac_fecha_salida, fac_valor, mov_placa) values (null, ?, ?, ?, ?)
2019-05-20 14:54:59.188 TRACE 10536 --- [    Test worker] o.h.type.descriptor.sql.BasicBinder      : binding parameter [1] as [TIMESTAMP] - [Mon May 20 14:54:59 COT 2019]
2019-05-20 14:54:59.188 TRACE 10536 --- [    Test worker] o.h.type.descriptor.sql.BasicBinder      : binding parameter [2] as [TIMESTAMP] - [null]
2019-05-20 14:54:59.188 TRACE 10536 --- [    Test worker] o.h.type.descriptor.sql.BasicBinder      : binding parameter [3] as [DOUBLE] - [0.0]
2019-05-20 14:54:59.188 TRACE 10536 --- [    Test worker] o.h.type.descriptor.sql.BasicBinder      : binding parameter [4] as [VARCHAR] - [VBN-5]
2019-05-20 14:54:59.192 DEBUG 10536 --- [    Test worker] org.hibernate.SQL                        : SELECT COUNT(*) FROM factura JOIN movil ON factura.mov_placa = movil.mov_placa WHERE movil.mov_tipo_movil = ? AND factura.fac_fecha_salida IS NULL
Hibernate: SELECT COUNT(*) FROM factura JOIN movil ON factura.mov_placa = movil.mov_placa WHERE movil.mov_tipo_movil = ? AND factura.fac_fecha_salida IS NULL
2019-05-20 14:54:59.194 TRACE 10536 --- [    Test worker] o.h.type.descriptor.sql.BasicBinder      : binding parameter [1] as [VARCHAR] - [CARRO]
2019-05-20 14:54:59.196 TRACE 10536 --- [    Test worker] o.h.type.descriptor.sql.BasicExtractor   : extracted value ([COUNT(*)] : [NUMERIC]) - [6]
2019-05-20 14:54:59.199 DEBUG 10536 --- [    Test worker] org.hibernate.SQL                        : SELECT COUNT(*) FROM factura WHERE mov_placa = ? AND fac_fecha_salida IS NULL
Hibernate: SELECT COUNT(*) FROM factura WHERE mov_placa = ? AND fac_fecha_salida IS NULL
2019-05-20 14:54:59.200 TRACE 10536 --- [    Test worker] o.h.type.descriptor.sql.BasicBinder      : binding parameter [1] as [VARCHAR] - [VBN-6]
2019-05-20 14:54:59.200 TRACE 10536 --- [    Test worker] o.h.type.descriptor.sql.BasicExtractor   : extracted value ([COUNT(*)] : [NUMERIC]) - [0]
2019-05-20 14:54:59.202 DEBUG 10536 --- [    Test worker] org.hibernate.SQL                        : select movilentit0_.mov_placa as mov_plac1_2_0_, movilentit0_.mov_cilindraje as mov_cili2_2_0_, movilentit0_.mov_tipo_movil as mov_tipo3_2_0_ from movil movilentit0_ where movilentit0_.mov_placa=?
Hibernate: select movilentit0_.mov_placa as mov_plac1_2_0_, movilentit0_.mov_cilindraje as mov_cili2_2_0_, movilentit0_.mov_tipo_movil as mov_tipo3_2_0_ from movil movilentit0_ where movilentit0_.mov_placa=?
2019-05-20 14:54:59.203 TRACE 10536 --- [    Test worker] o.h.type.descriptor.sql.BasicBinder      : binding parameter [1] as [VARCHAR] - [VBN-6]
2019-05-20 14:54:59.205 DEBUG 10536 --- [    Test worker] org.hibernate.SQL                        : select movilentit0_.mov_placa as mov_plac1_2_1_, movilentit0_.mov_cilindraje as mov_cili2_2_1_, movilentit0_.mov_tipo_movil as mov_tipo3_2_1_, facturasen1_.mov_placa as mov_plac5_1_3_, facturasen1_.facId as facId1_1_3_, facturasen1_.facId as facId1_1_0_, facturasen1_.fac_fecha_ingreso as fac_fech2_1_0_, facturasen1_.fac_fecha_salida as fac_fech3_1_0_, facturasen1_.fac_valor as fac_valo4_1_0_, facturasen1_.mov_placa as mov_plac5_1_0_ from movil movilentit0_ left outer join factura facturasen1_ on movilentit0_.mov_placa=facturasen1_.mov_placa where movilentit0_.mov_placa=?
Hibernate: select movilentit0_.mov_placa as mov_plac1_2_1_, movilentit0_.mov_cilindraje as mov_cili2_2_1_, movilentit0_.mov_tipo_movil as mov_tipo3_2_1_, facturasen1_.mov_placa as mov_plac5_1_3_, facturasen1_.facId as facId1_1_3_, facturasen1_.facId as facId1_1_0_, facturasen1_.fac_fecha_ingreso as fac_fech2_1_0_, facturasen1_.fac_fecha_salida as fac_fech3_1_0_, facturasen1_.fac_valor as fac_valo4_1_0_, facturasen1_.mov_placa as mov_plac5_1_0_ from movil movilentit0_ left outer join factura facturasen1_ on movilentit0_.mov_placa=facturasen1_.mov_placa where movilentit0_.mov_placa=?
2019-05-20 14:54:59.206 TRACE 10536 --- [    Test worker] o.h.type.descriptor.sql.BasicBinder      : binding parameter [1] as [VARCHAR] - [VBN-6]
2019-05-20 14:54:59.207 DEBUG 10536 --- [    Test worker] org.hibernate.SQL                        : insert into movil (mov_cilindraje, mov_tipo_movil, mov_placa) values (?, ?, ?)
Hibernate: insert into movil (mov_cilindraje, mov_tipo_movil, mov_placa) values (?, ?, ?)
2019-05-20 14:54:59.208 TRACE 10536 --- [    Test worker] o.h.type.descriptor.sql.BasicBinder      : binding parameter [1] as [DOUBLE] - [-1.0]
2019-05-20 14:54:59.208 TRACE 10536 --- [    Test worker] o.h.type.descriptor.sql.BasicBinder      : binding parameter [2] as [VARCHAR] - [CARRO]
2019-05-20 14:54:59.208 TRACE 10536 --- [    Test worker] o.h.type.descriptor.sql.BasicBinder      : binding parameter [3] as [VARCHAR] - [VBN-6]
2019-05-20 14:54:59.210 DEBUG 10536 --- [    Test worker] org.hibernate.SQL                        : select movilentit_.mov_placa, movilentit_.mov_cilindraje as mov_cili2_2_, movilentit_.mov_tipo_movil as mov_tipo3_2_ from movil movilentit_ where movilentit_.mov_placa=?
Hibernate: select movilentit_.mov_placa, movilentit_.mov_cilindraje as mov_cili2_2_, movilentit_.mov_tipo_movil as mov_tipo3_2_ from movil movilentit_ where movilentit_.mov_placa=?
2019-05-20 14:54:59.211 TRACE 10536 --- [    Test worker] o.h.type.descriptor.sql.BasicBinder      : binding parameter [1] as [VARCHAR] - [VBN-6]
2019-05-20 14:54:59.211 TRACE 10536 --- [    Test worker] o.h.type.descriptor.sql.BasicExtractor   : extracted value ([mov_cili2_2_] : [DOUBLE]) - [-1.0]
2019-05-20 14:54:59.211 TRACE 10536 --- [    Test worker] o.h.type.descriptor.sql.BasicExtractor   : extracted value ([mov_tipo3_2_] : [VARCHAR]) - [CARRO]
2019-05-20 14:54:59.212 DEBUG 10536 --- [    Test worker] org.hibernate.SQL                        : insert into factura (facId, fac_fecha_ingreso, fac_fecha_salida, fac_valor, mov_placa) values (null, ?, ?, ?, ?)
Hibernate: insert into factura (facId, fac_fecha_ingreso, fac_fecha_salida, fac_valor, mov_placa) values (null, ?, ?, ?, ?)
2019-05-20 14:54:59.212 TRACE 10536 --- [    Test worker] o.h.type.descriptor.sql.BasicBinder      : binding parameter [1] as [TIMESTAMP] - [Mon May 20 14:54:59 COT 2019]
2019-05-20 14:54:59.213 TRACE 10536 --- [    Test worker] o.h.type.descriptor.sql.BasicBinder      : binding parameter [2] as [TIMESTAMP] - [null]
2019-05-20 14:54:59.213 TRACE 10536 --- [    Test worker] o.h.type.descriptor.sql.BasicBinder      : binding parameter [3] as [DOUBLE] - [0.0]
2019-05-20 14:54:59.213 TRACE 10536 --- [    Test worker] o.h.type.descriptor.sql.BasicBinder      : binding parameter [4] as [VARCHAR] - [VBN-6]
2019-05-20 14:54:59.215 DEBUG 10536 --- [    Test worker] org.hibernate.SQL                        : SELECT COUNT(*) FROM factura JOIN movil ON factura.mov_placa = movil.mov_placa WHERE movil.mov_tipo_movil = ? AND factura.fac_fecha_salida IS NULL
Hibernate: SELECT COUNT(*) FROM factura JOIN movil ON factura.mov_placa = movil.mov_placa WHERE movil.mov_tipo_movil = ? AND factura.fac_fecha_salida IS NULL
2019-05-20 14:54:59.216 TRACE 10536 --- [    Test worker] o.h.type.descriptor.sql.BasicBinder      : binding parameter [1] as [VARCHAR] - [CARRO]
2019-05-20 14:54:59.217 TRACE 10536 --- [    Test worker] o.h.type.descriptor.sql.BasicExtractor   : extracted value ([COUNT(*)] : [NUMERIC]) - [7]
2019-05-20 14:54:59.219 DEBUG 10536 --- [    Test worker] org.hibernate.SQL                        : SELECT COUNT(*) FROM factura WHERE mov_placa = ? AND fac_fecha_salida IS NULL
Hibernate: SELECT COUNT(*) FROM factura WHERE mov_placa = ? AND fac_fecha_salida IS NULL
2019-05-20 14:54:59.220 TRACE 10536 --- [    Test worker] o.h.type.descriptor.sql.BasicBinder      : binding parameter [1] as [VARCHAR] - [VBN-7]
2019-05-20 14:54:59.220 TRACE 10536 --- [    Test worker] o.h.type.descriptor.sql.BasicExtractor   : extracted value ([COUNT(*)] : [NUMERIC]) - [0]
2019-05-20 14:54:59.223 DEBUG 10536 --- [    Test worker] org.hibernate.SQL                        : select movilentit0_.mov_placa as mov_plac1_2_0_, movilentit0_.mov_cilindraje as mov_cili2_2_0_, movilentit0_.mov_tipo_movil as mov_tipo3_2_0_ from movil movilentit0_ where movilentit0_.mov_placa=?
Hibernate: select movilentit0_.mov_placa as mov_plac1_2_0_, movilentit0_.mov_cilindraje as mov_cili2_2_0_, movilentit0_.mov_tipo_movil as mov_tipo3_2_0_ from movil movilentit0_ where movilentit0_.mov_placa=?
2019-05-20 14:54:59.223 TRACE 10536 --- [    Test worker] o.h.type.descriptor.sql.BasicBinder      : binding parameter [1] as [VARCHAR] - [VBN-7]
2019-05-20 14:54:59.225 DEBUG 10536 --- [    Test worker] org.hibernate.SQL                        : select movilentit0_.mov_placa as mov_plac1_2_1_, movilentit0_.mov_cilindraje as mov_cili2_2_1_, movilentit0_.mov_tipo_movil as mov_tipo3_2_1_, facturasen1_.mov_placa as mov_plac5_1_3_, facturasen1_.facId as facId1_1_3_, facturasen1_.facId as facId1_1_0_, facturasen1_.fac_fecha_ingreso as fac_fech2_1_0_, facturasen1_.fac_fecha_salida as fac_fech3_1_0_, facturasen1_.fac_valor as fac_valo4_1_0_, facturasen1_.mov_placa as mov_plac5_1_0_ from movil movilentit0_ left outer join factura facturasen1_ on movilentit0_.mov_placa=facturasen1_.mov_placa where movilentit0_.mov_placa=?
Hibernate: select movilentit0_.mov_placa as mov_plac1_2_1_, movilentit0_.mov_cilindraje as mov_cili2_2_1_, movilentit0_.mov_tipo_movil as mov_tipo3_2_1_, facturasen1_.mov_placa as mov_plac5_1_3_, facturasen1_.facId as facId1_1_3_, facturasen1_.facId as facId1_1_0_, facturasen1_.fac_fecha_ingreso as fac_fech2_1_0_, facturasen1_.fac_fecha_salida as fac_fech3_1_0_, facturasen1_.fac_valor as fac_valo4_1_0_, facturasen1_.mov_placa as mov_plac5_1_0_ from movil movilentit0_ left outer join factura facturasen1_ on movilentit0_.mov_placa=facturasen1_.mov_placa where movilentit0_.mov_placa=?
2019-05-20 14:54:59.226 TRACE 10536 --- [    Test worker] o.h.type.descriptor.sql.BasicBinder      : binding parameter [1] as [VARCHAR] - [VBN-7]
2019-05-20 14:54:59.227 DEBUG 10536 --- [    Test worker] org.hibernate.SQL                        : insert into movil (mov_cilindraje, mov_tipo_movil, mov_placa) values (?, ?, ?)
Hibernate: insert into movil (mov_cilindraje, mov_tipo_movil, mov_placa) values (?, ?, ?)
2019-05-20 14:54:59.227 TRACE 10536 --- [    Test worker] o.h.type.descriptor.sql.BasicBinder      : binding parameter [1] as [DOUBLE] - [-1.0]
2019-05-20 14:54:59.227 TRACE 10536 --- [    Test worker] o.h.type.descriptor.sql.BasicBinder      : binding parameter [2] as [VARCHAR] - [CARRO]
2019-05-20 14:54:59.227 TRACE 10536 --- [    Test worker] o.h.type.descriptor.sql.BasicBinder      : binding parameter [3] as [VARCHAR] - [VBN-7]
2019-05-20 14:54:59.229 DEBUG 10536 --- [    Test worker] org.hibernate.SQL                        : select movilentit_.mov_placa, movilentit_.mov_cilindraje as mov_cili2_2_, movilentit_.mov_tipo_movil as mov_tipo3_2_ from movil movilentit_ where movilentit_.mov_placa=?
Hibernate: select movilentit_.mov_placa, movilentit_.mov_cilindraje as mov_cili2_2_, movilentit_.mov_tipo_movil as mov_tipo3_2_ from movil movilentit_ where movilentit_.mov_placa=?
2019-05-20 14:54:59.229 TRACE 10536 --- [    Test worker] o.h.type.descriptor.sql.BasicBinder      : binding parameter [1] as [VARCHAR] - [VBN-7]
2019-05-20 14:54:59.232 TRACE 10536 --- [    Test worker] o.h.type.descriptor.sql.BasicExtractor   : extracted value ([mov_cili2_2_] : [DOUBLE]) - [-1.0]
2019-05-20 14:54:59.232 TRACE 10536 --- [    Test worker] o.h.type.descriptor.sql.BasicExtractor   : extracted value ([mov_tipo3_2_] : [VARCHAR]) - [CARRO]
2019-05-20 14:54:59.234 DEBUG 10536 --- [    Test worker] org.hibernate.SQL                        : insert into factura (facId, fac_fecha_ingreso, fac_fecha_salida, fac_valor, mov_placa) values (null, ?, ?, ?, ?)
Hibernate: insert into factura (facId, fac_fecha_ingreso, fac_fecha_salida, fac_valor, mov_placa) values (null, ?, ?, ?, ?)
2019-05-20 14:54:59.234 TRACE 10536 --- [    Test worker] o.h.type.descriptor.sql.BasicBinder      : binding parameter [1] as [TIMESTAMP] - [Mon May 20 14:54:59 COT 2019]
2019-05-20 14:54:59.235 TRACE 10536 --- [    Test worker] o.h.type.descriptor.sql.BasicBinder      : binding parameter [2] as [TIMESTAMP] - [null]
2019-05-20 14:54:59.235 TRACE 10536 --- [    Test worker] o.h.type.descriptor.sql.BasicBinder      : binding parameter [3] as [DOUBLE] - [0.0]
2019-05-20 14:54:59.235 TRACE 10536 --- [    Test worker] o.h.type.descriptor.sql.BasicBinder      : binding parameter [4] as [VARCHAR] - [VBN-7]
2019-05-20 14:54:59.237 DEBUG 10536 --- [    Test worker] org.hibernate.SQL                        : SELECT COUNT(*) FROM factura JOIN movil ON factura.mov_placa = movil.mov_placa WHERE movil.mov_tipo_movil = ? AND factura.fac_fecha_salida IS NULL
Hibernate: SELECT COUNT(*) FROM factura JOIN movil ON factura.mov_placa = movil.mov_placa WHERE movil.mov_tipo_movil = ? AND factura.fac_fecha_salida IS NULL
2019-05-20 14:54:59.239 TRACE 10536 --- [    Test worker] o.h.type.descriptor.sql.BasicBinder      : binding parameter [1] as [VARCHAR] - [CARRO]
2019-05-20 14:54:59.241 TRACE 10536 --- [    Test worker] o.h.type.descriptor.sql.BasicExtractor   : extracted value ([COUNT(*)] : [NUMERIC]) - [8]
2019-05-20 14:54:59.244 DEBUG 10536 --- [    Test worker] org.hibernate.SQL                        : SELECT COUNT(*) FROM factura WHERE mov_placa = ? AND fac_fecha_salida IS NULL
Hibernate: SELECT COUNT(*) FROM factura WHERE mov_placa = ? AND fac_fecha_salida IS NULL
2019-05-20 14:54:59.245 TRACE 10536 --- [    Test worker] o.h.type.descriptor.sql.BasicBinder      : binding parameter [1] as [VARCHAR] - [VBN-8]
2019-05-20 14:54:59.245 TRACE 10536 --- [    Test worker] o.h.type.descriptor.sql.BasicExtractor   : extracted value ([COUNT(*)] : [NUMERIC]) - [0]
2019-05-20 14:54:59.247 DEBUG 10536 --- [    Test worker] org.hibernate.SQL                        : select movilentit0_.mov_placa as mov_plac1_2_0_, movilentit0_.mov_cilindraje as mov_cili2_2_0_, movilentit0_.mov_tipo_movil as mov_tipo3_2_0_ from movil movilentit0_ where movilentit0_.mov_placa=?
Hibernate: select movilentit0_.mov_placa as mov_plac1_2_0_, movilentit0_.mov_cilindraje as mov_cili2_2_0_, movilentit0_.mov_tipo_movil as mov_tipo3_2_0_ from movil movilentit0_ where movilentit0_.mov_placa=?
2019-05-20 14:54:59.248 TRACE 10536 --- [    Test worker] o.h.type.descriptor.sql.BasicBinder      : binding parameter [1] as [VARCHAR] - [VBN-8]
2019-05-20 14:54:59.251 DEBUG 10536 --- [    Test worker] org.hibernate.SQL                        : select movilentit0_.mov_placa as mov_plac1_2_1_, movilentit0_.mov_cilindraje as mov_cili2_2_1_, movilentit0_.mov_tipo_movil as mov_tipo3_2_1_, facturasen1_.mov_placa as mov_plac5_1_3_, facturasen1_.facId as facId1_1_3_, facturasen1_.facId as facId1_1_0_, facturasen1_.fac_fecha_ingreso as fac_fech2_1_0_, facturasen1_.fac_fecha_salida as fac_fech3_1_0_, facturasen1_.fac_valor as fac_valo4_1_0_, facturasen1_.mov_placa as mov_plac5_1_0_ from movil movilentit0_ left outer join factura facturasen1_ on movilentit0_.mov_placa=facturasen1_.mov_placa where movilentit0_.mov_placa=?
Hibernate: select movilentit0_.mov_placa as mov_plac1_2_1_, movilentit0_.mov_cilindraje as mov_cili2_2_1_, movilentit0_.mov_tipo_movil as mov_tipo3_2_1_, facturasen1_.mov_placa as mov_plac5_1_3_, facturasen1_.facId as facId1_1_3_, facturasen1_.facId as facId1_1_0_, facturasen1_.fac_fecha_ingreso as fac_fech2_1_0_, facturasen1_.fac_fecha_salida as fac_fech3_1_0_, facturasen1_.fac_valor as fac_valo4_1_0_, facturasen1_.mov_placa as mov_plac5_1_0_ from movil movilentit0_ left outer join factura facturasen1_ on movilentit0_.mov_placa=facturasen1_.mov_placa where movilentit0_.mov_placa=?
2019-05-20 14:54:59.252 TRACE 10536 --- [    Test worker] o.h.type.descriptor.sql.BasicBinder      : binding parameter [1] as [VARCHAR] - [VBN-8]
2019-05-20 14:54:59.253 DEBUG 10536 --- [    Test worker] org.hibernate.SQL                        : insert into movil (mov_cilindraje, mov_tipo_movil, mov_placa) values (?, ?, ?)
Hibernate: insert into movil (mov_cilindraje, mov_tipo_movil, mov_placa) values (?, ?, ?)
2019-05-20 14:54:59.254 TRACE 10536 --- [    Test worker] o.h.type.descriptor.sql.BasicBinder      : binding parameter [1] as [DOUBLE] - [-1.0]
2019-05-20 14:54:59.254 TRACE 10536 --- [    Test worker] o.h.type.descriptor.sql.BasicBinder      : binding parameter [2] as [VARCHAR] - [CARRO]
2019-05-20 14:54:59.254 TRACE 10536 --- [    Test worker] o.h.type.descriptor.sql.BasicBinder      : binding parameter [3] as [VARCHAR] - [VBN-8]
2019-05-20 14:54:59.256 DEBUG 10536 --- [    Test worker] org.hibernate.SQL                        : select movilentit_.mov_placa, movilentit_.mov_cilindraje as mov_cili2_2_, movilentit_.mov_tipo_movil as mov_tipo3_2_ from movil movilentit_ where movilentit_.mov_placa=?
Hibernate: select movilentit_.mov_placa, movilentit_.mov_cilindraje as mov_cili2_2_, movilentit_.mov_tipo_movil as mov_tipo3_2_ from movil movilentit_ where movilentit_.mov_placa=?
2019-05-20 14:54:59.256 TRACE 10536 --- [    Test worker] o.h.type.descriptor.sql.BasicBinder      : binding parameter [1] as [VARCHAR] - [VBN-8]
2019-05-20 14:54:59.257 TRACE 10536 --- [    Test worker] o.h.type.descriptor.sql.BasicExtractor   : extracted value ([mov_cili2_2_] : [DOUBLE]) - [-1.0]
2019-05-20 14:54:59.257 TRACE 10536 --- [    Test worker] o.h.type.descriptor.sql.BasicExtractor   : extracted value ([mov_tipo3_2_] : [VARCHAR]) - [CARRO]
2019-05-20 14:54:59.257 DEBUG 10536 --- [    Test worker] org.hibernate.SQL                        : insert into factura (facId, fac_fecha_ingreso, fac_fecha_salida, fac_valor, mov_placa) values (null, ?, ?, ?, ?)
Hibernate: insert into factura (facId, fac_fecha_ingreso, fac_fecha_salida, fac_valor, mov_placa) values (null, ?, ?, ?, ?)
2019-05-20 14:54:59.258 TRACE 10536 --- [    Test worker] o.h.type.descriptor.sql.BasicBinder      : binding parameter [1] as [TIMESTAMP] - [Mon May 20 14:54:59 COT 2019]
2019-05-20 14:54:59.258 TRACE 10536 --- [    Test worker] o.h.type.descriptor.sql.BasicBinder      : binding parameter [2] as [TIMESTAMP] - [null]
2019-05-20 14:54:59.258 TRACE 10536 --- [    Test worker] o.h.type.descriptor.sql.BasicBinder      : binding parameter [3] as [DOUBLE] - [0.0]
2019-05-20 14:54:59.258 TRACE 10536 --- [    Test worker] o.h.type.descriptor.sql.BasicBinder      : binding parameter [4] as [VARCHAR] - [VBN-8]
2019-05-20 14:54:59.261 DEBUG 10536 --- [    Test worker] org.hibernate.SQL                        : SELECT COUNT(*) FROM factura JOIN movil ON factura.mov_placa = movil.mov_placa WHERE movil.mov_tipo_movil = ? AND factura.fac_fecha_salida IS NULL
Hibernate: SELECT COUNT(*) FROM factura JOIN movil ON factura.mov_placa = movil.mov_placa WHERE movil.mov_tipo_movil = ? AND factura.fac_fecha_salida IS NULL
2019-05-20 14:54:59.262 TRACE 10536 --- [    Test worker] o.h.type.descriptor.sql.BasicBinder      : binding parameter [1] as [VARCHAR] - [CARRO]
2019-05-20 14:54:59.263 TRACE 10536 --- [    Test worker] o.h.type.descriptor.sql.BasicExtractor   : extracted value ([COUNT(*)] : [NUMERIC]) - [9]
2019-05-20 14:54:59.265 DEBUG 10536 --- [    Test worker] org.hibernate.SQL                        : SELECT COUNT(*) FROM factura WHERE mov_placa = ? AND fac_fecha_salida IS NULL
Hibernate: SELECT COUNT(*) FROM factura WHERE mov_placa = ? AND fac_fecha_salida IS NULL
2019-05-20 14:54:59.266 TRACE 10536 --- [    Test worker] o.h.type.descriptor.sql.BasicBinder      : binding parameter [1] as [VARCHAR] - [VBN-9]
2019-05-20 14:54:59.266 TRACE 10536 --- [    Test worker] o.h.type.descriptor.sql.BasicExtractor   : extracted value ([COUNT(*)] : [NUMERIC]) - [0]
2019-05-20 14:54:59.268 DEBUG 10536 --- [    Test worker] org.hibernate.SQL                        : select movilentit0_.mov_placa as mov_plac1_2_0_, movilentit0_.mov_cilindraje as mov_cili2_2_0_, movilentit0_.mov_tipo_movil as mov_tipo3_2_0_ from movil movilentit0_ where movilentit0_.mov_placa=?
Hibernate: select movilentit0_.mov_placa as mov_plac1_2_0_, movilentit0_.mov_cilindraje as mov_cili2_2_0_, movilentit0_.mov_tipo_movil as mov_tipo3_2_0_ from movil movilentit0_ where movilentit0_.mov_placa=?
2019-05-20 14:54:59.268 TRACE 10536 --- [    Test worker] o.h.type.descriptor.sql.BasicBinder      : binding parameter [1] as [VARCHAR] - [VBN-9]
2019-05-20 14:54:59.274 DEBUG 10536 --- [    Test worker] org.hibernate.SQL                        : select movilentit0_.mov_placa as mov_plac1_2_1_, movilentit0_.mov_cilindraje as mov_cili2_2_1_, movilentit0_.mov_tipo_movil as mov_tipo3_2_1_, facturasen1_.mov_placa as mov_plac5_1_3_, facturasen1_.facId as facId1_1_3_, facturasen1_.facId as facId1_1_0_, facturasen1_.fac_fecha_ingreso as fac_fech2_1_0_, facturasen1_.fac_fecha_salida as fac_fech3_1_0_, facturasen1_.fac_valor as fac_valo4_1_0_, facturasen1_.mov_placa as mov_plac5_1_0_ from movil movilentit0_ left outer join factura facturasen1_ on movilentit0_.mov_placa=facturasen1_.mov_placa where movilentit0_.mov_placa=?
Hibernate: select movilentit0_.mov_placa as mov_plac1_2_1_, movilentit0_.mov_cilindraje as mov_cili2_2_1_, movilentit0_.mov_tipo_movil as mov_tipo3_2_1_, facturasen1_.mov_placa as mov_plac5_1_3_, facturasen1_.facId as facId1_1_3_, facturasen1_.facId as facId1_1_0_, facturasen1_.fac_fecha_ingreso as fac_fech2_1_0_, facturasen1_.fac_fecha_salida as fac_fech3_1_0_, facturasen1_.fac_valor as fac_valo4_1_0_, facturasen1_.mov_placa as mov_plac5_1_0_ from movil movilentit0_ left outer join factura facturasen1_ on movilentit0_.mov_placa=facturasen1_.mov_placa where movilentit0_.mov_placa=?
2019-05-20 14:54:59.278 TRACE 10536 --- [    Test worker] o.h.type.descriptor.sql.BasicBinder      : binding parameter [1] as [VARCHAR] - [VBN-9]
2019-05-20 14:54:59.280 DEBUG 10536 --- [    Test worker] org.hibernate.SQL                        : insert into movil (mov_cilindraje, mov_tipo_movil, mov_placa) values (?, ?, ?)
Hibernate: insert into movil (mov_cilindraje, mov_tipo_movil, mov_placa) values (?, ?, ?)
2019-05-20 14:54:59.281 TRACE 10536 --- [    Test worker] o.h.type.descriptor.sql.BasicBinder      : binding parameter [1] as [DOUBLE] - [-1.0]
2019-05-20 14:54:59.281 TRACE 10536 --- [    Test worker] o.h.type.descriptor.sql.BasicBinder      : binding parameter [2] as [VARCHAR] - [CARRO]
2019-05-20 14:54:59.281 TRACE 10536 --- [    Test worker] o.h.type.descriptor.sql.BasicBinder      : binding parameter [3] as [VARCHAR] - [VBN-9]
2019-05-20 14:54:59.283 DEBUG 10536 --- [    Test worker] org.hibernate.SQL                        : select movilentit_.mov_placa, movilentit_.mov_cilindraje as mov_cili2_2_, movilentit_.mov_tipo_movil as mov_tipo3_2_ from movil movilentit_ where movilentit_.mov_placa=?
Hibernate: select movilentit_.mov_placa, movilentit_.mov_cilindraje as mov_cili2_2_, movilentit_.mov_tipo_movil as mov_tipo3_2_ from movil movilentit_ where movilentit_.mov_placa=?
2019-05-20 14:54:59.284 TRACE 10536 --- [    Test worker] o.h.type.descriptor.sql.BasicBinder      : binding parameter [1] as [VARCHAR] - [VBN-9]
2019-05-20 14:54:59.285 TRACE 10536 --- [    Test worker] o.h.type.descriptor.sql.BasicExtractor   : extracted value ([mov_cili2_2_] : [DOUBLE]) - [-1.0]
2019-05-20 14:54:59.285 TRACE 10536 --- [    Test worker] o.h.type.descriptor.sql.BasicExtractor   : extracted value ([mov_tipo3_2_] : [VARCHAR]) - [CARRO]
2019-05-20 14:54:59.286 DEBUG 10536 --- [    Test worker] org.hibernate.SQL                        : insert into factura (facId, fac_fecha_ingreso, fac_fecha_salida, fac_valor, mov_placa) values (null, ?, ?, ?, ?)
Hibernate: insert into factura (facId, fac_fecha_ingreso, fac_fecha_salida, fac_valor, mov_placa) values (null, ?, ?, ?, ?)
2019-05-20 14:54:59.286 TRACE 10536 --- [    Test worker] o.h.type.descriptor.sql.BasicBinder      : binding parameter [1] as [TIMESTAMP] - [Mon May 20 14:54:59 COT 2019]
2019-05-20 14:54:59.286 TRACE 10536 --- [    Test worker] o.h.type.descriptor.sql.BasicBinder      : binding parameter [2] as [TIMESTAMP] - [null]
2019-05-20 14:54:59.286 TRACE 10536 --- [    Test worker] o.h.type.descriptor.sql.BasicBinder      : binding parameter [3] as [DOUBLE] - [0.0]
2019-05-20 14:54:59.287 TRACE 10536 --- [    Test worker] o.h.type.descriptor.sql.BasicBinder      : binding parameter [4] as [VARCHAR] - [VBN-9]
2019-05-20 14:54:59.289 DEBUG 10536 --- [    Test worker] org.hibernate.SQL                        : SELECT COUNT(*) FROM factura JOIN movil ON factura.mov_placa = movil.mov_placa WHERE movil.mov_tipo_movil = ? AND factura.fac_fecha_salida IS NULL
Hibernate: SELECT COUNT(*) FROM factura JOIN movil ON factura.mov_placa = movil.mov_placa WHERE movil.mov_tipo_movil = ? AND factura.fac_fecha_salida IS NULL
2019-05-20 14:54:59.291 TRACE 10536 --- [    Test worker] o.h.type.descriptor.sql.BasicBinder      : binding parameter [1] as [VARCHAR] - [CARRO]
2019-05-20 14:54:59.292 TRACE 10536 --- [    Test worker] o.h.type.descriptor.sql.BasicExtractor   : extracted value ([COUNT(*)] : [NUMERIC]) - [10]
2019-05-20 14:54:59.295 DEBUG 10536 --- [    Test worker] org.hibernate.SQL                        : SELECT COUNT(*) FROM factura WHERE mov_placa = ? AND fac_fecha_salida IS NULL
Hibernate: SELECT COUNT(*) FROM factura WHERE mov_placa = ? AND fac_fecha_salida IS NULL
2019-05-20 14:54:59.296 TRACE 10536 --- [    Test worker] o.h.type.descriptor.sql.BasicBinder      : binding parameter [1] as [VARCHAR] - [VBN-10]
2019-05-20 14:54:59.296 TRACE 10536 --- [    Test worker] o.h.type.descriptor.sql.BasicExtractor   : extracted value ([COUNT(*)] : [NUMERIC]) - [0]
2019-05-20 14:54:59.298 DEBUG 10536 --- [    Test worker] org.hibernate.SQL                        : select movilentit0_.mov_placa as mov_plac1_2_0_, movilentit0_.mov_cilindraje as mov_cili2_2_0_, movilentit0_.mov_tipo_movil as mov_tipo3_2_0_ from movil movilentit0_ where movilentit0_.mov_placa=?
Hibernate: select movilentit0_.mov_placa as mov_plac1_2_0_, movilentit0_.mov_cilindraje as mov_cili2_2_0_, movilentit0_.mov_tipo_movil as mov_tipo3_2_0_ from movil movilentit0_ where movilentit0_.mov_placa=?
2019-05-20 14:54:59.299 TRACE 10536 --- [    Test worker] o.h.type.descriptor.sql.BasicBinder      : binding parameter [1] as [VARCHAR] - [VBN-10]
2019-05-20 14:54:59.301 DEBUG 10536 --- [    Test worker] org.hibernate.SQL                        : select movilentit0_.mov_placa as mov_plac1_2_1_, movilentit0_.mov_cilindraje as mov_cili2_2_1_, movilentit0_.mov_tipo_movil as mov_tipo3_2_1_, facturasen1_.mov_placa as mov_plac5_1_3_, facturasen1_.facId as facId1_1_3_, facturasen1_.facId as facId1_1_0_, facturasen1_.fac_fecha_ingreso as fac_fech2_1_0_, facturasen1_.fac_fecha_salida as fac_fech3_1_0_, facturasen1_.fac_valor as fac_valo4_1_0_, facturasen1_.mov_placa as mov_plac5_1_0_ from movil movilentit0_ left outer join factura facturasen1_ on movilentit0_.mov_placa=facturasen1_.mov_placa where movilentit0_.mov_placa=?
Hibernate: select movilentit0_.mov_placa as mov_plac1_2_1_, movilentit0_.mov_cilindraje as mov_cili2_2_1_, movilentit0_.mov_tipo_movil as mov_tipo3_2_1_, facturasen1_.mov_placa as mov_plac5_1_3_, facturasen1_.facId as facId1_1_3_, facturasen1_.facId as facId1_1_0_, facturasen1_.fac_fecha_ingreso as fac_fech2_1_0_, facturasen1_.fac_fecha_salida as fac_fech3_1_0_, facturasen1_.fac_valor as fac_valo4_1_0_, facturasen1_.mov_placa as mov_plac5_1_0_ from movil movilentit0_ left outer join factura facturasen1_ on movilentit0_.mov_placa=facturasen1_.mov_placa where movilentit0_.mov_placa=?
2019-05-20 14:54:59.302 TRACE 10536 --- [    Test worker] o.h.type.descriptor.sql.BasicBinder      : binding parameter [1] as [VARCHAR] - [VBN-10]
2019-05-20 14:54:59.303 DEBUG 10536 --- [    Test worker] org.hibernate.SQL                        : insert into movil (mov_cilindraje, mov_tipo_movil, mov_placa) values (?, ?, ?)
Hibernate: insert into movil (mov_cilindraje, mov_tipo_movil, mov_placa) values (?, ?, ?)
2019-05-20 14:54:59.304 TRACE 10536 --- [    Test worker] o.h.type.descriptor.sql.BasicBinder      : binding parameter [1] as [DOUBLE] - [-1.0]
2019-05-20 14:54:59.304 TRACE 10536 --- [    Test worker] o.h.type.descriptor.sql.BasicBinder      : binding parameter [2] as [VARCHAR] - [CARRO]
2019-05-20 14:54:59.304 TRACE 10536 --- [    Test worker] o.h.type.descriptor.sql.BasicBinder      : binding parameter [3] as [VARCHAR] - [VBN-10]
2019-05-20 14:54:59.306 DEBUG 10536 --- [    Test worker] org.hibernate.SQL                        : select movilentit_.mov_placa, movilentit_.mov_cilindraje as mov_cili2_2_, movilentit_.mov_tipo_movil as mov_tipo3_2_ from movil movilentit_ where movilentit_.mov_placa=?
Hibernate: select movilentit_.mov_placa, movilentit_.mov_cilindraje as mov_cili2_2_, movilentit_.mov_tipo_movil as mov_tipo3_2_ from movil movilentit_ where movilentit_.mov_placa=?
2019-05-20 14:54:59.306 TRACE 10536 --- [    Test worker] o.h.type.descriptor.sql.BasicBinder      : binding parameter [1] as [VARCHAR] - [VBN-10]
2019-05-20 14:54:59.307 TRACE 10536 --- [    Test worker] o.h.type.descriptor.sql.BasicExtractor   : extracted value ([mov_cili2_2_] : [DOUBLE]) - [-1.0]
2019-05-20 14:54:59.307 TRACE 10536 --- [    Test worker] o.h.type.descriptor.sql.BasicExtractor   : extracted value ([mov_tipo3_2_] : [VARCHAR]) - [CARRO]
2019-05-20 14:54:59.307 DEBUG 10536 --- [    Test worker] org.hibernate.SQL                        : insert into factura (facId, fac_fecha_ingreso, fac_fecha_salida, fac_valor, mov_placa) values (null, ?, ?, ?, ?)
Hibernate: insert into factura (facId, fac_fecha_ingreso, fac_fecha_salida, fac_valor, mov_placa) values (null, ?, ?, ?, ?)
2019-05-20 14:54:59.308 TRACE 10536 --- [    Test worker] o.h.type.descriptor.sql.BasicBinder      : binding parameter [1] as [TIMESTAMP] - [Mon May 20 14:54:59 COT 2019]
2019-05-20 14:54:59.308 TRACE 10536 --- [    Test worker] o.h.type.descriptor.sql.BasicBinder      : binding parameter [2] as [TIMESTAMP] - [null]
2019-05-20 14:54:59.308 TRACE 10536 --- [    Test worker] o.h.type.descriptor.sql.BasicBinder      : binding parameter [3] as [DOUBLE] - [0.0]
2019-05-20 14:54:59.308 TRACE 10536 --- [    Test worker] o.h.type.descriptor.sql.BasicBinder      : binding parameter [4] as [VARCHAR] - [VBN-10]
2019-05-20 14:54:59.311 DEBUG 10536 --- [    Test worker] org.hibernate.SQL                        : SELECT COUNT(*) FROM factura JOIN movil ON factura.mov_placa = movil.mov_placa WHERE movil.mov_tipo_movil = ? AND factura.fac_fecha_salida IS NULL
Hibernate: SELECT COUNT(*) FROM factura JOIN movil ON factura.mov_placa = movil.mov_placa WHERE movil.mov_tipo_movil = ? AND factura.fac_fecha_salida IS NULL
2019-05-20 14:54:59.313 TRACE 10536 --- [    Test worker] o.h.type.descriptor.sql.BasicBinder      : binding parameter [1] as [VARCHAR] - [CARRO]
2019-05-20 14:54:59.315 TRACE 10536 --- [    Test worker] o.h.type.descriptor.sql.BasicExtractor   : extracted value ([COUNT(*)] : [NUMERIC]) - [11]
2019-05-20 14:54:59.316 DEBUG 10536 --- [    Test worker] org.hibernate.SQL                        : SELECT COUNT(*) FROM factura WHERE mov_placa = ? AND fac_fecha_salida IS NULL
Hibernate: SELECT COUNT(*) FROM factura WHERE mov_placa = ? AND fac_fecha_salida IS NULL
2019-05-20 14:54:59.317 TRACE 10536 --- [    Test worker] o.h.type.descriptor.sql.BasicBinder      : binding parameter [1] as [VARCHAR] - [VBN-11]
2019-05-20 14:54:59.318 TRACE 10536 --- [    Test worker] o.h.type.descriptor.sql.BasicExtractor   : extracted value ([COUNT(*)] : [NUMERIC]) - [0]
2019-05-20 14:54:59.321 DEBUG 10536 --- [    Test worker] org.hibernate.SQL                        : select movilentit0_.mov_placa as mov_plac1_2_0_, movilentit0_.mov_cilindraje as mov_cili2_2_0_, movilentit0_.mov_tipo_movil as mov_tipo3_2_0_ from movil movilentit0_ where movilentit0_.mov_placa=?
Hibernate: select movilentit0_.mov_placa as mov_plac1_2_0_, movilentit0_.mov_cilindraje as mov_cili2_2_0_, movilentit0_.mov_tipo_movil as mov_tipo3_2_0_ from movil movilentit0_ where movilentit0_.mov_placa=?
2019-05-20 14:54:59.322 TRACE 10536 --- [    Test worker] o.h.type.descriptor.sql.BasicBinder      : binding parameter [1] as [VARCHAR] - [VBN-11]
2019-05-20 14:54:59.324 DEBUG 10536 --- [    Test worker] org.hibernate.SQL                        : select movilentit0_.mov_placa as mov_plac1_2_1_, movilentit0_.mov_cilindraje as mov_cili2_2_1_, movilentit0_.mov_tipo_movil as mov_tipo3_2_1_, facturasen1_.mov_placa as mov_plac5_1_3_, facturasen1_.facId as facId1_1_3_, facturasen1_.facId as facId1_1_0_, facturasen1_.fac_fecha_ingreso as fac_fech2_1_0_, facturasen1_.fac_fecha_salida as fac_fech3_1_0_, facturasen1_.fac_valor as fac_valo4_1_0_, facturasen1_.mov_placa as mov_plac5_1_0_ from movil movilentit0_ left outer join factura facturasen1_ on movilentit0_.mov_placa=facturasen1_.mov_placa where movilentit0_.mov_placa=?
Hibernate: select movilentit0_.mov_placa as mov_plac1_2_1_, movilentit0_.mov_cilindraje as mov_cili2_2_1_, movilentit0_.mov_tipo_movil as mov_tipo3_2_1_, facturasen1_.mov_placa as mov_plac5_1_3_, facturasen1_.facId as facId1_1_3_, facturasen1_.facId as facId1_1_0_, facturasen1_.fac_fecha_ingreso as fac_fech2_1_0_, facturasen1_.fac_fecha_salida as fac_fech3_1_0_, facturasen1_.fac_valor as fac_valo4_1_0_, facturasen1_.mov_placa as mov_plac5_1_0_ from movil movilentit0_ left outer join factura facturasen1_ on movilentit0_.mov_placa=facturasen1_.mov_placa where movilentit0_.mov_placa=?
2019-05-20 14:54:59.325 TRACE 10536 --- [    Test worker] o.h.type.descriptor.sql.BasicBinder      : binding parameter [1] as [VARCHAR] - [VBN-11]
2019-05-20 14:54:59.327 DEBUG 10536 --- [    Test worker] org.hibernate.SQL                        : insert into movil (mov_cilindraje, mov_tipo_movil, mov_placa) values (?, ?, ?)
Hibernate: insert into movil (mov_cilindraje, mov_tipo_movil, mov_placa) values (?, ?, ?)
2019-05-20 14:54:59.327 TRACE 10536 --- [    Test worker] o.h.type.descriptor.sql.BasicBinder      : binding parameter [1] as [DOUBLE] - [-1.0]
2019-05-20 14:54:59.328 TRACE 10536 --- [    Test worker] o.h.type.descriptor.sql.BasicBinder      : binding parameter [2] as [VARCHAR] - [CARRO]
2019-05-20 14:54:59.328 TRACE 10536 --- [    Test worker] o.h.type.descriptor.sql.BasicBinder      : binding parameter [3] as [VARCHAR] - [VBN-11]
2019-05-20 14:54:59.330 DEBUG 10536 --- [    Test worker] org.hibernate.SQL                        : select movilentit_.mov_placa, movilentit_.mov_cilindraje as mov_cili2_2_, movilentit_.mov_tipo_movil as mov_tipo3_2_ from movil movilentit_ where movilentit_.mov_placa=?
Hibernate: select movilentit_.mov_placa, movilentit_.mov_cilindraje as mov_cili2_2_, movilentit_.mov_tipo_movil as mov_tipo3_2_ from movil movilentit_ where movilentit_.mov_placa=?
2019-05-20 14:54:59.331 TRACE 10536 --- [    Test worker] o.h.type.descriptor.sql.BasicBinder      : binding parameter [1] as [VARCHAR] - [VBN-11]
2019-05-20 14:54:59.331 TRACE 10536 --- [    Test worker] o.h.type.descriptor.sql.BasicExtractor   : extracted value ([mov_cili2_2_] : [DOUBLE]) - [-1.0]
2019-05-20 14:54:59.331 TRACE 10536 --- [    Test worker] o.h.type.descriptor.sql.BasicExtractor   : extracted value ([mov_tipo3_2_] : [VARCHAR]) - [CARRO]
2019-05-20 14:54:59.332 DEBUG 10536 --- [    Test worker] org.hibernate.SQL                        : insert into factura (facId, fac_fecha_ingreso, fac_fecha_salida, fac_valor, mov_placa) values (null, ?, ?, ?, ?)
Hibernate: insert into factura (facId, fac_fecha_ingreso, fac_fecha_salida, fac_valor, mov_placa) values (null, ?, ?, ?, ?)
2019-05-20 14:54:59.333 TRACE 10536 --- [    Test worker] o.h.type.descriptor.sql.BasicBinder      : binding parameter [1] as [TIMESTAMP] - [Mon May 20 14:54:59 COT 2019]
2019-05-20 14:54:59.333 TRACE 10536 --- [    Test worker] o.h.type.descriptor.sql.BasicBinder      : binding parameter [2] as [TIMESTAMP] - [null]
2019-05-20 14:54:59.333 TRACE 10536 --- [    Test worker] o.h.type.descriptor.sql.BasicBinder      : binding parameter [3] as [DOUBLE] - [0.0]
2019-05-20 14:54:59.333 TRACE 10536 --- [    Test worker] o.h.type.descriptor.sql.BasicBinder      : binding parameter [4] as [VARCHAR] - [VBN-11]
2019-05-20 14:54:59.335 DEBUG 10536 --- [    Test worker] org.hibernate.SQL                        : SELECT COUNT(*) FROM factura JOIN movil ON factura.mov_placa = movil.mov_placa WHERE movil.mov_tipo_movil = ? AND factura.fac_fecha_salida IS NULL
Hibernate: SELECT COUNT(*) FROM factura JOIN movil ON factura.mov_placa = movil.mov_placa WHERE movil.mov_tipo_movil = ? AND factura.fac_fecha_salida IS NULL
2019-05-20 14:54:59.336 TRACE 10536 --- [    Test worker] o.h.type.descriptor.sql.BasicBinder      : binding parameter [1] as [VARCHAR] - [CARRO]
2019-05-20 14:54:59.338 TRACE 10536 --- [    Test worker] o.h.type.descriptor.sql.BasicExtractor   : extracted value ([COUNT(*)] : [NUMERIC]) - [12]
2019-05-20 14:54:59.340 DEBUG 10536 --- [    Test worker] org.hibernate.SQL                        : SELECT COUNT(*) FROM factura WHERE mov_placa = ? AND fac_fecha_salida IS NULL
Hibernate: SELECT COUNT(*) FROM factura WHERE mov_placa = ? AND fac_fecha_salida IS NULL
2019-05-20 14:54:59.341 TRACE 10536 --- [    Test worker] o.h.type.descriptor.sql.BasicBinder      : binding parameter [1] as [VARCHAR] - [VBN-12]
2019-05-20 14:54:59.341 TRACE 10536 --- [    Test worker] o.h.type.descriptor.sql.BasicExtractor   : extracted value ([COUNT(*)] : [NUMERIC]) - [0]
2019-05-20 14:54:59.344 DEBUG 10536 --- [    Test worker] org.hibernate.SQL                        : select movilentit0_.mov_placa as mov_plac1_2_0_, movilentit0_.mov_cilindraje as mov_cili2_2_0_, movilentit0_.mov_tipo_movil as mov_tipo3_2_0_ from movil movilentit0_ where movilentit0_.mov_placa=?
Hibernate: select movilentit0_.mov_placa as mov_plac1_2_0_, movilentit0_.mov_cilindraje as mov_cili2_2_0_, movilentit0_.mov_tipo_movil as mov_tipo3_2_0_ from movil movilentit0_ where movilentit0_.mov_placa=?
2019-05-20 14:54:59.344 TRACE 10536 --- [    Test worker] o.h.type.descriptor.sql.BasicBinder      : binding parameter [1] as [VARCHAR] - [VBN-12]
2019-05-20 14:54:59.347 DEBUG 10536 --- [    Test worker] org.hibernate.SQL                        : select movilentit0_.mov_placa as mov_plac1_2_1_, movilentit0_.mov_cilindraje as mov_cili2_2_1_, movilentit0_.mov_tipo_movil as mov_tipo3_2_1_, facturasen1_.mov_placa as mov_plac5_1_3_, facturasen1_.facId as facId1_1_3_, facturasen1_.facId as facId1_1_0_, facturasen1_.fac_fecha_ingreso as fac_fech2_1_0_, facturasen1_.fac_fecha_salida as fac_fech3_1_0_, facturasen1_.fac_valor as fac_valo4_1_0_, facturasen1_.mov_placa as mov_plac5_1_0_ from movil movilentit0_ left outer join factura facturasen1_ on movilentit0_.mov_placa=facturasen1_.mov_placa where movilentit0_.mov_placa=?
Hibernate: select movilentit0_.mov_placa as mov_plac1_2_1_, movilentit0_.mov_cilindraje as mov_cili2_2_1_, movilentit0_.mov_tipo_movil as mov_tipo3_2_1_, facturasen1_.mov_placa as mov_plac5_1_3_, facturasen1_.facId as facId1_1_3_, facturasen1_.facId as facId1_1_0_, facturasen1_.fac_fecha_ingreso as fac_fech2_1_0_, facturasen1_.fac_fecha_salida as fac_fech3_1_0_, facturasen1_.fac_valor as fac_valo4_1_0_, facturasen1_.mov_placa as mov_plac5_1_0_ from movil movilentit0_ left outer join factura facturasen1_ on movilentit0_.mov_placa=facturasen1_.mov_placa where movilentit0_.mov_placa=?
2019-05-20 14:54:59.348 TRACE 10536 --- [    Test worker] o.h.type.descriptor.sql.BasicBinder      : binding parameter [1] as [VARCHAR] - [VBN-12]
2019-05-20 14:54:59.349 DEBUG 10536 --- [    Test worker] org.hibernate.SQL                        : insert into movil (mov_cilindraje, mov_tipo_movil, mov_placa) values (?, ?, ?)
Hibernate: insert into movil (mov_cilindraje, mov_tipo_movil, mov_placa) values (?, ?, ?)
2019-05-20 14:54:59.351 TRACE 10536 --- [    Test worker] o.h.type.descriptor.sql.BasicBinder      : binding parameter [1] as [DOUBLE] - [-1.0]
2019-05-20 14:54:59.351 TRACE 10536 --- [    Test worker] o.h.type.descriptor.sql.BasicBinder      : binding parameter [2] as [VARCHAR] - [CARRO]
2019-05-20 14:54:59.351 TRACE 10536 --- [    Test worker] o.h.type.descriptor.sql.BasicBinder      : binding parameter [3] as [VARCHAR] - [VBN-12]
2019-05-20 14:54:59.353 DEBUG 10536 --- [    Test worker] org.hibernate.SQL                        : select movilentit_.mov_placa, movilentit_.mov_cilindraje as mov_cili2_2_, movilentit_.mov_tipo_movil as mov_tipo3_2_ from movil movilentit_ where movilentit_.mov_placa=?
Hibernate: select movilentit_.mov_placa, movilentit_.mov_cilindraje as mov_cili2_2_, movilentit_.mov_tipo_movil as mov_tipo3_2_ from movil movilentit_ where movilentit_.mov_placa=?
2019-05-20 14:54:59.354 TRACE 10536 --- [    Test worker] o.h.type.descriptor.sql.BasicBinder      : binding parameter [1] as [VARCHAR] - [VBN-12]
2019-05-20 14:54:59.355 TRACE 10536 --- [    Test worker] o.h.type.descriptor.sql.BasicExtractor   : extracted value ([mov_cili2_2_] : [DOUBLE]) - [-1.0]
2019-05-20 14:54:59.355 TRACE 10536 --- [    Test worker] o.h.type.descriptor.sql.BasicExtractor   : extracted value ([mov_tipo3_2_] : [VARCHAR]) - [CARRO]
2019-05-20 14:54:59.355 DEBUG 10536 --- [    Test worker] org.hibernate.SQL                        : insert into factura (facId, fac_fecha_ingreso, fac_fecha_salida, fac_valor, mov_placa) values (null, ?, ?, ?, ?)
Hibernate: insert into factura (facId, fac_fecha_ingreso, fac_fecha_salida, fac_valor, mov_placa) values (null, ?, ?, ?, ?)
2019-05-20 14:54:59.356 TRACE 10536 --- [    Test worker] o.h.type.descriptor.sql.BasicBinder      : binding parameter [1] as [TIMESTAMP] - [Mon May 20 14:54:59 COT 2019]
2019-05-20 14:54:59.356 TRACE 10536 --- [    Test worker] o.h.type.descriptor.sql.BasicBinder      : binding parameter [2] as [TIMESTAMP] - [null]
2019-05-20 14:54:59.356 TRACE 10536 --- [    Test worker] o.h.type.descriptor.sql.BasicBinder      : binding parameter [3] as [DOUBLE] - [0.0]
2019-05-20 14:54:59.357 TRACE 10536 --- [    Test worker] o.h.type.descriptor.sql.BasicBinder      : binding parameter [4] as [VARCHAR] - [VBN-12]
2019-05-20 14:54:59.360 DEBUG 10536 --- [    Test worker] org.hibernate.SQL                        : SELECT COUNT(*) FROM factura JOIN movil ON factura.mov_placa = movil.mov_placa WHERE movil.mov_tipo_movil = ? AND factura.fac_fecha_salida IS NULL
Hibernate: SELECT COUNT(*) FROM factura JOIN movil ON factura.mov_placa = movil.mov_placa WHERE movil.mov_tipo_movil = ? AND factura.fac_fecha_salida IS NULL
2019-05-20 14:54:59.361 TRACE 10536 --- [    Test worker] o.h.type.descriptor.sql.BasicBinder      : binding parameter [1] as [VARCHAR] - [CARRO]
2019-05-20 14:54:59.362 TRACE 10536 --- [    Test worker] o.h.type.descriptor.sql.BasicExtractor   : extracted value ([COUNT(*)] : [NUMERIC]) - [13]
2019-05-20 14:54:59.364 DEBUG 10536 --- [    Test worker] org.hibernate.SQL                        : SELECT COUNT(*) FROM factura WHERE mov_placa = ? AND fac_fecha_salida IS NULL
Hibernate: SELECT COUNT(*) FROM factura WHERE mov_placa = ? AND fac_fecha_salida IS NULL
2019-05-20 14:54:59.365 TRACE 10536 --- [    Test worker] o.h.type.descriptor.sql.BasicBinder      : binding parameter [1] as [VARCHAR] - [VBN-13]
2019-05-20 14:54:59.366 TRACE 10536 --- [    Test worker] o.h.type.descriptor.sql.BasicExtractor   : extracted value ([COUNT(*)] : [NUMERIC]) - [0]
2019-05-20 14:54:59.367 DEBUG 10536 --- [    Test worker] org.hibernate.SQL                        : select movilentit0_.mov_placa as mov_plac1_2_0_, movilentit0_.mov_cilindraje as mov_cili2_2_0_, movilentit0_.mov_tipo_movil as mov_tipo3_2_0_ from movil movilentit0_ where movilentit0_.mov_placa=?
Hibernate: select movilentit0_.mov_placa as mov_plac1_2_0_, movilentit0_.mov_cilindraje as mov_cili2_2_0_, movilentit0_.mov_tipo_movil as mov_tipo3_2_0_ from movil movilentit0_ where movilentit0_.mov_placa=?
2019-05-20 14:54:59.368 TRACE 10536 --- [    Test worker] o.h.type.descriptor.sql.BasicBinder      : binding parameter [1] as [VARCHAR] - [VBN-13]
2019-05-20 14:54:59.371 DEBUG 10536 --- [    Test worker] org.hibernate.SQL                        : select movilentit0_.mov_placa as mov_plac1_2_1_, movilentit0_.mov_cilindraje as mov_cili2_2_1_, movilentit0_.mov_tipo_movil as mov_tipo3_2_1_, facturasen1_.mov_placa as mov_plac5_1_3_, facturasen1_.facId as facId1_1_3_, facturasen1_.facId as facId1_1_0_, facturasen1_.fac_fecha_ingreso as fac_fech2_1_0_, facturasen1_.fac_fecha_salida as fac_fech3_1_0_, facturasen1_.fac_valor as fac_valo4_1_0_, facturasen1_.mov_placa as mov_plac5_1_0_ from movil movilentit0_ left outer join factura facturasen1_ on movilentit0_.mov_placa=facturasen1_.mov_placa where movilentit0_.mov_placa=?
Hibernate: select movilentit0_.mov_placa as mov_plac1_2_1_, movilentit0_.mov_cilindraje as mov_cili2_2_1_, movilentit0_.mov_tipo_movil as mov_tipo3_2_1_, facturasen1_.mov_placa as mov_plac5_1_3_, facturasen1_.facId as facId1_1_3_, facturasen1_.facId as facId1_1_0_, facturasen1_.fac_fecha_ingreso as fac_fech2_1_0_, facturasen1_.fac_fecha_salida as fac_fech3_1_0_, facturasen1_.fac_valor as fac_valo4_1_0_, facturasen1_.mov_placa as mov_plac5_1_0_ from movil movilentit0_ left outer join factura facturasen1_ on movilentit0_.mov_placa=facturasen1_.mov_placa where movilentit0_.mov_placa=?
2019-05-20 14:54:59.372 TRACE 10536 --- [    Test worker] o.h.type.descriptor.sql.BasicBinder      : binding parameter [1] as [VARCHAR] - [VBN-13]
2019-05-20 14:54:59.373 DEBUG 10536 --- [    Test worker] org.hibernate.SQL                        : insert into movil (mov_cilindraje, mov_tipo_movil, mov_placa) values (?, ?, ?)
Hibernate: insert into movil (mov_cilindraje, mov_tipo_movil, mov_placa) values (?, ?, ?)
2019-05-20 14:54:59.374 TRACE 10536 --- [    Test worker] o.h.type.descriptor.sql.BasicBinder      : binding parameter [1] as [DOUBLE] - [-1.0]
2019-05-20 14:54:59.374 TRACE 10536 --- [    Test worker] o.h.type.descriptor.sql.BasicBinder      : binding parameter [2] as [VARCHAR] - [CARRO]
2019-05-20 14:54:59.374 TRACE 10536 --- [    Test worker] o.h.type.descriptor.sql.BasicBinder      : binding parameter [3] as [VARCHAR] - [VBN-13]
2019-05-20 14:54:59.379 DEBUG 10536 --- [    Test worker] org.hibernate.SQL                        : select movilentit_.mov_placa, movilentit_.mov_cilindraje as mov_cili2_2_, movilentit_.mov_tipo_movil as mov_tipo3_2_ from movil movilentit_ where movilentit_.mov_placa=?
Hibernate: select movilentit_.mov_placa, movilentit_.mov_cilindraje as mov_cili2_2_, movilentit_.mov_tipo_movil as mov_tipo3_2_ from movil movilentit_ where movilentit_.mov_placa=?
2019-05-20 14:54:59.379 TRACE 10536 --- [    Test worker] o.h.type.descriptor.sql.BasicBinder      : binding parameter [1] as [VARCHAR] - [VBN-13]
2019-05-20 14:54:59.379 TRACE 10536 --- [    Test worker] o.h.type.descriptor.sql.BasicExtractor   : extracted value ([mov_cili2_2_] : [DOUBLE]) - [-1.0]
2019-05-20 14:54:59.379 TRACE 10536 --- [    Test worker] o.h.type.descriptor.sql.BasicExtractor   : extracted value ([mov_tipo3_2_] : [VARCHAR]) - [CARRO]
2019-05-20 14:54:59.380 DEBUG 10536 --- [    Test worker] org.hibernate.SQL                        : insert into factura (facId, fac_fecha_ingreso, fac_fecha_salida, fac_valor, mov_placa) values (null, ?, ?, ?, ?)
Hibernate: insert into factura (facId, fac_fecha_ingreso, fac_fecha_salida, fac_valor, mov_placa) values (null, ?, ?, ?, ?)
2019-05-20 14:54:59.381 TRACE 10536 --- [    Test worker] o.h.type.descriptor.sql.BasicBinder      : binding parameter [1] as [TIMESTAMP] - [Mon May 20 14:54:59 COT 2019]
2019-05-20 14:54:59.381 TRACE 10536 --- [    Test worker] o.h.type.descriptor.sql.BasicBinder      : binding parameter [2] as [TIMESTAMP] - [null]
2019-05-20 14:54:59.381 TRACE 10536 --- [    Test worker] o.h.type.descriptor.sql.BasicBinder      : binding parameter [3] as [DOUBLE] - [0.0]
2019-05-20 14:54:59.381 TRACE 10536 --- [    Test worker] o.h.type.descriptor.sql.BasicBinder      : binding parameter [4] as [VARCHAR] - [VBN-13]
2019-05-20 14:54:59.384 DEBUG 10536 --- [    Test worker] org.hibernate.SQL                        : SELECT COUNT(*) FROM factura JOIN movil ON factura.mov_placa = movil.mov_placa WHERE movil.mov_tipo_movil = ? AND factura.fac_fecha_salida IS NULL
Hibernate: SELECT COUNT(*) FROM factura JOIN movil ON factura.mov_placa = movil.mov_placa WHERE movil.mov_tipo_movil = ? AND factura.fac_fecha_salida IS NULL
2019-05-20 14:54:59.385 TRACE 10536 --- [    Test worker] o.h.type.descriptor.sql.BasicBinder      : binding parameter [1] as [VARCHAR] - [CARRO]
2019-05-20 14:54:59.387 TRACE 10536 --- [    Test worker] o.h.type.descriptor.sql.BasicExtractor   : extracted value ([COUNT(*)] : [NUMERIC]) - [14]
2019-05-20 14:54:59.388 DEBUG 10536 --- [    Test worker] org.hibernate.SQL                        : SELECT COUNT(*) FROM factura WHERE mov_placa = ? AND fac_fecha_salida IS NULL
Hibernate: SELECT COUNT(*) FROM factura WHERE mov_placa = ? AND fac_fecha_salida IS NULL
2019-05-20 14:54:59.389 TRACE 10536 --- [    Test worker] o.h.type.descriptor.sql.BasicBinder      : binding parameter [1] as [VARCHAR] - [VBN-14]
2019-05-20 14:54:59.390 TRACE 10536 --- [    Test worker] o.h.type.descriptor.sql.BasicExtractor   : extracted value ([COUNT(*)] : [NUMERIC]) - [0]
2019-05-20 14:54:59.392 DEBUG 10536 --- [    Test worker] org.hibernate.SQL                        : select movilentit0_.mov_placa as mov_plac1_2_0_, movilentit0_.mov_cilindraje as mov_cili2_2_0_, movilentit0_.mov_tipo_movil as mov_tipo3_2_0_ from movil movilentit0_ where movilentit0_.mov_placa=?
Hibernate: select movilentit0_.mov_placa as mov_plac1_2_0_, movilentit0_.mov_cilindraje as mov_cili2_2_0_, movilentit0_.mov_tipo_movil as mov_tipo3_2_0_ from movil movilentit0_ where movilentit0_.mov_placa=?
2019-05-20 14:54:59.392 TRACE 10536 --- [    Test worker] o.h.type.descriptor.sql.BasicBinder      : binding parameter [1] as [VARCHAR] - [VBN-14]
2019-05-20 14:54:59.394 DEBUG 10536 --- [    Test worker] org.hibernate.SQL                        : select movilentit0_.mov_placa as mov_plac1_2_1_, movilentit0_.mov_cilindraje as mov_cili2_2_1_, movilentit0_.mov_tipo_movil as mov_tipo3_2_1_, facturasen1_.mov_placa as mov_plac5_1_3_, facturasen1_.facId as facId1_1_3_, facturasen1_.facId as facId1_1_0_, facturasen1_.fac_fecha_ingreso as fac_fech2_1_0_, facturasen1_.fac_fecha_salida as fac_fech3_1_0_, facturasen1_.fac_valor as fac_valo4_1_0_, facturasen1_.mov_placa as mov_plac5_1_0_ from movil movilentit0_ left outer join factura facturasen1_ on movilentit0_.mov_placa=facturasen1_.mov_placa where movilentit0_.mov_placa=?
Hibernate: select movilentit0_.mov_placa as mov_plac1_2_1_, movilentit0_.mov_cilindraje as mov_cili2_2_1_, movilentit0_.mov_tipo_movil as mov_tipo3_2_1_, facturasen1_.mov_placa as mov_plac5_1_3_, facturasen1_.facId as facId1_1_3_, facturasen1_.facId as facId1_1_0_, facturasen1_.fac_fecha_ingreso as fac_fech2_1_0_, facturasen1_.fac_fecha_salida as fac_fech3_1_0_, facturasen1_.fac_valor as fac_valo4_1_0_, facturasen1_.mov_placa as mov_plac5_1_0_ from movil movilentit0_ left outer join factura facturasen1_ on movilentit0_.mov_placa=facturasen1_.mov_placa where movilentit0_.mov_placa=?
2019-05-20 14:54:59.395 TRACE 10536 --- [    Test worker] o.h.type.descriptor.sql.BasicBinder      : binding parameter [1] as [VARCHAR] - [VBN-14]
2019-05-20 14:54:59.397 DEBUG 10536 --- [    Test worker] org.hibernate.SQL                        : insert into movil (mov_cilindraje, mov_tipo_movil, mov_placa) values (?, ?, ?)
Hibernate: insert into movil (mov_cilindraje, mov_tipo_movil, mov_placa) values (?, ?, ?)
2019-05-20 14:54:59.397 TRACE 10536 --- [    Test worker] o.h.type.descriptor.sql.BasicBinder      : binding parameter [1] as [DOUBLE] - [-1.0]
2019-05-20 14:54:59.397 TRACE 10536 --- [    Test worker] o.h.type.descriptor.sql.BasicBinder      : binding parameter [2] as [VARCHAR] - [CARRO]
2019-05-20 14:54:59.397 TRACE 10536 --- [    Test worker] o.h.type.descriptor.sql.BasicBinder      : binding parameter [3] as [VARCHAR] - [VBN-14]
2019-05-20 14:54:59.401 DEBUG 10536 --- [    Test worker] org.hibernate.SQL                        : select movilentit_.mov_placa, movilentit_.mov_cilindraje as mov_cili2_2_, movilentit_.mov_tipo_movil as mov_tipo3_2_ from movil movilentit_ where movilentit_.mov_placa=?
Hibernate: select movilentit_.mov_placa, movilentit_.mov_cilindraje as mov_cili2_2_, movilentit_.mov_tipo_movil as mov_tipo3_2_ from movil movilentit_ where movilentit_.mov_placa=?
2019-05-20 14:54:59.402 TRACE 10536 --- [    Test worker] o.h.type.descriptor.sql.BasicBinder      : binding parameter [1] as [VARCHAR] - [VBN-14]
2019-05-20 14:54:59.402 TRACE 10536 --- [    Test worker] o.h.type.descriptor.sql.BasicExtractor   : extracted value ([mov_cili2_2_] : [DOUBLE]) - [-1.0]
2019-05-20 14:54:59.402 TRACE 10536 --- [    Test worker] o.h.type.descriptor.sql.BasicExtractor   : extracted value ([mov_tipo3_2_] : [VARCHAR]) - [CARRO]
2019-05-20 14:54:59.403 DEBUG 10536 --- [    Test worker] org.hibernate.SQL                        : insert into factura (facId, fac_fecha_ingreso, fac_fecha_salida, fac_valor, mov_placa) values (null, ?, ?, ?, ?)
Hibernate: insert into factura (facId, fac_fecha_ingreso, fac_fecha_salida, fac_valor, mov_placa) values (null, ?, ?, ?, ?)
2019-05-20 14:54:59.403 TRACE 10536 --- [    Test worker] o.h.type.descriptor.sql.BasicBinder      : binding parameter [1] as [TIMESTAMP] - [Mon May 20 14:54:59 COT 2019]
2019-05-20 14:54:59.403 TRACE 10536 --- [    Test worker] o.h.type.descriptor.sql.BasicBinder      : binding parameter [2] as [TIMESTAMP] - [null]
2019-05-20 14:54:59.403 TRACE 10536 --- [    Test worker] o.h.type.descriptor.sql.BasicBinder      : binding parameter [3] as [DOUBLE] - [0.0]
2019-05-20 14:54:59.403 TRACE 10536 --- [    Test worker] o.h.type.descriptor.sql.BasicBinder      : binding parameter [4] as [VARCHAR] - [VBN-14]
2019-05-20 14:54:59.406 DEBUG 10536 --- [    Test worker] org.hibernate.SQL                        : SELECT COUNT(*) FROM factura JOIN movil ON factura.mov_placa = movil.mov_placa WHERE movil.mov_tipo_movil = ? AND factura.fac_fecha_salida IS NULL
Hibernate: SELECT COUNT(*) FROM factura JOIN movil ON factura.mov_placa = movil.mov_placa WHERE movil.mov_tipo_movil = ? AND factura.fac_fecha_salida IS NULL
2019-05-20 14:54:59.407 TRACE 10536 --- [    Test worker] o.h.type.descriptor.sql.BasicBinder      : binding parameter [1] as [VARCHAR] - [CARRO]
2019-05-20 14:54:59.408 TRACE 10536 --- [    Test worker] o.h.type.descriptor.sql.BasicExtractor   : extracted value ([COUNT(*)] : [NUMERIC]) - [15]
2019-05-20 14:54:59.409 DEBUG 10536 --- [    Test worker] org.hibernate.SQL                        : SELECT COUNT(*) FROM factura WHERE mov_placa = ? AND fac_fecha_salida IS NULL
Hibernate: SELECT COUNT(*) FROM factura WHERE mov_placa = ? AND fac_fecha_salida IS NULL
2019-05-20 14:54:59.411 TRACE 10536 --- [    Test worker] o.h.type.descriptor.sql.BasicBinder      : binding parameter [1] as [VARCHAR] - [VBN-15]
2019-05-20 14:54:59.412 TRACE 10536 --- [    Test worker] o.h.type.descriptor.sql.BasicExtractor   : extracted value ([COUNT(*)] : [NUMERIC]) - [0]
2019-05-20 14:54:59.413 DEBUG 10536 --- [    Test worker] org.hibernate.SQL                        : select movilentit0_.mov_placa as mov_plac1_2_0_, movilentit0_.mov_cilindraje as mov_cili2_2_0_, movilentit0_.mov_tipo_movil as mov_tipo3_2_0_ from movil movilentit0_ where movilentit0_.mov_placa=?
Hibernate: select movilentit0_.mov_placa as mov_plac1_2_0_, movilentit0_.mov_cilindraje as mov_cili2_2_0_, movilentit0_.mov_tipo_movil as mov_tipo3_2_0_ from movil movilentit0_ where movilentit0_.mov_placa=?
2019-05-20 14:54:59.413 TRACE 10536 --- [    Test worker] o.h.type.descriptor.sql.BasicBinder      : binding parameter [1] as [VARCHAR] - [VBN-15]
2019-05-20 14:54:59.416 DEBUG 10536 --- [    Test worker] org.hibernate.SQL                        : select movilentit0_.mov_placa as mov_plac1_2_1_, movilentit0_.mov_cilindraje as mov_cili2_2_1_, movilentit0_.mov_tipo_movil as mov_tipo3_2_1_, facturasen1_.mov_placa as mov_plac5_1_3_, facturasen1_.facId as facId1_1_3_, facturasen1_.facId as facId1_1_0_, facturasen1_.fac_fecha_ingreso as fac_fech2_1_0_, facturasen1_.fac_fecha_salida as fac_fech3_1_0_, facturasen1_.fac_valor as fac_valo4_1_0_, facturasen1_.mov_placa as mov_plac5_1_0_ from movil movilentit0_ left outer join factura facturasen1_ on movilentit0_.mov_placa=facturasen1_.mov_placa where movilentit0_.mov_placa=?
Hibernate: select movilentit0_.mov_placa as mov_plac1_2_1_, movilentit0_.mov_cilindraje as mov_cili2_2_1_, movilentit0_.mov_tipo_movil as mov_tipo3_2_1_, facturasen1_.mov_placa as mov_plac5_1_3_, facturasen1_.facId as facId1_1_3_, facturasen1_.facId as facId1_1_0_, facturasen1_.fac_fecha_ingreso as fac_fech2_1_0_, facturasen1_.fac_fecha_salida as fac_fech3_1_0_, facturasen1_.fac_valor as fac_valo4_1_0_, facturasen1_.mov_placa as mov_plac5_1_0_ from movil movilentit0_ left outer join factura facturasen1_ on movilentit0_.mov_placa=facturasen1_.mov_placa where movilentit0_.mov_placa=?
2019-05-20 14:54:59.416 TRACE 10536 --- [    Test worker] o.h.type.descriptor.sql.BasicBinder      : binding parameter [1] as [VARCHAR] - [VBN-15]
2019-05-20 14:54:59.419 DEBUG 10536 --- [    Test worker] org.hibernate.SQL                        : insert into movil (mov_cilindraje, mov_tipo_movil, mov_placa) values (?, ?, ?)
Hibernate: insert into movil (mov_cilindraje, mov_tipo_movil, mov_placa) values (?, ?, ?)
2019-05-20 14:54:59.419 TRACE 10536 --- [    Test worker] o.h.type.descriptor.sql.BasicBinder      : binding parameter [1] as [DOUBLE] - [-1.0]
2019-05-20 14:54:59.419 TRACE 10536 --- [    Test worker] o.h.type.descriptor.sql.BasicBinder      : binding parameter [2] as [VARCHAR] - [CARRO]
2019-05-20 14:54:59.419 TRACE 10536 --- [    Test worker] o.h.type.descriptor.sql.BasicBinder      : binding parameter [3] as [VARCHAR] - [VBN-15]
2019-05-20 14:54:59.422 DEBUG 10536 --- [    Test worker] org.hibernate.SQL                        : select movilentit_.mov_placa, movilentit_.mov_cilindraje as mov_cili2_2_, movilentit_.mov_tipo_movil as mov_tipo3_2_ from movil movilentit_ where movilentit_.mov_placa=?
Hibernate: select movilentit_.mov_placa, movilentit_.mov_cilindraje as mov_cili2_2_, movilentit_.mov_tipo_movil as mov_tipo3_2_ from movil movilentit_ where movilentit_.mov_placa=?
2019-05-20 14:54:59.422 TRACE 10536 --- [    Test worker] o.h.type.descriptor.sql.BasicBinder      : binding parameter [1] as [VARCHAR] - [VBN-15]
2019-05-20 14:54:59.422 TRACE 10536 --- [    Test worker] o.h.type.descriptor.sql.BasicExtractor   : extracted value ([mov_cili2_2_] : [DOUBLE]) - [-1.0]
2019-05-20 14:54:59.422 TRACE 10536 --- [    Test worker] o.h.type.descriptor.sql.BasicExtractor   : extracted value ([mov_tipo3_2_] : [VARCHAR]) - [CARRO]
2019-05-20 14:54:59.423 DEBUG 10536 --- [    Test worker] org.hibernate.SQL                        : insert into factura (facId, fac_fecha_ingreso, fac_fecha_salida, fac_valor, mov_placa) values (null, ?, ?, ?, ?)
Hibernate: insert into factura (facId, fac_fecha_ingreso, fac_fecha_salida, fac_valor, mov_placa) values (null, ?, ?, ?, ?)
2019-05-20 14:54:59.423 TRACE 10536 --- [    Test worker] o.h.type.descriptor.sql.BasicBinder      : binding parameter [1] as [TIMESTAMP] - [Mon May 20 14:54:59 COT 2019]
2019-05-20 14:54:59.423 TRACE 10536 --- [    Test worker] o.h.type.descriptor.sql.BasicBinder      : binding parameter [2] as [TIMESTAMP] - [null]
2019-05-20 14:54:59.423 TRACE 10536 --- [    Test worker] o.h.type.descriptor.sql.BasicBinder      : binding parameter [3] as [DOUBLE] - [0.0]
2019-05-20 14:54:59.423 TRACE 10536 --- [    Test worker] o.h.type.descriptor.sql.BasicBinder      : binding parameter [4] as [VARCHAR] - [VBN-15]
2019-05-20 14:54:59.426 DEBUG 10536 --- [    Test worker] org.hibernate.SQL                        : SELECT COUNT(*) FROM factura JOIN movil ON factura.mov_placa = movil.mov_placa WHERE movil.mov_tipo_movil = ? AND factura.fac_fecha_salida IS NULL
Hibernate: SELECT COUNT(*) FROM factura JOIN movil ON factura.mov_placa = movil.mov_placa WHERE movil.mov_tipo_movil = ? AND factura.fac_fecha_salida IS NULL
2019-05-20 14:54:59.427 TRACE 10536 --- [    Test worker] o.h.type.descriptor.sql.BasicBinder      : binding parameter [1] as [VARCHAR] - [CARRO]
2019-05-20 14:54:59.428 TRACE 10536 --- [    Test worker] o.h.type.descriptor.sql.BasicExtractor   : extracted value ([COUNT(*)] : [NUMERIC]) - [16]
2019-05-20 14:54:59.429 DEBUG 10536 --- [    Test worker] org.hibernate.SQL                        : SELECT COUNT(*) FROM factura WHERE mov_placa = ? AND fac_fecha_salida IS NULL
Hibernate: SELECT COUNT(*) FROM factura WHERE mov_placa = ? AND fac_fecha_salida IS NULL
2019-05-20 14:54:59.431 TRACE 10536 --- [    Test worker] o.h.type.descriptor.sql.BasicBinder      : binding parameter [1] as [VARCHAR] - [VBN-16]
2019-05-20 14:54:59.431 TRACE 10536 --- [    Test worker] o.h.type.descriptor.sql.BasicExtractor   : extracted value ([COUNT(*)] : [NUMERIC]) - [0]
2019-05-20 14:54:59.435 DEBUG 10536 --- [    Test worker] org.hibernate.SQL                        : select movilentit0_.mov_placa as mov_plac1_2_0_, movilentit0_.mov_cilindraje as mov_cili2_2_0_, movilentit0_.mov_tipo_movil as mov_tipo3_2_0_ from movil movilentit0_ where movilentit0_.mov_placa=?
Hibernate: select movilentit0_.mov_placa as mov_plac1_2_0_, movilentit0_.mov_cilindraje as mov_cili2_2_0_, movilentit0_.mov_tipo_movil as mov_tipo3_2_0_ from movil movilentit0_ where movilentit0_.mov_placa=?
2019-05-20 14:54:59.436 TRACE 10536 --- [    Test worker] o.h.type.descriptor.sql.BasicBinder      : binding parameter [1] as [VARCHAR] - [VBN-16]
2019-05-20 14:54:59.438 DEBUG 10536 --- [    Test worker] org.hibernate.SQL                        : select movilentit0_.mov_placa as mov_plac1_2_1_, movilentit0_.mov_cilindraje as mov_cili2_2_1_, movilentit0_.mov_tipo_movil as mov_tipo3_2_1_, facturasen1_.mov_placa as mov_plac5_1_3_, facturasen1_.facId as facId1_1_3_, facturasen1_.facId as facId1_1_0_, facturasen1_.fac_fecha_ingreso as fac_fech2_1_0_, facturasen1_.fac_fecha_salida as fac_fech3_1_0_, facturasen1_.fac_valor as fac_valo4_1_0_, facturasen1_.mov_placa as mov_plac5_1_0_ from movil movilentit0_ left outer join factura facturasen1_ on movilentit0_.mov_placa=facturasen1_.mov_placa where movilentit0_.mov_placa=?
Hibernate: select movilentit0_.mov_placa as mov_plac1_2_1_, movilentit0_.mov_cilindraje as mov_cili2_2_1_, movilentit0_.mov_tipo_movil as mov_tipo3_2_1_, facturasen1_.mov_placa as mov_plac5_1_3_, facturasen1_.facId as facId1_1_3_, facturasen1_.facId as facId1_1_0_, facturasen1_.fac_fecha_ingreso as fac_fech2_1_0_, facturasen1_.fac_fecha_salida as fac_fech3_1_0_, facturasen1_.fac_valor as fac_valo4_1_0_, facturasen1_.mov_placa as mov_plac5_1_0_ from movil movilentit0_ left outer join factura facturasen1_ on movilentit0_.mov_placa=facturasen1_.mov_placa where movilentit0_.mov_placa=?
2019-05-20 14:54:59.439 TRACE 10536 --- [    Test worker] o.h.type.descriptor.sql.BasicBinder      : binding parameter [1] as [VARCHAR] - [VBN-16]
2019-05-20 14:54:59.441 DEBUG 10536 --- [    Test worker] org.hibernate.SQL                        : insert into movil (mov_cilindraje, mov_tipo_movil, mov_placa) values (?, ?, ?)
Hibernate: insert into movil (mov_cilindraje, mov_tipo_movil, mov_placa) values (?, ?, ?)
2019-05-20 14:54:59.441 TRACE 10536 --- [    Test worker] o.h.type.descriptor.sql.BasicBinder      : binding parameter [1] as [DOUBLE] - [-1.0]
2019-05-20 14:54:59.441 TRACE 10536 --- [    Test worker] o.h.type.descriptor.sql.BasicBinder      : binding parameter [2] as [VARCHAR] - [CARRO]
2019-05-20 14:54:59.441 TRACE 10536 --- [    Test worker] o.h.type.descriptor.sql.BasicBinder      : binding parameter [3] as [VARCHAR] - [VBN-16]
2019-05-20 14:54:59.443 DEBUG 10536 --- [    Test worker] org.hibernate.SQL                        : select movilentit_.mov_placa, movilentit_.mov_cilindraje as mov_cili2_2_, movilentit_.mov_tipo_movil as mov_tipo3_2_ from movil movilentit_ where movilentit_.mov_placa=?
Hibernate: select movilentit_.mov_placa, movilentit_.mov_cilindraje as mov_cili2_2_, movilentit_.mov_tipo_movil as mov_tipo3_2_ from movil movilentit_ where movilentit_.mov_placa=?
2019-05-20 14:54:59.443 TRACE 10536 --- [    Test worker] o.h.type.descriptor.sql.BasicBinder      : binding parameter [1] as [VARCHAR] - [VBN-16]
2019-05-20 14:54:59.444 TRACE 10536 --- [    Test worker] o.h.type.descriptor.sql.BasicExtractor   : extracted value ([mov_cili2_2_] : [DOUBLE]) - [-1.0]
2019-05-20 14:54:59.444 TRACE 10536 --- [    Test worker] o.h.type.descriptor.sql.BasicExtractor   : extracted value ([mov_tipo3_2_] : [VARCHAR]) - [CARRO]
2019-05-20 14:54:59.445 DEBUG 10536 --- [    Test worker] org.hibernate.SQL                        : insert into factura (facId, fac_fecha_ingreso, fac_fecha_salida, fac_valor, mov_placa) values (null, ?, ?, ?, ?)
Hibernate: insert into factura (facId, fac_fecha_ingreso, fac_fecha_salida, fac_valor, mov_placa) values (null, ?, ?, ?, ?)
2019-05-20 14:54:59.445 TRACE 10536 --- [    Test worker] o.h.type.descriptor.sql.BasicBinder      : binding parameter [1] as [TIMESTAMP] - [Mon May 20 14:54:59 COT 2019]
2019-05-20 14:54:59.445 TRACE 10536 --- [    Test worker] o.h.type.descriptor.sql.BasicBinder      : binding parameter [2] as [TIMESTAMP] - [null]
2019-05-20 14:54:59.445 TRACE 10536 --- [    Test worker] o.h.type.descriptor.sql.BasicBinder      : binding parameter [3] as [DOUBLE] - [0.0]
2019-05-20 14:54:59.445 TRACE 10536 --- [    Test worker] o.h.type.descriptor.sql.BasicBinder      : binding parameter [4] as [VARCHAR] - [VBN-16]
2019-05-20 14:54:59.448 DEBUG 10536 --- [    Test worker] org.hibernate.SQL                        : SELECT COUNT(*) FROM factura JOIN movil ON factura.mov_placa = movil.mov_placa WHERE movil.mov_tipo_movil = ? AND factura.fac_fecha_salida IS NULL
Hibernate: SELECT COUNT(*) FROM factura JOIN movil ON factura.mov_placa = movil.mov_placa WHERE movil.mov_tipo_movil = ? AND factura.fac_fecha_salida IS NULL
2019-05-20 14:54:59.449 TRACE 10536 --- [    Test worker] o.h.type.descriptor.sql.BasicBinder      : binding parameter [1] as [VARCHAR] - [CARRO]
2019-05-20 14:54:59.454 TRACE 10536 --- [    Test worker] o.h.type.descriptor.sql.BasicExtractor   : extracted value ([COUNT(*)] : [NUMERIC]) - [17]
2019-05-20 14:54:59.456 DEBUG 10536 --- [    Test worker] org.hibernate.SQL                        : SELECT COUNT(*) FROM factura WHERE mov_placa = ? AND fac_fecha_salida IS NULL
Hibernate: SELECT COUNT(*) FROM factura WHERE mov_placa = ? AND fac_fecha_salida IS NULL
2019-05-20 14:54:59.457 TRACE 10536 --- [    Test worker] o.h.type.descriptor.sql.BasicBinder      : binding parameter [1] as [VARCHAR] - [VBN-17]
2019-05-20 14:54:59.457 TRACE 10536 --- [    Test worker] o.h.type.descriptor.sql.BasicExtractor   : extracted value ([COUNT(*)] : [NUMERIC]) - [0]
2019-05-20 14:54:59.459 DEBUG 10536 --- [    Test worker] org.hibernate.SQL                        : select movilentit0_.mov_placa as mov_plac1_2_0_, movilentit0_.mov_cilindraje as mov_cili2_2_0_, movilentit0_.mov_tipo_movil as mov_tipo3_2_0_ from movil movilentit0_ where movilentit0_.mov_placa=?
Hibernate: select movilentit0_.mov_placa as mov_plac1_2_0_, movilentit0_.mov_cilindraje as mov_cili2_2_0_, movilentit0_.mov_tipo_movil as mov_tipo3_2_0_ from movil movilentit0_ where movilentit0_.mov_placa=?
2019-05-20 14:54:59.459 TRACE 10536 --- [    Test worker] o.h.type.descriptor.sql.BasicBinder      : binding parameter [1] as [VARCHAR] - [VBN-17]
2019-05-20 14:54:59.461 DEBUG 10536 --- [    Test worker] org.hibernate.SQL                        : select movilentit0_.mov_placa as mov_plac1_2_1_, movilentit0_.mov_cilindraje as mov_cili2_2_1_, movilentit0_.mov_tipo_movil as mov_tipo3_2_1_, facturasen1_.mov_placa as mov_plac5_1_3_, facturasen1_.facId as facId1_1_3_, facturasen1_.facId as facId1_1_0_, facturasen1_.fac_fecha_ingreso as fac_fech2_1_0_, facturasen1_.fac_fecha_salida as fac_fech3_1_0_, facturasen1_.fac_valor as fac_valo4_1_0_, facturasen1_.mov_placa as mov_plac5_1_0_ from movil movilentit0_ left outer join factura facturasen1_ on movilentit0_.mov_placa=facturasen1_.mov_placa where movilentit0_.mov_placa=?
Hibernate: select movilentit0_.mov_placa as mov_plac1_2_1_, movilentit0_.mov_cilindraje as mov_cili2_2_1_, movilentit0_.mov_tipo_movil as mov_tipo3_2_1_, facturasen1_.mov_placa as mov_plac5_1_3_, facturasen1_.facId as facId1_1_3_, facturasen1_.facId as facId1_1_0_, facturasen1_.fac_fecha_ingreso as fac_fech2_1_0_, facturasen1_.fac_fecha_salida as fac_fech3_1_0_, facturasen1_.fac_valor as fac_valo4_1_0_, facturasen1_.mov_placa as mov_plac5_1_0_ from movil movilentit0_ left outer join factura facturasen1_ on movilentit0_.mov_placa=facturasen1_.mov_placa where movilentit0_.mov_placa=?
2019-05-20 14:54:59.462 TRACE 10536 --- [    Test worker] o.h.type.descriptor.sql.BasicBinder      : binding parameter [1] as [VARCHAR] - [VBN-17]
2019-05-20 14:54:59.463 DEBUG 10536 --- [    Test worker] org.hibernate.SQL                        : insert into movil (mov_cilindraje, mov_tipo_movil, mov_placa) values (?, ?, ?)
Hibernate: insert into movil (mov_cilindraje, mov_tipo_movil, mov_placa) values (?, ?, ?)
2019-05-20 14:54:59.464 TRACE 10536 --- [    Test worker] o.h.type.descriptor.sql.BasicBinder      : binding parameter [1] as [DOUBLE] - [-1.0]
2019-05-20 14:54:59.464 TRACE 10536 --- [    Test worker] o.h.type.descriptor.sql.BasicBinder      : binding parameter [2] as [VARCHAR] - [CARRO]
2019-05-20 14:54:59.464 TRACE 10536 --- [    Test worker] o.h.type.descriptor.sql.BasicBinder      : binding parameter [3] as [VARCHAR] - [VBN-17]
2019-05-20 14:54:59.466 DEBUG 10536 --- [    Test worker] org.hibernate.SQL                        : select movilentit_.mov_placa, movilentit_.mov_cilindraje as mov_cili2_2_, movilentit_.mov_tipo_movil as mov_tipo3_2_ from movil movilentit_ where movilentit_.mov_placa=?
Hibernate: select movilentit_.mov_placa, movilentit_.mov_cilindraje as mov_cili2_2_, movilentit_.mov_tipo_movil as mov_tipo3_2_ from movil movilentit_ where movilentit_.mov_placa=?
2019-05-20 14:54:59.466 TRACE 10536 --- [    Test worker] o.h.type.descriptor.sql.BasicBinder      : binding parameter [1] as [VARCHAR] - [VBN-17]
2019-05-20 14:54:59.467 TRACE 10536 --- [    Test worker] o.h.type.descriptor.sql.BasicExtractor   : extracted value ([mov_cili2_2_] : [DOUBLE]) - [-1.0]
2019-05-20 14:54:59.467 TRACE 10536 --- [    Test worker] o.h.type.descriptor.sql.BasicExtractor   : extracted value ([mov_tipo3_2_] : [VARCHAR]) - [CARRO]
2019-05-20 14:54:59.468 DEBUG 10536 --- [    Test worker] org.hibernate.SQL                        : insert into factura (facId, fac_fecha_ingreso, fac_fecha_salida, fac_valor, mov_placa) values (null, ?, ?, ?, ?)
Hibernate: insert into factura (facId, fac_fecha_ingreso, fac_fecha_salida, fac_valor, mov_placa) values (null, ?, ?, ?, ?)
2019-05-20 14:54:59.468 TRACE 10536 --- [    Test worker] o.h.type.descriptor.sql.BasicBinder      : binding parameter [1] as [TIMESTAMP] - [Mon May 20 14:54:59 COT 2019]
2019-05-20 14:54:59.468 TRACE 10536 --- [    Test worker] o.h.type.descriptor.sql.BasicBinder      : binding parameter [2] as [TIMESTAMP] - [null]
2019-05-20 14:54:59.468 TRACE 10536 --- [    Test worker] o.h.type.descriptor.sql.BasicBinder      : binding parameter [3] as [DOUBLE] - [0.0]
2019-05-20 14:54:59.468 TRACE 10536 --- [    Test worker] o.h.type.descriptor.sql.BasicBinder      : binding parameter [4] as [VARCHAR] - [VBN-17]
2019-05-20 14:54:59.471 DEBUG 10536 --- [    Test worker] org.hibernate.SQL                        : SELECT COUNT(*) FROM factura JOIN movil ON factura.mov_placa = movil.mov_placa WHERE movil.mov_tipo_movil = ? AND factura.fac_fecha_salida IS NULL
Hibernate: SELECT COUNT(*) FROM factura JOIN movil ON factura.mov_placa = movil.mov_placa WHERE movil.mov_tipo_movil = ? AND factura.fac_fecha_salida IS NULL
2019-05-20 14:54:59.472 TRACE 10536 --- [    Test worker] o.h.type.descriptor.sql.BasicBinder      : binding parameter [1] as [VARCHAR] - [CARRO]
2019-05-20 14:54:59.473 TRACE 10536 --- [    Test worker] o.h.type.descriptor.sql.BasicExtractor   : extracted value ([COUNT(*)] : [NUMERIC]) - [18]
2019-05-20 14:54:59.475 DEBUG 10536 --- [    Test worker] org.hibernate.SQL                        : SELECT COUNT(*) FROM factura WHERE mov_placa = ? AND fac_fecha_salida IS NULL
Hibernate: SELECT COUNT(*) FROM factura WHERE mov_placa = ? AND fac_fecha_salida IS NULL
2019-05-20 14:54:59.477 TRACE 10536 --- [    Test worker] o.h.type.descriptor.sql.BasicBinder      : binding parameter [1] as [VARCHAR] - [VBN-18]
2019-05-20 14:54:59.478 TRACE 10536 --- [    Test worker] o.h.type.descriptor.sql.BasicExtractor   : extracted value ([COUNT(*)] : [NUMERIC]) - [0]
2019-05-20 14:54:59.479 DEBUG 10536 --- [    Test worker] org.hibernate.SQL                        : select movilentit0_.mov_placa as mov_plac1_2_0_, movilentit0_.mov_cilindraje as mov_cili2_2_0_, movilentit0_.mov_tipo_movil as mov_tipo3_2_0_ from movil movilentit0_ where movilentit0_.mov_placa=?
Hibernate: select movilentit0_.mov_placa as mov_plac1_2_0_, movilentit0_.mov_cilindraje as mov_cili2_2_0_, movilentit0_.mov_tipo_movil as mov_tipo3_2_0_ from movil movilentit0_ where movilentit0_.mov_placa=?
2019-05-20 14:54:59.481 TRACE 10536 --- [    Test worker] o.h.type.descriptor.sql.BasicBinder      : binding parameter [1] as [VARCHAR] - [VBN-18]
2019-05-20 14:54:59.483 DEBUG 10536 --- [    Test worker] org.hibernate.SQL                        : select movilentit0_.mov_placa as mov_plac1_2_1_, movilentit0_.mov_cilindraje as mov_cili2_2_1_, movilentit0_.mov_tipo_movil as mov_tipo3_2_1_, facturasen1_.mov_placa as mov_plac5_1_3_, facturasen1_.facId as facId1_1_3_, facturasen1_.facId as facId1_1_0_, facturasen1_.fac_fecha_ingreso as fac_fech2_1_0_, facturasen1_.fac_fecha_salida as fac_fech3_1_0_, facturasen1_.fac_valor as fac_valo4_1_0_, facturasen1_.mov_placa as mov_plac5_1_0_ from movil movilentit0_ left outer join factura facturasen1_ on movilentit0_.mov_placa=facturasen1_.mov_placa where movilentit0_.mov_placa=?
Hibernate: select movilentit0_.mov_placa as mov_plac1_2_1_, movilentit0_.mov_cilindraje as mov_cili2_2_1_, movilentit0_.mov_tipo_movil as mov_tipo3_2_1_, facturasen1_.mov_placa as mov_plac5_1_3_, facturasen1_.facId as facId1_1_3_, facturasen1_.facId as facId1_1_0_, facturasen1_.fac_fecha_ingreso as fac_fech2_1_0_, facturasen1_.fac_fecha_salida as fac_fech3_1_0_, facturasen1_.fac_valor as fac_valo4_1_0_, facturasen1_.mov_placa as mov_plac5_1_0_ from movil movilentit0_ left outer join factura facturasen1_ on movilentit0_.mov_placa=facturasen1_.mov_placa where movilentit0_.mov_placa=?
2019-05-20 14:54:59.484 TRACE 10536 --- [    Test worker] o.h.type.descriptor.sql.BasicBinder      : binding parameter [1] as [VARCHAR] - [VBN-18]
2019-05-20 14:54:59.486 DEBUG 10536 --- [    Test worker] org.hibernate.SQL                        : insert into movil (mov_cilindraje, mov_tipo_movil, mov_placa) values (?, ?, ?)
Hibernate: insert into movil (mov_cilindraje, mov_tipo_movil, mov_placa) values (?, ?, ?)
2019-05-20 14:54:59.486 TRACE 10536 --- [    Test worker] o.h.type.descriptor.sql.BasicBinder      : binding parameter [1] as [DOUBLE] - [-1.0]
2019-05-20 14:54:59.486 TRACE 10536 --- [    Test worker] o.h.type.descriptor.sql.BasicBinder      : binding parameter [2] as [VARCHAR] - [CARRO]
2019-05-20 14:54:59.486 TRACE 10536 --- [    Test worker] o.h.type.descriptor.sql.BasicBinder      : binding parameter [3] as [VARCHAR] - [VBN-18]
2019-05-20 14:54:59.488 DEBUG 10536 --- [    Test worker] org.hibernate.SQL                        : select movilentit_.mov_placa, movilentit_.mov_cilindraje as mov_cili2_2_, movilentit_.mov_tipo_movil as mov_tipo3_2_ from movil movilentit_ where movilentit_.mov_placa=?
Hibernate: select movilentit_.mov_placa, movilentit_.mov_cilindraje as mov_cili2_2_, movilentit_.mov_tipo_movil as mov_tipo3_2_ from movil movilentit_ where movilentit_.mov_placa=?
2019-05-20 14:54:59.488 TRACE 10536 --- [    Test worker] o.h.type.descriptor.sql.BasicBinder      : binding parameter [1] as [VARCHAR] - [VBN-18]
2019-05-20 14:54:59.490 TRACE 10536 --- [    Test worker] o.h.type.descriptor.sql.BasicExtractor   : extracted value ([mov_cili2_2_] : [DOUBLE]) - [-1.0]
2019-05-20 14:54:59.490 TRACE 10536 --- [    Test worker] o.h.type.descriptor.sql.BasicExtractor   : extracted value ([mov_tipo3_2_] : [VARCHAR]) - [CARRO]
2019-05-20 14:54:59.490 DEBUG 10536 --- [    Test worker] org.hibernate.SQL                        : insert into factura (facId, fac_fecha_ingreso, fac_fecha_salida, fac_valor, mov_placa) values (null, ?, ?, ?, ?)
Hibernate: insert into factura (facId, fac_fecha_ingreso, fac_fecha_salida, fac_valor, mov_placa) values (null, ?, ?, ?, ?)
2019-05-20 14:54:59.490 TRACE 10536 --- [    Test worker] o.h.type.descriptor.sql.BasicBinder      : binding parameter [1] as [TIMESTAMP] - [Mon May 20 14:54:59 COT 2019]
2019-05-20 14:54:59.491 TRACE 10536 --- [    Test worker] o.h.type.descriptor.sql.BasicBinder      : binding parameter [2] as [TIMESTAMP] - [null]
2019-05-20 14:54:59.491 TRACE 10536 --- [    Test worker] o.h.type.descriptor.sql.BasicBinder      : binding parameter [3] as [DOUBLE] - [0.0]
2019-05-20 14:54:59.491 TRACE 10536 --- [    Test worker] o.h.type.descriptor.sql.BasicBinder      : binding parameter [4] as [VARCHAR] - [VBN-18]
2019-05-20 14:54:59.493 DEBUG 10536 --- [    Test worker] org.hibernate.SQL                        : SELECT COUNT(*) FROM factura JOIN movil ON factura.mov_placa = movil.mov_placa WHERE movil.mov_tipo_movil = ? AND factura.fac_fecha_salida IS NULL
Hibernate: SELECT COUNT(*) FROM factura JOIN movil ON factura.mov_placa = movil.mov_placa WHERE movil.mov_tipo_movil = ? AND factura.fac_fecha_salida IS NULL
2019-05-20 14:54:59.494 TRACE 10536 --- [    Test worker] o.h.type.descriptor.sql.BasicBinder      : binding parameter [1] as [VARCHAR] - [CARRO]
2019-05-20 14:54:59.496 TRACE 10536 --- [    Test worker] o.h.type.descriptor.sql.BasicExtractor   : extracted value ([COUNT(*)] : [NUMERIC]) - [19]
2019-05-20 14:54:59.497 DEBUG 10536 --- [    Test worker] org.hibernate.SQL                        : SELECT COUNT(*) FROM factura WHERE mov_placa = ? AND fac_fecha_salida IS NULL
Hibernate: SELECT COUNT(*) FROM factura WHERE mov_placa = ? AND fac_fecha_salida IS NULL
2019-05-20 14:54:59.498 TRACE 10536 --- [    Test worker] o.h.type.descriptor.sql.BasicBinder      : binding parameter [1] as [VARCHAR] - [VBN-19]
2019-05-20 14:54:59.499 TRACE 10536 --- [    Test worker] o.h.type.descriptor.sql.BasicExtractor   : extracted value ([COUNT(*)] : [NUMERIC]) - [0]
2019-05-20 14:54:59.501 DEBUG 10536 --- [    Test worker] org.hibernate.SQL                        : select movilentit0_.mov_placa as mov_plac1_2_0_, movilentit0_.mov_cilindraje as mov_cili2_2_0_, movilentit0_.mov_tipo_movil as mov_tipo3_2_0_ from movil movilentit0_ where movilentit0_.mov_placa=?
Hibernate: select movilentit0_.mov_placa as mov_plac1_2_0_, movilentit0_.mov_cilindraje as mov_cili2_2_0_, movilentit0_.mov_tipo_movil as mov_tipo3_2_0_ from movil movilentit0_ where movilentit0_.mov_placa=?
2019-05-20 14:54:59.502 TRACE 10536 --- [    Test worker] o.h.type.descriptor.sql.BasicBinder      : binding parameter [1] as [VARCHAR] - [VBN-19]
2019-05-20 14:54:59.504 DEBUG 10536 --- [    Test worker] org.hibernate.SQL                        : select movilentit0_.mov_placa as mov_plac1_2_1_, movilentit0_.mov_cilindraje as mov_cili2_2_1_, movilentit0_.mov_tipo_movil as mov_tipo3_2_1_, facturasen1_.mov_placa as mov_plac5_1_3_, facturasen1_.facId as facId1_1_3_, facturasen1_.facId as facId1_1_0_, facturasen1_.fac_fecha_ingreso as fac_fech2_1_0_, facturasen1_.fac_fecha_salida as fac_fech3_1_0_, facturasen1_.fac_valor as fac_valo4_1_0_, facturasen1_.mov_placa as mov_plac5_1_0_ from movil movilentit0_ left outer join factura facturasen1_ on movilentit0_.mov_placa=facturasen1_.mov_placa where movilentit0_.mov_placa=?
Hibernate: select movilentit0_.mov_placa as mov_plac1_2_1_, movilentit0_.mov_cilindraje as mov_cili2_2_1_, movilentit0_.mov_tipo_movil as mov_tipo3_2_1_, facturasen1_.mov_placa as mov_plac5_1_3_, facturasen1_.facId as facId1_1_3_, facturasen1_.facId as facId1_1_0_, facturasen1_.fac_fecha_ingreso as fac_fech2_1_0_, facturasen1_.fac_fecha_salida as fac_fech3_1_0_, facturasen1_.fac_valor as fac_valo4_1_0_, facturasen1_.mov_placa as mov_plac5_1_0_ from movil movilentit0_ left outer join factura facturasen1_ on movilentit0_.mov_placa=facturasen1_.mov_placa where movilentit0_.mov_placa=?
2019-05-20 14:54:59.504 TRACE 10536 --- [    Test worker] o.h.type.descriptor.sql.BasicBinder      : binding parameter [1] as [VARCHAR] - [VBN-19]
2019-05-20 14:54:59.506 DEBUG 10536 --- [    Test worker] org.hibernate.SQL                        : insert into movil (mov_cilindraje, mov_tipo_movil, mov_placa) values (?, ?, ?)
Hibernate: insert into movil (mov_cilindraje, mov_tipo_movil, mov_placa) values (?, ?, ?)
2019-05-20 14:54:59.507 TRACE 10536 --- [    Test worker] o.h.type.descriptor.sql.BasicBinder      : binding parameter [1] as [DOUBLE] - [-1.0]
2019-05-20 14:54:59.507 TRACE 10536 --- [    Test worker] o.h.type.descriptor.sql.BasicBinder      : binding parameter [2] as [VARCHAR] - [CARRO]
2019-05-20 14:54:59.507 TRACE 10536 --- [    Test worker] o.h.type.descriptor.sql.BasicBinder      : binding parameter [3] as [VARCHAR] - [VBN-19]
2019-05-20 14:54:59.510 DEBUG 10536 --- [    Test worker] org.hibernate.SQL                        : select movilentit_.mov_placa, movilentit_.mov_cilindraje as mov_cili2_2_, movilentit_.mov_tipo_movil as mov_tipo3_2_ from movil movilentit_ where movilentit_.mov_placa=?
Hibernate: select movilentit_.mov_placa, movilentit_.mov_cilindraje as mov_cili2_2_, movilentit_.mov_tipo_movil as mov_tipo3_2_ from movil movilentit_ where movilentit_.mov_placa=?
2019-05-20 14:54:59.511 TRACE 10536 --- [    Test worker] o.h.type.descriptor.sql.BasicBinder      : binding parameter [1] as [VARCHAR] - [VBN-19]
2019-05-20 14:54:59.511 TRACE 10536 --- [    Test worker] o.h.type.descriptor.sql.BasicExtractor   : extracted value ([mov_cili2_2_] : [DOUBLE]) - [-1.0]
2019-05-20 14:54:59.513 TRACE 10536 --- [    Test worker] o.h.type.descriptor.sql.BasicExtractor   : extracted value ([mov_tipo3_2_] : [VARCHAR]) - [CARRO]
2019-05-20 14:54:59.514 DEBUG 10536 --- [    Test worker] org.hibernate.SQL                        : insert into factura (facId, fac_fecha_ingreso, fac_fecha_salida, fac_valor, mov_placa) values (null, ?, ?, ?, ?)
Hibernate: insert into factura (facId, fac_fecha_ingreso, fac_fecha_salida, fac_valor, mov_placa) values (null, ?, ?, ?, ?)
2019-05-20 14:54:59.515 TRACE 10536 --- [    Test worker] o.h.type.descriptor.sql.BasicBinder      : binding parameter [1] as [TIMESTAMP] - [Mon May 20 14:54:59 COT 2019]
2019-05-20 14:54:59.516 TRACE 10536 --- [    Test worker] o.h.type.descriptor.sql.BasicBinder      : binding parameter [2] as [TIMESTAMP] - [null]
2019-05-20 14:54:59.516 TRACE 10536 --- [    Test worker] o.h.type.descriptor.sql.BasicBinder      : binding parameter [3] as [DOUBLE] - [0.0]
2019-05-20 14:54:59.516 TRACE 10536 --- [    Test worker] o.h.type.descriptor.sql.BasicBinder      : binding parameter [4] as [VARCHAR] - [VBN-19]
2019-05-20 14:54:59.519 DEBUG 10536 --- [    Test worker] org.hibernate.SQL                        : SELECT COUNT(*) FROM factura JOIN movil ON factura.mov_placa = movil.mov_placa WHERE movil.mov_tipo_movil = ? AND factura.fac_fecha_salida IS NULL
Hibernate: SELECT COUNT(*) FROM factura JOIN movil ON factura.mov_placa = movil.mov_placa WHERE movil.mov_tipo_movil = ? AND factura.fac_fecha_salida IS NULL
2019-05-20 14:54:59.521 TRACE 10536 --- [    Test worker] o.h.type.descriptor.sql.BasicBinder      : binding parameter [1] as [VARCHAR] - [CARRO]
2019-05-20 14:54:59.523 TRACE 10536 --- [    Test worker] o.h.type.descriptor.sql.BasicExtractor   : extracted value ([COUNT(*)] : [NUMERIC]) - [20]
2019-05-20 14:54:59.532 DEBUG 10536 --- [    Test worker] org.hibernate.SQL                        : SELECT COUNT(*) FROM factura JOIN movil ON factura.mov_placa = movil.mov_placa WHERE movil.mov_tipo_movil = ? AND factura.fac_fecha_salida IS NULL
Hibernate: SELECT COUNT(*) FROM factura JOIN movil ON factura.mov_placa = movil.mov_placa WHERE movil.mov_tipo_movil = ? AND factura.fac_fecha_salida IS NULL
2019-05-20 14:54:59.532 TRACE 10536 --- [    Test worker] o.h.type.descriptor.sql.BasicBinder      : binding parameter [1] as [VARCHAR] - [CARRO]
2019-05-20 14:54:59.533 TRACE 10536 --- [    Test worker] o.h.type.descriptor.sql.BasicExtractor   : extracted value ([COUNT(*)] : [NUMERIC]) - [20]
2019-05-20 14:54:59.538 DEBUG 10536 --- [    Test worker] org.hibernate.SQL                        : SELECT COUNT(*) FROM factura JOIN movil ON factura.mov_placa = movil.mov_placa WHERE movil.mov_tipo_movil = ? AND factura.fac_fecha_salida IS NULL
Hibernate: SELECT COUNT(*) FROM factura JOIN movil ON factura.mov_placa = movil.mov_placa WHERE movil.mov_tipo_movil = ? AND factura.fac_fecha_salida IS NULL
2019-05-20 14:54:59.539 TRACE 10536 --- [    Test worker] o.h.type.descriptor.sql.BasicBinder      : binding parameter [1] as [VARCHAR] - [MOTO]
2019-05-20 14:54:59.540 TRACE 10536 --- [    Test worker] o.h.type.descriptor.sql.BasicExtractor   : extracted value ([COUNT(*)] : [NUMERIC]) - [10]
2019-05-20 14:54:59.544 DEBUG 10536 --- [    Test worker] org.hibernate.SQL                        : select movilentit0_.mov_placa as mov_plac1_2_0_, movilentit0_.mov_cilindraje as mov_cili2_2_0_, movilentit0_.mov_tipo_movil as mov_tipo3_2_0_ from movil movilentit0_ where movilentit0_.mov_placa=?
Hibernate: select movilentit0_.mov_placa as mov_plac1_2_0_, movilentit0_.mov_cilindraje as mov_cili2_2_0_, movilentit0_.mov_tipo_movil as mov_tipo3_2_0_ from movil movilentit0_ where movilentit0_.mov_placa=?
2019-05-20 14:54:59.545 TRACE 10536 --- [    Test worker] o.h.type.descriptor.sql.BasicBinder      : binding parameter [1] as [VARCHAR] - [SWH-0]
2019-05-20 14:54:59.545 TRACE 10536 --- [    Test worker] o.h.type.descriptor.sql.BasicExtractor   : extracted value ([mov_cili2_2_0_] : [DOUBLE]) - [150.0]
2019-05-20 14:54:59.545 TRACE 10536 --- [    Test worker] o.h.type.descriptor.sql.BasicExtractor   : extracted value ([mov_tipo3_2_0_] : [VARCHAR]) - [MOTO]
2019-05-20 14:54:59.546 TRACE 10536 --- [    Test worker] org.hibernate.type.CollectionType        : Created collection wrapper: [co.com.ceiba.ceibaestacionamiento.persistencia.entidades.MovilEntity.facturasEntity#SWH-0]
2019-05-20 14:54:59.548 DEBUG 10536 --- [    Test worker] org.hibernate.SQL                        : SELECT COUNT(*) FROM factura WHERE mov_placa = ? AND fac_fecha_salida IS NULL
Hibernate: SELECT COUNT(*) FROM factura WHERE mov_placa = ? AND fac_fecha_salida IS NULL
2019-05-20 14:54:59.548 TRACE 10536 --- [    Test worker] o.h.type.descriptor.sql.BasicBinder      : binding parameter [1] as [VARCHAR] - [SWH-0]
2019-05-20 14:54:59.549 TRACE 10536 --- [    Test worker] o.h.type.descriptor.sql.BasicExtractor   : extracted value ([COUNT(*)] : [NUMERIC]) - [1]
2019-05-20 14:54:59.552 DEBUG 10536 --- [    Test worker] org.hibernate.SQL                        : SELECT * FROM factura WHERE mov_placa = ? AND fac_fecha_salida IS NULL
Hibernate: SELECT * FROM factura WHERE mov_placa = ? AND fac_fecha_salida IS NULL
2019-05-20 14:54:59.553 TRACE 10536 --- [    Test worker] o.h.type.descriptor.sql.BasicBinder      : binding parameter [1] as [VARCHAR] - [SWH-0]
2019-05-20 14:54:59.553 TRACE 10536 --- [    Test worker] o.h.type.descriptor.sql.BasicExtractor   : extracted value ([facId] : [INTEGER]) - [2]
2019-05-20 14:54:59.554 TRACE 10536 --- [    Test worker] o.h.type.descriptor.sql.BasicExtractor   : extracted value ([fac_fecha_ingreso] : [TIMESTAMP]) - [2019-05-20 14:54:58.408]
2019-05-20 14:54:59.554 TRACE 10536 --- [    Test worker] o.h.type.descriptor.sql.BasicExtractor   : extracted value ([fac_fecha_salida] : [TIMESTAMP]) - [null]
2019-05-20 14:54:59.554 TRACE 10536 --- [    Test worker] o.h.type.descriptor.sql.BasicExtractor   : extracted value ([fac_valor] : [DOUBLE]) - [0.0]
2019-05-20 14:54:59.554 TRACE 10536 --- [    Test worker] o.h.type.descriptor.sql.BasicExtractor   : extracted value ([mov_placa] : [VARCHAR]) - [SWH-0]
2019-05-20 14:54:59.554 DEBUG 10536 --- [    Test worker] org.hibernate.SQL                        : select movilentit0_.mov_placa as mov_plac1_2_0_, movilentit0_.mov_cilindraje as mov_cili2_2_0_, movilentit0_.mov_tipo_movil as mov_tipo3_2_0_ from movil movilentit0_ where movilentit0_.mov_placa=?
Hibernate: select movilentit0_.mov_placa as mov_plac1_2_0_, movilentit0_.mov_cilindraje as mov_cili2_2_0_, movilentit0_.mov_tipo_movil as mov_tipo3_2_0_ from movil movilentit0_ where movilentit0_.mov_placa=?
2019-05-20 14:54:59.555 TRACE 10536 --- [    Test worker] o.h.type.descriptor.sql.BasicBinder      : binding parameter [1] as [VARCHAR] - [SWH-0]
2019-05-20 14:54:59.555 TRACE 10536 --- [    Test worker] o.h.type.descriptor.sql.BasicExtractor   : extracted value ([mov_cili2_2_0_] : [DOUBLE]) - [150.0]
2019-05-20 14:54:59.555 TRACE 10536 --- [    Test worker] o.h.type.descriptor.sql.BasicExtractor   : extracted value ([mov_tipo3_2_0_] : [VARCHAR]) - [MOTO]
2019-05-20 14:54:59.556 TRACE 10536 --- [    Test worker] org.hibernate.type.CollectionType        : Created collection wrapper: [co.com.ceiba.ceibaestacionamiento.persistencia.entidades.MovilEntity.facturasEntity#SWH-0]
2019-05-20 14:54:59.559 DEBUG 10536 --- [    Test worker] org.hibernate.SQL                        : SELECT * FROM costoestadia WHERE cos_tipo_movil = ? AND cos_tipo_pago = ? AND cos_tiempo_estadia = ?
Hibernate: SELECT * FROM costoestadia WHERE cos_tipo_movil = ? AND cos_tipo_pago = ? AND cos_tiempo_estadia = ?
2019-05-20 14:54:59.560 TRACE 10536 --- [    Test worker] o.h.type.descriptor.sql.BasicBinder      : binding parameter [1] as [VARCHAR] - [MOTO]
2019-05-20 14:54:59.561 TRACE 10536 --- [    Test worker] o.h.type.descriptor.sql.BasicBinder      : binding parameter [2] as [VARCHAR] - [NORMAL]
2019-05-20 14:54:59.561 TRACE 10536 --- [    Test worker] o.h.type.descriptor.sql.BasicBinder      : binding parameter [3] as [VARCHAR] - [DIA]
2019-05-20 14:54:59.561 TRACE 10536 --- [    Test worker] o.h.type.descriptor.sql.BasicExtractor   : extracted value ([cos_id] : [INTEGER]) - [3]
2019-05-20 14:54:59.562 TRACE 10536 --- [    Test worker] o.h.type.descriptor.sql.BasicExtractor   : extracted value ([cos_tiempo_estadia] : [VARCHAR]) - [DIA]
2019-05-20 14:54:59.562 TRACE 10536 --- [    Test worker] o.h.type.descriptor.sql.BasicExtractor   : extracted value ([cos_tipo_movil] : [VARCHAR]) - [MOTO]
2019-05-20 14:54:59.562 TRACE 10536 --- [    Test worker] o.h.type.descriptor.sql.BasicExtractor   : extracted value ([cos_tipo_pago] : [VARCHAR]) - [NORMAL]
2019-05-20 14:54:59.562 TRACE 10536 --- [    Test worker] o.h.type.descriptor.sql.BasicExtractor   : extracted value ([cos_valor] : [DOUBLE]) - [4000.0]
2019-05-20 14:54:59.564 DEBUG 10536 --- [    Test worker] org.hibernate.SQL                        : SELECT * FROM costoestadia WHERE cos_tipo_movil = ? AND cos_tipo_pago = ? AND cos_tiempo_estadia = ?
Hibernate: SELECT * FROM costoestadia WHERE cos_tipo_movil = ? AND cos_tipo_pago = ? AND cos_tiempo_estadia = ?
2019-05-20 14:54:59.565 TRACE 10536 --- [    Test worker] o.h.type.descriptor.sql.BasicBinder      : binding parameter [1] as [VARCHAR] - [MOTO]
2019-05-20 14:54:59.565 TRACE 10536 --- [    Test worker] o.h.type.descriptor.sql.BasicBinder      : binding parameter [2] as [VARCHAR] - [NORMAL]
2019-05-20 14:54:59.565 TRACE 10536 --- [    Test worker] o.h.type.descriptor.sql.BasicBinder      : binding parameter [3] as [VARCHAR] - [HORA]
2019-05-20 14:54:59.566 TRACE 10536 --- [    Test worker] o.h.type.descriptor.sql.BasicExtractor   : extracted value ([cos_id] : [INTEGER]) - [4]
2019-05-20 14:54:59.566 TRACE 10536 --- [    Test worker] o.h.type.descriptor.sql.BasicExtractor   : extracted value ([cos_tiempo_estadia] : [VARCHAR]) - [HORA]
2019-05-20 14:54:59.566 TRACE 10536 --- [    Test worker] o.h.type.descriptor.sql.BasicExtractor   : extracted value ([cos_tipo_movil] : [VARCHAR]) - [MOTO]
2019-05-20 14:54:59.566 TRACE 10536 --- [    Test worker] o.h.type.descriptor.sql.BasicExtractor   : extracted value ([cos_tipo_pago] : [VARCHAR]) - [NORMAL]
2019-05-20 14:54:59.567 TRACE 10536 --- [    Test worker] o.h.type.descriptor.sql.BasicExtractor   : extracted value ([cos_valor] : [DOUBLE]) - [500.0]
2019-05-20 14:54:59.569 DEBUG 10536 --- [    Test worker] org.hibernate.SQL                        : SELECT * FROM factura WHERE mov_placa = ? AND fac_fecha_salida IS NULL
Hibernate: SELECT * FROM factura WHERE mov_placa = ? AND fac_fecha_salida IS NULL
2019-05-20 14:54:59.569 TRACE 10536 --- [    Test worker] o.h.type.descriptor.sql.BasicBinder      : binding parameter [1] as [VARCHAR] - [SWH-0]
2019-05-20 14:54:59.570 TRACE 10536 --- [    Test worker] o.h.type.descriptor.sql.BasicExtractor   : extracted value ([facId] : [INTEGER]) - [2]
2019-05-20 14:54:59.570 TRACE 10536 --- [    Test worker] o.h.type.descriptor.sql.BasicExtractor   : extracted value ([fac_fecha_ingreso] : [TIMESTAMP]) - [2019-05-20 14:54:58.408]
2019-05-20 14:54:59.570 TRACE 10536 --- [    Test worker] o.h.type.descriptor.sql.BasicExtractor   : extracted value ([fac_fecha_salida] : [TIMESTAMP]) - [null]
2019-05-20 14:54:59.571 TRACE 10536 --- [    Test worker] o.h.type.descriptor.sql.BasicExtractor   : extracted value ([fac_valor] : [DOUBLE]) - [0.0]
2019-05-20 14:54:59.571 TRACE 10536 --- [    Test worker] o.h.type.descriptor.sql.BasicExtractor   : extracted value ([mov_placa] : [VARCHAR]) - [SWH-0]
2019-05-20 14:54:59.571 DEBUG 10536 --- [    Test worker] org.hibernate.SQL                        : select movilentit0_.mov_placa as mov_plac1_2_0_, movilentit0_.mov_cilindraje as mov_cili2_2_0_, movilentit0_.mov_tipo_movil as mov_tipo3_2_0_ from movil movilentit0_ where movilentit0_.mov_placa=?
Hibernate: select movilentit0_.mov_placa as mov_plac1_2_0_, movilentit0_.mov_cilindraje as mov_cili2_2_0_, movilentit0_.mov_tipo_movil as mov_tipo3_2_0_ from movil movilentit0_ where movilentit0_.mov_placa=?
2019-05-20 14:54:59.571 TRACE 10536 --- [    Test worker] o.h.type.descriptor.sql.BasicBinder      : binding parameter [1] as [VARCHAR] - [SWH-0]
2019-05-20 14:54:59.572 TRACE 10536 --- [    Test worker] o.h.type.descriptor.sql.BasicExtractor   : extracted value ([mov_cili2_2_0_] : [DOUBLE]) - [150.0]
2019-05-20 14:54:59.573 TRACE 10536 --- [    Test worker] o.h.type.descriptor.sql.BasicExtractor   : extracted value ([mov_tipo3_2_0_] : [VARCHAR]) - [MOTO]
2019-05-20 14:54:59.573 TRACE 10536 --- [    Test worker] org.hibernate.type.CollectionType        : Created collection wrapper: [co.com.ceiba.ceibaestacionamiento.persistencia.entidades.MovilEntity.facturasEntity#SWH-0]
2019-05-20 14:54:59.575 DEBUG 10536 --- [    Test worker] org.hibernate.SQL                        : select facturaent0_.facId as facId1_1_0_, facturaent0_.fac_fecha_ingreso as fac_fech2_1_0_, facturaent0_.fac_fecha_salida as fac_fech3_1_0_, facturaent0_.fac_valor as fac_valo4_1_0_, facturaent0_.mov_placa as mov_plac5_1_0_ from factura facturaent0_ where facturaent0_.facId=?
Hibernate: select facturaent0_.facId as facId1_1_0_, facturaent0_.fac_fecha_ingreso as fac_fech2_1_0_, facturaent0_.fac_fecha_salida as fac_fech3_1_0_, facturaent0_.fac_valor as fac_valo4_1_0_, facturaent0_.mov_placa as mov_plac5_1_0_ from factura facturaent0_ where facturaent0_.facId=?
2019-05-20 14:54:59.576 TRACE 10536 --- [    Test worker] o.h.type.descriptor.sql.BasicBinder      : binding parameter [1] as [INTEGER] - [2]
2019-05-20 14:54:59.577 TRACE 10536 --- [    Test worker] o.h.type.descriptor.sql.BasicExtractor   : extracted value ([fac_fech2_1_0_] : [TIMESTAMP]) - [2019-05-20 14:54:58.408]
2019-05-20 14:54:59.577 TRACE 10536 --- [    Test worker] o.h.type.descriptor.sql.BasicExtractor   : extracted value ([fac_fech3_1_0_] : [TIMESTAMP]) - [null]
2019-05-20 14:54:59.577 TRACE 10536 --- [    Test worker] o.h.type.descriptor.sql.BasicExtractor   : extracted value ([fac_valo4_1_0_] : [DOUBLE]) - [0.0]
2019-05-20 14:54:59.577 TRACE 10536 --- [    Test worker] o.h.type.descriptor.sql.BasicExtractor   : extracted value ([mov_plac5_1_0_] : [VARCHAR]) - [SWH-0]
2019-05-20 14:54:59.577 DEBUG 10536 --- [    Test worker] org.hibernate.SQL                        : select movilentit0_.mov_placa as mov_plac1_2_1_, movilentit0_.mov_cilindraje as mov_cili2_2_1_, movilentit0_.mov_tipo_movil as mov_tipo3_2_1_, facturasen1_.mov_placa as mov_plac5_1_3_, facturasen1_.facId as facId1_1_3_, facturasen1_.facId as facId1_1_0_, facturasen1_.fac_fecha_ingreso as fac_fech2_1_0_, facturasen1_.fac_fecha_salida as fac_fech3_1_0_, facturasen1_.fac_valor as fac_valo4_1_0_, facturasen1_.mov_placa as mov_plac5_1_0_ from movil movilentit0_ left outer join factura facturasen1_ on movilentit0_.mov_placa=facturasen1_.mov_placa where movilentit0_.mov_placa=?
Hibernate: select movilentit0_.mov_placa as mov_plac1_2_1_, movilentit0_.mov_cilindraje as mov_cili2_2_1_, movilentit0_.mov_tipo_movil as mov_tipo3_2_1_, facturasen1_.mov_placa as mov_plac5_1_3_, facturasen1_.facId as facId1_1_3_, facturasen1_.facId as facId1_1_0_, facturasen1_.fac_fecha_ingreso as fac_fech2_1_0_, facturasen1_.fac_fecha_salida as fac_fech3_1_0_, facturasen1_.fac_valor as fac_valo4_1_0_, facturasen1_.mov_placa as mov_plac5_1_0_ from movil movilentit0_ left outer join factura facturasen1_ on movilentit0_.mov_placa=facturasen1_.mov_placa where movilentit0_.mov_placa=?
2019-05-20 14:54:59.577 TRACE 10536 --- [    Test worker] o.h.type.descriptor.sql.BasicBinder      : binding parameter [1] as [VARCHAR] - [SWH-0]
2019-05-20 14:54:59.578 TRACE 10536 --- [    Test worker] o.h.type.descriptor.sql.BasicExtractor   : extracted value ([facId1_1_0_] : [INTEGER]) - [2]
2019-05-20 14:54:59.578 TRACE 10536 --- [    Test worker] o.h.type.descriptor.sql.BasicExtractor   : extracted value ([mov_cili2_2_1_] : [DOUBLE]) - [150.0]
2019-05-20 14:54:59.578 TRACE 10536 --- [    Test worker] o.h.type.descriptor.sql.BasicExtractor   : extracted value ([mov_tipo3_2_1_] : [VARCHAR]) - [MOTO]
2019-05-20 14:54:59.578 TRACE 10536 --- [    Test worker] o.h.type.descriptor.sql.BasicExtractor   : extracted value ([mov_plac5_1_3_] : [VARCHAR]) - [SWH-0]
2019-05-20 14:54:59.580 TRACE 10536 --- [    Test worker] o.h.type.descriptor.sql.BasicExtractor   : extracted value ([facId1_1_3_] : [INTEGER]) - [2]
2019-05-20 14:54:59.583 DEBUG 10536 --- [    Test worker] org.hibernate.SQL                        : update factura set fac_fecha_ingreso=?, fac_fecha_salida=?, fac_valor=?, mov_placa=? where facId=?
Hibernate: update factura set fac_fecha_ingreso=?, fac_fecha_salida=?, fac_valor=?, mov_placa=? where facId=?
2019-05-20 14:54:59.584 TRACE 10536 --- [    Test worker] o.h.type.descriptor.sql.BasicBinder      : binding parameter [1] as [TIMESTAMP] - [2019-05-20 14:54:58.408]
2019-05-20 14:54:59.584 TRACE 10536 --- [    Test worker] o.h.type.descriptor.sql.BasicBinder      : binding parameter [2] as [TIMESTAMP] - [Mon May 20 14:54:59 COT 2019]
2019-05-20 14:54:59.584 TRACE 10536 --- [    Test worker] o.h.type.descriptor.sql.BasicBinder      : binding parameter [3] as [DOUBLE] - [500.0]
2019-05-20 14:54:59.584 TRACE 10536 --- [    Test worker] o.h.type.descriptor.sql.BasicBinder      : binding parameter [4] as [VARCHAR] - [SWH-0]
2019-05-20 14:54:59.584 TRACE 10536 --- [    Test worker] o.h.type.descriptor.sql.BasicBinder      : binding parameter [5] as [INTEGER] - [2]
2019-05-20 14:54:59.586 DEBUG 10536 --- [    Test worker] org.hibernate.SQL                        : select movilentit0_.mov_placa as mov_plac1_2_0_, movilentit0_.mov_cilindraje as mov_cili2_2_0_, movilentit0_.mov_tipo_movil as mov_tipo3_2_0_ from movil movilentit0_ where movilentit0_.mov_placa=?
Hibernate: select movilentit0_.mov_placa as mov_plac1_2_0_, movilentit0_.mov_cilindraje as mov_cili2_2_0_, movilentit0_.mov_tipo_movil as mov_tipo3_2_0_ from movil movilentit0_ where movilentit0_.mov_placa=?
2019-05-20 14:54:59.587 TRACE 10536 --- [    Test worker] o.h.type.descriptor.sql.BasicBinder      : binding parameter [1] as [VARCHAR] - [SWH-1]
2019-05-20 14:54:59.587 TRACE 10536 --- [    Test worker] o.h.type.descriptor.sql.BasicExtractor   : extracted value ([mov_cili2_2_0_] : [DOUBLE]) - [150.0]
2019-05-20 14:54:59.587 TRACE 10536 --- [    Test worker] o.h.type.descriptor.sql.BasicExtractor   : extracted value ([mov_tipo3_2_0_] : [VARCHAR]) - [MOTO]
2019-05-20 14:54:59.587 TRACE 10536 --- [    Test worker] org.hibernate.type.CollectionType        : Created collection wrapper: [co.com.ceiba.ceibaestacionamiento.persistencia.entidades.MovilEntity.facturasEntity#SWH-1]
2019-05-20 14:54:59.589 DEBUG 10536 --- [    Test worker] org.hibernate.SQL                        : SELECT COUNT(*) FROM factura WHERE mov_placa = ? AND fac_fecha_salida IS NULL
Hibernate: SELECT COUNT(*) FROM factura WHERE mov_placa = ? AND fac_fecha_salida IS NULL
2019-05-20 14:54:59.589 TRACE 10536 --- [    Test worker] o.h.type.descriptor.sql.BasicBinder      : binding parameter [1] as [VARCHAR] - [SWH-1]
2019-05-20 14:54:59.590 TRACE 10536 --- [    Test worker] o.h.type.descriptor.sql.BasicExtractor   : extracted value ([COUNT(*)] : [NUMERIC]) - [1]
2019-05-20 14:54:59.591 DEBUG 10536 --- [    Test worker] org.hibernate.SQL                        : SELECT * FROM factura WHERE mov_placa = ? AND fac_fecha_salida IS NULL
Hibernate: SELECT * FROM factura WHERE mov_placa = ? AND fac_fecha_salida IS NULL
2019-05-20 14:54:59.592 TRACE 10536 --- [    Test worker] o.h.type.descriptor.sql.BasicBinder      : binding parameter [1] as [VARCHAR] - [SWH-1]
2019-05-20 14:54:59.592 TRACE 10536 --- [    Test worker] o.h.type.descriptor.sql.BasicExtractor   : extracted value ([facId] : [INTEGER]) - [3]
2019-05-20 14:54:59.592 TRACE 10536 --- [    Test worker] o.h.type.descriptor.sql.BasicExtractor   : extracted value ([fac_fecha_ingreso] : [TIMESTAMP]) - [2019-05-20 14:54:58.467]
2019-05-20 14:54:59.592 TRACE 10536 --- [    Test worker] o.h.type.descriptor.sql.BasicExtractor   : extracted value ([fac_fecha_salida] : [TIMESTAMP]) - [null]
2019-05-20 14:54:59.593 TRACE 10536 --- [    Test worker] o.h.type.descriptor.sql.BasicExtractor   : extracted value ([fac_valor] : [DOUBLE]) - [0.0]
2019-05-20 14:54:59.593 TRACE 10536 --- [    Test worker] o.h.type.descriptor.sql.BasicExtractor   : extracted value ([mov_placa] : [VARCHAR]) - [SWH-1]
2019-05-20 14:54:59.593 DEBUG 10536 --- [    Test worker] org.hibernate.SQL                        : select movilentit0_.mov_placa as mov_plac1_2_0_, movilentit0_.mov_cilindraje as mov_cili2_2_0_, movilentit0_.mov_tipo_movil as mov_tipo3_2_0_ from movil movilentit0_ where movilentit0_.mov_placa=?
Hibernate: select movilentit0_.mov_placa as mov_plac1_2_0_, movilentit0_.mov_cilindraje as mov_cili2_2_0_, movilentit0_.mov_tipo_movil as mov_tipo3_2_0_ from movil movilentit0_ where movilentit0_.mov_placa=?
2019-05-20 14:54:59.593 TRACE 10536 --- [    Test worker] o.h.type.descriptor.sql.BasicBinder      : binding parameter [1] as [VARCHAR] - [SWH-1]
2019-05-20 14:54:59.593 TRACE 10536 --- [    Test worker] o.h.type.descriptor.sql.BasicExtractor   : extracted value ([mov_cili2_2_0_] : [DOUBLE]) - [150.0]
2019-05-20 14:54:59.593 TRACE 10536 --- [    Test worker] o.h.type.descriptor.sql.BasicExtractor   : extracted value ([mov_tipo3_2_0_] : [VARCHAR]) - [MOTO]
2019-05-20 14:54:59.594 TRACE 10536 --- [    Test worker] org.hibernate.type.CollectionType        : Created collection wrapper: [co.com.ceiba.ceibaestacionamiento.persistencia.entidades.MovilEntity.facturasEntity#SWH-1]
2019-05-20 14:54:59.595 DEBUG 10536 --- [    Test worker] org.hibernate.SQL                        : SELECT * FROM costoestadia WHERE cos_tipo_movil = ? AND cos_tipo_pago = ? AND cos_tiempo_estadia = ?
Hibernate: SELECT * FROM costoestadia WHERE cos_tipo_movil = ? AND cos_tipo_pago = ? AND cos_tiempo_estadia = ?
2019-05-20 14:54:59.596 TRACE 10536 --- [    Test worker] o.h.type.descriptor.sql.BasicBinder      : binding parameter [1] as [VARCHAR] - [MOTO]
2019-05-20 14:54:59.596 TRACE 10536 --- [    Test worker] o.h.type.descriptor.sql.BasicBinder      : binding parameter [2] as [VARCHAR] - [NORMAL]
2019-05-20 14:54:59.596 TRACE 10536 --- [    Test worker] o.h.type.descriptor.sql.BasicBinder      : binding parameter [3] as [VARCHAR] - [DIA]
2019-05-20 14:54:59.597 TRACE 10536 --- [    Test worker] o.h.type.descriptor.sql.BasicExtractor   : extracted value ([cos_id] : [INTEGER]) - [3]
2019-05-20 14:54:59.597 TRACE 10536 --- [    Test worker] o.h.type.descriptor.sql.BasicExtractor   : extracted value ([cos_tiempo_estadia] : [VARCHAR]) - [DIA]
2019-05-20 14:54:59.597 TRACE 10536 --- [    Test worker] o.h.type.descriptor.sql.BasicExtractor   : extracted value ([cos_tipo_movil] : [VARCHAR]) - [MOTO]
2019-05-20 14:54:59.597 TRACE 10536 --- [    Test worker] o.h.type.descriptor.sql.BasicExtractor   : extracted value ([cos_tipo_pago] : [VARCHAR]) - [NORMAL]
2019-05-20 14:54:59.597 TRACE 10536 --- [    Test worker] o.h.type.descriptor.sql.BasicExtractor   : extracted value ([cos_valor] : [DOUBLE]) - [4000.0]
2019-05-20 14:54:59.600 DEBUG 10536 --- [    Test worker] org.hibernate.SQL                        : SELECT * FROM costoestadia WHERE cos_tipo_movil = ? AND cos_tipo_pago = ? AND cos_tiempo_estadia = ?
Hibernate: SELECT * FROM costoestadia WHERE cos_tipo_movil = ? AND cos_tipo_pago = ? AND cos_tiempo_estadia = ?
2019-05-20 14:54:59.601 TRACE 10536 --- [    Test worker] o.h.type.descriptor.sql.BasicBinder      : binding parameter [1] as [VARCHAR] - [MOTO]
2019-05-20 14:54:59.601 TRACE 10536 --- [    Test worker] o.h.type.descriptor.sql.BasicBinder      : binding parameter [2] as [VARCHAR] - [NORMAL]
2019-05-20 14:54:59.601 TRACE 10536 --- [    Test worker] o.h.type.descriptor.sql.BasicBinder      : binding parameter [3] as [VARCHAR] - [HORA]
2019-05-20 14:54:59.601 TRACE 10536 --- [    Test worker] o.h.type.descriptor.sql.BasicExtractor   : extracted value ([cos_id] : [INTEGER]) - [4]
2019-05-20 14:54:59.601 TRACE 10536 --- [    Test worker] o.h.type.descriptor.sql.BasicExtractor   : extracted value ([cos_tiempo_estadia] : [VARCHAR]) - [HORA]
2019-05-20 14:54:59.602 TRACE 10536 --- [    Test worker] o.h.type.descriptor.sql.BasicExtractor   : extracted value ([cos_tipo_movil] : [VARCHAR]) - [MOTO]
2019-05-20 14:54:59.602 TRACE 10536 --- [    Test worker] o.h.type.descriptor.sql.BasicExtractor   : extracted value ([cos_tipo_pago] : [VARCHAR]) - [NORMAL]
2019-05-20 14:54:59.602 TRACE 10536 --- [    Test worker] o.h.type.descriptor.sql.BasicExtractor   : extracted value ([cos_valor] : [DOUBLE]) - [500.0]
2019-05-20 14:54:59.604 DEBUG 10536 --- [    Test worker] org.hibernate.SQL                        : SELECT * FROM factura WHERE mov_placa = ? AND fac_fecha_salida IS NULL
Hibernate: SELECT * FROM factura WHERE mov_placa = ? AND fac_fecha_salida IS NULL
2019-05-20 14:54:59.604 TRACE 10536 --- [    Test worker] o.h.type.descriptor.sql.BasicBinder      : binding parameter [1] as [VARCHAR] - [SWH-1]
2019-05-20 14:54:59.605 TRACE 10536 --- [    Test worker] o.h.type.descriptor.sql.BasicExtractor   : extracted value ([facId] : [INTEGER]) - [3]
2019-05-20 14:54:59.605 TRACE 10536 --- [    Test worker] o.h.type.descriptor.sql.BasicExtractor   : extracted value ([fac_fecha_ingreso] : [TIMESTAMP]) - [2019-05-20 14:54:58.467]
2019-05-20 14:54:59.605 TRACE 10536 --- [    Test worker] o.h.type.descriptor.sql.BasicExtractor   : extracted value ([fac_fecha_salida] : [TIMESTAMP]) - [null]
2019-05-20 14:54:59.605 TRACE 10536 --- [    Test worker] o.h.type.descriptor.sql.BasicExtractor   : extracted value ([fac_valor] : [DOUBLE]) - [0.0]
2019-05-20 14:54:59.605 TRACE 10536 --- [    Test worker] o.h.type.descriptor.sql.BasicExtractor   : extracted value ([mov_placa] : [VARCHAR]) - [SWH-1]
2019-05-20 14:54:59.605 DEBUG 10536 --- [    Test worker] org.hibernate.SQL                        : select movilentit0_.mov_placa as mov_plac1_2_0_, movilentit0_.mov_cilindraje as mov_cili2_2_0_, movilentit0_.mov_tipo_movil as mov_tipo3_2_0_ from movil movilentit0_ where movilentit0_.mov_placa=?
Hibernate: select movilentit0_.mov_placa as mov_plac1_2_0_, movilentit0_.mov_cilindraje as mov_cili2_2_0_, movilentit0_.mov_tipo_movil as mov_tipo3_2_0_ from movil movilentit0_ where movilentit0_.mov_placa=?
2019-05-20 14:54:59.607 TRACE 10536 --- [    Test worker] o.h.type.descriptor.sql.BasicBinder      : binding parameter [1] as [VARCHAR] - [SWH-1]
2019-05-20 14:54:59.607 TRACE 10536 --- [    Test worker] o.h.type.descriptor.sql.BasicExtractor   : extracted value ([mov_cili2_2_0_] : [DOUBLE]) - [150.0]
2019-05-20 14:54:59.607 TRACE 10536 --- [    Test worker] o.h.type.descriptor.sql.BasicExtractor   : extracted value ([mov_tipo3_2_0_] : [VARCHAR]) - [MOTO]
2019-05-20 14:54:59.607 TRACE 10536 --- [    Test worker] org.hibernate.type.CollectionType        : Created collection wrapper: [co.com.ceiba.ceibaestacionamiento.persistencia.entidades.MovilEntity.facturasEntity#SWH-1]
2019-05-20 14:54:59.610 DEBUG 10536 --- [    Test worker] org.hibernate.SQL                        : select facturaent0_.facId as facId1_1_0_, facturaent0_.fac_fecha_ingreso as fac_fech2_1_0_, facturaent0_.fac_fecha_salida as fac_fech3_1_0_, facturaent0_.fac_valor as fac_valo4_1_0_, facturaent0_.mov_placa as mov_plac5_1_0_ from factura facturaent0_ where facturaent0_.facId=?
Hibernate: select facturaent0_.facId as facId1_1_0_, facturaent0_.fac_fecha_ingreso as fac_fech2_1_0_, facturaent0_.fac_fecha_salida as fac_fech3_1_0_, facturaent0_.fac_valor as fac_valo4_1_0_, facturaent0_.mov_placa as mov_plac5_1_0_ from factura facturaent0_ where facturaent0_.facId=?
2019-05-20 14:54:59.610 TRACE 10536 --- [    Test worker] o.h.type.descriptor.sql.BasicBinder      : binding parameter [1] as [INTEGER] - [3]
2019-05-20 14:54:59.611 TRACE 10536 --- [    Test worker] o.h.type.descriptor.sql.BasicExtractor   : extracted value ([fac_fech2_1_0_] : [TIMESTAMP]) - [2019-05-20 14:54:58.467]
2019-05-20 14:54:59.611 TRACE 10536 --- [    Test worker] o.h.type.descriptor.sql.BasicExtractor   : extracted value ([fac_fech3_1_0_] : [TIMESTAMP]) - [null]
2019-05-20 14:54:59.611 TRACE 10536 --- [    Test worker] o.h.type.descriptor.sql.BasicExtractor   : extracted value ([fac_valo4_1_0_] : [DOUBLE]) - [0.0]
2019-05-20 14:54:59.611 TRACE 10536 --- [    Test worker] o.h.type.descriptor.sql.BasicExtractor   : extracted value ([mov_plac5_1_0_] : [VARCHAR]) - [SWH-1]
2019-05-20 14:54:59.611 DEBUG 10536 --- [    Test worker] org.hibernate.SQL                        : select movilentit0_.mov_placa as mov_plac1_2_1_, movilentit0_.mov_cilindraje as mov_cili2_2_1_, movilentit0_.mov_tipo_movil as mov_tipo3_2_1_, facturasen1_.mov_placa as mov_plac5_1_3_, facturasen1_.facId as facId1_1_3_, facturasen1_.facId as facId1_1_0_, facturasen1_.fac_fecha_ingreso as fac_fech2_1_0_, facturasen1_.fac_fecha_salida as fac_fech3_1_0_, facturasen1_.fac_valor as fac_valo4_1_0_, facturasen1_.mov_placa as mov_plac5_1_0_ from movil movilentit0_ left outer join factura facturasen1_ on movilentit0_.mov_placa=facturasen1_.mov_placa where movilentit0_.mov_placa=?
Hibernate: select movilentit0_.mov_placa as mov_plac1_2_1_, movilentit0_.mov_cilindraje as mov_cili2_2_1_, movilentit0_.mov_tipo_movil as mov_tipo3_2_1_, facturasen1_.mov_placa as mov_plac5_1_3_, facturasen1_.facId as facId1_1_3_, facturasen1_.facId as facId1_1_0_, facturasen1_.fac_fecha_ingreso as fac_fech2_1_0_, facturasen1_.fac_fecha_salida as fac_fech3_1_0_, facturasen1_.fac_valor as fac_valo4_1_0_, facturasen1_.mov_placa as mov_plac5_1_0_ from movil movilentit0_ left outer join factura facturasen1_ on movilentit0_.mov_placa=facturasen1_.mov_placa where movilentit0_.mov_placa=?
2019-05-20 14:54:59.611 TRACE 10536 --- [    Test worker] o.h.type.descriptor.sql.BasicBinder      : binding parameter [1] as [VARCHAR] - [SWH-1]
2019-05-20 14:54:59.612 TRACE 10536 --- [    Test worker] o.h.type.descriptor.sql.BasicExtractor   : extracted value ([facId1_1_0_] : [INTEGER]) - [3]
2019-05-20 14:54:59.613 TRACE 10536 --- [    Test worker] o.h.type.descriptor.sql.BasicExtractor   : extracted value ([mov_cili2_2_1_] : [DOUBLE]) - [150.0]
2019-05-20 14:54:59.613 TRACE 10536 --- [    Test worker] o.h.type.descriptor.sql.BasicExtractor   : extracted value ([mov_tipo3_2_1_] : [VARCHAR]) - [MOTO]
2019-05-20 14:54:59.613 TRACE 10536 --- [    Test worker] o.h.type.descriptor.sql.BasicExtractor   : extracted value ([mov_plac5_1_3_] : [VARCHAR]) - [SWH-1]
2019-05-20 14:54:59.613 TRACE 10536 --- [    Test worker] o.h.type.descriptor.sql.BasicExtractor   : extracted value ([facId1_1_3_] : [INTEGER]) - [3]
2019-05-20 14:54:59.614 DEBUG 10536 --- [    Test worker] org.hibernate.SQL                        : update factura set fac_fecha_ingreso=?, fac_fecha_salida=?, fac_valor=?, mov_placa=? where facId=?
Hibernate: update factura set fac_fecha_ingreso=?, fac_fecha_salida=?, fac_valor=?, mov_placa=? where facId=?
2019-05-20 14:54:59.615 TRACE 10536 --- [    Test worker] o.h.type.descriptor.sql.BasicBinder      : binding parameter [1] as [TIMESTAMP] - [2019-05-20 14:54:58.467]
2019-05-20 14:54:59.615 TRACE 10536 --- [    Test worker] o.h.type.descriptor.sql.BasicBinder      : binding parameter [2] as [TIMESTAMP] - [Mon May 20 14:54:59 COT 2019]
2019-05-20 14:54:59.615 TRACE 10536 --- [    Test worker] o.h.type.descriptor.sql.BasicBinder      : binding parameter [3] as [DOUBLE] - [500.0]
2019-05-20 14:54:59.615 TRACE 10536 --- [    Test worker] o.h.type.descriptor.sql.BasicBinder      : binding parameter [4] as [VARCHAR] - [SWH-1]
2019-05-20 14:54:59.615 TRACE 10536 --- [    Test worker] o.h.type.descriptor.sql.BasicBinder      : binding parameter [5] as [INTEGER] - [3]
2019-05-20 14:54:59.617 DEBUG 10536 --- [    Test worker] org.hibernate.SQL                        : select movilentit0_.mov_placa as mov_plac1_2_0_, movilentit0_.mov_cilindraje as mov_cili2_2_0_, movilentit0_.mov_tipo_movil as mov_tipo3_2_0_ from movil movilentit0_ where movilentit0_.mov_placa=?
Hibernate: select movilentit0_.mov_placa as mov_plac1_2_0_, movilentit0_.mov_cilindraje as mov_cili2_2_0_, movilentit0_.mov_tipo_movil as mov_tipo3_2_0_ from movil movilentit0_ where movilentit0_.mov_placa=?
2019-05-20 14:54:59.617 TRACE 10536 --- [    Test worker] o.h.type.descriptor.sql.BasicBinder      : binding parameter [1] as [VARCHAR] - [SWH-2]
2019-05-20 14:54:59.618 TRACE 10536 --- [    Test worker] o.h.type.descriptor.sql.BasicExtractor   : extracted value ([mov_cili2_2_0_] : [DOUBLE]) - [150.0]
2019-05-20 14:54:59.618 TRACE 10536 --- [    Test worker] o.h.type.descriptor.sql.BasicExtractor   : extracted value ([mov_tipo3_2_0_] : [VARCHAR]) - [MOTO]
2019-05-20 14:54:59.618 TRACE 10536 --- [    Test worker] org.hibernate.type.CollectionType        : Created collection wrapper: [co.com.ceiba.ceibaestacionamiento.persistencia.entidades.MovilEntity.facturasEntity#SWH-2]
2019-05-20 14:54:59.620 DEBUG 10536 --- [    Test worker] org.hibernate.SQL                        : SELECT COUNT(*) FROM factura WHERE mov_placa = ? AND fac_fecha_salida IS NULL
Hibernate: SELECT COUNT(*) FROM factura WHERE mov_placa = ? AND fac_fecha_salida IS NULL
2019-05-20 14:54:59.621 TRACE 10536 --- [    Test worker] o.h.type.descriptor.sql.BasicBinder      : binding parameter [1] as [VARCHAR] - [SWH-2]
2019-05-20 14:54:59.621 TRACE 10536 --- [    Test worker] o.h.type.descriptor.sql.BasicExtractor   : extracted value ([COUNT(*)] : [NUMERIC]) - [1]
2019-05-20 14:54:59.623 DEBUG 10536 --- [    Test worker] org.hibernate.SQL                        : SELECT * FROM factura WHERE mov_placa = ? AND fac_fecha_salida IS NULL
Hibernate: SELECT * FROM factura WHERE mov_placa = ? AND fac_fecha_salida IS NULL
2019-05-20 14:54:59.624 TRACE 10536 --- [    Test worker] o.h.type.descriptor.sql.BasicBinder      : binding parameter [1] as [VARCHAR] - [SWH-2]
2019-05-20 14:54:59.624 TRACE 10536 --- [    Test worker] o.h.type.descriptor.sql.BasicExtractor   : extracted value ([facId] : [INTEGER]) - [4]
2019-05-20 14:54:59.624 TRACE 10536 --- [    Test worker] o.h.type.descriptor.sql.BasicExtractor   : extracted value ([fac_fecha_ingreso] : [TIMESTAMP]) - [2019-05-20 14:54:58.51]
2019-05-20 14:54:59.625 TRACE 10536 --- [    Test worker] o.h.type.descriptor.sql.BasicExtractor   : extracted value ([fac_fecha_salida] : [TIMESTAMP]) - [null]
2019-05-20 14:54:59.625 TRACE 10536 --- [    Test worker] o.h.type.descriptor.sql.BasicExtractor   : extracted value ([fac_valor] : [DOUBLE]) - [0.0]
2019-05-20 14:54:59.625 TRACE 10536 --- [    Test worker] o.h.type.descriptor.sql.BasicExtractor   : extracted value ([mov_placa] : [VARCHAR]) - [SWH-2]
2019-05-20 14:54:59.625 DEBUG 10536 --- [    Test worker] org.hibernate.SQL                        : select movilentit0_.mov_placa as mov_plac1_2_0_, movilentit0_.mov_cilindraje as mov_cili2_2_0_, movilentit0_.mov_tipo_movil as mov_tipo3_2_0_ from movil movilentit0_ where movilentit0_.mov_placa=?
Hibernate: select movilentit0_.mov_placa as mov_plac1_2_0_, movilentit0_.mov_cilindraje as mov_cili2_2_0_, movilentit0_.mov_tipo_movil as mov_tipo3_2_0_ from movil movilentit0_ where movilentit0_.mov_placa=?
2019-05-20 14:54:59.625 TRACE 10536 --- [    Test worker] o.h.type.descriptor.sql.BasicBinder      : binding parameter [1] as [VARCHAR] - [SWH-2]
2019-05-20 14:54:59.626 TRACE 10536 --- [    Test worker] o.h.type.descriptor.sql.BasicExtractor   : extracted value ([mov_cili2_2_0_] : [DOUBLE]) - [150.0]
2019-05-20 14:54:59.627 TRACE 10536 --- [    Test worker] o.h.type.descriptor.sql.BasicExtractor   : extracted value ([mov_tipo3_2_0_] : [VARCHAR]) - [MOTO]
2019-05-20 14:54:59.627 TRACE 10536 --- [    Test worker] org.hibernate.type.CollectionType        : Created collection wrapper: [co.com.ceiba.ceibaestacionamiento.persistencia.entidades.MovilEntity.facturasEntity#SWH-2]
2019-05-20 14:54:59.632 DEBUG 10536 --- [    Test worker] org.hibernate.SQL                        : SELECT * FROM costoestadia WHERE cos_tipo_movil = ? AND cos_tipo_pago = ? AND cos_tiempo_estadia = ?
Hibernate: SELECT * FROM costoestadia WHERE cos_tipo_movil = ? AND cos_tipo_pago = ? AND cos_tiempo_estadia = ?
2019-05-20 14:54:59.633 TRACE 10536 --- [    Test worker] o.h.type.descriptor.sql.BasicBinder      : binding parameter [1] as [VARCHAR] - [MOTO]
2019-05-20 14:54:59.633 TRACE 10536 --- [    Test worker] o.h.type.descriptor.sql.BasicBinder      : binding parameter [2] as [VARCHAR] - [NORMAL]
2019-05-20 14:54:59.633 TRACE 10536 --- [    Test worker] o.h.type.descriptor.sql.BasicBinder      : binding parameter [3] as [VARCHAR] - [DIA]
2019-05-20 14:54:59.634 TRACE 10536 --- [    Test worker] o.h.type.descriptor.sql.BasicExtractor   : extracted value ([cos_id] : [INTEGER]) - [3]
2019-05-20 14:54:59.634 TRACE 10536 --- [    Test worker] o.h.type.descriptor.sql.BasicExtractor   : extracted value ([cos_tiempo_estadia] : [VARCHAR]) - [DIA]
2019-05-20 14:54:59.634 TRACE 10536 --- [    Test worker] o.h.type.descriptor.sql.BasicExtractor   : extracted value ([cos_tipo_movil] : [VARCHAR]) - [MOTO]
2019-05-20 14:54:59.634 TRACE 10536 --- [    Test worker] o.h.type.descriptor.sql.BasicExtractor   : extracted value ([cos_tipo_pago] : [VARCHAR]) - [NORMAL]
2019-05-20 14:54:59.634 TRACE 10536 --- [    Test worker] o.h.type.descriptor.sql.BasicExtractor   : extracted value ([cos_valor] : [DOUBLE]) - [4000.0]
2019-05-20 14:54:59.637 DEBUG 10536 --- [    Test worker] org.hibernate.SQL                        : SELECT * FROM costoestadia WHERE cos_tipo_movil = ? AND cos_tipo_pago = ? AND cos_tiempo_estadia = ?
Hibernate: SELECT * FROM costoestadia WHERE cos_tipo_movil = ? AND cos_tipo_pago = ? AND cos_tiempo_estadia = ?
2019-05-20 14:54:59.637 TRACE 10536 --- [    Test worker] o.h.type.descriptor.sql.BasicBinder      : binding parameter [1] as [VARCHAR] - [MOTO]
2019-05-20 14:54:59.637 TRACE 10536 --- [    Test worker] o.h.type.descriptor.sql.BasicBinder      : binding parameter [2] as [VARCHAR] - [NORMAL]
2019-05-20 14:54:59.638 TRACE 10536 --- [    Test worker] o.h.type.descriptor.sql.BasicBinder      : binding parameter [3] as [VARCHAR] - [HORA]
2019-05-20 14:54:59.638 TRACE 10536 --- [    Test worker] o.h.type.descriptor.sql.BasicExtractor   : extracted value ([cos_id] : [INTEGER]) - [4]
2019-05-20 14:54:59.638 TRACE 10536 --- [    Test worker] o.h.type.descriptor.sql.BasicExtractor   : extracted value ([cos_tiempo_estadia] : [VARCHAR]) - [HORA]
2019-05-20 14:54:59.638 TRACE 10536 --- [    Test worker] o.h.type.descriptor.sql.BasicExtractor   : extracted value ([cos_tipo_movil] : [VARCHAR]) - [MOTO]
2019-05-20 14:54:59.638 TRACE 10536 --- [    Test worker] o.h.type.descriptor.sql.BasicExtractor   : extracted value ([cos_tipo_pago] : [VARCHAR]) - [NORMAL]
2019-05-20 14:54:59.638 TRACE 10536 --- [    Test worker] o.h.type.descriptor.sql.BasicExtractor   : extracted value ([cos_valor] : [DOUBLE]) - [500.0]
2019-05-20 14:54:59.641 DEBUG 10536 --- [    Test worker] org.hibernate.SQL                        : SELECT * FROM factura WHERE mov_placa = ? AND fac_fecha_salida IS NULL
Hibernate: SELECT * FROM factura WHERE mov_placa = ? AND fac_fecha_salida IS NULL
2019-05-20 14:54:59.642 TRACE 10536 --- [    Test worker] o.h.type.descriptor.sql.BasicBinder      : binding parameter [1] as [VARCHAR] - [SWH-2]
2019-05-20 14:54:59.642 TRACE 10536 --- [    Test worker] o.h.type.descriptor.sql.BasicExtractor   : extracted value ([facId] : [INTEGER]) - [4]
2019-05-20 14:54:59.642 TRACE 10536 --- [    Test worker] o.h.type.descriptor.sql.BasicExtractor   : extracted value ([fac_fecha_ingreso] : [TIMESTAMP]) - [2019-05-20 14:54:58.51]
2019-05-20 14:54:59.642 TRACE 10536 --- [    Test worker] o.h.type.descriptor.sql.BasicExtractor   : extracted value ([fac_fecha_salida] : [TIMESTAMP]) - [null]
2019-05-20 14:54:59.643 TRACE 10536 --- [    Test worker] o.h.type.descriptor.sql.BasicExtractor   : extracted value ([fac_valor] : [DOUBLE]) - [0.0]
2019-05-20 14:54:59.643 TRACE 10536 --- [    Test worker] o.h.type.descriptor.sql.BasicExtractor   : extracted value ([mov_placa] : [VARCHAR]) - [SWH-2]
2019-05-20 14:54:59.643 DEBUG 10536 --- [    Test worker] org.hibernate.SQL                        : select movilentit0_.mov_placa as mov_plac1_2_0_, movilentit0_.mov_cilindraje as mov_cili2_2_0_, movilentit0_.mov_tipo_movil as mov_tipo3_2_0_ from movil movilentit0_ where movilentit0_.mov_placa=?
Hibernate: select movilentit0_.mov_placa as mov_plac1_2_0_, movilentit0_.mov_cilindraje as mov_cili2_2_0_, movilentit0_.mov_tipo_movil as mov_tipo3_2_0_ from movil movilentit0_ where movilentit0_.mov_placa=?
2019-05-20 14:54:59.643 TRACE 10536 --- [    Test worker] o.h.type.descriptor.sql.BasicBinder      : binding parameter [1] as [VARCHAR] - [SWH-2]
2019-05-20 14:54:59.644 TRACE 10536 --- [    Test worker] o.h.type.descriptor.sql.BasicExtractor   : extracted value ([mov_cili2_2_0_] : [DOUBLE]) - [150.0]
2019-05-20 14:54:59.644 TRACE 10536 --- [    Test worker] o.h.type.descriptor.sql.BasicExtractor   : extracted value ([mov_tipo3_2_0_] : [VARCHAR]) - [MOTO]
2019-05-20 14:54:59.644 TRACE 10536 --- [    Test worker] org.hibernate.type.CollectionType        : Created collection wrapper: [co.com.ceiba.ceibaestacionamiento.persistencia.entidades.MovilEntity.facturasEntity#SWH-2]
2019-05-20 14:54:59.647 DEBUG 10536 --- [    Test worker] org.hibernate.SQL                        : select facturaent0_.facId as facId1_1_0_, facturaent0_.fac_fecha_ingreso as fac_fech2_1_0_, facturaent0_.fac_fecha_salida as fac_fech3_1_0_, facturaent0_.fac_valor as fac_valo4_1_0_, facturaent0_.mov_placa as mov_plac5_1_0_ from factura facturaent0_ where facturaent0_.facId=?
Hibernate: select facturaent0_.facId as facId1_1_0_, facturaent0_.fac_fecha_ingreso as fac_fech2_1_0_, facturaent0_.fac_fecha_salida as fac_fech3_1_0_, facturaent0_.fac_valor as fac_valo4_1_0_, facturaent0_.mov_placa as mov_plac5_1_0_ from factura facturaent0_ where facturaent0_.facId=?
2019-05-20 14:54:59.647 TRACE 10536 --- [    Test worker] o.h.type.descriptor.sql.BasicBinder      : binding parameter [1] as [INTEGER] - [4]
2019-05-20 14:54:59.647 TRACE 10536 --- [    Test worker] o.h.type.descriptor.sql.BasicExtractor   : extracted value ([fac_fech2_1_0_] : [TIMESTAMP]) - [2019-05-20 14:54:58.51]
2019-05-20 14:54:59.647 TRACE 10536 --- [    Test worker] o.h.type.descriptor.sql.BasicExtractor   : extracted value ([fac_fech3_1_0_] : [TIMESTAMP]) - [null]
2019-05-20 14:54:59.648 TRACE 10536 --- [    Test worker] o.h.type.descriptor.sql.BasicExtractor   : extracted value ([fac_valo4_1_0_] : [DOUBLE]) - [0.0]
2019-05-20 14:54:59.649 TRACE 10536 --- [    Test worker] o.h.type.descriptor.sql.BasicExtractor   : extracted value ([mov_plac5_1_0_] : [VARCHAR]) - [SWH-2]
2019-05-20 14:54:59.649 DEBUG 10536 --- [    Test worker] org.hibernate.SQL                        : select movilentit0_.mov_placa as mov_plac1_2_1_, movilentit0_.mov_cilindraje as mov_cili2_2_1_, movilentit0_.mov_tipo_movil as mov_tipo3_2_1_, facturasen1_.mov_placa as mov_plac5_1_3_, facturasen1_.facId as facId1_1_3_, facturasen1_.facId as facId1_1_0_, facturasen1_.fac_fecha_ingreso as fac_fech2_1_0_, facturasen1_.fac_fecha_salida as fac_fech3_1_0_, facturasen1_.fac_valor as fac_valo4_1_0_, facturasen1_.mov_placa as mov_plac5_1_0_ from movil movilentit0_ left outer join factura facturasen1_ on movilentit0_.mov_placa=facturasen1_.mov_placa where movilentit0_.mov_placa=?
Hibernate: select movilentit0_.mov_placa as mov_plac1_2_1_, movilentit0_.mov_cilindraje as mov_cili2_2_1_, movilentit0_.mov_tipo_movil as mov_tipo3_2_1_, facturasen1_.mov_placa as mov_plac5_1_3_, facturasen1_.facId as facId1_1_3_, facturasen1_.facId as facId1_1_0_, facturasen1_.fac_fecha_ingreso as fac_fech2_1_0_, facturasen1_.fac_fecha_salida as fac_fech3_1_0_, facturasen1_.fac_valor as fac_valo4_1_0_, facturasen1_.mov_placa as mov_plac5_1_0_ from movil movilentit0_ left outer join factura facturasen1_ on movilentit0_.mov_placa=facturasen1_.mov_placa where movilentit0_.mov_placa=?
2019-05-20 14:54:59.650 TRACE 10536 --- [    Test worker] o.h.type.descriptor.sql.BasicBinder      : binding parameter [1] as [VARCHAR] - [SWH-2]
2019-05-20 14:54:59.650 TRACE 10536 --- [    Test worker] o.h.type.descriptor.sql.BasicExtractor   : extracted value ([facId1_1_0_] : [INTEGER]) - [4]
2019-05-20 14:54:59.651 TRACE 10536 --- [    Test worker] o.h.type.descriptor.sql.BasicExtractor   : extracted value ([mov_cili2_2_1_] : [DOUBLE]) - [150.0]
2019-05-20 14:54:59.651 TRACE 10536 --- [    Test worker] o.h.type.descriptor.sql.BasicExtractor   : extracted value ([mov_tipo3_2_1_] : [VARCHAR]) - [MOTO]
2019-05-20 14:54:59.651 TRACE 10536 --- [    Test worker] o.h.type.descriptor.sql.BasicExtractor   : extracted value ([mov_plac5_1_3_] : [VARCHAR]) - [SWH-2]
2019-05-20 14:54:59.651 TRACE 10536 --- [    Test worker] o.h.type.descriptor.sql.BasicExtractor   : extracted value ([facId1_1_3_] : [INTEGER]) - [4]
2019-05-20 14:54:59.653 DEBUG 10536 --- [    Test worker] org.hibernate.SQL                        : update factura set fac_fecha_ingreso=?, fac_fecha_salida=?, fac_valor=?, mov_placa=? where facId=?
Hibernate: update factura set fac_fecha_ingreso=?, fac_fecha_salida=?, fac_valor=?, mov_placa=? where facId=?
2019-05-20 14:54:59.654 TRACE 10536 --- [    Test worker] o.h.type.descriptor.sql.BasicBinder      : binding parameter [1] as [TIMESTAMP] - [2019-05-20 14:54:58.51]
2019-05-20 14:54:59.654 TRACE 10536 --- [    Test worker] o.h.type.descriptor.sql.BasicBinder      : binding parameter [2] as [TIMESTAMP] - [Mon May 20 14:54:59 COT 2019]
2019-05-20 14:54:59.654 TRACE 10536 --- [    Test worker] o.h.type.descriptor.sql.BasicBinder      : binding parameter [3] as [DOUBLE] - [500.0]
2019-05-20 14:54:59.654 TRACE 10536 --- [    Test worker] o.h.type.descriptor.sql.BasicBinder      : binding parameter [4] as [VARCHAR] - [SWH-2]
2019-05-20 14:54:59.654 TRACE 10536 --- [    Test worker] o.h.type.descriptor.sql.BasicBinder      : binding parameter [5] as [INTEGER] - [4]
2019-05-20 14:54:59.656 DEBUG 10536 --- [    Test worker] org.hibernate.SQL                        : select movilentit0_.mov_placa as mov_plac1_2_0_, movilentit0_.mov_cilindraje as mov_cili2_2_0_, movilentit0_.mov_tipo_movil as mov_tipo3_2_0_ from movil movilentit0_ where movilentit0_.mov_placa=?
Hibernate: select movilentit0_.mov_placa as mov_plac1_2_0_, movilentit0_.mov_cilindraje as mov_cili2_2_0_, movilentit0_.mov_tipo_movil as mov_tipo3_2_0_ from movil movilentit0_ where movilentit0_.mov_placa=?
2019-05-20 14:54:59.656 TRACE 10536 --- [    Test worker] o.h.type.descriptor.sql.BasicBinder      : binding parameter [1] as [VARCHAR] - [SWH-3]
2019-05-20 14:54:59.657 TRACE 10536 --- [    Test worker] o.h.type.descriptor.sql.BasicExtractor   : extracted value ([mov_cili2_2_0_] : [DOUBLE]) - [150.0]
2019-05-20 14:54:59.657 TRACE 10536 --- [    Test worker] o.h.type.descriptor.sql.BasicExtractor   : extracted value ([mov_tipo3_2_0_] : [VARCHAR]) - [MOTO]
2019-05-20 14:54:59.657 TRACE 10536 --- [    Test worker] org.hibernate.type.CollectionType        : Created collection wrapper: [co.com.ceiba.ceibaestacionamiento.persistencia.entidades.MovilEntity.facturasEntity#SWH-3]
2019-05-20 14:54:59.658 DEBUG 10536 --- [    Test worker] org.hibernate.SQL                        : SELECT COUNT(*) FROM factura WHERE mov_placa = ? AND fac_fecha_salida IS NULL
Hibernate: SELECT COUNT(*) FROM factura WHERE mov_placa = ? AND fac_fecha_salida IS NULL
2019-05-20 14:54:59.660 TRACE 10536 --- [    Test worker] o.h.type.descriptor.sql.BasicBinder      : binding parameter [1] as [VARCHAR] - [SWH-3]
2019-05-20 14:54:59.661 TRACE 10536 --- [    Test worker] o.h.type.descriptor.sql.BasicExtractor   : extracted value ([COUNT(*)] : [NUMERIC]) - [1]
2019-05-20 14:54:59.665 DEBUG 10536 --- [    Test worker] org.hibernate.SQL                        : SELECT * FROM factura WHERE mov_placa = ? AND fac_fecha_salida IS NULL
Hibernate: SELECT * FROM factura WHERE mov_placa = ? AND fac_fecha_salida IS NULL
2019-05-20 14:54:59.666 TRACE 10536 --- [    Test worker] o.h.type.descriptor.sql.BasicBinder      : binding parameter [1] as [VARCHAR] - [SWH-3]
2019-05-20 14:54:59.666 TRACE 10536 --- [    Test worker] o.h.type.descriptor.sql.BasicExtractor   : extracted value ([facId] : [INTEGER]) - [5]
2019-05-20 14:54:59.666 TRACE 10536 --- [    Test worker] o.h.type.descriptor.sql.BasicExtractor   : extracted value ([fac_fecha_ingreso] : [TIMESTAMP]) - [2019-05-20 14:54:58.566]
2019-05-20 14:54:59.666 TRACE 10536 --- [    Test worker] o.h.type.descriptor.sql.BasicExtractor   : extracted value ([fac_fecha_salida] : [TIMESTAMP]) - [null]
2019-05-20 14:54:59.667 TRACE 10536 --- [    Test worker] o.h.type.descriptor.sql.BasicExtractor   : extracted value ([fac_valor] : [DOUBLE]) - [0.0]
2019-05-20 14:54:59.667 TRACE 10536 --- [    Test worker] o.h.type.descriptor.sql.BasicExtractor   : extracted value ([mov_placa] : [VARCHAR]) - [SWH-3]
2019-05-20 14:54:59.667 DEBUG 10536 --- [    Test worker] org.hibernate.SQL                        : select movilentit0_.mov_placa as mov_plac1_2_0_, movilentit0_.mov_cilindraje as mov_cili2_2_0_, movilentit0_.mov_tipo_movil as mov_tipo3_2_0_ from movil movilentit0_ where movilentit0_.mov_placa=?
Hibernate: select movilentit0_.mov_placa as mov_plac1_2_0_, movilentit0_.mov_cilindraje as mov_cili2_2_0_, movilentit0_.mov_tipo_movil as mov_tipo3_2_0_ from movil movilentit0_ where movilentit0_.mov_placa=?
2019-05-20 14:54:59.667 TRACE 10536 --- [    Test worker] o.h.type.descriptor.sql.BasicBinder      : binding parameter [1] as [VARCHAR] - [SWH-3]
2019-05-20 14:54:59.667 TRACE 10536 --- [    Test worker] o.h.type.descriptor.sql.BasicExtractor   : extracted value ([mov_cili2_2_0_] : [DOUBLE]) - [150.0]
2019-05-20 14:54:59.668 TRACE 10536 --- [    Test worker] o.h.type.descriptor.sql.BasicExtractor   : extracted value ([mov_tipo3_2_0_] : [VARCHAR]) - [MOTO]
2019-05-20 14:54:59.668 TRACE 10536 --- [    Test worker] org.hibernate.type.CollectionType        : Created collection wrapper: [co.com.ceiba.ceibaestacionamiento.persistencia.entidades.MovilEntity.facturasEntity#SWH-3]
2019-05-20 14:54:59.671 DEBUG 10536 --- [    Test worker] org.hibernate.SQL                        : SELECT * FROM costoestadia WHERE cos_tipo_movil = ? AND cos_tipo_pago = ? AND cos_tiempo_estadia = ?
Hibernate: SELECT * FROM costoestadia WHERE cos_tipo_movil = ? AND cos_tipo_pago = ? AND cos_tiempo_estadia = ?
2019-05-20 14:54:59.672 TRACE 10536 --- [    Test worker] o.h.type.descriptor.sql.BasicBinder      : binding parameter [1] as [VARCHAR] - [MOTO]
2019-05-20 14:54:59.672 TRACE 10536 --- [    Test worker] o.h.type.descriptor.sql.BasicBinder      : binding parameter [2] as [VARCHAR] - [NORMAL]
2019-05-20 14:54:59.672 TRACE 10536 --- [    Test worker] o.h.type.descriptor.sql.BasicBinder      : binding parameter [3] as [VARCHAR] - [DIA]
2019-05-20 14:54:59.672 TRACE 10536 --- [    Test worker] o.h.type.descriptor.sql.BasicExtractor   : extracted value ([cos_id] : [INTEGER]) - [3]
2019-05-20 14:54:59.672 TRACE 10536 --- [    Test worker] o.h.type.descriptor.sql.BasicExtractor   : extracted value ([cos_tiempo_estadia] : [VARCHAR]) - [DIA]
2019-05-20 14:54:59.672 TRACE 10536 --- [    Test worker] o.h.type.descriptor.sql.BasicExtractor   : extracted value ([cos_tipo_movil] : [VARCHAR]) - [MOTO]
2019-05-20 14:54:59.672 TRACE 10536 --- [    Test worker] o.h.type.descriptor.sql.BasicExtractor   : extracted value ([cos_tipo_pago] : [VARCHAR]) - [NORMAL]
2019-05-20 14:54:59.672 TRACE 10536 --- [    Test worker] o.h.type.descriptor.sql.BasicExtractor   : extracted value ([cos_valor] : [DOUBLE]) - [4000.0]
2019-05-20 14:54:59.675 DEBUG 10536 --- [    Test worker] org.hibernate.SQL                        : SELECT * FROM costoestadia WHERE cos_tipo_movil = ? AND cos_tipo_pago = ? AND cos_tiempo_estadia = ?
Hibernate: SELECT * FROM costoestadia WHERE cos_tipo_movil = ? AND cos_tipo_pago = ? AND cos_tiempo_estadia = ?
2019-05-20 14:54:59.676 TRACE 10536 --- [    Test worker] o.h.type.descriptor.sql.BasicBinder      : binding parameter [1] as [VARCHAR] - [MOTO]
2019-05-20 14:54:59.676 TRACE 10536 --- [    Test worker] o.h.type.descriptor.sql.BasicBinder      : binding parameter [2] as [VARCHAR] - [NORMAL]
2019-05-20 14:54:59.676 TRACE 10536 --- [    Test worker] o.h.type.descriptor.sql.BasicBinder      : binding parameter [3] as [VARCHAR] - [HORA]
2019-05-20 14:54:59.677 TRACE 10536 --- [    Test worker] o.h.type.descriptor.sql.BasicExtractor   : extracted value ([cos_id] : [INTEGER]) - [4]
2019-05-20 14:54:59.677 TRACE 10536 --- [    Test worker] o.h.type.descriptor.sql.BasicExtractor   : extracted value ([cos_tiempo_estadia] : [VARCHAR]) - [HORA]
2019-05-20 14:54:59.677 TRACE 10536 --- [    Test worker] o.h.type.descriptor.sql.BasicExtractor   : extracted value ([cos_tipo_movil] : [VARCHAR]) - [MOTO]
2019-05-20 14:54:59.677 TRACE 10536 --- [    Test worker] o.h.type.descriptor.sql.BasicExtractor   : extracted value ([cos_tipo_pago] : [VARCHAR]) - [NORMAL]
2019-05-20 14:54:59.677 TRACE 10536 --- [    Test worker] o.h.type.descriptor.sql.BasicExtractor   : extracted value ([cos_valor] : [DOUBLE]) - [500.0]
2019-05-20 14:54:59.679 DEBUG 10536 --- [    Test worker] org.hibernate.SQL                        : SELECT * FROM factura WHERE mov_placa = ? AND fac_fecha_salida IS NULL
Hibernate: SELECT * FROM factura WHERE mov_placa = ? AND fac_fecha_salida IS NULL
2019-05-20 14:54:59.680 TRACE 10536 --- [    Test worker] o.h.type.descriptor.sql.BasicBinder      : binding parameter [1] as [VARCHAR] - [SWH-3]
2019-05-20 14:54:59.681 TRACE 10536 --- [    Test worker] o.h.type.descriptor.sql.BasicExtractor   : extracted value ([facId] : [INTEGER]) - [5]
2019-05-20 14:54:59.682 TRACE 10536 --- [    Test worker] o.h.type.descriptor.sql.BasicExtractor   : extracted value ([fac_fecha_ingreso] : [TIMESTAMP]) - [2019-05-20 14:54:58.566]
2019-05-20 14:54:59.682 TRACE 10536 --- [    Test worker] o.h.type.descriptor.sql.BasicExtractor   : extracted value ([fac_fecha_salida] : [TIMESTAMP]) - [null]
2019-05-20 14:54:59.682 TRACE 10536 --- [    Test worker] o.h.type.descriptor.sql.BasicExtractor   : extracted value ([fac_valor] : [DOUBLE]) - [0.0]
2019-05-20 14:54:59.683 TRACE 10536 --- [    Test worker] o.h.type.descriptor.sql.BasicExtractor   : extracted value ([mov_placa] : [VARCHAR]) - [SWH-3]
2019-05-20 14:54:59.684 DEBUG 10536 --- [    Test worker] org.hibernate.SQL                        : select movilentit0_.mov_placa as mov_plac1_2_0_, movilentit0_.mov_cilindraje as mov_cili2_2_0_, movilentit0_.mov_tipo_movil as mov_tipo3_2_0_ from movil movilentit0_ where movilentit0_.mov_placa=?
Hibernate: select movilentit0_.mov_placa as mov_plac1_2_0_, movilentit0_.mov_cilindraje as mov_cili2_2_0_, movilentit0_.mov_tipo_movil as mov_tipo3_2_0_ from movil movilentit0_ where movilentit0_.mov_placa=?
2019-05-20 14:54:59.685 TRACE 10536 --- [    Test worker] o.h.type.descriptor.sql.BasicBinder      : binding parameter [1] as [VARCHAR] - [SWH-3]
2019-05-20 14:54:59.685 TRACE 10536 --- [    Test worker] o.h.type.descriptor.sql.BasicExtractor   : extracted value ([mov_cili2_2_0_] : [DOUBLE]) - [150.0]
2019-05-20 14:54:59.686 TRACE 10536 --- [    Test worker] o.h.type.descriptor.sql.BasicExtractor   : extracted value ([mov_tipo3_2_0_] : [VARCHAR]) - [MOTO]
2019-05-20 14:54:59.686 TRACE 10536 --- [    Test worker] org.hibernate.type.CollectionType        : Created collection wrapper: [co.com.ceiba.ceibaestacionamiento.persistencia.entidades.MovilEntity.facturasEntity#SWH-3]
2019-05-20 14:54:59.689 DEBUG 10536 --- [    Test worker] org.hibernate.SQL                        : select facturaent0_.facId as facId1_1_0_, facturaent0_.fac_fecha_ingreso as fac_fech2_1_0_, facturaent0_.fac_fecha_salida as fac_fech3_1_0_, facturaent0_.fac_valor as fac_valo4_1_0_, facturaent0_.mov_placa as mov_plac5_1_0_ from factura facturaent0_ where facturaent0_.facId=?
Hibernate: select facturaent0_.facId as facId1_1_0_, facturaent0_.fac_fecha_ingreso as fac_fech2_1_0_, facturaent0_.fac_fecha_salida as fac_fech3_1_0_, facturaent0_.fac_valor as fac_valo4_1_0_, facturaent0_.mov_placa as mov_plac5_1_0_ from factura facturaent0_ where facturaent0_.facId=?
2019-05-20 14:54:59.689 TRACE 10536 --- [    Test worker] o.h.type.descriptor.sql.BasicBinder      : binding parameter [1] as [INTEGER] - [5]
2019-05-20 14:54:59.690 TRACE 10536 --- [    Test worker] o.h.type.descriptor.sql.BasicExtractor   : extracted value ([fac_fech2_1_0_] : [TIMESTAMP]) - [2019-05-20 14:54:58.566]
2019-05-20 14:54:59.690 TRACE 10536 --- [    Test worker] o.h.type.descriptor.sql.BasicExtractor   : extracted value ([fac_fech3_1_0_] : [TIMESTAMP]) - [null]
2019-05-20 14:54:59.690 TRACE 10536 --- [    Test worker] o.h.type.descriptor.sql.BasicExtractor   : extracted value ([fac_valo4_1_0_] : [DOUBLE]) - [0.0]
2019-05-20 14:54:59.691 TRACE 10536 --- [    Test worker] o.h.type.descriptor.sql.BasicExtractor   : extracted value ([mov_plac5_1_0_] : [VARCHAR]) - [SWH-3]
2019-05-20 14:54:59.691 DEBUG 10536 --- [    Test worker] org.hibernate.SQL                        : select movilentit0_.mov_placa as mov_plac1_2_1_, movilentit0_.mov_cilindraje as mov_cili2_2_1_, movilentit0_.mov_tipo_movil as mov_tipo3_2_1_, facturasen1_.mov_placa as mov_plac5_1_3_, facturasen1_.facId as facId1_1_3_, facturasen1_.facId as facId1_1_0_, facturasen1_.fac_fecha_ingreso as fac_fech2_1_0_, facturasen1_.fac_fecha_salida as fac_fech3_1_0_, facturasen1_.fac_valor as fac_valo4_1_0_, facturasen1_.mov_placa as mov_plac5_1_0_ from movil movilentit0_ left outer join factura facturasen1_ on movilentit0_.mov_placa=facturasen1_.mov_placa where movilentit0_.mov_placa=?
Hibernate: select movilentit0_.mov_placa as mov_plac1_2_1_, movilentit0_.mov_cilindraje as mov_cili2_2_1_, movilentit0_.mov_tipo_movil as mov_tipo3_2_1_, facturasen1_.mov_placa as mov_plac5_1_3_, facturasen1_.facId as facId1_1_3_, facturasen1_.facId as facId1_1_0_, facturasen1_.fac_fecha_ingreso as fac_fech2_1_0_, facturasen1_.fac_fecha_salida as fac_fech3_1_0_, facturasen1_.fac_valor as fac_valo4_1_0_, facturasen1_.mov_placa as mov_plac5_1_0_ from movil movilentit0_ left outer join factura facturasen1_ on movilentit0_.mov_placa=facturasen1_.mov_placa where movilentit0_.mov_placa=?
2019-05-20 14:54:59.691 TRACE 10536 --- [    Test worker] o.h.type.descriptor.sql.BasicBinder      : binding parameter [1] as [VARCHAR] - [SWH-3]
2019-05-20 14:54:59.692 TRACE 10536 --- [    Test worker] o.h.type.descriptor.sql.BasicExtractor   : extracted value ([facId1_1_0_] : [INTEGER]) - [5]
2019-05-20 14:54:59.692 TRACE 10536 --- [    Test worker] o.h.type.descriptor.sql.BasicExtractor   : extracted value ([mov_cili2_2_1_] : [DOUBLE]) - [150.0]
2019-05-20 14:54:59.692 TRACE 10536 --- [    Test worker] o.h.type.descriptor.sql.BasicExtractor   : extracted value ([mov_tipo3_2_1_] : [VARCHAR]) - [MOTO]
2019-05-20 14:54:59.692 TRACE 10536 --- [    Test worker] o.h.type.descriptor.sql.BasicExtractor   : extracted value ([mov_plac5_1_3_] : [VARCHAR]) - [SWH-3]
2019-05-20 14:54:59.692 TRACE 10536 --- [    Test worker] o.h.type.descriptor.sql.BasicExtractor   : extracted value ([facId1_1_3_] : [INTEGER]) - [5]
2019-05-20 14:54:59.693 DEBUG 10536 --- [    Test worker] org.hibernate.SQL                        : update factura set fac_fecha_ingreso=?, fac_fecha_salida=?, fac_valor=?, mov_placa=? where facId=?
Hibernate: update factura set fac_fecha_ingreso=?, fac_fecha_salida=?, fac_valor=?, mov_placa=? where facId=?
2019-05-20 14:54:59.694 TRACE 10536 --- [    Test worker] o.h.type.descriptor.sql.BasicBinder      : binding parameter [1] as [TIMESTAMP] - [2019-05-20 14:54:58.566]
2019-05-20 14:54:59.694 TRACE 10536 --- [    Test worker] o.h.type.descriptor.sql.BasicBinder      : binding parameter [2] as [TIMESTAMP] - [Mon May 20 14:54:59 COT 2019]
2019-05-20 14:54:59.694 TRACE 10536 --- [    Test worker] o.h.type.descriptor.sql.BasicBinder      : binding parameter [3] as [DOUBLE] - [500.0]
2019-05-20 14:54:59.694 TRACE 10536 --- [    Test worker] o.h.type.descriptor.sql.BasicBinder      : binding parameter [4] as [VARCHAR] - [SWH-3]
2019-05-20 14:54:59.694 TRACE 10536 --- [    Test worker] o.h.type.descriptor.sql.BasicBinder      : binding parameter [5] as [INTEGER] - [5]
2019-05-20 14:54:59.696 DEBUG 10536 --- [    Test worker] org.hibernate.SQL                        : select movilentit0_.mov_placa as mov_plac1_2_0_, movilentit0_.mov_cilindraje as mov_cili2_2_0_, movilentit0_.mov_tipo_movil as mov_tipo3_2_0_ from movil movilentit0_ where movilentit0_.mov_placa=?
Hibernate: select movilentit0_.mov_placa as mov_plac1_2_0_, movilentit0_.mov_cilindraje as mov_cili2_2_0_, movilentit0_.mov_tipo_movil as mov_tipo3_2_0_ from movil movilentit0_ where movilentit0_.mov_placa=?
2019-05-20 14:54:59.696 TRACE 10536 --- [    Test worker] o.h.type.descriptor.sql.BasicBinder      : binding parameter [1] as [VARCHAR] - [SWH-4]
2019-05-20 14:54:59.697 TRACE 10536 --- [    Test worker] o.h.type.descriptor.sql.BasicExtractor   : extracted value ([mov_cili2_2_0_] : [DOUBLE]) - [150.0]
2019-05-20 14:54:59.697 TRACE 10536 --- [    Test worker] o.h.type.descriptor.sql.BasicExtractor   : extracted value ([mov_tipo3_2_0_] : [VARCHAR]) - [MOTO]
2019-05-20 14:54:59.698 TRACE 10536 --- [    Test worker] org.hibernate.type.CollectionType        : Created collection wrapper: [co.com.ceiba.ceibaestacionamiento.persistencia.entidades.MovilEntity.facturasEntity#SWH-4]
2019-05-20 14:54:59.701 DEBUG 10536 --- [    Test worker] org.hibernate.SQL                        : SELECT COUNT(*) FROM factura WHERE mov_placa = ? AND fac_fecha_salida IS NULL
Hibernate: SELECT COUNT(*) FROM factura WHERE mov_placa = ? AND fac_fecha_salida IS NULL
2019-05-20 14:54:59.702 TRACE 10536 --- [    Test worker] o.h.type.descriptor.sql.BasicBinder      : binding parameter [1] as [VARCHAR] - [SWH-4]
2019-05-20 14:54:59.702 TRACE 10536 --- [    Test worker] o.h.type.descriptor.sql.BasicExtractor   : extracted value ([COUNT(*)] : [NUMERIC]) - [1]
2019-05-20 14:54:59.704 DEBUG 10536 --- [    Test worker] org.hibernate.SQL                        : SELECT * FROM factura WHERE mov_placa = ? AND fac_fecha_salida IS NULL
Hibernate: SELECT * FROM factura WHERE mov_placa = ? AND fac_fecha_salida IS NULL
2019-05-20 14:54:59.705 TRACE 10536 --- [    Test worker] o.h.type.descriptor.sql.BasicBinder      : binding parameter [1] as [VARCHAR] - [SWH-4]
2019-05-20 14:54:59.705 TRACE 10536 --- [    Test worker] o.h.type.descriptor.sql.BasicExtractor   : extracted value ([facId] : [INTEGER]) - [6]
2019-05-20 14:54:59.706 TRACE 10536 --- [    Test worker] o.h.type.descriptor.sql.BasicExtractor   : extracted value ([fac_fecha_ingreso] : [TIMESTAMP]) - [2019-05-20 14:54:58.654]
2019-05-20 14:54:59.706 TRACE 10536 --- [    Test worker] o.h.type.descriptor.sql.BasicExtractor   : extracted value ([fac_fecha_salida] : [TIMESTAMP]) - [null]
2019-05-20 14:54:59.706 TRACE 10536 --- [    Test worker] o.h.type.descriptor.sql.BasicExtractor   : extracted value ([fac_valor] : [DOUBLE]) - [0.0]
2019-05-20 14:54:59.706 TRACE 10536 --- [    Test worker] o.h.type.descriptor.sql.BasicExtractor   : extracted value ([mov_placa] : [VARCHAR]) - [SWH-4]
2019-05-20 14:54:59.706 DEBUG 10536 --- [    Test worker] org.hibernate.SQL                        : select movilentit0_.mov_placa as mov_plac1_2_0_, movilentit0_.mov_cilindraje as mov_cili2_2_0_, movilentit0_.mov_tipo_movil as mov_tipo3_2_0_ from movil movilentit0_ where movilentit0_.mov_placa=?
Hibernate: select movilentit0_.mov_placa as mov_plac1_2_0_, movilentit0_.mov_cilindraje as mov_cili2_2_0_, movilentit0_.mov_tipo_movil as mov_tipo3_2_0_ from movil movilentit0_ where movilentit0_.mov_placa=?
2019-05-20 14:54:59.707 TRACE 10536 --- [    Test worker] o.h.type.descriptor.sql.BasicBinder      : binding parameter [1] as [VARCHAR] - [SWH-4]
2019-05-20 14:54:59.707 TRACE 10536 --- [    Test worker] o.h.type.descriptor.sql.BasicExtractor   : extracted value ([mov_cili2_2_0_] : [DOUBLE]) - [150.0]
2019-05-20 14:54:59.707 TRACE 10536 --- [    Test worker] o.h.type.descriptor.sql.BasicExtractor   : extracted value ([mov_tipo3_2_0_] : [VARCHAR]) - [MOTO]
2019-05-20 14:54:59.707 TRACE 10536 --- [    Test worker] org.hibernate.type.CollectionType        : Created collection wrapper: [co.com.ceiba.ceibaestacionamiento.persistencia.entidades.MovilEntity.facturasEntity#SWH-4]
2019-05-20 14:54:59.710 DEBUG 10536 --- [    Test worker] org.hibernate.SQL                        : SELECT * FROM costoestadia WHERE cos_tipo_movil = ? AND cos_tipo_pago = ? AND cos_tiempo_estadia = ?
Hibernate: SELECT * FROM costoestadia WHERE cos_tipo_movil = ? AND cos_tipo_pago = ? AND cos_tiempo_estadia = ?
2019-05-20 14:54:59.711 TRACE 10536 --- [    Test worker] o.h.type.descriptor.sql.BasicBinder      : binding parameter [1] as [VARCHAR] - [MOTO]
2019-05-20 14:54:59.711 TRACE 10536 --- [    Test worker] o.h.type.descriptor.sql.BasicBinder      : binding parameter [2] as [VARCHAR] - [NORMAL]
2019-05-20 14:54:59.711 TRACE 10536 --- [    Test worker] o.h.type.descriptor.sql.BasicBinder      : binding parameter [3] as [VARCHAR] - [DIA]
2019-05-20 14:54:59.711 TRACE 10536 --- [    Test worker] o.h.type.descriptor.sql.BasicExtractor   : extracted value ([cos_id] : [INTEGER]) - [3]
2019-05-20 14:54:59.711 TRACE 10536 --- [    Test worker] o.h.type.descriptor.sql.BasicExtractor   : extracted value ([cos_tiempo_estadia] : [VARCHAR]) - [DIA]
2019-05-20 14:54:59.711 TRACE 10536 --- [    Test worker] o.h.type.descriptor.sql.BasicExtractor   : extracted value ([cos_tipo_movil] : [VARCHAR]) - [MOTO]
2019-05-20 14:54:59.711 TRACE 10536 --- [    Test worker] o.h.type.descriptor.sql.BasicExtractor   : extracted value ([cos_tipo_pago] : [VARCHAR]) - [NORMAL]
2019-05-20 14:54:59.712 TRACE 10536 --- [    Test worker] o.h.type.descriptor.sql.BasicExtractor   : extracted value ([cos_valor] : [DOUBLE]) - [4000.0]
2019-05-20 14:54:59.716 DEBUG 10536 --- [    Test worker] org.hibernate.SQL                        : SELECT * FROM costoestadia WHERE cos_tipo_movil = ? AND cos_tipo_pago = ? AND cos_tiempo_estadia = ?
Hibernate: SELECT * FROM costoestadia WHERE cos_tipo_movil = ? AND cos_tipo_pago = ? AND cos_tiempo_estadia = ?
2019-05-20 14:54:59.718 TRACE 10536 --- [    Test worker] o.h.type.descriptor.sql.BasicBinder      : binding parameter [1] as [VARCHAR] - [MOTO]
2019-05-20 14:54:59.718 TRACE 10536 --- [    Test worker] o.h.type.descriptor.sql.BasicBinder      : binding parameter [2] as [VARCHAR] - [NORMAL]
2019-05-20 14:54:59.718 TRACE 10536 --- [    Test worker] o.h.type.descriptor.sql.BasicBinder      : binding parameter [3] as [VARCHAR] - [HORA]
2019-05-20 14:54:59.720 TRACE 10536 --- [    Test worker] o.h.type.descriptor.sql.BasicExtractor   : extracted value ([cos_id] : [INTEGER]) - [4]
2019-05-20 14:54:59.720 TRACE 10536 --- [    Test worker] o.h.type.descriptor.sql.BasicExtractor   : extracted value ([cos_tiempo_estadia] : [VARCHAR]) - [HORA]
2019-05-20 14:54:59.720 TRACE 10536 --- [    Test worker] o.h.type.descriptor.sql.BasicExtractor   : extracted value ([cos_tipo_movil] : [VARCHAR]) - [MOTO]
2019-05-20 14:54:59.720 TRACE 10536 --- [    Test worker] o.h.type.descriptor.sql.BasicExtractor   : extracted value ([cos_tipo_pago] : [VARCHAR]) - [NORMAL]
2019-05-20 14:54:59.720 TRACE 10536 --- [    Test worker] o.h.type.descriptor.sql.BasicExtractor   : extracted value ([cos_valor] : [DOUBLE]) - [500.0]
2019-05-20 14:54:59.722 DEBUG 10536 --- [    Test worker] org.hibernate.SQL                        : SELECT * FROM factura WHERE mov_placa = ? AND fac_fecha_salida IS NULL
Hibernate: SELECT * FROM factura WHERE mov_placa = ? AND fac_fecha_salida IS NULL
2019-05-20 14:54:59.723 TRACE 10536 --- [    Test worker] o.h.type.descriptor.sql.BasicBinder      : binding parameter [1] as [VARCHAR] - [SWH-4]
2019-05-20 14:54:59.724 TRACE 10536 --- [    Test worker] o.h.type.descriptor.sql.BasicExtractor   : extracted value ([facId] : [INTEGER]) - [6]
2019-05-20 14:54:59.724 TRACE 10536 --- [    Test worker] o.h.type.descriptor.sql.BasicExtractor   : extracted value ([fac_fecha_ingreso] : [TIMESTAMP]) - [2019-05-20 14:54:58.654]
2019-05-20 14:54:59.724 TRACE 10536 --- [    Test worker] o.h.type.descriptor.sql.BasicExtractor   : extracted value ([fac_fecha_salida] : [TIMESTAMP]) - [null]
2019-05-20 14:54:59.724 TRACE 10536 --- [    Test worker] o.h.type.descriptor.sql.BasicExtractor   : extracted value ([fac_valor] : [DOUBLE]) - [0.0]
2019-05-20 14:54:59.724 TRACE 10536 --- [    Test worker] o.h.type.descriptor.sql.BasicExtractor   : extracted value ([mov_placa] : [VARCHAR]) - [SWH-4]
2019-05-20 14:54:59.725 DEBUG 10536 --- [    Test worker] org.hibernate.SQL                        : select movilentit0_.mov_placa as mov_plac1_2_0_, movilentit0_.mov_cilindraje as mov_cili2_2_0_, movilentit0_.mov_tipo_movil as mov_tipo3_2_0_ from movil movilentit0_ where movilentit0_.mov_placa=?
Hibernate: select movilentit0_.mov_placa as mov_plac1_2_0_, movilentit0_.mov_cilindraje as mov_cili2_2_0_, movilentit0_.mov_tipo_movil as mov_tipo3_2_0_ from movil movilentit0_ where movilentit0_.mov_placa=?
2019-05-20 14:54:59.725 TRACE 10536 --- [    Test worker] o.h.type.descriptor.sql.BasicBinder      : binding parameter [1] as [VARCHAR] - [SWH-4]
2019-05-20 14:54:59.725 TRACE 10536 --- [    Test worker] o.h.type.descriptor.sql.BasicExtractor   : extracted value ([mov_cili2_2_0_] : [DOUBLE]) - [150.0]
2019-05-20 14:54:59.725 TRACE 10536 --- [    Test worker] o.h.type.descriptor.sql.BasicExtractor   : extracted value ([mov_tipo3_2_0_] : [VARCHAR]) - [MOTO]
2019-05-20 14:54:59.725 TRACE 10536 --- [    Test worker] org.hibernate.type.CollectionType        : Created collection wrapper: [co.com.ceiba.ceibaestacionamiento.persistencia.entidades.MovilEntity.facturasEntity#SWH-4]
2019-05-20 14:54:59.727 DEBUG 10536 --- [    Test worker] org.hibernate.SQL                        : select facturaent0_.facId as facId1_1_0_, facturaent0_.fac_fecha_ingreso as fac_fech2_1_0_, facturaent0_.fac_fecha_salida as fac_fech3_1_0_, facturaent0_.fac_valor as fac_valo4_1_0_, facturaent0_.mov_placa as mov_plac5_1_0_ from factura facturaent0_ where facturaent0_.facId=?
Hibernate: select facturaent0_.facId as facId1_1_0_, facturaent0_.fac_fecha_ingreso as fac_fech2_1_0_, facturaent0_.fac_fecha_salida as fac_fech3_1_0_, facturaent0_.fac_valor as fac_valo4_1_0_, facturaent0_.mov_placa as mov_plac5_1_0_ from factura facturaent0_ where facturaent0_.facId=?
2019-05-20 14:54:59.727 TRACE 10536 --- [    Test worker] o.h.type.descriptor.sql.BasicBinder      : binding parameter [1] as [INTEGER] - [6]
2019-05-20 14:54:59.730 TRACE 10536 --- [    Test worker] o.h.type.descriptor.sql.BasicExtractor   : extracted value ([fac_fech2_1_0_] : [TIMESTAMP]) - [2019-05-20 14:54:58.654]
2019-05-20 14:54:59.730 TRACE 10536 --- [    Test worker] o.h.type.descriptor.sql.BasicExtractor   : extracted value ([fac_fech3_1_0_] : [TIMESTAMP]) - [null]
2019-05-20 14:54:59.730 TRACE 10536 --- [    Test worker] o.h.type.descriptor.sql.BasicExtractor   : extracted value ([fac_valo4_1_0_] : [DOUBLE]) - [0.0]
2019-05-20 14:54:59.730 TRACE 10536 --- [    Test worker] o.h.type.descriptor.sql.BasicExtractor   : extracted value ([mov_plac5_1_0_] : [VARCHAR]) - [SWH-4]
2019-05-20 14:54:59.730 DEBUG 10536 --- [    Test worker] org.hibernate.SQL                        : select movilentit0_.mov_placa as mov_plac1_2_1_, movilentit0_.mov_cilindraje as mov_cili2_2_1_, movilentit0_.mov_tipo_movil as mov_tipo3_2_1_, facturasen1_.mov_placa as mov_plac5_1_3_, facturasen1_.facId as facId1_1_3_, facturasen1_.facId as facId1_1_0_, facturasen1_.fac_fecha_ingreso as fac_fech2_1_0_, facturasen1_.fac_fecha_salida as fac_fech3_1_0_, facturasen1_.fac_valor as fac_valo4_1_0_, facturasen1_.mov_placa as mov_plac5_1_0_ from movil movilentit0_ left outer join factura facturasen1_ on movilentit0_.mov_placa=facturasen1_.mov_placa where movilentit0_.mov_placa=?
Hibernate: select movilentit0_.mov_placa as mov_plac1_2_1_, movilentit0_.mov_cilindraje as mov_cili2_2_1_, movilentit0_.mov_tipo_movil as mov_tipo3_2_1_, facturasen1_.mov_placa as mov_plac5_1_3_, facturasen1_.facId as facId1_1_3_, facturasen1_.facId as facId1_1_0_, facturasen1_.fac_fecha_ingreso as fac_fech2_1_0_, facturasen1_.fac_fecha_salida as fac_fech3_1_0_, facturasen1_.fac_valor as fac_valo4_1_0_, facturasen1_.mov_placa as mov_plac5_1_0_ from movil movilentit0_ left outer join factura facturasen1_ on movilentit0_.mov_placa=facturasen1_.mov_placa where movilentit0_.mov_placa=?
2019-05-20 14:54:59.730 TRACE 10536 --- [    Test worker] o.h.type.descriptor.sql.BasicBinder      : binding parameter [1] as [VARCHAR] - [SWH-4]
2019-05-20 14:54:59.731 TRACE 10536 --- [    Test worker] o.h.type.descriptor.sql.BasicExtractor   : extracted value ([facId1_1_0_] : [INTEGER]) - [6]
2019-05-20 14:54:59.731 TRACE 10536 --- [    Test worker] o.h.type.descriptor.sql.BasicExtractor   : extracted value ([mov_cili2_2_1_] : [DOUBLE]) - [150.0]
2019-05-20 14:54:59.731 TRACE 10536 --- [    Test worker] o.h.type.descriptor.sql.BasicExtractor   : extracted value ([mov_tipo3_2_1_] : [VARCHAR]) - [MOTO]
2019-05-20 14:54:59.731 TRACE 10536 --- [    Test worker] o.h.type.descriptor.sql.BasicExtractor   : extracted value ([mov_plac5_1_3_] : [VARCHAR]) - [SWH-4]
2019-05-20 14:54:59.731 TRACE 10536 --- [    Test worker] o.h.type.descriptor.sql.BasicExtractor   : extracted value ([facId1_1_3_] : [INTEGER]) - [6]
2019-05-20 14:54:59.733 DEBUG 10536 --- [    Test worker] org.hibernate.SQL                        : update factura set fac_fecha_ingreso=?, fac_fecha_salida=?, fac_valor=?, mov_placa=? where facId=?
Hibernate: update factura set fac_fecha_ingreso=?, fac_fecha_salida=?, fac_valor=?, mov_placa=? where facId=?
2019-05-20 14:54:59.733 TRACE 10536 --- [    Test worker] o.h.type.descriptor.sql.BasicBinder      : binding parameter [1] as [TIMESTAMP] - [2019-05-20 14:54:58.654]
2019-05-20 14:54:59.733 TRACE 10536 --- [    Test worker] o.h.type.descriptor.sql.BasicBinder      : binding parameter [2] as [TIMESTAMP] - [Mon May 20 14:54:59 COT 2019]
2019-05-20 14:54:59.733 TRACE 10536 --- [    Test worker] o.h.type.descriptor.sql.BasicBinder      : binding parameter [3] as [DOUBLE] - [500.0]
2019-05-20 14:54:59.733 TRACE 10536 --- [    Test worker] o.h.type.descriptor.sql.BasicBinder      : binding parameter [4] as [VARCHAR] - [SWH-4]
2019-05-20 14:54:59.733 TRACE 10536 --- [    Test worker] o.h.type.descriptor.sql.BasicBinder      : binding parameter [5] as [INTEGER] - [6]
2019-05-20 14:54:59.735 DEBUG 10536 --- [    Test worker] org.hibernate.SQL                        : select movilentit0_.mov_placa as mov_plac1_2_0_, movilentit0_.mov_cilindraje as mov_cili2_2_0_, movilentit0_.mov_tipo_movil as mov_tipo3_2_0_ from movil movilentit0_ where movilentit0_.mov_placa=?
Hibernate: select movilentit0_.mov_placa as mov_plac1_2_0_, movilentit0_.mov_cilindraje as mov_cili2_2_0_, movilentit0_.mov_tipo_movil as mov_tipo3_2_0_ from movil movilentit0_ where movilentit0_.mov_placa=?
2019-05-20 14:54:59.735 TRACE 10536 --- [    Test worker] o.h.type.descriptor.sql.BasicBinder      : binding parameter [1] as [VARCHAR] - [SWH-5]
2019-05-20 14:54:59.736 TRACE 10536 --- [    Test worker] o.h.type.descriptor.sql.BasicExtractor   : extracted value ([mov_cili2_2_0_] : [DOUBLE]) - [150.0]
2019-05-20 14:54:59.736 TRACE 10536 --- [    Test worker] o.h.type.descriptor.sql.BasicExtractor   : extracted value ([mov_tipo3_2_0_] : [VARCHAR]) - [MOTO]
2019-05-20 14:54:59.736 TRACE 10536 --- [    Test worker] org.hibernate.type.CollectionType        : Created collection wrapper: [co.com.ceiba.ceibaestacionamiento.persistencia.entidades.MovilEntity.facturasEntity#SWH-5]
2019-05-20 14:54:59.740 DEBUG 10536 --- [    Test worker] org.hibernate.SQL                        : SELECT COUNT(*) FROM factura WHERE mov_placa = ? AND fac_fecha_salida IS NULL
Hibernate: SELECT COUNT(*) FROM factura WHERE mov_placa = ? AND fac_fecha_salida IS NULL
2019-05-20 14:54:59.740 TRACE 10536 --- [    Test worker] o.h.type.descriptor.sql.BasicBinder      : binding parameter [1] as [VARCHAR] - [SWH-5]
2019-05-20 14:54:59.741 TRACE 10536 --- [    Test worker] o.h.type.descriptor.sql.BasicExtractor   : extracted value ([COUNT(*)] : [NUMERIC]) - [1]
2019-05-20 14:54:59.742 DEBUG 10536 --- [    Test worker] org.hibernate.SQL                        : SELECT * FROM factura WHERE mov_placa = ? AND fac_fecha_salida IS NULL
Hibernate: SELECT * FROM factura WHERE mov_placa = ? AND fac_fecha_salida IS NULL
2019-05-20 14:54:59.743 TRACE 10536 --- [    Test worker] o.h.type.descriptor.sql.BasicBinder      : binding parameter [1] as [VARCHAR] - [SWH-5]
2019-05-20 14:54:59.743 TRACE 10536 --- [    Test worker] o.h.type.descriptor.sql.BasicExtractor   : extracted value ([facId] : [INTEGER]) - [7]
2019-05-20 14:54:59.743 TRACE 10536 --- [    Test worker] o.h.type.descriptor.sql.BasicExtractor   : extracted value ([fac_fecha_ingreso] : [TIMESTAMP]) - [2019-05-20 14:54:58.684]
2019-05-20 14:54:59.743 TRACE 10536 --- [    Test worker] o.h.type.descriptor.sql.BasicExtractor   : extracted value ([fac_fecha_salida] : [TIMESTAMP]) - [null]
2019-05-20 14:54:59.743 TRACE 10536 --- [    Test worker] o.h.type.descriptor.sql.BasicExtractor   : extracted value ([fac_valor] : [DOUBLE]) - [0.0]
2019-05-20 14:54:59.743 TRACE 10536 --- [    Test worker] o.h.type.descriptor.sql.BasicExtractor   : extracted value ([mov_placa] : [VARCHAR]) - [SWH-5]
2019-05-20 14:54:59.744 DEBUG 10536 --- [    Test worker] org.hibernate.SQL                        : select movilentit0_.mov_placa as mov_plac1_2_0_, movilentit0_.mov_cilindraje as mov_cili2_2_0_, movilentit0_.mov_tipo_movil as mov_tipo3_2_0_ from movil movilentit0_ where movilentit0_.mov_placa=?
Hibernate: select movilentit0_.mov_placa as mov_plac1_2_0_, movilentit0_.mov_cilindraje as mov_cili2_2_0_, movilentit0_.mov_tipo_movil as mov_tipo3_2_0_ from movil movilentit0_ where movilentit0_.mov_placa=?
2019-05-20 14:54:59.744 TRACE 10536 --- [    Test worker] o.h.type.descriptor.sql.BasicBinder      : binding parameter [1] as [VARCHAR] - [SWH-5]
2019-05-20 14:54:59.745 TRACE 10536 --- [    Test worker] o.h.type.descriptor.sql.BasicExtractor   : extracted value ([mov_cili2_2_0_] : [DOUBLE]) - [150.0]
2019-05-20 14:54:59.745 TRACE 10536 --- [    Test worker] o.h.type.descriptor.sql.BasicExtractor   : extracted value ([mov_tipo3_2_0_] : [VARCHAR]) - [MOTO]
2019-05-20 14:54:59.745 TRACE 10536 --- [    Test worker] org.hibernate.type.CollectionType        : Created collection wrapper: [co.com.ceiba.ceibaestacionamiento.persistencia.entidades.MovilEntity.facturasEntity#SWH-5]
2019-05-20 14:54:59.747 DEBUG 10536 --- [    Test worker] org.hibernate.SQL                        : SELECT * FROM costoestadia WHERE cos_tipo_movil = ? AND cos_tipo_pago = ? AND cos_tiempo_estadia = ?
Hibernate: SELECT * FROM costoestadia WHERE cos_tipo_movil = ? AND cos_tipo_pago = ? AND cos_tiempo_estadia = ?
2019-05-20 14:54:59.748 TRACE 10536 --- [    Test worker] o.h.type.descriptor.sql.BasicBinder      : binding parameter [1] as [VARCHAR] - [MOTO]
2019-05-20 14:54:59.748 TRACE 10536 --- [    Test worker] o.h.type.descriptor.sql.BasicBinder      : binding parameter [2] as [VARCHAR] - [NORMAL]
2019-05-20 14:54:59.748 TRACE 10536 --- [    Test worker] o.h.type.descriptor.sql.BasicBinder      : binding parameter [3] as [VARCHAR] - [DIA]
2019-05-20 14:54:59.748 TRACE 10536 --- [    Test worker] o.h.type.descriptor.sql.BasicExtractor   : extracted value ([cos_id] : [INTEGER]) - [3]
2019-05-20 14:54:59.748 TRACE 10536 --- [    Test worker] o.h.type.descriptor.sql.BasicExtractor   : extracted value ([cos_tiempo_estadia] : [VARCHAR]) - [DIA]
2019-05-20 14:54:59.748 TRACE 10536 --- [    Test worker] o.h.type.descriptor.sql.BasicExtractor   : extracted value ([cos_tipo_movil] : [VARCHAR]) - [MOTO]
2019-05-20 14:54:59.748 TRACE 10536 --- [    Test worker] o.h.type.descriptor.sql.BasicExtractor   : extracted value ([cos_tipo_pago] : [VARCHAR]) - [NORMAL]
2019-05-20 14:54:59.749 TRACE 10536 --- [    Test worker] o.h.type.descriptor.sql.BasicExtractor   : extracted value ([cos_valor] : [DOUBLE]) - [4000.0]
2019-05-20 14:54:59.751 DEBUG 10536 --- [    Test worker] org.hibernate.SQL                        : SELECT * FROM costoestadia WHERE cos_tipo_movil = ? AND cos_tipo_pago = ? AND cos_tiempo_estadia = ?
Hibernate: SELECT * FROM costoestadia WHERE cos_tipo_movil = ? AND cos_tipo_pago = ? AND cos_tiempo_estadia = ?
2019-05-20 14:54:59.752 TRACE 10536 --- [    Test worker] o.h.type.descriptor.sql.BasicBinder      : binding parameter [1] as [VARCHAR] - [MOTO]
2019-05-20 14:54:59.752 TRACE 10536 --- [    Test worker] o.h.type.descriptor.sql.BasicBinder      : binding parameter [2] as [VARCHAR] - [NORMAL]
2019-05-20 14:54:59.752 TRACE 10536 --- [    Test worker] o.h.type.descriptor.sql.BasicBinder      : binding parameter [3] as [VARCHAR] - [HORA]
2019-05-20 14:54:59.753 TRACE 10536 --- [    Test worker] o.h.type.descriptor.sql.BasicExtractor   : extracted value ([cos_id] : [INTEGER]) - [4]
2019-05-20 14:54:59.754 TRACE 10536 --- [    Test worker] o.h.type.descriptor.sql.BasicExtractor   : extracted value ([cos_tiempo_estadia] : [VARCHAR]) - [HORA]
2019-05-20 14:54:59.754 TRACE 10536 --- [    Test worker] o.h.type.descriptor.sql.BasicExtractor   : extracted value ([cos_tipo_movil] : [VARCHAR]) - [MOTO]
2019-05-20 14:54:59.754 TRACE 10536 --- [    Test worker] o.h.type.descriptor.sql.BasicExtractor   : extracted value ([cos_tipo_pago] : [VARCHAR]) - [NORMAL]
2019-05-20 14:54:59.754 TRACE 10536 --- [    Test worker] o.h.type.descriptor.sql.BasicExtractor   : extracted value ([cos_valor] : [DOUBLE]) - [500.0]
2019-05-20 14:54:59.757 DEBUG 10536 --- [    Test worker] org.hibernate.SQL                        : SELECT * FROM factura WHERE mov_placa = ? AND fac_fecha_salida IS NULL
Hibernate: SELECT * FROM factura WHERE mov_placa = ? AND fac_fecha_salida IS NULL
2019-05-20 14:54:59.758 TRACE 10536 --- [    Test worker] o.h.type.descriptor.sql.BasicBinder      : binding parameter [1] as [VARCHAR] - [SWH-5]
2019-05-20 14:54:59.760 TRACE 10536 --- [    Test worker] o.h.type.descriptor.sql.BasicExtractor   : extracted value ([facId] : [INTEGER]) - [7]
2019-05-20 14:54:59.761 TRACE 10536 --- [    Test worker] o.h.type.descriptor.sql.BasicExtractor   : extracted value ([fac_fecha_ingreso] : [TIMESTAMP]) - [2019-05-20 14:54:58.684]
2019-05-20 14:54:59.761 TRACE 10536 --- [    Test worker] o.h.type.descriptor.sql.BasicExtractor   : extracted value ([fac_fecha_salida] : [TIMESTAMP]) - [null]
2019-05-20 14:54:59.761 TRACE 10536 --- [    Test worker] o.h.type.descriptor.sql.BasicExtractor   : extracted value ([fac_valor] : [DOUBLE]) - [0.0]
2019-05-20 14:54:59.761 TRACE 10536 --- [    Test worker] o.h.type.descriptor.sql.BasicExtractor   : extracted value ([mov_placa] : [VARCHAR]) - [SWH-5]
2019-05-20 14:54:59.761 DEBUG 10536 --- [    Test worker] org.hibernate.SQL                        : select movilentit0_.mov_placa as mov_plac1_2_0_, movilentit0_.mov_cilindraje as mov_cili2_2_0_, movilentit0_.mov_tipo_movil as mov_tipo3_2_0_ from movil movilentit0_ where movilentit0_.mov_placa=?
Hibernate: select movilentit0_.mov_placa as mov_plac1_2_0_, movilentit0_.mov_cilindraje as mov_cili2_2_0_, movilentit0_.mov_tipo_movil as mov_tipo3_2_0_ from movil movilentit0_ where movilentit0_.mov_placa=?
2019-05-20 14:54:59.762 TRACE 10536 --- [    Test worker] o.h.type.descriptor.sql.BasicBinder      : binding parameter [1] as [VARCHAR] - [SWH-5]
2019-05-20 14:54:59.763 TRACE 10536 --- [    Test worker] o.h.type.descriptor.sql.BasicExtractor   : extracted value ([mov_cili2_2_0_] : [DOUBLE]) - [150.0]
2019-05-20 14:54:59.763 TRACE 10536 --- [    Test worker] o.h.type.descriptor.sql.BasicExtractor   : extracted value ([mov_tipo3_2_0_] : [VARCHAR]) - [MOTO]
2019-05-20 14:54:59.763 TRACE 10536 --- [    Test worker] org.hibernate.type.CollectionType        : Created collection wrapper: [co.com.ceiba.ceibaestacionamiento.persistencia.entidades.MovilEntity.facturasEntity#SWH-5]
2019-05-20 14:54:59.765 DEBUG 10536 --- [    Test worker] org.hibernate.SQL                        : select facturaent0_.facId as facId1_1_0_, facturaent0_.fac_fecha_ingreso as fac_fech2_1_0_, facturaent0_.fac_fecha_salida as fac_fech3_1_0_, facturaent0_.fac_valor as fac_valo4_1_0_, facturaent0_.mov_placa as mov_plac5_1_0_ from factura facturaent0_ where facturaent0_.facId=?
Hibernate: select facturaent0_.facId as facId1_1_0_, facturaent0_.fac_fecha_ingreso as fac_fech2_1_0_, facturaent0_.fac_fecha_salida as fac_fech3_1_0_, facturaent0_.fac_valor as fac_valo4_1_0_, facturaent0_.mov_placa as mov_plac5_1_0_ from factura facturaent0_ where facturaent0_.facId=?
2019-05-20 14:54:59.766 TRACE 10536 --- [    Test worker] o.h.type.descriptor.sql.BasicBinder      : binding parameter [1] as [INTEGER] - [7]
2019-05-20 14:54:59.767 TRACE 10536 --- [    Test worker] o.h.type.descriptor.sql.BasicExtractor   : extracted value ([fac_fech2_1_0_] : [TIMESTAMP]) - [2019-05-20 14:54:58.684]
2019-05-20 14:54:59.767 TRACE 10536 --- [    Test worker] o.h.type.descriptor.sql.BasicExtractor   : extracted value ([fac_fech3_1_0_] : [TIMESTAMP]) - [null]
2019-05-20 14:54:59.767 TRACE 10536 --- [    Test worker] o.h.type.descriptor.sql.BasicExtractor   : extracted value ([fac_valo4_1_0_] : [DOUBLE]) - [0.0]
2019-05-20 14:54:59.767 TRACE 10536 --- [    Test worker] o.h.type.descriptor.sql.BasicExtractor   : extracted value ([mov_plac5_1_0_] : [VARCHAR]) - [SWH-5]
2019-05-20 14:54:59.768 DEBUG 10536 --- [    Test worker] org.hibernate.SQL                        : select movilentit0_.mov_placa as mov_plac1_2_1_, movilentit0_.mov_cilindraje as mov_cili2_2_1_, movilentit0_.mov_tipo_movil as mov_tipo3_2_1_, facturasen1_.mov_placa as mov_plac5_1_3_, facturasen1_.facId as facId1_1_3_, facturasen1_.facId as facId1_1_0_, facturasen1_.fac_fecha_ingreso as fac_fech2_1_0_, facturasen1_.fac_fecha_salida as fac_fech3_1_0_, facturasen1_.fac_valor as fac_valo4_1_0_, facturasen1_.mov_placa as mov_plac5_1_0_ from movil movilentit0_ left outer join factura facturasen1_ on movilentit0_.mov_placa=facturasen1_.mov_placa where movilentit0_.mov_placa=?
Hibernate: select movilentit0_.mov_placa as mov_plac1_2_1_, movilentit0_.mov_cilindraje as mov_cili2_2_1_, movilentit0_.mov_tipo_movil as mov_tipo3_2_1_, facturasen1_.mov_placa as mov_plac5_1_3_, facturasen1_.facId as facId1_1_3_, facturasen1_.facId as facId1_1_0_, facturasen1_.fac_fecha_ingreso as fac_fech2_1_0_, facturasen1_.fac_fecha_salida as fac_fech3_1_0_, facturasen1_.fac_valor as fac_valo4_1_0_, facturasen1_.mov_placa as mov_plac5_1_0_ from movil movilentit0_ left outer join factura facturasen1_ on movilentit0_.mov_placa=facturasen1_.mov_placa where movilentit0_.mov_placa=?
2019-05-20 14:54:59.768 TRACE 10536 --- [    Test worker] o.h.type.descriptor.sql.BasicBinder      : binding parameter [1] as [VARCHAR] - [SWH-5]
2019-05-20 14:54:59.769 TRACE 10536 --- [    Test worker] o.h.type.descriptor.sql.BasicExtractor   : extracted value ([facId1_1_0_] : [INTEGER]) - [7]
2019-05-20 14:54:59.769 TRACE 10536 --- [    Test worker] o.h.type.descriptor.sql.BasicExtractor   : extracted value ([mov_cili2_2_1_] : [DOUBLE]) - [150.0]
2019-05-20 14:54:59.769 TRACE 10536 --- [    Test worker] o.h.type.descriptor.sql.BasicExtractor   : extracted value ([mov_tipo3_2_1_] : [VARCHAR]) - [MOTO]
2019-05-20 14:54:59.769 TRACE 10536 --- [    Test worker] o.h.type.descriptor.sql.BasicExtractor   : extracted value ([mov_plac5_1_3_] : [VARCHAR]) - [SWH-5]
2019-05-20 14:54:59.769 TRACE 10536 --- [    Test worker] o.h.type.descriptor.sql.BasicExtractor   : extracted value ([facId1_1_3_] : [INTEGER]) - [7]
2019-05-20 14:54:59.771 DEBUG 10536 --- [    Test worker] org.hibernate.SQL                        : update factura set fac_fecha_ingreso=?, fac_fecha_salida=?, fac_valor=?, mov_placa=? where facId=?
Hibernate: update factura set fac_fecha_ingreso=?, fac_fecha_salida=?, fac_valor=?, mov_placa=? where facId=?
2019-05-20 14:54:59.772 TRACE 10536 --- [    Test worker] o.h.type.descriptor.sql.BasicBinder      : binding parameter [1] as [TIMESTAMP] - [2019-05-20 14:54:58.684]
2019-05-20 14:54:59.772 TRACE 10536 --- [    Test worker] o.h.type.descriptor.sql.BasicBinder      : binding parameter [2] as [TIMESTAMP] - [Mon May 20 14:54:59 COT 2019]
2019-05-20 14:54:59.772 TRACE 10536 --- [    Test worker] o.h.type.descriptor.sql.BasicBinder      : binding parameter [3] as [DOUBLE] - [500.0]
2019-05-20 14:54:59.772 TRACE 10536 --- [    Test worker] o.h.type.descriptor.sql.BasicBinder      : binding parameter [4] as [VARCHAR] - [SWH-5]
2019-05-20 14:54:59.772 TRACE 10536 --- [    Test worker] o.h.type.descriptor.sql.BasicBinder      : binding parameter [5] as [INTEGER] - [7]
2019-05-20 14:54:59.775 DEBUG 10536 --- [    Test worker] org.hibernate.SQL                        : select movilentit0_.mov_placa as mov_plac1_2_0_, movilentit0_.mov_cilindraje as mov_cili2_2_0_, movilentit0_.mov_tipo_movil as mov_tipo3_2_0_ from movil movilentit0_ where movilentit0_.mov_placa=?
Hibernate: select movilentit0_.mov_placa as mov_plac1_2_0_, movilentit0_.mov_cilindraje as mov_cili2_2_0_, movilentit0_.mov_tipo_movil as mov_tipo3_2_0_ from movil movilentit0_ where movilentit0_.mov_placa=?
2019-05-20 14:54:59.776 TRACE 10536 --- [    Test worker] o.h.type.descriptor.sql.BasicBinder      : binding parameter [1] as [VARCHAR] - [SWH-6]
2019-05-20 14:54:59.776 TRACE 10536 --- [    Test worker] o.h.type.descriptor.sql.BasicExtractor   : extracted value ([mov_cili2_2_0_] : [DOUBLE]) - [150.0]
2019-05-20 14:54:59.776 TRACE 10536 --- [    Test worker] o.h.type.descriptor.sql.BasicExtractor   : extracted value ([mov_tipo3_2_0_] : [VARCHAR]) - [MOTO]
2019-05-20 14:54:59.777 TRACE 10536 --- [    Test worker] org.hibernate.type.CollectionType        : Created collection wrapper: [co.com.ceiba.ceibaestacionamiento.persistencia.entidades.MovilEntity.facturasEntity#SWH-6]
2019-05-20 14:54:59.778 DEBUG 10536 --- [    Test worker] org.hibernate.SQL                        : SELECT COUNT(*) FROM factura WHERE mov_placa = ? AND fac_fecha_salida IS NULL
Hibernate: SELECT COUNT(*) FROM factura WHERE mov_placa = ? AND fac_fecha_salida IS NULL
2019-05-20 14:54:59.779 TRACE 10536 --- [    Test worker] o.h.type.descriptor.sql.BasicBinder      : binding parameter [1] as [VARCHAR] - [SWH-6]
2019-05-20 14:54:59.780 TRACE 10536 --- [    Test worker] o.h.type.descriptor.sql.BasicExtractor   : extracted value ([COUNT(*)] : [NUMERIC]) - [1]
2019-05-20 14:54:59.781 DEBUG 10536 --- [    Test worker] org.hibernate.SQL                        : SELECT * FROM factura WHERE mov_placa = ? AND fac_fecha_salida IS NULL
Hibernate: SELECT * FROM factura WHERE mov_placa = ? AND fac_fecha_salida IS NULL
2019-05-20 14:54:59.782 TRACE 10536 --- [    Test worker] o.h.type.descriptor.sql.BasicBinder      : binding parameter [1] as [VARCHAR] - [SWH-6]
2019-05-20 14:54:59.782 TRACE 10536 --- [    Test worker] o.h.type.descriptor.sql.BasicExtractor   : extracted value ([facId] : [INTEGER]) - [8]
2019-05-20 14:54:59.782 TRACE 10536 --- [    Test worker] o.h.type.descriptor.sql.BasicExtractor   : extracted value ([fac_fecha_ingreso] : [TIMESTAMP]) - [2019-05-20 14:54:58.713]
2019-05-20 14:54:59.782 TRACE 10536 --- [    Test worker] o.h.type.descriptor.sql.BasicExtractor   : extracted value ([fac_fecha_salida] : [TIMESTAMP]) - [null]
2019-05-20 14:54:59.782 TRACE 10536 --- [    Test worker] o.h.type.descriptor.sql.BasicExtractor   : extracted value ([fac_valor] : [DOUBLE]) - [0.0]
2019-05-20 14:54:59.782 TRACE 10536 --- [    Test worker] o.h.type.descriptor.sql.BasicExtractor   : extracted value ([mov_placa] : [VARCHAR]) - [SWH-6]
2019-05-20 14:54:59.783 DEBUG 10536 --- [    Test worker] org.hibernate.SQL                        : select movilentit0_.mov_placa as mov_plac1_2_0_, movilentit0_.mov_cilindraje as mov_cili2_2_0_, movilentit0_.mov_tipo_movil as mov_tipo3_2_0_ from movil movilentit0_ where movilentit0_.mov_placa=?
Hibernate: select movilentit0_.mov_placa as mov_plac1_2_0_, movilentit0_.mov_cilindraje as mov_cili2_2_0_, movilentit0_.mov_tipo_movil as mov_tipo3_2_0_ from movil movilentit0_ where movilentit0_.mov_placa=?
2019-05-20 14:54:59.783 TRACE 10536 --- [    Test worker] o.h.type.descriptor.sql.BasicBinder      : binding parameter [1] as [VARCHAR] - [SWH-6]
2019-05-20 14:54:59.783 TRACE 10536 --- [    Test worker] o.h.type.descriptor.sql.BasicExtractor   : extracted value ([mov_cili2_2_0_] : [DOUBLE]) - [150.0]
2019-05-20 14:54:59.783 TRACE 10536 --- [    Test worker] o.h.type.descriptor.sql.BasicExtractor   : extracted value ([mov_tipo3_2_0_] : [VARCHAR]) - [MOTO]
2019-05-20 14:54:59.784 TRACE 10536 --- [    Test worker] org.hibernate.type.CollectionType        : Created collection wrapper: [co.com.ceiba.ceibaestacionamiento.persistencia.entidades.MovilEntity.facturasEntity#SWH-6]
2019-05-20 14:54:59.787 DEBUG 10536 --- [    Test worker] org.hibernate.SQL                        : SELECT * FROM costoestadia WHERE cos_tipo_movil = ? AND cos_tipo_pago = ? AND cos_tiempo_estadia = ?
Hibernate: SELECT * FROM costoestadia WHERE cos_tipo_movil = ? AND cos_tipo_pago = ? AND cos_tiempo_estadia = ?
2019-05-20 14:54:59.788 TRACE 10536 --- [    Test worker] o.h.type.descriptor.sql.BasicBinder      : binding parameter [1] as [VARCHAR] - [MOTO]
2019-05-20 14:54:59.788 TRACE 10536 --- [    Test worker] o.h.type.descriptor.sql.BasicBinder      : binding parameter [2] as [VARCHAR] - [NORMAL]
2019-05-20 14:54:59.788 TRACE 10536 --- [    Test worker] o.h.type.descriptor.sql.BasicBinder      : binding parameter [3] as [VARCHAR] - [DIA]
2019-05-20 14:54:59.788 TRACE 10536 --- [    Test worker] o.h.type.descriptor.sql.BasicExtractor   : extracted value ([cos_id] : [INTEGER]) - [3]
2019-05-20 14:54:59.789 TRACE 10536 --- [    Test worker] o.h.type.descriptor.sql.BasicExtractor   : extracted value ([cos_tiempo_estadia] : [VARCHAR]) - [DIA]
2019-05-20 14:54:59.789 TRACE 10536 --- [    Test worker] o.h.type.descriptor.sql.BasicExtractor   : extracted value ([cos_tipo_movil] : [VARCHAR]) - [MOTO]
2019-05-20 14:54:59.789 TRACE 10536 --- [    Test worker] o.h.type.descriptor.sql.BasicExtractor   : extracted value ([cos_tipo_pago] : [VARCHAR]) - [NORMAL]
2019-05-20 14:54:59.789 TRACE 10536 --- [    Test worker] o.h.type.descriptor.sql.BasicExtractor   : extracted value ([cos_valor] : [DOUBLE]) - [4000.0]
2019-05-20 14:54:59.795 DEBUG 10536 --- [    Test worker] org.hibernate.SQL                        : SELECT * FROM costoestadia WHERE cos_tipo_movil = ? AND cos_tipo_pago = ? AND cos_tiempo_estadia = ?
Hibernate: SELECT * FROM costoestadia WHERE cos_tipo_movil = ? AND cos_tipo_pago = ? AND cos_tiempo_estadia = ?
2019-05-20 14:54:59.795 TRACE 10536 --- [    Test worker] o.h.type.descriptor.sql.BasicBinder      : binding parameter [1] as [VARCHAR] - [MOTO]
2019-05-20 14:54:59.795 TRACE 10536 --- [    Test worker] o.h.type.descriptor.sql.BasicBinder      : binding parameter [2] as [VARCHAR] - [NORMAL]
2019-05-20 14:54:59.795 TRACE 10536 --- [    Test worker] o.h.type.descriptor.sql.BasicBinder      : binding parameter [3] as [VARCHAR] - [HORA]
2019-05-20 14:54:59.796 TRACE 10536 --- [    Test worker] o.h.type.descriptor.sql.BasicExtractor   : extracted value ([cos_id] : [INTEGER]) - [4]
2019-05-20 14:54:59.796 TRACE 10536 --- [    Test worker] o.h.type.descriptor.sql.BasicExtractor   : extracted value ([cos_tiempo_estadia] : [VARCHAR]) - [HORA]
2019-05-20 14:54:59.796 TRACE 10536 --- [    Test worker] o.h.type.descriptor.sql.BasicExtractor   : extracted value ([cos_tipo_movil] : [VARCHAR]) - [MOTO]
2019-05-20 14:54:59.796 TRACE 10536 --- [    Test worker] o.h.type.descriptor.sql.BasicExtractor   : extracted value ([cos_tipo_pago] : [VARCHAR]) - [NORMAL]
2019-05-20 14:54:59.796 TRACE 10536 --- [    Test worker] o.h.type.descriptor.sql.BasicExtractor   : extracted value ([cos_valor] : [DOUBLE]) - [500.0]
2019-05-20 14:54:59.798 DEBUG 10536 --- [    Test worker] org.hibernate.SQL                        : SELECT * FROM factura WHERE mov_placa = ? AND fac_fecha_salida IS NULL
Hibernate: SELECT * FROM factura WHERE mov_placa = ? AND fac_fecha_salida IS NULL
2019-05-20 14:54:59.800 TRACE 10536 --- [    Test worker] o.h.type.descriptor.sql.BasicBinder      : binding parameter [1] as [VARCHAR] - [SWH-6]
2019-05-20 14:54:59.801 TRACE 10536 --- [    Test worker] o.h.type.descriptor.sql.BasicExtractor   : extracted value ([facId] : [INTEGER]) - [8]
2019-05-20 14:54:59.801 TRACE 10536 --- [    Test worker] o.h.type.descriptor.sql.BasicExtractor   : extracted value ([fac_fecha_ingreso] : [TIMESTAMP]) - [2019-05-20 14:54:58.713]
2019-05-20 14:54:59.801 TRACE 10536 --- [    Test worker] o.h.type.descriptor.sql.BasicExtractor   : extracted value ([fac_fecha_salida] : [TIMESTAMP]) - [null]
2019-05-20 14:54:59.801 TRACE 10536 --- [    Test worker] o.h.type.descriptor.sql.BasicExtractor   : extracted value ([fac_valor] : [DOUBLE]) - [0.0]
2019-05-20 14:54:59.801 TRACE 10536 --- [    Test worker] o.h.type.descriptor.sql.BasicExtractor   : extracted value ([mov_placa] : [VARCHAR]) - [SWH-6]
2019-05-20 14:54:59.802 DEBUG 10536 --- [    Test worker] org.hibernate.SQL                        : select movilentit0_.mov_placa as mov_plac1_2_0_, movilentit0_.mov_cilindraje as mov_cili2_2_0_, movilentit0_.mov_tipo_movil as mov_tipo3_2_0_ from movil movilentit0_ where movilentit0_.mov_placa=?
Hibernate: select movilentit0_.mov_placa as mov_plac1_2_0_, movilentit0_.mov_cilindraje as mov_cili2_2_0_, movilentit0_.mov_tipo_movil as mov_tipo3_2_0_ from movil movilentit0_ where movilentit0_.mov_placa=?
2019-05-20 14:54:59.802 TRACE 10536 --- [    Test worker] o.h.type.descriptor.sql.BasicBinder      : binding parameter [1] as [VARCHAR] - [SWH-6]
2019-05-20 14:54:59.803 TRACE 10536 --- [    Test worker] o.h.type.descriptor.sql.BasicExtractor   : extracted value ([mov_cili2_2_0_] : [DOUBLE]) - [150.0]
2019-05-20 14:54:59.803 TRACE 10536 --- [    Test worker] o.h.type.descriptor.sql.BasicExtractor   : extracted value ([mov_tipo3_2_0_] : [VARCHAR]) - [MOTO]
2019-05-20 14:54:59.803 TRACE 10536 --- [    Test worker] org.hibernate.type.CollectionType        : Created collection wrapper: [co.com.ceiba.ceibaestacionamiento.persistencia.entidades.MovilEntity.facturasEntity#SWH-6]
2019-05-20 14:54:59.805 DEBUG 10536 --- [    Test worker] org.hibernate.SQL                        : select facturaent0_.facId as facId1_1_0_, facturaent0_.fac_fecha_ingreso as fac_fech2_1_0_, facturaent0_.fac_fecha_salida as fac_fech3_1_0_, facturaent0_.fac_valor as fac_valo4_1_0_, facturaent0_.mov_placa as mov_plac5_1_0_ from factura facturaent0_ where facturaent0_.facId=?
Hibernate: select facturaent0_.facId as facId1_1_0_, facturaent0_.fac_fecha_ingreso as fac_fech2_1_0_, facturaent0_.fac_fecha_salida as fac_fech3_1_0_, facturaent0_.fac_valor as fac_valo4_1_0_, facturaent0_.mov_placa as mov_plac5_1_0_ from factura facturaent0_ where facturaent0_.facId=?
2019-05-20 14:54:59.806 TRACE 10536 --- [    Test worker] o.h.type.descriptor.sql.BasicBinder      : binding parameter [1] as [INTEGER] - [8]
2019-05-20 14:54:59.806 TRACE 10536 --- [    Test worker] o.h.type.descriptor.sql.BasicExtractor   : extracted value ([fac_fech2_1_0_] : [TIMESTAMP]) - [2019-05-20 14:54:58.713]
2019-05-20 14:54:59.807 TRACE 10536 --- [    Test worker] o.h.type.descriptor.sql.BasicExtractor   : extracted value ([fac_fech3_1_0_] : [TIMESTAMP]) - [null]
2019-05-20 14:54:59.807 TRACE 10536 --- [    Test worker] o.h.type.descriptor.sql.BasicExtractor   : extracted value ([fac_valo4_1_0_] : [DOUBLE]) - [0.0]
2019-05-20 14:54:59.807 TRACE 10536 --- [    Test worker] o.h.type.descriptor.sql.BasicExtractor   : extracted value ([mov_plac5_1_0_] : [VARCHAR]) - [SWH-6]
2019-05-20 14:54:59.807 DEBUG 10536 --- [    Test worker] org.hibernate.SQL                        : select movilentit0_.mov_placa as mov_plac1_2_1_, movilentit0_.mov_cilindraje as mov_cili2_2_1_, movilentit0_.mov_tipo_movil as mov_tipo3_2_1_, facturasen1_.mov_placa as mov_plac5_1_3_, facturasen1_.facId as facId1_1_3_, facturasen1_.facId as facId1_1_0_, facturasen1_.fac_fecha_ingreso as fac_fech2_1_0_, facturasen1_.fac_fecha_salida as fac_fech3_1_0_, facturasen1_.fac_valor as fac_valo4_1_0_, facturasen1_.mov_placa as mov_plac5_1_0_ from movil movilentit0_ left outer join factura facturasen1_ on movilentit0_.mov_placa=facturasen1_.mov_placa where movilentit0_.mov_placa=?
Hibernate: select movilentit0_.mov_placa as mov_plac1_2_1_, movilentit0_.mov_cilindraje as mov_cili2_2_1_, movilentit0_.mov_tipo_movil as mov_tipo3_2_1_, facturasen1_.mov_placa as mov_plac5_1_3_, facturasen1_.facId as facId1_1_3_, facturasen1_.facId as facId1_1_0_, facturasen1_.fac_fecha_ingreso as fac_fech2_1_0_, facturasen1_.fac_fecha_salida as fac_fech3_1_0_, facturasen1_.fac_valor as fac_valo4_1_0_, facturasen1_.mov_placa as mov_plac5_1_0_ from movil movilentit0_ left outer join factura facturasen1_ on movilentit0_.mov_placa=facturasen1_.mov_placa where movilentit0_.mov_placa=?
2019-05-20 14:54:59.808 TRACE 10536 --- [    Test worker] o.h.type.descriptor.sql.BasicBinder      : binding parameter [1] as [VARCHAR] - [SWH-6]
2019-05-20 14:54:59.809 TRACE 10536 --- [    Test worker] o.h.type.descriptor.sql.BasicExtractor   : extracted value ([facId1_1_0_] : [INTEGER]) - [8]
2019-05-20 14:54:59.810 TRACE 10536 --- [    Test worker] o.h.type.descriptor.sql.BasicExtractor   : extracted value ([mov_cili2_2_1_] : [DOUBLE]) - [150.0]
2019-05-20 14:54:59.810 TRACE 10536 --- [    Test worker] o.h.type.descriptor.sql.BasicExtractor   : extracted value ([mov_tipo3_2_1_] : [VARCHAR]) - [MOTO]
2019-05-20 14:54:59.810 TRACE 10536 --- [    Test worker] o.h.type.descriptor.sql.BasicExtractor   : extracted value ([mov_plac5_1_3_] : [VARCHAR]) - [SWH-6]
2019-05-20 14:54:59.810 TRACE 10536 --- [    Test worker] o.h.type.descriptor.sql.BasicExtractor   : extracted value ([facId1_1_3_] : [INTEGER]) - [8]
2019-05-20 14:54:59.812 DEBUG 10536 --- [    Test worker] org.hibernate.SQL                        : update factura set fac_fecha_ingreso=?, fac_fecha_salida=?, fac_valor=?, mov_placa=? where facId=?
Hibernate: update factura set fac_fecha_ingreso=?, fac_fecha_salida=?, fac_valor=?, mov_placa=? where facId=?
2019-05-20 14:54:59.813 TRACE 10536 --- [    Test worker] o.h.type.descriptor.sql.BasicBinder      : binding parameter [1] as [TIMESTAMP] - [2019-05-20 14:54:58.713]
2019-05-20 14:54:59.813 TRACE 10536 --- [    Test worker] o.h.type.descriptor.sql.BasicBinder      : binding parameter [2] as [TIMESTAMP] - [Mon May 20 14:54:59 COT 2019]
2019-05-20 14:54:59.813 TRACE 10536 --- [    Test worker] o.h.type.descriptor.sql.BasicBinder      : binding parameter [3] as [DOUBLE] - [500.0]
2019-05-20 14:54:59.813 TRACE 10536 --- [    Test worker] o.h.type.descriptor.sql.BasicBinder      : binding parameter [4] as [VARCHAR] - [SWH-6]
2019-05-20 14:54:59.813 TRACE 10536 --- [    Test worker] o.h.type.descriptor.sql.BasicBinder      : binding parameter [5] as [INTEGER] - [8]
2019-05-20 14:54:59.815 DEBUG 10536 --- [    Test worker] org.hibernate.SQL                        : select movilentit0_.mov_placa as mov_plac1_2_0_, movilentit0_.mov_cilindraje as mov_cili2_2_0_, movilentit0_.mov_tipo_movil as mov_tipo3_2_0_ from movil movilentit0_ where movilentit0_.mov_placa=?
Hibernate: select movilentit0_.mov_placa as mov_plac1_2_0_, movilentit0_.mov_cilindraje as mov_cili2_2_0_, movilentit0_.mov_tipo_movil as mov_tipo3_2_0_ from movil movilentit0_ where movilentit0_.mov_placa=?
2019-05-20 14:54:59.816 TRACE 10536 --- [    Test worker] o.h.type.descriptor.sql.BasicBinder      : binding parameter [1] as [VARCHAR] - [SWH-7]
2019-05-20 14:54:59.816 TRACE 10536 --- [    Test worker] o.h.type.descriptor.sql.BasicExtractor   : extracted value ([mov_cili2_2_0_] : [DOUBLE]) - [150.0]
2019-05-20 14:54:59.816 TRACE 10536 --- [    Test worker] o.h.type.descriptor.sql.BasicExtractor   : extracted value ([mov_tipo3_2_0_] : [VARCHAR]) - [MOTO]
2019-05-20 14:54:59.816 TRACE 10536 --- [    Test worker] org.hibernate.type.CollectionType        : Created collection wrapper: [co.com.ceiba.ceibaestacionamiento.persistencia.entidades.MovilEntity.facturasEntity#SWH-7]
2019-05-20 14:54:59.818 DEBUG 10536 --- [    Test worker] org.hibernate.SQL                        : SELECT COUNT(*) FROM factura WHERE mov_placa = ? AND fac_fecha_salida IS NULL
Hibernate: SELECT COUNT(*) FROM factura WHERE mov_placa = ? AND fac_fecha_salida IS NULL
2019-05-20 14:54:59.819 TRACE 10536 --- [    Test worker] o.h.type.descriptor.sql.BasicBinder      : binding parameter [1] as [VARCHAR] - [SWH-7]
2019-05-20 14:54:59.819 TRACE 10536 --- [    Test worker] o.h.type.descriptor.sql.BasicExtractor   : extracted value ([COUNT(*)] : [NUMERIC]) - [1]
2019-05-20 14:54:59.822 DEBUG 10536 --- [    Test worker] org.hibernate.SQL                        : SELECT * FROM factura WHERE mov_placa = ? AND fac_fecha_salida IS NULL
Hibernate: SELECT * FROM factura WHERE mov_placa = ? AND fac_fecha_salida IS NULL
2019-05-20 14:54:59.823 TRACE 10536 --- [    Test worker] o.h.type.descriptor.sql.BasicBinder      : binding parameter [1] as [VARCHAR] - [SWH-7]
2019-05-20 14:54:59.823 TRACE 10536 --- [    Test worker] o.h.type.descriptor.sql.BasicExtractor   : extracted value ([facId] : [INTEGER]) - [9]
2019-05-20 14:54:59.824 TRACE 10536 --- [    Test worker] o.h.type.descriptor.sql.BasicExtractor   : extracted value ([fac_fecha_ingreso] : [TIMESTAMP]) - [2019-05-20 14:54:58.738]
2019-05-20 14:54:59.824 TRACE 10536 --- [    Test worker] o.h.type.descriptor.sql.BasicExtractor   : extracted value ([fac_fecha_salida] : [TIMESTAMP]) - [null]
2019-05-20 14:54:59.824 TRACE 10536 --- [    Test worker] o.h.type.descriptor.sql.BasicExtractor   : extracted value ([fac_valor] : [DOUBLE]) - [0.0]
2019-05-20 14:54:59.824 TRACE 10536 --- [    Test worker] o.h.type.descriptor.sql.BasicExtractor   : extracted value ([mov_placa] : [VARCHAR]) - [SWH-7]
2019-05-20 14:54:59.824 DEBUG 10536 --- [    Test worker] org.hibernate.SQL                        : select movilentit0_.mov_placa as mov_plac1_2_0_, movilentit0_.mov_cilindraje as mov_cili2_2_0_, movilentit0_.mov_tipo_movil as mov_tipo3_2_0_ from movil movilentit0_ where movilentit0_.mov_placa=?
Hibernate: select movilentit0_.mov_placa as mov_plac1_2_0_, movilentit0_.mov_cilindraje as mov_cili2_2_0_, movilentit0_.mov_tipo_movil as mov_tipo3_2_0_ from movil movilentit0_ where movilentit0_.mov_placa=?
2019-05-20 14:54:59.825 TRACE 10536 --- [    Test worker] o.h.type.descriptor.sql.BasicBinder      : binding parameter [1] as [VARCHAR] - [SWH-7]
2019-05-20 14:54:59.825 TRACE 10536 --- [    Test worker] o.h.type.descriptor.sql.BasicExtractor   : extracted value ([mov_cili2_2_0_] : [DOUBLE]) - [150.0]
2019-05-20 14:54:59.825 TRACE 10536 --- [    Test worker] o.h.type.descriptor.sql.BasicExtractor   : extracted value ([mov_tipo3_2_0_] : [VARCHAR]) - [MOTO]
2019-05-20 14:54:59.825 TRACE 10536 --- [    Test worker] org.hibernate.type.CollectionType        : Created collection wrapper: [co.com.ceiba.ceibaestacionamiento.persistencia.entidades.MovilEntity.facturasEntity#SWH-7]
2019-05-20 14:54:59.828 DEBUG 10536 --- [    Test worker] org.hibernate.SQL                        : SELECT * FROM costoestadia WHERE cos_tipo_movil = ? AND cos_tipo_pago = ? AND cos_tiempo_estadia = ?
Hibernate: SELECT * FROM costoestadia WHERE cos_tipo_movil = ? AND cos_tipo_pago = ? AND cos_tiempo_estadia = ?
2019-05-20 14:54:59.828 TRACE 10536 --- [    Test worker] o.h.type.descriptor.sql.BasicBinder      : binding parameter [1] as [VARCHAR] - [MOTO]
2019-05-20 14:54:59.828 TRACE 10536 --- [    Test worker] o.h.type.descriptor.sql.BasicBinder      : binding parameter [2] as [VARCHAR] - [NORMAL]
2019-05-20 14:54:59.828 TRACE 10536 --- [    Test worker] o.h.type.descriptor.sql.BasicBinder      : binding parameter [3] as [VARCHAR] - [DIA]
2019-05-20 14:54:59.829 TRACE 10536 --- [    Test worker] o.h.type.descriptor.sql.BasicExtractor   : extracted value ([cos_id] : [INTEGER]) - [3]
2019-05-20 14:54:59.829 TRACE 10536 --- [    Test worker] o.h.type.descriptor.sql.BasicExtractor   : extracted value ([cos_tiempo_estadia] : [VARCHAR]) - [DIA]
2019-05-20 14:54:59.829 TRACE 10536 --- [    Test worker] o.h.type.descriptor.sql.BasicExtractor   : extracted value ([cos_tipo_movil] : [VARCHAR]) - [MOTO]
2019-05-20 14:54:59.829 TRACE 10536 --- [    Test worker] o.h.type.descriptor.sql.BasicExtractor   : extracted value ([cos_tipo_pago] : [VARCHAR]) - [NORMAL]
2019-05-20 14:54:59.829 TRACE 10536 --- [    Test worker] o.h.type.descriptor.sql.BasicExtractor   : extracted value ([cos_valor] : [DOUBLE]) - [4000.0]
2019-05-20 14:54:59.832 DEBUG 10536 --- [    Test worker] org.hibernate.SQL                        : SELECT * FROM costoestadia WHERE cos_tipo_movil = ? AND cos_tipo_pago = ? AND cos_tiempo_estadia = ?
Hibernate: SELECT * FROM costoestadia WHERE cos_tipo_movil = ? AND cos_tipo_pago = ? AND cos_tiempo_estadia = ?
2019-05-20 14:54:59.833 TRACE 10536 --- [    Test worker] o.h.type.descriptor.sql.BasicBinder      : binding parameter [1] as [VARCHAR] - [MOTO]
2019-05-20 14:54:59.833 TRACE 10536 --- [    Test worker] o.h.type.descriptor.sql.BasicBinder      : binding parameter [2] as [VARCHAR] - [NORMAL]
2019-05-20 14:54:59.833 TRACE 10536 --- [    Test worker] o.h.type.descriptor.sql.BasicBinder      : binding parameter [3] as [VARCHAR] - [HORA]
2019-05-20 14:54:59.833 TRACE 10536 --- [    Test worker] o.h.type.descriptor.sql.BasicExtractor   : extracted value ([cos_id] : [INTEGER]) - [4]
2019-05-20 14:54:59.833 TRACE 10536 --- [    Test worker] o.h.type.descriptor.sql.BasicExtractor   : extracted value ([cos_tiempo_estadia] : [VARCHAR]) - [HORA]
2019-05-20 14:54:59.833 TRACE 10536 --- [    Test worker] o.h.type.descriptor.sql.BasicExtractor   : extracted value ([cos_tipo_movil] : [VARCHAR]) - [MOTO]
2019-05-20 14:54:59.834 TRACE 10536 --- [    Test worker] o.h.type.descriptor.sql.BasicExtractor   : extracted value ([cos_tipo_pago] : [VARCHAR]) - [NORMAL]
2019-05-20 14:54:59.834 TRACE 10536 --- [    Test worker] o.h.type.descriptor.sql.BasicExtractor   : extracted value ([cos_valor] : [DOUBLE]) - [500.0]
2019-05-20 14:54:59.835 DEBUG 10536 --- [    Test worker] org.hibernate.SQL                        : SELECT * FROM factura WHERE mov_placa = ? AND fac_fecha_salida IS NULL
Hibernate: SELECT * FROM factura WHERE mov_placa = ? AND fac_fecha_salida IS NULL
2019-05-20 14:54:59.837 TRACE 10536 --- [    Test worker] o.h.type.descriptor.sql.BasicBinder      : binding parameter [1] as [VARCHAR] - [SWH-7]
2019-05-20 14:54:59.837 TRACE 10536 --- [    Test worker] o.h.type.descriptor.sql.BasicExtractor   : extracted value ([facId] : [INTEGER]) - [9]
2019-05-20 14:54:59.837 TRACE 10536 --- [    Test worker] o.h.type.descriptor.sql.BasicExtractor   : extracted value ([fac_fecha_ingreso] : [TIMESTAMP]) - [2019-05-20 14:54:58.738]
2019-05-20 14:54:59.838 TRACE 10536 --- [    Test worker] o.h.type.descriptor.sql.BasicExtractor   : extracted value ([fac_fecha_salida] : [TIMESTAMP]) - [null]
2019-05-20 14:54:59.838 TRACE 10536 --- [    Test worker] o.h.type.descriptor.sql.BasicExtractor   : extracted value ([fac_valor] : [DOUBLE]) - [0.0]
2019-05-20 14:54:59.838 TRACE 10536 --- [    Test worker] o.h.type.descriptor.sql.BasicExtractor   : extracted value ([mov_placa] : [VARCHAR]) - [SWH-7]
2019-05-20 14:54:59.839 DEBUG 10536 --- [    Test worker] org.hibernate.SQL                        : select movilentit0_.mov_placa as mov_plac1_2_0_, movilentit0_.mov_cilindraje as mov_cili2_2_0_, movilentit0_.mov_tipo_movil as mov_tipo3_2_0_ from movil movilentit0_ where movilentit0_.mov_placa=?
Hibernate: select movilentit0_.mov_placa as mov_plac1_2_0_, movilentit0_.mov_cilindraje as mov_cili2_2_0_, movilentit0_.mov_tipo_movil as mov_tipo3_2_0_ from movil movilentit0_ where movilentit0_.mov_placa=?
2019-05-20 14:54:59.840 TRACE 10536 --- [    Test worker] o.h.type.descriptor.sql.BasicBinder      : binding parameter [1] as [VARCHAR] - [SWH-7]
2019-05-20 14:54:59.841 TRACE 10536 --- [    Test worker] o.h.type.descriptor.sql.BasicExtractor   : extracted value ([mov_cili2_2_0_] : [DOUBLE]) - [150.0]
2019-05-20 14:54:59.841 TRACE 10536 --- [    Test worker] o.h.type.descriptor.sql.BasicExtractor   : extracted value ([mov_tipo3_2_0_] : [VARCHAR]) - [MOTO]
2019-05-20 14:54:59.841 TRACE 10536 --- [    Test worker] org.hibernate.type.CollectionType        : Created collection wrapper: [co.com.ceiba.ceibaestacionamiento.persistencia.entidades.MovilEntity.facturasEntity#SWH-7]
2019-05-20 14:54:59.844 DEBUG 10536 --- [    Test worker] org.hibernate.SQL                        : select facturaent0_.facId as facId1_1_0_, facturaent0_.fac_fecha_ingreso as fac_fech2_1_0_, facturaent0_.fac_fecha_salida as fac_fech3_1_0_, facturaent0_.fac_valor as fac_valo4_1_0_, facturaent0_.mov_placa as mov_plac5_1_0_ from factura facturaent0_ where facturaent0_.facId=?
Hibernate: select facturaent0_.facId as facId1_1_0_, facturaent0_.fac_fecha_ingreso as fac_fech2_1_0_, facturaent0_.fac_fecha_salida as fac_fech3_1_0_, facturaent0_.fac_valor as fac_valo4_1_0_, facturaent0_.mov_placa as mov_plac5_1_0_ from factura facturaent0_ where facturaent0_.facId=?
2019-05-20 14:54:59.844 TRACE 10536 --- [    Test worker] o.h.type.descriptor.sql.BasicBinder      : binding parameter [1] as [INTEGER] - [9]
2019-05-20 14:54:59.845 TRACE 10536 --- [    Test worker] o.h.type.descriptor.sql.BasicExtractor   : extracted value ([fac_fech2_1_0_] : [TIMESTAMP]) - [2019-05-20 14:54:58.738]
2019-05-20 14:54:59.845 TRACE 10536 --- [    Test worker] o.h.type.descriptor.sql.BasicExtractor   : extracted value ([fac_fech3_1_0_] : [TIMESTAMP]) - [null]
2019-05-20 14:54:59.845 TRACE 10536 --- [    Test worker] o.h.type.descriptor.sql.BasicExtractor   : extracted value ([fac_valo4_1_0_] : [DOUBLE]) - [0.0]
2019-05-20 14:54:59.846 TRACE 10536 --- [    Test worker] o.h.type.descriptor.sql.BasicExtractor   : extracted value ([mov_plac5_1_0_] : [VARCHAR]) - [SWH-7]
2019-05-20 14:54:59.846 DEBUG 10536 --- [    Test worker] org.hibernate.SQL                        : select movilentit0_.mov_placa as mov_plac1_2_1_, movilentit0_.mov_cilindraje as mov_cili2_2_1_, movilentit0_.mov_tipo_movil as mov_tipo3_2_1_, facturasen1_.mov_placa as mov_plac5_1_3_, facturasen1_.facId as facId1_1_3_, facturasen1_.facId as facId1_1_0_, facturasen1_.fac_fecha_ingreso as fac_fech2_1_0_, facturasen1_.fac_fecha_salida as fac_fech3_1_0_, facturasen1_.fac_valor as fac_valo4_1_0_, facturasen1_.mov_placa as mov_plac5_1_0_ from movil movilentit0_ left outer join factura facturasen1_ on movilentit0_.mov_placa=facturasen1_.mov_placa where movilentit0_.mov_placa=?
Hibernate: select movilentit0_.mov_placa as mov_plac1_2_1_, movilentit0_.mov_cilindraje as mov_cili2_2_1_, movilentit0_.mov_tipo_movil as mov_tipo3_2_1_, facturasen1_.mov_placa as mov_plac5_1_3_, facturasen1_.facId as facId1_1_3_, facturasen1_.facId as facId1_1_0_, facturasen1_.fac_fecha_ingreso as fac_fech2_1_0_, facturasen1_.fac_fecha_salida as fac_fech3_1_0_, facturasen1_.fac_valor as fac_valo4_1_0_, facturasen1_.mov_placa as mov_plac5_1_0_ from movil movilentit0_ left outer join factura facturasen1_ on movilentit0_.mov_placa=facturasen1_.mov_placa where movilentit0_.mov_placa=?
2019-05-20 14:54:59.846 TRACE 10536 --- [    Test worker] o.h.type.descriptor.sql.BasicBinder      : binding parameter [1] as [VARCHAR] - [SWH-7]
2019-05-20 14:54:59.847 TRACE 10536 --- [    Test worker] o.h.type.descriptor.sql.BasicExtractor   : extracted value ([facId1_1_0_] : [INTEGER]) - [9]
2019-05-20 14:54:59.847 TRACE 10536 --- [    Test worker] o.h.type.descriptor.sql.BasicExtractor   : extracted value ([mov_cili2_2_1_] : [DOUBLE]) - [150.0]
2019-05-20 14:54:59.847 TRACE 10536 --- [    Test worker] o.h.type.descriptor.sql.BasicExtractor   : extracted value ([mov_tipo3_2_1_] : [VARCHAR]) - [MOTO]
2019-05-20 14:54:59.848 TRACE 10536 --- [    Test worker] o.h.type.descriptor.sql.BasicExtractor   : extracted value ([mov_plac5_1_3_] : [VARCHAR]) - [SWH-7]
2019-05-20 14:54:59.848 TRACE 10536 --- [    Test worker] o.h.type.descriptor.sql.BasicExtractor   : extracted value ([facId1_1_3_] : [INTEGER]) - [9]
2019-05-20 14:54:59.851 DEBUG 10536 --- [    Test worker] org.hibernate.SQL                        : update factura set fac_fecha_ingreso=?, fac_fecha_salida=?, fac_valor=?, mov_placa=? where facId=?
Hibernate: update factura set fac_fecha_ingreso=?, fac_fecha_salida=?, fac_valor=?, mov_placa=? where facId=?
2019-05-20 14:54:59.852 TRACE 10536 --- [    Test worker] o.h.type.descriptor.sql.BasicBinder      : binding parameter [1] as [TIMESTAMP] - [2019-05-20 14:54:58.738]
2019-05-20 14:54:59.852 TRACE 10536 --- [    Test worker] o.h.type.descriptor.sql.BasicBinder      : binding parameter [2] as [TIMESTAMP] - [Mon May 20 14:54:59 COT 2019]
2019-05-20 14:54:59.852 TRACE 10536 --- [    Test worker] o.h.type.descriptor.sql.BasicBinder      : binding parameter [3] as [DOUBLE] - [500.0]
2019-05-20 14:54:59.853 TRACE 10536 --- [    Test worker] o.h.type.descriptor.sql.BasicBinder      : binding parameter [4] as [VARCHAR] - [SWH-7]
2019-05-20 14:54:59.853 TRACE 10536 --- [    Test worker] o.h.type.descriptor.sql.BasicBinder      : binding parameter [5] as [INTEGER] - [9]
2019-05-20 14:54:59.854 DEBUG 10536 --- [    Test worker] org.hibernate.SQL                        : select movilentit0_.mov_placa as mov_plac1_2_0_, movilentit0_.mov_cilindraje as mov_cili2_2_0_, movilentit0_.mov_tipo_movil as mov_tipo3_2_0_ from movil movilentit0_ where movilentit0_.mov_placa=?
Hibernate: select movilentit0_.mov_placa as mov_plac1_2_0_, movilentit0_.mov_cilindraje as mov_cili2_2_0_, movilentit0_.mov_tipo_movil as mov_tipo3_2_0_ from movil movilentit0_ where movilentit0_.mov_placa=?
2019-05-20 14:54:59.855 TRACE 10536 --- [    Test worker] o.h.type.descriptor.sql.BasicBinder      : binding parameter [1] as [VARCHAR] - [SWH-8]
2019-05-20 14:54:59.855 TRACE 10536 --- [    Test worker] o.h.type.descriptor.sql.BasicExtractor   : extracted value ([mov_cili2_2_0_] : [DOUBLE]) - [150.0]
2019-05-20 14:54:59.855 TRACE 10536 --- [    Test worker] o.h.type.descriptor.sql.BasicExtractor   : extracted value ([mov_tipo3_2_0_] : [VARCHAR]) - [MOTO]
2019-05-20 14:54:59.856 TRACE 10536 --- [    Test worker] org.hibernate.type.CollectionType        : Created collection wrapper: [co.com.ceiba.ceibaestacionamiento.persistencia.entidades.MovilEntity.facturasEntity#SWH-8]
2019-05-20 14:54:59.857 DEBUG 10536 --- [    Test worker] org.hibernate.SQL                        : SELECT COUNT(*) FROM factura WHERE mov_placa = ? AND fac_fecha_salida IS NULL
Hibernate: SELECT COUNT(*) FROM factura WHERE mov_placa = ? AND fac_fecha_salida IS NULL
2019-05-20 14:54:59.858 TRACE 10536 --- [    Test worker] o.h.type.descriptor.sql.BasicBinder      : binding parameter [1] as [VARCHAR] - [SWH-8]
2019-05-20 14:54:59.859 TRACE 10536 --- [    Test worker] o.h.type.descriptor.sql.BasicExtractor   : extracted value ([COUNT(*)] : [NUMERIC]) - [1]
2019-05-20 14:54:59.861 DEBUG 10536 --- [    Test worker] org.hibernate.SQL                        : SELECT * FROM factura WHERE mov_placa = ? AND fac_fecha_salida IS NULL
Hibernate: SELECT * FROM factura WHERE mov_placa = ? AND fac_fecha_salida IS NULL
2019-05-20 14:54:59.862 TRACE 10536 --- [    Test worker] o.h.type.descriptor.sql.BasicBinder      : binding parameter [1] as [VARCHAR] - [SWH-8]
2019-05-20 14:54:59.863 TRACE 10536 --- [    Test worker] o.h.type.descriptor.sql.BasicExtractor   : extracted value ([facId] : [INTEGER]) - [10]
2019-05-20 14:54:59.863 TRACE 10536 --- [    Test worker] o.h.type.descriptor.sql.BasicExtractor   : extracted value ([fac_fecha_ingreso] : [TIMESTAMP]) - [2019-05-20 14:54:58.774]
2019-05-20 14:54:59.863 TRACE 10536 --- [    Test worker] o.h.type.descriptor.sql.BasicExtractor   : extracted value ([fac_fecha_salida] : [TIMESTAMP]) - [null]
2019-05-20 14:54:59.864 TRACE 10536 --- [    Test worker] o.h.type.descriptor.sql.BasicExtractor   : extracted value ([fac_valor] : [DOUBLE]) - [0.0]
2019-05-20 14:54:59.864 TRACE 10536 --- [    Test worker] o.h.type.descriptor.sql.BasicExtractor   : extracted value ([mov_placa] : [VARCHAR]) - [SWH-8]
2019-05-20 14:54:59.864 DEBUG 10536 --- [    Test worker] org.hibernate.SQL                        : select movilentit0_.mov_placa as mov_plac1_2_0_, movilentit0_.mov_cilindraje as mov_cili2_2_0_, movilentit0_.mov_tipo_movil as mov_tipo3_2_0_ from movil movilentit0_ where movilentit0_.mov_placa=?
Hibernate: select movilentit0_.mov_placa as mov_plac1_2_0_, movilentit0_.mov_cilindraje as mov_cili2_2_0_, movilentit0_.mov_tipo_movil as mov_tipo3_2_0_ from movil movilentit0_ where movilentit0_.mov_placa=?
2019-05-20 14:54:59.865 TRACE 10536 --- [    Test worker] o.h.type.descriptor.sql.BasicBinder      : binding parameter [1] as [VARCHAR] - [SWH-8]
2019-05-20 14:54:59.866 TRACE 10536 --- [    Test worker] o.h.type.descriptor.sql.BasicExtractor   : extracted value ([mov_cili2_2_0_] : [DOUBLE]) - [150.0]
2019-05-20 14:54:59.866 TRACE 10536 --- [    Test worker] o.h.type.descriptor.sql.BasicExtractor   : extracted value ([mov_tipo3_2_0_] : [VARCHAR]) - [MOTO]
2019-05-20 14:54:59.866 TRACE 10536 --- [    Test worker] org.hibernate.type.CollectionType        : Created collection wrapper: [co.com.ceiba.ceibaestacionamiento.persistencia.entidades.MovilEntity.facturasEntity#SWH-8]
2019-05-20 14:54:59.871 DEBUG 10536 --- [    Test worker] org.hibernate.SQL                        : SELECT * FROM costoestadia WHERE cos_tipo_movil = ? AND cos_tipo_pago = ? AND cos_tiempo_estadia = ?
Hibernate: SELECT * FROM costoestadia WHERE cos_tipo_movil = ? AND cos_tipo_pago = ? AND cos_tiempo_estadia = ?
2019-05-20 14:54:59.873 TRACE 10536 --- [    Test worker] o.h.type.descriptor.sql.BasicBinder      : binding parameter [1] as [VARCHAR] - [MOTO]
2019-05-20 14:54:59.873 TRACE 10536 --- [    Test worker] o.h.type.descriptor.sql.BasicBinder      : binding parameter [2] as [VARCHAR] - [NORMAL]
2019-05-20 14:54:59.873 TRACE 10536 --- [    Test worker] o.h.type.descriptor.sql.BasicBinder      : binding parameter [3] as [VARCHAR] - [DIA]
2019-05-20 14:54:59.874 TRACE 10536 --- [    Test worker] o.h.type.descriptor.sql.BasicExtractor   : extracted value ([cos_id] : [INTEGER]) - [3]
2019-05-20 14:54:59.874 TRACE 10536 --- [    Test worker] o.h.type.descriptor.sql.BasicExtractor   : extracted value ([cos_tiempo_estadia] : [VARCHAR]) - [DIA]
2019-05-20 14:54:59.874 TRACE 10536 --- [    Test worker] o.h.type.descriptor.sql.BasicExtractor   : extracted value ([cos_tipo_movil] : [VARCHAR]) - [MOTO]
2019-05-20 14:54:59.875 TRACE 10536 --- [    Test worker] o.h.type.descriptor.sql.BasicExtractor   : extracted value ([cos_tipo_pago] : [VARCHAR]) - [NORMAL]
2019-05-20 14:54:59.875 TRACE 10536 --- [    Test worker] o.h.type.descriptor.sql.BasicExtractor   : extracted value ([cos_valor] : [DOUBLE]) - [4000.0]
2019-05-20 14:54:59.877 DEBUG 10536 --- [    Test worker] org.hibernate.SQL                        : SELECT * FROM costoestadia WHERE cos_tipo_movil = ? AND cos_tipo_pago = ? AND cos_tiempo_estadia = ?
Hibernate: SELECT * FROM costoestadia WHERE cos_tipo_movil = ? AND cos_tipo_pago = ? AND cos_tiempo_estadia = ?
2019-05-20 14:54:59.878 TRACE 10536 --- [    Test worker] o.h.type.descriptor.sql.BasicBinder      : binding parameter [1] as [VARCHAR] - [MOTO]
2019-05-20 14:54:59.878 TRACE 10536 --- [    Test worker] o.h.type.descriptor.sql.BasicBinder      : binding parameter [2] as [VARCHAR] - [NORMAL]
2019-05-20 14:54:59.878 TRACE 10536 --- [    Test worker] o.h.type.descriptor.sql.BasicBinder      : binding parameter [3] as [VARCHAR] - [HORA]
2019-05-20 14:54:59.878 TRACE 10536 --- [    Test worker] o.h.type.descriptor.sql.BasicExtractor   : extracted value ([cos_id] : [INTEGER]) - [4]
2019-05-20 14:54:59.879 TRACE 10536 --- [    Test worker] o.h.type.descriptor.sql.BasicExtractor   : extracted value ([cos_tiempo_estadia] : [VARCHAR]) - [HORA]
2019-05-20 14:54:59.879 TRACE 10536 --- [    Test worker] o.h.type.descriptor.sql.BasicExtractor   : extracted value ([cos_tipo_movil] : [VARCHAR]) - [MOTO]
2019-05-20 14:54:59.879 TRACE 10536 --- [    Test worker] o.h.type.descriptor.sql.BasicExtractor   : extracted value ([cos_tipo_pago] : [VARCHAR]) - [NORMAL]
2019-05-20 14:54:59.879 TRACE 10536 --- [    Test worker] o.h.type.descriptor.sql.BasicExtractor   : extracted value ([cos_valor] : [DOUBLE]) - [500.0]
2019-05-20 14:54:59.882 DEBUG 10536 --- [    Test worker] org.hibernate.SQL                        : SELECT * FROM factura WHERE mov_placa = ? AND fac_fecha_salida IS NULL
Hibernate: SELECT * FROM factura WHERE mov_placa = ? AND fac_fecha_salida IS NULL
2019-05-20 14:54:59.883 TRACE 10536 --- [    Test worker] o.h.type.descriptor.sql.BasicBinder      : binding parameter [1] as [VARCHAR] - [SWH-8]
2019-05-20 14:54:59.883 TRACE 10536 --- [    Test worker] o.h.type.descriptor.sql.BasicExtractor   : extracted value ([facId] : [INTEGER]) - [10]
2019-05-20 14:54:59.884 TRACE 10536 --- [    Test worker] o.h.type.descriptor.sql.BasicExtractor   : extracted value ([fac_fecha_ingreso] : [TIMESTAMP]) - [2019-05-20 14:54:58.774]
2019-05-20 14:54:59.884 TRACE 10536 --- [    Test worker] o.h.type.descriptor.sql.BasicExtractor   : extracted value ([fac_fecha_salida] : [TIMESTAMP]) - [null]
2019-05-20 14:54:59.884 TRACE 10536 --- [    Test worker] o.h.type.descriptor.sql.BasicExtractor   : extracted value ([fac_valor] : [DOUBLE]) - [0.0]
2019-05-20 14:54:59.884 TRACE 10536 --- [    Test worker] o.h.type.descriptor.sql.BasicExtractor   : extracted value ([mov_placa] : [VARCHAR]) - [SWH-8]
2019-05-20 14:54:59.885 DEBUG 10536 --- [    Test worker] org.hibernate.SQL                        : select movilentit0_.mov_placa as mov_plac1_2_0_, movilentit0_.mov_cilindraje as mov_cili2_2_0_, movilentit0_.mov_tipo_movil as mov_tipo3_2_0_ from movil movilentit0_ where movilentit0_.mov_placa=?
Hibernate: select movilentit0_.mov_placa as mov_plac1_2_0_, movilentit0_.mov_cilindraje as mov_cili2_2_0_, movilentit0_.mov_tipo_movil as mov_tipo3_2_0_ from movil movilentit0_ where movilentit0_.mov_placa=?
2019-05-20 14:54:59.885 TRACE 10536 --- [    Test worker] o.h.type.descriptor.sql.BasicBinder      : binding parameter [1] as [VARCHAR] - [SWH-8]
2019-05-20 14:54:59.886 TRACE 10536 --- [    Test worker] o.h.type.descriptor.sql.BasicExtractor   : extracted value ([mov_cili2_2_0_] : [DOUBLE]) - [150.0]
2019-05-20 14:54:59.886 TRACE 10536 --- [    Test worker] o.h.type.descriptor.sql.BasicExtractor   : extracted value ([mov_tipo3_2_0_] : [VARCHAR]) - [MOTO]
2019-05-20 14:54:59.886 TRACE 10536 --- [    Test worker] org.hibernate.type.CollectionType        : Created collection wrapper: [co.com.ceiba.ceibaestacionamiento.persistencia.entidades.MovilEntity.facturasEntity#SWH-8]
2019-05-20 14:54:59.889 DEBUG 10536 --- [    Test worker] org.hibernate.SQL                        : select facturaent0_.facId as facId1_1_0_, facturaent0_.fac_fecha_ingreso as fac_fech2_1_0_, facturaent0_.fac_fecha_salida as fac_fech3_1_0_, facturaent0_.fac_valor as fac_valo4_1_0_, facturaent0_.mov_placa as mov_plac5_1_0_ from factura facturaent0_ where facturaent0_.facId=?
Hibernate: select facturaent0_.facId as facId1_1_0_, facturaent0_.fac_fecha_ingreso as fac_fech2_1_0_, facturaent0_.fac_fecha_salida as fac_fech3_1_0_, facturaent0_.fac_valor as fac_valo4_1_0_, facturaent0_.mov_placa as mov_plac5_1_0_ from factura facturaent0_ where facturaent0_.facId=?
2019-05-20 14:54:59.892 TRACE 10536 --- [    Test worker] o.h.type.descriptor.sql.BasicBinder      : binding parameter [1] as [INTEGER] - [10]
2019-05-20 14:54:59.893 TRACE 10536 --- [    Test worker] o.h.type.descriptor.sql.BasicExtractor   : extracted value ([fac_fech2_1_0_] : [TIMESTAMP]) - [2019-05-20 14:54:58.774]
2019-05-20 14:54:59.893 TRACE 10536 --- [    Test worker] o.h.type.descriptor.sql.BasicExtractor   : extracted value ([fac_fech3_1_0_] : [TIMESTAMP]) - [null]
2019-05-20 14:54:59.893 TRACE 10536 --- [    Test worker] o.h.type.descriptor.sql.BasicExtractor   : extracted value ([fac_valo4_1_0_] : [DOUBLE]) - [0.0]
2019-05-20 14:54:59.893 TRACE 10536 --- [    Test worker] o.h.type.descriptor.sql.BasicExtractor   : extracted value ([mov_plac5_1_0_] : [VARCHAR]) - [SWH-8]
2019-05-20 14:54:59.893 DEBUG 10536 --- [    Test worker] org.hibernate.SQL                        : select movilentit0_.mov_placa as mov_plac1_2_1_, movilentit0_.mov_cilindraje as mov_cili2_2_1_, movilentit0_.mov_tipo_movil as mov_tipo3_2_1_, facturasen1_.mov_placa as mov_plac5_1_3_, facturasen1_.facId as facId1_1_3_, facturasen1_.facId as facId1_1_0_, facturasen1_.fac_fecha_ingreso as fac_fech2_1_0_, facturasen1_.fac_fecha_salida as fac_fech3_1_0_, facturasen1_.fac_valor as fac_valo4_1_0_, facturasen1_.mov_placa as mov_plac5_1_0_ from movil movilentit0_ left outer join factura facturasen1_ on movilentit0_.mov_placa=facturasen1_.mov_placa where movilentit0_.mov_placa=?
Hibernate: select movilentit0_.mov_placa as mov_plac1_2_1_, movilentit0_.mov_cilindraje as mov_cili2_2_1_, movilentit0_.mov_tipo_movil as mov_tipo3_2_1_, facturasen1_.mov_placa as mov_plac5_1_3_, facturasen1_.facId as facId1_1_3_, facturasen1_.facId as facId1_1_0_, facturasen1_.fac_fecha_ingreso as fac_fech2_1_0_, facturasen1_.fac_fecha_salida as fac_fech3_1_0_, facturasen1_.fac_valor as fac_valo4_1_0_, facturasen1_.mov_placa as mov_plac5_1_0_ from movil movilentit0_ left outer join factura facturasen1_ on movilentit0_.mov_placa=facturasen1_.mov_placa where movilentit0_.mov_placa=?
2019-05-20 14:54:59.895 TRACE 10536 --- [    Test worker] o.h.type.descriptor.sql.BasicBinder      : binding parameter [1] as [VARCHAR] - [SWH-8]
2019-05-20 14:54:59.896 TRACE 10536 --- [    Test worker] o.h.type.descriptor.sql.BasicExtractor   : extracted value ([facId1_1_0_] : [INTEGER]) - [10]
2019-05-20 14:54:59.896 TRACE 10536 --- [    Test worker] o.h.type.descriptor.sql.BasicExtractor   : extracted value ([mov_cili2_2_1_] : [DOUBLE]) - [150.0]
2019-05-20 14:54:59.896 TRACE 10536 --- [    Test worker] o.h.type.descriptor.sql.BasicExtractor   : extracted value ([mov_tipo3_2_1_] : [VARCHAR]) - [MOTO]
2019-05-20 14:54:59.896 TRACE 10536 --- [    Test worker] o.h.type.descriptor.sql.BasicExtractor   : extracted value ([mov_plac5_1_3_] : [VARCHAR]) - [SWH-8]
2019-05-20 14:54:59.897 TRACE 10536 --- [    Test worker] o.h.type.descriptor.sql.BasicExtractor   : extracted value ([facId1_1_3_] : [INTEGER]) - [10]
2019-05-20 14:54:59.898 DEBUG 10536 --- [    Test worker] org.hibernate.SQL                        : update factura set fac_fecha_ingreso=?, fac_fecha_salida=?, fac_valor=?, mov_placa=? where facId=?
Hibernate: update factura set fac_fecha_ingreso=?, fac_fecha_salida=?, fac_valor=?, mov_placa=? where facId=?
2019-05-20 14:54:59.899 TRACE 10536 --- [    Test worker] o.h.type.descriptor.sql.BasicBinder      : binding parameter [1] as [TIMESTAMP] - [2019-05-20 14:54:58.774]
2019-05-20 14:54:59.899 TRACE 10536 --- [    Test worker] o.h.type.descriptor.sql.BasicBinder      : binding parameter [2] as [TIMESTAMP] - [Mon May 20 14:54:59 COT 2019]
2019-05-20 14:54:59.899 TRACE 10536 --- [    Test worker] o.h.type.descriptor.sql.BasicBinder      : binding parameter [3] as [DOUBLE] - [500.0]
2019-05-20 14:54:59.899 TRACE 10536 --- [    Test worker] o.h.type.descriptor.sql.BasicBinder      : binding parameter [4] as [VARCHAR] - [SWH-8]
2019-05-20 14:54:59.900 TRACE 10536 --- [    Test worker] o.h.type.descriptor.sql.BasicBinder      : binding parameter [5] as [INTEGER] - [10]
2019-05-20 14:54:59.903 DEBUG 10536 --- [    Test worker] org.hibernate.SQL                        : select movilentit0_.mov_placa as mov_plac1_2_0_, movilentit0_.mov_cilindraje as mov_cili2_2_0_, movilentit0_.mov_tipo_movil as mov_tipo3_2_0_ from movil movilentit0_ where movilentit0_.mov_placa=?
Hibernate: select movilentit0_.mov_placa as mov_plac1_2_0_, movilentit0_.mov_cilindraje as mov_cili2_2_0_, movilentit0_.mov_tipo_movil as mov_tipo3_2_0_ from movil movilentit0_ where movilentit0_.mov_placa=?
2019-05-20 14:54:59.904 TRACE 10536 --- [    Test worker] o.h.type.descriptor.sql.BasicBinder      : binding parameter [1] as [VARCHAR] - [SWH-9]
2019-05-20 14:54:59.904 TRACE 10536 --- [    Test worker] o.h.type.descriptor.sql.BasicExtractor   : extracted value ([mov_cili2_2_0_] : [DOUBLE]) - [150.0]
2019-05-20 14:54:59.905 TRACE 10536 --- [    Test worker] o.h.type.descriptor.sql.BasicExtractor   : extracted value ([mov_tipo3_2_0_] : [VARCHAR]) - [MOTO]
2019-05-20 14:54:59.905 TRACE 10536 --- [    Test worker] org.hibernate.type.CollectionType        : Created collection wrapper: [co.com.ceiba.ceibaestacionamiento.persistencia.entidades.MovilEntity.facturasEntity#SWH-9]
2019-05-20 14:54:59.908 DEBUG 10536 --- [    Test worker] org.hibernate.SQL                        : SELECT COUNT(*) FROM factura WHERE mov_placa = ? AND fac_fecha_salida IS NULL
Hibernate: SELECT COUNT(*) FROM factura WHERE mov_placa = ? AND fac_fecha_salida IS NULL
2019-05-20 14:54:59.909 TRACE 10536 --- [    Test worker] o.h.type.descriptor.sql.BasicBinder      : binding parameter [1] as [VARCHAR] - [SWH-9]
2019-05-20 14:54:59.910 TRACE 10536 --- [    Test worker] o.h.type.descriptor.sql.BasicExtractor   : extracted value ([COUNT(*)] : [NUMERIC]) - [1]
2019-05-20 14:54:59.916 DEBUG 10536 --- [    Test worker] org.hibernate.SQL                        : SELECT * FROM factura WHERE mov_placa = ? AND fac_fecha_salida IS NULL
Hibernate: SELECT * FROM factura WHERE mov_placa = ? AND fac_fecha_salida IS NULL
2019-05-20 14:54:59.917 TRACE 10536 --- [    Test worker] o.h.type.descriptor.sql.BasicBinder      : binding parameter [1] as [VARCHAR] - [SWH-9]
2019-05-20 14:54:59.917 TRACE 10536 --- [    Test worker] o.h.type.descriptor.sql.BasicExtractor   : extracted value ([facId] : [INTEGER]) - [11]
2019-05-20 14:54:59.920 TRACE 10536 --- [    Test worker] o.h.type.descriptor.sql.BasicExtractor   : extracted value ([fac_fecha_ingreso] : [TIMESTAMP]) - [2019-05-20 14:54:58.797]
2019-05-20 14:54:59.920 TRACE 10536 --- [    Test worker] o.h.type.descriptor.sql.BasicExtractor   : extracted value ([fac_fecha_salida] : [TIMESTAMP]) - [null]
2019-05-20 14:54:59.920 TRACE 10536 --- [    Test worker] o.h.type.descriptor.sql.BasicExtractor   : extracted value ([fac_valor] : [DOUBLE]) - [0.0]
2019-05-20 14:54:59.920 TRACE 10536 --- [    Test worker] o.h.type.descriptor.sql.BasicExtractor   : extracted value ([mov_placa] : [VARCHAR]) - [SWH-9]
2019-05-20 14:54:59.921 DEBUG 10536 --- [    Test worker] org.hibernate.SQL                        : select movilentit0_.mov_placa as mov_plac1_2_0_, movilentit0_.mov_cilindraje as mov_cili2_2_0_, movilentit0_.mov_tipo_movil as mov_tipo3_2_0_ from movil movilentit0_ where movilentit0_.mov_placa=?
Hibernate: select movilentit0_.mov_placa as mov_plac1_2_0_, movilentit0_.mov_cilindraje as mov_cili2_2_0_, movilentit0_.mov_tipo_movil as mov_tipo3_2_0_ from movil movilentit0_ where movilentit0_.mov_placa=?
2019-05-20 14:54:59.922 TRACE 10536 --- [    Test worker] o.h.type.descriptor.sql.BasicBinder      : binding parameter [1] as [VARCHAR] - [SWH-9]
2019-05-20 14:54:59.922 TRACE 10536 --- [    Test worker] o.h.type.descriptor.sql.BasicExtractor   : extracted value ([mov_cili2_2_0_] : [DOUBLE]) - [150.0]
2019-05-20 14:54:59.922 TRACE 10536 --- [    Test worker] o.h.type.descriptor.sql.BasicExtractor   : extracted value ([mov_tipo3_2_0_] : [VARCHAR]) - [MOTO]
2019-05-20 14:54:59.922 TRACE 10536 --- [    Test worker] org.hibernate.type.CollectionType        : Created collection wrapper: [co.com.ceiba.ceibaestacionamiento.persistencia.entidades.MovilEntity.facturasEntity#SWH-9]
2019-05-20 14:54:59.925 DEBUG 10536 --- [    Test worker] org.hibernate.SQL                        : SELECT * FROM costoestadia WHERE cos_tipo_movil = ? AND cos_tipo_pago = ? AND cos_tiempo_estadia = ?
Hibernate: SELECT * FROM costoestadia WHERE cos_tipo_movil = ? AND cos_tipo_pago = ? AND cos_tiempo_estadia = ?
2019-05-20 14:54:59.926 TRACE 10536 --- [    Test worker] o.h.type.descriptor.sql.BasicBinder      : binding parameter [1] as [VARCHAR] - [MOTO]
2019-05-20 14:54:59.926 TRACE 10536 --- [    Test worker] o.h.type.descriptor.sql.BasicBinder      : binding parameter [2] as [VARCHAR] - [NORMAL]
2019-05-20 14:54:59.926 TRACE 10536 --- [    Test worker] o.h.type.descriptor.sql.BasicBinder      : binding parameter [3] as [VARCHAR] - [DIA]
2019-05-20 14:54:59.926 TRACE 10536 --- [    Test worker] o.h.type.descriptor.sql.BasicExtractor   : extracted value ([cos_id] : [INTEGER]) - [3]
2019-05-20 14:54:59.927 TRACE 10536 --- [    Test worker] o.h.type.descriptor.sql.BasicExtractor   : extracted value ([cos_tiempo_estadia] : [VARCHAR]) - [DIA]
2019-05-20 14:54:59.927 TRACE 10536 --- [    Test worker] o.h.type.descriptor.sql.BasicExtractor   : extracted value ([cos_tipo_movil] : [VARCHAR]) - [MOTO]
2019-05-20 14:54:59.927 TRACE 10536 --- [    Test worker] o.h.type.descriptor.sql.BasicExtractor   : extracted value ([cos_tipo_pago] : [VARCHAR]) - [NORMAL]
2019-05-20 14:54:59.927 TRACE 10536 --- [    Test worker] o.h.type.descriptor.sql.BasicExtractor   : extracted value ([cos_valor] : [DOUBLE]) - [4000.0]
2019-05-20 14:54:59.931 DEBUG 10536 --- [    Test worker] org.hibernate.SQL                        : SELECT * FROM costoestadia WHERE cos_tipo_movil = ? AND cos_tipo_pago = ? AND cos_tiempo_estadia = ?
Hibernate: SELECT * FROM costoestadia WHERE cos_tipo_movil = ? AND cos_tipo_pago = ? AND cos_tiempo_estadia = ?
2019-05-20 14:54:59.932 TRACE 10536 --- [    Test worker] o.h.type.descriptor.sql.BasicBinder      : binding parameter [1] as [VARCHAR] - [MOTO]
2019-05-20 14:54:59.932 TRACE 10536 --- [    Test worker] o.h.type.descriptor.sql.BasicBinder      : binding parameter [2] as [VARCHAR] - [NORMAL]
2019-05-20 14:54:59.932 TRACE 10536 --- [    Test worker] o.h.type.descriptor.sql.BasicBinder      : binding parameter [3] as [VARCHAR] - [HORA]
2019-05-20 14:54:59.933 TRACE 10536 --- [    Test worker] o.h.type.descriptor.sql.BasicExtractor   : extracted value ([cos_id] : [INTEGER]) - [4]
2019-05-20 14:54:59.933 TRACE 10536 --- [    Test worker] o.h.type.descriptor.sql.BasicExtractor   : extracted value ([cos_tiempo_estadia] : [VARCHAR]) - [HORA]
2019-05-20 14:54:59.933 TRACE 10536 --- [    Test worker] o.h.type.descriptor.sql.BasicExtractor   : extracted value ([cos_tipo_movil] : [VARCHAR]) - [MOTO]
2019-05-20 14:54:59.933 TRACE 10536 --- [    Test worker] o.h.type.descriptor.sql.BasicExtractor   : extracted value ([cos_tipo_pago] : [VARCHAR]) - [NORMAL]
2019-05-20 14:54:59.933 TRACE 10536 --- [    Test worker] o.h.type.descriptor.sql.BasicExtractor   : extracted value ([cos_valor] : [DOUBLE]) - [500.0]
2019-05-20 14:54:59.935 DEBUG 10536 --- [    Test worker] org.hibernate.SQL                        : SELECT * FROM factura WHERE mov_placa = ? AND fac_fecha_salida IS NULL
Hibernate: SELECT * FROM factura WHERE mov_placa = ? AND fac_fecha_salida IS NULL
2019-05-20 14:54:59.935 TRACE 10536 --- [    Test worker] o.h.type.descriptor.sql.BasicBinder      : binding parameter [1] as [VARCHAR] - [SWH-9]
2019-05-20 14:54:59.936 TRACE 10536 --- [    Test worker] o.h.type.descriptor.sql.BasicExtractor   : extracted value ([facId] : [INTEGER]) - [11]
2019-05-20 14:54:59.936 TRACE 10536 --- [    Test worker] o.h.type.descriptor.sql.BasicExtractor   : extracted value ([fac_fecha_ingreso] : [TIMESTAMP]) - [2019-05-20 14:54:58.797]
2019-05-20 14:54:59.936 TRACE 10536 --- [    Test worker] o.h.type.descriptor.sql.BasicExtractor   : extracted value ([fac_fecha_salida] : [TIMESTAMP]) - [null]
2019-05-20 14:54:59.936 TRACE 10536 --- [    Test worker] o.h.type.descriptor.sql.BasicExtractor   : extracted value ([fac_valor] : [DOUBLE]) - [0.0]
2019-05-20 14:54:59.936 TRACE 10536 --- [    Test worker] o.h.type.descriptor.sql.BasicExtractor   : extracted value ([mov_placa] : [VARCHAR]) - [SWH-9]
2019-05-20 14:54:59.937 DEBUG 10536 --- [    Test worker] org.hibernate.SQL                        : select movilentit0_.mov_placa as mov_plac1_2_0_, movilentit0_.mov_cilindraje as mov_cili2_2_0_, movilentit0_.mov_tipo_movil as mov_tipo3_2_0_ from movil movilentit0_ where movilentit0_.mov_placa=?
Hibernate: select movilentit0_.mov_placa as mov_plac1_2_0_, movilentit0_.mov_cilindraje as mov_cili2_2_0_, movilentit0_.mov_tipo_movil as mov_tipo3_2_0_ from movil movilentit0_ where movilentit0_.mov_placa=?
2019-05-20 14:54:59.937 TRACE 10536 --- [    Test worker] o.h.type.descriptor.sql.BasicBinder      : binding parameter [1] as [VARCHAR] - [SWH-9]
2019-05-20 14:54:59.937 TRACE 10536 --- [    Test worker] o.h.type.descriptor.sql.BasicExtractor   : extracted value ([mov_cili2_2_0_] : [DOUBLE]) - [150.0]
2019-05-20 14:54:59.938 TRACE 10536 --- [    Test worker] o.h.type.descriptor.sql.BasicExtractor   : extracted value ([mov_tipo3_2_0_] : [VARCHAR]) - [MOTO]
2019-05-20 14:54:59.938 TRACE 10536 --- [    Test worker] org.hibernate.type.CollectionType        : Created collection wrapper: [co.com.ceiba.ceibaestacionamiento.persistencia.entidades.MovilEntity.facturasEntity#SWH-9]
2019-05-20 14:54:59.940 DEBUG 10536 --- [    Test worker] org.hibernate.SQL                        : select facturaent0_.facId as facId1_1_0_, facturaent0_.fac_fecha_ingreso as fac_fech2_1_0_, facturaent0_.fac_fecha_salida as fac_fech3_1_0_, facturaent0_.fac_valor as fac_valo4_1_0_, facturaent0_.mov_placa as mov_plac5_1_0_ from factura facturaent0_ where facturaent0_.facId=?
Hibernate: select facturaent0_.facId as facId1_1_0_, facturaent0_.fac_fecha_ingreso as fac_fech2_1_0_, facturaent0_.fac_fecha_salida as fac_fech3_1_0_, facturaent0_.fac_valor as fac_valo4_1_0_, facturaent0_.mov_placa as mov_plac5_1_0_ from factura facturaent0_ where facturaent0_.facId=?
2019-05-20 14:54:59.941 TRACE 10536 --- [    Test worker] o.h.type.descriptor.sql.BasicBinder      : binding parameter [1] as [INTEGER] - [11]
2019-05-20 14:54:59.941 TRACE 10536 --- [    Test worker] o.h.type.descriptor.sql.BasicExtractor   : extracted value ([fac_fech2_1_0_] : [TIMESTAMP]) - [2019-05-20 14:54:58.797]
2019-05-20 14:54:59.941 TRACE 10536 --- [    Test worker] o.h.type.descriptor.sql.BasicExtractor   : extracted value ([fac_fech3_1_0_] : [TIMESTAMP]) - [null]
2019-05-20 14:54:59.942 TRACE 10536 --- [    Test worker] o.h.type.descriptor.sql.BasicExtractor   : extracted value ([fac_valo4_1_0_] : [DOUBLE]) - [0.0]
2019-05-20 14:54:59.942 TRACE 10536 --- [    Test worker] o.h.type.descriptor.sql.BasicExtractor   : extracted value ([mov_plac5_1_0_] : [VARCHAR]) - [SWH-9]
2019-05-20 14:54:59.942 DEBUG 10536 --- [    Test worker] org.hibernate.SQL                        : select movilentit0_.mov_placa as mov_plac1_2_1_, movilentit0_.mov_cilindraje as mov_cili2_2_1_, movilentit0_.mov_tipo_movil as mov_tipo3_2_1_, facturasen1_.mov_placa as mov_plac5_1_3_, facturasen1_.facId as facId1_1_3_, facturasen1_.facId as facId1_1_0_, facturasen1_.fac_fecha_ingreso as fac_fech2_1_0_, facturasen1_.fac_fecha_salida as fac_fech3_1_0_, facturasen1_.fac_valor as fac_valo4_1_0_, facturasen1_.mov_placa as mov_plac5_1_0_ from movil movilentit0_ left outer join factura facturasen1_ on movilentit0_.mov_placa=facturasen1_.mov_placa where movilentit0_.mov_placa=?
Hibernate: select movilentit0_.mov_placa as mov_plac1_2_1_, movilentit0_.mov_cilindraje as mov_cili2_2_1_, movilentit0_.mov_tipo_movil as mov_tipo3_2_1_, facturasen1_.mov_placa as mov_plac5_1_3_, facturasen1_.facId as facId1_1_3_, facturasen1_.facId as facId1_1_0_, facturasen1_.fac_fecha_ingreso as fac_fech2_1_0_, facturasen1_.fac_fecha_salida as fac_fech3_1_0_, facturasen1_.fac_valor as fac_valo4_1_0_, facturasen1_.mov_placa as mov_plac5_1_0_ from movil movilentit0_ left outer join factura facturasen1_ on movilentit0_.mov_placa=facturasen1_.mov_placa where movilentit0_.mov_placa=?
2019-05-20 14:54:59.943 TRACE 10536 --- [    Test worker] o.h.type.descriptor.sql.BasicBinder      : binding parameter [1] as [VARCHAR] - [SWH-9]
2019-05-20 14:54:59.943 TRACE 10536 --- [    Test worker] o.h.type.descriptor.sql.BasicExtractor   : extracted value ([facId1_1_0_] : [INTEGER]) - [11]
2019-05-20 14:54:59.943 TRACE 10536 --- [    Test worker] o.h.type.descriptor.sql.BasicExtractor   : extracted value ([mov_cili2_2_1_] : [DOUBLE]) - [150.0]
2019-05-20 14:54:59.943 TRACE 10536 --- [    Test worker] o.h.type.descriptor.sql.BasicExtractor   : extracted value ([mov_tipo3_2_1_] : [VARCHAR]) - [MOTO]
2019-05-20 14:54:59.943 TRACE 10536 --- [    Test worker] o.h.type.descriptor.sql.BasicExtractor   : extracted value ([mov_plac5_1_3_] : [VARCHAR]) - [SWH-9]
2019-05-20 14:54:59.943 TRACE 10536 --- [    Test worker] o.h.type.descriptor.sql.BasicExtractor   : extracted value ([facId1_1_3_] : [INTEGER]) - [11]
2019-05-20 14:54:59.945 DEBUG 10536 --- [    Test worker] org.hibernate.SQL                        : update factura set fac_fecha_ingreso=?, fac_fecha_salida=?, fac_valor=?, mov_placa=? where facId=?
Hibernate: update factura set fac_fecha_ingreso=?, fac_fecha_salida=?, fac_valor=?, mov_placa=? where facId=?
2019-05-20 14:54:59.945 TRACE 10536 --- [    Test worker] o.h.type.descriptor.sql.BasicBinder      : binding parameter [1] as [TIMESTAMP] - [2019-05-20 14:54:58.797]
2019-05-20 14:54:59.945 TRACE 10536 --- [    Test worker] o.h.type.descriptor.sql.BasicBinder      : binding parameter [2] as [TIMESTAMP] - [Mon May 20 14:54:59 COT 2019]
2019-05-20 14:54:59.945 TRACE 10536 --- [    Test worker] o.h.type.descriptor.sql.BasicBinder      : binding parameter [3] as [DOUBLE] - [500.0]
2019-05-20 14:54:59.946 TRACE 10536 --- [    Test worker] o.h.type.descriptor.sql.BasicBinder      : binding parameter [4] as [VARCHAR] - [SWH-9]
2019-05-20 14:54:59.946 TRACE 10536 --- [    Test worker] o.h.type.descriptor.sql.BasicBinder      : binding parameter [5] as [INTEGER] - [11]
2019-05-20 14:54:59.947 DEBUG 10536 --- [    Test worker] org.hibernate.SQL                        : SELECT COUNT(*) FROM factura JOIN movil ON factura.mov_placa = movil.mov_placa WHERE movil.mov_tipo_movil = ? AND factura.fac_fecha_salida IS NULL
Hibernate: SELECT COUNT(*) FROM factura JOIN movil ON factura.mov_placa = movil.mov_placa WHERE movil.mov_tipo_movil = ? AND factura.fac_fecha_salida IS NULL
2019-05-20 14:54:59.948 TRACE 10536 --- [    Test worker] o.h.type.descriptor.sql.BasicBinder      : binding parameter [1] as [VARCHAR] - [MOTO]
2019-05-20 14:54:59.950 TRACE 10536 --- [    Test worker] o.h.type.descriptor.sql.BasicExtractor   : extracted value ([COUNT(*)] : [NUMERIC]) - [0]
2019-05-20 14:54:59.955 DEBUG 10536 --- [    Test worker] org.hibernate.SQL                        : select movilentit0_.mov_placa as mov_plac1_2_0_, movilentit0_.mov_cilindraje as mov_cili2_2_0_, movilentit0_.mov_tipo_movil as mov_tipo3_2_0_ from movil movilentit0_ where movilentit0_.mov_placa=?
Hibernate: select movilentit0_.mov_placa as mov_plac1_2_0_, movilentit0_.mov_cilindraje as mov_cili2_2_0_, movilentit0_.mov_tipo_movil as mov_tipo3_2_0_ from movil movilentit0_ where movilentit0_.mov_placa=?
2019-05-20 14:54:59.955 TRACE 10536 --- [    Test worker] o.h.type.descriptor.sql.BasicBinder      : binding parameter [1] as [VARCHAR] - [VBN-0]
2019-05-20 14:54:59.956 TRACE 10536 --- [    Test worker] o.h.type.descriptor.sql.BasicExtractor   : extracted value ([mov_cili2_2_0_] : [DOUBLE]) - [-1.0]
2019-05-20 14:54:59.956 TRACE 10536 --- [    Test worker] o.h.type.descriptor.sql.BasicExtractor   : extracted value ([mov_tipo3_2_0_] : [VARCHAR]) - [CARRO]
2019-05-20 14:54:59.956 TRACE 10536 --- [    Test worker] org.hibernate.type.CollectionType        : Created collection wrapper: [co.com.ceiba.ceibaestacionamiento.persistencia.entidades.MovilEntity.facturasEntity#VBN-0]
2019-05-20 14:54:59.959 DEBUG 10536 --- [    Test worker] org.hibernate.SQL                        : SELECT COUNT(*) FROM factura WHERE mov_placa = ? AND fac_fecha_salida IS NULL
Hibernate: SELECT COUNT(*) FROM factura WHERE mov_placa = ? AND fac_fecha_salida IS NULL
2019-05-20 14:54:59.960 TRACE 10536 --- [    Test worker] o.h.type.descriptor.sql.BasicBinder      : binding parameter [1] as [VARCHAR] - [VBN-0]
2019-05-20 14:54:59.960 TRACE 10536 --- [    Test worker] o.h.type.descriptor.sql.BasicExtractor   : extracted value ([COUNT(*)] : [NUMERIC]) - [1]
2019-05-20 14:54:59.962 DEBUG 10536 --- [    Test worker] org.hibernate.SQL                        : SELECT * FROM factura WHERE mov_placa = ? AND fac_fecha_salida IS NULL
Hibernate: SELECT * FROM factura WHERE mov_placa = ? AND fac_fecha_salida IS NULL
2019-05-20 14:54:59.962 TRACE 10536 --- [    Test worker] o.h.type.descriptor.sql.BasicBinder      : binding parameter [1] as [VARCHAR] - [VBN-0]
2019-05-20 14:54:59.963 TRACE 10536 --- [    Test worker] o.h.type.descriptor.sql.BasicExtractor   : extracted value ([facId] : [INTEGER]) - [12]
2019-05-20 14:54:59.963 TRACE 10536 --- [    Test worker] o.h.type.descriptor.sql.BasicExtractor   : extracted value ([fac_fecha_ingreso] : [TIMESTAMP]) - [2019-05-20 14:54:58.842]
2019-05-20 14:54:59.963 TRACE 10536 --- [    Test worker] o.h.type.descriptor.sql.BasicExtractor   : extracted value ([fac_fecha_salida] : [TIMESTAMP]) - [null]
2019-05-20 14:54:59.963 TRACE 10536 --- [    Test worker] o.h.type.descriptor.sql.BasicExtractor   : extracted value ([fac_valor] : [DOUBLE]) - [0.0]
2019-05-20 14:54:59.963 TRACE 10536 --- [    Test worker] o.h.type.descriptor.sql.BasicExtractor   : extracted value ([mov_placa] : [VARCHAR]) - [VBN-0]
2019-05-20 14:54:59.963 DEBUG 10536 --- [    Test worker] org.hibernate.SQL                        : select movilentit0_.mov_placa as mov_plac1_2_0_, movilentit0_.mov_cilindraje as mov_cili2_2_0_, movilentit0_.mov_tipo_movil as mov_tipo3_2_0_ from movil movilentit0_ where movilentit0_.mov_placa=?
Hibernate: select movilentit0_.mov_placa as mov_plac1_2_0_, movilentit0_.mov_cilindraje as mov_cili2_2_0_, movilentit0_.mov_tipo_movil as mov_tipo3_2_0_ from movil movilentit0_ where movilentit0_.mov_placa=?
2019-05-20 14:54:59.963 TRACE 10536 --- [    Test worker] o.h.type.descriptor.sql.BasicBinder      : binding parameter [1] as [VARCHAR] - [VBN-0]
2019-05-20 14:54:59.964 TRACE 10536 --- [    Test worker] o.h.type.descriptor.sql.BasicExtractor   : extracted value ([mov_cili2_2_0_] : [DOUBLE]) - [-1.0]
2019-05-20 14:54:59.964 TRACE 10536 --- [    Test worker] o.h.type.descriptor.sql.BasicExtractor   : extracted value ([mov_tipo3_2_0_] : [VARCHAR]) - [CARRO]
2019-05-20 14:54:59.964 TRACE 10536 --- [    Test worker] org.hibernate.type.CollectionType        : Created collection wrapper: [co.com.ceiba.ceibaestacionamiento.persistencia.entidades.MovilEntity.facturasEntity#VBN-0]
2019-05-20 14:54:59.966 DEBUG 10536 --- [    Test worker] org.hibernate.SQL                        : SELECT * FROM costoestadia WHERE cos_tipo_movil = ? AND cos_tipo_pago = ? AND cos_tiempo_estadia = ?
Hibernate: SELECT * FROM costoestadia WHERE cos_tipo_movil = ? AND cos_tipo_pago = ? AND cos_tiempo_estadia = ?
2019-05-20 14:54:59.967 TRACE 10536 --- [    Test worker] o.h.type.descriptor.sql.BasicBinder      : binding parameter [1] as [VARCHAR] - [CARRO]
2019-05-20 14:54:59.967 TRACE 10536 --- [    Test worker] o.h.type.descriptor.sql.BasicBinder      : binding parameter [2] as [VARCHAR] - [NORMAL]
2019-05-20 14:54:59.967 TRACE 10536 --- [    Test worker] o.h.type.descriptor.sql.BasicBinder      : binding parameter [3] as [VARCHAR] - [DIA]
2019-05-20 14:54:59.967 TRACE 10536 --- [    Test worker] o.h.type.descriptor.sql.BasicExtractor   : extracted value ([cos_id] : [INTEGER]) - [1]
2019-05-20 14:54:59.967 TRACE 10536 --- [    Test worker] o.h.type.descriptor.sql.BasicExtractor   : extracted value ([cos_tiempo_estadia] : [VARCHAR]) - [DIA]
2019-05-20 14:54:59.967 TRACE 10536 --- [    Test worker] o.h.type.descriptor.sql.BasicExtractor   : extracted value ([cos_tipo_movil] : [VARCHAR]) - [CARRO]
2019-05-20 14:54:59.967 TRACE 10536 --- [    Test worker] o.h.type.descriptor.sql.BasicExtractor   : extracted value ([cos_tipo_pago] : [VARCHAR]) - [NORMAL]
2019-05-20 14:54:59.968 TRACE 10536 --- [    Test worker] o.h.type.descriptor.sql.BasicExtractor   : extracted value ([cos_valor] : [DOUBLE]) - [8000.0]
2019-05-20 14:54:59.971 DEBUG 10536 --- [    Test worker] org.hibernate.SQL                        : SELECT * FROM costoestadia WHERE cos_tipo_movil = ? AND cos_tipo_pago = ? AND cos_tiempo_estadia = ?
Hibernate: SELECT * FROM costoestadia WHERE cos_tipo_movil = ? AND cos_tipo_pago = ? AND cos_tiempo_estadia = ?
2019-05-20 14:54:59.971 TRACE 10536 --- [    Test worker] o.h.type.descriptor.sql.BasicBinder      : binding parameter [1] as [VARCHAR] - [CARRO]
2019-05-20 14:54:59.971 TRACE 10536 --- [    Test worker] o.h.type.descriptor.sql.BasicBinder      : binding parameter [2] as [VARCHAR] - [NORMAL]
2019-05-20 14:54:59.971 TRACE 10536 --- [    Test worker] o.h.type.descriptor.sql.BasicBinder      : binding parameter [3] as [VARCHAR] - [HORA]
2019-05-20 14:54:59.972 TRACE 10536 --- [    Test worker] o.h.type.descriptor.sql.BasicExtractor   : extracted value ([cos_id] : [INTEGER]) - [2]
2019-05-20 14:54:59.972 TRACE 10536 --- [    Test worker] o.h.type.descriptor.sql.BasicExtractor   : extracted value ([cos_tiempo_estadia] : [VARCHAR]) - [HORA]
2019-05-20 14:54:59.972 TRACE 10536 --- [    Test worker] o.h.type.descriptor.sql.BasicExtractor   : extracted value ([cos_tipo_movil] : [VARCHAR]) - [CARRO]
2019-05-20 14:54:59.972 TRACE 10536 --- [    Test worker] o.h.type.descriptor.sql.BasicExtractor   : extracted value ([cos_tipo_pago] : [VARCHAR]) - [NORMAL]
2019-05-20 14:54:59.972 TRACE 10536 --- [    Test worker] o.h.type.descriptor.sql.BasicExtractor   : extracted value ([cos_valor] : [DOUBLE]) - [1000.0]
2019-05-20 14:54:59.974 DEBUG 10536 --- [    Test worker] org.hibernate.SQL                        : SELECT * FROM factura WHERE mov_placa = ? AND fac_fecha_salida IS NULL
Hibernate: SELECT * FROM factura WHERE mov_placa = ? AND fac_fecha_salida IS NULL
2019-05-20 14:54:59.974 TRACE 10536 --- [    Test worker] o.h.type.descriptor.sql.BasicBinder      : binding parameter [1] as [VARCHAR] - [VBN-0]
2019-05-20 14:54:59.974 TRACE 10536 --- [    Test worker] o.h.type.descriptor.sql.BasicExtractor   : extracted value ([facId] : [INTEGER]) - [12]
2019-05-20 14:54:59.975 TRACE 10536 --- [    Test worker] o.h.type.descriptor.sql.BasicExtractor   : extracted value ([fac_fecha_ingreso] : [TIMESTAMP]) - [2019-05-20 14:54:58.842]
2019-05-20 14:54:59.976 TRACE 10536 --- [    Test worker] o.h.type.descriptor.sql.BasicExtractor   : extracted value ([fac_fecha_salida] : [TIMESTAMP]) - [null]
2019-05-20 14:54:59.987 TRACE 10536 --- [    Test worker] o.h.type.descriptor.sql.BasicExtractor   : extracted value ([fac_valor] : [DOUBLE]) - [0.0]
2019-05-20 14:54:59.987 TRACE 10536 --- [    Test worker] o.h.type.descriptor.sql.BasicExtractor   : extracted value ([mov_placa] : [VARCHAR]) - [VBN-0]
2019-05-20 14:54:59.988 DEBUG 10536 --- [    Test worker] org.hibernate.SQL                        : select movilentit0_.mov_placa as mov_plac1_2_0_, movilentit0_.mov_cilindraje as mov_cili2_2_0_, movilentit0_.mov_tipo_movil as mov_tipo3_2_0_ from movil movilentit0_ where movilentit0_.mov_placa=?
Hibernate: select movilentit0_.mov_placa as mov_plac1_2_0_, movilentit0_.mov_cilindraje as mov_cili2_2_0_, movilentit0_.mov_tipo_movil as mov_tipo3_2_0_ from movil movilentit0_ where movilentit0_.mov_placa=?
2019-05-20 14:54:59.988 TRACE 10536 --- [    Test worker] o.h.type.descriptor.sql.BasicBinder      : binding parameter [1] as [VARCHAR] - [VBN-0]
2019-05-20 14:54:59.989 TRACE 10536 --- [    Test worker] o.h.type.descriptor.sql.BasicExtractor   : extracted value ([mov_cili2_2_0_] : [DOUBLE]) - [-1.0]
2019-05-20 14:54:59.991 TRACE 10536 --- [    Test worker] o.h.type.descriptor.sql.BasicExtractor   : extracted value ([mov_tipo3_2_0_] : [VARCHAR]) - [CARRO]
2019-05-20 14:54:59.991 TRACE 10536 --- [    Test worker] org.hibernate.type.CollectionType        : Created collection wrapper: [co.com.ceiba.ceibaestacionamiento.persistencia.entidades.MovilEntity.facturasEntity#VBN-0]
2019-05-20 14:54:59.994 DEBUG 10536 --- [    Test worker] org.hibernate.SQL                        : select facturaent0_.facId as facId1_1_0_, facturaent0_.fac_fecha_ingreso as fac_fech2_1_0_, facturaent0_.fac_fecha_salida as fac_fech3_1_0_, facturaent0_.fac_valor as fac_valo4_1_0_, facturaent0_.mov_placa as mov_plac5_1_0_ from factura facturaent0_ where facturaent0_.facId=?
Hibernate: select facturaent0_.facId as facId1_1_0_, facturaent0_.fac_fecha_ingreso as fac_fech2_1_0_, facturaent0_.fac_fecha_salida as fac_fech3_1_0_, facturaent0_.fac_valor as fac_valo4_1_0_, facturaent0_.mov_placa as mov_plac5_1_0_ from factura facturaent0_ where facturaent0_.facId=?
2019-05-20 14:54:59.994 TRACE 10536 --- [    Test worker] o.h.type.descriptor.sql.BasicBinder      : binding parameter [1] as [INTEGER] - [12]
2019-05-20 14:54:59.995 TRACE 10536 --- [    Test worker] o.h.type.descriptor.sql.BasicExtractor   : extracted value ([fac_fech2_1_0_] : [TIMESTAMP]) - [2019-05-20 14:54:58.842]
2019-05-20 14:55:00.001 TRACE 10536 --- [    Test worker] o.h.type.descriptor.sql.BasicExtractor   : extracted value ([fac_fech3_1_0_] : [TIMESTAMP]) - [null]
2019-05-20 14:55:00.001 TRACE 10536 --- [    Test worker] o.h.type.descriptor.sql.BasicExtractor   : extracted value ([fac_valo4_1_0_] : [DOUBLE]) - [0.0]
2019-05-20 14:55:00.001 TRACE 10536 --- [    Test worker] o.h.type.descriptor.sql.BasicExtractor   : extracted value ([mov_plac5_1_0_] : [VARCHAR]) - [VBN-0]
2019-05-20 14:55:00.001 DEBUG 10536 --- [    Test worker] org.hibernate.SQL                        : select movilentit0_.mov_placa as mov_plac1_2_1_, movilentit0_.mov_cilindraje as mov_cili2_2_1_, movilentit0_.mov_tipo_movil as mov_tipo3_2_1_, facturasen1_.mov_placa as mov_plac5_1_3_, facturasen1_.facId as facId1_1_3_, facturasen1_.facId as facId1_1_0_, facturasen1_.fac_fecha_ingreso as fac_fech2_1_0_, facturasen1_.fac_fecha_salida as fac_fech3_1_0_, facturasen1_.fac_valor as fac_valo4_1_0_, facturasen1_.mov_placa as mov_plac5_1_0_ from movil movilentit0_ left outer join factura facturasen1_ on movilentit0_.mov_placa=facturasen1_.mov_placa where movilentit0_.mov_placa=?
Hibernate: select movilentit0_.mov_placa as mov_plac1_2_1_, movilentit0_.mov_cilindraje as mov_cili2_2_1_, movilentit0_.mov_tipo_movil as mov_tipo3_2_1_, facturasen1_.mov_placa as mov_plac5_1_3_, facturasen1_.facId as facId1_1_3_, facturasen1_.facId as facId1_1_0_, facturasen1_.fac_fecha_ingreso as fac_fech2_1_0_, facturasen1_.fac_fecha_salida as fac_fech3_1_0_, facturasen1_.fac_valor as fac_valo4_1_0_, facturasen1_.mov_placa as mov_plac5_1_0_ from movil movilentit0_ left outer join factura facturasen1_ on movilentit0_.mov_placa=facturasen1_.mov_placa where movilentit0_.mov_placa=?
2019-05-20 14:55:00.002 TRACE 10536 --- [    Test worker] o.h.type.descriptor.sql.BasicBinder      : binding parameter [1] as [VARCHAR] - [VBN-0]
2019-05-20 14:55:00.003 TRACE 10536 --- [    Test worker] o.h.type.descriptor.sql.BasicExtractor   : extracted value ([facId1_1_0_] : [INTEGER]) - [12]
2019-05-20 14:55:00.003 TRACE 10536 --- [    Test worker] o.h.type.descriptor.sql.BasicExtractor   : extracted value ([mov_cili2_2_1_] : [DOUBLE]) - [-1.0]
2019-05-20 14:55:00.004 TRACE 10536 --- [    Test worker] o.h.type.descriptor.sql.BasicExtractor   : extracted value ([mov_tipo3_2_1_] : [VARCHAR]) - [CARRO]
2019-05-20 14:55:00.004 TRACE 10536 --- [    Test worker] o.h.type.descriptor.sql.BasicExtractor   : extracted value ([mov_plac5_1_3_] : [VARCHAR]) - [VBN-0]
2019-05-20 14:55:00.005 TRACE 10536 --- [    Test worker] o.h.type.descriptor.sql.BasicExtractor   : extracted value ([facId1_1_3_] : [INTEGER]) - [12]
2019-05-20 14:55:00.008 DEBUG 10536 --- [    Test worker] org.hibernate.SQL                        : update factura set fac_fecha_ingreso=?, fac_fecha_salida=?, fac_valor=?, mov_placa=? where facId=?
Hibernate: update factura set fac_fecha_ingreso=?, fac_fecha_salida=?, fac_valor=?, mov_placa=? where facId=?
2019-05-20 14:55:00.012 TRACE 10536 --- [    Test worker] o.h.type.descriptor.sql.BasicBinder      : binding parameter [1] as [TIMESTAMP] - [2019-05-20 14:54:58.842]
2019-05-20 14:55:00.012 TRACE 10536 --- [    Test worker] o.h.type.descriptor.sql.BasicBinder      : binding parameter [2] as [TIMESTAMP] - [Mon May 20 14:54:59 COT 2019]
2019-05-20 14:55:00.013 TRACE 10536 --- [    Test worker] o.h.type.descriptor.sql.BasicBinder      : binding parameter [3] as [DOUBLE] - [1000.0]
2019-05-20 14:55:00.013 TRACE 10536 --- [    Test worker] o.h.type.descriptor.sql.BasicBinder      : binding parameter [4] as [VARCHAR] - [VBN-0]
2019-05-20 14:55:00.013 TRACE 10536 --- [    Test worker] o.h.type.descriptor.sql.BasicBinder      : binding parameter [5] as [INTEGER] - [12]
2019-05-20 14:55:00.016 DEBUG 10536 --- [    Test worker] org.hibernate.SQL                        : select movilentit0_.mov_placa as mov_plac1_2_0_, movilentit0_.mov_cilindraje as mov_cili2_2_0_, movilentit0_.mov_tipo_movil as mov_tipo3_2_0_ from movil movilentit0_ where movilentit0_.mov_placa=?
Hibernate: select movilentit0_.mov_placa as mov_plac1_2_0_, movilentit0_.mov_cilindraje as mov_cili2_2_0_, movilentit0_.mov_tipo_movil as mov_tipo3_2_0_ from movil movilentit0_ where movilentit0_.mov_placa=?
2019-05-20 14:55:00.017 TRACE 10536 --- [    Test worker] o.h.type.descriptor.sql.BasicBinder      : binding parameter [1] as [VARCHAR] - [VBN-1]
2019-05-20 14:55:00.017 TRACE 10536 --- [    Test worker] o.h.type.descriptor.sql.BasicExtractor   : extracted value ([mov_cili2_2_0_] : [DOUBLE]) - [-1.0]
2019-05-20 14:55:00.018 TRACE 10536 --- [    Test worker] o.h.type.descriptor.sql.BasicExtractor   : extracted value ([mov_tipo3_2_0_] : [VARCHAR]) - [CARRO]
2019-05-20 14:55:00.018 TRACE 10536 --- [    Test worker] org.hibernate.type.CollectionType        : Created collection wrapper: [co.com.ceiba.ceibaestacionamiento.persistencia.entidades.MovilEntity.facturasEntity#VBN-1]
2019-05-20 14:55:00.021 DEBUG 10536 --- [    Test worker] org.hibernate.SQL                        : SELECT COUNT(*) FROM factura WHERE mov_placa = ? AND fac_fecha_salida IS NULL
Hibernate: SELECT COUNT(*) FROM factura WHERE mov_placa = ? AND fac_fecha_salida IS NULL
2019-05-20 14:55:00.022 TRACE 10536 --- [    Test worker] o.h.type.descriptor.sql.BasicBinder      : binding parameter [1] as [VARCHAR] - [VBN-1]
2019-05-20 14:55:00.023 TRACE 10536 --- [    Test worker] o.h.type.descriptor.sql.BasicExtractor   : extracted value ([COUNT(*)] : [NUMERIC]) - [1]
2019-05-20 14:55:00.025 DEBUG 10536 --- [    Test worker] org.hibernate.SQL                        : SELECT * FROM factura WHERE mov_placa = ? AND fac_fecha_salida IS NULL
Hibernate: SELECT * FROM factura WHERE mov_placa = ? AND fac_fecha_salida IS NULL
2019-05-20 14:55:00.026 TRACE 10536 --- [    Test worker] o.h.type.descriptor.sql.BasicBinder      : binding parameter [1] as [VARCHAR] - [VBN-1]
2019-05-20 14:55:00.027 TRACE 10536 --- [    Test worker] o.h.type.descriptor.sql.BasicExtractor   : extracted value ([facId] : [INTEGER]) - [13]
2019-05-20 14:55:00.028 TRACE 10536 --- [    Test worker] o.h.type.descriptor.sql.BasicExtractor   : extracted value ([fac_fecha_ingreso] : [TIMESTAMP]) - [2019-05-20 14:54:58.887]
2019-05-20 14:55:00.028 TRACE 10536 --- [    Test worker] o.h.type.descriptor.sql.BasicExtractor   : extracted value ([fac_fecha_salida] : [TIMESTAMP]) - [null]
2019-05-20 14:55:00.028 TRACE 10536 --- [    Test worker] o.h.type.descriptor.sql.BasicExtractor   : extracted value ([fac_valor] : [DOUBLE]) - [0.0]
2019-05-20 14:55:00.028 TRACE 10536 --- [    Test worker] o.h.type.descriptor.sql.BasicExtractor   : extracted value ([mov_placa] : [VARCHAR]) - [VBN-1]
2019-05-20 14:55:00.029 DEBUG 10536 --- [    Test worker] org.hibernate.SQL                        : select movilentit0_.mov_placa as mov_plac1_2_0_, movilentit0_.mov_cilindraje as mov_cili2_2_0_, movilentit0_.mov_tipo_movil as mov_tipo3_2_0_ from movil movilentit0_ where movilentit0_.mov_placa=?
Hibernate: select movilentit0_.mov_placa as mov_plac1_2_0_, movilentit0_.mov_cilindraje as mov_cili2_2_0_, movilentit0_.mov_tipo_movil as mov_tipo3_2_0_ from movil movilentit0_ where movilentit0_.mov_placa=?
2019-05-20 14:55:00.031 TRACE 10536 --- [    Test worker] o.h.type.descriptor.sql.BasicBinder      : binding parameter [1] as [VARCHAR] - [VBN-1]
2019-05-20 14:55:00.032 TRACE 10536 --- [    Test worker] o.h.type.descriptor.sql.BasicExtractor   : extracted value ([mov_cili2_2_0_] : [DOUBLE]) - [-1.0]
2019-05-20 14:55:00.032 TRACE 10536 --- [    Test worker] o.h.type.descriptor.sql.BasicExtractor   : extracted value ([mov_tipo3_2_0_] : [VARCHAR]) - [CARRO]
2019-05-20 14:55:00.032 TRACE 10536 --- [    Test worker] org.hibernate.type.CollectionType        : Created collection wrapper: [co.com.ceiba.ceibaestacionamiento.persistencia.entidades.MovilEntity.facturasEntity#VBN-1]
2019-05-20 14:55:00.035 DEBUG 10536 --- [    Test worker] org.hibernate.SQL                        : SELECT * FROM costoestadia WHERE cos_tipo_movil = ? AND cos_tipo_pago = ? AND cos_tiempo_estadia = ?
Hibernate: SELECT * FROM costoestadia WHERE cos_tipo_movil = ? AND cos_tipo_pago = ? AND cos_tiempo_estadia = ?
2019-05-20 14:55:00.036 TRACE 10536 --- [    Test worker] o.h.type.descriptor.sql.BasicBinder      : binding parameter [1] as [VARCHAR] - [CARRO]
2019-05-20 14:55:00.037 TRACE 10536 --- [    Test worker] o.h.type.descriptor.sql.BasicBinder      : binding parameter [2] as [VARCHAR] - [NORMAL]
2019-05-20 14:55:00.037 TRACE 10536 --- [    Test worker] o.h.type.descriptor.sql.BasicBinder      : binding parameter [3] as [VARCHAR] - [DIA]
2019-05-20 14:55:00.038 TRACE 10536 --- [    Test worker] o.h.type.descriptor.sql.BasicExtractor   : extracted value ([cos_id] : [INTEGER]) - [1]
2019-05-20 14:55:00.039 TRACE 10536 --- [    Test worker] o.h.type.descriptor.sql.BasicExtractor   : extracted value ([cos_tiempo_estadia] : [VARCHAR]) - [DIA]
2019-05-20 14:55:00.039 TRACE 10536 --- [    Test worker] o.h.type.descriptor.sql.BasicExtractor   : extracted value ([cos_tipo_movil] : [VARCHAR]) - [CARRO]
2019-05-20 14:55:00.039 TRACE 10536 --- [    Test worker] o.h.type.descriptor.sql.BasicExtractor   : extracted value ([cos_tipo_pago] : [VARCHAR]) - [NORMAL]
2019-05-20 14:55:00.039 TRACE 10536 --- [    Test worker] o.h.type.descriptor.sql.BasicExtractor   : extracted value ([cos_valor] : [DOUBLE]) - [8000.0]
2019-05-20 14:55:00.042 DEBUG 10536 --- [    Test worker] org.hibernate.SQL                        : SELECT * FROM costoestadia WHERE cos_tipo_movil = ? AND cos_tipo_pago = ? AND cos_tiempo_estadia = ?
Hibernate: SELECT * FROM costoestadia WHERE cos_tipo_movil = ? AND cos_tipo_pago = ? AND cos_tiempo_estadia = ?
2019-05-20 14:55:00.043 TRACE 10536 --- [    Test worker] o.h.type.descriptor.sql.BasicBinder      : binding parameter [1] as [VARCHAR] - [CARRO]
2019-05-20 14:55:00.043 TRACE 10536 --- [    Test worker] o.h.type.descriptor.sql.BasicBinder      : binding parameter [2] as [VARCHAR] - [NORMAL]
2019-05-20 14:55:00.043 TRACE 10536 --- [    Test worker] o.h.type.descriptor.sql.BasicBinder      : binding parameter [3] as [VARCHAR] - [HORA]
2019-05-20 14:55:00.044 TRACE 10536 --- [    Test worker] o.h.type.descriptor.sql.BasicExtractor   : extracted value ([cos_id] : [INTEGER]) - [2]
2019-05-20 14:55:00.044 TRACE 10536 --- [    Test worker] o.h.type.descriptor.sql.BasicExtractor   : extracted value ([cos_tiempo_estadia] : [VARCHAR]) - [HORA]
2019-05-20 14:55:00.044 TRACE 10536 --- [    Test worker] o.h.type.descriptor.sql.BasicExtractor   : extracted value ([cos_tipo_movil] : [VARCHAR]) - [CARRO]
2019-05-20 14:55:00.044 TRACE 10536 --- [    Test worker] o.h.type.descriptor.sql.BasicExtractor   : extracted value ([cos_tipo_pago] : [VARCHAR]) - [NORMAL]
2019-05-20 14:55:00.045 TRACE 10536 --- [    Test worker] o.h.type.descriptor.sql.BasicExtractor   : extracted value ([cos_valor] : [DOUBLE]) - [1000.0]
2019-05-20 14:55:00.048 DEBUG 10536 --- [    Test worker] org.hibernate.SQL                        : SELECT * FROM factura WHERE mov_placa = ? AND fac_fecha_salida IS NULL
Hibernate: SELECT * FROM factura WHERE mov_placa = ? AND fac_fecha_salida IS NULL
2019-05-20 14:55:00.049 TRACE 10536 --- [    Test worker] o.h.type.descriptor.sql.BasicBinder      : binding parameter [1] as [VARCHAR] - [VBN-1]
2019-05-20 14:55:00.050 TRACE 10536 --- [    Test worker] o.h.type.descriptor.sql.BasicExtractor   : extracted value ([facId] : [INTEGER]) - [13]
2019-05-20 14:55:00.051 TRACE 10536 --- [    Test worker] o.h.type.descriptor.sql.BasicExtractor   : extracted value ([fac_fecha_ingreso] : [TIMESTAMP]) - [2019-05-20 14:54:58.887]
2019-05-20 14:55:00.051 TRACE 10536 --- [    Test worker] o.h.type.descriptor.sql.BasicExtractor   : extracted value ([fac_fecha_salida] : [TIMESTAMP]) - [null]
2019-05-20 14:55:00.051 TRACE 10536 --- [    Test worker] o.h.type.descriptor.sql.BasicExtractor   : extracted value ([fac_valor] : [DOUBLE]) - [0.0]
2019-05-20 14:55:00.052 TRACE 10536 --- [    Test worker] o.h.type.descriptor.sql.BasicExtractor   : extracted value ([mov_placa] : [VARCHAR]) - [VBN-1]
2019-05-20 14:55:00.052 DEBUG 10536 --- [    Test worker] org.hibernate.SQL                        : select movilentit0_.mov_placa as mov_plac1_2_0_, movilentit0_.mov_cilindraje as mov_cili2_2_0_, movilentit0_.mov_tipo_movil as mov_tipo3_2_0_ from movil movilentit0_ where movilentit0_.mov_placa=?
Hibernate: select movilentit0_.mov_placa as mov_plac1_2_0_, movilentit0_.mov_cilindraje as mov_cili2_2_0_, movilentit0_.mov_tipo_movil as mov_tipo3_2_0_ from movil movilentit0_ where movilentit0_.mov_placa=?
2019-05-20 14:55:00.052 TRACE 10536 --- [    Test worker] o.h.type.descriptor.sql.BasicBinder      : binding parameter [1] as [VARCHAR] - [VBN-1]
2019-05-20 14:55:00.053 TRACE 10536 --- [    Test worker] o.h.type.descriptor.sql.BasicExtractor   : extracted value ([mov_cili2_2_0_] : [DOUBLE]) - [-1.0]
2019-05-20 14:55:00.053 TRACE 10536 --- [    Test worker] o.h.type.descriptor.sql.BasicExtractor   : extracted value ([mov_tipo3_2_0_] : [VARCHAR]) - [CARRO]
2019-05-20 14:55:00.056 TRACE 10536 --- [    Test worker] org.hibernate.type.CollectionType        : Created collection wrapper: [co.com.ceiba.ceibaestacionamiento.persistencia.entidades.MovilEntity.facturasEntity#VBN-1]
2019-05-20 14:55:00.067 DEBUG 10536 --- [    Test worker] org.hibernate.SQL                        : select facturaent0_.facId as facId1_1_0_, facturaent0_.fac_fecha_ingreso as fac_fech2_1_0_, facturaent0_.fac_fecha_salida as fac_fech3_1_0_, facturaent0_.fac_valor as fac_valo4_1_0_, facturaent0_.mov_placa as mov_plac5_1_0_ from factura facturaent0_ where facturaent0_.facId=?
Hibernate: select facturaent0_.facId as facId1_1_0_, facturaent0_.fac_fecha_ingreso as fac_fech2_1_0_, facturaent0_.fac_fecha_salida as fac_fech3_1_0_, facturaent0_.fac_valor as fac_valo4_1_0_, facturaent0_.mov_placa as mov_plac5_1_0_ from factura facturaent0_ where facturaent0_.facId=?
2019-05-20 14:55:00.067 TRACE 10536 --- [    Test worker] o.h.type.descriptor.sql.BasicBinder      : binding parameter [1] as [INTEGER] - [13]
2019-05-20 14:55:00.067 TRACE 10536 --- [    Test worker] o.h.type.descriptor.sql.BasicExtractor   : extracted value ([fac_fech2_1_0_] : [TIMESTAMP]) - [2019-05-20 14:54:58.887]
2019-05-20 14:55:00.067 TRACE 10536 --- [    Test worker] o.h.type.descriptor.sql.BasicExtractor   : extracted value ([fac_fech3_1_0_] : [TIMESTAMP]) - [null]
2019-05-20 14:55:00.068 TRACE 10536 --- [    Test worker] o.h.type.descriptor.sql.BasicExtractor   : extracted value ([fac_valo4_1_0_] : [DOUBLE]) - [0.0]
2019-05-20 14:55:00.068 TRACE 10536 --- [    Test worker] o.h.type.descriptor.sql.BasicExtractor   : extracted value ([mov_plac5_1_0_] : [VARCHAR]) - [VBN-1]
2019-05-20 14:55:00.068 DEBUG 10536 --- [    Test worker] org.hibernate.SQL                        : select movilentit0_.mov_placa as mov_plac1_2_1_, movilentit0_.mov_cilindraje as mov_cili2_2_1_, movilentit0_.mov_tipo_movil as mov_tipo3_2_1_, facturasen1_.mov_placa as mov_plac5_1_3_, facturasen1_.facId as facId1_1_3_, facturasen1_.facId as facId1_1_0_, facturasen1_.fac_fecha_ingreso as fac_fech2_1_0_, facturasen1_.fac_fecha_salida as fac_fech3_1_0_, facturasen1_.fac_valor as fac_valo4_1_0_, facturasen1_.mov_placa as mov_plac5_1_0_ from movil movilentit0_ left outer join factura facturasen1_ on movilentit0_.mov_placa=facturasen1_.mov_placa where movilentit0_.mov_placa=?
Hibernate: select movilentit0_.mov_placa as mov_plac1_2_1_, movilentit0_.mov_cilindraje as mov_cili2_2_1_, movilentit0_.mov_tipo_movil as mov_tipo3_2_1_, facturasen1_.mov_placa as mov_plac5_1_3_, facturasen1_.facId as facId1_1_3_, facturasen1_.facId as facId1_1_0_, facturasen1_.fac_fecha_ingreso as fac_fech2_1_0_, facturasen1_.fac_fecha_salida as fac_fech3_1_0_, facturasen1_.fac_valor as fac_valo4_1_0_, facturasen1_.mov_placa as mov_plac5_1_0_ from movil movilentit0_ left outer join factura facturasen1_ on movilentit0_.mov_placa=facturasen1_.mov_placa where movilentit0_.mov_placa=?
2019-05-20 14:55:00.068 TRACE 10536 --- [    Test worker] o.h.type.descriptor.sql.BasicBinder      : binding parameter [1] as [VARCHAR] - [VBN-1]
2019-05-20 14:55:00.068 TRACE 10536 --- [    Test worker] o.h.type.descriptor.sql.BasicExtractor   : extracted value ([facId1_1_0_] : [INTEGER]) - [13]
2019-05-20 14:55:00.068 TRACE 10536 --- [    Test worker] o.h.type.descriptor.sql.BasicExtractor   : extracted value ([mov_cili2_2_1_] : [DOUBLE]) - [-1.0]
2019-05-20 14:55:00.068 TRACE 10536 --- [    Test worker] o.h.type.descriptor.sql.BasicExtractor   : extracted value ([mov_tipo3_2_1_] : [VARCHAR]) - [CARRO]
2019-05-20 14:55:00.069 TRACE 10536 --- [    Test worker] o.h.type.descriptor.sql.BasicExtractor   : extracted value ([mov_plac5_1_3_] : [VARCHAR]) - [VBN-1]
2019-05-20 14:55:00.069 TRACE 10536 --- [    Test worker] o.h.type.descriptor.sql.BasicExtractor   : extracted value ([facId1_1_3_] : [INTEGER]) - [13]
2019-05-20 14:55:00.071 DEBUG 10536 --- [    Test worker] org.hibernate.SQL                        : update factura set fac_fecha_ingreso=?, fac_fecha_salida=?, fac_valor=?, mov_placa=? where facId=?
Hibernate: update factura set fac_fecha_ingreso=?, fac_fecha_salida=?, fac_valor=?, mov_placa=? where facId=?
2019-05-20 14:55:00.071 TRACE 10536 --- [    Test worker] o.h.type.descriptor.sql.BasicBinder      : binding parameter [1] as [TIMESTAMP] - [2019-05-20 14:54:58.887]
2019-05-20 14:55:00.071 TRACE 10536 --- [    Test worker] o.h.type.descriptor.sql.BasicBinder      : binding parameter [2] as [TIMESTAMP] - [Mon May 20 14:55:00 COT 2019]
2019-05-20 14:55:00.072 TRACE 10536 --- [    Test worker] o.h.type.descriptor.sql.BasicBinder      : binding parameter [3] as [DOUBLE] - [1000.0]
2019-05-20 14:55:00.072 TRACE 10536 --- [    Test worker] o.h.type.descriptor.sql.BasicBinder      : binding parameter [4] as [VARCHAR] - [VBN-1]
2019-05-20 14:55:00.072 TRACE 10536 --- [    Test worker] o.h.type.descriptor.sql.BasicBinder      : binding parameter [5] as [INTEGER] - [13]
2019-05-20 14:55:00.073 DEBUG 10536 --- [    Test worker] org.hibernate.SQL                        : select movilentit0_.mov_placa as mov_plac1_2_0_, movilentit0_.mov_cilindraje as mov_cili2_2_0_, movilentit0_.mov_tipo_movil as mov_tipo3_2_0_ from movil movilentit0_ where movilentit0_.mov_placa=?
Hibernate: select movilentit0_.mov_placa as mov_plac1_2_0_, movilentit0_.mov_cilindraje as mov_cili2_2_0_, movilentit0_.mov_tipo_movil as mov_tipo3_2_0_ from movil movilentit0_ where movilentit0_.mov_placa=?
2019-05-20 14:55:00.074 TRACE 10536 --- [    Test worker] o.h.type.descriptor.sql.BasicBinder      : binding parameter [1] as [VARCHAR] - [VBN-2]
2019-05-20 14:55:00.074 TRACE 10536 --- [    Test worker] o.h.type.descriptor.sql.BasicExtractor   : extracted value ([mov_cili2_2_0_] : [DOUBLE]) - [-1.0]
2019-05-20 14:55:00.074 TRACE 10536 --- [    Test worker] o.h.type.descriptor.sql.BasicExtractor   : extracted value ([mov_tipo3_2_0_] : [VARCHAR]) - [CARRO]
2019-05-20 14:55:00.074 TRACE 10536 --- [    Test worker] org.hibernate.type.CollectionType        : Created collection wrapper: [co.com.ceiba.ceibaestacionamiento.persistencia.entidades.MovilEntity.facturasEntity#VBN-2]
2019-05-20 14:55:00.092 DEBUG 10536 --- [    Test worker] org.hibernate.SQL                        : SELECT COUNT(*) FROM factura WHERE mov_placa = ? AND fac_fecha_salida IS NULL
Hibernate: SELECT COUNT(*) FROM factura WHERE mov_placa = ? AND fac_fecha_salida IS NULL
2019-05-20 14:55:00.093 TRACE 10536 --- [    Test worker] o.h.type.descriptor.sql.BasicBinder      : binding parameter [1] as [VARCHAR] - [VBN-2]
2019-05-20 14:55:00.093 TRACE 10536 --- [    Test worker] o.h.type.descriptor.sql.BasicExtractor   : extracted value ([COUNT(*)] : [NUMERIC]) - [1]
2019-05-20 14:55:00.095 DEBUG 10536 --- [    Test worker] org.hibernate.SQL                        : SELECT * FROM factura WHERE mov_placa = ? AND fac_fecha_salida IS NULL
Hibernate: SELECT * FROM factura WHERE mov_placa = ? AND fac_fecha_salida IS NULL
2019-05-20 14:55:00.096 TRACE 10536 --- [    Test worker] o.h.type.descriptor.sql.BasicBinder      : binding parameter [1] as [VARCHAR] - [VBN-2]
2019-05-20 14:55:00.096 TRACE 10536 --- [    Test worker] o.h.type.descriptor.sql.BasicExtractor   : extracted value ([facId] : [INTEGER]) - [14]
2019-05-20 14:55:00.096 TRACE 10536 --- [    Test worker] o.h.type.descriptor.sql.BasicExtractor   : extracted value ([fac_fecha_ingreso] : [TIMESTAMP]) - [2019-05-20 14:54:58.923]
2019-05-20 14:55:00.096 TRACE 10536 --- [    Test worker] o.h.type.descriptor.sql.BasicExtractor   : extracted value ([fac_fecha_salida] : [TIMESTAMP]) - [null]
2019-05-20 14:55:00.096 TRACE 10536 --- [    Test worker] o.h.type.descriptor.sql.BasicExtractor   : extracted value ([fac_valor] : [DOUBLE]) - [0.0]
2019-05-20 14:55:00.096 TRACE 10536 --- [    Test worker] o.h.type.descriptor.sql.BasicExtractor   : extracted value ([mov_placa] : [VARCHAR]) - [VBN-2]
2019-05-20 14:55:00.096 DEBUG 10536 --- [    Test worker] org.hibernate.SQL                        : select movilentit0_.mov_placa as mov_plac1_2_0_, movilentit0_.mov_cilindraje as mov_cili2_2_0_, movilentit0_.mov_tipo_movil as mov_tipo3_2_0_ from movil movilentit0_ where movilentit0_.mov_placa=?
Hibernate: select movilentit0_.mov_placa as mov_plac1_2_0_, movilentit0_.mov_cilindraje as mov_cili2_2_0_, movilentit0_.mov_tipo_movil as mov_tipo3_2_0_ from movil movilentit0_ where movilentit0_.mov_placa=?
2019-05-20 14:55:00.097 TRACE 10536 --- [    Test worker] o.h.type.descriptor.sql.BasicBinder      : binding parameter [1] as [VARCHAR] - [VBN-2]
2019-05-20 14:55:00.097 TRACE 10536 --- [    Test worker] o.h.type.descriptor.sql.BasicExtractor   : extracted value ([mov_cili2_2_0_] : [DOUBLE]) - [-1.0]
2019-05-20 14:55:00.097 TRACE 10536 --- [    Test worker] o.h.type.descriptor.sql.BasicExtractor   : extracted value ([mov_tipo3_2_0_] : [VARCHAR]) - [CARRO]
2019-05-20 14:55:00.098 TRACE 10536 --- [    Test worker] org.hibernate.type.CollectionType        : Created collection wrapper: [co.com.ceiba.ceibaestacionamiento.persistencia.entidades.MovilEntity.facturasEntity#VBN-2]
2019-05-20 14:55:00.102 DEBUG 10536 --- [    Test worker] org.hibernate.SQL                        : SELECT * FROM costoestadia WHERE cos_tipo_movil = ? AND cos_tipo_pago = ? AND cos_tiempo_estadia = ?
Hibernate: SELECT * FROM costoestadia WHERE cos_tipo_movil = ? AND cos_tipo_pago = ? AND cos_tiempo_estadia = ?
2019-05-20 14:55:00.102 TRACE 10536 --- [    Test worker] o.h.type.descriptor.sql.BasicBinder      : binding parameter [1] as [VARCHAR] - [CARRO]
2019-05-20 14:55:00.103 TRACE 10536 --- [    Test worker] o.h.type.descriptor.sql.BasicBinder      : binding parameter [2] as [VARCHAR] - [NORMAL]
2019-05-20 14:55:00.103 TRACE 10536 --- [    Test worker] o.h.type.descriptor.sql.BasicBinder      : binding parameter [3] as [VARCHAR] - [DIA]
2019-05-20 14:55:00.103 TRACE 10536 --- [    Test worker] o.h.type.descriptor.sql.BasicExtractor   : extracted value ([cos_id] : [INTEGER]) - [1]
2019-05-20 14:55:00.103 TRACE 10536 --- [    Test worker] o.h.type.descriptor.sql.BasicExtractor   : extracted value ([cos_tiempo_estadia] : [VARCHAR]) - [DIA]
2019-05-20 14:55:00.103 TRACE 10536 --- [    Test worker] o.h.type.descriptor.sql.BasicExtractor   : extracted value ([cos_tipo_movil] : [VARCHAR]) - [CARRO]
2019-05-20 14:55:00.103 TRACE 10536 --- [    Test worker] o.h.type.descriptor.sql.BasicExtractor   : extracted value ([cos_tipo_pago] : [VARCHAR]) - [NORMAL]
2019-05-20 14:55:00.103 TRACE 10536 --- [    Test worker] o.h.type.descriptor.sql.BasicExtractor   : extracted value ([cos_valor] : [DOUBLE]) - [8000.0]
2019-05-20 14:55:00.105 DEBUG 10536 --- [    Test worker] org.hibernate.SQL                        : SELECT * FROM costoestadia WHERE cos_tipo_movil = ? AND cos_tipo_pago = ? AND cos_tiempo_estadia = ?
Hibernate: SELECT * FROM costoestadia WHERE cos_tipo_movil = ? AND cos_tipo_pago = ? AND cos_tiempo_estadia = ?
2019-05-20 14:55:00.106 TRACE 10536 --- [    Test worker] o.h.type.descriptor.sql.BasicBinder      : binding parameter [1] as [VARCHAR] - [CARRO]
2019-05-20 14:55:00.106 TRACE 10536 --- [    Test worker] o.h.type.descriptor.sql.BasicBinder      : binding parameter [2] as [VARCHAR] - [NORMAL]
2019-05-20 14:55:00.106 TRACE 10536 --- [    Test worker] o.h.type.descriptor.sql.BasicBinder      : binding parameter [3] as [VARCHAR] - [HORA]
2019-05-20 14:55:00.106 TRACE 10536 --- [    Test worker] o.h.type.descriptor.sql.BasicExtractor   : extracted value ([cos_id] : [INTEGER]) - [2]
2019-05-20 14:55:00.106 TRACE 10536 --- [    Test worker] o.h.type.descriptor.sql.BasicExtractor   : extracted value ([cos_tiempo_estadia] : [VARCHAR]) - [HORA]
2019-05-20 14:55:00.106 TRACE 10536 --- [    Test worker] o.h.type.descriptor.sql.BasicExtractor   : extracted value ([cos_tipo_movil] : [VARCHAR]) - [CARRO]
2019-05-20 14:55:00.107 TRACE 10536 --- [    Test worker] o.h.type.descriptor.sql.BasicExtractor   : extracted value ([cos_tipo_pago] : [VARCHAR]) - [NORMAL]
2019-05-20 14:55:00.108 TRACE 10536 --- [    Test worker] o.h.type.descriptor.sql.BasicExtractor   : extracted value ([cos_valor] : [DOUBLE]) - [1000.0]
2019-05-20 14:55:00.111 DEBUG 10536 --- [    Test worker] org.hibernate.SQL                        : SELECT * FROM factura WHERE mov_placa = ? AND fac_fecha_salida IS NULL
Hibernate: SELECT * FROM factura WHERE mov_placa = ? AND fac_fecha_salida IS NULL
2019-05-20 14:55:00.111 TRACE 10536 --- [    Test worker] o.h.type.descriptor.sql.BasicBinder      : binding parameter [1] as [VARCHAR] - [VBN-2]
2019-05-20 14:55:00.112 TRACE 10536 --- [    Test worker] o.h.type.descriptor.sql.BasicExtractor   : extracted value ([facId] : [INTEGER]) - [14]
2019-05-20 14:55:00.112 TRACE 10536 --- [    Test worker] o.h.type.descriptor.sql.BasicExtractor   : extracted value ([fac_fecha_ingreso] : [TIMESTAMP]) - [2019-05-20 14:54:58.923]
2019-05-20 14:55:00.112 TRACE 10536 --- [    Test worker] o.h.type.descriptor.sql.BasicExtractor   : extracted value ([fac_fecha_salida] : [TIMESTAMP]) - [null]
2019-05-20 14:55:00.112 TRACE 10536 --- [    Test worker] o.h.type.descriptor.sql.BasicExtractor   : extracted value ([fac_valor] : [DOUBLE]) - [0.0]
2019-05-20 14:55:00.112 TRACE 10536 --- [    Test worker] o.h.type.descriptor.sql.BasicExtractor   : extracted value ([mov_placa] : [VARCHAR]) - [VBN-2]
2019-05-20 14:55:00.112 DEBUG 10536 --- [    Test worker] org.hibernate.SQL                        : select movilentit0_.mov_placa as mov_plac1_2_0_, movilentit0_.mov_cilindraje as mov_cili2_2_0_, movilentit0_.mov_tipo_movil as mov_tipo3_2_0_ from movil movilentit0_ where movilentit0_.mov_placa=?
Hibernate: select movilentit0_.mov_placa as mov_plac1_2_0_, movilentit0_.mov_cilindraje as mov_cili2_2_0_, movilentit0_.mov_tipo_movil as mov_tipo3_2_0_ from movil movilentit0_ where movilentit0_.mov_placa=?
2019-05-20 14:55:00.113 TRACE 10536 --- [    Test worker] o.h.type.descriptor.sql.BasicBinder      : binding parameter [1] as [VARCHAR] - [VBN-2]
2019-05-20 14:55:00.113 TRACE 10536 --- [    Test worker] o.h.type.descriptor.sql.BasicExtractor   : extracted value ([mov_cili2_2_0_] : [DOUBLE]) - [-1.0]
2019-05-20 14:55:00.113 TRACE 10536 --- [    Test worker] o.h.type.descriptor.sql.BasicExtractor   : extracted value ([mov_tipo3_2_0_] : [VARCHAR]) - [CARRO]
2019-05-20 14:55:00.113 TRACE 10536 --- [    Test worker] org.hibernate.type.CollectionType        : Created collection wrapper: [co.com.ceiba.ceibaestacionamiento.persistencia.entidades.MovilEntity.facturasEntity#VBN-2]
2019-05-20 14:55:00.115 DEBUG 10536 --- [    Test worker] org.hibernate.SQL                        : select facturaent0_.facId as facId1_1_0_, facturaent0_.fac_fecha_ingreso as fac_fech2_1_0_, facturaent0_.fac_fecha_salida as fac_fech3_1_0_, facturaent0_.fac_valor as fac_valo4_1_0_, facturaent0_.mov_placa as mov_plac5_1_0_ from factura facturaent0_ where facturaent0_.facId=?
Hibernate: select facturaent0_.facId as facId1_1_0_, facturaent0_.fac_fecha_ingreso as fac_fech2_1_0_, facturaent0_.fac_fecha_salida as fac_fech3_1_0_, facturaent0_.fac_valor as fac_valo4_1_0_, facturaent0_.mov_placa as mov_plac5_1_0_ from factura facturaent0_ where facturaent0_.facId=?
2019-05-20 14:55:00.116 TRACE 10536 --- [    Test worker] o.h.type.descriptor.sql.BasicBinder      : binding parameter [1] as [INTEGER] - [14]
2019-05-20 14:55:00.116 TRACE 10536 --- [    Test worker] o.h.type.descriptor.sql.BasicExtractor   : extracted value ([fac_fech2_1_0_] : [TIMESTAMP]) - [2019-05-20 14:54:58.923]
2019-05-20 14:55:00.116 TRACE 10536 --- [    Test worker] o.h.type.descriptor.sql.BasicExtractor   : extracted value ([fac_fech3_1_0_] : [TIMESTAMP]) - [null]
2019-05-20 14:55:00.116 TRACE 10536 --- [    Test worker] o.h.type.descriptor.sql.BasicExtractor   : extracted value ([fac_valo4_1_0_] : [DOUBLE]) - [0.0]
2019-05-20 14:55:00.117 TRACE 10536 --- [    Test worker] o.h.type.descriptor.sql.BasicExtractor   : extracted value ([mov_plac5_1_0_] : [VARCHAR]) - [VBN-2]
2019-05-20 14:55:00.117 DEBUG 10536 --- [    Test worker] org.hibernate.SQL                        : select movilentit0_.mov_placa as mov_plac1_2_1_, movilentit0_.mov_cilindraje as mov_cili2_2_1_, movilentit0_.mov_tipo_movil as mov_tipo3_2_1_, facturasen1_.mov_placa as mov_plac5_1_3_, facturasen1_.facId as facId1_1_3_, facturasen1_.facId as facId1_1_0_, facturasen1_.fac_fecha_ingreso as fac_fech2_1_0_, facturasen1_.fac_fecha_salida as fac_fech3_1_0_, facturasen1_.fac_valor as fac_valo4_1_0_, facturasen1_.mov_placa as mov_plac5_1_0_ from movil movilentit0_ left outer join factura facturasen1_ on movilentit0_.mov_placa=facturasen1_.mov_placa where movilentit0_.mov_placa=?
Hibernate: select movilentit0_.mov_placa as mov_plac1_2_1_, movilentit0_.mov_cilindraje as mov_cili2_2_1_, movilentit0_.mov_tipo_movil as mov_tipo3_2_1_, facturasen1_.mov_placa as mov_plac5_1_3_, facturasen1_.facId as facId1_1_3_, facturasen1_.facId as facId1_1_0_, facturasen1_.fac_fecha_ingreso as fac_fech2_1_0_, facturasen1_.fac_fecha_salida as fac_fech3_1_0_, facturasen1_.fac_valor as fac_valo4_1_0_, facturasen1_.mov_placa as mov_plac5_1_0_ from movil movilentit0_ left outer join factura facturasen1_ on movilentit0_.mov_placa=facturasen1_.mov_placa where movilentit0_.mov_placa=?
2019-05-20 14:55:00.118 TRACE 10536 --- [    Test worker] o.h.type.descriptor.sql.BasicBinder      : binding parameter [1] as [VARCHAR] - [VBN-2]
2019-05-20 14:55:00.118 TRACE 10536 --- [    Test worker] o.h.type.descriptor.sql.BasicExtractor   : extracted value ([facId1_1_0_] : [INTEGER]) - [14]
2019-05-20 14:55:00.119 TRACE 10536 --- [    Test worker] o.h.type.descriptor.sql.BasicExtractor   : extracted value ([mov_cili2_2_1_] : [DOUBLE]) - [-1.0]
2019-05-20 14:55:00.119 TRACE 10536 --- [    Test worker] o.h.type.descriptor.sql.BasicExtractor   : extracted value ([mov_tipo3_2_1_] : [VARCHAR]) - [CARRO]
2019-05-20 14:55:00.119 TRACE 10536 --- [    Test worker] o.h.type.descriptor.sql.BasicExtractor   : extracted value ([mov_plac5_1_3_] : [VARCHAR]) - [VBN-2]
2019-05-20 14:55:00.119 TRACE 10536 --- [    Test worker] o.h.type.descriptor.sql.BasicExtractor   : extracted value ([facId1_1_3_] : [INTEGER]) - [14]
2019-05-20 14:55:00.122 DEBUG 10536 --- [    Test worker] org.hibernate.SQL                        : update factura set fac_fecha_ingreso=?, fac_fecha_salida=?, fac_valor=?, mov_placa=? where facId=?
Hibernate: update factura set fac_fecha_ingreso=?, fac_fecha_salida=?, fac_valor=?, mov_placa=? where facId=?
2019-05-20 14:55:00.123 TRACE 10536 --- [    Test worker] o.h.type.descriptor.sql.BasicBinder      : binding parameter [1] as [TIMESTAMP] - [2019-05-20 14:54:58.923]
2019-05-20 14:55:00.124 TRACE 10536 --- [    Test worker] o.h.type.descriptor.sql.BasicBinder      : binding parameter [2] as [TIMESTAMP] - [Mon May 20 14:55:00 COT 2019]
2019-05-20 14:55:00.124 TRACE 10536 --- [    Test worker] o.h.type.descriptor.sql.BasicBinder      : binding parameter [3] as [DOUBLE] - [1000.0]
2019-05-20 14:55:00.124 TRACE 10536 --- [    Test worker] o.h.type.descriptor.sql.BasicBinder      : binding parameter [4] as [VARCHAR] - [VBN-2]
2019-05-20 14:55:00.124 TRACE 10536 --- [    Test worker] o.h.type.descriptor.sql.BasicBinder      : binding parameter [5] as [INTEGER] - [14]
2019-05-20 14:55:00.127 DEBUG 10536 --- [    Test worker] org.hibernate.SQL                        : select movilentit0_.mov_placa as mov_plac1_2_0_, movilentit0_.mov_cilindraje as mov_cili2_2_0_, movilentit0_.mov_tipo_movil as mov_tipo3_2_0_ from movil movilentit0_ where movilentit0_.mov_placa=?
Hibernate: select movilentit0_.mov_placa as mov_plac1_2_0_, movilentit0_.mov_cilindraje as mov_cili2_2_0_, movilentit0_.mov_tipo_movil as mov_tipo3_2_0_ from movil movilentit0_ where movilentit0_.mov_placa=?
2019-05-20 14:55:00.128 TRACE 10536 --- [    Test worker] o.h.type.descriptor.sql.BasicBinder      : binding parameter [1] as [VARCHAR] - [VBN-3]
2019-05-20 14:55:00.129 TRACE 10536 --- [    Test worker] o.h.type.descriptor.sql.BasicExtractor   : extracted value ([mov_cili2_2_0_] : [DOUBLE]) - [-1.0]
2019-05-20 14:55:00.129 TRACE 10536 --- [    Test worker] o.h.type.descriptor.sql.BasicExtractor   : extracted value ([mov_tipo3_2_0_] : [VARCHAR]) - [CARRO]
2019-05-20 14:55:00.130 TRACE 10536 --- [    Test worker] org.hibernate.type.CollectionType        : Created collection wrapper: [co.com.ceiba.ceibaestacionamiento.persistencia.entidades.MovilEntity.facturasEntity#VBN-3]
2019-05-20 14:55:00.134 DEBUG 10536 --- [    Test worker] org.hibernate.SQL                        : SELECT COUNT(*) FROM factura WHERE mov_placa = ? AND fac_fecha_salida IS NULL
Hibernate: SELECT COUNT(*) FROM factura WHERE mov_placa = ? AND fac_fecha_salida IS NULL
2019-05-20 14:55:00.135 TRACE 10536 --- [    Test worker] o.h.type.descriptor.sql.BasicBinder      : binding parameter [1] as [VARCHAR] - [VBN-3]
2019-05-20 14:55:00.137 TRACE 10536 --- [    Test worker] o.h.type.descriptor.sql.BasicExtractor   : extracted value ([COUNT(*)] : [NUMERIC]) - [1]
2019-05-20 14:55:00.142 DEBUG 10536 --- [    Test worker] org.hibernate.SQL                        : SELECT * FROM factura WHERE mov_placa = ? AND fac_fecha_salida IS NULL
Hibernate: SELECT * FROM factura WHERE mov_placa = ? AND fac_fecha_salida IS NULL
2019-05-20 14:55:00.142 TRACE 10536 --- [    Test worker] o.h.type.descriptor.sql.BasicBinder      : binding parameter [1] as [VARCHAR] - [VBN-3]
2019-05-20 14:55:00.143 TRACE 10536 --- [    Test worker] o.h.type.descriptor.sql.BasicExtractor   : extracted value ([facId] : [INTEGER]) - [15]
2019-05-20 14:55:00.143 TRACE 10536 --- [    Test worker] o.h.type.descriptor.sql.BasicExtractor   : extracted value ([fac_fecha_ingreso] : [TIMESTAMP]) - [2019-05-20 14:54:59.008]
2019-05-20 14:55:00.143 TRACE 10536 --- [    Test worker] o.h.type.descriptor.sql.BasicExtractor   : extracted value ([fac_fecha_salida] : [TIMESTAMP]) - [null]
2019-05-20 14:55:00.143 TRACE 10536 --- [    Test worker] o.h.type.descriptor.sql.BasicExtractor   : extracted value ([fac_valor] : [DOUBLE]) - [0.0]
2019-05-20 14:55:00.143 TRACE 10536 --- [    Test worker] o.h.type.descriptor.sql.BasicExtractor   : extracted value ([mov_placa] : [VARCHAR]) - [VBN-3]
2019-05-20 14:55:00.143 DEBUG 10536 --- [    Test worker] org.hibernate.SQL                        : select movilentit0_.mov_placa as mov_plac1_2_0_, movilentit0_.mov_cilindraje as mov_cili2_2_0_, movilentit0_.mov_tipo_movil as mov_tipo3_2_0_ from movil movilentit0_ where movilentit0_.mov_placa=?
Hibernate: select movilentit0_.mov_placa as mov_plac1_2_0_, movilentit0_.mov_cilindraje as mov_cili2_2_0_, movilentit0_.mov_tipo_movil as mov_tipo3_2_0_ from movil movilentit0_ where movilentit0_.mov_placa=?
2019-05-20 14:55:00.143 TRACE 10536 --- [    Test worker] o.h.type.descriptor.sql.BasicBinder      : binding parameter [1] as [VARCHAR] - [VBN-3]
2019-05-20 14:55:00.144 TRACE 10536 --- [    Test worker] o.h.type.descriptor.sql.BasicExtractor   : extracted value ([mov_cili2_2_0_] : [DOUBLE]) - [-1.0]
2019-05-20 14:55:00.144 TRACE 10536 --- [    Test worker] o.h.type.descriptor.sql.BasicExtractor   : extracted value ([mov_tipo3_2_0_] : [VARCHAR]) - [CARRO]
2019-05-20 14:55:00.144 TRACE 10536 --- [    Test worker] org.hibernate.type.CollectionType        : Created collection wrapper: [co.com.ceiba.ceibaestacionamiento.persistencia.entidades.MovilEntity.facturasEntity#VBN-3]
2019-05-20 14:55:00.146 DEBUG 10536 --- [    Test worker] org.hibernate.SQL                        : SELECT * FROM costoestadia WHERE cos_tipo_movil = ? AND cos_tipo_pago = ? AND cos_tiempo_estadia = ?
Hibernate: SELECT * FROM costoestadia WHERE cos_tipo_movil = ? AND cos_tipo_pago = ? AND cos_tiempo_estadia = ?
2019-05-20 14:55:00.147 TRACE 10536 --- [    Test worker] o.h.type.descriptor.sql.BasicBinder      : binding parameter [1] as [VARCHAR] - [CARRO]
2019-05-20 14:55:00.147 TRACE 10536 --- [    Test worker] o.h.type.descriptor.sql.BasicBinder      : binding parameter [2] as [VARCHAR] - [NORMAL]
2019-05-20 14:55:00.147 TRACE 10536 --- [    Test worker] o.h.type.descriptor.sql.BasicBinder      : binding parameter [3] as [VARCHAR] - [DIA]
2019-05-20 14:55:00.147 TRACE 10536 --- [    Test worker] o.h.type.descriptor.sql.BasicExtractor   : extracted value ([cos_id] : [INTEGER]) - [1]
2019-05-20 14:55:00.147 TRACE 10536 --- [    Test worker] o.h.type.descriptor.sql.BasicExtractor   : extracted value ([cos_tiempo_estadia] : [VARCHAR]) - [DIA]
2019-05-20 14:55:00.147 TRACE 10536 --- [    Test worker] o.h.type.descriptor.sql.BasicExtractor   : extracted value ([cos_tipo_movil] : [VARCHAR]) - [CARRO]
2019-05-20 14:55:00.147 TRACE 10536 --- [    Test worker] o.h.type.descriptor.sql.BasicExtractor   : extracted value ([cos_tipo_pago] : [VARCHAR]) - [NORMAL]
2019-05-20 14:55:00.147 TRACE 10536 --- [    Test worker] o.h.type.descriptor.sql.BasicExtractor   : extracted value ([cos_valor] : [DOUBLE]) - [8000.0]
2019-05-20 14:55:00.150 DEBUG 10536 --- [    Test worker] org.hibernate.SQL                        : SELECT * FROM costoestadia WHERE cos_tipo_movil = ? AND cos_tipo_pago = ? AND cos_tiempo_estadia = ?
Hibernate: SELECT * FROM costoestadia WHERE cos_tipo_movil = ? AND cos_tipo_pago = ? AND cos_tiempo_estadia = ?
2019-05-20 14:55:00.150 TRACE 10536 --- [    Test worker] o.h.type.descriptor.sql.BasicBinder      : binding parameter [1] as [VARCHAR] - [CARRO]
2019-05-20 14:55:00.150 TRACE 10536 --- [    Test worker] o.h.type.descriptor.sql.BasicBinder      : binding parameter [2] as [VARCHAR] - [NORMAL]
2019-05-20 14:55:00.151 TRACE 10536 --- [    Test worker] o.h.type.descriptor.sql.BasicBinder      : binding parameter [3] as [VARCHAR] - [HORA]
2019-05-20 14:55:00.151 TRACE 10536 --- [    Test worker] o.h.type.descriptor.sql.BasicExtractor   : extracted value ([cos_id] : [INTEGER]) - [2]
2019-05-20 14:55:00.151 TRACE 10536 --- [    Test worker] o.h.type.descriptor.sql.BasicExtractor   : extracted value ([cos_tiempo_estadia] : [VARCHAR]) - [HORA]
2019-05-20 14:55:00.151 TRACE 10536 --- [    Test worker] o.h.type.descriptor.sql.BasicExtractor   : extracted value ([cos_tipo_movil] : [VARCHAR]) - [CARRO]
2019-05-20 14:55:00.151 TRACE 10536 --- [    Test worker] o.h.type.descriptor.sql.BasicExtractor   : extracted value ([cos_tipo_pago] : [VARCHAR]) - [NORMAL]
2019-05-20 14:55:00.151 TRACE 10536 --- [    Test worker] o.h.type.descriptor.sql.BasicExtractor   : extracted value ([cos_valor] : [DOUBLE]) - [1000.0]
2019-05-20 14:55:00.153 DEBUG 10536 --- [    Test worker] org.hibernate.SQL                        : SELECT * FROM factura WHERE mov_placa = ? AND fac_fecha_salida IS NULL
Hibernate: SELECT * FROM factura WHERE mov_placa = ? AND fac_fecha_salida IS NULL
2019-05-20 14:55:00.154 TRACE 10536 --- [    Test worker] o.h.type.descriptor.sql.BasicBinder      : binding parameter [1] as [VARCHAR] - [VBN-3]
2019-05-20 14:55:00.155 TRACE 10536 --- [    Test worker] o.h.type.descriptor.sql.BasicExtractor   : extracted value ([facId] : [INTEGER]) - [15]
2019-05-20 14:55:00.155 TRACE 10536 --- [    Test worker] o.h.type.descriptor.sql.BasicExtractor   : extracted value ([fac_fecha_ingreso] : [TIMESTAMP]) - [2019-05-20 14:54:59.008]
2019-05-20 14:55:00.155 TRACE 10536 --- [    Test worker] o.h.type.descriptor.sql.BasicExtractor   : extracted value ([fac_fecha_salida] : [TIMESTAMP]) - [null]
2019-05-20 14:55:00.155 TRACE 10536 --- [    Test worker] o.h.type.descriptor.sql.BasicExtractor   : extracted value ([fac_valor] : [DOUBLE]) - [0.0]
2019-05-20 14:55:00.155 TRACE 10536 --- [    Test worker] o.h.type.descriptor.sql.BasicExtractor   : extracted value ([mov_placa] : [VARCHAR]) - [VBN-3]
2019-05-20 14:55:00.155 DEBUG 10536 --- [    Test worker] org.hibernate.SQL                        : select movilentit0_.mov_placa as mov_plac1_2_0_, movilentit0_.mov_cilindraje as mov_cili2_2_0_, movilentit0_.mov_tipo_movil as mov_tipo3_2_0_ from movil movilentit0_ where movilentit0_.mov_placa=?
Hibernate: select movilentit0_.mov_placa as mov_plac1_2_0_, movilentit0_.mov_cilindraje as mov_cili2_2_0_, movilentit0_.mov_tipo_movil as mov_tipo3_2_0_ from movil movilentit0_ where movilentit0_.mov_placa=?
2019-05-20 14:55:00.156 TRACE 10536 --- [    Test worker] o.h.type.descriptor.sql.BasicBinder      : binding parameter [1] as [VARCHAR] - [VBN-3]
2019-05-20 14:55:00.156 TRACE 10536 --- [    Test worker] o.h.type.descriptor.sql.BasicExtractor   : extracted value ([mov_cili2_2_0_] : [DOUBLE]) - [-1.0]
2019-05-20 14:55:00.156 TRACE 10536 --- [    Test worker] o.h.type.descriptor.sql.BasicExtractor   : extracted value ([mov_tipo3_2_0_] : [VARCHAR]) - [CARRO]
2019-05-20 14:55:00.156 TRACE 10536 --- [    Test worker] org.hibernate.type.CollectionType        : Created collection wrapper: [co.com.ceiba.ceibaestacionamiento.persistencia.entidades.MovilEntity.facturasEntity#VBN-3]
2019-05-20 14:55:00.164 DEBUG 10536 --- [    Test worker] org.hibernate.SQL                        : select facturaent0_.facId as facId1_1_0_, facturaent0_.fac_fecha_ingreso as fac_fech2_1_0_, facturaent0_.fac_fecha_salida as fac_fech3_1_0_, facturaent0_.fac_valor as fac_valo4_1_0_, facturaent0_.mov_placa as mov_plac5_1_0_ from factura facturaent0_ where facturaent0_.facId=?
Hibernate: select facturaent0_.facId as facId1_1_0_, facturaent0_.fac_fecha_ingreso as fac_fech2_1_0_, facturaent0_.fac_fecha_salida as fac_fech3_1_0_, facturaent0_.fac_valor as fac_valo4_1_0_, facturaent0_.mov_placa as mov_plac5_1_0_ from factura facturaent0_ where facturaent0_.facId=?
2019-05-20 14:55:00.166 TRACE 10536 --- [    Test worker] o.h.type.descriptor.sql.BasicBinder      : binding parameter [1] as [INTEGER] - [15]
2019-05-20 14:55:00.166 TRACE 10536 --- [    Test worker] o.h.type.descriptor.sql.BasicExtractor   : extracted value ([fac_fech2_1_0_] : [TIMESTAMP]) - [2019-05-20 14:54:59.008]
2019-05-20 14:55:00.167 TRACE 10536 --- [    Test worker] o.h.type.descriptor.sql.BasicExtractor   : extracted value ([fac_fech3_1_0_] : [TIMESTAMP]) - [null]
2019-05-20 14:55:00.167 TRACE 10536 --- [    Test worker] o.h.type.descriptor.sql.BasicExtractor   : extracted value ([fac_valo4_1_0_] : [DOUBLE]) - [0.0]
2019-05-20 14:55:00.167 TRACE 10536 --- [    Test worker] o.h.type.descriptor.sql.BasicExtractor   : extracted value ([mov_plac5_1_0_] : [VARCHAR]) - [VBN-3]
2019-05-20 14:55:00.167 DEBUG 10536 --- [    Test worker] org.hibernate.SQL                        : select movilentit0_.mov_placa as mov_plac1_2_1_, movilentit0_.mov_cilindraje as mov_cili2_2_1_, movilentit0_.mov_tipo_movil as mov_tipo3_2_1_, facturasen1_.mov_placa as mov_plac5_1_3_, facturasen1_.facId as facId1_1_3_, facturasen1_.facId as facId1_1_0_, facturasen1_.fac_fecha_ingreso as fac_fech2_1_0_, facturasen1_.fac_fecha_salida as fac_fech3_1_0_, facturasen1_.fac_valor as fac_valo4_1_0_, facturasen1_.mov_placa as mov_plac5_1_0_ from movil movilentit0_ left outer join factura facturasen1_ on movilentit0_.mov_placa=facturasen1_.mov_placa where movilentit0_.mov_placa=?
Hibernate: select movilentit0_.mov_placa as mov_plac1_2_1_, movilentit0_.mov_cilindraje as mov_cili2_2_1_, movilentit0_.mov_tipo_movil as mov_tipo3_2_1_, facturasen1_.mov_placa as mov_plac5_1_3_, facturasen1_.facId as facId1_1_3_, facturasen1_.facId as facId1_1_0_, facturasen1_.fac_fecha_ingreso as fac_fech2_1_0_, facturasen1_.fac_fecha_salida as fac_fech3_1_0_, facturasen1_.fac_valor as fac_valo4_1_0_, facturasen1_.mov_placa as mov_plac5_1_0_ from movil movilentit0_ left outer join factura facturasen1_ on movilentit0_.mov_placa=facturasen1_.mov_placa where movilentit0_.mov_placa=?
2019-05-20 14:55:00.169 TRACE 10536 --- [    Test worker] o.h.type.descriptor.sql.BasicBinder      : binding parameter [1] as [VARCHAR] - [VBN-3]
2019-05-20 14:55:00.169 TRACE 10536 --- [    Test worker] o.h.type.descriptor.sql.BasicExtractor   : extracted value ([facId1_1_0_] : [INTEGER]) - [15]
2019-05-20 14:55:00.170 TRACE 10536 --- [    Test worker] o.h.type.descriptor.sql.BasicExtractor   : extracted value ([mov_cili2_2_1_] : [DOUBLE]) - [-1.0]
2019-05-20 14:55:00.171 TRACE 10536 --- [    Test worker] o.h.type.descriptor.sql.BasicExtractor   : extracted value ([mov_tipo3_2_1_] : [VARCHAR]) - [CARRO]
2019-05-20 14:55:00.171 TRACE 10536 --- [    Test worker] o.h.type.descriptor.sql.BasicExtractor   : extracted value ([mov_plac5_1_3_] : [VARCHAR]) - [VBN-3]
2019-05-20 14:55:00.171 TRACE 10536 --- [    Test worker] o.h.type.descriptor.sql.BasicExtractor   : extracted value ([facId1_1_3_] : [INTEGER]) - [15]
2019-05-20 14:55:00.175 DEBUG 10536 --- [    Test worker] org.hibernate.SQL                        : update factura set fac_fecha_ingreso=?, fac_fecha_salida=?, fac_valor=?, mov_placa=? where facId=?
Hibernate: update factura set fac_fecha_ingreso=?, fac_fecha_salida=?, fac_valor=?, mov_placa=? where facId=?
2019-05-20 14:55:00.177 TRACE 10536 --- [    Test worker] o.h.type.descriptor.sql.BasicBinder      : binding parameter [1] as [TIMESTAMP] - [2019-05-20 14:54:59.008]
2019-05-20 14:55:00.177 TRACE 10536 --- [    Test worker] o.h.type.descriptor.sql.BasicBinder      : binding parameter [2] as [TIMESTAMP] - [Mon May 20 14:55:00 COT 2019]
2019-05-20 14:55:00.177 TRACE 10536 --- [    Test worker] o.h.type.descriptor.sql.BasicBinder      : binding parameter [3] as [DOUBLE] - [1000.0]
2019-05-20 14:55:00.177 TRACE 10536 --- [    Test worker] o.h.type.descriptor.sql.BasicBinder      : binding parameter [4] as [VARCHAR] - [VBN-3]
2019-05-20 14:55:00.177 TRACE 10536 --- [    Test worker] o.h.type.descriptor.sql.BasicBinder      : binding parameter [5] as [INTEGER] - [15]
2019-05-20 14:55:00.186 DEBUG 10536 --- [    Test worker] org.hibernate.SQL                        : select movilentit0_.mov_placa as mov_plac1_2_0_, movilentit0_.mov_cilindraje as mov_cili2_2_0_, movilentit0_.mov_tipo_movil as mov_tipo3_2_0_ from movil movilentit0_ where movilentit0_.mov_placa=?
Hibernate: select movilentit0_.mov_placa as mov_plac1_2_0_, movilentit0_.mov_cilindraje as mov_cili2_2_0_, movilentit0_.mov_tipo_movil as mov_tipo3_2_0_ from movil movilentit0_ where movilentit0_.mov_placa=?
2019-05-20 14:55:00.187 TRACE 10536 --- [    Test worker] o.h.type.descriptor.sql.BasicBinder      : binding parameter [1] as [VARCHAR] - [VBN-4]
2019-05-20 14:55:00.187 TRACE 10536 --- [    Test worker] o.h.type.descriptor.sql.BasicExtractor   : extracted value ([mov_cili2_2_0_] : [DOUBLE]) - [-1.0]
2019-05-20 14:55:00.187 TRACE 10536 --- [    Test worker] o.h.type.descriptor.sql.BasicExtractor   : extracted value ([mov_tipo3_2_0_] : [VARCHAR]) - [CARRO]
2019-05-20 14:55:00.187 TRACE 10536 --- [    Test worker] org.hibernate.type.CollectionType        : Created collection wrapper: [co.com.ceiba.ceibaestacionamiento.persistencia.entidades.MovilEntity.facturasEntity#VBN-4]
2019-05-20 14:55:00.192 DEBUG 10536 --- [    Test worker] org.hibernate.SQL                        : SELECT COUNT(*) FROM factura WHERE mov_placa = ? AND fac_fecha_salida IS NULL
Hibernate: SELECT COUNT(*) FROM factura WHERE mov_placa = ? AND fac_fecha_salida IS NULL
2019-05-20 14:55:00.195 TRACE 10536 --- [    Test worker] o.h.type.descriptor.sql.BasicBinder      : binding parameter [1] as [VARCHAR] - [VBN-4]
2019-05-20 14:55:00.207 TRACE 10536 --- [    Test worker] o.h.type.descriptor.sql.BasicExtractor   : extracted value ([COUNT(*)] : [NUMERIC]) - [1]
2019-05-20 14:55:00.209 DEBUG 10536 --- [    Test worker] org.hibernate.SQL                        : SELECT * FROM factura WHERE mov_placa = ? AND fac_fecha_salida IS NULL
Hibernate: SELECT * FROM factura WHERE mov_placa = ? AND fac_fecha_salida IS NULL
2019-05-20 14:55:00.211 TRACE 10536 --- [    Test worker] o.h.type.descriptor.sql.BasicBinder      : binding parameter [1] as [VARCHAR] - [VBN-4]
2019-05-20 14:55:00.219 TRACE 10536 --- [    Test worker] o.h.type.descriptor.sql.BasicExtractor   : extracted value ([facId] : [INTEGER]) - [16]
2019-05-20 14:55:00.220 TRACE 10536 --- [    Test worker] o.h.type.descriptor.sql.BasicExtractor   : extracted value ([fac_fecha_ingreso] : [TIMESTAMP]) - [2019-05-20 14:54:59.156]
2019-05-20 14:55:00.220 TRACE 10536 --- [    Test worker] o.h.type.descriptor.sql.BasicExtractor   : extracted value ([fac_fecha_salida] : [TIMESTAMP]) - [null]
2019-05-20 14:55:00.220 TRACE 10536 --- [    Test worker] o.h.type.descriptor.sql.BasicExtractor   : extracted value ([fac_valor] : [DOUBLE]) - [0.0]
2019-05-20 14:55:00.220 TRACE 10536 --- [    Test worker] o.h.type.descriptor.sql.BasicExtractor   : extracted value ([mov_placa] : [VARCHAR]) - [VBN-4]
2019-05-20 14:55:00.221 DEBUG 10536 --- [    Test worker] org.hibernate.SQL                        : select movilentit0_.mov_placa as mov_plac1_2_0_, movilentit0_.mov_cilindraje as mov_cili2_2_0_, movilentit0_.mov_tipo_movil as mov_tipo3_2_0_ from movil movilentit0_ where movilentit0_.mov_placa=?
Hibernate: select movilentit0_.mov_placa as mov_plac1_2_0_, movilentit0_.mov_cilindraje as mov_cili2_2_0_, movilentit0_.mov_tipo_movil as mov_tipo3_2_0_ from movil movilentit0_ where movilentit0_.mov_placa=?
2019-05-20 14:55:00.221 TRACE 10536 --- [    Test worker] o.h.type.descriptor.sql.BasicBinder      : binding parameter [1] as [VARCHAR] - [VBN-4]
2019-05-20 14:55:00.222 TRACE 10536 --- [    Test worker] o.h.type.descriptor.sql.BasicExtractor   : extracted value ([mov_cili2_2_0_] : [DOUBLE]) - [-1.0]
2019-05-20 14:55:00.222 TRACE 10536 --- [    Test worker] o.h.type.descriptor.sql.BasicExtractor   : extracted value ([mov_tipo3_2_0_] : [VARCHAR]) - [CARRO]
2019-05-20 14:55:00.222 TRACE 10536 --- [    Test worker] org.hibernate.type.CollectionType        : Created collection wrapper: [co.com.ceiba.ceibaestacionamiento.persistencia.entidades.MovilEntity.facturasEntity#VBN-4]
2019-05-20 14:55:00.225 DEBUG 10536 --- [    Test worker] org.hibernate.SQL                        : SELECT * FROM costoestadia WHERE cos_tipo_movil = ? AND cos_tipo_pago = ? AND cos_tiempo_estadia = ?
Hibernate: SELECT * FROM costoestadia WHERE cos_tipo_movil = ? AND cos_tipo_pago = ? AND cos_tiempo_estadia = ?
2019-05-20 14:55:00.226 TRACE 10536 --- [    Test worker] o.h.type.descriptor.sql.BasicBinder      : binding parameter [1] as [VARCHAR] - [CARRO]
2019-05-20 14:55:00.226 TRACE 10536 --- [    Test worker] o.h.type.descriptor.sql.BasicBinder      : binding parameter [2] as [VARCHAR] - [NORMAL]
2019-05-20 14:55:00.226 TRACE 10536 --- [    Test worker] o.h.type.descriptor.sql.BasicBinder      : binding parameter [3] as [VARCHAR] - [DIA]
2019-05-20 14:55:00.226 TRACE 10536 --- [    Test worker] o.h.type.descriptor.sql.BasicExtractor   : extracted value ([cos_id] : [INTEGER]) - [1]
2019-05-20 14:55:00.226 TRACE 10536 --- [    Test worker] o.h.type.descriptor.sql.BasicExtractor   : extracted value ([cos_tiempo_estadia] : [VARCHAR]) - [DIA]
2019-05-20 14:55:00.226 TRACE 10536 --- [    Test worker] o.h.type.descriptor.sql.BasicExtractor   : extracted value ([cos_tipo_movil] : [VARCHAR]) - [CARRO]
2019-05-20 14:55:00.226 TRACE 10536 --- [    Test worker] o.h.type.descriptor.sql.BasicExtractor   : extracted value ([cos_tipo_pago] : [VARCHAR]) - [NORMAL]
2019-05-20 14:55:00.227 TRACE 10536 --- [    Test worker] o.h.type.descriptor.sql.BasicExtractor   : extracted value ([cos_valor] : [DOUBLE]) - [8000.0]
2019-05-20 14:55:00.228 DEBUG 10536 --- [    Test worker] org.hibernate.SQL                        : SELECT * FROM costoestadia WHERE cos_tipo_movil = ? AND cos_tipo_pago = ? AND cos_tiempo_estadia = ?
Hibernate: SELECT * FROM costoestadia WHERE cos_tipo_movil = ? AND cos_tipo_pago = ? AND cos_tiempo_estadia = ?
2019-05-20 14:55:00.229 TRACE 10536 --- [    Test worker] o.h.type.descriptor.sql.BasicBinder      : binding parameter [1] as [VARCHAR] - [CARRO]
2019-05-20 14:55:00.229 TRACE 10536 --- [    Test worker] o.h.type.descriptor.sql.BasicBinder      : binding parameter [2] as [VARCHAR] - [NORMAL]
2019-05-20 14:55:00.229 TRACE 10536 --- [    Test worker] o.h.type.descriptor.sql.BasicBinder      : binding parameter [3] as [VARCHAR] - [HORA]
2019-05-20 14:55:00.230 TRACE 10536 --- [    Test worker] o.h.type.descriptor.sql.BasicExtractor   : extracted value ([cos_id] : [INTEGER]) - [2]
2019-05-20 14:55:00.230 TRACE 10536 --- [    Test worker] o.h.type.descriptor.sql.BasicExtractor   : extracted value ([cos_tiempo_estadia] : [VARCHAR]) - [HORA]
2019-05-20 14:55:00.230 TRACE 10536 --- [    Test worker] o.h.type.descriptor.sql.BasicExtractor   : extracted value ([cos_tipo_movil] : [VARCHAR]) - [CARRO]
2019-05-20 14:55:00.230 TRACE 10536 --- [    Test worker] o.h.type.descriptor.sql.BasicExtractor   : extracted value ([cos_tipo_pago] : [VARCHAR]) - [NORMAL]
2019-05-20 14:55:00.230 TRACE 10536 --- [    Test worker] o.h.type.descriptor.sql.BasicExtractor   : extracted value ([cos_valor] : [DOUBLE]) - [1000.0]
2019-05-20 14:55:00.233 DEBUG 10536 --- [    Test worker] org.hibernate.SQL                        : SELECT * FROM factura WHERE mov_placa = ? AND fac_fecha_salida IS NULL
Hibernate: SELECT * FROM factura WHERE mov_placa = ? AND fac_fecha_salida IS NULL
2019-05-20 14:55:00.239 TRACE 10536 --- [    Test worker] o.h.type.descriptor.sql.BasicBinder      : binding parameter [1] as [VARCHAR] - [VBN-4]
2019-05-20 14:55:00.239 TRACE 10536 --- [    Test worker] o.h.type.descriptor.sql.BasicExtractor   : extracted value ([facId] : [INTEGER]) - [16]
2019-05-20 14:55:00.239 TRACE 10536 --- [    Test worker] o.h.type.descriptor.sql.BasicExtractor   : extracted value ([fac_fecha_ingreso] : [TIMESTAMP]) - [2019-05-20 14:54:59.156]
2019-05-20 14:55:00.239 TRACE 10536 --- [    Test worker] o.h.type.descriptor.sql.BasicExtractor   : extracted value ([fac_fecha_salida] : [TIMESTAMP]) - [null]
2019-05-20 14:55:00.239 TRACE 10536 --- [    Test worker] o.h.type.descriptor.sql.BasicExtractor   : extracted value ([fac_valor] : [DOUBLE]) - [0.0]
2019-05-20 14:55:00.239 TRACE 10536 --- [    Test worker] o.h.type.descriptor.sql.BasicExtractor   : extracted value ([mov_placa] : [VARCHAR]) - [VBN-4]
2019-05-20 14:55:00.239 DEBUG 10536 --- [    Test worker] org.hibernate.SQL                        : select movilentit0_.mov_placa as mov_plac1_2_0_, movilentit0_.mov_cilindraje as mov_cili2_2_0_, movilentit0_.mov_tipo_movil as mov_tipo3_2_0_ from movil movilentit0_ where movilentit0_.mov_placa=?
Hibernate: select movilentit0_.mov_placa as mov_plac1_2_0_, movilentit0_.mov_cilindraje as mov_cili2_2_0_, movilentit0_.mov_tipo_movil as mov_tipo3_2_0_ from movil movilentit0_ where movilentit0_.mov_placa=?
2019-05-20 14:55:00.241 TRACE 10536 --- [    Test worker] o.h.type.descriptor.sql.BasicBinder      : binding parameter [1] as [VARCHAR] - [VBN-4]
2019-05-20 14:55:00.241 TRACE 10536 --- [    Test worker] o.h.type.descriptor.sql.BasicExtractor   : extracted value ([mov_cili2_2_0_] : [DOUBLE]) - [-1.0]
2019-05-20 14:55:00.241 TRACE 10536 --- [    Test worker] o.h.type.descriptor.sql.BasicExtractor   : extracted value ([mov_tipo3_2_0_] : [VARCHAR]) - [CARRO]
2019-05-20 14:55:00.241 TRACE 10536 --- [    Test worker] org.hibernate.type.CollectionType        : Created collection wrapper: [co.com.ceiba.ceibaestacionamiento.persistencia.entidades.MovilEntity.facturasEntity#VBN-4]
2019-05-20 14:55:00.245 DEBUG 10536 --- [    Test worker] org.hibernate.SQL                        : select facturaent0_.facId as facId1_1_0_, facturaent0_.fac_fecha_ingreso as fac_fech2_1_0_, facturaent0_.fac_fecha_salida as fac_fech3_1_0_, facturaent0_.fac_valor as fac_valo4_1_0_, facturaent0_.mov_placa as mov_plac5_1_0_ from factura facturaent0_ where facturaent0_.facId=?
Hibernate: select facturaent0_.facId as facId1_1_0_, facturaent0_.fac_fecha_ingreso as fac_fech2_1_0_, facturaent0_.fac_fecha_salida as fac_fech3_1_0_, facturaent0_.fac_valor as fac_valo4_1_0_, facturaent0_.mov_placa as mov_plac5_1_0_ from factura facturaent0_ where facturaent0_.facId=?
2019-05-20 14:55:00.246 TRACE 10536 --- [    Test worker] o.h.type.descriptor.sql.BasicBinder      : binding parameter [1] as [INTEGER] - [16]
2019-05-20 14:55:00.246 TRACE 10536 --- [    Test worker] o.h.type.descriptor.sql.BasicExtractor   : extracted value ([fac_fech2_1_0_] : [TIMESTAMP]) - [2019-05-20 14:54:59.156]
2019-05-20 14:55:00.246 TRACE 10536 --- [    Test worker] o.h.type.descriptor.sql.BasicExtractor   : extracted value ([fac_fech3_1_0_] : [TIMESTAMP]) - [null]
2019-05-20 14:55:00.246 TRACE 10536 --- [    Test worker] o.h.type.descriptor.sql.BasicExtractor   : extracted value ([fac_valo4_1_0_] : [DOUBLE]) - [0.0]
2019-05-20 14:55:00.246 TRACE 10536 --- [    Test worker] o.h.type.descriptor.sql.BasicExtractor   : extracted value ([mov_plac5_1_0_] : [VARCHAR]) - [VBN-4]
2019-05-20 14:55:00.247 DEBUG 10536 --- [    Test worker] org.hibernate.SQL                        : select movilentit0_.mov_placa as mov_plac1_2_1_, movilentit0_.mov_cilindraje as mov_cili2_2_1_, movilentit0_.mov_tipo_movil as mov_tipo3_2_1_, facturasen1_.mov_placa as mov_plac5_1_3_, facturasen1_.facId as facId1_1_3_, facturasen1_.facId as facId1_1_0_, facturasen1_.fac_fecha_ingreso as fac_fech2_1_0_, facturasen1_.fac_fecha_salida as fac_fech3_1_0_, facturasen1_.fac_valor as fac_valo4_1_0_, facturasen1_.mov_placa as mov_plac5_1_0_ from movil movilentit0_ left outer join factura facturasen1_ on movilentit0_.mov_placa=facturasen1_.mov_placa where movilentit0_.mov_placa=?
Hibernate: select movilentit0_.mov_placa as mov_plac1_2_1_, movilentit0_.mov_cilindraje as mov_cili2_2_1_, movilentit0_.mov_tipo_movil as mov_tipo3_2_1_, facturasen1_.mov_placa as mov_plac5_1_3_, facturasen1_.facId as facId1_1_3_, facturasen1_.facId as facId1_1_0_, facturasen1_.fac_fecha_ingreso as fac_fech2_1_0_, facturasen1_.fac_fecha_salida as fac_fech3_1_0_, facturasen1_.fac_valor as fac_valo4_1_0_, facturasen1_.mov_placa as mov_plac5_1_0_ from movil movilentit0_ left outer join factura facturasen1_ on movilentit0_.mov_placa=facturasen1_.mov_placa where movilentit0_.mov_placa=?
2019-05-20 14:55:00.247 TRACE 10536 --- [    Test worker] o.h.type.descriptor.sql.BasicBinder      : binding parameter [1] as [VARCHAR] - [VBN-4]
2019-05-20 14:55:00.247 TRACE 10536 --- [    Test worker] o.h.type.descriptor.sql.BasicExtractor   : extracted value ([facId1_1_0_] : [INTEGER]) - [16]
2019-05-20 14:55:00.252 TRACE 10536 --- [    Test worker] o.h.type.descriptor.sql.BasicExtractor   : extracted value ([mov_cili2_2_1_] : [DOUBLE]) - [-1.0]
2019-05-20 14:55:00.258 TRACE 10536 --- [    Test worker] o.h.type.descriptor.sql.BasicExtractor   : extracted value ([mov_tipo3_2_1_] : [VARCHAR]) - [CARRO]
2019-05-20 14:55:00.258 TRACE 10536 --- [    Test worker] o.h.type.descriptor.sql.BasicExtractor   : extracted value ([mov_plac5_1_3_] : [VARCHAR]) - [VBN-4]
2019-05-20 14:55:00.259 TRACE 10536 --- [    Test worker] o.h.type.descriptor.sql.BasicExtractor   : extracted value ([facId1_1_3_] : [INTEGER]) - [16]
2019-05-20 14:55:00.260 DEBUG 10536 --- [    Test worker] org.hibernate.SQL                        : update factura set fac_fecha_ingreso=?, fac_fecha_salida=?, fac_valor=?, mov_placa=? where facId=?
Hibernate: update factura set fac_fecha_ingreso=?, fac_fecha_salida=?, fac_valor=?, mov_placa=? where facId=?
2019-05-20 14:55:00.261 TRACE 10536 --- [    Test worker] o.h.type.descriptor.sql.BasicBinder      : binding parameter [1] as [TIMESTAMP] - [2019-05-20 14:54:59.156]
2019-05-20 14:55:00.262 TRACE 10536 --- [    Test worker] o.h.type.descriptor.sql.BasicBinder      : binding parameter [2] as [TIMESTAMP] - [Mon May 20 14:55:00 COT 2019]
2019-05-20 14:55:00.262 TRACE 10536 --- [    Test worker] o.h.type.descriptor.sql.BasicBinder      : binding parameter [3] as [DOUBLE] - [1000.0]
2019-05-20 14:55:00.262 TRACE 10536 --- [    Test worker] o.h.type.descriptor.sql.BasicBinder      : binding parameter [4] as [VARCHAR] - [VBN-4]
2019-05-20 14:55:00.262 TRACE 10536 --- [    Test worker] o.h.type.descriptor.sql.BasicBinder      : binding parameter [5] as [INTEGER] - [16]
2019-05-20 14:55:00.266 DEBUG 10536 --- [    Test worker] org.hibernate.SQL                        : select movilentit0_.mov_placa as mov_plac1_2_0_, movilentit0_.mov_cilindraje as mov_cili2_2_0_, movilentit0_.mov_tipo_movil as mov_tipo3_2_0_ from movil movilentit0_ where movilentit0_.mov_placa=?
Hibernate: select movilentit0_.mov_placa as mov_plac1_2_0_, movilentit0_.mov_cilindraje as mov_cili2_2_0_, movilentit0_.mov_tipo_movil as mov_tipo3_2_0_ from movil movilentit0_ where movilentit0_.mov_placa=?
2019-05-20 14:55:00.267 TRACE 10536 --- [    Test worker] o.h.type.descriptor.sql.BasicBinder      : binding parameter [1] as [VARCHAR] - [VBN-5]
2019-05-20 14:55:00.267 TRACE 10536 --- [    Test worker] o.h.type.descriptor.sql.BasicExtractor   : extracted value ([mov_cili2_2_0_] : [DOUBLE]) - [-1.0]
2019-05-20 14:55:00.268 TRACE 10536 --- [    Test worker] o.h.type.descriptor.sql.BasicExtractor   : extracted value ([mov_tipo3_2_0_] : [VARCHAR]) - [CARRO]
2019-05-20 14:55:00.268 TRACE 10536 --- [    Test worker] org.hibernate.type.CollectionType        : Created collection wrapper: [co.com.ceiba.ceibaestacionamiento.persistencia.entidades.MovilEntity.facturasEntity#VBN-5]
2019-05-20 14:55:00.270 DEBUG 10536 --- [    Test worker] org.hibernate.SQL                        : SELECT COUNT(*) FROM factura WHERE mov_placa = ? AND fac_fecha_salida IS NULL
Hibernate: SELECT COUNT(*) FROM factura WHERE mov_placa = ? AND fac_fecha_salida IS NULL
2019-05-20 14:55:00.271 TRACE 10536 --- [    Test worker] o.h.type.descriptor.sql.BasicBinder      : binding parameter [1] as [VARCHAR] - [VBN-5]
2019-05-20 14:55:00.272 TRACE 10536 --- [    Test worker] o.h.type.descriptor.sql.BasicExtractor   : extracted value ([COUNT(*)] : [NUMERIC]) - [1]
2019-05-20 14:55:00.273 DEBUG 10536 --- [    Test worker] org.hibernate.SQL                        : SELECT * FROM factura WHERE mov_placa = ? AND fac_fecha_salida IS NULL
Hibernate: SELECT * FROM factura WHERE mov_placa = ? AND fac_fecha_salida IS NULL
2019-05-20 14:55:00.274 TRACE 10536 --- [    Test worker] o.h.type.descriptor.sql.BasicBinder      : binding parameter [1] as [VARCHAR] - [VBN-5]
2019-05-20 14:55:00.274 TRACE 10536 --- [    Test worker] o.h.type.descriptor.sql.BasicExtractor   : extracted value ([facId] : [INTEGER]) - [17]
2019-05-20 14:55:00.275 TRACE 10536 --- [    Test worker] o.h.type.descriptor.sql.BasicExtractor   : extracted value ([fac_fecha_ingreso] : [TIMESTAMP]) - [2019-05-20 14:54:59.184]
2019-05-20 14:55:00.275 TRACE 10536 --- [    Test worker] o.h.type.descriptor.sql.BasicExtractor   : extracted value ([fac_fecha_salida] : [TIMESTAMP]) - [null]
2019-05-20 14:55:00.275 TRACE 10536 --- [    Test worker] o.h.type.descriptor.sql.BasicExtractor   : extracted value ([fac_valor] : [DOUBLE]) - [0.0]
2019-05-20 14:55:00.275 TRACE 10536 --- [    Test worker] o.h.type.descriptor.sql.BasicExtractor   : extracted value ([mov_placa] : [VARCHAR]) - [VBN-5]
2019-05-20 14:55:00.275 DEBUG 10536 --- [    Test worker] org.hibernate.SQL                        : select movilentit0_.mov_placa as mov_plac1_2_0_, movilentit0_.mov_cilindraje as mov_cili2_2_0_, movilentit0_.mov_tipo_movil as mov_tipo3_2_0_ from movil movilentit0_ where movilentit0_.mov_placa=?
Hibernate: select movilentit0_.mov_placa as mov_plac1_2_0_, movilentit0_.mov_cilindraje as mov_cili2_2_0_, movilentit0_.mov_tipo_movil as mov_tipo3_2_0_ from movil movilentit0_ where movilentit0_.mov_placa=?
2019-05-20 14:55:00.275 TRACE 10536 --- [    Test worker] o.h.type.descriptor.sql.BasicBinder      : binding parameter [1] as [VARCHAR] - [VBN-5]
2019-05-20 14:55:00.276 TRACE 10536 --- [    Test worker] o.h.type.descriptor.sql.BasicExtractor   : extracted value ([mov_cili2_2_0_] : [DOUBLE]) - [-1.0]
2019-05-20 14:55:00.276 TRACE 10536 --- [    Test worker] o.h.type.descriptor.sql.BasicExtractor   : extracted value ([mov_tipo3_2_0_] : [VARCHAR]) - [CARRO]
2019-05-20 14:55:00.276 TRACE 10536 --- [    Test worker] org.hibernate.type.CollectionType        : Created collection wrapper: [co.com.ceiba.ceibaestacionamiento.persistencia.entidades.MovilEntity.facturasEntity#VBN-5]
2019-05-20 14:55:00.278 DEBUG 10536 --- [    Test worker] org.hibernate.SQL                        : SELECT * FROM costoestadia WHERE cos_tipo_movil = ? AND cos_tipo_pago = ? AND cos_tiempo_estadia = ?
Hibernate: SELECT * FROM costoestadia WHERE cos_tipo_movil = ? AND cos_tipo_pago = ? AND cos_tiempo_estadia = ?
2019-05-20 14:55:00.278 TRACE 10536 --- [    Test worker] o.h.type.descriptor.sql.BasicBinder      : binding parameter [1] as [VARCHAR] - [CARRO]
2019-05-20 14:55:00.278 TRACE 10536 --- [    Test worker] o.h.type.descriptor.sql.BasicBinder      : binding parameter [2] as [VARCHAR] - [NORMAL]
2019-05-20 14:55:00.278 TRACE 10536 --- [    Test worker] o.h.type.descriptor.sql.BasicBinder      : binding parameter [3] as [VARCHAR] - [DIA]
2019-05-20 14:55:00.278 TRACE 10536 --- [    Test worker] o.h.type.descriptor.sql.BasicExtractor   : extracted value ([cos_id] : [INTEGER]) - [1]
2019-05-20 14:55:00.279 TRACE 10536 --- [    Test worker] o.h.type.descriptor.sql.BasicExtractor   : extracted value ([cos_tiempo_estadia] : [VARCHAR]) - [DIA]
2019-05-20 14:55:00.279 TRACE 10536 --- [    Test worker] o.h.type.descriptor.sql.BasicExtractor   : extracted value ([cos_tipo_movil] : [VARCHAR]) - [CARRO]
2019-05-20 14:55:00.279 TRACE 10536 --- [    Test worker] o.h.type.descriptor.sql.BasicExtractor   : extracted value ([cos_tipo_pago] : [VARCHAR]) - [NORMAL]
2019-05-20 14:55:00.279 TRACE 10536 --- [    Test worker] o.h.type.descriptor.sql.BasicExtractor   : extracted value ([cos_valor] : [DOUBLE]) - [8000.0]
2019-05-20 14:55:00.284 DEBUG 10536 --- [    Test worker] org.hibernate.SQL                        : SELECT * FROM costoestadia WHERE cos_tipo_movil = ? AND cos_tipo_pago = ? AND cos_tiempo_estadia = ?
Hibernate: SELECT * FROM costoestadia WHERE cos_tipo_movil = ? AND cos_tipo_pago = ? AND cos_tiempo_estadia = ?
2019-05-20 14:55:00.285 TRACE 10536 --- [    Test worker] o.h.type.descriptor.sql.BasicBinder      : binding parameter [1] as [VARCHAR] - [CARRO]
2019-05-20 14:55:00.285 TRACE 10536 --- [    Test worker] o.h.type.descriptor.sql.BasicBinder      : binding parameter [2] as [VARCHAR] - [NORMAL]
2019-05-20 14:55:00.285 TRACE 10536 --- [    Test worker] o.h.type.descriptor.sql.BasicBinder      : binding parameter [3] as [VARCHAR] - [HORA]
2019-05-20 14:55:00.286 TRACE 10536 --- [    Test worker] o.h.type.descriptor.sql.BasicExtractor   : extracted value ([cos_id] : [INTEGER]) - [2]
2019-05-20 14:55:00.286 TRACE 10536 --- [    Test worker] o.h.type.descriptor.sql.BasicExtractor   : extracted value ([cos_tiempo_estadia] : [VARCHAR]) - [HORA]
2019-05-20 14:55:00.286 TRACE 10536 --- [    Test worker] o.h.type.descriptor.sql.BasicExtractor   : extracted value ([cos_tipo_movil] : [VARCHAR]) - [CARRO]
2019-05-20 14:55:00.286 TRACE 10536 --- [    Test worker] o.h.type.descriptor.sql.BasicExtractor   : extracted value ([cos_tipo_pago] : [VARCHAR]) - [NORMAL]
2019-05-20 14:55:00.286 TRACE 10536 --- [    Test worker] o.h.type.descriptor.sql.BasicExtractor   : extracted value ([cos_valor] : [DOUBLE]) - [1000.0]
2019-05-20 14:55:00.288 DEBUG 10536 --- [    Test worker] org.hibernate.SQL                        : SELECT * FROM factura WHERE mov_placa = ? AND fac_fecha_salida IS NULL
Hibernate: SELECT * FROM factura WHERE mov_placa = ? AND fac_fecha_salida IS NULL
2019-05-20 14:55:00.289 TRACE 10536 --- [    Test worker] o.h.type.descriptor.sql.BasicBinder      : binding parameter [1] as [VARCHAR] - [VBN-5]
2019-05-20 14:55:00.289 TRACE 10536 --- [    Test worker] o.h.type.descriptor.sql.BasicExtractor   : extracted value ([facId] : [INTEGER]) - [17]
2019-05-20 14:55:00.289 TRACE 10536 --- [    Test worker] o.h.type.descriptor.sql.BasicExtractor   : extracted value ([fac_fecha_ingreso] : [TIMESTAMP]) - [2019-05-20 14:54:59.184]
2019-05-20 14:55:00.289 TRACE 10536 --- [    Test worker] o.h.type.descriptor.sql.BasicExtractor   : extracted value ([fac_fecha_salida] : [TIMESTAMP]) - [null]
2019-05-20 14:55:00.289 TRACE 10536 --- [    Test worker] o.h.type.descriptor.sql.BasicExtractor   : extracted value ([fac_valor] : [DOUBLE]) - [0.0]
2019-05-20 14:55:00.289 TRACE 10536 --- [    Test worker] o.h.type.descriptor.sql.BasicExtractor   : extracted value ([mov_placa] : [VARCHAR]) - [VBN-5]
2019-05-20 14:55:00.290 DEBUG 10536 --- [    Test worker] org.hibernate.SQL                        : select movilentit0_.mov_placa as mov_plac1_2_0_, movilentit0_.mov_cilindraje as mov_cili2_2_0_, movilentit0_.mov_tipo_movil as mov_tipo3_2_0_ from movil movilentit0_ where movilentit0_.mov_placa=?
Hibernate: select movilentit0_.mov_placa as mov_plac1_2_0_, movilentit0_.mov_cilindraje as mov_cili2_2_0_, movilentit0_.mov_tipo_movil as mov_tipo3_2_0_ from movil movilentit0_ where movilentit0_.mov_placa=?
2019-05-20 14:55:00.290 TRACE 10536 --- [    Test worker] o.h.type.descriptor.sql.BasicBinder      : binding parameter [1] as [VARCHAR] - [VBN-5]
2019-05-20 14:55:00.290 TRACE 10536 --- [    Test worker] o.h.type.descriptor.sql.BasicExtractor   : extracted value ([mov_cili2_2_0_] : [DOUBLE]) - [-1.0]
2019-05-20 14:55:00.290 TRACE 10536 --- [    Test worker] o.h.type.descriptor.sql.BasicExtractor   : extracted value ([mov_tipo3_2_0_] : [VARCHAR]) - [CARRO]
2019-05-20 14:55:00.290 TRACE 10536 --- [    Test worker] org.hibernate.type.CollectionType        : Created collection wrapper: [co.com.ceiba.ceibaestacionamiento.persistencia.entidades.MovilEntity.facturasEntity#VBN-5]
2019-05-20 14:55:00.292 DEBUG 10536 --- [    Test worker] org.hibernate.SQL                        : select facturaent0_.facId as facId1_1_0_, facturaent0_.fac_fecha_ingreso as fac_fech2_1_0_, facturaent0_.fac_fecha_salida as fac_fech3_1_0_, facturaent0_.fac_valor as fac_valo4_1_0_, facturaent0_.mov_placa as mov_plac5_1_0_ from factura facturaent0_ where facturaent0_.facId=?
Hibernate: select facturaent0_.facId as facId1_1_0_, facturaent0_.fac_fecha_ingreso as fac_fech2_1_0_, facturaent0_.fac_fecha_salida as fac_fech3_1_0_, facturaent0_.fac_valor as fac_valo4_1_0_, facturaent0_.mov_placa as mov_plac5_1_0_ from factura facturaent0_ where facturaent0_.facId=?
2019-05-20 14:55:00.292 TRACE 10536 --- [    Test worker] o.h.type.descriptor.sql.BasicBinder      : binding parameter [1] as [INTEGER] - [17]
2019-05-20 14:55:00.293 TRACE 10536 --- [    Test worker] o.h.type.descriptor.sql.BasicExtractor   : extracted value ([fac_fech2_1_0_] : [TIMESTAMP]) - [2019-05-20 14:54:59.184]
2019-05-20 14:55:00.293 TRACE 10536 --- [    Test worker] o.h.type.descriptor.sql.BasicExtractor   : extracted value ([fac_fech3_1_0_] : [TIMESTAMP]) - [null]
2019-05-20 14:55:00.293 TRACE 10536 --- [    Test worker] o.h.type.descriptor.sql.BasicExtractor   : extracted value ([fac_valo4_1_0_] : [DOUBLE]) - [0.0]
2019-05-20 14:55:00.293 TRACE 10536 --- [    Test worker] o.h.type.descriptor.sql.BasicExtractor   : extracted value ([mov_plac5_1_0_] : [VARCHAR]) - [VBN-5]
2019-05-20 14:55:00.293 DEBUG 10536 --- [    Test worker] org.hibernate.SQL                        : select movilentit0_.mov_placa as mov_plac1_2_1_, movilentit0_.mov_cilindraje as mov_cili2_2_1_, movilentit0_.mov_tipo_movil as mov_tipo3_2_1_, facturasen1_.mov_placa as mov_plac5_1_3_, facturasen1_.facId as facId1_1_3_, facturasen1_.facId as facId1_1_0_, facturasen1_.fac_fecha_ingreso as fac_fech2_1_0_, facturasen1_.fac_fecha_salida as fac_fech3_1_0_, facturasen1_.fac_valor as fac_valo4_1_0_, facturasen1_.mov_placa as mov_plac5_1_0_ from movil movilentit0_ left outer join factura facturasen1_ on movilentit0_.mov_placa=facturasen1_.mov_placa where movilentit0_.mov_placa=?
Hibernate: select movilentit0_.mov_placa as mov_plac1_2_1_, movilentit0_.mov_cilindraje as mov_cili2_2_1_, movilentit0_.mov_tipo_movil as mov_tipo3_2_1_, facturasen1_.mov_placa as mov_plac5_1_3_, facturasen1_.facId as facId1_1_3_, facturasen1_.facId as facId1_1_0_, facturasen1_.fac_fecha_ingreso as fac_fech2_1_0_, facturasen1_.fac_fecha_salida as fac_fech3_1_0_, facturasen1_.fac_valor as fac_valo4_1_0_, facturasen1_.mov_placa as mov_plac5_1_0_ from movil movilentit0_ left outer join factura facturasen1_ on movilentit0_.mov_placa=facturasen1_.mov_placa where movilentit0_.mov_placa=?
2019-05-20 14:55:00.293 TRACE 10536 --- [    Test worker] o.h.type.descriptor.sql.BasicBinder      : binding parameter [1] as [VARCHAR] - [VBN-5]
2019-05-20 14:55:00.294 TRACE 10536 --- [    Test worker] o.h.type.descriptor.sql.BasicExtractor   : extracted value ([facId1_1_0_] : [INTEGER]) - [17]
2019-05-20 14:55:00.294 TRACE 10536 --- [    Test worker] o.h.type.descriptor.sql.BasicExtractor   : extracted value ([mov_cili2_2_1_] : [DOUBLE]) - [-1.0]
2019-05-20 14:55:00.294 TRACE 10536 --- [    Test worker] o.h.type.descriptor.sql.BasicExtractor   : extracted value ([mov_tipo3_2_1_] : [VARCHAR]) - [CARRO]
2019-05-20 14:55:00.294 TRACE 10536 --- [    Test worker] o.h.type.descriptor.sql.BasicExtractor   : extracted value ([mov_plac5_1_3_] : [VARCHAR]) - [VBN-5]
2019-05-20 14:55:00.294 TRACE 10536 --- [    Test worker] o.h.type.descriptor.sql.BasicExtractor   : extracted value ([facId1_1_3_] : [INTEGER]) - [17]
2019-05-20 14:55:00.297 DEBUG 10536 --- [    Test worker] org.hibernate.SQL                        : update factura set fac_fecha_ingreso=?, fac_fecha_salida=?, fac_valor=?, mov_placa=? where facId=?
Hibernate: update factura set fac_fecha_ingreso=?, fac_fecha_salida=?, fac_valor=?, mov_placa=? where facId=?
2019-05-20 14:55:00.297 TRACE 10536 --- [    Test worker] o.h.type.descriptor.sql.BasicBinder      : binding parameter [1] as [TIMESTAMP] - [2019-05-20 14:54:59.184]
2019-05-20 14:55:00.297 TRACE 10536 --- [    Test worker] o.h.type.descriptor.sql.BasicBinder      : binding parameter [2] as [TIMESTAMP] - [Mon May 20 14:55:00 COT 2019]
2019-05-20 14:55:00.298 TRACE 10536 --- [    Test worker] o.h.type.descriptor.sql.BasicBinder      : binding parameter [3] as [DOUBLE] - [1000.0]
2019-05-20 14:55:00.299 TRACE 10536 --- [    Test worker] o.h.type.descriptor.sql.BasicBinder      : binding parameter [4] as [VARCHAR] - [VBN-5]
2019-05-20 14:55:00.299 TRACE 10536 --- [    Test worker] o.h.type.descriptor.sql.BasicBinder      : binding parameter [5] as [INTEGER] - [17]
2019-05-20 14:55:00.301 DEBUG 10536 --- [    Test worker] org.hibernate.SQL                        : select movilentit0_.mov_placa as mov_plac1_2_0_, movilentit0_.mov_cilindraje as mov_cili2_2_0_, movilentit0_.mov_tipo_movil as mov_tipo3_2_0_ from movil movilentit0_ where movilentit0_.mov_placa=?
Hibernate: select movilentit0_.mov_placa as mov_plac1_2_0_, movilentit0_.mov_cilindraje as mov_cili2_2_0_, movilentit0_.mov_tipo_movil as mov_tipo3_2_0_ from movil movilentit0_ where movilentit0_.mov_placa=?
2019-05-20 14:55:00.302 TRACE 10536 --- [    Test worker] o.h.type.descriptor.sql.BasicBinder      : binding parameter [1] as [VARCHAR] - [VBN-6]
2019-05-20 14:55:00.302 TRACE 10536 --- [    Test worker] o.h.type.descriptor.sql.BasicExtractor   : extracted value ([mov_cili2_2_0_] : [DOUBLE]) - [-1.0]
2019-05-20 14:55:00.302 TRACE 10536 --- [    Test worker] o.h.type.descriptor.sql.BasicExtractor   : extracted value ([mov_tipo3_2_0_] : [VARCHAR]) - [CARRO]
2019-05-20 14:55:00.302 TRACE 10536 --- [    Test worker] org.hibernate.type.CollectionType        : Created collection wrapper: [co.com.ceiba.ceibaestacionamiento.persistencia.entidades.MovilEntity.facturasEntity#VBN-6]
2019-05-20 14:55:00.304 DEBUG 10536 --- [    Test worker] org.hibernate.SQL                        : SELECT COUNT(*) FROM factura WHERE mov_placa = ? AND fac_fecha_salida IS NULL
Hibernate: SELECT COUNT(*) FROM factura WHERE mov_placa = ? AND fac_fecha_salida IS NULL
2019-05-20 14:55:00.310 TRACE 10536 --- [    Test worker] o.h.type.descriptor.sql.BasicBinder      : binding parameter [1] as [VARCHAR] - [VBN-6]
2019-05-20 14:55:00.312 TRACE 10536 --- [    Test worker] o.h.type.descriptor.sql.BasicExtractor   : extracted value ([COUNT(*)] : [NUMERIC]) - [1]
2019-05-20 14:55:00.314 DEBUG 10536 --- [    Test worker] org.hibernate.SQL                        : SELECT * FROM factura WHERE mov_placa = ? AND fac_fecha_salida IS NULL
Hibernate: SELECT * FROM factura WHERE mov_placa = ? AND fac_fecha_salida IS NULL
2019-05-20 14:55:00.314 TRACE 10536 --- [    Test worker] o.h.type.descriptor.sql.BasicBinder      : binding parameter [1] as [VARCHAR] - [VBN-6]
2019-05-20 14:55:00.315 TRACE 10536 --- [    Test worker] o.h.type.descriptor.sql.BasicExtractor   : extracted value ([facId] : [INTEGER]) - [18]
2019-05-20 14:55:00.315 TRACE 10536 --- [    Test worker] o.h.type.descriptor.sql.BasicExtractor   : extracted value ([fac_fecha_ingreso] : [TIMESTAMP]) - [2019-05-20 14:54:59.209]
2019-05-20 14:55:00.315 TRACE 10536 --- [    Test worker] o.h.type.descriptor.sql.BasicExtractor   : extracted value ([fac_fecha_salida] : [TIMESTAMP]) - [null]
2019-05-20 14:55:00.315 TRACE 10536 --- [    Test worker] o.h.type.descriptor.sql.BasicExtractor   : extracted value ([fac_valor] : [DOUBLE]) - [0.0]
2019-05-20 14:55:00.315 TRACE 10536 --- [    Test worker] o.h.type.descriptor.sql.BasicExtractor   : extracted value ([mov_placa] : [VARCHAR]) - [VBN-6]
2019-05-20 14:55:00.316 DEBUG 10536 --- [    Test worker] org.hibernate.SQL                        : select movilentit0_.mov_placa as mov_plac1_2_0_, movilentit0_.mov_cilindraje as mov_cili2_2_0_, movilentit0_.mov_tipo_movil as mov_tipo3_2_0_ from movil movilentit0_ where movilentit0_.mov_placa=?
Hibernate: select movilentit0_.mov_placa as mov_plac1_2_0_, movilentit0_.mov_cilindraje as mov_cili2_2_0_, movilentit0_.mov_tipo_movil as mov_tipo3_2_0_ from movil movilentit0_ where movilentit0_.mov_placa=?
2019-05-20 14:55:00.316 TRACE 10536 --- [    Test worker] o.h.type.descriptor.sql.BasicBinder      : binding parameter [1] as [VARCHAR] - [VBN-6]
2019-05-20 14:55:00.316 TRACE 10536 --- [    Test worker] o.h.type.descriptor.sql.BasicExtractor   : extracted value ([mov_cili2_2_0_] : [DOUBLE]) - [-1.0]
2019-05-20 14:55:00.316 TRACE 10536 --- [    Test worker] o.h.type.descriptor.sql.BasicExtractor   : extracted value ([mov_tipo3_2_0_] : [VARCHAR]) - [CARRO]
2019-05-20 14:55:00.317 TRACE 10536 --- [    Test worker] org.hibernate.type.CollectionType        : Created collection wrapper: [co.com.ceiba.ceibaestacionamiento.persistencia.entidades.MovilEntity.facturasEntity#VBN-6]
2019-05-20 14:55:00.319 DEBUG 10536 --- [    Test worker] org.hibernate.SQL                        : SELECT * FROM costoestadia WHERE cos_tipo_movil = ? AND cos_tipo_pago = ? AND cos_tiempo_estadia = ?
Hibernate: SELECT * FROM costoestadia WHERE cos_tipo_movil = ? AND cos_tipo_pago = ? AND cos_tiempo_estadia = ?
2019-05-20 14:55:00.320 TRACE 10536 --- [    Test worker] o.h.type.descriptor.sql.BasicBinder      : binding parameter [1] as [VARCHAR] - [CARRO]
2019-05-20 14:55:00.320 TRACE 10536 --- [    Test worker] o.h.type.descriptor.sql.BasicBinder      : binding parameter [2] as [VARCHAR] - [NORMAL]
2019-05-20 14:55:00.320 TRACE 10536 --- [    Test worker] o.h.type.descriptor.sql.BasicBinder      : binding parameter [3] as [VARCHAR] - [DIA]
2019-05-20 14:55:00.320 TRACE 10536 --- [    Test worker] o.h.type.descriptor.sql.BasicExtractor   : extracted value ([cos_id] : [INTEGER]) - [1]
2019-05-20 14:55:00.320 TRACE 10536 --- [    Test worker] o.h.type.descriptor.sql.BasicExtractor   : extracted value ([cos_tiempo_estadia] : [VARCHAR]) - [DIA]
2019-05-20 14:55:00.320 TRACE 10536 --- [    Test worker] o.h.type.descriptor.sql.BasicExtractor   : extracted value ([cos_tipo_movil] : [VARCHAR]) - [CARRO]
2019-05-20 14:55:00.320 TRACE 10536 --- [    Test worker] o.h.type.descriptor.sql.BasicExtractor   : extracted value ([cos_tipo_pago] : [VARCHAR]) - [NORMAL]
2019-05-20 14:55:00.320 TRACE 10536 --- [    Test worker] o.h.type.descriptor.sql.BasicExtractor   : extracted value ([cos_valor] : [DOUBLE]) - [8000.0]
2019-05-20 14:55:00.322 DEBUG 10536 --- [    Test worker] org.hibernate.SQL                        : SELECT * FROM costoestadia WHERE cos_tipo_movil = ? AND cos_tipo_pago = ? AND cos_tiempo_estadia = ?
Hibernate: SELECT * FROM costoestadia WHERE cos_tipo_movil = ? AND cos_tipo_pago = ? AND cos_tiempo_estadia = ?
2019-05-20 14:55:00.323 TRACE 10536 --- [    Test worker] o.h.type.descriptor.sql.BasicBinder      : binding parameter [1] as [VARCHAR] - [CARRO]
2019-05-20 14:55:00.323 TRACE 10536 --- [    Test worker] o.h.type.descriptor.sql.BasicBinder      : binding parameter [2] as [VARCHAR] - [NORMAL]
2019-05-20 14:55:00.323 TRACE 10536 --- [    Test worker] o.h.type.descriptor.sql.BasicBinder      : binding parameter [3] as [VARCHAR] - [HORA]
2019-05-20 14:55:00.323 TRACE 10536 --- [    Test worker] o.h.type.descriptor.sql.BasicExtractor   : extracted value ([cos_id] : [INTEGER]) - [2]
2019-05-20 14:55:00.323 TRACE 10536 --- [    Test worker] o.h.type.descriptor.sql.BasicExtractor   : extracted value ([cos_tiempo_estadia] : [VARCHAR]) - [HORA]
2019-05-20 14:55:00.323 TRACE 10536 --- [    Test worker] o.h.type.descriptor.sql.BasicExtractor   : extracted value ([cos_tipo_movil] : [VARCHAR]) - [CARRO]
2019-05-20 14:55:00.323 TRACE 10536 --- [    Test worker] o.h.type.descriptor.sql.BasicExtractor   : extracted value ([cos_tipo_pago] : [VARCHAR]) - [NORMAL]
2019-05-20 14:55:00.323 TRACE 10536 --- [    Test worker] o.h.type.descriptor.sql.BasicExtractor   : extracted value ([cos_valor] : [DOUBLE]) - [1000.0]
2019-05-20 14:55:00.325 DEBUG 10536 --- [    Test worker] org.hibernate.SQL                        : SELECT * FROM factura WHERE mov_placa = ? AND fac_fecha_salida IS NULL
Hibernate: SELECT * FROM factura WHERE mov_placa = ? AND fac_fecha_salida IS NULL
2019-05-20 14:55:00.326 TRACE 10536 --- [    Test worker] o.h.type.descriptor.sql.BasicBinder      : binding parameter [1] as [VARCHAR] - [VBN-6]
2019-05-20 14:55:00.326 TRACE 10536 --- [    Test worker] o.h.type.descriptor.sql.BasicExtractor   : extracted value ([facId] : [INTEGER]) - [18]
2019-05-20 14:55:00.326 TRACE 10536 --- [    Test worker] o.h.type.descriptor.sql.BasicExtractor   : extracted value ([fac_fecha_ingreso] : [TIMESTAMP]) - [2019-05-20 14:54:59.209]
2019-05-20 14:55:00.326 TRACE 10536 --- [    Test worker] o.h.type.descriptor.sql.BasicExtractor   : extracted value ([fac_fecha_salida] : [TIMESTAMP]) - [null]
2019-05-20 14:55:00.326 TRACE 10536 --- [    Test worker] o.h.type.descriptor.sql.BasicExtractor   : extracted value ([fac_valor] : [DOUBLE]) - [0.0]
2019-05-20 14:55:00.326 TRACE 10536 --- [    Test worker] o.h.type.descriptor.sql.BasicExtractor   : extracted value ([mov_placa] : [VARCHAR]) - [VBN-6]
2019-05-20 14:55:00.327 DEBUG 10536 --- [    Test worker] org.hibernate.SQL                        : select movilentit0_.mov_placa as mov_plac1_2_0_, movilentit0_.mov_cilindraje as mov_cili2_2_0_, movilentit0_.mov_tipo_movil as mov_tipo3_2_0_ from movil movilentit0_ where movilentit0_.mov_placa=?
Hibernate: select movilentit0_.mov_placa as mov_plac1_2_0_, movilentit0_.mov_cilindraje as mov_cili2_2_0_, movilentit0_.mov_tipo_movil as mov_tipo3_2_0_ from movil movilentit0_ where movilentit0_.mov_placa=?
2019-05-20 14:55:00.327 TRACE 10536 --- [    Test worker] o.h.type.descriptor.sql.BasicBinder      : binding parameter [1] as [VARCHAR] - [VBN-6]
2019-05-20 14:55:00.327 TRACE 10536 --- [    Test worker] o.h.type.descriptor.sql.BasicExtractor   : extracted value ([mov_cili2_2_0_] : [DOUBLE]) - [-1.0]
2019-05-20 14:55:00.327 TRACE 10536 --- [    Test worker] o.h.type.descriptor.sql.BasicExtractor   : extracted value ([mov_tipo3_2_0_] : [VARCHAR]) - [CARRO]
2019-05-20 14:55:00.327 TRACE 10536 --- [    Test worker] org.hibernate.type.CollectionType        : Created collection wrapper: [co.com.ceiba.ceibaestacionamiento.persistencia.entidades.MovilEntity.facturasEntity#VBN-6]
2019-05-20 14:55:00.329 DEBUG 10536 --- [    Test worker] org.hibernate.SQL                        : select facturaent0_.facId as facId1_1_0_, facturaent0_.fac_fecha_ingreso as fac_fech2_1_0_, facturaent0_.fac_fecha_salida as fac_fech3_1_0_, facturaent0_.fac_valor as fac_valo4_1_0_, facturaent0_.mov_placa as mov_plac5_1_0_ from factura facturaent0_ where facturaent0_.facId=?
Hibernate: select facturaent0_.facId as facId1_1_0_, facturaent0_.fac_fecha_ingreso as fac_fech2_1_0_, facturaent0_.fac_fecha_salida as fac_fech3_1_0_, facturaent0_.fac_valor as fac_valo4_1_0_, facturaent0_.mov_placa as mov_plac5_1_0_ from factura facturaent0_ where facturaent0_.facId=?
2019-05-20 14:55:00.330 TRACE 10536 --- [    Test worker] o.h.type.descriptor.sql.BasicBinder      : binding parameter [1] as [INTEGER] - [18]
2019-05-20 14:55:00.330 TRACE 10536 --- [    Test worker] o.h.type.descriptor.sql.BasicExtractor   : extracted value ([fac_fech2_1_0_] : [TIMESTAMP]) - [2019-05-20 14:54:59.209]
2019-05-20 14:55:00.330 TRACE 10536 --- [    Test worker] o.h.type.descriptor.sql.BasicExtractor   : extracted value ([fac_fech3_1_0_] : [TIMESTAMP]) - [null]
2019-05-20 14:55:00.330 TRACE 10536 --- [    Test worker] o.h.type.descriptor.sql.BasicExtractor   : extracted value ([fac_valo4_1_0_] : [DOUBLE]) - [0.0]
2019-05-20 14:55:00.330 TRACE 10536 --- [    Test worker] o.h.type.descriptor.sql.BasicExtractor   : extracted value ([mov_plac5_1_0_] : [VARCHAR]) - [VBN-6]
2019-05-20 14:55:00.331 DEBUG 10536 --- [    Test worker] org.hibernate.SQL                        : select movilentit0_.mov_placa as mov_plac1_2_1_, movilentit0_.mov_cilindraje as mov_cili2_2_1_, movilentit0_.mov_tipo_movil as mov_tipo3_2_1_, facturasen1_.mov_placa as mov_plac5_1_3_, facturasen1_.facId as facId1_1_3_, facturasen1_.facId as facId1_1_0_, facturasen1_.fac_fecha_ingreso as fac_fech2_1_0_, facturasen1_.fac_fecha_salida as fac_fech3_1_0_, facturasen1_.fac_valor as fac_valo4_1_0_, facturasen1_.mov_placa as mov_plac5_1_0_ from movil movilentit0_ left outer join factura facturasen1_ on movilentit0_.mov_placa=facturasen1_.mov_placa where movilentit0_.mov_placa=?
Hibernate: select movilentit0_.mov_placa as mov_plac1_2_1_, movilentit0_.mov_cilindraje as mov_cili2_2_1_, movilentit0_.mov_tipo_movil as mov_tipo3_2_1_, facturasen1_.mov_placa as mov_plac5_1_3_, facturasen1_.facId as facId1_1_3_, facturasen1_.facId as facId1_1_0_, facturasen1_.fac_fecha_ingreso as fac_fech2_1_0_, facturasen1_.fac_fecha_salida as fac_fech3_1_0_, facturasen1_.fac_valor as fac_valo4_1_0_, facturasen1_.mov_placa as mov_plac5_1_0_ from movil movilentit0_ left outer join factura facturasen1_ on movilentit0_.mov_placa=facturasen1_.mov_placa where movilentit0_.mov_placa=?
2019-05-20 14:55:00.331 TRACE 10536 --- [    Test worker] o.h.type.descriptor.sql.BasicBinder      : binding parameter [1] as [VARCHAR] - [VBN-6]
2019-05-20 14:55:00.332 TRACE 10536 --- [    Test worker] o.h.type.descriptor.sql.BasicExtractor   : extracted value ([facId1_1_0_] : [INTEGER]) - [18]
2019-05-20 14:55:00.332 TRACE 10536 --- [    Test worker] o.h.type.descriptor.sql.BasicExtractor   : extracted value ([mov_cili2_2_1_] : [DOUBLE]) - [-1.0]
2019-05-20 14:55:00.332 TRACE 10536 --- [    Test worker] o.h.type.descriptor.sql.BasicExtractor   : extracted value ([mov_tipo3_2_1_] : [VARCHAR]) - [CARRO]
2019-05-20 14:55:00.332 TRACE 10536 --- [    Test worker] o.h.type.descriptor.sql.BasicExtractor   : extracted value ([mov_plac5_1_3_] : [VARCHAR]) - [VBN-6]
2019-05-20 14:55:00.332 TRACE 10536 --- [    Test worker] o.h.type.descriptor.sql.BasicExtractor   : extracted value ([facId1_1_3_] : [INTEGER]) - [18]
2019-05-20 14:55:00.333 DEBUG 10536 --- [    Test worker] org.hibernate.SQL                        : update factura set fac_fecha_ingreso=?, fac_fecha_salida=?, fac_valor=?, mov_placa=? where facId=?
Hibernate: update factura set fac_fecha_ingreso=?, fac_fecha_salida=?, fac_valor=?, mov_placa=? where facId=?
2019-05-20 14:55:00.334 TRACE 10536 --- [    Test worker] o.h.type.descriptor.sql.BasicBinder      : binding parameter [1] as [TIMESTAMP] - [2019-05-20 14:54:59.209]
2019-05-20 14:55:00.334 TRACE 10536 --- [    Test worker] o.h.type.descriptor.sql.BasicBinder      : binding parameter [2] as [TIMESTAMP] - [Mon May 20 14:55:00 COT 2019]
2019-05-20 14:55:00.334 TRACE 10536 --- [    Test worker] o.h.type.descriptor.sql.BasicBinder      : binding parameter [3] as [DOUBLE] - [1000.0]
2019-05-20 14:55:00.334 TRACE 10536 --- [    Test worker] o.h.type.descriptor.sql.BasicBinder      : binding parameter [4] as [VARCHAR] - [VBN-6]
2019-05-20 14:55:00.334 TRACE 10536 --- [    Test worker] o.h.type.descriptor.sql.BasicBinder      : binding parameter [5] as [INTEGER] - [18]
2019-05-20 14:55:00.336 DEBUG 10536 --- [    Test worker] org.hibernate.SQL                        : select movilentit0_.mov_placa as mov_plac1_2_0_, movilentit0_.mov_cilindraje as mov_cili2_2_0_, movilentit0_.mov_tipo_movil as mov_tipo3_2_0_ from movil movilentit0_ where movilentit0_.mov_placa=?
Hibernate: select movilentit0_.mov_placa as mov_plac1_2_0_, movilentit0_.mov_cilindraje as mov_cili2_2_0_, movilentit0_.mov_tipo_movil as mov_tipo3_2_0_ from movil movilentit0_ where movilentit0_.mov_placa=?
2019-05-20 14:55:00.336 TRACE 10536 --- [    Test worker] o.h.type.descriptor.sql.BasicBinder      : binding parameter [1] as [VARCHAR] - [VBN-7]
2019-05-20 14:55:00.336 TRACE 10536 --- [    Test worker] o.h.type.descriptor.sql.BasicExtractor   : extracted value ([mov_cili2_2_0_] : [DOUBLE]) - [-1.0]
2019-05-20 14:55:00.337 TRACE 10536 --- [    Test worker] o.h.type.descriptor.sql.BasicExtractor   : extracted value ([mov_tipo3_2_0_] : [VARCHAR]) - [CARRO]
2019-05-20 14:55:00.337 TRACE 10536 --- [    Test worker] org.hibernate.type.CollectionType        : Created collection wrapper: [co.com.ceiba.ceibaestacionamiento.persistencia.entidades.MovilEntity.facturasEntity#VBN-7]
2019-05-20 14:55:00.338 DEBUG 10536 --- [    Test worker] org.hibernate.SQL                        : SELECT COUNT(*) FROM factura WHERE mov_placa = ? AND fac_fecha_salida IS NULL
Hibernate: SELECT COUNT(*) FROM factura WHERE mov_placa = ? AND fac_fecha_salida IS NULL
2019-05-20 14:55:00.340 TRACE 10536 --- [    Test worker] o.h.type.descriptor.sql.BasicBinder      : binding parameter [1] as [VARCHAR] - [VBN-7]
2019-05-20 14:55:00.341 TRACE 10536 --- [    Test worker] o.h.type.descriptor.sql.BasicExtractor   : extracted value ([COUNT(*)] : [NUMERIC]) - [1]
2019-05-20 14:55:00.342 DEBUG 10536 --- [    Test worker] org.hibernate.SQL                        : SELECT * FROM factura WHERE mov_placa = ? AND fac_fecha_salida IS NULL
Hibernate: SELECT * FROM factura WHERE mov_placa = ? AND fac_fecha_salida IS NULL
2019-05-20 14:55:00.343 TRACE 10536 --- [    Test worker] o.h.type.descriptor.sql.BasicBinder      : binding parameter [1] as [VARCHAR] - [VBN-7]
2019-05-20 14:55:00.343 TRACE 10536 --- [    Test worker] o.h.type.descriptor.sql.BasicExtractor   : extracted value ([facId] : [INTEGER]) - [19]
2019-05-20 14:55:00.343 TRACE 10536 --- [    Test worker] o.h.type.descriptor.sql.BasicExtractor   : extracted value ([fac_fecha_ingreso] : [TIMESTAMP]) - [2019-05-20 14:54:59.228]
2019-05-20 14:55:00.343 TRACE 10536 --- [    Test worker] o.h.type.descriptor.sql.BasicExtractor   : extracted value ([fac_fecha_salida] : [TIMESTAMP]) - [null]
2019-05-20 14:55:00.343 TRACE 10536 --- [    Test worker] o.h.type.descriptor.sql.BasicExtractor   : extracted value ([fac_valor] : [DOUBLE]) - [0.0]
2019-05-20 14:55:00.343 TRACE 10536 --- [    Test worker] o.h.type.descriptor.sql.BasicExtractor   : extracted value ([mov_placa] : [VARCHAR]) - [VBN-7]
2019-05-20 14:55:00.344 DEBUG 10536 --- [    Test worker] org.hibernate.SQL                        : select movilentit0_.mov_placa as mov_plac1_2_0_, movilentit0_.mov_cilindraje as mov_cili2_2_0_, movilentit0_.mov_tipo_movil as mov_tipo3_2_0_ from movil movilentit0_ where movilentit0_.mov_placa=?
Hibernate: select movilentit0_.mov_placa as mov_plac1_2_0_, movilentit0_.mov_cilindraje as mov_cili2_2_0_, movilentit0_.mov_tipo_movil as mov_tipo3_2_0_ from movil movilentit0_ where movilentit0_.mov_placa=?
2019-05-20 14:55:00.344 TRACE 10536 --- [    Test worker] o.h.type.descriptor.sql.BasicBinder      : binding parameter [1] as [VARCHAR] - [VBN-7]
2019-05-20 14:55:00.344 TRACE 10536 --- [    Test worker] o.h.type.descriptor.sql.BasicExtractor   : extracted value ([mov_cili2_2_0_] : [DOUBLE]) - [-1.0]
2019-05-20 14:55:00.344 TRACE 10536 --- [    Test worker] o.h.type.descriptor.sql.BasicExtractor   : extracted value ([mov_tipo3_2_0_] : [VARCHAR]) - [CARRO]
2019-05-20 14:55:00.344 TRACE 10536 --- [    Test worker] org.hibernate.type.CollectionType        : Created collection wrapper: [co.com.ceiba.ceibaestacionamiento.persistencia.entidades.MovilEntity.facturasEntity#VBN-7]
2019-05-20 14:55:00.346 DEBUG 10536 --- [    Test worker] org.hibernate.SQL                        : SELECT * FROM costoestadia WHERE cos_tipo_movil = ? AND cos_tipo_pago = ? AND cos_tiempo_estadia = ?
Hibernate: SELECT * FROM costoestadia WHERE cos_tipo_movil = ? AND cos_tipo_pago = ? AND cos_tiempo_estadia = ?
2019-05-20 14:55:00.348 TRACE 10536 --- [    Test worker] o.h.type.descriptor.sql.BasicBinder      : binding parameter [1] as [VARCHAR] - [CARRO]
2019-05-20 14:55:00.348 TRACE 10536 --- [    Test worker] o.h.type.descriptor.sql.BasicBinder      : binding parameter [2] as [VARCHAR] - [NORMAL]
2019-05-20 14:55:00.348 TRACE 10536 --- [    Test worker] o.h.type.descriptor.sql.BasicBinder      : binding parameter [3] as [VARCHAR] - [DIA]
2019-05-20 14:55:00.349 TRACE 10536 --- [    Test worker] o.h.type.descriptor.sql.BasicExtractor   : extracted value ([cos_id] : [INTEGER]) - [1]
2019-05-20 14:55:00.349 TRACE 10536 --- [    Test worker] o.h.type.descriptor.sql.BasicExtractor   : extracted value ([cos_tiempo_estadia] : [VARCHAR]) - [DIA]
2019-05-20 14:55:00.349 TRACE 10536 --- [    Test worker] o.h.type.descriptor.sql.BasicExtractor   : extracted value ([cos_tipo_movil] : [VARCHAR]) - [CARRO]
2019-05-20 14:55:00.349 TRACE 10536 --- [    Test worker] o.h.type.descriptor.sql.BasicExtractor   : extracted value ([cos_tipo_pago] : [VARCHAR]) - [NORMAL]
2019-05-20 14:55:00.350 TRACE 10536 --- [    Test worker] o.h.type.descriptor.sql.BasicExtractor   : extracted value ([cos_valor] : [DOUBLE]) - [8000.0]
2019-05-20 14:55:00.352 DEBUG 10536 --- [    Test worker] org.hibernate.SQL                        : SELECT * FROM costoestadia WHERE cos_tipo_movil = ? AND cos_tipo_pago = ? AND cos_tiempo_estadia = ?
Hibernate: SELECT * FROM costoestadia WHERE cos_tipo_movil = ? AND cos_tipo_pago = ? AND cos_tiempo_estadia = ?
2019-05-20 14:55:00.353 TRACE 10536 --- [    Test worker] o.h.type.descriptor.sql.BasicBinder      : binding parameter [1] as [VARCHAR] - [CARRO]
2019-05-20 14:55:00.353 TRACE 10536 --- [    Test worker] o.h.type.descriptor.sql.BasicBinder      : binding parameter [2] as [VARCHAR] - [NORMAL]
2019-05-20 14:55:00.353 TRACE 10536 --- [    Test worker] o.h.type.descriptor.sql.BasicBinder      : binding parameter [3] as [VARCHAR] - [HORA]
2019-05-20 14:55:00.354 TRACE 10536 --- [    Test worker] o.h.type.descriptor.sql.BasicExtractor   : extracted value ([cos_id] : [INTEGER]) - [2]
2019-05-20 14:55:00.354 TRACE 10536 --- [    Test worker] o.h.type.descriptor.sql.BasicExtractor   : extracted value ([cos_tiempo_estadia] : [VARCHAR]) - [HORA]
2019-05-20 14:55:00.354 TRACE 10536 --- [    Test worker] o.h.type.descriptor.sql.BasicExtractor   : extracted value ([cos_tipo_movil] : [VARCHAR]) - [CARRO]
2019-05-20 14:55:00.354 TRACE 10536 --- [    Test worker] o.h.type.descriptor.sql.BasicExtractor   : extracted value ([cos_tipo_pago] : [VARCHAR]) - [NORMAL]
2019-05-20 14:55:00.354 TRACE 10536 --- [    Test worker] o.h.type.descriptor.sql.BasicExtractor   : extracted value ([cos_valor] : [DOUBLE]) - [1000.0]
2019-05-20 14:55:00.357 DEBUG 10536 --- [    Test worker] org.hibernate.SQL                        : SELECT * FROM factura WHERE mov_placa = ? AND fac_fecha_salida IS NULL
Hibernate: SELECT * FROM factura WHERE mov_placa = ? AND fac_fecha_salida IS NULL
2019-05-20 14:55:00.357 TRACE 10536 --- [    Test worker] o.h.type.descriptor.sql.BasicBinder      : binding parameter [1] as [VARCHAR] - [VBN-7]
2019-05-20 14:55:00.358 TRACE 10536 --- [    Test worker] o.h.type.descriptor.sql.BasicExtractor   : extracted value ([facId] : [INTEGER]) - [19]
2019-05-20 14:55:00.359 TRACE 10536 --- [    Test worker] o.h.type.descriptor.sql.BasicExtractor   : extracted value ([fac_fecha_ingreso] : [TIMESTAMP]) - [2019-05-20 14:54:59.228]
2019-05-20 14:55:00.359 TRACE 10536 --- [    Test worker] o.h.type.descriptor.sql.BasicExtractor   : extracted value ([fac_fecha_salida] : [TIMESTAMP]) - [null]
2019-05-20 14:55:00.359 TRACE 10536 --- [    Test worker] o.h.type.descriptor.sql.BasicExtractor   : extracted value ([fac_valor] : [DOUBLE]) - [0.0]
2019-05-20 14:55:00.360 TRACE 10536 --- [    Test worker] o.h.type.descriptor.sql.BasicExtractor   : extracted value ([mov_placa] : [VARCHAR]) - [VBN-7]
2019-05-20 14:55:00.361 DEBUG 10536 --- [    Test worker] org.hibernate.SQL                        : select movilentit0_.mov_placa as mov_plac1_2_0_, movilentit0_.mov_cilindraje as mov_cili2_2_0_, movilentit0_.mov_tipo_movil as mov_tipo3_2_0_ from movil movilentit0_ where movilentit0_.mov_placa=?
Hibernate: select movilentit0_.mov_placa as mov_plac1_2_0_, movilentit0_.mov_cilindraje as mov_cili2_2_0_, movilentit0_.mov_tipo_movil as mov_tipo3_2_0_ from movil movilentit0_ where movilentit0_.mov_placa=?
2019-05-20 14:55:00.361 TRACE 10536 --- [    Test worker] o.h.type.descriptor.sql.BasicBinder      : binding parameter [1] as [VARCHAR] - [VBN-7]
2019-05-20 14:55:00.361 TRACE 10536 --- [    Test worker] o.h.type.descriptor.sql.BasicExtractor   : extracted value ([mov_cili2_2_0_] : [DOUBLE]) - [-1.0]
2019-05-20 14:55:00.362 TRACE 10536 --- [    Test worker] o.h.type.descriptor.sql.BasicExtractor   : extracted value ([mov_tipo3_2_0_] : [VARCHAR]) - [CARRO]
2019-05-20 14:55:00.362 TRACE 10536 --- [    Test worker] org.hibernate.type.CollectionType        : Created collection wrapper: [co.com.ceiba.ceibaestacionamiento.persistencia.entidades.MovilEntity.facturasEntity#VBN-7]
2019-05-20 14:55:00.364 DEBUG 10536 --- [    Test worker] org.hibernate.SQL                        : select facturaent0_.facId as facId1_1_0_, facturaent0_.fac_fecha_ingreso as fac_fech2_1_0_, facturaent0_.fac_fecha_salida as fac_fech3_1_0_, facturaent0_.fac_valor as fac_valo4_1_0_, facturaent0_.mov_placa as mov_plac5_1_0_ from factura facturaent0_ where facturaent0_.facId=?
Hibernate: select facturaent0_.facId as facId1_1_0_, facturaent0_.fac_fecha_ingreso as fac_fech2_1_0_, facturaent0_.fac_fecha_salida as fac_fech3_1_0_, facturaent0_.fac_valor as fac_valo4_1_0_, facturaent0_.mov_placa as mov_plac5_1_0_ from factura facturaent0_ where facturaent0_.facId=?
2019-05-20 14:55:00.364 TRACE 10536 --- [    Test worker] o.h.type.descriptor.sql.BasicBinder      : binding parameter [1] as [INTEGER] - [19]
2019-05-20 14:55:00.366 TRACE 10536 --- [    Test worker] o.h.type.descriptor.sql.BasicExtractor   : extracted value ([fac_fech2_1_0_] : [TIMESTAMP]) - [2019-05-20 14:54:59.228]
2019-05-20 14:55:00.366 TRACE 10536 --- [    Test worker] o.h.type.descriptor.sql.BasicExtractor   : extracted value ([fac_fech3_1_0_] : [TIMESTAMP]) - [null]
2019-05-20 14:55:00.366 TRACE 10536 --- [    Test worker] o.h.type.descriptor.sql.BasicExtractor   : extracted value ([fac_valo4_1_0_] : [DOUBLE]) - [0.0]
2019-05-20 14:55:00.366 TRACE 10536 --- [    Test worker] o.h.type.descriptor.sql.BasicExtractor   : extracted value ([mov_plac5_1_0_] : [VARCHAR]) - [VBN-7]
2019-05-20 14:55:00.367 DEBUG 10536 --- [    Test worker] org.hibernate.SQL                        : select movilentit0_.mov_placa as mov_plac1_2_1_, movilentit0_.mov_cilindraje as mov_cili2_2_1_, movilentit0_.mov_tipo_movil as mov_tipo3_2_1_, facturasen1_.mov_placa as mov_plac5_1_3_, facturasen1_.facId as facId1_1_3_, facturasen1_.facId as facId1_1_0_, facturasen1_.fac_fecha_ingreso as fac_fech2_1_0_, facturasen1_.fac_fecha_salida as fac_fech3_1_0_, facturasen1_.fac_valor as fac_valo4_1_0_, facturasen1_.mov_placa as mov_plac5_1_0_ from movil movilentit0_ left outer join factura facturasen1_ on movilentit0_.mov_placa=facturasen1_.mov_placa where movilentit0_.mov_placa=?
Hibernate: select movilentit0_.mov_placa as mov_plac1_2_1_, movilentit0_.mov_cilindraje as mov_cili2_2_1_, movilentit0_.mov_tipo_movil as mov_tipo3_2_1_, facturasen1_.mov_placa as mov_plac5_1_3_, facturasen1_.facId as facId1_1_3_, facturasen1_.facId as facId1_1_0_, facturasen1_.fac_fecha_ingreso as fac_fech2_1_0_, facturasen1_.fac_fecha_salida as fac_fech3_1_0_, facturasen1_.fac_valor as fac_valo4_1_0_, facturasen1_.mov_placa as mov_plac5_1_0_ from movil movilentit0_ left outer join factura facturasen1_ on movilentit0_.mov_placa=facturasen1_.mov_placa where movilentit0_.mov_placa=?
2019-05-20 14:55:00.367 TRACE 10536 --- [    Test worker] o.h.type.descriptor.sql.BasicBinder      : binding parameter [1] as [VARCHAR] - [VBN-7]
2019-05-20 14:55:00.367 TRACE 10536 --- [    Test worker] o.h.type.descriptor.sql.BasicExtractor   : extracted value ([facId1_1_0_] : [INTEGER]) - [19]
2019-05-20 14:55:00.368 TRACE 10536 --- [    Test worker] o.h.type.descriptor.sql.BasicExtractor   : extracted value ([mov_cili2_2_1_] : [DOUBLE]) - [-1.0]
2019-05-20 14:55:00.368 TRACE 10536 --- [    Test worker] o.h.type.descriptor.sql.BasicExtractor   : extracted value ([mov_tipo3_2_1_] : [VARCHAR]) - [CARRO]
2019-05-20 14:55:00.368 TRACE 10536 --- [    Test worker] o.h.type.descriptor.sql.BasicExtractor   : extracted value ([mov_plac5_1_3_] : [VARCHAR]) - [VBN-7]
2019-05-20 14:55:00.368 TRACE 10536 --- [    Test worker] o.h.type.descriptor.sql.BasicExtractor   : extracted value ([facId1_1_3_] : [INTEGER]) - [19]
2019-05-20 14:55:00.371 DEBUG 10536 --- [    Test worker] org.hibernate.SQL                        : update factura set fac_fecha_ingreso=?, fac_fecha_salida=?, fac_valor=?, mov_placa=? where facId=?
Hibernate: update factura set fac_fecha_ingreso=?, fac_fecha_salida=?, fac_valor=?, mov_placa=? where facId=?
2019-05-20 14:55:00.372 TRACE 10536 --- [    Test worker] o.h.type.descriptor.sql.BasicBinder      : binding parameter [1] as [TIMESTAMP] - [2019-05-20 14:54:59.228]
2019-05-20 14:55:00.372 TRACE 10536 --- [    Test worker] o.h.type.descriptor.sql.BasicBinder      : binding parameter [2] as [TIMESTAMP] - [Mon May 20 14:55:00 COT 2019]
2019-05-20 14:55:00.372 TRACE 10536 --- [    Test worker] o.h.type.descriptor.sql.BasicBinder      : binding parameter [3] as [DOUBLE] - [1000.0]
2019-05-20 14:55:00.372 TRACE 10536 --- [    Test worker] o.h.type.descriptor.sql.BasicBinder      : binding parameter [4] as [VARCHAR] - [VBN-7]
2019-05-20 14:55:00.372 TRACE 10536 --- [    Test worker] o.h.type.descriptor.sql.BasicBinder      : binding parameter [5] as [INTEGER] - [19]
2019-05-20 14:55:00.377 DEBUG 10536 --- [    Test worker] org.hibernate.SQL                        : select movilentit0_.mov_placa as mov_plac1_2_0_, movilentit0_.mov_cilindraje as mov_cili2_2_0_, movilentit0_.mov_tipo_movil as mov_tipo3_2_0_ from movil movilentit0_ where movilentit0_.mov_placa=?
Hibernate: select movilentit0_.mov_placa as mov_plac1_2_0_, movilentit0_.mov_cilindraje as mov_cili2_2_0_, movilentit0_.mov_tipo_movil as mov_tipo3_2_0_ from movil movilentit0_ where movilentit0_.mov_placa=?
2019-05-20 14:55:00.377 TRACE 10536 --- [    Test worker] o.h.type.descriptor.sql.BasicBinder      : binding parameter [1] as [VARCHAR] - [VBN-8]
2019-05-20 14:55:00.378 TRACE 10536 --- [    Test worker] o.h.type.descriptor.sql.BasicExtractor   : extracted value ([mov_cili2_2_0_] : [DOUBLE]) - [-1.0]
2019-05-20 14:55:00.378 TRACE 10536 --- [    Test worker] o.h.type.descriptor.sql.BasicExtractor   : extracted value ([mov_tipo3_2_0_] : [VARCHAR]) - [CARRO]
2019-05-20 14:55:00.378 TRACE 10536 --- [    Test worker] org.hibernate.type.CollectionType        : Created collection wrapper: [co.com.ceiba.ceibaestacionamiento.persistencia.entidades.MovilEntity.facturasEntity#VBN-8]
2019-05-20 14:55:00.382 DEBUG 10536 --- [    Test worker] org.hibernate.SQL                        : SELECT COUNT(*) FROM factura WHERE mov_placa = ? AND fac_fecha_salida IS NULL
Hibernate: SELECT COUNT(*) FROM factura WHERE mov_placa = ? AND fac_fecha_salida IS NULL
2019-05-20 14:55:00.382 TRACE 10536 --- [    Test worker] o.h.type.descriptor.sql.BasicBinder      : binding parameter [1] as [VARCHAR] - [VBN-8]
2019-05-20 14:55:00.383 TRACE 10536 --- [    Test worker] o.h.type.descriptor.sql.BasicExtractor   : extracted value ([COUNT(*)] : [NUMERIC]) - [1]
2019-05-20 14:55:00.384 DEBUG 10536 --- [    Test worker] org.hibernate.SQL                        : SELECT * FROM factura WHERE mov_placa = ? AND fac_fecha_salida IS NULL
Hibernate: SELECT * FROM factura WHERE mov_placa = ? AND fac_fecha_salida IS NULL
2019-05-20 14:55:00.385 TRACE 10536 --- [    Test worker] o.h.type.descriptor.sql.BasicBinder      : binding parameter [1] as [VARCHAR] - [VBN-8]
2019-05-20 14:55:00.385 TRACE 10536 --- [    Test worker] o.h.type.descriptor.sql.BasicExtractor   : extracted value ([facId] : [INTEGER]) - [20]
2019-05-20 14:55:00.386 TRACE 10536 --- [    Test worker] o.h.type.descriptor.sql.BasicExtractor   : extracted value ([fac_fecha_ingreso] : [TIMESTAMP]) - [2019-05-20 14:54:59.255]
2019-05-20 14:55:00.386 TRACE 10536 --- [    Test worker] o.h.type.descriptor.sql.BasicExtractor   : extracted value ([fac_fecha_salida] : [TIMESTAMP]) - [null]
2019-05-20 14:55:00.386 TRACE 10536 --- [    Test worker] o.h.type.descriptor.sql.BasicExtractor   : extracted value ([fac_valor] : [DOUBLE]) - [0.0]
2019-05-20 14:55:00.386 TRACE 10536 --- [    Test worker] o.h.type.descriptor.sql.BasicExtractor   : extracted value ([mov_placa] : [VARCHAR]) - [VBN-8]
2019-05-20 14:55:00.387 DEBUG 10536 --- [    Test worker] org.hibernate.SQL                        : select movilentit0_.mov_placa as mov_plac1_2_0_, movilentit0_.mov_cilindraje as mov_cili2_2_0_, movilentit0_.mov_tipo_movil as mov_tipo3_2_0_ from movil movilentit0_ where movilentit0_.mov_placa=?
Hibernate: select movilentit0_.mov_placa as mov_plac1_2_0_, movilentit0_.mov_cilindraje as mov_cili2_2_0_, movilentit0_.mov_tipo_movil as mov_tipo3_2_0_ from movil movilentit0_ where movilentit0_.mov_placa=?
2019-05-20 14:55:00.387 TRACE 10536 --- [    Test worker] o.h.type.descriptor.sql.BasicBinder      : binding parameter [1] as [VARCHAR] - [VBN-8]
2019-05-20 14:55:00.387 TRACE 10536 --- [    Test worker] o.h.type.descriptor.sql.BasicExtractor   : extracted value ([mov_cili2_2_0_] : [DOUBLE]) - [-1.0]
2019-05-20 14:55:00.387 TRACE 10536 --- [    Test worker] o.h.type.descriptor.sql.BasicExtractor   : extracted value ([mov_tipo3_2_0_] : [VARCHAR]) - [CARRO]
2019-05-20 14:55:00.387 TRACE 10536 --- [    Test worker] org.hibernate.type.CollectionType        : Created collection wrapper: [co.com.ceiba.ceibaestacionamiento.persistencia.entidades.MovilEntity.facturasEntity#VBN-8]
2019-05-20 14:55:00.390 DEBUG 10536 --- [    Test worker] org.hibernate.SQL                        : SELECT * FROM costoestadia WHERE cos_tipo_movil = ? AND cos_tipo_pago = ? AND cos_tiempo_estadia = ?
Hibernate: SELECT * FROM costoestadia WHERE cos_tipo_movil = ? AND cos_tipo_pago = ? AND cos_tiempo_estadia = ?
2019-05-20 14:55:00.391 TRACE 10536 --- [    Test worker] o.h.type.descriptor.sql.BasicBinder      : binding parameter [1] as [VARCHAR] - [CARRO]
2019-05-20 14:55:00.391 TRACE 10536 --- [    Test worker] o.h.type.descriptor.sql.BasicBinder      : binding parameter [2] as [VARCHAR] - [NORMAL]
2019-05-20 14:55:00.391 TRACE 10536 --- [    Test worker] o.h.type.descriptor.sql.BasicBinder      : binding parameter [3] as [VARCHAR] - [DIA]
2019-05-20 14:55:00.391 TRACE 10536 --- [    Test worker] o.h.type.descriptor.sql.BasicExtractor   : extracted value ([cos_id] : [INTEGER]) - [1]
2019-05-20 14:55:00.391 TRACE 10536 --- [    Test worker] o.h.type.descriptor.sql.BasicExtractor   : extracted value ([cos_tiempo_estadia] : [VARCHAR]) - [DIA]
2019-05-20 14:55:00.391 TRACE 10536 --- [    Test worker] o.h.type.descriptor.sql.BasicExtractor   : extracted value ([cos_tipo_movil] : [VARCHAR]) - [CARRO]
2019-05-20 14:55:00.391 TRACE 10536 --- [    Test worker] o.h.type.descriptor.sql.BasicExtractor   : extracted value ([cos_tipo_pago] : [VARCHAR]) - [NORMAL]
2019-05-20 14:55:00.391 TRACE 10536 --- [    Test worker] o.h.type.descriptor.sql.BasicExtractor   : extracted value ([cos_valor] : [DOUBLE]) - [8000.0]
2019-05-20 14:55:00.393 DEBUG 10536 --- [    Test worker] org.hibernate.SQL                        : SELECT * FROM costoestadia WHERE cos_tipo_movil = ? AND cos_tipo_pago = ? AND cos_tiempo_estadia = ?
Hibernate: SELECT * FROM costoestadia WHERE cos_tipo_movil = ? AND cos_tipo_pago = ? AND cos_tiempo_estadia = ?
2019-05-20 14:55:00.394 TRACE 10536 --- [    Test worker] o.h.type.descriptor.sql.BasicBinder      : binding parameter [1] as [VARCHAR] - [CARRO]
2019-05-20 14:55:00.394 TRACE 10536 --- [    Test worker] o.h.type.descriptor.sql.BasicBinder      : binding parameter [2] as [VARCHAR] - [NORMAL]
2019-05-20 14:55:00.394 TRACE 10536 --- [    Test worker] o.h.type.descriptor.sql.BasicBinder      : binding parameter [3] as [VARCHAR] - [HORA]
2019-05-20 14:55:00.394 TRACE 10536 --- [    Test worker] o.h.type.descriptor.sql.BasicExtractor   : extracted value ([cos_id] : [INTEGER]) - [2]
2019-05-20 14:55:00.394 TRACE 10536 --- [    Test worker] o.h.type.descriptor.sql.BasicExtractor   : extracted value ([cos_tiempo_estadia] : [VARCHAR]) - [HORA]
2019-05-20 14:55:00.394 TRACE 10536 --- [    Test worker] o.h.type.descriptor.sql.BasicExtractor   : extracted value ([cos_tipo_movil] : [VARCHAR]) - [CARRO]
2019-05-20 14:55:00.394 TRACE 10536 --- [    Test worker] o.h.type.descriptor.sql.BasicExtractor   : extracted value ([cos_tipo_pago] : [VARCHAR]) - [NORMAL]
2019-05-20 14:55:00.394 TRACE 10536 --- [    Test worker] o.h.type.descriptor.sql.BasicExtractor   : extracted value ([cos_valor] : [DOUBLE]) - [1000.0]
2019-05-20 14:55:00.396 DEBUG 10536 --- [    Test worker] org.hibernate.SQL                        : SELECT * FROM factura WHERE mov_placa = ? AND fac_fecha_salida IS NULL
Hibernate: SELECT * FROM factura WHERE mov_placa = ? AND fac_fecha_salida IS NULL
2019-05-20 14:55:00.408 TRACE 10536 --- [    Test worker] o.h.type.descriptor.sql.BasicBinder      : binding parameter [1] as [VARCHAR] - [VBN-8]
2019-05-20 14:55:00.408 TRACE 10536 --- [    Test worker] o.h.type.descriptor.sql.BasicExtractor   : extracted value ([facId] : [INTEGER]) - [20]
2019-05-20 14:55:00.409 TRACE 10536 --- [    Test worker] o.h.type.descriptor.sql.BasicExtractor   : extracted value ([fac_fecha_ingreso] : [TIMESTAMP]) - [2019-05-20 14:54:59.255]
2019-05-20 14:55:00.409 TRACE 10536 --- [    Test worker] o.h.type.descriptor.sql.BasicExtractor   : extracted value ([fac_fecha_salida] : [TIMESTAMP]) - [null]
2019-05-20 14:55:00.409 TRACE 10536 --- [    Test worker] o.h.type.descriptor.sql.BasicExtractor   : extracted value ([fac_valor] : [DOUBLE]) - [0.0]
2019-05-20 14:55:00.409 TRACE 10536 --- [    Test worker] o.h.type.descriptor.sql.BasicExtractor   : extracted value ([mov_placa] : [VARCHAR]) - [VBN-8]
2019-05-20 14:55:00.411 DEBUG 10536 --- [    Test worker] org.hibernate.SQL                        : select movilentit0_.mov_placa as mov_plac1_2_0_, movilentit0_.mov_cilindraje as mov_cili2_2_0_, movilentit0_.mov_tipo_movil as mov_tipo3_2_0_ from movil movilentit0_ where movilentit0_.mov_placa=?
Hibernate: select movilentit0_.mov_placa as mov_plac1_2_0_, movilentit0_.mov_cilindraje as mov_cili2_2_0_, movilentit0_.mov_tipo_movil as mov_tipo3_2_0_ from movil movilentit0_ where movilentit0_.mov_placa=?
2019-05-20 14:55:00.412 TRACE 10536 --- [    Test worker] o.h.type.descriptor.sql.BasicBinder      : binding parameter [1] as [VARCHAR] - [VBN-8]
2019-05-20 14:55:00.412 TRACE 10536 --- [    Test worker] o.h.type.descriptor.sql.BasicExtractor   : extracted value ([mov_cili2_2_0_] : [DOUBLE]) - [-1.0]
2019-05-20 14:55:00.413 TRACE 10536 --- [    Test worker] o.h.type.descriptor.sql.BasicExtractor   : extracted value ([mov_tipo3_2_0_] : [VARCHAR]) - [CARRO]
2019-05-20 14:55:00.413 TRACE 10536 --- [    Test worker] org.hibernate.type.CollectionType        : Created collection wrapper: [co.com.ceiba.ceibaestacionamiento.persistencia.entidades.MovilEntity.facturasEntity#VBN-8]
2019-05-20 14:55:00.416 DEBUG 10536 --- [    Test worker] org.hibernate.SQL                        : select facturaent0_.facId as facId1_1_0_, facturaent0_.fac_fecha_ingreso as fac_fech2_1_0_, facturaent0_.fac_fecha_salida as fac_fech3_1_0_, facturaent0_.fac_valor as fac_valo4_1_0_, facturaent0_.mov_placa as mov_plac5_1_0_ from factura facturaent0_ where facturaent0_.facId=?
Hibernate: select facturaent0_.facId as facId1_1_0_, facturaent0_.fac_fecha_ingreso as fac_fech2_1_0_, facturaent0_.fac_fecha_salida as fac_fech3_1_0_, facturaent0_.fac_valor as fac_valo4_1_0_, facturaent0_.mov_placa as mov_plac5_1_0_ from factura facturaent0_ where facturaent0_.facId=?
2019-05-20 14:55:00.417 TRACE 10536 --- [    Test worker] o.h.type.descriptor.sql.BasicBinder      : binding parameter [1] as [INTEGER] - [20]
2019-05-20 14:55:00.418 TRACE 10536 --- [    Test worker] o.h.type.descriptor.sql.BasicExtractor   : extracted value ([fac_fech2_1_0_] : [TIMESTAMP]) - [2019-05-20 14:54:59.255]
2019-05-20 14:55:00.418 TRACE 10536 --- [    Test worker] o.h.type.descriptor.sql.BasicExtractor   : extracted value ([fac_fech3_1_0_] : [TIMESTAMP]) - [null]
2019-05-20 14:55:00.419 TRACE 10536 --- [    Test worker] o.h.type.descriptor.sql.BasicExtractor   : extracted value ([fac_valo4_1_0_] : [DOUBLE]) - [0.0]
2019-05-20 14:55:00.419 TRACE 10536 --- [    Test worker] o.h.type.descriptor.sql.BasicExtractor   : extracted value ([mov_plac5_1_0_] : [VARCHAR]) - [VBN-8]
2019-05-20 14:55:00.419 DEBUG 10536 --- [    Test worker] org.hibernate.SQL                        : select movilentit0_.mov_placa as mov_plac1_2_1_, movilentit0_.mov_cilindraje as mov_cili2_2_1_, movilentit0_.mov_tipo_movil as mov_tipo3_2_1_, facturasen1_.mov_placa as mov_plac5_1_3_, facturasen1_.facId as facId1_1_3_, facturasen1_.facId as facId1_1_0_, facturasen1_.fac_fecha_ingreso as fac_fech2_1_0_, facturasen1_.fac_fecha_salida as fac_fech3_1_0_, facturasen1_.fac_valor as fac_valo4_1_0_, facturasen1_.mov_placa as mov_plac5_1_0_ from movil movilentit0_ left outer join factura facturasen1_ on movilentit0_.mov_placa=facturasen1_.mov_placa where movilentit0_.mov_placa=?
Hibernate: select movilentit0_.mov_placa as mov_plac1_2_1_, movilentit0_.mov_cilindraje as mov_cili2_2_1_, movilentit0_.mov_tipo_movil as mov_tipo3_2_1_, facturasen1_.mov_placa as mov_plac5_1_3_, facturasen1_.facId as facId1_1_3_, facturasen1_.facId as facId1_1_0_, facturasen1_.fac_fecha_ingreso as fac_fech2_1_0_, facturasen1_.fac_fecha_salida as fac_fech3_1_0_, facturasen1_.fac_valor as fac_valo4_1_0_, facturasen1_.mov_placa as mov_plac5_1_0_ from movil movilentit0_ left outer join factura facturasen1_ on movilentit0_.mov_placa=facturasen1_.mov_placa where movilentit0_.mov_placa=?
2019-05-20 14:55:00.421 TRACE 10536 --- [    Test worker] o.h.type.descriptor.sql.BasicBinder      : binding parameter [1] as [VARCHAR] - [VBN-8]
2019-05-20 14:55:00.421 TRACE 10536 --- [    Test worker] o.h.type.descriptor.sql.BasicExtractor   : extracted value ([facId1_1_0_] : [INTEGER]) - [20]
2019-05-20 14:55:00.422 TRACE 10536 --- [    Test worker] o.h.type.descriptor.sql.BasicExtractor   : extracted value ([mov_cili2_2_1_] : [DOUBLE]) - [-1.0]
2019-05-20 14:55:00.422 TRACE 10536 --- [    Test worker] o.h.type.descriptor.sql.BasicExtractor   : extracted value ([mov_tipo3_2_1_] : [VARCHAR]) - [CARRO]
2019-05-20 14:55:00.422 TRACE 10536 --- [    Test worker] o.h.type.descriptor.sql.BasicExtractor   : extracted value ([mov_plac5_1_3_] : [VARCHAR]) - [VBN-8]
2019-05-20 14:55:00.422 TRACE 10536 --- [    Test worker] o.h.type.descriptor.sql.BasicExtractor   : extracted value ([facId1_1_3_] : [INTEGER]) - [20]
2019-05-20 14:55:00.428 DEBUG 10536 --- [    Test worker] org.hibernate.SQL                        : update factura set fac_fecha_ingreso=?, fac_fecha_salida=?, fac_valor=?, mov_placa=? where facId=?
Hibernate: update factura set fac_fecha_ingreso=?, fac_fecha_salida=?, fac_valor=?, mov_placa=? where facId=?
2019-05-20 14:55:00.429 TRACE 10536 --- [    Test worker] o.h.type.descriptor.sql.BasicBinder      : binding parameter [1] as [TIMESTAMP] - [2019-05-20 14:54:59.255]
2019-05-20 14:55:00.429 TRACE 10536 --- [    Test worker] o.h.type.descriptor.sql.BasicBinder      : binding parameter [2] as [TIMESTAMP] - [Mon May 20 14:55:00 COT 2019]
2019-05-20 14:55:00.429 TRACE 10536 --- [    Test worker] o.h.type.descriptor.sql.BasicBinder      : binding parameter [3] as [DOUBLE] - [1000.0]
2019-05-20 14:55:00.429 TRACE 10536 --- [    Test worker] o.h.type.descriptor.sql.BasicBinder      : binding parameter [4] as [VARCHAR] - [VBN-8]
2019-05-20 14:55:00.429 TRACE 10536 --- [    Test worker] o.h.type.descriptor.sql.BasicBinder      : binding parameter [5] as [INTEGER] - [20]
2019-05-20 14:55:00.438 DEBUG 10536 --- [    Test worker] org.hibernate.SQL                        : select movilentit0_.mov_placa as mov_plac1_2_0_, movilentit0_.mov_cilindraje as mov_cili2_2_0_, movilentit0_.mov_tipo_movil as mov_tipo3_2_0_ from movil movilentit0_ where movilentit0_.mov_placa=?
Hibernate: select movilentit0_.mov_placa as mov_plac1_2_0_, movilentit0_.mov_cilindraje as mov_cili2_2_0_, movilentit0_.mov_tipo_movil as mov_tipo3_2_0_ from movil movilentit0_ where movilentit0_.mov_placa=?
2019-05-20 14:55:00.439 TRACE 10536 --- [    Test worker] o.h.type.descriptor.sql.BasicBinder      : binding parameter [1] as [VARCHAR] - [VBN-9]
2019-05-20 14:55:00.440 TRACE 10536 --- [    Test worker] o.h.type.descriptor.sql.BasicExtractor   : extracted value ([mov_cili2_2_0_] : [DOUBLE]) - [-1.0]
2019-05-20 14:55:00.441 TRACE 10536 --- [    Test worker] o.h.type.descriptor.sql.BasicExtractor   : extracted value ([mov_tipo3_2_0_] : [VARCHAR]) - [CARRO]
2019-05-20 14:55:00.441 TRACE 10536 --- [    Test worker] org.hibernate.type.CollectionType        : Created collection wrapper: [co.com.ceiba.ceibaestacionamiento.persistencia.entidades.MovilEntity.facturasEntity#VBN-9]
2019-05-20 14:55:00.443 DEBUG 10536 --- [    Test worker] org.hibernate.SQL                        : SELECT COUNT(*) FROM factura WHERE mov_placa = ? AND fac_fecha_salida IS NULL
Hibernate: SELECT COUNT(*) FROM factura WHERE mov_placa = ? AND fac_fecha_salida IS NULL
2019-05-20 14:55:00.444 TRACE 10536 --- [    Test worker] o.h.type.descriptor.sql.BasicBinder      : binding parameter [1] as [VARCHAR] - [VBN-9]
2019-05-20 14:55:00.444 TRACE 10536 --- [    Test worker] o.h.type.descriptor.sql.BasicExtractor   : extracted value ([COUNT(*)] : [NUMERIC]) - [1]
2019-05-20 14:55:00.446 DEBUG 10536 --- [    Test worker] org.hibernate.SQL                        : SELECT * FROM factura WHERE mov_placa = ? AND fac_fecha_salida IS NULL
Hibernate: SELECT * FROM factura WHERE mov_placa = ? AND fac_fecha_salida IS NULL
2019-05-20 14:55:00.447 TRACE 10536 --- [    Test worker] o.h.type.descriptor.sql.BasicBinder      : binding parameter [1] as [VARCHAR] - [VBN-9]
2019-05-20 14:55:00.448 TRACE 10536 --- [    Test worker] o.h.type.descriptor.sql.BasicExtractor   : extracted value ([facId] : [INTEGER]) - [21]
2019-05-20 14:55:00.448 TRACE 10536 --- [    Test worker] o.h.type.descriptor.sql.BasicExtractor   : extracted value ([fac_fecha_ingreso] : [TIMESTAMP]) - [2019-05-20 14:54:59.282]
2019-05-20 14:55:00.449 TRACE 10536 --- [    Test worker] o.h.type.descriptor.sql.BasicExtractor   : extracted value ([fac_fecha_salida] : [TIMESTAMP]) - [null]
2019-05-20 14:55:00.449 TRACE 10536 --- [    Test worker] o.h.type.descriptor.sql.BasicExtractor   : extracted value ([fac_valor] : [DOUBLE]) - [0.0]
2019-05-20 14:55:00.449 TRACE 10536 --- [    Test worker] o.h.type.descriptor.sql.BasicExtractor   : extracted value ([mov_placa] : [VARCHAR]) - [VBN-9]
2019-05-20 14:55:00.455 DEBUG 10536 --- [    Test worker] org.hibernate.SQL                        : select movilentit0_.mov_placa as mov_plac1_2_0_, movilentit0_.mov_cilindraje as mov_cili2_2_0_, movilentit0_.mov_tipo_movil as mov_tipo3_2_0_ from movil movilentit0_ where movilentit0_.mov_placa=?
Hibernate: select movilentit0_.mov_placa as mov_plac1_2_0_, movilentit0_.mov_cilindraje as mov_cili2_2_0_, movilentit0_.mov_tipo_movil as mov_tipo3_2_0_ from movil movilentit0_ where movilentit0_.mov_placa=?
2019-05-20 14:55:00.456 TRACE 10536 --- [    Test worker] o.h.type.descriptor.sql.BasicBinder      : binding parameter [1] as [VARCHAR] - [VBN-9]
2019-05-20 14:55:00.456 TRACE 10536 --- [    Test worker] o.h.type.descriptor.sql.BasicExtractor   : extracted value ([mov_cili2_2_0_] : [DOUBLE]) - [-1.0]
2019-05-20 14:55:00.457 TRACE 10536 --- [    Test worker] o.h.type.descriptor.sql.BasicExtractor   : extracted value ([mov_tipo3_2_0_] : [VARCHAR]) - [CARRO]
2019-05-20 14:55:00.457 TRACE 10536 --- [    Test worker] org.hibernate.type.CollectionType        : Created collection wrapper: [co.com.ceiba.ceibaestacionamiento.persistencia.entidades.MovilEntity.facturasEntity#VBN-9]
2019-05-20 14:55:00.461 DEBUG 10536 --- [    Test worker] org.hibernate.SQL                        : SELECT * FROM costoestadia WHERE cos_tipo_movil = ? AND cos_tipo_pago = ? AND cos_tiempo_estadia = ?
Hibernate: SELECT * FROM costoestadia WHERE cos_tipo_movil = ? AND cos_tipo_pago = ? AND cos_tiempo_estadia = ?
2019-05-20 14:55:00.462 TRACE 10536 --- [    Test worker] o.h.type.descriptor.sql.BasicBinder      : binding parameter [1] as [VARCHAR] - [CARRO]
2019-05-20 14:55:00.462 TRACE 10536 --- [    Test worker] o.h.type.descriptor.sql.BasicBinder      : binding parameter [2] as [VARCHAR] - [NORMAL]
2019-05-20 14:55:00.462 TRACE 10536 --- [    Test worker] o.h.type.descriptor.sql.BasicBinder      : binding parameter [3] as [VARCHAR] - [DIA]
2019-05-20 14:55:00.463 TRACE 10536 --- [    Test worker] o.h.type.descriptor.sql.BasicExtractor   : extracted value ([cos_id] : [INTEGER]) - [1]
2019-05-20 14:55:00.463 TRACE 10536 --- [    Test worker] o.h.type.descriptor.sql.BasicExtractor   : extracted value ([cos_tiempo_estadia] : [VARCHAR]) - [DIA]
2019-05-20 14:55:00.463 TRACE 10536 --- [    Test worker] o.h.type.descriptor.sql.BasicExtractor   : extracted value ([cos_tipo_movil] : [VARCHAR]) - [CARRO]
2019-05-20 14:55:00.463 TRACE 10536 --- [    Test worker] o.h.type.descriptor.sql.BasicExtractor   : extracted value ([cos_tipo_pago] : [VARCHAR]) - [NORMAL]
2019-05-20 14:55:00.463 TRACE 10536 --- [    Test worker] o.h.type.descriptor.sql.BasicExtractor   : extracted value ([cos_valor] : [DOUBLE]) - [8000.0]
2019-05-20 14:55:00.466 DEBUG 10536 --- [    Test worker] org.hibernate.SQL                        : SELECT * FROM costoestadia WHERE cos_tipo_movil = ? AND cos_tipo_pago = ? AND cos_tiempo_estadia = ?
Hibernate: SELECT * FROM costoestadia WHERE cos_tipo_movil = ? AND cos_tipo_pago = ? AND cos_tiempo_estadia = ?
2019-05-20 14:55:00.467 TRACE 10536 --- [    Test worker] o.h.type.descriptor.sql.BasicBinder      : binding parameter [1] as [VARCHAR] - [CARRO]
2019-05-20 14:55:00.467 TRACE 10536 --- [    Test worker] o.h.type.descriptor.sql.BasicBinder      : binding parameter [2] as [VARCHAR] - [NORMAL]
2019-05-20 14:55:00.467 TRACE 10536 --- [    Test worker] o.h.type.descriptor.sql.BasicBinder      : binding parameter [3] as [VARCHAR] - [HORA]
2019-05-20 14:55:00.468 TRACE 10536 --- [    Test worker] o.h.type.descriptor.sql.BasicExtractor   : extracted value ([cos_id] : [INTEGER]) - [2]
2019-05-20 14:55:00.468 TRACE 10536 --- [    Test worker] o.h.type.descriptor.sql.BasicExtractor   : extracted value ([cos_tiempo_estadia] : [VARCHAR]) - [HORA]
2019-05-20 14:55:00.468 TRACE 10536 --- [    Test worker] o.h.type.descriptor.sql.BasicExtractor   : extracted value ([cos_tipo_movil] : [VARCHAR]) - [CARRO]
2019-05-20 14:55:00.468 TRACE 10536 --- [    Test worker] o.h.type.descriptor.sql.BasicExtractor   : extracted value ([cos_tipo_pago] : [VARCHAR]) - [NORMAL]
2019-05-20 14:55:00.468 TRACE 10536 --- [    Test worker] o.h.type.descriptor.sql.BasicExtractor   : extracted value ([cos_valor] : [DOUBLE]) - [1000.0]
2019-05-20 14:55:00.471 DEBUG 10536 --- [    Test worker] org.hibernate.SQL                        : SELECT * FROM factura WHERE mov_placa = ? AND fac_fecha_salida IS NULL
Hibernate: SELECT * FROM factura WHERE mov_placa = ? AND fac_fecha_salida IS NULL
2019-05-20 14:55:00.472 TRACE 10536 --- [    Test worker] o.h.type.descriptor.sql.BasicBinder      : binding parameter [1] as [VARCHAR] - [VBN-9]
2019-05-20 14:55:00.473 TRACE 10536 --- [    Test worker] o.h.type.descriptor.sql.BasicExtractor   : extracted value ([facId] : [INTEGER]) - [21]
2019-05-20 14:55:00.473 TRACE 10536 --- [    Test worker] o.h.type.descriptor.sql.BasicExtractor   : extracted value ([fac_fecha_ingreso] : [TIMESTAMP]) - [2019-05-20 14:54:59.282]
2019-05-20 14:55:00.473 TRACE 10536 --- [    Test worker] o.h.type.descriptor.sql.BasicExtractor   : extracted value ([fac_fecha_salida] : [TIMESTAMP]) - [null]
2019-05-20 14:55:00.473 TRACE 10536 --- [    Test worker] o.h.type.descriptor.sql.BasicExtractor   : extracted value ([fac_valor] : [DOUBLE]) - [0.0]
2019-05-20 14:55:00.473 TRACE 10536 --- [    Test worker] o.h.type.descriptor.sql.BasicExtractor   : extracted value ([mov_placa] : [VARCHAR]) - [VBN-9]
2019-05-20 14:55:00.473 DEBUG 10536 --- [    Test worker] org.hibernate.SQL                        : select movilentit0_.mov_placa as mov_plac1_2_0_, movilentit0_.mov_cilindraje as mov_cili2_2_0_, movilentit0_.mov_tipo_movil as mov_tipo3_2_0_ from movil movilentit0_ where movilentit0_.mov_placa=?
Hibernate: select movilentit0_.mov_placa as mov_plac1_2_0_, movilentit0_.mov_cilindraje as mov_cili2_2_0_, movilentit0_.mov_tipo_movil as mov_tipo3_2_0_ from movil movilentit0_ where movilentit0_.mov_placa=?
2019-05-20 14:55:00.474 TRACE 10536 --- [    Test worker] o.h.type.descriptor.sql.BasicBinder      : binding parameter [1] as [VARCHAR] - [VBN-9]
2019-05-20 14:55:00.474 TRACE 10536 --- [    Test worker] o.h.type.descriptor.sql.BasicExtractor   : extracted value ([mov_cili2_2_0_] : [DOUBLE]) - [-1.0]
2019-05-20 14:55:00.474 TRACE 10536 --- [    Test worker] o.h.type.descriptor.sql.BasicExtractor   : extracted value ([mov_tipo3_2_0_] : [VARCHAR]) - [CARRO]
2019-05-20 14:55:00.474 TRACE 10536 --- [    Test worker] org.hibernate.type.CollectionType        : Created collection wrapper: [co.com.ceiba.ceibaestacionamiento.persistencia.entidades.MovilEntity.facturasEntity#VBN-9]
2019-05-20 14:55:00.477 DEBUG 10536 --- [    Test worker] org.hibernate.SQL                        : select facturaent0_.facId as facId1_1_0_, facturaent0_.fac_fecha_ingreso as fac_fech2_1_0_, facturaent0_.fac_fecha_salida as fac_fech3_1_0_, facturaent0_.fac_valor as fac_valo4_1_0_, facturaent0_.mov_placa as mov_plac5_1_0_ from factura facturaent0_ where facturaent0_.facId=?
Hibernate: select facturaent0_.facId as facId1_1_0_, facturaent0_.fac_fecha_ingreso as fac_fech2_1_0_, facturaent0_.fac_fecha_salida as fac_fech3_1_0_, facturaent0_.fac_valor as fac_valo4_1_0_, facturaent0_.mov_placa as mov_plac5_1_0_ from factura facturaent0_ where facturaent0_.facId=?
2019-05-20 14:55:00.478 TRACE 10536 --- [    Test worker] o.h.type.descriptor.sql.BasicBinder      : binding parameter [1] as [INTEGER] - [21]
2019-05-20 14:55:00.478 TRACE 10536 --- [    Test worker] o.h.type.descriptor.sql.BasicExtractor   : extracted value ([fac_fech2_1_0_] : [TIMESTAMP]) - [2019-05-20 14:54:59.282]
2019-05-20 14:55:00.478 TRACE 10536 --- [    Test worker] o.h.type.descriptor.sql.BasicExtractor   : extracted value ([fac_fech3_1_0_] : [TIMESTAMP]) - [null]
2019-05-20 14:55:00.478 TRACE 10536 --- [    Test worker] o.h.type.descriptor.sql.BasicExtractor   : extracted value ([fac_valo4_1_0_] : [DOUBLE]) - [0.0]
2019-05-20 14:55:00.478 TRACE 10536 --- [    Test worker] o.h.type.descriptor.sql.BasicExtractor   : extracted value ([mov_plac5_1_0_] : [VARCHAR]) - [VBN-9]
2019-05-20 14:55:00.486 DEBUG 10536 --- [    Test worker] org.hibernate.SQL                        : select movilentit0_.mov_placa as mov_plac1_2_1_, movilentit0_.mov_cilindraje as mov_cili2_2_1_, movilentit0_.mov_tipo_movil as mov_tipo3_2_1_, facturasen1_.mov_placa as mov_plac5_1_3_, facturasen1_.facId as facId1_1_3_, facturasen1_.facId as facId1_1_0_, facturasen1_.fac_fecha_ingreso as fac_fech2_1_0_, facturasen1_.fac_fecha_salida as fac_fech3_1_0_, facturasen1_.fac_valor as fac_valo4_1_0_, facturasen1_.mov_placa as mov_plac5_1_0_ from movil movilentit0_ left outer join factura facturasen1_ on movilentit0_.mov_placa=facturasen1_.mov_placa where movilentit0_.mov_placa=?
Hibernate: select movilentit0_.mov_placa as mov_plac1_2_1_, movilentit0_.mov_cilindraje as mov_cili2_2_1_, movilentit0_.mov_tipo_movil as mov_tipo3_2_1_, facturasen1_.mov_placa as mov_plac5_1_3_, facturasen1_.facId as facId1_1_3_, facturasen1_.facId as facId1_1_0_, facturasen1_.fac_fecha_ingreso as fac_fech2_1_0_, facturasen1_.fac_fecha_salida as fac_fech3_1_0_, facturasen1_.fac_valor as fac_valo4_1_0_, facturasen1_.mov_placa as mov_plac5_1_0_ from movil movilentit0_ left outer join factura facturasen1_ on movilentit0_.mov_placa=facturasen1_.mov_placa where movilentit0_.mov_placa=?
2019-05-20 14:55:00.487 TRACE 10536 --- [    Test worker] o.h.type.descriptor.sql.BasicBinder      : binding parameter [1] as [VARCHAR] - [VBN-9]
2019-05-20 14:55:00.488 TRACE 10536 --- [    Test worker] o.h.type.descriptor.sql.BasicExtractor   : extracted value ([facId1_1_0_] : [INTEGER]) - [21]
2019-05-20 14:55:00.488 TRACE 10536 --- [    Test worker] o.h.type.descriptor.sql.BasicExtractor   : extracted value ([mov_cili2_2_1_] : [DOUBLE]) - [-1.0]
2019-05-20 14:55:00.488 TRACE 10536 --- [    Test worker] o.h.type.descriptor.sql.BasicExtractor   : extracted value ([mov_tipo3_2_1_] : [VARCHAR]) - [CARRO]
2019-05-20 14:55:00.488 TRACE 10536 --- [    Test worker] o.h.type.descriptor.sql.BasicExtractor   : extracted value ([mov_plac5_1_3_] : [VARCHAR]) - [VBN-9]
2019-05-20 14:55:00.488 TRACE 10536 --- [    Test worker] o.h.type.descriptor.sql.BasicExtractor   : extracted value ([facId1_1_3_] : [INTEGER]) - [21]
2019-05-20 14:55:00.492 DEBUG 10536 --- [    Test worker] org.hibernate.SQL                        : update factura set fac_fecha_ingreso=?, fac_fecha_salida=?, fac_valor=?, mov_placa=? where facId=?
Hibernate: update factura set fac_fecha_ingreso=?, fac_fecha_salida=?, fac_valor=?, mov_placa=? where facId=?
2019-05-20 14:55:00.493 TRACE 10536 --- [    Test worker] o.h.type.descriptor.sql.BasicBinder      : binding parameter [1] as [TIMESTAMP] - [2019-05-20 14:54:59.282]
2019-05-20 14:55:00.493 TRACE 10536 --- [    Test worker] o.h.type.descriptor.sql.BasicBinder      : binding parameter [2] as [TIMESTAMP] - [Mon May 20 14:55:00 COT 2019]
2019-05-20 14:55:00.493 TRACE 10536 --- [    Test worker] o.h.type.descriptor.sql.BasicBinder      : binding parameter [3] as [DOUBLE] - [1000.0]
2019-05-20 14:55:00.494 TRACE 10536 --- [    Test worker] o.h.type.descriptor.sql.BasicBinder      : binding parameter [4] as [VARCHAR] - [VBN-9]
2019-05-20 14:55:00.494 TRACE 10536 --- [    Test worker] o.h.type.descriptor.sql.BasicBinder      : binding parameter [5] as [INTEGER] - [21]
2019-05-20 14:55:00.502 DEBUG 10536 --- [    Test worker] org.hibernate.SQL                        : select movilentit0_.mov_placa as mov_plac1_2_0_, movilentit0_.mov_cilindraje as mov_cili2_2_0_, movilentit0_.mov_tipo_movil as mov_tipo3_2_0_ from movil movilentit0_ where movilentit0_.mov_placa=?
Hibernate: select movilentit0_.mov_placa as mov_plac1_2_0_, movilentit0_.mov_cilindraje as mov_cili2_2_0_, movilentit0_.mov_tipo_movil as mov_tipo3_2_0_ from movil movilentit0_ where movilentit0_.mov_placa=?
2019-05-20 14:55:00.503 TRACE 10536 --- [    Test worker] o.h.type.descriptor.sql.BasicBinder      : binding parameter [1] as [VARCHAR] - [VBN-10]
2019-05-20 14:55:00.503 TRACE 10536 --- [    Test worker] o.h.type.descriptor.sql.BasicExtractor   : extracted value ([mov_cili2_2_0_] : [DOUBLE]) - [-1.0]
2019-05-20 14:55:00.504 TRACE 10536 --- [    Test worker] o.h.type.descriptor.sql.BasicExtractor   : extracted value ([mov_tipo3_2_0_] : [VARCHAR]) - [CARRO]
2019-05-20 14:55:00.504 TRACE 10536 --- [    Test worker] org.hibernate.type.CollectionType        : Created collection wrapper: [co.com.ceiba.ceibaestacionamiento.persistencia.entidades.MovilEntity.facturasEntity#VBN-10]
2019-05-20 14:55:00.509 DEBUG 10536 --- [    Test worker] org.hibernate.SQL                        : SELECT COUNT(*) FROM factura WHERE mov_placa = ? AND fac_fecha_salida IS NULL
Hibernate: SELECT COUNT(*) FROM factura WHERE mov_placa = ? AND fac_fecha_salida IS NULL
2019-05-20 14:55:00.509 TRACE 10536 --- [    Test worker] o.h.type.descriptor.sql.BasicBinder      : binding parameter [1] as [VARCHAR] - [VBN-10]
2019-05-20 14:55:00.510 TRACE 10536 --- [    Test worker] o.h.type.descriptor.sql.BasicExtractor   : extracted value ([COUNT(*)] : [NUMERIC]) - [1]
2019-05-20 14:55:00.512 DEBUG 10536 --- [    Test worker] org.hibernate.SQL                        : SELECT * FROM factura WHERE mov_placa = ? AND fac_fecha_salida IS NULL
Hibernate: SELECT * FROM factura WHERE mov_placa = ? AND fac_fecha_salida IS NULL
2019-05-20 14:55:00.513 TRACE 10536 --- [    Test worker] o.h.type.descriptor.sql.BasicBinder      : binding parameter [1] as [VARCHAR] - [VBN-10]
2019-05-20 14:55:00.513 TRACE 10536 --- [    Test worker] o.h.type.descriptor.sql.BasicExtractor   : extracted value ([facId] : [INTEGER]) - [22]
2019-05-20 14:55:00.513 TRACE 10536 --- [    Test worker] o.h.type.descriptor.sql.BasicExtractor   : extracted value ([fac_fecha_ingreso] : [TIMESTAMP]) - [2019-05-20 14:54:59.305]
2019-05-20 14:55:00.513 TRACE 10536 --- [    Test worker] o.h.type.descriptor.sql.BasicExtractor   : extracted value ([fac_fecha_salida] : [TIMESTAMP]) - [null]
2019-05-20 14:55:00.513 TRACE 10536 --- [    Test worker] o.h.type.descriptor.sql.BasicExtractor   : extracted value ([fac_valor] : [DOUBLE]) - [0.0]
2019-05-20 14:55:00.514 TRACE 10536 --- [    Test worker] o.h.type.descriptor.sql.BasicExtractor   : extracted value ([mov_placa] : [VARCHAR]) - [VBN-10]
2019-05-20 14:55:00.514 DEBUG 10536 --- [    Test worker] org.hibernate.SQL                        : select movilentit0_.mov_placa as mov_plac1_2_0_, movilentit0_.mov_cilindraje as mov_cili2_2_0_, movilentit0_.mov_tipo_movil as mov_tipo3_2_0_ from movil movilentit0_ where movilentit0_.mov_placa=?
Hibernate: select movilentit0_.mov_placa as mov_plac1_2_0_, movilentit0_.mov_cilindraje as mov_cili2_2_0_, movilentit0_.mov_tipo_movil as mov_tipo3_2_0_ from movil movilentit0_ where movilentit0_.mov_placa=?
2019-05-20 14:55:00.514 TRACE 10536 --- [    Test worker] o.h.type.descriptor.sql.BasicBinder      : binding parameter [1] as [VARCHAR] - [VBN-10]
2019-05-20 14:55:00.514 TRACE 10536 --- [    Test worker] o.h.type.descriptor.sql.BasicExtractor   : extracted value ([mov_cili2_2_0_] : [DOUBLE]) - [-1.0]
2019-05-20 14:55:00.514 TRACE 10536 --- [    Test worker] o.h.type.descriptor.sql.BasicExtractor   : extracted value ([mov_tipo3_2_0_] : [VARCHAR]) - [CARRO]
2019-05-20 14:55:00.514 TRACE 10536 --- [    Test worker] org.hibernate.type.CollectionType        : Created collection wrapper: [co.com.ceiba.ceibaestacionamiento.persistencia.entidades.MovilEntity.facturasEntity#VBN-10]
2019-05-20 14:55:00.516 DEBUG 10536 --- [    Test worker] org.hibernate.SQL                        : SELECT * FROM costoestadia WHERE cos_tipo_movil = ? AND cos_tipo_pago = ? AND cos_tiempo_estadia = ?
Hibernate: SELECT * FROM costoestadia WHERE cos_tipo_movil = ? AND cos_tipo_pago = ? AND cos_tiempo_estadia = ?
2019-05-20 14:55:00.517 TRACE 10536 --- [    Test worker] o.h.type.descriptor.sql.BasicBinder      : binding parameter [1] as [VARCHAR] - [CARRO]
2019-05-20 14:55:00.517 TRACE 10536 --- [    Test worker] o.h.type.descriptor.sql.BasicBinder      : binding parameter [2] as [VARCHAR] - [NORMAL]
2019-05-20 14:55:00.517 TRACE 10536 --- [    Test worker] o.h.type.descriptor.sql.BasicBinder      : binding parameter [3] as [VARCHAR] - [DIA]
2019-05-20 14:55:00.517 TRACE 10536 --- [    Test worker] o.h.type.descriptor.sql.BasicExtractor   : extracted value ([cos_id] : [INTEGER]) - [1]
2019-05-20 14:55:00.517 TRACE 10536 --- [    Test worker] o.h.type.descriptor.sql.BasicExtractor   : extracted value ([cos_tiempo_estadia] : [VARCHAR]) - [DIA]
2019-05-20 14:55:00.518 TRACE 10536 --- [    Test worker] o.h.type.descriptor.sql.BasicExtractor   : extracted value ([cos_tipo_movil] : [VARCHAR]) - [CARRO]
2019-05-20 14:55:00.518 TRACE 10536 --- [    Test worker] o.h.type.descriptor.sql.BasicExtractor   : extracted value ([cos_tipo_pago] : [VARCHAR]) - [NORMAL]
2019-05-20 14:55:00.518 TRACE 10536 --- [    Test worker] o.h.type.descriptor.sql.BasicExtractor   : extracted value ([cos_valor] : [DOUBLE]) - [8000.0]
2019-05-20 14:55:00.520 DEBUG 10536 --- [    Test worker] org.hibernate.SQL                        : SELECT * FROM costoestadia WHERE cos_tipo_movil = ? AND cos_tipo_pago = ? AND cos_tiempo_estadia = ?
Hibernate: SELECT * FROM costoestadia WHERE cos_tipo_movil = ? AND cos_tipo_pago = ? AND cos_tiempo_estadia = ?
2019-05-20 14:55:00.520 TRACE 10536 --- [    Test worker] o.h.type.descriptor.sql.BasicBinder      : binding parameter [1] as [VARCHAR] - [CARRO]
2019-05-20 14:55:00.520 TRACE 10536 --- [    Test worker] o.h.type.descriptor.sql.BasicBinder      : binding parameter [2] as [VARCHAR] - [NORMAL]
2019-05-20 14:55:00.520 TRACE 10536 --- [    Test worker] o.h.type.descriptor.sql.BasicBinder      : binding parameter [3] as [VARCHAR] - [HORA]
2019-05-20 14:55:00.521 TRACE 10536 --- [    Test worker] o.h.type.descriptor.sql.BasicExtractor   : extracted value ([cos_id] : [INTEGER]) - [2]
2019-05-20 14:55:00.521 TRACE 10536 --- [    Test worker] o.h.type.descriptor.sql.BasicExtractor   : extracted value ([cos_tiempo_estadia] : [VARCHAR]) - [HORA]
2019-05-20 14:55:00.521 TRACE 10536 --- [    Test worker] o.h.type.descriptor.sql.BasicExtractor   : extracted value ([cos_tipo_movil] : [VARCHAR]) - [CARRO]
2019-05-20 14:55:00.521 TRACE 10536 --- [    Test worker] o.h.type.descriptor.sql.BasicExtractor   : extracted value ([cos_tipo_pago] : [VARCHAR]) - [NORMAL]
2019-05-20 14:55:00.521 TRACE 10536 --- [    Test worker] o.h.type.descriptor.sql.BasicExtractor   : extracted value ([cos_valor] : [DOUBLE]) - [1000.0]
2019-05-20 14:55:00.522 DEBUG 10536 --- [    Test worker] org.hibernate.SQL                        : SELECT * FROM factura WHERE mov_placa = ? AND fac_fecha_salida IS NULL
Hibernate: SELECT * FROM factura WHERE mov_placa = ? AND fac_fecha_salida IS NULL
2019-05-20 14:55:00.523 TRACE 10536 --- [    Test worker] o.h.type.descriptor.sql.BasicBinder      : binding parameter [1] as [VARCHAR] - [VBN-10]
2019-05-20 14:55:00.523 TRACE 10536 --- [    Test worker] o.h.type.descriptor.sql.BasicExtractor   : extracted value ([facId] : [INTEGER]) - [22]
2019-05-20 14:55:00.523 TRACE 10536 --- [    Test worker] o.h.type.descriptor.sql.BasicExtractor   : extracted value ([fac_fecha_ingreso] : [TIMESTAMP]) - [2019-05-20 14:54:59.305]
2019-05-20 14:55:00.523 TRACE 10536 --- [    Test worker] o.h.type.descriptor.sql.BasicExtractor   : extracted value ([fac_fecha_salida] : [TIMESTAMP]) - [null]
2019-05-20 14:55:00.524 TRACE 10536 --- [    Test worker] o.h.type.descriptor.sql.BasicExtractor   : extracted value ([fac_valor] : [DOUBLE]) - [0.0]
2019-05-20 14:55:00.524 TRACE 10536 --- [    Test worker] o.h.type.descriptor.sql.BasicExtractor   : extracted value ([mov_placa] : [VARCHAR]) - [VBN-10]
2019-05-20 14:55:00.524 DEBUG 10536 --- [    Test worker] org.hibernate.SQL                        : select movilentit0_.mov_placa as mov_plac1_2_0_, movilentit0_.mov_cilindraje as mov_cili2_2_0_, movilentit0_.mov_tipo_movil as mov_tipo3_2_0_ from movil movilentit0_ where movilentit0_.mov_placa=?
Hibernate: select movilentit0_.mov_placa as mov_plac1_2_0_, movilentit0_.mov_cilindraje as mov_cili2_2_0_, movilentit0_.mov_tipo_movil as mov_tipo3_2_0_ from movil movilentit0_ where movilentit0_.mov_placa=?
2019-05-20 14:55:00.524 TRACE 10536 --- [    Test worker] o.h.type.descriptor.sql.BasicBinder      : binding parameter [1] as [VARCHAR] - [VBN-10]
2019-05-20 14:55:00.524 TRACE 10536 --- [    Test worker] o.h.type.descriptor.sql.BasicExtractor   : extracted value ([mov_cili2_2_0_] : [DOUBLE]) - [-1.0]
2019-05-20 14:55:00.524 TRACE 10536 --- [    Test worker] o.h.type.descriptor.sql.BasicExtractor   : extracted value ([mov_tipo3_2_0_] : [VARCHAR]) - [CARRO]
2019-05-20 14:55:00.525 TRACE 10536 --- [    Test worker] org.hibernate.type.CollectionType        : Created collection wrapper: [co.com.ceiba.ceibaestacionamiento.persistencia.entidades.MovilEntity.facturasEntity#VBN-10]
2019-05-20 14:55:00.526 DEBUG 10536 --- [    Test worker] org.hibernate.SQL                        : select facturaent0_.facId as facId1_1_0_, facturaent0_.fac_fecha_ingreso as fac_fech2_1_0_, facturaent0_.fac_fecha_salida as fac_fech3_1_0_, facturaent0_.fac_valor as fac_valo4_1_0_, facturaent0_.mov_placa as mov_plac5_1_0_ from factura facturaent0_ where facturaent0_.facId=?
Hibernate: select facturaent0_.facId as facId1_1_0_, facturaent0_.fac_fecha_ingreso as fac_fech2_1_0_, facturaent0_.fac_fecha_salida as fac_fech3_1_0_, facturaent0_.fac_valor as fac_valo4_1_0_, facturaent0_.mov_placa as mov_plac5_1_0_ from factura facturaent0_ where facturaent0_.facId=?
2019-05-20 14:55:00.526 TRACE 10536 --- [    Test worker] o.h.type.descriptor.sql.BasicBinder      : binding parameter [1] as [INTEGER] - [22]
2019-05-20 14:55:00.527 TRACE 10536 --- [    Test worker] o.h.type.descriptor.sql.BasicExtractor   : extracted value ([fac_fech2_1_0_] : [TIMESTAMP]) - [2019-05-20 14:54:59.305]
2019-05-20 14:55:00.527 TRACE 10536 --- [    Test worker] o.h.type.descriptor.sql.BasicExtractor   : extracted value ([fac_fech3_1_0_] : [TIMESTAMP]) - [null]
2019-05-20 14:55:00.527 TRACE 10536 --- [    Test worker] o.h.type.descriptor.sql.BasicExtractor   : extracted value ([fac_valo4_1_0_] : [DOUBLE]) - [0.0]
2019-05-20 14:55:00.527 TRACE 10536 --- [    Test worker] o.h.type.descriptor.sql.BasicExtractor   : extracted value ([mov_plac5_1_0_] : [VARCHAR]) - [VBN-10]
2019-05-20 14:55:00.527 DEBUG 10536 --- [    Test worker] org.hibernate.SQL                        : select movilentit0_.mov_placa as mov_plac1_2_1_, movilentit0_.mov_cilindraje as mov_cili2_2_1_, movilentit0_.mov_tipo_movil as mov_tipo3_2_1_, facturasen1_.mov_placa as mov_plac5_1_3_, facturasen1_.facId as facId1_1_3_, facturasen1_.facId as facId1_1_0_, facturasen1_.fac_fecha_ingreso as fac_fech2_1_0_, facturasen1_.fac_fecha_salida as fac_fech3_1_0_, facturasen1_.fac_valor as fac_valo4_1_0_, facturasen1_.mov_placa as mov_plac5_1_0_ from movil movilentit0_ left outer join factura facturasen1_ on movilentit0_.mov_placa=facturasen1_.mov_placa where movilentit0_.mov_placa=?
Hibernate: select movilentit0_.mov_placa as mov_plac1_2_1_, movilentit0_.mov_cilindraje as mov_cili2_2_1_, movilentit0_.mov_tipo_movil as mov_tipo3_2_1_, facturasen1_.mov_placa as mov_plac5_1_3_, facturasen1_.facId as facId1_1_3_, facturasen1_.facId as facId1_1_0_, facturasen1_.fac_fecha_ingreso as fac_fech2_1_0_, facturasen1_.fac_fecha_salida as fac_fech3_1_0_, facturasen1_.fac_valor as fac_valo4_1_0_, facturasen1_.mov_placa as mov_plac5_1_0_ from movil movilentit0_ left outer join factura facturasen1_ on movilentit0_.mov_placa=facturasen1_.mov_placa where movilentit0_.mov_placa=?
2019-05-20 14:55:00.528 TRACE 10536 --- [    Test worker] o.h.type.descriptor.sql.BasicBinder      : binding parameter [1] as [VARCHAR] - [VBN-10]
2019-05-20 14:55:00.528 TRACE 10536 --- [    Test worker] o.h.type.descriptor.sql.BasicExtractor   : extracted value ([facId1_1_0_] : [INTEGER]) - [22]
2019-05-20 14:55:00.529 TRACE 10536 --- [    Test worker] o.h.type.descriptor.sql.BasicExtractor   : extracted value ([mov_cili2_2_1_] : [DOUBLE]) - [-1.0]
2019-05-20 14:55:00.529 TRACE 10536 --- [    Test worker] o.h.type.descriptor.sql.BasicExtractor   : extracted value ([mov_tipo3_2_1_] : [VARCHAR]) - [CARRO]
2019-05-20 14:55:00.529 TRACE 10536 --- [    Test worker] o.h.type.descriptor.sql.BasicExtractor   : extracted value ([mov_plac5_1_3_] : [VARCHAR]) - [VBN-10]
2019-05-20 14:55:00.529 TRACE 10536 --- [    Test worker] o.h.type.descriptor.sql.BasicExtractor   : extracted value ([facId1_1_3_] : [INTEGER]) - [22]
2019-05-20 14:55:00.531 DEBUG 10536 --- [    Test worker] org.hibernate.SQL                        : update factura set fac_fecha_ingreso=?, fac_fecha_salida=?, fac_valor=?, mov_placa=? where facId=?
Hibernate: update factura set fac_fecha_ingreso=?, fac_fecha_salida=?, fac_valor=?, mov_placa=? where facId=?
2019-05-20 14:55:00.531 TRACE 10536 --- [    Test worker] o.h.type.descriptor.sql.BasicBinder      : binding parameter [1] as [TIMESTAMP] - [2019-05-20 14:54:59.305]
2019-05-20 14:55:00.531 TRACE 10536 --- [    Test worker] o.h.type.descriptor.sql.BasicBinder      : binding parameter [2] as [TIMESTAMP] - [Mon May 20 14:55:00 COT 2019]
2019-05-20 14:55:00.531 TRACE 10536 --- [    Test worker] o.h.type.descriptor.sql.BasicBinder      : binding parameter [3] as [DOUBLE] - [1000.0]
2019-05-20 14:55:00.531 TRACE 10536 --- [    Test worker] o.h.type.descriptor.sql.BasicBinder      : binding parameter [4] as [VARCHAR] - [VBN-10]
2019-05-20 14:55:00.531 TRACE 10536 --- [    Test worker] o.h.type.descriptor.sql.BasicBinder      : binding parameter [5] as [INTEGER] - [22]
2019-05-20 14:55:00.533 DEBUG 10536 --- [    Test worker] org.hibernate.SQL                        : select movilentit0_.mov_placa as mov_plac1_2_0_, movilentit0_.mov_cilindraje as mov_cili2_2_0_, movilentit0_.mov_tipo_movil as mov_tipo3_2_0_ from movil movilentit0_ where movilentit0_.mov_placa=?
Hibernate: select movilentit0_.mov_placa as mov_plac1_2_0_, movilentit0_.mov_cilindraje as mov_cili2_2_0_, movilentit0_.mov_tipo_movil as mov_tipo3_2_0_ from movil movilentit0_ where movilentit0_.mov_placa=?
2019-05-20 14:55:00.533 TRACE 10536 --- [    Test worker] o.h.type.descriptor.sql.BasicBinder      : binding parameter [1] as [VARCHAR] - [VBN-11]
2019-05-20 14:55:00.534 TRACE 10536 --- [    Test worker] o.h.type.descriptor.sql.BasicExtractor   : extracted value ([mov_cili2_2_0_] : [DOUBLE]) - [-1.0]
2019-05-20 14:55:00.534 TRACE 10536 --- [    Test worker] o.h.type.descriptor.sql.BasicExtractor   : extracted value ([mov_tipo3_2_0_] : [VARCHAR]) - [CARRO]
2019-05-20 14:55:00.534 TRACE 10536 --- [    Test worker] org.hibernate.type.CollectionType        : Created collection wrapper: [co.com.ceiba.ceibaestacionamiento.persistencia.entidades.MovilEntity.facturasEntity#VBN-11]
2019-05-20 14:55:00.535 DEBUG 10536 --- [    Test worker] org.hibernate.SQL                        : SELECT COUNT(*) FROM factura WHERE mov_placa = ? AND fac_fecha_salida IS NULL
Hibernate: SELECT COUNT(*) FROM factura WHERE mov_placa = ? AND fac_fecha_salida IS NULL
2019-05-20 14:55:00.536 TRACE 10536 --- [    Test worker] o.h.type.descriptor.sql.BasicBinder      : binding parameter [1] as [VARCHAR] - [VBN-11]
2019-05-20 14:55:00.536 TRACE 10536 --- [    Test worker] o.h.type.descriptor.sql.BasicExtractor   : extracted value ([COUNT(*)] : [NUMERIC]) - [1]
2019-05-20 14:55:00.537 DEBUG 10536 --- [    Test worker] org.hibernate.SQL                        : SELECT * FROM factura WHERE mov_placa = ? AND fac_fecha_salida IS NULL
Hibernate: SELECT * FROM factura WHERE mov_placa = ? AND fac_fecha_salida IS NULL
2019-05-20 14:55:00.538 TRACE 10536 --- [    Test worker] o.h.type.descriptor.sql.BasicBinder      : binding parameter [1] as [VARCHAR] - [VBN-11]
2019-05-20 14:55:00.538 TRACE 10536 --- [    Test worker] o.h.type.descriptor.sql.BasicExtractor   : extracted value ([facId] : [INTEGER]) - [23]
2019-05-20 14:55:00.539 TRACE 10536 --- [    Test worker] o.h.type.descriptor.sql.BasicExtractor   : extracted value ([fac_fecha_ingreso] : [TIMESTAMP]) - [2019-05-20 14:54:59.329]
2019-05-20 14:55:00.539 TRACE 10536 --- [    Test worker] o.h.type.descriptor.sql.BasicExtractor   : extracted value ([fac_fecha_salida] : [TIMESTAMP]) - [null]
2019-05-20 14:55:00.539 TRACE 10536 --- [    Test worker] o.h.type.descriptor.sql.BasicExtractor   : extracted value ([fac_valor] : [DOUBLE]) - [0.0]
2019-05-20 14:55:00.539 TRACE 10536 --- [    Test worker] o.h.type.descriptor.sql.BasicExtractor   : extracted value ([mov_placa] : [VARCHAR]) - [VBN-11]
2019-05-20 14:55:00.539 DEBUG 10536 --- [    Test worker] org.hibernate.SQL                        : select movilentit0_.mov_placa as mov_plac1_2_0_, movilentit0_.mov_cilindraje as mov_cili2_2_0_, movilentit0_.mov_tipo_movil as mov_tipo3_2_0_ from movil movilentit0_ where movilentit0_.mov_placa=?
Hibernate: select movilentit0_.mov_placa as mov_plac1_2_0_, movilentit0_.mov_cilindraje as mov_cili2_2_0_, movilentit0_.mov_tipo_movil as mov_tipo3_2_0_ from movil movilentit0_ where movilentit0_.mov_placa=?
2019-05-20 14:55:00.540 TRACE 10536 --- [    Test worker] o.h.type.descriptor.sql.BasicBinder      : binding parameter [1] as [VARCHAR] - [VBN-11]
2019-05-20 14:55:00.540 TRACE 10536 --- [    Test worker] o.h.type.descriptor.sql.BasicExtractor   : extracted value ([mov_cili2_2_0_] : [DOUBLE]) - [-1.0]
2019-05-20 14:55:00.540 TRACE 10536 --- [    Test worker] o.h.type.descriptor.sql.BasicExtractor   : extracted value ([mov_tipo3_2_0_] : [VARCHAR]) - [CARRO]
2019-05-20 14:55:00.540 TRACE 10536 --- [    Test worker] org.hibernate.type.CollectionType        : Created collection wrapper: [co.com.ceiba.ceibaestacionamiento.persistencia.entidades.MovilEntity.facturasEntity#VBN-11]
2019-05-20 14:55:00.542 DEBUG 10536 --- [    Test worker] org.hibernate.SQL                        : SELECT * FROM costoestadia WHERE cos_tipo_movil = ? AND cos_tipo_pago = ? AND cos_tiempo_estadia = ?
Hibernate: SELECT * FROM costoestadia WHERE cos_tipo_movil = ? AND cos_tipo_pago = ? AND cos_tiempo_estadia = ?
2019-05-20 14:55:00.543 TRACE 10536 --- [    Test worker] o.h.type.descriptor.sql.BasicBinder      : binding parameter [1] as [VARCHAR] - [CARRO]
2019-05-20 14:55:00.543 TRACE 10536 --- [    Test worker] o.h.type.descriptor.sql.BasicBinder      : binding parameter [2] as [VARCHAR] - [NORMAL]
2019-05-20 14:55:00.543 TRACE 10536 --- [    Test worker] o.h.type.descriptor.sql.BasicBinder      : binding parameter [3] as [VARCHAR] - [DIA]
2019-05-20 14:55:00.543 TRACE 10536 --- [    Test worker] o.h.type.descriptor.sql.BasicExtractor   : extracted value ([cos_id] : [INTEGER]) - [1]
2019-05-20 14:55:00.544 TRACE 10536 --- [    Test worker] o.h.type.descriptor.sql.BasicExtractor   : extracted value ([cos_tiempo_estadia] : [VARCHAR]) - [DIA]
2019-05-20 14:55:00.544 TRACE 10536 --- [    Test worker] o.h.type.descriptor.sql.BasicExtractor   : extracted value ([cos_tipo_movil] : [VARCHAR]) - [CARRO]
2019-05-20 14:55:00.544 TRACE 10536 --- [    Test worker] o.h.type.descriptor.sql.BasicExtractor   : extracted value ([cos_tipo_pago] : [VARCHAR]) - [NORMAL]
2019-05-20 14:55:00.544 TRACE 10536 --- [    Test worker] o.h.type.descriptor.sql.BasicExtractor   : extracted value ([cos_valor] : [DOUBLE]) - [8000.0]
2019-05-20 14:55:00.545 DEBUG 10536 --- [    Test worker] org.hibernate.SQL                        : SELECT * FROM costoestadia WHERE cos_tipo_movil = ? AND cos_tipo_pago = ? AND cos_tiempo_estadia = ?
Hibernate: SELECT * FROM costoestadia WHERE cos_tipo_movil = ? AND cos_tipo_pago = ? AND cos_tiempo_estadia = ?
2019-05-20 14:55:00.546 TRACE 10536 --- [    Test worker] o.h.type.descriptor.sql.BasicBinder      : binding parameter [1] as [VARCHAR] - [CARRO]
2019-05-20 14:55:00.546 TRACE 10536 --- [    Test worker] o.h.type.descriptor.sql.BasicBinder      : binding parameter [2] as [VARCHAR] - [NORMAL]
2019-05-20 14:55:00.546 TRACE 10536 --- [    Test worker] o.h.type.descriptor.sql.BasicBinder      : binding parameter [3] as [VARCHAR] - [HORA]
2019-05-20 14:55:00.547 TRACE 10536 --- [    Test worker] o.h.type.descriptor.sql.BasicExtractor   : extracted value ([cos_id] : [INTEGER]) - [2]
2019-05-20 14:55:00.547 TRACE 10536 --- [    Test worker] o.h.type.descriptor.sql.BasicExtractor   : extracted value ([cos_tiempo_estadia] : [VARCHAR]) - [HORA]
2019-05-20 14:55:00.547 TRACE 10536 --- [    Test worker] o.h.type.descriptor.sql.BasicExtractor   : extracted value ([cos_tipo_movil] : [VARCHAR]) - [CARRO]
2019-05-20 14:55:00.547 TRACE 10536 --- [    Test worker] o.h.type.descriptor.sql.BasicExtractor   : extracted value ([cos_tipo_pago] : [VARCHAR]) - [NORMAL]
2019-05-20 14:55:00.547 TRACE 10536 --- [    Test worker] o.h.type.descriptor.sql.BasicExtractor   : extracted value ([cos_valor] : [DOUBLE]) - [1000.0]
2019-05-20 14:55:00.548 DEBUG 10536 --- [    Test worker] org.hibernate.SQL                        : SELECT * FROM factura WHERE mov_placa = ? AND fac_fecha_salida IS NULL
Hibernate: SELECT * FROM factura WHERE mov_placa = ? AND fac_fecha_salida IS NULL
2019-05-20 14:55:00.549 TRACE 10536 --- [    Test worker] o.h.type.descriptor.sql.BasicBinder      : binding parameter [1] as [VARCHAR] - [VBN-11]
2019-05-20 14:55:00.549 TRACE 10536 --- [    Test worker] o.h.type.descriptor.sql.BasicExtractor   : extracted value ([facId] : [INTEGER]) - [23]
2019-05-20 14:55:00.549 TRACE 10536 --- [    Test worker] o.h.type.descriptor.sql.BasicExtractor   : extracted value ([fac_fecha_ingreso] : [TIMESTAMP]) - [2019-05-20 14:54:59.329]
2019-05-20 14:55:00.549 TRACE 10536 --- [    Test worker] o.h.type.descriptor.sql.BasicExtractor   : extracted value ([fac_fecha_salida] : [TIMESTAMP]) - [null]
2019-05-20 14:55:00.549 TRACE 10536 --- [    Test worker] o.h.type.descriptor.sql.BasicExtractor   : extracted value ([fac_valor] : [DOUBLE]) - [0.0]
2019-05-20 14:55:00.549 TRACE 10536 --- [    Test worker] o.h.type.descriptor.sql.BasicExtractor   : extracted value ([mov_placa] : [VARCHAR]) - [VBN-11]
2019-05-20 14:55:00.550 DEBUG 10536 --- [    Test worker] org.hibernate.SQL                        : select movilentit0_.mov_placa as mov_plac1_2_0_, movilentit0_.mov_cilindraje as mov_cili2_2_0_, movilentit0_.mov_tipo_movil as mov_tipo3_2_0_ from movil movilentit0_ where movilentit0_.mov_placa=?
Hibernate: select movilentit0_.mov_placa as mov_plac1_2_0_, movilentit0_.mov_cilindraje as mov_cili2_2_0_, movilentit0_.mov_tipo_movil as mov_tipo3_2_0_ from movil movilentit0_ where movilentit0_.mov_placa=?
2019-05-20 14:55:00.550 TRACE 10536 --- [    Test worker] o.h.type.descriptor.sql.BasicBinder      : binding parameter [1] as [VARCHAR] - [VBN-11]
2019-05-20 14:55:00.551 TRACE 10536 --- [    Test worker] o.h.type.descriptor.sql.BasicExtractor   : extracted value ([mov_cili2_2_0_] : [DOUBLE]) - [-1.0]
2019-05-20 14:55:00.551 TRACE 10536 --- [    Test worker] o.h.type.descriptor.sql.BasicExtractor   : extracted value ([mov_tipo3_2_0_] : [VARCHAR]) - [CARRO]
2019-05-20 14:55:00.551 TRACE 10536 --- [    Test worker] org.hibernate.type.CollectionType        : Created collection wrapper: [co.com.ceiba.ceibaestacionamiento.persistencia.entidades.MovilEntity.facturasEntity#VBN-11]
2019-05-20 14:55:00.552 DEBUG 10536 --- [    Test worker] org.hibernate.SQL                        : select facturaent0_.facId as facId1_1_0_, facturaent0_.fac_fecha_ingreso as fac_fech2_1_0_, facturaent0_.fac_fecha_salida as fac_fech3_1_0_, facturaent0_.fac_valor as fac_valo4_1_0_, facturaent0_.mov_placa as mov_plac5_1_0_ from factura facturaent0_ where facturaent0_.facId=?
Hibernate: select facturaent0_.facId as facId1_1_0_, facturaent0_.fac_fecha_ingreso as fac_fech2_1_0_, facturaent0_.fac_fecha_salida as fac_fech3_1_0_, facturaent0_.fac_valor as fac_valo4_1_0_, facturaent0_.mov_placa as mov_plac5_1_0_ from factura facturaent0_ where facturaent0_.facId=?
2019-05-20 14:55:00.553 TRACE 10536 --- [    Test worker] o.h.type.descriptor.sql.BasicBinder      : binding parameter [1] as [INTEGER] - [23]
2019-05-20 14:55:00.553 TRACE 10536 --- [    Test worker] o.h.type.descriptor.sql.BasicExtractor   : extracted value ([fac_fech2_1_0_] : [TIMESTAMP]) - [2019-05-20 14:54:59.329]
2019-05-20 14:55:00.553 TRACE 10536 --- [    Test worker] o.h.type.descriptor.sql.BasicExtractor   : extracted value ([fac_fech3_1_0_] : [TIMESTAMP]) - [null]
2019-05-20 14:55:00.553 TRACE 10536 --- [    Test worker] o.h.type.descriptor.sql.BasicExtractor   : extracted value ([fac_valo4_1_0_] : [DOUBLE]) - [0.0]
2019-05-20 14:55:00.553 TRACE 10536 --- [    Test worker] o.h.type.descriptor.sql.BasicExtractor   : extracted value ([mov_plac5_1_0_] : [VARCHAR]) - [VBN-11]
2019-05-20 14:55:00.553 DEBUG 10536 --- [    Test worker] org.hibernate.SQL                        : select movilentit0_.mov_placa as mov_plac1_2_1_, movilentit0_.mov_cilindraje as mov_cili2_2_1_, movilentit0_.mov_tipo_movil as mov_tipo3_2_1_, facturasen1_.mov_placa as mov_plac5_1_3_, facturasen1_.facId as facId1_1_3_, facturasen1_.facId as facId1_1_0_, facturasen1_.fac_fecha_ingreso as fac_fech2_1_0_, facturasen1_.fac_fecha_salida as fac_fech3_1_0_, facturasen1_.fac_valor as fac_valo4_1_0_, facturasen1_.mov_placa as mov_plac5_1_0_ from movil movilentit0_ left outer join factura facturasen1_ on movilentit0_.mov_placa=facturasen1_.mov_placa where movilentit0_.mov_placa=?
Hibernate: select movilentit0_.mov_placa as mov_plac1_2_1_, movilentit0_.mov_cilindraje as mov_cili2_2_1_, movilentit0_.mov_tipo_movil as mov_tipo3_2_1_, facturasen1_.mov_placa as mov_plac5_1_3_, facturasen1_.facId as facId1_1_3_, facturasen1_.facId as facId1_1_0_, facturasen1_.fac_fecha_ingreso as fac_fech2_1_0_, facturasen1_.fac_fecha_salida as fac_fech3_1_0_, facturasen1_.fac_valor as fac_valo4_1_0_, facturasen1_.mov_placa as mov_plac5_1_0_ from movil movilentit0_ left outer join factura facturasen1_ on movilentit0_.mov_placa=facturasen1_.mov_placa where movilentit0_.mov_placa=?
2019-05-20 14:55:00.554 TRACE 10536 --- [    Test worker] o.h.type.descriptor.sql.BasicBinder      : binding parameter [1] as [VARCHAR] - [VBN-11]
2019-05-20 14:55:00.554 TRACE 10536 --- [    Test worker] o.h.type.descriptor.sql.BasicExtractor   : extracted value ([facId1_1_0_] : [INTEGER]) - [23]
2019-05-20 14:55:00.554 TRACE 10536 --- [    Test worker] o.h.type.descriptor.sql.BasicExtractor   : extracted value ([mov_cili2_2_1_] : [DOUBLE]) - [-1.0]
2019-05-20 14:55:00.554 TRACE 10536 --- [    Test worker] o.h.type.descriptor.sql.BasicExtractor   : extracted value ([mov_tipo3_2_1_] : [VARCHAR]) - [CARRO]
2019-05-20 14:55:00.554 TRACE 10536 --- [    Test worker] o.h.type.descriptor.sql.BasicExtractor   : extracted value ([mov_plac5_1_3_] : [VARCHAR]) - [VBN-11]
2019-05-20 14:55:00.554 TRACE 10536 --- [    Test worker] o.h.type.descriptor.sql.BasicExtractor   : extracted value ([facId1_1_3_] : [INTEGER]) - [23]
2019-05-20 14:55:00.555 DEBUG 10536 --- [    Test worker] org.hibernate.SQL                        : update factura set fac_fecha_ingreso=?, fac_fecha_salida=?, fac_valor=?, mov_placa=? where facId=?
Hibernate: update factura set fac_fecha_ingreso=?, fac_fecha_salida=?, fac_valor=?, mov_placa=? where facId=?
2019-05-20 14:55:00.555 TRACE 10536 --- [    Test worker] o.h.type.descriptor.sql.BasicBinder      : binding parameter [1] as [TIMESTAMP] - [2019-05-20 14:54:59.329]
2019-05-20 14:55:00.556 TRACE 10536 --- [    Test worker] o.h.type.descriptor.sql.BasicBinder      : binding parameter [2] as [TIMESTAMP] - [Mon May 20 14:55:00 COT 2019]
2019-05-20 14:55:00.556 TRACE 10536 --- [    Test worker] o.h.type.descriptor.sql.BasicBinder      : binding parameter [3] as [DOUBLE] - [1000.0]
2019-05-20 14:55:00.556 TRACE 10536 --- [    Test worker] o.h.type.descriptor.sql.BasicBinder      : binding parameter [4] as [VARCHAR] - [VBN-11]
2019-05-20 14:55:00.556 TRACE 10536 --- [    Test worker] o.h.type.descriptor.sql.BasicBinder      : binding parameter [5] as [INTEGER] - [23]
2019-05-20 14:55:00.557 DEBUG 10536 --- [    Test worker] org.hibernate.SQL                        : select movilentit0_.mov_placa as mov_plac1_2_0_, movilentit0_.mov_cilindraje as mov_cili2_2_0_, movilentit0_.mov_tipo_movil as mov_tipo3_2_0_ from movil movilentit0_ where movilentit0_.mov_placa=?
Hibernate: select movilentit0_.mov_placa as mov_plac1_2_0_, movilentit0_.mov_cilindraje as mov_cili2_2_0_, movilentit0_.mov_tipo_movil as mov_tipo3_2_0_ from movil movilentit0_ where movilentit0_.mov_placa=?
2019-05-20 14:55:00.558 TRACE 10536 --- [    Test worker] o.h.type.descriptor.sql.BasicBinder      : binding parameter [1] as [VARCHAR] - [VBN-12]
2019-05-20 14:55:00.558 TRACE 10536 --- [    Test worker] o.h.type.descriptor.sql.BasicExtractor   : extracted value ([mov_cili2_2_0_] : [DOUBLE]) - [-1.0]
2019-05-20 14:55:00.558 TRACE 10536 --- [    Test worker] o.h.type.descriptor.sql.BasicExtractor   : extracted value ([mov_tipo3_2_0_] : [VARCHAR]) - [CARRO]
2019-05-20 14:55:00.558 TRACE 10536 --- [    Test worker] org.hibernate.type.CollectionType        : Created collection wrapper: [co.com.ceiba.ceibaestacionamiento.persistencia.entidades.MovilEntity.facturasEntity#VBN-12]
2019-05-20 14:55:00.560 DEBUG 10536 --- [    Test worker] org.hibernate.SQL                        : SELECT COUNT(*) FROM factura WHERE mov_placa = ? AND fac_fecha_salida IS NULL
Hibernate: SELECT COUNT(*) FROM factura WHERE mov_placa = ? AND fac_fecha_salida IS NULL
2019-05-20 14:55:00.560 TRACE 10536 --- [    Test worker] o.h.type.descriptor.sql.BasicBinder      : binding parameter [1] as [VARCHAR] - [VBN-12]
2019-05-20 14:55:00.561 TRACE 10536 --- [    Test worker] o.h.type.descriptor.sql.BasicExtractor   : extracted value ([COUNT(*)] : [NUMERIC]) - [1]
2019-05-20 14:55:00.562 DEBUG 10536 --- [    Test worker] org.hibernate.SQL                        : SELECT * FROM factura WHERE mov_placa = ? AND fac_fecha_salida IS NULL
Hibernate: SELECT * FROM factura WHERE mov_placa = ? AND fac_fecha_salida IS NULL
2019-05-20 14:55:00.562 TRACE 10536 --- [    Test worker] o.h.type.descriptor.sql.BasicBinder      : binding parameter [1] as [VARCHAR] - [VBN-12]
2019-05-20 14:55:00.563 TRACE 10536 --- [    Test worker] o.h.type.descriptor.sql.BasicExtractor   : extracted value ([facId] : [INTEGER]) - [24]
2019-05-20 14:55:00.563 TRACE 10536 --- [    Test worker] o.h.type.descriptor.sql.BasicExtractor   : extracted value ([fac_fecha_ingreso] : [TIMESTAMP]) - [2019-05-20 14:54:59.352]
2019-05-20 14:55:00.563 TRACE 10536 --- [    Test worker] o.h.type.descriptor.sql.BasicExtractor   : extracted value ([fac_fecha_salida] : [TIMESTAMP]) - [null]
2019-05-20 14:55:00.563 TRACE 10536 --- [    Test worker] o.h.type.descriptor.sql.BasicExtractor   : extracted value ([fac_valor] : [DOUBLE]) - [0.0]
2019-05-20 14:55:00.563 TRACE 10536 --- [    Test worker] o.h.type.descriptor.sql.BasicExtractor   : extracted value ([mov_placa] : [VARCHAR]) - [VBN-12]
2019-05-20 14:55:00.563 DEBUG 10536 --- [    Test worker] org.hibernate.SQL                        : select movilentit0_.mov_placa as mov_plac1_2_0_, movilentit0_.mov_cilindraje as mov_cili2_2_0_, movilentit0_.mov_tipo_movil as mov_tipo3_2_0_ from movil movilentit0_ where movilentit0_.mov_placa=?
Hibernate: select movilentit0_.mov_placa as mov_plac1_2_0_, movilentit0_.mov_cilindraje as mov_cili2_2_0_, movilentit0_.mov_tipo_movil as mov_tipo3_2_0_ from movil movilentit0_ where movilentit0_.mov_placa=?
2019-05-20 14:55:00.563 TRACE 10536 --- [    Test worker] o.h.type.descriptor.sql.BasicBinder      : binding parameter [1] as [VARCHAR] - [VBN-12]
2019-05-20 14:55:00.563 TRACE 10536 --- [    Test worker] o.h.type.descriptor.sql.BasicExtractor   : extracted value ([mov_cili2_2_0_] : [DOUBLE]) - [-1.0]
2019-05-20 14:55:00.563 TRACE 10536 --- [    Test worker] o.h.type.descriptor.sql.BasicExtractor   : extracted value ([mov_tipo3_2_0_] : [VARCHAR]) - [CARRO]
2019-05-20 14:55:00.564 TRACE 10536 --- [    Test worker] org.hibernate.type.CollectionType        : Created collection wrapper: [co.com.ceiba.ceibaestacionamiento.persistencia.entidades.MovilEntity.facturasEntity#VBN-12]
2019-05-20 14:55:00.565 DEBUG 10536 --- [    Test worker] org.hibernate.SQL                        : SELECT * FROM costoestadia WHERE cos_tipo_movil = ? AND cos_tipo_pago = ? AND cos_tiempo_estadia = ?
Hibernate: SELECT * FROM costoestadia WHERE cos_tipo_movil = ? AND cos_tipo_pago = ? AND cos_tiempo_estadia = ?
2019-05-20 14:55:00.565 TRACE 10536 --- [    Test worker] o.h.type.descriptor.sql.BasicBinder      : binding parameter [1] as [VARCHAR] - [CARRO]
2019-05-20 14:55:00.565 TRACE 10536 --- [    Test worker] o.h.type.descriptor.sql.BasicBinder      : binding parameter [2] as [VARCHAR] - [NORMAL]
2019-05-20 14:55:00.565 TRACE 10536 --- [    Test worker] o.h.type.descriptor.sql.BasicBinder      : binding parameter [3] as [VARCHAR] - [DIA]
2019-05-20 14:55:00.565 TRACE 10536 --- [    Test worker] o.h.type.descriptor.sql.BasicExtractor   : extracted value ([cos_id] : [INTEGER]) - [1]
2019-05-20 14:55:00.566 TRACE 10536 --- [    Test worker] o.h.type.descriptor.sql.BasicExtractor   : extracted value ([cos_tiempo_estadia] : [VARCHAR]) - [DIA]
2019-05-20 14:55:00.566 TRACE 10536 --- [    Test worker] o.h.type.descriptor.sql.BasicExtractor   : extracted value ([cos_tipo_movil] : [VARCHAR]) - [CARRO]
2019-05-20 14:55:00.566 TRACE 10536 --- [    Test worker] o.h.type.descriptor.sql.BasicExtractor   : extracted value ([cos_tipo_pago] : [VARCHAR]) - [NORMAL]
2019-05-20 14:55:00.566 TRACE 10536 --- [    Test worker] o.h.type.descriptor.sql.BasicExtractor   : extracted value ([cos_valor] : [DOUBLE]) - [8000.0]
2019-05-20 14:55:00.567 DEBUG 10536 --- [    Test worker] org.hibernate.SQL                        : SELECT * FROM costoestadia WHERE cos_tipo_movil = ? AND cos_tipo_pago = ? AND cos_tiempo_estadia = ?
Hibernate: SELECT * FROM costoestadia WHERE cos_tipo_movil = ? AND cos_tipo_pago = ? AND cos_tiempo_estadia = ?
2019-05-20 14:55:00.568 TRACE 10536 --- [    Test worker] o.h.type.descriptor.sql.BasicBinder      : binding parameter [1] as [VARCHAR] - [CARRO]
2019-05-20 14:55:00.568 TRACE 10536 --- [    Test worker] o.h.type.descriptor.sql.BasicBinder      : binding parameter [2] as [VARCHAR] - [NORMAL]
2019-05-20 14:55:00.568 TRACE 10536 --- [    Test worker] o.h.type.descriptor.sql.BasicBinder      : binding parameter [3] as [VARCHAR] - [HORA]
2019-05-20 14:55:00.568 TRACE 10536 --- [    Test worker] o.h.type.descriptor.sql.BasicExtractor   : extracted value ([cos_id] : [INTEGER]) - [2]
2019-05-20 14:55:00.568 TRACE 10536 --- [    Test worker] o.h.type.descriptor.sql.BasicExtractor   : extracted value ([cos_tiempo_estadia] : [VARCHAR]) - [HORA]
2019-05-20 14:55:00.568 TRACE 10536 --- [    Test worker] o.h.type.descriptor.sql.BasicExtractor   : extracted value ([cos_tipo_movil] : [VARCHAR]) - [CARRO]
2019-05-20 14:55:00.568 TRACE 10536 --- [    Test worker] o.h.type.descriptor.sql.BasicExtractor   : extracted value ([cos_tipo_pago] : [VARCHAR]) - [NORMAL]
2019-05-20 14:55:00.568 TRACE 10536 --- [    Test worker] o.h.type.descriptor.sql.BasicExtractor   : extracted value ([cos_valor] : [DOUBLE]) - [1000.0]
2019-05-20 14:55:00.570 DEBUG 10536 --- [    Test worker] org.hibernate.SQL                        : SELECT * FROM factura WHERE mov_placa = ? AND fac_fecha_salida IS NULL
Hibernate: SELECT * FROM factura WHERE mov_placa = ? AND fac_fecha_salida IS NULL
2019-05-20 14:55:00.571 TRACE 10536 --- [    Test worker] o.h.type.descriptor.sql.BasicBinder      : binding parameter [1] as [VARCHAR] - [VBN-12]
2019-05-20 14:55:00.571 TRACE 10536 --- [    Test worker] o.h.type.descriptor.sql.BasicExtractor   : extracted value ([facId] : [INTEGER]) - [24]
2019-05-20 14:55:00.572 TRACE 10536 --- [    Test worker] o.h.type.descriptor.sql.BasicExtractor   : extracted value ([fac_fecha_ingreso] : [TIMESTAMP]) - [2019-05-20 14:54:59.352]
2019-05-20 14:55:00.572 TRACE 10536 --- [    Test worker] o.h.type.descriptor.sql.BasicExtractor   : extracted value ([fac_fecha_salida] : [TIMESTAMP]) - [null]
2019-05-20 14:55:00.572 TRACE 10536 --- [    Test worker] o.h.type.descriptor.sql.BasicExtractor   : extracted value ([fac_valor] : [DOUBLE]) - [0.0]
2019-05-20 14:55:00.572 TRACE 10536 --- [    Test worker] o.h.type.descriptor.sql.BasicExtractor   : extracted value ([mov_placa] : [VARCHAR]) - [VBN-12]
2019-05-20 14:55:00.572 DEBUG 10536 --- [    Test worker] org.hibernate.SQL                        : select movilentit0_.mov_placa as mov_plac1_2_0_, movilentit0_.mov_cilindraje as mov_cili2_2_0_, movilentit0_.mov_tipo_movil as mov_tipo3_2_0_ from movil movilentit0_ where movilentit0_.mov_placa=?
Hibernate: select movilentit0_.mov_placa as mov_plac1_2_0_, movilentit0_.mov_cilindraje as mov_cili2_2_0_, movilentit0_.mov_tipo_movil as mov_tipo3_2_0_ from movil movilentit0_ where movilentit0_.mov_placa=?
2019-05-20 14:55:00.572 TRACE 10536 --- [    Test worker] o.h.type.descriptor.sql.BasicBinder      : binding parameter [1] as [VARCHAR] - [VBN-12]
2019-05-20 14:55:00.573 TRACE 10536 --- [    Test worker] o.h.type.descriptor.sql.BasicExtractor   : extracted value ([mov_cili2_2_0_] : [DOUBLE]) - [-1.0]
2019-05-20 14:55:00.573 TRACE 10536 --- [    Test worker] o.h.type.descriptor.sql.BasicExtractor   : extracted value ([mov_tipo3_2_0_] : [VARCHAR]) - [CARRO]
2019-05-20 14:55:00.573 TRACE 10536 --- [    Test worker] org.hibernate.type.CollectionType        : Created collection wrapper: [co.com.ceiba.ceibaestacionamiento.persistencia.entidades.MovilEntity.facturasEntity#VBN-12]
2019-05-20 14:55:00.575 DEBUG 10536 --- [    Test worker] org.hibernate.SQL                        : select facturaent0_.facId as facId1_1_0_, facturaent0_.fac_fecha_ingreso as fac_fech2_1_0_, facturaent0_.fac_fecha_salida as fac_fech3_1_0_, facturaent0_.fac_valor as fac_valo4_1_0_, facturaent0_.mov_placa as mov_plac5_1_0_ from factura facturaent0_ where facturaent0_.facId=?
Hibernate: select facturaent0_.facId as facId1_1_0_, facturaent0_.fac_fecha_ingreso as fac_fech2_1_0_, facturaent0_.fac_fecha_salida as fac_fech3_1_0_, facturaent0_.fac_valor as fac_valo4_1_0_, facturaent0_.mov_placa as mov_plac5_1_0_ from factura facturaent0_ where facturaent0_.facId=?
2019-05-20 14:55:00.575 TRACE 10536 --- [    Test worker] o.h.type.descriptor.sql.BasicBinder      : binding parameter [1] as [INTEGER] - [24]
2019-05-20 14:55:00.576 TRACE 10536 --- [    Test worker] o.h.type.descriptor.sql.BasicExtractor   : extracted value ([fac_fech2_1_0_] : [TIMESTAMP]) - [2019-05-20 14:54:59.352]
2019-05-20 14:55:00.576 TRACE 10536 --- [    Test worker] o.h.type.descriptor.sql.BasicExtractor   : extracted value ([fac_fech3_1_0_] : [TIMESTAMP]) - [null]
2019-05-20 14:55:00.576 TRACE 10536 --- [    Test worker] o.h.type.descriptor.sql.BasicExtractor   : extracted value ([fac_valo4_1_0_] : [DOUBLE]) - [0.0]
2019-05-20 14:55:00.576 TRACE 10536 --- [    Test worker] o.h.type.descriptor.sql.BasicExtractor   : extracted value ([mov_plac5_1_0_] : [VARCHAR]) - [VBN-12]
2019-05-20 14:55:00.576 DEBUG 10536 --- [    Test worker] org.hibernate.SQL                        : select movilentit0_.mov_placa as mov_plac1_2_1_, movilentit0_.mov_cilindraje as mov_cili2_2_1_, movilentit0_.mov_tipo_movil as mov_tipo3_2_1_, facturasen1_.mov_placa as mov_plac5_1_3_, facturasen1_.facId as facId1_1_3_, facturasen1_.facId as facId1_1_0_, facturasen1_.fac_fecha_ingreso as fac_fech2_1_0_, facturasen1_.fac_fecha_salida as fac_fech3_1_0_, facturasen1_.fac_valor as fac_valo4_1_0_, facturasen1_.mov_placa as mov_plac5_1_0_ from movil movilentit0_ left outer join factura facturasen1_ on movilentit0_.mov_placa=facturasen1_.mov_placa where movilentit0_.mov_placa=?
Hibernate: select movilentit0_.mov_placa as mov_plac1_2_1_, movilentit0_.mov_cilindraje as mov_cili2_2_1_, movilentit0_.mov_tipo_movil as mov_tipo3_2_1_, facturasen1_.mov_placa as mov_plac5_1_3_, facturasen1_.facId as facId1_1_3_, facturasen1_.facId as facId1_1_0_, facturasen1_.fac_fecha_ingreso as fac_fech2_1_0_, facturasen1_.fac_fecha_salida as fac_fech3_1_0_, facturasen1_.fac_valor as fac_valo4_1_0_, facturasen1_.mov_placa as mov_plac5_1_0_ from movil movilentit0_ left outer join factura facturasen1_ on movilentit0_.mov_placa=facturasen1_.mov_placa where movilentit0_.mov_placa=?
2019-05-20 14:55:00.577 TRACE 10536 --- [    Test worker] o.h.type.descriptor.sql.BasicBinder      : binding parameter [1] as [VARCHAR] - [VBN-12]
2019-05-20 14:55:00.577 TRACE 10536 --- [    Test worker] o.h.type.descriptor.sql.BasicExtractor   : extracted value ([facId1_1_0_] : [INTEGER]) - [24]
2019-05-20 14:55:00.577 TRACE 10536 --- [    Test worker] o.h.type.descriptor.sql.BasicExtractor   : extracted value ([mov_cili2_2_1_] : [DOUBLE]) - [-1.0]
2019-05-20 14:55:00.577 TRACE 10536 --- [    Test worker] o.h.type.descriptor.sql.BasicExtractor   : extracted value ([mov_tipo3_2_1_] : [VARCHAR]) - [CARRO]
2019-05-20 14:55:00.577 TRACE 10536 --- [    Test worker] o.h.type.descriptor.sql.BasicExtractor   : extracted value ([mov_plac5_1_3_] : [VARCHAR]) - [VBN-12]
2019-05-20 14:55:00.578 TRACE 10536 --- [    Test worker] o.h.type.descriptor.sql.BasicExtractor   : extracted value ([facId1_1_3_] : [INTEGER]) - [24]
2019-05-20 14:55:00.583 DEBUG 10536 --- [    Test worker] org.hibernate.SQL                        : update factura set fac_fecha_ingreso=?, fac_fecha_salida=?, fac_valor=?, mov_placa=? where facId=?
Hibernate: update factura set fac_fecha_ingreso=?, fac_fecha_salida=?, fac_valor=?, mov_placa=? where facId=?
2019-05-20 14:55:00.584 TRACE 10536 --- [    Test worker] o.h.type.descriptor.sql.BasicBinder      : binding parameter [1] as [TIMESTAMP] - [2019-05-20 14:54:59.352]
2019-05-20 14:55:00.584 TRACE 10536 --- [    Test worker] o.h.type.descriptor.sql.BasicBinder      : binding parameter [2] as [TIMESTAMP] - [Mon May 20 14:55:00 COT 2019]
2019-05-20 14:55:00.584 TRACE 10536 --- [    Test worker] o.h.type.descriptor.sql.BasicBinder      : binding parameter [3] as [DOUBLE] - [1000.0]
2019-05-20 14:55:00.585 TRACE 10536 --- [    Test worker] o.h.type.descriptor.sql.BasicBinder      : binding parameter [4] as [VARCHAR] - [VBN-12]
2019-05-20 14:55:00.585 TRACE 10536 --- [    Test worker] o.h.type.descriptor.sql.BasicBinder      : binding parameter [5] as [INTEGER] - [24]
2019-05-20 14:55:00.591 DEBUG 10536 --- [    Test worker] org.hibernate.SQL                        : select movilentit0_.mov_placa as mov_plac1_2_0_, movilentit0_.mov_cilindraje as mov_cili2_2_0_, movilentit0_.mov_tipo_movil as mov_tipo3_2_0_ from movil movilentit0_ where movilentit0_.mov_placa=?
Hibernate: select movilentit0_.mov_placa as mov_plac1_2_0_, movilentit0_.mov_cilindraje as mov_cili2_2_0_, movilentit0_.mov_tipo_movil as mov_tipo3_2_0_ from movil movilentit0_ where movilentit0_.mov_placa=?
2019-05-20 14:55:00.592 TRACE 10536 --- [    Test worker] o.h.type.descriptor.sql.BasicBinder      : binding parameter [1] as [VARCHAR] - [VBN-13]
2019-05-20 14:55:00.592 TRACE 10536 --- [    Test worker] o.h.type.descriptor.sql.BasicExtractor   : extracted value ([mov_cili2_2_0_] : [DOUBLE]) - [-1.0]
2019-05-20 14:55:00.592 TRACE 10536 --- [    Test worker] o.h.type.descriptor.sql.BasicExtractor   : extracted value ([mov_tipo3_2_0_] : [VARCHAR]) - [CARRO]
2019-05-20 14:55:00.593 TRACE 10536 --- [    Test worker] org.hibernate.type.CollectionType        : Created collection wrapper: [co.com.ceiba.ceibaestacionamiento.persistencia.entidades.MovilEntity.facturasEntity#VBN-13]
2019-05-20 14:55:00.594 DEBUG 10536 --- [    Test worker] org.hibernate.SQL                        : SELECT COUNT(*) FROM factura WHERE mov_placa = ? AND fac_fecha_salida IS NULL
Hibernate: SELECT COUNT(*) FROM factura WHERE mov_placa = ? AND fac_fecha_salida IS NULL
2019-05-20 14:55:00.595 TRACE 10536 --- [    Test worker] o.h.type.descriptor.sql.BasicBinder      : binding parameter [1] as [VARCHAR] - [VBN-13]
2019-05-20 14:55:00.595 TRACE 10536 --- [    Test worker] o.h.type.descriptor.sql.BasicExtractor   : extracted value ([COUNT(*)] : [NUMERIC]) - [1]
2019-05-20 14:55:00.596 DEBUG 10536 --- [    Test worker] org.hibernate.SQL                        : SELECT * FROM factura WHERE mov_placa = ? AND fac_fecha_salida IS NULL
Hibernate: SELECT * FROM factura WHERE mov_placa = ? AND fac_fecha_salida IS NULL
2019-05-20 14:55:00.597 TRACE 10536 --- [    Test worker] o.h.type.descriptor.sql.BasicBinder      : binding parameter [1] as [VARCHAR] - [VBN-13]
2019-05-20 14:55:00.597 TRACE 10536 --- [    Test worker] o.h.type.descriptor.sql.BasicExtractor   : extracted value ([facId] : [INTEGER]) - [25]
2019-05-20 14:55:00.597 TRACE 10536 --- [    Test worker] o.h.type.descriptor.sql.BasicExtractor   : extracted value ([fac_fecha_ingreso] : [TIMESTAMP]) - [2019-05-20 14:54:59.377]
2019-05-20 14:55:00.597 TRACE 10536 --- [    Test worker] o.h.type.descriptor.sql.BasicExtractor   : extracted value ([fac_fecha_salida] : [TIMESTAMP]) - [null]
2019-05-20 14:55:00.597 TRACE 10536 --- [    Test worker] o.h.type.descriptor.sql.BasicExtractor   : extracted value ([fac_valor] : [DOUBLE]) - [0.0]
2019-05-20 14:55:00.597 TRACE 10536 --- [    Test worker] o.h.type.descriptor.sql.BasicExtractor   : extracted value ([mov_placa] : [VARCHAR]) - [VBN-13]
2019-05-20 14:55:00.598 DEBUG 10536 --- [    Test worker] org.hibernate.SQL                        : select movilentit0_.mov_placa as mov_plac1_2_0_, movilentit0_.mov_cilindraje as mov_cili2_2_0_, movilentit0_.mov_tipo_movil as mov_tipo3_2_0_ from movil movilentit0_ where movilentit0_.mov_placa=?
Hibernate: select movilentit0_.mov_placa as mov_plac1_2_0_, movilentit0_.mov_cilindraje as mov_cili2_2_0_, movilentit0_.mov_tipo_movil as mov_tipo3_2_0_ from movil movilentit0_ where movilentit0_.mov_placa=?
2019-05-20 14:55:00.598 TRACE 10536 --- [    Test worker] o.h.type.descriptor.sql.BasicBinder      : binding parameter [1] as [VARCHAR] - [VBN-13]
2019-05-20 14:55:00.598 TRACE 10536 --- [    Test worker] o.h.type.descriptor.sql.BasicExtractor   : extracted value ([mov_cili2_2_0_] : [DOUBLE]) - [-1.0]
2019-05-20 14:55:00.598 TRACE 10536 --- [    Test worker] o.h.type.descriptor.sql.BasicExtractor   : extracted value ([mov_tipo3_2_0_] : [VARCHAR]) - [CARRO]
2019-05-20 14:55:00.598 TRACE 10536 --- [    Test worker] org.hibernate.type.CollectionType        : Created collection wrapper: [co.com.ceiba.ceibaestacionamiento.persistencia.entidades.MovilEntity.facturasEntity#VBN-13]
2019-05-20 14:55:00.600 DEBUG 10536 --- [    Test worker] org.hibernate.SQL                        : SELECT * FROM costoestadia WHERE cos_tipo_movil = ? AND cos_tipo_pago = ? AND cos_tiempo_estadia = ?
Hibernate: SELECT * FROM costoestadia WHERE cos_tipo_movil = ? AND cos_tipo_pago = ? AND cos_tiempo_estadia = ?
2019-05-20 14:55:00.600 TRACE 10536 --- [    Test worker] o.h.type.descriptor.sql.BasicBinder      : binding parameter [1] as [VARCHAR] - [CARRO]
2019-05-20 14:55:00.600 TRACE 10536 --- [    Test worker] o.h.type.descriptor.sql.BasicBinder      : binding parameter [2] as [VARCHAR] - [NORMAL]
2019-05-20 14:55:00.601 TRACE 10536 --- [    Test worker] o.h.type.descriptor.sql.BasicBinder      : binding parameter [3] as [VARCHAR] - [DIA]
2019-05-20 14:55:00.601 TRACE 10536 --- [    Test worker] o.h.type.descriptor.sql.BasicExtractor   : extracted value ([cos_id] : [INTEGER]) - [1]
2019-05-20 14:55:00.601 TRACE 10536 --- [    Test worker] o.h.type.descriptor.sql.BasicExtractor   : extracted value ([cos_tiempo_estadia] : [VARCHAR]) - [DIA]
2019-05-20 14:55:00.601 TRACE 10536 --- [    Test worker] o.h.type.descriptor.sql.BasicExtractor   : extracted value ([cos_tipo_movil] : [VARCHAR]) - [CARRO]
2019-05-20 14:55:00.601 TRACE 10536 --- [    Test worker] o.h.type.descriptor.sql.BasicExtractor   : extracted value ([cos_tipo_pago] : [VARCHAR]) - [NORMAL]
2019-05-20 14:55:00.601 TRACE 10536 --- [    Test worker] o.h.type.descriptor.sql.BasicExtractor   : extracted value ([cos_valor] : [DOUBLE]) - [8000.0]
2019-05-20 14:55:00.602 DEBUG 10536 --- [    Test worker] org.hibernate.SQL                        : SELECT * FROM costoestadia WHERE cos_tipo_movil = ? AND cos_tipo_pago = ? AND cos_tiempo_estadia = ?
Hibernate: SELECT * FROM costoestadia WHERE cos_tipo_movil = ? AND cos_tipo_pago = ? AND cos_tiempo_estadia = ?
2019-05-20 14:55:00.603 TRACE 10536 --- [    Test worker] o.h.type.descriptor.sql.BasicBinder      : binding parameter [1] as [VARCHAR] - [CARRO]
2019-05-20 14:55:00.603 TRACE 10536 --- [    Test worker] o.h.type.descriptor.sql.BasicBinder      : binding parameter [2] as [VARCHAR] - [NORMAL]
2019-05-20 14:55:00.603 TRACE 10536 --- [    Test worker] o.h.type.descriptor.sql.BasicBinder      : binding parameter [3] as [VARCHAR] - [HORA]
2019-05-20 14:55:00.604 TRACE 10536 --- [    Test worker] o.h.type.descriptor.sql.BasicExtractor   : extracted value ([cos_id] : [INTEGER]) - [2]
2019-05-20 14:55:00.604 TRACE 10536 --- [    Test worker] o.h.type.descriptor.sql.BasicExtractor   : extracted value ([cos_tiempo_estadia] : [VARCHAR]) - [HORA]
2019-05-20 14:55:00.604 TRACE 10536 --- [    Test worker] o.h.type.descriptor.sql.BasicExtractor   : extracted value ([cos_tipo_movil] : [VARCHAR]) - [CARRO]
2019-05-20 14:55:00.604 TRACE 10536 --- [    Test worker] o.h.type.descriptor.sql.BasicExtractor   : extracted value ([cos_tipo_pago] : [VARCHAR]) - [NORMAL]
2019-05-20 14:55:00.604 TRACE 10536 --- [    Test worker] o.h.type.descriptor.sql.BasicExtractor   : extracted value ([cos_valor] : [DOUBLE]) - [1000.0]
2019-05-20 14:55:00.606 DEBUG 10536 --- [    Test worker] org.hibernate.SQL                        : SELECT * FROM factura WHERE mov_placa = ? AND fac_fecha_salida IS NULL
Hibernate: SELECT * FROM factura WHERE mov_placa = ? AND fac_fecha_salida IS NULL
2019-05-20 14:55:00.606 TRACE 10536 --- [    Test worker] o.h.type.descriptor.sql.BasicBinder      : binding parameter [1] as [VARCHAR] - [VBN-13]
2019-05-20 14:55:00.607 TRACE 10536 --- [    Test worker] o.h.type.descriptor.sql.BasicExtractor   : extracted value ([facId] : [INTEGER]) - [25]
2019-05-20 14:55:00.607 TRACE 10536 --- [    Test worker] o.h.type.descriptor.sql.BasicExtractor   : extracted value ([fac_fecha_ingreso] : [TIMESTAMP]) - [2019-05-20 14:54:59.377]
2019-05-20 14:55:00.607 TRACE 10536 --- [    Test worker] o.h.type.descriptor.sql.BasicExtractor   : extracted value ([fac_fecha_salida] : [TIMESTAMP]) - [null]
2019-05-20 14:55:00.607 TRACE 10536 --- [    Test worker] o.h.type.descriptor.sql.BasicExtractor   : extracted value ([fac_valor] : [DOUBLE]) - [0.0]
2019-05-20 14:55:00.607 TRACE 10536 --- [    Test worker] o.h.type.descriptor.sql.BasicExtractor   : extracted value ([mov_placa] : [VARCHAR]) - [VBN-13]
2019-05-20 14:55:00.608 DEBUG 10536 --- [    Test worker] org.hibernate.SQL                        : select movilentit0_.mov_placa as mov_plac1_2_0_, movilentit0_.mov_cilindraje as mov_cili2_2_0_, movilentit0_.mov_tipo_movil as mov_tipo3_2_0_ from movil movilentit0_ where movilentit0_.mov_placa=?
Hibernate: select movilentit0_.mov_placa as mov_plac1_2_0_, movilentit0_.mov_cilindraje as mov_cili2_2_0_, movilentit0_.mov_tipo_movil as mov_tipo3_2_0_ from movil movilentit0_ where movilentit0_.mov_placa=?
2019-05-20 14:55:00.608 TRACE 10536 --- [    Test worker] o.h.type.descriptor.sql.BasicBinder      : binding parameter [1] as [VARCHAR] - [VBN-13]
2019-05-20 14:55:00.608 TRACE 10536 --- [    Test worker] o.h.type.descriptor.sql.BasicExtractor   : extracted value ([mov_cili2_2_0_] : [DOUBLE]) - [-1.0]
2019-05-20 14:55:00.608 TRACE 10536 --- [    Test worker] o.h.type.descriptor.sql.BasicExtractor   : extracted value ([mov_tipo3_2_0_] : [VARCHAR]) - [CARRO]
2019-05-20 14:55:00.608 TRACE 10536 --- [    Test worker] org.hibernate.type.CollectionType        : Created collection wrapper: [co.com.ceiba.ceibaestacionamiento.persistencia.entidades.MovilEntity.facturasEntity#VBN-13]
2019-05-20 14:55:00.611 DEBUG 10536 --- [    Test worker] org.hibernate.SQL                        : select facturaent0_.facId as facId1_1_0_, facturaent0_.fac_fecha_ingreso as fac_fech2_1_0_, facturaent0_.fac_fecha_salida as fac_fech3_1_0_, facturaent0_.fac_valor as fac_valo4_1_0_, facturaent0_.mov_placa as mov_plac5_1_0_ from factura facturaent0_ where facturaent0_.facId=?
Hibernate: select facturaent0_.facId as facId1_1_0_, facturaent0_.fac_fecha_ingreso as fac_fech2_1_0_, facturaent0_.fac_fecha_salida as fac_fech3_1_0_, facturaent0_.fac_valor as fac_valo4_1_0_, facturaent0_.mov_placa as mov_plac5_1_0_ from factura facturaent0_ where facturaent0_.facId=?
2019-05-20 14:55:00.611 TRACE 10536 --- [    Test worker] o.h.type.descriptor.sql.BasicBinder      : binding parameter [1] as [INTEGER] - [25]
2019-05-20 14:55:00.612 TRACE 10536 --- [    Test worker] o.h.type.descriptor.sql.BasicExtractor   : extracted value ([fac_fech2_1_0_] : [TIMESTAMP]) - [2019-05-20 14:54:59.377]
2019-05-20 14:55:00.612 TRACE 10536 --- [    Test worker] o.h.type.descriptor.sql.BasicExtractor   : extracted value ([fac_fech3_1_0_] : [TIMESTAMP]) - [null]
2019-05-20 14:55:00.612 TRACE 10536 --- [    Test worker] o.h.type.descriptor.sql.BasicExtractor   : extracted value ([fac_valo4_1_0_] : [DOUBLE]) - [0.0]
2019-05-20 14:55:00.612 TRACE 10536 --- [    Test worker] o.h.type.descriptor.sql.BasicExtractor   : extracted value ([mov_plac5_1_0_] : [VARCHAR]) - [VBN-13]
2019-05-20 14:55:00.613 DEBUG 10536 --- [    Test worker] org.hibernate.SQL                        : select movilentit0_.mov_placa as mov_plac1_2_1_, movilentit0_.mov_cilindraje as mov_cili2_2_1_, movilentit0_.mov_tipo_movil as mov_tipo3_2_1_, facturasen1_.mov_placa as mov_plac5_1_3_, facturasen1_.facId as facId1_1_3_, facturasen1_.facId as facId1_1_0_, facturasen1_.fac_fecha_ingreso as fac_fech2_1_0_, facturasen1_.fac_fecha_salida as fac_fech3_1_0_, facturasen1_.fac_valor as fac_valo4_1_0_, facturasen1_.mov_placa as mov_plac5_1_0_ from movil movilentit0_ left outer join factura facturasen1_ on movilentit0_.mov_placa=facturasen1_.mov_placa where movilentit0_.mov_placa=?
Hibernate: select movilentit0_.mov_placa as mov_plac1_2_1_, movilentit0_.mov_cilindraje as mov_cili2_2_1_, movilentit0_.mov_tipo_movil as mov_tipo3_2_1_, facturasen1_.mov_placa as mov_plac5_1_3_, facturasen1_.facId as facId1_1_3_, facturasen1_.facId as facId1_1_0_, facturasen1_.fac_fecha_ingreso as fac_fech2_1_0_, facturasen1_.fac_fecha_salida as fac_fech3_1_0_, facturasen1_.fac_valor as fac_valo4_1_0_, facturasen1_.mov_placa as mov_plac5_1_0_ from movil movilentit0_ left outer join factura facturasen1_ on movilentit0_.mov_placa=facturasen1_.mov_placa where movilentit0_.mov_placa=?
2019-05-20 14:55:00.613 TRACE 10536 --- [    Test worker] o.h.type.descriptor.sql.BasicBinder      : binding parameter [1] as [VARCHAR] - [VBN-13]
2019-05-20 14:55:00.613 TRACE 10536 --- [    Test worker] o.h.type.descriptor.sql.BasicExtractor   : extracted value ([facId1_1_0_] : [INTEGER]) - [25]
2019-05-20 14:55:00.617 TRACE 10536 --- [    Test worker] o.h.type.descriptor.sql.BasicExtractor   : extracted value ([mov_cili2_2_1_] : [DOUBLE]) - [-1.0]
2019-05-20 14:55:00.617 TRACE 10536 --- [    Test worker] o.h.type.descriptor.sql.BasicExtractor   : extracted value ([mov_tipo3_2_1_] : [VARCHAR]) - [CARRO]
2019-05-20 14:55:00.617 TRACE 10536 --- [    Test worker] o.h.type.descriptor.sql.BasicExtractor   : extracted value ([mov_plac5_1_3_] : [VARCHAR]) - [VBN-13]
2019-05-20 14:55:00.617 TRACE 10536 --- [    Test worker] o.h.type.descriptor.sql.BasicExtractor   : extracted value ([facId1_1_3_] : [INTEGER]) - [25]
2019-05-20 14:55:00.619 DEBUG 10536 --- [    Test worker] org.hibernate.SQL                        : update factura set fac_fecha_ingreso=?, fac_fecha_salida=?, fac_valor=?, mov_placa=? where facId=?
Hibernate: update factura set fac_fecha_ingreso=?, fac_fecha_salida=?, fac_valor=?, mov_placa=? where facId=?
2019-05-20 14:55:00.620 TRACE 10536 --- [    Test worker] o.h.type.descriptor.sql.BasicBinder      : binding parameter [1] as [TIMESTAMP] - [2019-05-20 14:54:59.377]
2019-05-20 14:55:00.620 TRACE 10536 --- [    Test worker] o.h.type.descriptor.sql.BasicBinder      : binding parameter [2] as [TIMESTAMP] - [Mon May 20 14:55:00 COT 2019]
2019-05-20 14:55:00.620 TRACE 10536 --- [    Test worker] o.h.type.descriptor.sql.BasicBinder      : binding parameter [3] as [DOUBLE] - [1000.0]
2019-05-20 14:55:00.620 TRACE 10536 --- [    Test worker] o.h.type.descriptor.sql.BasicBinder      : binding parameter [4] as [VARCHAR] - [VBN-13]
2019-05-20 14:55:00.621 TRACE 10536 --- [    Test worker] o.h.type.descriptor.sql.BasicBinder      : binding parameter [5] as [INTEGER] - [25]
2019-05-20 14:55:00.622 DEBUG 10536 --- [    Test worker] org.hibernate.SQL                        : select movilentit0_.mov_placa as mov_plac1_2_0_, movilentit0_.mov_cilindraje as mov_cili2_2_0_, movilentit0_.mov_tipo_movil as mov_tipo3_2_0_ from movil movilentit0_ where movilentit0_.mov_placa=?
Hibernate: select movilentit0_.mov_placa as mov_plac1_2_0_, movilentit0_.mov_cilindraje as mov_cili2_2_0_, movilentit0_.mov_tipo_movil as mov_tipo3_2_0_ from movil movilentit0_ where movilentit0_.mov_placa=?
2019-05-20 14:55:00.623 TRACE 10536 --- [    Test worker] o.h.type.descriptor.sql.BasicBinder      : binding parameter [1] as [VARCHAR] - [VBN-14]
2019-05-20 14:55:00.623 TRACE 10536 --- [    Test worker] o.h.type.descriptor.sql.BasicExtractor   : extracted value ([mov_cili2_2_0_] : [DOUBLE]) - [-1.0]
2019-05-20 14:55:00.623 TRACE 10536 --- [    Test worker] o.h.type.descriptor.sql.BasicExtractor   : extracted value ([mov_tipo3_2_0_] : [VARCHAR]) - [CARRO]
2019-05-20 14:55:00.623 TRACE 10536 --- [    Test worker] org.hibernate.type.CollectionType        : Created collection wrapper: [co.com.ceiba.ceibaestacionamiento.persistencia.entidades.MovilEntity.facturasEntity#VBN-14]
2019-05-20 14:55:00.625 DEBUG 10536 --- [    Test worker] org.hibernate.SQL                        : SELECT COUNT(*) FROM factura WHERE mov_placa = ? AND fac_fecha_salida IS NULL
Hibernate: SELECT COUNT(*) FROM factura WHERE mov_placa = ? AND fac_fecha_salida IS NULL
2019-05-20 14:55:00.626 TRACE 10536 --- [    Test worker] o.h.type.descriptor.sql.BasicBinder      : binding parameter [1] as [VARCHAR] - [VBN-14]
2019-05-20 14:55:00.627 TRACE 10536 --- [    Test worker] o.h.type.descriptor.sql.BasicExtractor   : extracted value ([COUNT(*)] : [NUMERIC]) - [1]
2019-05-20 14:55:00.628 DEBUG 10536 --- [    Test worker] org.hibernate.SQL                        : SELECT * FROM factura WHERE mov_placa = ? AND fac_fecha_salida IS NULL
Hibernate: SELECT * FROM factura WHERE mov_placa = ? AND fac_fecha_salida IS NULL
2019-05-20 14:55:00.628 TRACE 10536 --- [    Test worker] o.h.type.descriptor.sql.BasicBinder      : binding parameter [1] as [VARCHAR] - [VBN-14]
2019-05-20 14:55:00.628 TRACE 10536 --- [    Test worker] o.h.type.descriptor.sql.BasicExtractor   : extracted value ([facId] : [INTEGER]) - [26]
2019-05-20 14:55:00.629 TRACE 10536 --- [    Test worker] o.h.type.descriptor.sql.BasicExtractor   : extracted value ([fac_fecha_ingreso] : [TIMESTAMP]) - [2019-05-20 14:54:59.399]
2019-05-20 14:55:00.629 TRACE 10536 --- [    Test worker] o.h.type.descriptor.sql.BasicExtractor   : extracted value ([fac_fecha_salida] : [TIMESTAMP]) - [null]
2019-05-20 14:55:00.629 TRACE 10536 --- [    Test worker] o.h.type.descriptor.sql.BasicExtractor   : extracted value ([fac_valor] : [DOUBLE]) - [0.0]
2019-05-20 14:55:00.629 TRACE 10536 --- [    Test worker] o.h.type.descriptor.sql.BasicExtractor   : extracted value ([mov_placa] : [VARCHAR]) - [VBN-14]
2019-05-20 14:55:00.629 DEBUG 10536 --- [    Test worker] org.hibernate.SQL                        : select movilentit0_.mov_placa as mov_plac1_2_0_, movilentit0_.mov_cilindraje as mov_cili2_2_0_, movilentit0_.mov_tipo_movil as mov_tipo3_2_0_ from movil movilentit0_ where movilentit0_.mov_placa=?
Hibernate: select movilentit0_.mov_placa as mov_plac1_2_0_, movilentit0_.mov_cilindraje as mov_cili2_2_0_, movilentit0_.mov_tipo_movil as mov_tipo3_2_0_ from movil movilentit0_ where movilentit0_.mov_placa=?
2019-05-20 14:55:00.629 TRACE 10536 --- [    Test worker] o.h.type.descriptor.sql.BasicBinder      : binding parameter [1] as [VARCHAR] - [VBN-14]
2019-05-20 14:55:00.630 TRACE 10536 --- [    Test worker] o.h.type.descriptor.sql.BasicExtractor   : extracted value ([mov_cili2_2_0_] : [DOUBLE]) - [-1.0]
2019-05-20 14:55:00.630 TRACE 10536 --- [    Test worker] o.h.type.descriptor.sql.BasicExtractor   : extracted value ([mov_tipo3_2_0_] : [VARCHAR]) - [CARRO]
2019-05-20 14:55:00.630 TRACE 10536 --- [    Test worker] org.hibernate.type.CollectionType        : Created collection wrapper: [co.com.ceiba.ceibaestacionamiento.persistencia.entidades.MovilEntity.facturasEntity#VBN-14]
2019-05-20 14:55:00.631 DEBUG 10536 --- [    Test worker] org.hibernate.SQL                        : SELECT * FROM costoestadia WHERE cos_tipo_movil = ? AND cos_tipo_pago = ? AND cos_tiempo_estadia = ?
Hibernate: SELECT * FROM costoestadia WHERE cos_tipo_movil = ? AND cos_tipo_pago = ? AND cos_tiempo_estadia = ?
2019-05-20 14:55:00.632 TRACE 10536 --- [    Test worker] o.h.type.descriptor.sql.BasicBinder      : binding parameter [1] as [VARCHAR] - [CARRO]
2019-05-20 14:55:00.632 TRACE 10536 --- [    Test worker] o.h.type.descriptor.sql.BasicBinder      : binding parameter [2] as [VARCHAR] - [NORMAL]
2019-05-20 14:55:00.632 TRACE 10536 --- [    Test worker] o.h.type.descriptor.sql.BasicBinder      : binding parameter [3] as [VARCHAR] - [DIA]
2019-05-20 14:55:00.632 TRACE 10536 --- [    Test worker] o.h.type.descriptor.sql.BasicExtractor   : extracted value ([cos_id] : [INTEGER]) - [1]
2019-05-20 14:55:00.632 TRACE 10536 --- [    Test worker] o.h.type.descriptor.sql.BasicExtractor   : extracted value ([cos_tiempo_estadia] : [VARCHAR]) - [DIA]
2019-05-20 14:55:00.632 TRACE 10536 --- [    Test worker] o.h.type.descriptor.sql.BasicExtractor   : extracted value ([cos_tipo_movil] : [VARCHAR]) - [CARRO]
2019-05-20 14:55:00.632 TRACE 10536 --- [    Test worker] o.h.type.descriptor.sql.BasicExtractor   : extracted value ([cos_tipo_pago] : [VARCHAR]) - [NORMAL]
2019-05-20 14:55:00.632 TRACE 10536 --- [    Test worker] o.h.type.descriptor.sql.BasicExtractor   : extracted value ([cos_valor] : [DOUBLE]) - [8000.0]
2019-05-20 14:55:00.633 DEBUG 10536 --- [    Test worker] org.hibernate.SQL                        : SELECT * FROM costoestadia WHERE cos_tipo_movil = ? AND cos_tipo_pago = ? AND cos_tiempo_estadia = ?
Hibernate: SELECT * FROM costoestadia WHERE cos_tipo_movil = ? AND cos_tipo_pago = ? AND cos_tiempo_estadia = ?
2019-05-20 14:55:00.634 TRACE 10536 --- [    Test worker] o.h.type.descriptor.sql.BasicBinder      : binding parameter [1] as [VARCHAR] - [CARRO]
2019-05-20 14:55:00.634 TRACE 10536 --- [    Test worker] o.h.type.descriptor.sql.BasicBinder      : binding parameter [2] as [VARCHAR] - [NORMAL]
2019-05-20 14:55:00.634 TRACE 10536 --- [    Test worker] o.h.type.descriptor.sql.BasicBinder      : binding parameter [3] as [VARCHAR] - [HORA]
2019-05-20 14:55:00.634 TRACE 10536 --- [    Test worker] o.h.type.descriptor.sql.BasicExtractor   : extracted value ([cos_id] : [INTEGER]) - [2]
2019-05-20 14:55:00.634 TRACE 10536 --- [    Test worker] o.h.type.descriptor.sql.BasicExtractor   : extracted value ([cos_tiempo_estadia] : [VARCHAR]) - [HORA]
2019-05-20 14:55:00.634 TRACE 10536 --- [    Test worker] o.h.type.descriptor.sql.BasicExtractor   : extracted value ([cos_tipo_movil] : [VARCHAR]) - [CARRO]
2019-05-20 14:55:00.635 TRACE 10536 --- [    Test worker] o.h.type.descriptor.sql.BasicExtractor   : extracted value ([cos_tipo_pago] : [VARCHAR]) - [NORMAL]
2019-05-20 14:55:00.635 TRACE 10536 --- [    Test worker] o.h.type.descriptor.sql.BasicExtractor   : extracted value ([cos_valor] : [DOUBLE]) - [1000.0]
2019-05-20 14:55:00.636 DEBUG 10536 --- [    Test worker] org.hibernate.SQL                        : SELECT * FROM factura WHERE mov_placa = ? AND fac_fecha_salida IS NULL
Hibernate: SELECT * FROM factura WHERE mov_placa = ? AND fac_fecha_salida IS NULL
2019-05-20 14:55:00.637 TRACE 10536 --- [    Test worker] o.h.type.descriptor.sql.BasicBinder      : binding parameter [1] as [VARCHAR] - [VBN-14]
2019-05-20 14:55:00.637 TRACE 10536 --- [    Test worker] o.h.type.descriptor.sql.BasicExtractor   : extracted value ([facId] : [INTEGER]) - [26]
2019-05-20 14:55:00.637 TRACE 10536 --- [    Test worker] o.h.type.descriptor.sql.BasicExtractor   : extracted value ([fac_fecha_ingreso] : [TIMESTAMP]) - [2019-05-20 14:54:59.399]
2019-05-20 14:55:00.637 TRACE 10536 --- [    Test worker] o.h.type.descriptor.sql.BasicExtractor   : extracted value ([fac_fecha_salida] : [TIMESTAMP]) - [null]
2019-05-20 14:55:00.637 TRACE 10536 --- [    Test worker] o.h.type.descriptor.sql.BasicExtractor   : extracted value ([fac_valor] : [DOUBLE]) - [0.0]
2019-05-20 14:55:00.637 TRACE 10536 --- [    Test worker] o.h.type.descriptor.sql.BasicExtractor   : extracted value ([mov_placa] : [VARCHAR]) - [VBN-14]
2019-05-20 14:55:00.638 DEBUG 10536 --- [    Test worker] org.hibernate.SQL                        : select movilentit0_.mov_placa as mov_plac1_2_0_, movilentit0_.mov_cilindraje as mov_cili2_2_0_, movilentit0_.mov_tipo_movil as mov_tipo3_2_0_ from movil movilentit0_ where movilentit0_.mov_placa=?
Hibernate: select movilentit0_.mov_placa as mov_plac1_2_0_, movilentit0_.mov_cilindraje as mov_cili2_2_0_, movilentit0_.mov_tipo_movil as mov_tipo3_2_0_ from movil movilentit0_ where movilentit0_.mov_placa=?
2019-05-20 14:55:00.638 TRACE 10536 --- [    Test worker] o.h.type.descriptor.sql.BasicBinder      : binding parameter [1] as [VARCHAR] - [VBN-14]
2019-05-20 14:55:00.638 TRACE 10536 --- [    Test worker] o.h.type.descriptor.sql.BasicExtractor   : extracted value ([mov_cili2_2_0_] : [DOUBLE]) - [-1.0]
2019-05-20 14:55:00.638 TRACE 10536 --- [    Test worker] o.h.type.descriptor.sql.BasicExtractor   : extracted value ([mov_tipo3_2_0_] : [VARCHAR]) - [CARRO]
2019-05-20 14:55:00.638 TRACE 10536 --- [    Test worker] org.hibernate.type.CollectionType        : Created collection wrapper: [co.com.ceiba.ceibaestacionamiento.persistencia.entidades.MovilEntity.facturasEntity#VBN-14]
2019-05-20 14:55:00.640 DEBUG 10536 --- [    Test worker] org.hibernate.SQL                        : select facturaent0_.facId as facId1_1_0_, facturaent0_.fac_fecha_ingreso as fac_fech2_1_0_, facturaent0_.fac_fecha_salida as fac_fech3_1_0_, facturaent0_.fac_valor as fac_valo4_1_0_, facturaent0_.mov_placa as mov_plac5_1_0_ from factura facturaent0_ where facturaent0_.facId=?
Hibernate: select facturaent0_.facId as facId1_1_0_, facturaent0_.fac_fecha_ingreso as fac_fech2_1_0_, facturaent0_.fac_fecha_salida as fac_fech3_1_0_, facturaent0_.fac_valor as fac_valo4_1_0_, facturaent0_.mov_placa as mov_plac5_1_0_ from factura facturaent0_ where facturaent0_.facId=?
2019-05-20 14:55:00.640 TRACE 10536 --- [    Test worker] o.h.type.descriptor.sql.BasicBinder      : binding parameter [1] as [INTEGER] - [26]
2019-05-20 14:55:00.641 TRACE 10536 --- [    Test worker] o.h.type.descriptor.sql.BasicExtractor   : extracted value ([fac_fech2_1_0_] : [TIMESTAMP]) - [2019-05-20 14:54:59.399]
2019-05-20 14:55:00.641 TRACE 10536 --- [    Test worker] o.h.type.descriptor.sql.BasicExtractor   : extracted value ([fac_fech3_1_0_] : [TIMESTAMP]) - [null]
2019-05-20 14:55:00.641 TRACE 10536 --- [    Test worker] o.h.type.descriptor.sql.BasicExtractor   : extracted value ([fac_valo4_1_0_] : [DOUBLE]) - [0.0]
2019-05-20 14:55:00.641 TRACE 10536 --- [    Test worker] o.h.type.descriptor.sql.BasicExtractor   : extracted value ([mov_plac5_1_0_] : [VARCHAR]) - [VBN-14]
2019-05-20 14:55:00.641 DEBUG 10536 --- [    Test worker] org.hibernate.SQL                        : select movilentit0_.mov_placa as mov_plac1_2_1_, movilentit0_.mov_cilindraje as mov_cili2_2_1_, movilentit0_.mov_tipo_movil as mov_tipo3_2_1_, facturasen1_.mov_placa as mov_plac5_1_3_, facturasen1_.facId as facId1_1_3_, facturasen1_.facId as facId1_1_0_, facturasen1_.fac_fecha_ingreso as fac_fech2_1_0_, facturasen1_.fac_fecha_salida as fac_fech3_1_0_, facturasen1_.fac_valor as fac_valo4_1_0_, facturasen1_.mov_placa as mov_plac5_1_0_ from movil movilentit0_ left outer join factura facturasen1_ on movilentit0_.mov_placa=facturasen1_.mov_placa where movilentit0_.mov_placa=?
Hibernate: select movilentit0_.mov_placa as mov_plac1_2_1_, movilentit0_.mov_cilindraje as mov_cili2_2_1_, movilentit0_.mov_tipo_movil as mov_tipo3_2_1_, facturasen1_.mov_placa as mov_plac5_1_3_, facturasen1_.facId as facId1_1_3_, facturasen1_.facId as facId1_1_0_, facturasen1_.fac_fecha_ingreso as fac_fech2_1_0_, facturasen1_.fac_fecha_salida as fac_fech3_1_0_, facturasen1_.fac_valor as fac_valo4_1_0_, facturasen1_.mov_placa as mov_plac5_1_0_ from movil movilentit0_ left outer join factura facturasen1_ on movilentit0_.mov_placa=facturasen1_.mov_placa where movilentit0_.mov_placa=?
2019-05-20 14:55:00.641 TRACE 10536 --- [    Test worker] o.h.type.descriptor.sql.BasicBinder      : binding parameter [1] as [VARCHAR] - [VBN-14]
2019-05-20 14:55:00.641 TRACE 10536 --- [    Test worker] o.h.type.descriptor.sql.BasicExtractor   : extracted value ([facId1_1_0_] : [INTEGER]) - [26]
2019-05-20 14:55:00.641 TRACE 10536 --- [    Test worker] o.h.type.descriptor.sql.BasicExtractor   : extracted value ([mov_cili2_2_1_] : [DOUBLE]) - [-1.0]
2019-05-20 14:55:00.642 TRACE 10536 --- [    Test worker] o.h.type.descriptor.sql.BasicExtractor   : extracted value ([mov_tipo3_2_1_] : [VARCHAR]) - [CARRO]
2019-05-20 14:55:00.642 TRACE 10536 --- [    Test worker] o.h.type.descriptor.sql.BasicExtractor   : extracted value ([mov_plac5_1_3_] : [VARCHAR]) - [VBN-14]
2019-05-20 14:55:00.642 TRACE 10536 --- [    Test worker] o.h.type.descriptor.sql.BasicExtractor   : extracted value ([facId1_1_3_] : [INTEGER]) - [26]
2019-05-20 14:55:00.643 DEBUG 10536 --- [    Test worker] org.hibernate.SQL                        : update factura set fac_fecha_ingreso=?, fac_fecha_salida=?, fac_valor=?, mov_placa=? where facId=?
Hibernate: update factura set fac_fecha_ingreso=?, fac_fecha_salida=?, fac_valor=?, mov_placa=? where facId=?
2019-05-20 14:55:00.643 TRACE 10536 --- [    Test worker] o.h.type.descriptor.sql.BasicBinder      : binding parameter [1] as [TIMESTAMP] - [2019-05-20 14:54:59.399]
2019-05-20 14:55:00.644 TRACE 10536 --- [    Test worker] o.h.type.descriptor.sql.BasicBinder      : binding parameter [2] as [TIMESTAMP] - [Mon May 20 14:55:00 COT 2019]
2019-05-20 14:55:00.644 TRACE 10536 --- [    Test worker] o.h.type.descriptor.sql.BasicBinder      : binding parameter [3] as [DOUBLE] - [1000.0]
2019-05-20 14:55:00.644 TRACE 10536 --- [    Test worker] o.h.type.descriptor.sql.BasicBinder      : binding parameter [4] as [VARCHAR] - [VBN-14]
2019-05-20 14:55:00.644 TRACE 10536 --- [    Test worker] o.h.type.descriptor.sql.BasicBinder      : binding parameter [5] as [INTEGER] - [26]
2019-05-20 14:55:00.645 DEBUG 10536 --- [    Test worker] org.hibernate.SQL                        : select movilentit0_.mov_placa as mov_plac1_2_0_, movilentit0_.mov_cilindraje as mov_cili2_2_0_, movilentit0_.mov_tipo_movil as mov_tipo3_2_0_ from movil movilentit0_ where movilentit0_.mov_placa=?
Hibernate: select movilentit0_.mov_placa as mov_plac1_2_0_, movilentit0_.mov_cilindraje as mov_cili2_2_0_, movilentit0_.mov_tipo_movil as mov_tipo3_2_0_ from movil movilentit0_ where movilentit0_.mov_placa=?
2019-05-20 14:55:00.646 TRACE 10536 --- [    Test worker] o.h.type.descriptor.sql.BasicBinder      : binding parameter [1] as [VARCHAR] - [VBN-15]
2019-05-20 14:55:00.646 TRACE 10536 --- [    Test worker] o.h.type.descriptor.sql.BasicExtractor   : extracted value ([mov_cili2_2_0_] : [DOUBLE]) - [-1.0]
2019-05-20 14:55:00.646 TRACE 10536 --- [    Test worker] o.h.type.descriptor.sql.BasicExtractor   : extracted value ([mov_tipo3_2_0_] : [VARCHAR]) - [CARRO]
2019-05-20 14:55:00.646 TRACE 10536 --- [    Test worker] org.hibernate.type.CollectionType        : Created collection wrapper: [co.com.ceiba.ceibaestacionamiento.persistencia.entidades.MovilEntity.facturasEntity#VBN-15]
2019-05-20 14:55:00.648 DEBUG 10536 --- [    Test worker] org.hibernate.SQL                        : SELECT COUNT(*) FROM factura WHERE mov_placa = ? AND fac_fecha_salida IS NULL
Hibernate: SELECT COUNT(*) FROM factura WHERE mov_placa = ? AND fac_fecha_salida IS NULL
2019-05-20 14:55:00.649 TRACE 10536 --- [    Test worker] o.h.type.descriptor.sql.BasicBinder      : binding parameter [1] as [VARCHAR] - [VBN-15]
2019-05-20 14:55:00.649 TRACE 10536 --- [    Test worker] o.h.type.descriptor.sql.BasicExtractor   : extracted value ([COUNT(*)] : [NUMERIC]) - [1]
2019-05-20 14:55:00.651 DEBUG 10536 --- [    Test worker] org.hibernate.SQL                        : SELECT * FROM factura WHERE mov_placa = ? AND fac_fecha_salida IS NULL
Hibernate: SELECT * FROM factura WHERE mov_placa = ? AND fac_fecha_salida IS NULL
2019-05-20 14:55:00.652 TRACE 10536 --- [    Test worker] o.h.type.descriptor.sql.BasicBinder      : binding parameter [1] as [VARCHAR] - [VBN-15]
2019-05-20 14:55:00.653 TRACE 10536 --- [    Test worker] o.h.type.descriptor.sql.BasicExtractor   : extracted value ([facId] : [INTEGER]) - [27]
2019-05-20 14:55:00.654 TRACE 10536 --- [    Test worker] o.h.type.descriptor.sql.BasicExtractor   : extracted value ([fac_fecha_ingreso] : [TIMESTAMP]) - [2019-05-20 14:54:59.421]
2019-05-20 14:55:00.654 TRACE 10536 --- [    Test worker] o.h.type.descriptor.sql.BasicExtractor   : extracted value ([fac_fecha_salida] : [TIMESTAMP]) - [null]
2019-05-20 14:55:00.654 TRACE 10536 --- [    Test worker] o.h.type.descriptor.sql.BasicExtractor   : extracted value ([fac_valor] : [DOUBLE]) - [0.0]
2019-05-20 14:55:00.654 TRACE 10536 --- [    Test worker] o.h.type.descriptor.sql.BasicExtractor   : extracted value ([mov_placa] : [VARCHAR]) - [VBN-15]
2019-05-20 14:55:00.654 DEBUG 10536 --- [    Test worker] org.hibernate.SQL                        : select movilentit0_.mov_placa as mov_plac1_2_0_, movilentit0_.mov_cilindraje as mov_cili2_2_0_, movilentit0_.mov_tipo_movil as mov_tipo3_2_0_ from movil movilentit0_ where movilentit0_.mov_placa=?
Hibernate: select movilentit0_.mov_placa as mov_plac1_2_0_, movilentit0_.mov_cilindraje as mov_cili2_2_0_, movilentit0_.mov_tipo_movil as mov_tipo3_2_0_ from movil movilentit0_ where movilentit0_.mov_placa=?
2019-05-20 14:55:00.655 TRACE 10536 --- [    Test worker] o.h.type.descriptor.sql.BasicBinder      : binding parameter [1] as [VARCHAR] - [VBN-15]
2019-05-20 14:55:00.655 TRACE 10536 --- [    Test worker] o.h.type.descriptor.sql.BasicExtractor   : extracted value ([mov_cili2_2_0_] : [DOUBLE]) - [-1.0]
2019-05-20 14:55:00.655 TRACE 10536 --- [    Test worker] o.h.type.descriptor.sql.BasicExtractor   : extracted value ([mov_tipo3_2_0_] : [VARCHAR]) - [CARRO]
2019-05-20 14:55:00.655 TRACE 10536 --- [    Test worker] org.hibernate.type.CollectionType        : Created collection wrapper: [co.com.ceiba.ceibaestacionamiento.persistencia.entidades.MovilEntity.facturasEntity#VBN-15]
2019-05-20 14:55:00.657 DEBUG 10536 --- [    Test worker] org.hibernate.SQL                        : SELECT * FROM costoestadia WHERE cos_tipo_movil = ? AND cos_tipo_pago = ? AND cos_tiempo_estadia = ?
Hibernate: SELECT * FROM costoestadia WHERE cos_tipo_movil = ? AND cos_tipo_pago = ? AND cos_tiempo_estadia = ?
2019-05-20 14:55:00.658 TRACE 10536 --- [    Test worker] o.h.type.descriptor.sql.BasicBinder      : binding parameter [1] as [VARCHAR] - [CARRO]
2019-05-20 14:55:00.658 TRACE 10536 --- [    Test worker] o.h.type.descriptor.sql.BasicBinder      : binding parameter [2] as [VARCHAR] - [NORMAL]
2019-05-20 14:55:00.658 TRACE 10536 --- [    Test worker] o.h.type.descriptor.sql.BasicBinder      : binding parameter [3] as [VARCHAR] - [DIA]
2019-05-20 14:55:00.658 TRACE 10536 --- [    Test worker] o.h.type.descriptor.sql.BasicExtractor   : extracted value ([cos_id] : [INTEGER]) - [1]
2019-05-20 14:55:00.659 TRACE 10536 --- [    Test worker] o.h.type.descriptor.sql.BasicExtractor   : extracted value ([cos_tiempo_estadia] : [VARCHAR]) - [DIA]
2019-05-20 14:55:00.659 TRACE 10536 --- [    Test worker] o.h.type.descriptor.sql.BasicExtractor   : extracted value ([cos_tipo_movil] : [VARCHAR]) - [CARRO]
2019-05-20 14:55:00.659 TRACE 10536 --- [    Test worker] o.h.type.descriptor.sql.BasicExtractor   : extracted value ([cos_tipo_pago] : [VARCHAR]) - [NORMAL]
2019-05-20 14:55:00.659 TRACE 10536 --- [    Test worker] o.h.type.descriptor.sql.BasicExtractor   : extracted value ([cos_valor] : [DOUBLE]) - [8000.0]
2019-05-20 14:55:00.660 DEBUG 10536 --- [    Test worker] org.hibernate.SQL                        : SELECT * FROM costoestadia WHERE cos_tipo_movil = ? AND cos_tipo_pago = ? AND cos_tiempo_estadia = ?
Hibernate: SELECT * FROM costoestadia WHERE cos_tipo_movil = ? AND cos_tipo_pago = ? AND cos_tiempo_estadia = ?
2019-05-20 14:55:00.661 TRACE 10536 --- [    Test worker] o.h.type.descriptor.sql.BasicBinder      : binding parameter [1] as [VARCHAR] - [CARRO]
2019-05-20 14:55:00.661 TRACE 10536 --- [    Test worker] o.h.type.descriptor.sql.BasicBinder      : binding parameter [2] as [VARCHAR] - [NORMAL]
2019-05-20 14:55:00.661 TRACE 10536 --- [    Test worker] o.h.type.descriptor.sql.BasicBinder      : binding parameter [3] as [VARCHAR] - [HORA]
2019-05-20 14:55:00.661 TRACE 10536 --- [    Test worker] o.h.type.descriptor.sql.BasicExtractor   : extracted value ([cos_id] : [INTEGER]) - [2]
2019-05-20 14:55:00.662 TRACE 10536 --- [    Test worker] o.h.type.descriptor.sql.BasicExtractor   : extracted value ([cos_tiempo_estadia] : [VARCHAR]) - [HORA]
2019-05-20 14:55:00.662 TRACE 10536 --- [    Test worker] o.h.type.descriptor.sql.BasicExtractor   : extracted value ([cos_tipo_movil] : [VARCHAR]) - [CARRO]
2019-05-20 14:55:00.662 TRACE 10536 --- [    Test worker] o.h.type.descriptor.sql.BasicExtractor   : extracted value ([cos_tipo_pago] : [VARCHAR]) - [NORMAL]
2019-05-20 14:55:00.662 TRACE 10536 --- [    Test worker] o.h.type.descriptor.sql.BasicExtractor   : extracted value ([cos_valor] : [DOUBLE]) - [1000.0]
2019-05-20 14:55:00.664 DEBUG 10536 --- [    Test worker] org.hibernate.SQL                        : SELECT * FROM factura WHERE mov_placa = ? AND fac_fecha_salida IS NULL
Hibernate: SELECT * FROM factura WHERE mov_placa = ? AND fac_fecha_salida IS NULL
2019-05-20 14:55:00.664 TRACE 10536 --- [    Test worker] o.h.type.descriptor.sql.BasicBinder      : binding parameter [1] as [VARCHAR] - [VBN-15]
2019-05-20 14:55:00.665 TRACE 10536 --- [    Test worker] o.h.type.descriptor.sql.BasicExtractor   : extracted value ([facId] : [INTEGER]) - [27]
2019-05-20 14:55:00.665 TRACE 10536 --- [    Test worker] o.h.type.descriptor.sql.BasicExtractor   : extracted value ([fac_fecha_ingreso] : [TIMESTAMP]) - [2019-05-20 14:54:59.421]
2019-05-20 14:55:00.665 TRACE 10536 --- [    Test worker] o.h.type.descriptor.sql.BasicExtractor   : extracted value ([fac_fecha_salida] : [TIMESTAMP]) - [null]
2019-05-20 14:55:00.665 TRACE 10536 --- [    Test worker] o.h.type.descriptor.sql.BasicExtractor   : extracted value ([fac_valor] : [DOUBLE]) - [0.0]
2019-05-20 14:55:00.665 TRACE 10536 --- [    Test worker] o.h.type.descriptor.sql.BasicExtractor   : extracted value ([mov_placa] : [VARCHAR]) - [VBN-15]
2019-05-20 14:55:00.665 DEBUG 10536 --- [    Test worker] org.hibernate.SQL                        : select movilentit0_.mov_placa as mov_plac1_2_0_, movilentit0_.mov_cilindraje as mov_cili2_2_0_, movilentit0_.mov_tipo_movil as mov_tipo3_2_0_ from movil movilentit0_ where movilentit0_.mov_placa=?
Hibernate: select movilentit0_.mov_placa as mov_plac1_2_0_, movilentit0_.mov_cilindraje as mov_cili2_2_0_, movilentit0_.mov_tipo_movil as mov_tipo3_2_0_ from movil movilentit0_ where movilentit0_.mov_placa=?
2019-05-20 14:55:00.665 TRACE 10536 --- [    Test worker] o.h.type.descriptor.sql.BasicBinder      : binding parameter [1] as [VARCHAR] - [VBN-15]
2019-05-20 14:55:00.666 TRACE 10536 --- [    Test worker] o.h.type.descriptor.sql.BasicExtractor   : extracted value ([mov_cili2_2_0_] : [DOUBLE]) - [-1.0]
2019-05-20 14:55:00.666 TRACE 10536 --- [    Test worker] o.h.type.descriptor.sql.BasicExtractor   : extracted value ([mov_tipo3_2_0_] : [VARCHAR]) - [CARRO]
2019-05-20 14:55:00.666 TRACE 10536 --- [    Test worker] org.hibernate.type.CollectionType        : Created collection wrapper: [co.com.ceiba.ceibaestacionamiento.persistencia.entidades.MovilEntity.facturasEntity#VBN-15]
2019-05-20 14:55:00.667 DEBUG 10536 --- [    Test worker] org.hibernate.SQL                        : select facturaent0_.facId as facId1_1_0_, facturaent0_.fac_fecha_ingreso as fac_fech2_1_0_, facturaent0_.fac_fecha_salida as fac_fech3_1_0_, facturaent0_.fac_valor as fac_valo4_1_0_, facturaent0_.mov_placa as mov_plac5_1_0_ from factura facturaent0_ where facturaent0_.facId=?
Hibernate: select facturaent0_.facId as facId1_1_0_, facturaent0_.fac_fecha_ingreso as fac_fech2_1_0_, facturaent0_.fac_fecha_salida as fac_fech3_1_0_, facturaent0_.fac_valor as fac_valo4_1_0_, facturaent0_.mov_placa as mov_plac5_1_0_ from factura facturaent0_ where facturaent0_.facId=?
2019-05-20 14:55:00.668 TRACE 10536 --- [    Test worker] o.h.type.descriptor.sql.BasicBinder      : binding parameter [1] as [INTEGER] - [27]
2019-05-20 14:55:00.669 TRACE 10536 --- [    Test worker] o.h.type.descriptor.sql.BasicExtractor   : extracted value ([fac_fech2_1_0_] : [TIMESTAMP]) - [2019-05-20 14:54:59.421]
2019-05-20 14:55:00.669 TRACE 10536 --- [    Test worker] o.h.type.descriptor.sql.BasicExtractor   : extracted value ([fac_fech3_1_0_] : [TIMESTAMP]) - [null]
2019-05-20 14:55:00.669 TRACE 10536 --- [    Test worker] o.h.type.descriptor.sql.BasicExtractor   : extracted value ([fac_valo4_1_0_] : [DOUBLE]) - [0.0]
2019-05-20 14:55:00.669 TRACE 10536 --- [    Test worker] o.h.type.descriptor.sql.BasicExtractor   : extracted value ([mov_plac5_1_0_] : [VARCHAR]) - [VBN-15]
2019-05-20 14:55:00.669 DEBUG 10536 --- [    Test worker] org.hibernate.SQL                        : select movilentit0_.mov_placa as mov_plac1_2_1_, movilentit0_.mov_cilindraje as mov_cili2_2_1_, movilentit0_.mov_tipo_movil as mov_tipo3_2_1_, facturasen1_.mov_placa as mov_plac5_1_3_, facturasen1_.facId as facId1_1_3_, facturasen1_.facId as facId1_1_0_, facturasen1_.fac_fecha_ingreso as fac_fech2_1_0_, facturasen1_.fac_fecha_salida as fac_fech3_1_0_, facturasen1_.fac_valor as fac_valo4_1_0_, facturasen1_.mov_placa as mov_plac5_1_0_ from movil movilentit0_ left outer join factura facturasen1_ on movilentit0_.mov_placa=facturasen1_.mov_placa where movilentit0_.mov_placa=?
Hibernate: select movilentit0_.mov_placa as mov_plac1_2_1_, movilentit0_.mov_cilindraje as mov_cili2_2_1_, movilentit0_.mov_tipo_movil as mov_tipo3_2_1_, facturasen1_.mov_placa as mov_plac5_1_3_, facturasen1_.facId as facId1_1_3_, facturasen1_.facId as facId1_1_0_, facturasen1_.fac_fecha_ingreso as fac_fech2_1_0_, facturasen1_.fac_fecha_salida as fac_fech3_1_0_, facturasen1_.fac_valor as fac_valo4_1_0_, facturasen1_.mov_placa as mov_plac5_1_0_ from movil movilentit0_ left outer join factura facturasen1_ on movilentit0_.mov_placa=facturasen1_.mov_placa where movilentit0_.mov_placa=?
2019-05-20 14:55:00.669 TRACE 10536 --- [    Test worker] o.h.type.descriptor.sql.BasicBinder      : binding parameter [1] as [VARCHAR] - [VBN-15]
2019-05-20 14:55:00.669 TRACE 10536 --- [    Test worker] o.h.type.descriptor.sql.BasicExtractor   : extracted value ([facId1_1_0_] : [INTEGER]) - [27]
2019-05-20 14:55:00.670 TRACE 10536 --- [    Test worker] o.h.type.descriptor.sql.BasicExtractor   : extracted value ([mov_cili2_2_1_] : [DOUBLE]) - [-1.0]
2019-05-20 14:55:00.670 TRACE 10536 --- [    Test worker] o.h.type.descriptor.sql.BasicExtractor   : extracted value ([mov_tipo3_2_1_] : [VARCHAR]) - [CARRO]
2019-05-20 14:55:00.670 TRACE 10536 --- [    Test worker] o.h.type.descriptor.sql.BasicExtractor   : extracted value ([mov_plac5_1_3_] : [VARCHAR]) - [VBN-15]
2019-05-20 14:55:00.670 TRACE 10536 --- [    Test worker] o.h.type.descriptor.sql.BasicExtractor   : extracted value ([facId1_1_3_] : [INTEGER]) - [27]
2019-05-20 14:55:00.672 DEBUG 10536 --- [    Test worker] org.hibernate.SQL                        : update factura set fac_fecha_ingreso=?, fac_fecha_salida=?, fac_valor=?, mov_placa=? where facId=?
Hibernate: update factura set fac_fecha_ingreso=?, fac_fecha_salida=?, fac_valor=?, mov_placa=? where facId=?
2019-05-20 14:55:00.672 TRACE 10536 --- [    Test worker] o.h.type.descriptor.sql.BasicBinder      : binding parameter [1] as [TIMESTAMP] - [2019-05-20 14:54:59.421]
2019-05-20 14:55:00.672 TRACE 10536 --- [    Test worker] o.h.type.descriptor.sql.BasicBinder      : binding parameter [2] as [TIMESTAMP] - [Mon May 20 14:55:00 COT 2019]
2019-05-20 14:55:00.673 TRACE 10536 --- [    Test worker] o.h.type.descriptor.sql.BasicBinder      : binding parameter [3] as [DOUBLE] - [1000.0]
2019-05-20 14:55:00.673 TRACE 10536 --- [    Test worker] o.h.type.descriptor.sql.BasicBinder      : binding parameter [4] as [VARCHAR] - [VBN-15]
2019-05-20 14:55:00.673 TRACE 10536 --- [    Test worker] o.h.type.descriptor.sql.BasicBinder      : binding parameter [5] as [INTEGER] - [27]
2019-05-20 14:55:00.674 DEBUG 10536 --- [    Test worker] org.hibernate.SQL                        : select movilentit0_.mov_placa as mov_plac1_2_0_, movilentit0_.mov_cilindraje as mov_cili2_2_0_, movilentit0_.mov_tipo_movil as mov_tipo3_2_0_ from movil movilentit0_ where movilentit0_.mov_placa=?
Hibernate: select movilentit0_.mov_placa as mov_plac1_2_0_, movilentit0_.mov_cilindraje as mov_cili2_2_0_, movilentit0_.mov_tipo_movil as mov_tipo3_2_0_ from movil movilentit0_ where movilentit0_.mov_placa=?
2019-05-20 14:55:00.675 TRACE 10536 --- [    Test worker] o.h.type.descriptor.sql.BasicBinder      : binding parameter [1] as [VARCHAR] - [VBN-16]
2019-05-20 14:55:00.675 TRACE 10536 --- [    Test worker] o.h.type.descriptor.sql.BasicExtractor   : extracted value ([mov_cili2_2_0_] : [DOUBLE]) - [-1.0]
2019-05-20 14:55:00.675 TRACE 10536 --- [    Test worker] o.h.type.descriptor.sql.BasicExtractor   : extracted value ([mov_tipo3_2_0_] : [VARCHAR]) - [CARRO]
2019-05-20 14:55:00.675 TRACE 10536 --- [    Test worker] org.hibernate.type.CollectionType        : Created collection wrapper: [co.com.ceiba.ceibaestacionamiento.persistencia.entidades.MovilEntity.facturasEntity#VBN-16]
2019-05-20 14:55:00.676 DEBUG 10536 --- [    Test worker] org.hibernate.SQL                        : SELECT COUNT(*) FROM factura WHERE mov_placa = ? AND fac_fecha_salida IS NULL
Hibernate: SELECT COUNT(*) FROM factura WHERE mov_placa = ? AND fac_fecha_salida IS NULL
2019-05-20 14:55:00.677 TRACE 10536 --- [    Test worker] o.h.type.descriptor.sql.BasicBinder      : binding parameter [1] as [VARCHAR] - [VBN-16]
2019-05-20 14:55:00.678 TRACE 10536 --- [    Test worker] o.h.type.descriptor.sql.BasicExtractor   : extracted value ([COUNT(*)] : [NUMERIC]) - [1]
2019-05-20 14:55:00.681 DEBUG 10536 --- [    Test worker] org.hibernate.SQL                        : SELECT * FROM factura WHERE mov_placa = ? AND fac_fecha_salida IS NULL
Hibernate: SELECT * FROM factura WHERE mov_placa = ? AND fac_fecha_salida IS NULL
2019-05-20 14:55:00.681 TRACE 10536 --- [    Test worker] o.h.type.descriptor.sql.BasicBinder      : binding parameter [1] as [VARCHAR] - [VBN-16]
2019-05-20 14:55:00.682 TRACE 10536 --- [    Test worker] o.h.type.descriptor.sql.BasicExtractor   : extracted value ([facId] : [INTEGER]) - [28]
2019-05-20 14:55:00.682 TRACE 10536 --- [    Test worker] o.h.type.descriptor.sql.BasicExtractor   : extracted value ([fac_fecha_ingreso] : [TIMESTAMP]) - [2019-05-20 14:54:59.442]
2019-05-20 14:55:00.682 TRACE 10536 --- [    Test worker] o.h.type.descriptor.sql.BasicExtractor   : extracted value ([fac_fecha_salida] : [TIMESTAMP]) - [null]
2019-05-20 14:55:00.682 TRACE 10536 --- [    Test worker] o.h.type.descriptor.sql.BasicExtractor   : extracted value ([fac_valor] : [DOUBLE]) - [0.0]
2019-05-20 14:55:00.682 TRACE 10536 --- [    Test worker] o.h.type.descriptor.sql.BasicExtractor   : extracted value ([mov_placa] : [VARCHAR]) - [VBN-16]
2019-05-20 14:55:00.682 DEBUG 10536 --- [    Test worker] org.hibernate.SQL                        : select movilentit0_.mov_placa as mov_plac1_2_0_, movilentit0_.mov_cilindraje as mov_cili2_2_0_, movilentit0_.mov_tipo_movil as mov_tipo3_2_0_ from movil movilentit0_ where movilentit0_.mov_placa=?
Hibernate: select movilentit0_.mov_placa as mov_plac1_2_0_, movilentit0_.mov_cilindraje as mov_cili2_2_0_, movilentit0_.mov_tipo_movil as mov_tipo3_2_0_ from movil movilentit0_ where movilentit0_.mov_placa=?
2019-05-20 14:55:00.682 TRACE 10536 --- [    Test worker] o.h.type.descriptor.sql.BasicBinder      : binding parameter [1] as [VARCHAR] - [VBN-16]
2019-05-20 14:55:00.683 TRACE 10536 --- [    Test worker] o.h.type.descriptor.sql.BasicExtractor   : extracted value ([mov_cili2_2_0_] : [DOUBLE]) - [-1.0]
2019-05-20 14:55:00.683 TRACE 10536 --- [    Test worker] o.h.type.descriptor.sql.BasicExtractor   : extracted value ([mov_tipo3_2_0_] : [VARCHAR]) - [CARRO]
2019-05-20 14:55:00.683 TRACE 10536 --- [    Test worker] org.hibernate.type.CollectionType        : Created collection wrapper: [co.com.ceiba.ceibaestacionamiento.persistencia.entidades.MovilEntity.facturasEntity#VBN-16]
2019-05-20 14:55:00.684 DEBUG 10536 --- [    Test worker] org.hibernate.SQL                        : SELECT * FROM costoestadia WHERE cos_tipo_movil = ? AND cos_tipo_pago = ? AND cos_tiempo_estadia = ?
Hibernate: SELECT * FROM costoestadia WHERE cos_tipo_movil = ? AND cos_tipo_pago = ? AND cos_tiempo_estadia = ?
2019-05-20 14:55:00.685 TRACE 10536 --- [    Test worker] o.h.type.descriptor.sql.BasicBinder      : binding parameter [1] as [VARCHAR] - [CARRO]
2019-05-20 14:55:00.685 TRACE 10536 --- [    Test worker] o.h.type.descriptor.sql.BasicBinder      : binding parameter [2] as [VARCHAR] - [NORMAL]
2019-05-20 14:55:00.685 TRACE 10536 --- [    Test worker] o.h.type.descriptor.sql.BasicBinder      : binding parameter [3] as [VARCHAR] - [DIA]
2019-05-20 14:55:00.685 TRACE 10536 --- [    Test worker] o.h.type.descriptor.sql.BasicExtractor   : extracted value ([cos_id] : [INTEGER]) - [1]
2019-05-20 14:55:00.686 TRACE 10536 --- [    Test worker] o.h.type.descriptor.sql.BasicExtractor   : extracted value ([cos_tiempo_estadia] : [VARCHAR]) - [DIA]
2019-05-20 14:55:00.686 TRACE 10536 --- [    Test worker] o.h.type.descriptor.sql.BasicExtractor   : extracted value ([cos_tipo_movil] : [VARCHAR]) - [CARRO]
2019-05-20 14:55:00.686 TRACE 10536 --- [    Test worker] o.h.type.descriptor.sql.BasicExtractor   : extracted value ([cos_tipo_pago] : [VARCHAR]) - [NORMAL]
2019-05-20 14:55:00.686 TRACE 10536 --- [    Test worker] o.h.type.descriptor.sql.BasicExtractor   : extracted value ([cos_valor] : [DOUBLE]) - [8000.0]
2019-05-20 14:55:00.687 DEBUG 10536 --- [    Test worker] org.hibernate.SQL                        : SELECT * FROM costoestadia WHERE cos_tipo_movil = ? AND cos_tipo_pago = ? AND cos_tiempo_estadia = ?
Hibernate: SELECT * FROM costoestadia WHERE cos_tipo_movil = ? AND cos_tipo_pago = ? AND cos_tiempo_estadia = ?
2019-05-20 14:55:00.688 TRACE 10536 --- [    Test worker] o.h.type.descriptor.sql.BasicBinder      : binding parameter [1] as [VARCHAR] - [CARRO]
2019-05-20 14:55:00.688 TRACE 10536 --- [    Test worker] o.h.type.descriptor.sql.BasicBinder      : binding parameter [2] as [VARCHAR] - [NORMAL]
2019-05-20 14:55:00.688 TRACE 10536 --- [    Test worker] o.h.type.descriptor.sql.BasicBinder      : binding parameter [3] as [VARCHAR] - [HORA]
2019-05-20 14:55:00.689 TRACE 10536 --- [    Test worker] o.h.type.descriptor.sql.BasicExtractor   : extracted value ([cos_id] : [INTEGER]) - [2]
2019-05-20 14:55:00.689 TRACE 10536 --- [    Test worker] o.h.type.descriptor.sql.BasicExtractor   : extracted value ([cos_tiempo_estadia] : [VARCHAR]) - [HORA]
2019-05-20 14:55:00.689 TRACE 10536 --- [    Test worker] o.h.type.descriptor.sql.BasicExtractor   : extracted value ([cos_tipo_movil] : [VARCHAR]) - [CARRO]
2019-05-20 14:55:00.689 TRACE 10536 --- [    Test worker] o.h.type.descriptor.sql.BasicExtractor   : extracted value ([cos_tipo_pago] : [VARCHAR]) - [NORMAL]
2019-05-20 14:55:00.689 TRACE 10536 --- [    Test worker] o.h.type.descriptor.sql.BasicExtractor   : extracted value ([cos_valor] : [DOUBLE]) - [1000.0]
2019-05-20 14:55:00.692 DEBUG 10536 --- [    Test worker] org.hibernate.SQL                        : SELECT * FROM factura WHERE mov_placa = ? AND fac_fecha_salida IS NULL
Hibernate: SELECT * FROM factura WHERE mov_placa = ? AND fac_fecha_salida IS NULL
2019-05-20 14:55:00.694 TRACE 10536 --- [    Test worker] o.h.type.descriptor.sql.BasicBinder      : binding parameter [1] as [VARCHAR] - [VBN-16]
2019-05-20 14:55:00.695 TRACE 10536 --- [    Test worker] o.h.type.descriptor.sql.BasicExtractor   : extracted value ([facId] : [INTEGER]) - [28]
2019-05-20 14:55:00.696 TRACE 10536 --- [    Test worker] o.h.type.descriptor.sql.BasicExtractor   : extracted value ([fac_fecha_ingreso] : [TIMESTAMP]) - [2019-05-20 14:54:59.442]
2019-05-20 14:55:00.696 TRACE 10536 --- [    Test worker] o.h.type.descriptor.sql.BasicExtractor   : extracted value ([fac_fecha_salida] : [TIMESTAMP]) - [null]
2019-05-20 14:55:00.696 TRACE 10536 --- [    Test worker] o.h.type.descriptor.sql.BasicExtractor   : extracted value ([fac_valor] : [DOUBLE]) - [0.0]
2019-05-20 14:55:00.696 TRACE 10536 --- [    Test worker] o.h.type.descriptor.sql.BasicExtractor   : extracted value ([mov_placa] : [VARCHAR]) - [VBN-16]
2019-05-20 14:55:00.696 DEBUG 10536 --- [    Test worker] org.hibernate.SQL                        : select movilentit0_.mov_placa as mov_plac1_2_0_, movilentit0_.mov_cilindraje as mov_cili2_2_0_, movilentit0_.mov_tipo_movil as mov_tipo3_2_0_ from movil movilentit0_ where movilentit0_.mov_placa=?
Hibernate: select movilentit0_.mov_placa as mov_plac1_2_0_, movilentit0_.mov_cilindraje as mov_cili2_2_0_, movilentit0_.mov_tipo_movil as mov_tipo3_2_0_ from movil movilentit0_ where movilentit0_.mov_placa=?
2019-05-20 14:55:00.697 TRACE 10536 --- [    Test worker] o.h.type.descriptor.sql.BasicBinder      : binding parameter [1] as [VARCHAR] - [VBN-16]
2019-05-20 14:55:00.698 TRACE 10536 --- [    Test worker] o.h.type.descriptor.sql.BasicExtractor   : extracted value ([mov_cili2_2_0_] : [DOUBLE]) - [-1.0]
2019-05-20 14:55:00.698 TRACE 10536 --- [    Test worker] o.h.type.descriptor.sql.BasicExtractor   : extracted value ([mov_tipo3_2_0_] : [VARCHAR]) - [CARRO]
2019-05-20 14:55:00.698 TRACE 10536 --- [    Test worker] org.hibernate.type.CollectionType        : Created collection wrapper: [co.com.ceiba.ceibaestacionamiento.persistencia.entidades.MovilEntity.facturasEntity#VBN-16]
2019-05-20 14:55:00.703 DEBUG 10536 --- [    Test worker] org.hibernate.SQL                        : select facturaent0_.facId as facId1_1_0_, facturaent0_.fac_fecha_ingreso as fac_fech2_1_0_, facturaent0_.fac_fecha_salida as fac_fech3_1_0_, facturaent0_.fac_valor as fac_valo4_1_0_, facturaent0_.mov_placa as mov_plac5_1_0_ from factura facturaent0_ where facturaent0_.facId=?
Hibernate: select facturaent0_.facId as facId1_1_0_, facturaent0_.fac_fecha_ingreso as fac_fech2_1_0_, facturaent0_.fac_fecha_salida as fac_fech3_1_0_, facturaent0_.fac_valor as fac_valo4_1_0_, facturaent0_.mov_placa as mov_plac5_1_0_ from factura facturaent0_ where facturaent0_.facId=?
2019-05-20 14:55:00.703 TRACE 10536 --- [    Test worker] o.h.type.descriptor.sql.BasicBinder      : binding parameter [1] as [INTEGER] - [28]
2019-05-20 14:55:00.704 TRACE 10536 --- [    Test worker] o.h.type.descriptor.sql.BasicExtractor   : extracted value ([fac_fech2_1_0_] : [TIMESTAMP]) - [2019-05-20 14:54:59.442]
2019-05-20 14:55:00.705 TRACE 10536 --- [    Test worker] o.h.type.descriptor.sql.BasicExtractor   : extracted value ([fac_fech3_1_0_] : [TIMESTAMP]) - [null]
2019-05-20 14:55:00.705 TRACE 10536 --- [    Test worker] o.h.type.descriptor.sql.BasicExtractor   : extracted value ([fac_valo4_1_0_] : [DOUBLE]) - [0.0]
2019-05-20 14:55:00.705 TRACE 10536 --- [    Test worker] o.h.type.descriptor.sql.BasicExtractor   : extracted value ([mov_plac5_1_0_] : [VARCHAR]) - [VBN-16]
2019-05-20 14:55:00.706 DEBUG 10536 --- [    Test worker] org.hibernate.SQL                        : select movilentit0_.mov_placa as mov_plac1_2_1_, movilentit0_.mov_cilindraje as mov_cili2_2_1_, movilentit0_.mov_tipo_movil as mov_tipo3_2_1_, facturasen1_.mov_placa as mov_plac5_1_3_, facturasen1_.facId as facId1_1_3_, facturasen1_.facId as facId1_1_0_, facturasen1_.fac_fecha_ingreso as fac_fech2_1_0_, facturasen1_.fac_fecha_salida as fac_fech3_1_0_, facturasen1_.fac_valor as fac_valo4_1_0_, facturasen1_.mov_placa as mov_plac5_1_0_ from movil movilentit0_ left outer join factura facturasen1_ on movilentit0_.mov_placa=facturasen1_.mov_placa where movilentit0_.mov_placa=?
Hibernate: select movilentit0_.mov_placa as mov_plac1_2_1_, movilentit0_.mov_cilindraje as mov_cili2_2_1_, movilentit0_.mov_tipo_movil as mov_tipo3_2_1_, facturasen1_.mov_placa as mov_plac5_1_3_, facturasen1_.facId as facId1_1_3_, facturasen1_.facId as facId1_1_0_, facturasen1_.fac_fecha_ingreso as fac_fech2_1_0_, facturasen1_.fac_fecha_salida as fac_fech3_1_0_, facturasen1_.fac_valor as fac_valo4_1_0_, facturasen1_.mov_placa as mov_plac5_1_0_ from movil movilentit0_ left outer join factura facturasen1_ on movilentit0_.mov_placa=facturasen1_.mov_placa where movilentit0_.mov_placa=?
2019-05-20 14:55:00.706 TRACE 10536 --- [    Test worker] o.h.type.descriptor.sql.BasicBinder      : binding parameter [1] as [VARCHAR] - [VBN-16]
2019-05-20 14:55:00.707 TRACE 10536 --- [    Test worker] o.h.type.descriptor.sql.BasicExtractor   : extracted value ([facId1_1_0_] : [INTEGER]) - [28]
2019-05-20 14:55:00.707 TRACE 10536 --- [    Test worker] o.h.type.descriptor.sql.BasicExtractor   : extracted value ([mov_cili2_2_1_] : [DOUBLE]) - [-1.0]
2019-05-20 14:55:00.707 TRACE 10536 --- [    Test worker] o.h.type.descriptor.sql.BasicExtractor   : extracted value ([mov_tipo3_2_1_] : [VARCHAR]) - [CARRO]
2019-05-20 14:55:00.707 TRACE 10536 --- [    Test worker] o.h.type.descriptor.sql.BasicExtractor   : extracted value ([mov_plac5_1_3_] : [VARCHAR]) - [VBN-16]
2019-05-20 14:55:00.707 TRACE 10536 --- [    Test worker] o.h.type.descriptor.sql.BasicExtractor   : extracted value ([facId1_1_3_] : [INTEGER]) - [28]
2019-05-20 14:55:00.709 DEBUG 10536 --- [    Test worker] org.hibernate.SQL                        : update factura set fac_fecha_ingreso=?, fac_fecha_salida=?, fac_valor=?, mov_placa=? where facId=?
Hibernate: update factura set fac_fecha_ingreso=?, fac_fecha_salida=?, fac_valor=?, mov_placa=? where facId=?
2019-05-20 14:55:00.709 TRACE 10536 --- [    Test worker] o.h.type.descriptor.sql.BasicBinder      : binding parameter [1] as [TIMESTAMP] - [2019-05-20 14:54:59.442]
2019-05-20 14:55:00.710 TRACE 10536 --- [    Test worker] o.h.type.descriptor.sql.BasicBinder      : binding parameter [2] as [TIMESTAMP] - [Mon May 20 14:55:00 COT 2019]
2019-05-20 14:55:00.710 TRACE 10536 --- [    Test worker] o.h.type.descriptor.sql.BasicBinder      : binding parameter [3] as [DOUBLE] - [1000.0]
2019-05-20 14:55:00.710 TRACE 10536 --- [    Test worker] o.h.type.descriptor.sql.BasicBinder      : binding parameter [4] as [VARCHAR] - [VBN-16]
2019-05-20 14:55:00.710 TRACE 10536 --- [    Test worker] o.h.type.descriptor.sql.BasicBinder      : binding parameter [5] as [INTEGER] - [28]
2019-05-20 14:55:00.712 DEBUG 10536 --- [    Test worker] org.hibernate.SQL                        : select movilentit0_.mov_placa as mov_plac1_2_0_, movilentit0_.mov_cilindraje as mov_cili2_2_0_, movilentit0_.mov_tipo_movil as mov_tipo3_2_0_ from movil movilentit0_ where movilentit0_.mov_placa=?
Hibernate: select movilentit0_.mov_placa as mov_plac1_2_0_, movilentit0_.mov_cilindraje as mov_cili2_2_0_, movilentit0_.mov_tipo_movil as mov_tipo3_2_0_ from movil movilentit0_ where movilentit0_.mov_placa=?
2019-05-20 14:55:00.713 TRACE 10536 --- [    Test worker] o.h.type.descriptor.sql.BasicBinder      : binding parameter [1] as [VARCHAR] - [VBN-17]
2019-05-20 14:55:00.713 TRACE 10536 --- [    Test worker] o.h.type.descriptor.sql.BasicExtractor   : extracted value ([mov_cili2_2_0_] : [DOUBLE]) - [-1.0]
2019-05-20 14:55:00.713 TRACE 10536 --- [    Test worker] o.h.type.descriptor.sql.BasicExtractor   : extracted value ([mov_tipo3_2_0_] : [VARCHAR]) - [CARRO]
2019-05-20 14:55:00.713 TRACE 10536 --- [    Test worker] org.hibernate.type.CollectionType        : Created collection wrapper: [co.com.ceiba.ceibaestacionamiento.persistencia.entidades.MovilEntity.facturasEntity#VBN-17]
2019-05-20 14:55:00.715 DEBUG 10536 --- [    Test worker] org.hibernate.SQL                        : SELECT COUNT(*) FROM factura WHERE mov_placa = ? AND fac_fecha_salida IS NULL
Hibernate: SELECT COUNT(*) FROM factura WHERE mov_placa = ? AND fac_fecha_salida IS NULL
2019-05-20 14:55:00.715 TRACE 10536 --- [    Test worker] o.h.type.descriptor.sql.BasicBinder      : binding parameter [1] as [VARCHAR] - [VBN-17]
2019-05-20 14:55:00.716 TRACE 10536 --- [    Test worker] o.h.type.descriptor.sql.BasicExtractor   : extracted value ([COUNT(*)] : [NUMERIC]) - [1]
2019-05-20 14:55:00.717 DEBUG 10536 --- [    Test worker] org.hibernate.SQL                        : SELECT * FROM factura WHERE mov_placa = ? AND fac_fecha_salida IS NULL
Hibernate: SELECT * FROM factura WHERE mov_placa = ? AND fac_fecha_salida IS NULL
2019-05-20 14:55:00.717 TRACE 10536 --- [    Test worker] o.h.type.descriptor.sql.BasicBinder      : binding parameter [1] as [VARCHAR] - [VBN-17]
2019-05-20 14:55:00.717 TRACE 10536 --- [    Test worker] o.h.type.descriptor.sql.BasicExtractor   : extracted value ([facId] : [INTEGER]) - [29]
2019-05-20 14:55:00.718 TRACE 10536 --- [    Test worker] o.h.type.descriptor.sql.BasicExtractor   : extracted value ([fac_fecha_ingreso] : [TIMESTAMP]) - [2019-05-20 14:54:59.465]
2019-05-20 14:55:00.718 TRACE 10536 --- [    Test worker] o.h.type.descriptor.sql.BasicExtractor   : extracted value ([fac_fecha_salida] : [TIMESTAMP]) - [null]
2019-05-20 14:55:00.718 TRACE 10536 --- [    Test worker] o.h.type.descriptor.sql.BasicExtractor   : extracted value ([fac_valor] : [DOUBLE]) - [0.0]
2019-05-20 14:55:00.718 TRACE 10536 --- [    Test worker] o.h.type.descriptor.sql.BasicExtractor   : extracted value ([mov_placa] : [VARCHAR]) - [VBN-17]
2019-05-20 14:55:00.718 DEBUG 10536 --- [    Test worker] org.hibernate.SQL                        : select movilentit0_.mov_placa as mov_plac1_2_0_, movilentit0_.mov_cilindraje as mov_cili2_2_0_, movilentit0_.mov_tipo_movil as mov_tipo3_2_0_ from movil movilentit0_ where movilentit0_.mov_placa=?
Hibernate: select movilentit0_.mov_placa as mov_plac1_2_0_, movilentit0_.mov_cilindraje as mov_cili2_2_0_, movilentit0_.mov_tipo_movil as mov_tipo3_2_0_ from movil movilentit0_ where movilentit0_.mov_placa=?
2019-05-20 14:55:00.718 TRACE 10536 --- [    Test worker] o.h.type.descriptor.sql.BasicBinder      : binding parameter [1] as [VARCHAR] - [VBN-17]
2019-05-20 14:55:00.718 TRACE 10536 --- [    Test worker] o.h.type.descriptor.sql.BasicExtractor   : extracted value ([mov_cili2_2_0_] : [DOUBLE]) - [-1.0]
2019-05-20 14:55:00.718 TRACE 10536 --- [    Test worker] o.h.type.descriptor.sql.BasicExtractor   : extracted value ([mov_tipo3_2_0_] : [VARCHAR]) - [CARRO]
2019-05-20 14:55:00.719 TRACE 10536 --- [    Test worker] org.hibernate.type.CollectionType        : Created collection wrapper: [co.com.ceiba.ceibaestacionamiento.persistencia.entidades.MovilEntity.facturasEntity#VBN-17]
2019-05-20 14:55:00.720 DEBUG 10536 --- [    Test worker] org.hibernate.SQL                        : SELECT * FROM costoestadia WHERE cos_tipo_movil = ? AND cos_tipo_pago = ? AND cos_tiempo_estadia = ?
Hibernate: SELECT * FROM costoestadia WHERE cos_tipo_movil = ? AND cos_tipo_pago = ? AND cos_tiempo_estadia = ?
2019-05-20 14:55:00.720 TRACE 10536 --- [    Test worker] o.h.type.descriptor.sql.BasicBinder      : binding parameter [1] as [VARCHAR] - [CARRO]
2019-05-20 14:55:00.720 TRACE 10536 --- [    Test worker] o.h.type.descriptor.sql.BasicBinder      : binding parameter [2] as [VARCHAR] - [NORMAL]
2019-05-20 14:55:00.720 TRACE 10536 --- [    Test worker] o.h.type.descriptor.sql.BasicBinder      : binding parameter [3] as [VARCHAR] - [DIA]
2019-05-20 14:55:00.721 TRACE 10536 --- [    Test worker] o.h.type.descriptor.sql.BasicExtractor   : extracted value ([cos_id] : [INTEGER]) - [1]
2019-05-20 14:55:00.721 TRACE 10536 --- [    Test worker] o.h.type.descriptor.sql.BasicExtractor   : extracted value ([cos_tiempo_estadia] : [VARCHAR]) - [DIA]
2019-05-20 14:55:00.721 TRACE 10536 --- [    Test worker] o.h.type.descriptor.sql.BasicExtractor   : extracted value ([cos_tipo_movil] : [VARCHAR]) - [CARRO]
2019-05-20 14:55:00.721 TRACE 10536 --- [    Test worker] o.h.type.descriptor.sql.BasicExtractor   : extracted value ([cos_tipo_pago] : [VARCHAR]) - [NORMAL]
2019-05-20 14:55:00.721 TRACE 10536 --- [    Test worker] o.h.type.descriptor.sql.BasicExtractor   : extracted value ([cos_valor] : [DOUBLE]) - [8000.0]
2019-05-20 14:55:00.722 DEBUG 10536 --- [    Test worker] org.hibernate.SQL                        : SELECT * FROM costoestadia WHERE cos_tipo_movil = ? AND cos_tipo_pago = ? AND cos_tiempo_estadia = ?
Hibernate: SELECT * FROM costoestadia WHERE cos_tipo_movil = ? AND cos_tipo_pago = ? AND cos_tiempo_estadia = ?
2019-05-20 14:55:00.723 TRACE 10536 --- [    Test worker] o.h.type.descriptor.sql.BasicBinder      : binding parameter [1] as [VARCHAR] - [CARRO]
2019-05-20 14:55:00.723 TRACE 10536 --- [    Test worker] o.h.type.descriptor.sql.BasicBinder      : binding parameter [2] as [VARCHAR] - [NORMAL]
2019-05-20 14:55:00.723 TRACE 10536 --- [    Test worker] o.h.type.descriptor.sql.BasicBinder      : binding parameter [3] as [VARCHAR] - [HORA]
2019-05-20 14:55:00.723 TRACE 10536 --- [    Test worker] o.h.type.descriptor.sql.BasicExtractor   : extracted value ([cos_id] : [INTEGER]) - [2]
2019-05-20 14:55:00.723 TRACE 10536 --- [    Test worker] o.h.type.descriptor.sql.BasicExtractor   : extracted value ([cos_tiempo_estadia] : [VARCHAR]) - [HORA]
2019-05-20 14:55:00.723 TRACE 10536 --- [    Test worker] o.h.type.descriptor.sql.BasicExtractor   : extracted value ([cos_tipo_movil] : [VARCHAR]) - [CARRO]
2019-05-20 14:55:00.724 TRACE 10536 --- [    Test worker] o.h.type.descriptor.sql.BasicExtractor   : extracted value ([cos_tipo_pago] : [VARCHAR]) - [NORMAL]
2019-05-20 14:55:00.724 TRACE 10536 --- [    Test worker] o.h.type.descriptor.sql.BasicExtractor   : extracted value ([cos_valor] : [DOUBLE]) - [1000.0]
2019-05-20 14:55:00.725 DEBUG 10536 --- [    Test worker] org.hibernate.SQL                        : SELECT * FROM factura WHERE mov_placa = ? AND fac_fecha_salida IS NULL
Hibernate: SELECT * FROM factura WHERE mov_placa = ? AND fac_fecha_salida IS NULL
2019-05-20 14:55:00.725 TRACE 10536 --- [    Test worker] o.h.type.descriptor.sql.BasicBinder      : binding parameter [1] as [VARCHAR] - [VBN-17]
2019-05-20 14:55:00.726 TRACE 10536 --- [    Test worker] o.h.type.descriptor.sql.BasicExtractor   : extracted value ([facId] : [INTEGER]) - [29]
2019-05-20 14:55:00.726 TRACE 10536 --- [    Test worker] o.h.type.descriptor.sql.BasicExtractor   : extracted value ([fac_fecha_ingreso] : [TIMESTAMP]) - [2019-05-20 14:54:59.465]
2019-05-20 14:55:00.726 TRACE 10536 --- [    Test worker] o.h.type.descriptor.sql.BasicExtractor   : extracted value ([fac_fecha_salida] : [TIMESTAMP]) - [null]
2019-05-20 14:55:00.726 TRACE 10536 --- [    Test worker] o.h.type.descriptor.sql.BasicExtractor   : extracted value ([fac_valor] : [DOUBLE]) - [0.0]
2019-05-20 14:55:00.726 TRACE 10536 --- [    Test worker] o.h.type.descriptor.sql.BasicExtractor   : extracted value ([mov_placa] : [VARCHAR]) - [VBN-17]
2019-05-20 14:55:00.726 DEBUG 10536 --- [    Test worker] org.hibernate.SQL                        : select movilentit0_.mov_placa as mov_plac1_2_0_, movilentit0_.mov_cilindraje as mov_cili2_2_0_, movilentit0_.mov_tipo_movil as mov_tipo3_2_0_ from movil movilentit0_ where movilentit0_.mov_placa=?
Hibernate: select movilentit0_.mov_placa as mov_plac1_2_0_, movilentit0_.mov_cilindraje as mov_cili2_2_0_, movilentit0_.mov_tipo_movil as mov_tipo3_2_0_ from movil movilentit0_ where movilentit0_.mov_placa=?
2019-05-20 14:55:00.726 TRACE 10536 --- [    Test worker] o.h.type.descriptor.sql.BasicBinder      : binding parameter [1] as [VARCHAR] - [VBN-17]
2019-05-20 14:55:00.727 TRACE 10536 --- [    Test worker] o.h.type.descriptor.sql.BasicExtractor   : extracted value ([mov_cili2_2_0_] : [DOUBLE]) - [-1.0]
2019-05-20 14:55:00.727 TRACE 10536 --- [    Test worker] o.h.type.descriptor.sql.BasicExtractor   : extracted value ([mov_tipo3_2_0_] : [VARCHAR]) - [CARRO]
2019-05-20 14:55:00.727 TRACE 10536 --- [    Test worker] org.hibernate.type.CollectionType        : Created collection wrapper: [co.com.ceiba.ceibaestacionamiento.persistencia.entidades.MovilEntity.facturasEntity#VBN-17]
2019-05-20 14:55:00.728 DEBUG 10536 --- [    Test worker] org.hibernate.SQL                        : select facturaent0_.facId as facId1_1_0_, facturaent0_.fac_fecha_ingreso as fac_fech2_1_0_, facturaent0_.fac_fecha_salida as fac_fech3_1_0_, facturaent0_.fac_valor as fac_valo4_1_0_, facturaent0_.mov_placa as mov_plac5_1_0_ from factura facturaent0_ where facturaent0_.facId=?
Hibernate: select facturaent0_.facId as facId1_1_0_, facturaent0_.fac_fecha_ingreso as fac_fech2_1_0_, facturaent0_.fac_fecha_salida as fac_fech3_1_0_, facturaent0_.fac_valor as fac_valo4_1_0_, facturaent0_.mov_placa as mov_plac5_1_0_ from factura facturaent0_ where facturaent0_.facId=?
2019-05-20 14:55:00.729 TRACE 10536 --- [    Test worker] o.h.type.descriptor.sql.BasicBinder      : binding parameter [1] as [INTEGER] - [29]
2019-05-20 14:55:00.729 TRACE 10536 --- [    Test worker] o.h.type.descriptor.sql.BasicExtractor   : extracted value ([fac_fech2_1_0_] : [TIMESTAMP]) - [2019-05-20 14:54:59.465]
2019-05-20 14:55:00.729 TRACE 10536 --- [    Test worker] o.h.type.descriptor.sql.BasicExtractor   : extracted value ([fac_fech3_1_0_] : [TIMESTAMP]) - [null]
2019-05-20 14:55:00.729 TRACE 10536 --- [    Test worker] o.h.type.descriptor.sql.BasicExtractor   : extracted value ([fac_valo4_1_0_] : [DOUBLE]) - [0.0]
2019-05-20 14:55:00.729 TRACE 10536 --- [    Test worker] o.h.type.descriptor.sql.BasicExtractor   : extracted value ([mov_plac5_1_0_] : [VARCHAR]) - [VBN-17]
2019-05-20 14:55:00.729 DEBUG 10536 --- [    Test worker] org.hibernate.SQL                        : select movilentit0_.mov_placa as mov_plac1_2_1_, movilentit0_.mov_cilindraje as mov_cili2_2_1_, movilentit0_.mov_tipo_movil as mov_tipo3_2_1_, facturasen1_.mov_placa as mov_plac5_1_3_, facturasen1_.facId as facId1_1_3_, facturasen1_.facId as facId1_1_0_, facturasen1_.fac_fecha_ingreso as fac_fech2_1_0_, facturasen1_.fac_fecha_salida as fac_fech3_1_0_, facturasen1_.fac_valor as fac_valo4_1_0_, facturasen1_.mov_placa as mov_plac5_1_0_ from movil movilentit0_ left outer join factura facturasen1_ on movilentit0_.mov_placa=facturasen1_.mov_placa where movilentit0_.mov_placa=?
Hibernate: select movilentit0_.mov_placa as mov_plac1_2_1_, movilentit0_.mov_cilindraje as mov_cili2_2_1_, movilentit0_.mov_tipo_movil as mov_tipo3_2_1_, facturasen1_.mov_placa as mov_plac5_1_3_, facturasen1_.facId as facId1_1_3_, facturasen1_.facId as facId1_1_0_, facturasen1_.fac_fecha_ingreso as fac_fech2_1_0_, facturasen1_.fac_fecha_salida as fac_fech3_1_0_, facturasen1_.fac_valor as fac_valo4_1_0_, facturasen1_.mov_placa as mov_plac5_1_0_ from movil movilentit0_ left outer join factura facturasen1_ on movilentit0_.mov_placa=facturasen1_.mov_placa where movilentit0_.mov_placa=?
2019-05-20 14:55:00.730 TRACE 10536 --- [    Test worker] o.h.type.descriptor.sql.BasicBinder      : binding parameter [1] as [VARCHAR] - [VBN-17]
2019-05-20 14:55:00.730 TRACE 10536 --- [    Test worker] o.h.type.descriptor.sql.BasicExtractor   : extracted value ([facId1_1_0_] : [INTEGER]) - [29]
2019-05-20 14:55:00.730 TRACE 10536 --- [    Test worker] o.h.type.descriptor.sql.BasicExtractor   : extracted value ([mov_cili2_2_1_] : [DOUBLE]) - [-1.0]
2019-05-20 14:55:00.730 TRACE 10536 --- [    Test worker] o.h.type.descriptor.sql.BasicExtractor   : extracted value ([mov_tipo3_2_1_] : [VARCHAR]) - [CARRO]
2019-05-20 14:55:00.730 TRACE 10536 --- [    Test worker] o.h.type.descriptor.sql.BasicExtractor   : extracted value ([mov_plac5_1_3_] : [VARCHAR]) - [VBN-17]
2019-05-20 14:55:00.730 TRACE 10536 --- [    Test worker] o.h.type.descriptor.sql.BasicExtractor   : extracted value ([facId1_1_3_] : [INTEGER]) - [29]
2019-05-20 14:55:00.731 DEBUG 10536 --- [    Test worker] org.hibernate.SQL                        : update factura set fac_fecha_ingreso=?, fac_fecha_salida=?, fac_valor=?, mov_placa=? where facId=?
Hibernate: update factura set fac_fecha_ingreso=?, fac_fecha_salida=?, fac_valor=?, mov_placa=? where facId=?
2019-05-20 14:55:00.732 TRACE 10536 --- [    Test worker] o.h.type.descriptor.sql.BasicBinder      : binding parameter [1] as [TIMESTAMP] - [2019-05-20 14:54:59.465]
2019-05-20 14:55:00.732 TRACE 10536 --- [    Test worker] o.h.type.descriptor.sql.BasicBinder      : binding parameter [2] as [TIMESTAMP] - [Mon May 20 14:55:00 COT 2019]
2019-05-20 14:55:00.732 TRACE 10536 --- [    Test worker] o.h.type.descriptor.sql.BasicBinder      : binding parameter [3] as [DOUBLE] - [1000.0]
2019-05-20 14:55:00.732 TRACE 10536 --- [    Test worker] o.h.type.descriptor.sql.BasicBinder      : binding parameter [4] as [VARCHAR] - [VBN-17]
2019-05-20 14:55:00.732 TRACE 10536 --- [    Test worker] o.h.type.descriptor.sql.BasicBinder      : binding parameter [5] as [INTEGER] - [29]
2019-05-20 14:55:00.734 DEBUG 10536 --- [    Test worker] org.hibernate.SQL                        : select movilentit0_.mov_placa as mov_plac1_2_0_, movilentit0_.mov_cilindraje as mov_cili2_2_0_, movilentit0_.mov_tipo_movil as mov_tipo3_2_0_ from movil movilentit0_ where movilentit0_.mov_placa=?
Hibernate: select movilentit0_.mov_placa as mov_plac1_2_0_, movilentit0_.mov_cilindraje as mov_cili2_2_0_, movilentit0_.mov_tipo_movil as mov_tipo3_2_0_ from movil movilentit0_ where movilentit0_.mov_placa=?
2019-05-20 14:55:00.734 TRACE 10536 --- [    Test worker] o.h.type.descriptor.sql.BasicBinder      : binding parameter [1] as [VARCHAR] - [VBN-18]
2019-05-20 14:55:00.734 TRACE 10536 --- [    Test worker] o.h.type.descriptor.sql.BasicExtractor   : extracted value ([mov_cili2_2_0_] : [DOUBLE]) - [-1.0]
2019-05-20 14:55:00.734 TRACE 10536 --- [    Test worker] o.h.type.descriptor.sql.BasicExtractor   : extracted value ([mov_tipo3_2_0_] : [VARCHAR]) - [CARRO]
2019-05-20 14:55:00.735 TRACE 10536 --- [    Test worker] org.hibernate.type.CollectionType        : Created collection wrapper: [co.com.ceiba.ceibaestacionamiento.persistencia.entidades.MovilEntity.facturasEntity#VBN-18]
2019-05-20 14:55:00.736 DEBUG 10536 --- [    Test worker] org.hibernate.SQL                        : SELECT COUNT(*) FROM factura WHERE mov_placa = ? AND fac_fecha_salida IS NULL
Hibernate: SELECT COUNT(*) FROM factura WHERE mov_placa = ? AND fac_fecha_salida IS NULL
2019-05-20 14:55:00.736 TRACE 10536 --- [    Test worker] o.h.type.descriptor.sql.BasicBinder      : binding parameter [1] as [VARCHAR] - [VBN-18]
2019-05-20 14:55:00.737 TRACE 10536 --- [    Test worker] o.h.type.descriptor.sql.BasicExtractor   : extracted value ([COUNT(*)] : [NUMERIC]) - [1]
2019-05-20 14:55:00.738 DEBUG 10536 --- [    Test worker] org.hibernate.SQL                        : SELECT * FROM factura WHERE mov_placa = ? AND fac_fecha_salida IS NULL
Hibernate: SELECT * FROM factura WHERE mov_placa = ? AND fac_fecha_salida IS NULL
2019-05-20 14:55:00.738 TRACE 10536 --- [    Test worker] o.h.type.descriptor.sql.BasicBinder      : binding parameter [1] as [VARCHAR] - [VBN-18]
2019-05-20 14:55:00.738 TRACE 10536 --- [    Test worker] o.h.type.descriptor.sql.BasicExtractor   : extracted value ([facId] : [INTEGER]) - [30]
2019-05-20 14:55:00.739 TRACE 10536 --- [    Test worker] o.h.type.descriptor.sql.BasicExtractor   : extracted value ([fac_fecha_ingreso] : [TIMESTAMP]) - [2019-05-20 14:54:59.487]
2019-05-20 14:55:00.739 TRACE 10536 --- [    Test worker] o.h.type.descriptor.sql.BasicExtractor   : extracted value ([fac_fecha_salida] : [TIMESTAMP]) - [null]
2019-05-20 14:55:00.739 TRACE 10536 --- [    Test worker] o.h.type.descriptor.sql.BasicExtractor   : extracted value ([fac_valor] : [DOUBLE]) - [0.0]
2019-05-20 14:55:00.739 TRACE 10536 --- [    Test worker] o.h.type.descriptor.sql.BasicExtractor   : extracted value ([mov_placa] : [VARCHAR]) - [VBN-18]
2019-05-20 14:55:00.739 DEBUG 10536 --- [    Test worker] org.hibernate.SQL                        : select movilentit0_.mov_placa as mov_plac1_2_0_, movilentit0_.mov_cilindraje as mov_cili2_2_0_, movilentit0_.mov_tipo_movil as mov_tipo3_2_0_ from movil movilentit0_ where movilentit0_.mov_placa=?
Hibernate: select movilentit0_.mov_placa as mov_plac1_2_0_, movilentit0_.mov_cilindraje as mov_cili2_2_0_, movilentit0_.mov_tipo_movil as mov_tipo3_2_0_ from movil movilentit0_ where movilentit0_.mov_placa=?
2019-05-20 14:55:00.739 TRACE 10536 --- [    Test worker] o.h.type.descriptor.sql.BasicBinder      : binding parameter [1] as [VARCHAR] - [VBN-18]
2019-05-20 14:55:00.739 TRACE 10536 --- [    Test worker] o.h.type.descriptor.sql.BasicExtractor   : extracted value ([mov_cili2_2_0_] : [DOUBLE]) - [-1.0]
2019-05-20 14:55:00.739 TRACE 10536 --- [    Test worker] o.h.type.descriptor.sql.BasicExtractor   : extracted value ([mov_tipo3_2_0_] : [VARCHAR]) - [CARRO]
2019-05-20 14:55:00.739 TRACE 10536 --- [    Test worker] org.hibernate.type.CollectionType        : Created collection wrapper: [co.com.ceiba.ceibaestacionamiento.persistencia.entidades.MovilEntity.facturasEntity#VBN-18]
2019-05-20 14:55:00.741 DEBUG 10536 --- [    Test worker] org.hibernate.SQL                        : SELECT * FROM costoestadia WHERE cos_tipo_movil = ? AND cos_tipo_pago = ? AND cos_tiempo_estadia = ?
Hibernate: SELECT * FROM costoestadia WHERE cos_tipo_movil = ? AND cos_tipo_pago = ? AND cos_tiempo_estadia = ?
2019-05-20 14:55:00.741 TRACE 10536 --- [    Test worker] o.h.type.descriptor.sql.BasicBinder      : binding parameter [1] as [VARCHAR] - [CARRO]
2019-05-20 14:55:00.741 TRACE 10536 --- [    Test worker] o.h.type.descriptor.sql.BasicBinder      : binding parameter [2] as [VARCHAR] - [NORMAL]
2019-05-20 14:55:00.741 TRACE 10536 --- [    Test worker] o.h.type.descriptor.sql.BasicBinder      : binding parameter [3] as [VARCHAR] - [DIA]
2019-05-20 14:55:00.742 TRACE 10536 --- [    Test worker] o.h.type.descriptor.sql.BasicExtractor   : extracted value ([cos_id] : [INTEGER]) - [1]
2019-05-20 14:55:00.742 TRACE 10536 --- [    Test worker] o.h.type.descriptor.sql.BasicExtractor   : extracted value ([cos_tiempo_estadia] : [VARCHAR]) - [DIA]
2019-05-20 14:55:00.742 TRACE 10536 --- [    Test worker] o.h.type.descriptor.sql.BasicExtractor   : extracted value ([cos_tipo_movil] : [VARCHAR]) - [CARRO]
2019-05-20 14:55:00.742 TRACE 10536 --- [    Test worker] o.h.type.descriptor.sql.BasicExtractor   : extracted value ([cos_tipo_pago] : [VARCHAR]) - [NORMAL]
2019-05-20 14:55:00.742 TRACE 10536 --- [    Test worker] o.h.type.descriptor.sql.BasicExtractor   : extracted value ([cos_valor] : [DOUBLE]) - [8000.0]
2019-05-20 14:55:00.744 DEBUG 10536 --- [    Test worker] org.hibernate.SQL                        : SELECT * FROM costoestadia WHERE cos_tipo_movil = ? AND cos_tipo_pago = ? AND cos_tiempo_estadia = ?
Hibernate: SELECT * FROM costoestadia WHERE cos_tipo_movil = ? AND cos_tipo_pago = ? AND cos_tiempo_estadia = ?
2019-05-20 14:55:00.744 TRACE 10536 --- [    Test worker] o.h.type.descriptor.sql.BasicBinder      : binding parameter [1] as [VARCHAR] - [CARRO]
2019-05-20 14:55:00.744 TRACE 10536 --- [    Test worker] o.h.type.descriptor.sql.BasicBinder      : binding parameter [2] as [VARCHAR] - [NORMAL]
2019-05-20 14:55:00.744 TRACE 10536 --- [    Test worker] o.h.type.descriptor.sql.BasicBinder      : binding parameter [3] as [VARCHAR] - [HORA]
2019-05-20 14:55:00.744 TRACE 10536 --- [    Test worker] o.h.type.descriptor.sql.BasicExtractor   : extracted value ([cos_id] : [INTEGER]) - [2]
2019-05-20 14:55:00.744 TRACE 10536 --- [    Test worker] o.h.type.descriptor.sql.BasicExtractor   : extracted value ([cos_tiempo_estadia] : [VARCHAR]) - [HORA]
2019-05-20 14:55:00.744 TRACE 10536 --- [    Test worker] o.h.type.descriptor.sql.BasicExtractor   : extracted value ([cos_tipo_movil] : [VARCHAR]) - [CARRO]
2019-05-20 14:55:00.745 TRACE 10536 --- [    Test worker] o.h.type.descriptor.sql.BasicExtractor   : extracted value ([cos_tipo_pago] : [VARCHAR]) - [NORMAL]
2019-05-20 14:55:00.745 TRACE 10536 --- [    Test worker] o.h.type.descriptor.sql.BasicExtractor   : extracted value ([cos_valor] : [DOUBLE]) - [1000.0]
2019-05-20 14:55:00.746 DEBUG 10536 --- [    Test worker] org.hibernate.SQL                        : SELECT * FROM factura WHERE mov_placa = ? AND fac_fecha_salida IS NULL
Hibernate: SELECT * FROM factura WHERE mov_placa = ? AND fac_fecha_salida IS NULL
2019-05-20 14:55:00.746 TRACE 10536 --- [    Test worker] o.h.type.descriptor.sql.BasicBinder      : binding parameter [1] as [VARCHAR] - [VBN-18]
2019-05-20 14:55:00.747 TRACE 10536 --- [    Test worker] o.h.type.descriptor.sql.BasicExtractor   : extracted value ([facId] : [INTEGER]) - [30]
2019-05-20 14:55:00.747 TRACE 10536 --- [    Test worker] o.h.type.descriptor.sql.BasicExtractor   : extracted value ([fac_fecha_ingreso] : [TIMESTAMP]) - [2019-05-20 14:54:59.487]
2019-05-20 14:55:00.747 TRACE 10536 --- [    Test worker] o.h.type.descriptor.sql.BasicExtractor   : extracted value ([fac_fecha_salida] : [TIMESTAMP]) - [null]
2019-05-20 14:55:00.747 TRACE 10536 --- [    Test worker] o.h.type.descriptor.sql.BasicExtractor   : extracted value ([fac_valor] : [DOUBLE]) - [0.0]
2019-05-20 14:55:00.747 TRACE 10536 --- [    Test worker] o.h.type.descriptor.sql.BasicExtractor   : extracted value ([mov_placa] : [VARCHAR]) - [VBN-18]
2019-05-20 14:55:00.747 DEBUG 10536 --- [    Test worker] org.hibernate.SQL                        : select movilentit0_.mov_placa as mov_plac1_2_0_, movilentit0_.mov_cilindraje as mov_cili2_2_0_, movilentit0_.mov_tipo_movil as mov_tipo3_2_0_ from movil movilentit0_ where movilentit0_.mov_placa=?
Hibernate: select movilentit0_.mov_placa as mov_plac1_2_0_, movilentit0_.mov_cilindraje as mov_cili2_2_0_, movilentit0_.mov_tipo_movil as mov_tipo3_2_0_ from movil movilentit0_ where movilentit0_.mov_placa=?
2019-05-20 14:55:00.747 TRACE 10536 --- [    Test worker] o.h.type.descriptor.sql.BasicBinder      : binding parameter [1] as [VARCHAR] - [VBN-18]
2019-05-20 14:55:00.748 TRACE 10536 --- [    Test worker] o.h.type.descriptor.sql.BasicExtractor   : extracted value ([mov_cili2_2_0_] : [DOUBLE]) - [-1.0]
2019-05-20 14:55:00.748 TRACE 10536 --- [    Test worker] o.h.type.descriptor.sql.BasicExtractor   : extracted value ([mov_tipo3_2_0_] : [VARCHAR]) - [CARRO]
2019-05-20 14:55:00.748 TRACE 10536 --- [    Test worker] org.hibernate.type.CollectionType        : Created collection wrapper: [co.com.ceiba.ceibaestacionamiento.persistencia.entidades.MovilEntity.facturasEntity#VBN-18]
2019-05-20 14:55:00.750 DEBUG 10536 --- [    Test worker] org.hibernate.SQL                        : select facturaent0_.facId as facId1_1_0_, facturaent0_.fac_fecha_ingreso as fac_fech2_1_0_, facturaent0_.fac_fecha_salida as fac_fech3_1_0_, facturaent0_.fac_valor as fac_valo4_1_0_, facturaent0_.mov_placa as mov_plac5_1_0_ from factura facturaent0_ where facturaent0_.facId=?
Hibernate: select facturaent0_.facId as facId1_1_0_, facturaent0_.fac_fecha_ingreso as fac_fech2_1_0_, facturaent0_.fac_fecha_salida as fac_fech3_1_0_, facturaent0_.fac_valor as fac_valo4_1_0_, facturaent0_.mov_placa as mov_plac5_1_0_ from factura facturaent0_ where facturaent0_.facId=?
2019-05-20 14:55:00.751 TRACE 10536 --- [    Test worker] o.h.type.descriptor.sql.BasicBinder      : binding parameter [1] as [INTEGER] - [30]
2019-05-20 14:55:00.751 TRACE 10536 --- [    Test worker] o.h.type.descriptor.sql.BasicExtractor   : extracted value ([fac_fech2_1_0_] : [TIMESTAMP]) - [2019-05-20 14:54:59.487]
2019-05-20 14:55:00.751 TRACE 10536 --- [    Test worker] o.h.type.descriptor.sql.BasicExtractor   : extracted value ([fac_fech3_1_0_] : [TIMESTAMP]) - [null]
2019-05-20 14:55:00.751 TRACE 10536 --- [    Test worker] o.h.type.descriptor.sql.BasicExtractor   : extracted value ([fac_valo4_1_0_] : [DOUBLE]) - [0.0]
2019-05-20 14:55:00.751 TRACE 10536 --- [    Test worker] o.h.type.descriptor.sql.BasicExtractor   : extracted value ([mov_plac5_1_0_] : [VARCHAR]) - [VBN-18]
2019-05-20 14:55:00.751 DEBUG 10536 --- [    Test worker] org.hibernate.SQL                        : select movilentit0_.mov_placa as mov_plac1_2_1_, movilentit0_.mov_cilindraje as mov_cili2_2_1_, movilentit0_.mov_tipo_movil as mov_tipo3_2_1_, facturasen1_.mov_placa as mov_plac5_1_3_, facturasen1_.facId as facId1_1_3_, facturasen1_.facId as facId1_1_0_, facturasen1_.fac_fecha_ingreso as fac_fech2_1_0_, facturasen1_.fac_fecha_salida as fac_fech3_1_0_, facturasen1_.fac_valor as fac_valo4_1_0_, facturasen1_.mov_placa as mov_plac5_1_0_ from movil movilentit0_ left outer join factura facturasen1_ on movilentit0_.mov_placa=facturasen1_.mov_placa where movilentit0_.mov_placa=?
Hibernate: select movilentit0_.mov_placa as mov_plac1_2_1_, movilentit0_.mov_cilindraje as mov_cili2_2_1_, movilentit0_.mov_tipo_movil as mov_tipo3_2_1_, facturasen1_.mov_placa as mov_plac5_1_3_, facturasen1_.facId as facId1_1_3_, facturasen1_.facId as facId1_1_0_, facturasen1_.fac_fecha_ingreso as fac_fech2_1_0_, facturasen1_.fac_fecha_salida as fac_fech3_1_0_, facturasen1_.fac_valor as fac_valo4_1_0_, facturasen1_.mov_placa as mov_plac5_1_0_ from movil movilentit0_ left outer join factura facturasen1_ on movilentit0_.mov_placa=facturasen1_.mov_placa where movilentit0_.mov_placa=?
2019-05-20 14:55:00.751 TRACE 10536 --- [    Test worker] o.h.type.descriptor.sql.BasicBinder      : binding parameter [1] as [VARCHAR] - [VBN-18]
2019-05-20 14:55:00.752 TRACE 10536 --- [    Test worker] o.h.type.descriptor.sql.BasicExtractor   : extracted value ([facId1_1_0_] : [INTEGER]) - [30]
2019-05-20 14:55:00.752 TRACE 10536 --- [    Test worker] o.h.type.descriptor.sql.BasicExtractor   : extracted value ([mov_cili2_2_1_] : [DOUBLE]) - [-1.0]
2019-05-20 14:55:00.752 TRACE 10536 --- [    Test worker] o.h.type.descriptor.sql.BasicExtractor   : extracted value ([mov_tipo3_2_1_] : [VARCHAR]) - [CARRO]
2019-05-20 14:55:00.752 TRACE 10536 --- [    Test worker] o.h.type.descriptor.sql.BasicExtractor   : extracted value ([mov_plac5_1_3_] : [VARCHAR]) - [VBN-18]
2019-05-20 14:55:00.752 TRACE 10536 --- [    Test worker] o.h.type.descriptor.sql.BasicExtractor   : extracted value ([facId1_1_3_] : [INTEGER]) - [30]
2019-05-20 14:55:00.753 DEBUG 10536 --- [    Test worker] org.hibernate.SQL                        : update factura set fac_fecha_ingreso=?, fac_fecha_salida=?, fac_valor=?, mov_placa=? where facId=?
Hibernate: update factura set fac_fecha_ingreso=?, fac_fecha_salida=?, fac_valor=?, mov_placa=? where facId=?
2019-05-20 14:55:00.753 TRACE 10536 --- [    Test worker] o.h.type.descriptor.sql.BasicBinder      : binding parameter [1] as [TIMESTAMP] - [2019-05-20 14:54:59.487]
2019-05-20 14:55:00.754 TRACE 10536 --- [    Test worker] o.h.type.descriptor.sql.BasicBinder      : binding parameter [2] as [TIMESTAMP] - [Mon May 20 14:55:00 COT 2019]
2019-05-20 14:55:00.754 TRACE 10536 --- [    Test worker] o.h.type.descriptor.sql.BasicBinder      : binding parameter [3] as [DOUBLE] - [1000.0]
2019-05-20 14:55:00.754 TRACE 10536 --- [    Test worker] o.h.type.descriptor.sql.BasicBinder      : binding parameter [4] as [VARCHAR] - [VBN-18]
2019-05-20 14:55:00.754 TRACE 10536 --- [    Test worker] o.h.type.descriptor.sql.BasicBinder      : binding parameter [5] as [INTEGER] - [30]
2019-05-20 14:55:00.755 DEBUG 10536 --- [    Test worker] org.hibernate.SQL                        : select movilentit0_.mov_placa as mov_plac1_2_0_, movilentit0_.mov_cilindraje as mov_cili2_2_0_, movilentit0_.mov_tipo_movil as mov_tipo3_2_0_ from movil movilentit0_ where movilentit0_.mov_placa=?
Hibernate: select movilentit0_.mov_placa as mov_plac1_2_0_, movilentit0_.mov_cilindraje as mov_cili2_2_0_, movilentit0_.mov_tipo_movil as mov_tipo3_2_0_ from movil movilentit0_ where movilentit0_.mov_placa=?
2019-05-20 14:55:00.755 TRACE 10536 --- [    Test worker] o.h.type.descriptor.sql.BasicBinder      : binding parameter [1] as [VARCHAR] - [VBN-19]
2019-05-20 14:55:00.756 TRACE 10536 --- [    Test worker] o.h.type.descriptor.sql.BasicExtractor   : extracted value ([mov_cili2_2_0_] : [DOUBLE]) - [-1.0]
2019-05-20 14:55:00.756 TRACE 10536 --- [    Test worker] o.h.type.descriptor.sql.BasicExtractor   : extracted value ([mov_tipo3_2_0_] : [VARCHAR]) - [CARRO]
2019-05-20 14:55:00.756 TRACE 10536 --- [    Test worker] org.hibernate.type.CollectionType        : Created collection wrapper: [co.com.ceiba.ceibaestacionamiento.persistencia.entidades.MovilEntity.facturasEntity#VBN-19]
2019-05-20 14:55:00.757 DEBUG 10536 --- [    Test worker] org.hibernate.SQL                        : SELECT COUNT(*) FROM factura WHERE mov_placa = ? AND fac_fecha_salida IS NULL
Hibernate: SELECT COUNT(*) FROM factura WHERE mov_placa = ? AND fac_fecha_salida IS NULL
2019-05-20 14:55:00.758 TRACE 10536 --- [    Test worker] o.h.type.descriptor.sql.BasicBinder      : binding parameter [1] as [VARCHAR] - [VBN-19]
2019-05-20 14:55:00.758 TRACE 10536 --- [    Test worker] o.h.type.descriptor.sql.BasicExtractor   : extracted value ([COUNT(*)] : [NUMERIC]) - [1]
2019-05-20 14:55:00.760 DEBUG 10536 --- [    Test worker] org.hibernate.SQL                        : SELECT * FROM factura WHERE mov_placa = ? AND fac_fecha_salida IS NULL
Hibernate: SELECT * FROM factura WHERE mov_placa = ? AND fac_fecha_salida IS NULL
2019-05-20 14:55:00.760 TRACE 10536 --- [    Test worker] o.h.type.descriptor.sql.BasicBinder      : binding parameter [1] as [VARCHAR] - [VBN-19]
2019-05-20 14:55:00.761 TRACE 10536 --- [    Test worker] o.h.type.descriptor.sql.BasicExtractor   : extracted value ([facId] : [INTEGER]) - [31]
2019-05-20 14:55:00.761 TRACE 10536 --- [    Test worker] o.h.type.descriptor.sql.BasicExtractor   : extracted value ([fac_fecha_ingreso] : [TIMESTAMP]) - [2019-05-20 14:54:59.508]
2019-05-20 14:55:00.761 TRACE 10536 --- [    Test worker] o.h.type.descriptor.sql.BasicExtractor   : extracted value ([fac_fecha_salida] : [TIMESTAMP]) - [null]
2019-05-20 14:55:00.761 TRACE 10536 --- [    Test worker] o.h.type.descriptor.sql.BasicExtractor   : extracted value ([fac_valor] : [DOUBLE]) - [0.0]
2019-05-20 14:55:00.761 TRACE 10536 --- [    Test worker] o.h.type.descriptor.sql.BasicExtractor   : extracted value ([mov_placa] : [VARCHAR]) - [VBN-19]
2019-05-20 14:55:00.761 DEBUG 10536 --- [    Test worker] org.hibernate.SQL                        : select movilentit0_.mov_placa as mov_plac1_2_0_, movilentit0_.mov_cilindraje as mov_cili2_2_0_, movilentit0_.mov_tipo_movil as mov_tipo3_2_0_ from movil movilentit0_ where movilentit0_.mov_placa=?
Hibernate: select movilentit0_.mov_placa as mov_plac1_2_0_, movilentit0_.mov_cilindraje as mov_cili2_2_0_, movilentit0_.mov_tipo_movil as mov_tipo3_2_0_ from movil movilentit0_ where movilentit0_.mov_placa=?
2019-05-20 14:55:00.761 TRACE 10536 --- [    Test worker] o.h.type.descriptor.sql.BasicBinder      : binding parameter [1] as [VARCHAR] - [VBN-19]
2019-05-20 14:55:00.761 TRACE 10536 --- [    Test worker] o.h.type.descriptor.sql.BasicExtractor   : extracted value ([mov_cili2_2_0_] : [DOUBLE]) - [-1.0]
2019-05-20 14:55:00.762 TRACE 10536 --- [    Test worker] o.h.type.descriptor.sql.BasicExtractor   : extracted value ([mov_tipo3_2_0_] : [VARCHAR]) - [CARRO]
2019-05-20 14:55:00.762 TRACE 10536 --- [    Test worker] org.hibernate.type.CollectionType        : Created collection wrapper: [co.com.ceiba.ceibaestacionamiento.persistencia.entidades.MovilEntity.facturasEntity#VBN-19]
2019-05-20 14:55:00.763 DEBUG 10536 --- [    Test worker] org.hibernate.SQL                        : SELECT * FROM costoestadia WHERE cos_tipo_movil = ? AND cos_tipo_pago = ? AND cos_tiempo_estadia = ?
Hibernate: SELECT * FROM costoestadia WHERE cos_tipo_movil = ? AND cos_tipo_pago = ? AND cos_tiempo_estadia = ?
2019-05-20 14:55:00.764 TRACE 10536 --- [    Test worker] o.h.type.descriptor.sql.BasicBinder      : binding parameter [1] as [VARCHAR] - [CARRO]
2019-05-20 14:55:00.764 TRACE 10536 --- [    Test worker] o.h.type.descriptor.sql.BasicBinder      : binding parameter [2] as [VARCHAR] - [NORMAL]
2019-05-20 14:55:00.764 TRACE 10536 --- [    Test worker] o.h.type.descriptor.sql.BasicBinder      : binding parameter [3] as [VARCHAR] - [DIA]
2019-05-20 14:55:00.764 TRACE 10536 --- [    Test worker] o.h.type.descriptor.sql.BasicExtractor   : extracted value ([cos_id] : [INTEGER]) - [1]
2019-05-20 14:55:00.765 TRACE 10536 --- [    Test worker] o.h.type.descriptor.sql.BasicExtractor   : extracted value ([cos_tiempo_estadia] : [VARCHAR]) - [DIA]
2019-05-20 14:55:00.765 TRACE 10536 --- [    Test worker] o.h.type.descriptor.sql.BasicExtractor   : extracted value ([cos_tipo_movil] : [VARCHAR]) - [CARRO]
2019-05-20 14:55:00.765 TRACE 10536 --- [    Test worker] o.h.type.descriptor.sql.BasicExtractor   : extracted value ([cos_tipo_pago] : [VARCHAR]) - [NORMAL]
2019-05-20 14:55:00.765 TRACE 10536 --- [    Test worker] o.h.type.descriptor.sql.BasicExtractor   : extracted value ([cos_valor] : [DOUBLE]) - [8000.0]
2019-05-20 14:55:00.766 DEBUG 10536 --- [    Test worker] org.hibernate.SQL                        : SELECT * FROM costoestadia WHERE cos_tipo_movil = ? AND cos_tipo_pago = ? AND cos_tiempo_estadia = ?
Hibernate: SELECT * FROM costoestadia WHERE cos_tipo_movil = ? AND cos_tipo_pago = ? AND cos_tiempo_estadia = ?
2019-05-20 14:55:00.767 TRACE 10536 --- [    Test worker] o.h.type.descriptor.sql.BasicBinder      : binding parameter [1] as [VARCHAR] - [CARRO]
2019-05-20 14:55:00.767 TRACE 10536 --- [    Test worker] o.h.type.descriptor.sql.BasicBinder      : binding parameter [2] as [VARCHAR] - [NORMAL]
2019-05-20 14:55:00.767 TRACE 10536 --- [    Test worker] o.h.type.descriptor.sql.BasicBinder      : binding parameter [3] as [VARCHAR] - [HORA]
2019-05-20 14:55:00.767 TRACE 10536 --- [    Test worker] o.h.type.descriptor.sql.BasicExtractor   : extracted value ([cos_id] : [INTEGER]) - [2]
2019-05-20 14:55:00.767 TRACE 10536 --- [    Test worker] o.h.type.descriptor.sql.BasicExtractor   : extracted value ([cos_tiempo_estadia] : [VARCHAR]) - [HORA]
2019-05-20 14:55:00.767 TRACE 10536 --- [    Test worker] o.h.type.descriptor.sql.BasicExtractor   : extracted value ([cos_tipo_movil] : [VARCHAR]) - [CARRO]
2019-05-20 14:55:00.767 TRACE 10536 --- [    Test worker] o.h.type.descriptor.sql.BasicExtractor   : extracted value ([cos_tipo_pago] : [VARCHAR]) - [NORMAL]
2019-05-20 14:55:00.768 TRACE 10536 --- [    Test worker] o.h.type.descriptor.sql.BasicExtractor   : extracted value ([cos_valor] : [DOUBLE]) - [1000.0]
2019-05-20 14:55:00.769 DEBUG 10536 --- [    Test worker] org.hibernate.SQL                        : SELECT * FROM factura WHERE mov_placa = ? AND fac_fecha_salida IS NULL
Hibernate: SELECT * FROM factura WHERE mov_placa = ? AND fac_fecha_salida IS NULL
2019-05-20 14:55:00.770 TRACE 10536 --- [    Test worker] o.h.type.descriptor.sql.BasicBinder      : binding parameter [1] as [VARCHAR] - [VBN-19]
2019-05-20 14:55:00.770 TRACE 10536 --- [    Test worker] o.h.type.descriptor.sql.BasicExtractor   : extracted value ([facId] : [INTEGER]) - [31]
2019-05-20 14:55:00.770 TRACE 10536 --- [    Test worker] o.h.type.descriptor.sql.BasicExtractor   : extracted value ([fac_fecha_ingreso] : [TIMESTAMP]) - [2019-05-20 14:54:59.508]
2019-05-20 14:55:00.770 TRACE 10536 --- [    Test worker] o.h.type.descriptor.sql.BasicExtractor   : extracted value ([fac_fecha_salida] : [TIMESTAMP]) - [null]
2019-05-20 14:55:00.770 TRACE 10536 --- [    Test worker] o.h.type.descriptor.sql.BasicExtractor   : extracted value ([fac_valor] : [DOUBLE]) - [0.0]
2019-05-20 14:55:00.770 TRACE 10536 --- [    Test worker] o.h.type.descriptor.sql.BasicExtractor   : extracted value ([mov_placa] : [VARCHAR]) - [VBN-19]
2019-05-20 14:55:00.770 DEBUG 10536 --- [    Test worker] org.hibernate.SQL                        : select movilentit0_.mov_placa as mov_plac1_2_0_, movilentit0_.mov_cilindraje as mov_cili2_2_0_, movilentit0_.mov_tipo_movil as mov_tipo3_2_0_ from movil movilentit0_ where movilentit0_.mov_placa=?
Hibernate: select movilentit0_.mov_placa as mov_plac1_2_0_, movilentit0_.mov_cilindraje as mov_cili2_2_0_, movilentit0_.mov_tipo_movil as mov_tipo3_2_0_ from movil movilentit0_ where movilentit0_.mov_placa=?
2019-05-20 14:55:00.770 TRACE 10536 --- [    Test worker] o.h.type.descriptor.sql.BasicBinder      : binding parameter [1] as [VARCHAR] - [VBN-19]
2019-05-20 14:55:00.771 TRACE 10536 --- [    Test worker] o.h.type.descriptor.sql.BasicExtractor   : extracted value ([mov_cili2_2_0_] : [DOUBLE]) - [-1.0]
2019-05-20 14:55:00.771 TRACE 10536 --- [    Test worker] o.h.type.descriptor.sql.BasicExtractor   : extracted value ([mov_tipo3_2_0_] : [VARCHAR]) - [CARRO]
2019-05-20 14:55:00.771 TRACE 10536 --- [    Test worker] org.hibernate.type.CollectionType        : Created collection wrapper: [co.com.ceiba.ceibaestacionamiento.persistencia.entidades.MovilEntity.facturasEntity#VBN-19]
2019-05-20 14:55:00.772 DEBUG 10536 --- [    Test worker] org.hibernate.SQL                        : select facturaent0_.facId as facId1_1_0_, facturaent0_.fac_fecha_ingreso as fac_fech2_1_0_, facturaent0_.fac_fecha_salida as fac_fech3_1_0_, facturaent0_.fac_valor as fac_valo4_1_0_, facturaent0_.mov_placa as mov_plac5_1_0_ from factura facturaent0_ where facturaent0_.facId=?
Hibernate: select facturaent0_.facId as facId1_1_0_, facturaent0_.fac_fecha_ingreso as fac_fech2_1_0_, facturaent0_.fac_fecha_salida as fac_fech3_1_0_, facturaent0_.fac_valor as fac_valo4_1_0_, facturaent0_.mov_placa as mov_plac5_1_0_ from factura facturaent0_ where facturaent0_.facId=?
2019-05-20 14:55:00.773 TRACE 10536 --- [    Test worker] o.h.type.descriptor.sql.BasicBinder      : binding parameter [1] as [INTEGER] - [31]
2019-05-20 14:55:00.773 TRACE 10536 --- [    Test worker] o.h.type.descriptor.sql.BasicExtractor   : extracted value ([fac_fech2_1_0_] : [TIMESTAMP]) - [2019-05-20 14:54:59.508]
2019-05-20 14:55:00.773 TRACE 10536 --- [    Test worker] o.h.type.descriptor.sql.BasicExtractor   : extracted value ([fac_fech3_1_0_] : [TIMESTAMP]) - [null]
2019-05-20 14:55:00.773 TRACE 10536 --- [    Test worker] o.h.type.descriptor.sql.BasicExtractor   : extracted value ([fac_valo4_1_0_] : [DOUBLE]) - [0.0]
2019-05-20 14:55:00.773 TRACE 10536 --- [    Test worker] o.h.type.descriptor.sql.BasicExtractor   : extracted value ([mov_plac5_1_0_] : [VARCHAR]) - [VBN-19]
2019-05-20 14:55:00.773 DEBUG 10536 --- [    Test worker] org.hibernate.SQL                        : select movilentit0_.mov_placa as mov_plac1_2_1_, movilentit0_.mov_cilindraje as mov_cili2_2_1_, movilentit0_.mov_tipo_movil as mov_tipo3_2_1_, facturasen1_.mov_placa as mov_plac5_1_3_, facturasen1_.facId as facId1_1_3_, facturasen1_.facId as facId1_1_0_, facturasen1_.fac_fecha_ingreso as fac_fech2_1_0_, facturasen1_.fac_fecha_salida as fac_fech3_1_0_, facturasen1_.fac_valor as fac_valo4_1_0_, facturasen1_.mov_placa as mov_plac5_1_0_ from movil movilentit0_ left outer join factura facturasen1_ on movilentit0_.mov_placa=facturasen1_.mov_placa where movilentit0_.mov_placa=?
Hibernate: select movilentit0_.mov_placa as mov_plac1_2_1_, movilentit0_.mov_cilindraje as mov_cili2_2_1_, movilentit0_.mov_tipo_movil as mov_tipo3_2_1_, facturasen1_.mov_placa as mov_plac5_1_3_, facturasen1_.facId as facId1_1_3_, facturasen1_.facId as facId1_1_0_, facturasen1_.fac_fecha_ingreso as fac_fech2_1_0_, facturasen1_.fac_fecha_salida as fac_fech3_1_0_, facturasen1_.fac_valor as fac_valo4_1_0_, facturasen1_.mov_placa as mov_plac5_1_0_ from movil movilentit0_ left outer join factura facturasen1_ on movilentit0_.mov_placa=facturasen1_.mov_placa where movilentit0_.mov_placa=?
2019-05-20 14:55:00.774 TRACE 10536 --- [    Test worker] o.h.type.descriptor.sql.BasicBinder      : binding parameter [1] as [VARCHAR] - [VBN-19]
2019-05-20 14:55:00.774 TRACE 10536 --- [    Test worker] o.h.type.descriptor.sql.BasicExtractor   : extracted value ([facId1_1_0_] : [INTEGER]) - [31]
2019-05-20 14:55:00.774 TRACE 10536 --- [    Test worker] o.h.type.descriptor.sql.BasicExtractor   : extracted value ([mov_cili2_2_1_] : [DOUBLE]) - [-1.0]
2019-05-20 14:55:00.774 TRACE 10536 --- [    Test worker] o.h.type.descriptor.sql.BasicExtractor   : extracted value ([mov_tipo3_2_1_] : [VARCHAR]) - [CARRO]
2019-05-20 14:55:00.774 TRACE 10536 --- [    Test worker] o.h.type.descriptor.sql.BasicExtractor   : extracted value ([mov_plac5_1_3_] : [VARCHAR]) - [VBN-19]
2019-05-20 14:55:00.774 TRACE 10536 --- [    Test worker] o.h.type.descriptor.sql.BasicExtractor   : extracted value ([facId1_1_3_] : [INTEGER]) - [31]
2019-05-20 14:55:00.775 DEBUG 10536 --- [    Test worker] org.hibernate.SQL                        : update factura set fac_fecha_ingreso=?, fac_fecha_salida=?, fac_valor=?, mov_placa=? where facId=?
Hibernate: update factura set fac_fecha_ingreso=?, fac_fecha_salida=?, fac_valor=?, mov_placa=? where facId=?
2019-05-20 14:55:00.776 TRACE 10536 --- [    Test worker] o.h.type.descriptor.sql.BasicBinder      : binding parameter [1] as [TIMESTAMP] - [2019-05-20 14:54:59.508]
2019-05-20 14:55:00.776 TRACE 10536 --- [    Test worker] o.h.type.descriptor.sql.BasicBinder      : binding parameter [2] as [TIMESTAMP] - [Mon May 20 14:55:00 COT 2019]
2019-05-20 14:55:00.776 TRACE 10536 --- [    Test worker] o.h.type.descriptor.sql.BasicBinder      : binding parameter [3] as [DOUBLE] - [1000.0]
2019-05-20 14:55:00.776 TRACE 10536 --- [    Test worker] o.h.type.descriptor.sql.BasicBinder      : binding parameter [4] as [VARCHAR] - [VBN-19]
2019-05-20 14:55:00.776 TRACE 10536 --- [    Test worker] o.h.type.descriptor.sql.BasicBinder      : binding parameter [5] as [INTEGER] - [31]
2019-05-20 14:55:00.778 DEBUG 10536 --- [    Test worker] org.hibernate.SQL                        : SELECT COUNT(*) FROM factura JOIN movil ON factura.mov_placa = movil.mov_placa WHERE movil.mov_tipo_movil = ? AND factura.fac_fecha_salida IS NULL
Hibernate: SELECT COUNT(*) FROM factura JOIN movil ON factura.mov_placa = movil.mov_placa WHERE movil.mov_tipo_movil = ? AND factura.fac_fecha_salida IS NULL
2019-05-20 14:55:00.778 TRACE 10536 --- [    Test worker] o.h.type.descriptor.sql.BasicBinder      : binding parameter [1] as [VARCHAR] - [CARRO]
2019-05-20 14:55:00.779 TRACE 10536 --- [    Test worker] o.h.type.descriptor.sql.BasicExtractor   : extracted value ([COUNT(*)] : [NUMERIC]) - [0]
2019-05-20 14:55:00.784 DEBUG 10536 --- [    Test worker] org.hibernate.SQL                        : SELECT * FROM costoestadia WHERE cos_tipo_movil = ? AND cos_tipo_pago = ? AND cos_tiempo_estadia = ?
Hibernate: SELECT * FROM costoestadia WHERE cos_tipo_movil = ? AND cos_tipo_pago = ? AND cos_tiempo_estadia = ?
2019-05-20 14:55:00.785 TRACE 10536 --- [    Test worker] o.h.type.descriptor.sql.BasicBinder      : binding parameter [1] as [VARCHAR] - [CARRO]
2019-05-20 14:55:00.785 TRACE 10536 --- [    Test worker] o.h.type.descriptor.sql.BasicBinder      : binding parameter [2] as [VARCHAR] - [NORMAL]
2019-05-20 14:55:00.785 TRACE 10536 --- [    Test worker] o.h.type.descriptor.sql.BasicBinder      : binding parameter [3] as [VARCHAR] - [HORA]
2019-05-20 14:55:00.785 TRACE 10536 --- [    Test worker] o.h.type.descriptor.sql.BasicExtractor   : extracted value ([cos_id] : [INTEGER]) - [2]
2019-05-20 14:55:00.785 TRACE 10536 --- [    Test worker] o.h.type.descriptor.sql.BasicExtractor   : extracted value ([cos_tiempo_estadia] : [VARCHAR]) - [HORA]
2019-05-20 14:55:00.785 TRACE 10536 --- [    Test worker] o.h.type.descriptor.sql.BasicExtractor   : extracted value ([cos_tipo_movil] : [VARCHAR]) - [CARRO]
2019-05-20 14:55:00.785 TRACE 10536 --- [    Test worker] o.h.type.descriptor.sql.BasicExtractor   : extracted value ([cos_tipo_pago] : [VARCHAR]) - [NORMAL]
2019-05-20 14:55:00.785 TRACE 10536 --- [    Test worker] o.h.type.descriptor.sql.BasicExtractor   : extracted value ([cos_valor] : [DOUBLE]) - [1000.0]
2019-05-20 14:55:00.791 DEBUG 10536 --- [    Test worker] org.hibernate.SQL                        : SELECT * FROM costoestadia WHERE cos_tipo_movil = ? AND cos_tipo_pago = ? AND cos_tiempo_estadia = ?
Hibernate: SELECT * FROM costoestadia WHERE cos_tipo_movil = ? AND cos_tipo_pago = ? AND cos_tiempo_estadia = ?
2019-05-20 14:55:00.793 TRACE 10536 --- [    Test worker] o.h.type.descriptor.sql.BasicBinder      : binding parameter [1] as [VARCHAR] - [MOTO]
2019-05-20 14:55:00.793 TRACE 10536 --- [    Test worker] o.h.type.descriptor.sql.BasicBinder      : binding parameter [2] as [VARCHAR] - [EXTENDIDO]
2019-05-20 14:55:00.793 TRACE 10536 --- [    Test worker] o.h.type.descriptor.sql.BasicBinder      : binding parameter [3] as [VARCHAR] - [NO_APLICA]
2019-05-20 14:55:00.793 TRACE 10536 --- [    Test worker] o.h.type.descriptor.sql.BasicExtractor   : extracted value ([cos_id] : [INTEGER]) - [5]
2019-05-20 14:55:00.793 TRACE 10536 --- [    Test worker] o.h.type.descriptor.sql.BasicExtractor   : extracted value ([cos_tiempo_estadia] : [VARCHAR]) - [NO_APLICA]
2019-05-20 14:55:00.793 TRACE 10536 --- [    Test worker] o.h.type.descriptor.sql.BasicExtractor   : extracted value ([cos_tipo_movil] : [VARCHAR]) - [MOTO]
2019-05-20 14:55:00.793 TRACE 10536 --- [    Test worker] o.h.type.descriptor.sql.BasicExtractor   : extracted value ([cos_tipo_pago] : [VARCHAR]) - [EXTENDIDO]
2019-05-20 14:55:00.793 TRACE 10536 --- [    Test worker] o.h.type.descriptor.sql.BasicExtractor   : extracted value ([cos_valor] : [DOUBLE]) - [2000.0]
2019-05-20 14:55:00.799 DEBUG 10536 --- [    Test worker] org.hibernate.SQL                        : SELECT * FROM costoestadia WHERE cos_tipo_movil = ? AND cos_tipo_pago = ? AND cos_tiempo_estadia = ?
Hibernate: SELECT * FROM costoestadia WHERE cos_tipo_movil = ? AND cos_tipo_pago = ? AND cos_tiempo_estadia = ?
2019-05-20 14:55:00.800 TRACE 10536 --- [    Test worker] o.h.type.descriptor.sql.BasicBinder      : binding parameter [1] as [VARCHAR] - [CARRO]
2019-05-20 14:55:00.800 TRACE 10536 --- [    Test worker] o.h.type.descriptor.sql.BasicBinder      : binding parameter [2] as [VARCHAR] - [NORMAL]
2019-05-20 14:55:00.800 TRACE 10536 --- [    Test worker] o.h.type.descriptor.sql.BasicBinder      : binding parameter [3] as [VARCHAR] - [DIA]
2019-05-20 14:55:00.801 TRACE 10536 --- [    Test worker] o.h.type.descriptor.sql.BasicExtractor   : extracted value ([cos_id] : [INTEGER]) - [1]
2019-05-20 14:55:00.801 TRACE 10536 --- [    Test worker] o.h.type.descriptor.sql.BasicExtractor   : extracted value ([cos_tiempo_estadia] : [VARCHAR]) - [DIA]
2019-05-20 14:55:00.801 TRACE 10536 --- [    Test worker] o.h.type.descriptor.sql.BasicExtractor   : extracted value ([cos_tipo_movil] : [VARCHAR]) - [CARRO]
2019-05-20 14:55:00.801 TRACE 10536 --- [    Test worker] o.h.type.descriptor.sql.BasicExtractor   : extracted value ([cos_tipo_pago] : [VARCHAR]) - [NORMAL]
2019-05-20 14:55:00.801 TRACE 10536 --- [    Test worker] o.h.type.descriptor.sql.BasicExtractor   : extracted value ([cos_valor] : [DOUBLE]) - [8000.0]
2019-05-20 14:55:00.807 DEBUG 10536 --- [    Test worker] org.hibernate.SQL                        : SELECT * FROM costoestadia WHERE cos_tipo_movil = ? AND cos_tipo_pago = ? AND cos_tiempo_estadia = ?
Hibernate: SELECT * FROM costoestadia WHERE cos_tipo_movil = ? AND cos_tipo_pago = ? AND cos_tiempo_estadia = ?
2019-05-20 14:55:00.808 TRACE 10536 --- [    Test worker] o.h.type.descriptor.sql.BasicBinder      : binding parameter [1] as [VARCHAR] - [MOTO]
2019-05-20 14:55:00.808 TRACE 10536 --- [    Test worker] o.h.type.descriptor.sql.BasicBinder      : binding parameter [2] as [VARCHAR] - [NORMAL]
2019-05-20 14:55:00.808 TRACE 10536 --- [    Test worker] o.h.type.descriptor.sql.BasicBinder      : binding parameter [3] as [VARCHAR] - [DIA]
2019-05-20 14:55:00.808 TRACE 10536 --- [    Test worker] o.h.type.descriptor.sql.BasicExtractor   : extracted value ([cos_id] : [INTEGER]) - [3]
2019-05-20 14:55:00.809 TRACE 10536 --- [    Test worker] o.h.type.descriptor.sql.BasicExtractor   : extracted value ([cos_tiempo_estadia] : [VARCHAR]) - [DIA]
2019-05-20 14:55:00.809 TRACE 10536 --- [    Test worker] o.h.type.descriptor.sql.BasicExtractor   : extracted value ([cos_tipo_movil] : [VARCHAR]) - [MOTO]
2019-05-20 14:55:00.809 TRACE 10536 --- [    Test worker] o.h.type.descriptor.sql.BasicExtractor   : extracted value ([cos_tipo_pago] : [VARCHAR]) - [NORMAL]
2019-05-20 14:55:00.809 TRACE 10536 --- [    Test worker] o.h.type.descriptor.sql.BasicExtractor   : extracted value ([cos_valor] : [DOUBLE]) - [4000.0]
2019-05-20 14:55:00.818 DEBUG 10536 --- [    Test worker] org.hibernate.SQL                        : SELECT * FROM costoestadia WHERE cos_tipo_movil = ? AND cos_tipo_pago = ? AND cos_tiempo_estadia = ?
Hibernate: SELECT * FROM costoestadia WHERE cos_tipo_movil = ? AND cos_tipo_pago = ? AND cos_tiempo_estadia = ?
2019-05-20 14:55:00.819 TRACE 10536 --- [    Test worker] o.h.type.descriptor.sql.BasicBinder      : binding parameter [1] as [VARCHAR] - [MOTO]
2019-05-20 14:55:00.819 TRACE 10536 --- [    Test worker] o.h.type.descriptor.sql.BasicBinder      : binding parameter [2] as [VARCHAR] - [NORMAL]
2019-05-20 14:55:00.820 TRACE 10536 --- [    Test worker] o.h.type.descriptor.sql.BasicBinder      : binding parameter [3] as [VARCHAR] - [HORA]
2019-05-20 14:55:00.820 TRACE 10536 --- [    Test worker] o.h.type.descriptor.sql.BasicExtractor   : extracted value ([cos_id] : [INTEGER]) - [4]
2019-05-20 14:55:00.820 TRACE 10536 --- [    Test worker] o.h.type.descriptor.sql.BasicExtractor   : extracted value ([cos_tiempo_estadia] : [VARCHAR]) - [HORA]
2019-05-20 14:55:00.820 TRACE 10536 --- [    Test worker] o.h.type.descriptor.sql.BasicExtractor   : extracted value ([cos_tipo_movil] : [VARCHAR]) - [MOTO]
2019-05-20 14:55:00.820 TRACE 10536 --- [    Test worker] o.h.type.descriptor.sql.BasicExtractor   : extracted value ([cos_tipo_pago] : [VARCHAR]) - [NORMAL]
2019-05-20 14:55:00.820 TRACE 10536 --- [    Test worker] o.h.type.descriptor.sql.BasicExtractor   : extracted value ([cos_valor] : [DOUBLE]) - [500.0]
]]></system-out>
  <system-err><![CDATA[]]></system-err>
</testsuite>
