<?xml version="1.0" encoding="UTF-8"?>
<testsuite name="co.com.ceiba.ceibaestacionamiento.CeibaEstacionamientoApplicationTests" tests="1" skipped="0" failures="0" errors="0" timestamp="2019-05-20T22:11:12" hostname="NANCY-YANZA" time="0.167">
  <properties/>
  <testcase name="whenValidName_thenEmployeeShouldBeFound" classname="co.com.ceiba.ceibaestacionamiento.CeibaEstacionamientoApplicationTests" time="0.167"/>
  <system-out><![CDATA[17:11:01.848 [Test worker] DEBUG org.springframework.test.context.junit4.SpringJUnit4ClassRunner - SpringJUnit4ClassRunner constructor called with [class co.com.ceiba.ceibaestacionamiento.CeibaEstacionamientoApplicationTests]
17:11:01.869 [Test worker] DEBUG org.springframework.test.context.BootstrapUtils - Instantiating CacheAwareContextLoaderDelegate from class [org.springframework.test.context.cache.DefaultCacheAwareContextLoaderDelegate]
17:11:01.903 [Test worker] DEBUG org.springframework.test.context.BootstrapUtils - Instantiating BootstrapContext using constructor [public org.springframework.test.context.support.DefaultBootstrapContext(java.lang.Class,org.springframework.test.context.CacheAwareContextLoaderDelegate)]
17:11:01.992 [Test worker] DEBUG org.springframework.test.context.BootstrapUtils - Instantiating TestContextBootstrapper for test class [co.com.ceiba.ceibaestacionamiento.CeibaEstacionamientoApplicationTests] from class [org.springframework.boot.test.context.SpringBootTestContextBootstrapper]
17:11:02.035 [Test worker] INFO org.springframework.boot.test.context.SpringBootTestContextBootstrapper - Neither @ContextConfiguration nor @ContextHierarchy found for test class [co.com.ceiba.ceibaestacionamiento.CeibaEstacionamientoApplicationTests], using SpringBootContextLoader
17:11:02.045 [Test worker] DEBUG org.springframework.test.context.support.AbstractContextLoader - Did not detect default resource location for test class [co.com.ceiba.ceibaestacionamiento.CeibaEstacionamientoApplicationTests]: class path resource [co/com/ceiba/ceibaestacionamiento/CeibaEstacionamientoApplicationTests-context.xml] does not exist
17:11:02.046 [Test worker] DEBUG org.springframework.test.context.support.AbstractContextLoader - Did not detect default resource location for test class [co.com.ceiba.ceibaestacionamiento.CeibaEstacionamientoApplicationTests]: class path resource [co/com/ceiba/ceibaestacionamiento/CeibaEstacionamientoApplicationTestsContext.groovy] does not exist
17:11:02.047 [Test worker] INFO org.springframework.test.context.support.AbstractContextLoader - Could not detect default resource locations for test class [co.com.ceiba.ceibaestacionamiento.CeibaEstacionamientoApplicationTests]: no resource found for suffixes {-context.xml, Context.groovy}.
17:11:02.441 [Test worker] DEBUG org.springframework.boot.test.context.SpringBootTestContextBootstrapper - @TestExecutionListeners is not present for class [co.com.ceiba.ceibaestacionamiento.CeibaEstacionamientoApplicationTests]: using defaults.
17:11:02.443 [Test worker] INFO org.springframework.boot.test.context.SpringBootTestContextBootstrapper - Loaded default TestExecutionListener class names from location [META-INF/spring.factories]: [org.springframework.boot.test.autoconfigure.restdocs.RestDocsTestExecutionListener, org.springframework.boot.test.autoconfigure.web.client.MockRestServiceServerResetTestExecutionListener, org.springframework.boot.test.autoconfigure.web.servlet.MockMvcPrintOnlyOnFailureTestExecutionListener, org.springframework.boot.test.autoconfigure.web.servlet.WebDriverTestExecutionListener, org.springframework.boot.test.mock.mockito.MockitoTestExecutionListener, org.springframework.boot.test.mock.mockito.ResetMocksTestExecutionListener, org.springframework.test.context.web.ServletTestExecutionListener, org.springframework.test.context.support.DirtiesContextBeforeModesTestExecutionListener, org.springframework.test.context.support.DependencyInjectionTestExecutionListener, org.springframework.test.context.support.DirtiesContextTestExecutionListener, org.springframework.test.context.transaction.TransactionalTestExecutionListener, org.springframework.test.context.jdbc.SqlScriptsTestExecutionListener]
17:11:02.488 [Test worker] INFO org.springframework.boot.test.context.SpringBootTestContextBootstrapper - Using TestExecutionListeners: [org.springframework.test.context.web.ServletTestExecutionListener@c3d4094, org.springframework.test.context.support.DirtiesContextBeforeModesTestExecutionListener@508598ee, org.springframework.boot.test.mock.mockito.MockitoTestExecutionListener@7c0728a8, org.springframework.boot.test.autoconfigure.SpringBootDependencyInjectionTestExecutionListener@68811ba9, org.springframework.test.context.support.DirtiesContextTestExecutionListener@edecfcd, org.springframework.test.context.transaction.TransactionalTestExecutionListener@72e06410, org.springframework.test.context.jdbc.SqlScriptsTestExecutionListener@3767408c, org.springframework.boot.test.autoconfigure.restdocs.RestDocsTestExecutionListener@575b599a, org.springframework.boot.test.autoconfigure.web.client.MockRestServiceServerResetTestExecutionListener@2f03441b, org.springframework.boot.test.autoconfigure.web.servlet.MockMvcPrintOnlyOnFailureTestExecutionListener@5eb2650f, org.springframework.boot.test.autoconfigure.web.servlet.WebDriverTestExecutionListener@535c2d75, org.springframework.boot.test.mock.mockito.ResetMocksTestExecutionListener@5ec6290d]
17:11:02.493 [Test worker] DEBUG org.springframework.test.annotation.ProfileValueUtils - Retrieved @ProfileValueSourceConfiguration [null] for test class [co.com.ceiba.ceibaestacionamiento.CeibaEstacionamientoApplicationTests]
17:11:02.494 [Test worker] DEBUG org.springframework.test.annotation.ProfileValueUtils - Retrieved ProfileValueSource type [class org.springframework.test.annotation.SystemProfileValueSource] for class [co.com.ceiba.ceibaestacionamiento.CeibaEstacionamientoApplicationTests]
17:11:02.495 [Test worker] DEBUG org.springframework.test.annotation.ProfileValueUtils - Retrieved @ProfileValueSourceConfiguration [null] for test class [co.com.ceiba.ceibaestacionamiento.CeibaEstacionamientoApplicationTests]
17:11:02.496 [Test worker] DEBUG org.springframework.test.annotation.ProfileValueUtils - Retrieved ProfileValueSource type [class org.springframework.test.annotation.SystemProfileValueSource] for class [co.com.ceiba.ceibaestacionamiento.CeibaEstacionamientoApplicationTests]
17:11:02.505 [Test worker] DEBUG org.springframework.test.context.support.AbstractDirtiesContextTestExecutionListener - Before test class: context [DefaultTestContext@33b214c9 testClass = CeibaEstacionamientoApplicationTests, testInstance = [null], testMethod = [null], testException = [null], mergedContextConfiguration = [WebMergedContextConfiguration@1ce9ec73 testClass = CeibaEstacionamientoApplicationTests, locations = '{}', classes = '{class co.com.ceiba.ceibaestacionamiento.CeibaEstacionamientoApplication, class co.com.ceiba.ceibaestacionamiento.dbconfiguracion.H2JpaConfig, class co.com.ceiba.ceibaestacionamiento.CeibaEstacionamientoApplication, class co.com.ceiba.ceibaestacionamiento.dbconfiguracion.H2JpaConfig}', contextInitializerClasses = '[]', activeProfiles = '{test}', propertySourceLocations = '{}', propertySourceProperties = '{org.springframework.boot.test.context.SpringBootTestContextBootstrapper=true}', contextCustomizers = set[org.springframework.boot.test.autoconfigure.properties.PropertyMappingContextCustomizer@0, org.springframework.boot.test.autoconfigure.web.servlet.WebDriverContextCustomizerFactory$Customizer@4ae7cbd9, org.springframework.boot.test.context.filter.ExcludeFilterContextCustomizer@3f487386, org.springframework.boot.test.json.DuplicateJsonObjectContextCustomizerFactory$DuplicateJsonObjectContextCustomizer@61b5cfc2, org.springframework.boot.test.mock.mockito.MockitoContextCustomizer@0, org.springframework.boot.test.web.client.TestRestTemplateContextCustomizer@6c612557], resourceBasePath = 'src/main/webapp', contextLoader = 'org.springframework.boot.test.context.SpringBootContextLoader', parent = [null]], attributes = map['org.springframework.test.context.web.ServletTestExecutionListener.activateListener' -> true]], class annotated with @DirtiesContext [false] with mode [null].
17:11:02.508 [Test worker] DEBUG org.springframework.test.annotation.ProfileValueUtils - Retrieved @ProfileValueSourceConfiguration [null] for test class [co.com.ceiba.ceibaestacionamiento.CeibaEstacionamientoApplicationTests]
17:11:02.508 [Test worker] DEBUG org.springframework.test.annotation.ProfileValueUtils - Retrieved ProfileValueSource type [class org.springframework.test.annotation.SystemProfileValueSource] for class [co.com.ceiba.ceibaestacionamiento.CeibaEstacionamientoApplicationTests]
17:11:02.594 [Test worker] DEBUG org.springframework.test.context.support.TestPropertySourceUtils - Adding inlined properties to environment: {spring.jmx.enabled=false, org.springframework.boot.test.context.SpringBootTestContextBootstrapper=true, server.port=-1}

  .   ____          _            __ _ _
 /\\ / ___'_ __ _ _(_)_ __  __ _ \ \ \ \
( ( )\___ | '_ | '_| | '_ \/ _` | \ \ \ \
 \\/  ___)| |_)| | | | | || (_| |  ) ) ) )
  '  |____| .__|_| |_|_| |_\__, | / / / /
 =========|_|==============|___/=/_/_/_/
 :: Spring Boot ::        (v2.1.4.RELEASE)

2019-05-20 17:11:03.438  INFO 6380 --- [    Test worker] c.c.CeibaEstacionamientoApplicationTests : Starting CeibaEstacionamientoApplicationTests on NANCY-YANZA with PID 6380 (started by nancy.yanza in D:\Workspace spring tool suite\Repositorio-Ceiba-Estacionamiento\repo_ceiba_estacionamiento\Ceiba-Estacionamiento)
2019-05-20 17:11:03.440  INFO 6380 --- [    Test worker] c.c.CeibaEstacionamientoApplicationTests : The following profiles are active: test
2019-05-20 17:11:05.084  INFO 6380 --- [    Test worker] .s.d.r.c.RepositoryConfigurationDelegate : Bootstrapping Spring Data repositories in DEFAULT mode.
2019-05-20 17:11:05.326  INFO 6380 --- [    Test worker] .s.d.r.c.RepositoryConfigurationDelegate : Finished Spring Data repository scanning in 180ms. Found 3 repository interfaces.
2019-05-20 17:11:06.639  INFO 6380 --- [    Test worker] trationDelegate$BeanPostProcessorChecker : Bean 'org.springframework.transaction.annotation.ProxyTransactionManagementConfiguration' of type [org.springframework.transaction.annotation.ProxyTransactionManagementConfiguration$$EnhancerBySpringCGLIB$$d72ee28a] is not eligible for getting processed by all BeanPostProcessors (for example: not eligible for auto-proxying)
2019-05-20 17:11:07.048  INFO 6380 --- [    Test worker] o.hibernate.jpa.internal.util.LogHelper  : HHH000204: Processing PersistenceUnitInfo [
	name: default
	...]
2019-05-20 17:11:07.285  INFO 6380 --- [    Test worker] org.hibernate.Version                    : HHH000412: Hibernate Core {5.3.9.Final}
2019-05-20 17:11:07.290  INFO 6380 --- [    Test worker] org.hibernate.cfg.Environment            : HHH000206: hibernate.properties not found
2019-05-20 17:11:07.714  INFO 6380 --- [    Test worker] o.hibernate.annotations.common.Version   : HCANN000001: Hibernate Commons Annotations {5.0.4.Final}
2019-05-20 17:11:07.804 DEBUG 6380 --- [    Test worker] org.hibernate.type.BasicTypeRegistry     : Adding type registration boolean -> org.hibernate.type.BooleanType@4a1ef3e7
2019-05-20 17:11:07.804 DEBUG 6380 --- [    Test worker] org.hibernate.type.BasicTypeRegistry     : Adding type registration boolean -> org.hibernate.type.BooleanType@4a1ef3e7
2019-05-20 17:11:07.805 DEBUG 6380 --- [    Test worker] org.hibernate.type.BasicTypeRegistry     : Adding type registration java.lang.Boolean -> org.hibernate.type.BooleanType@4a1ef3e7
2019-05-20 17:11:07.806 DEBUG 6380 --- [    Test worker] org.hibernate.type.BasicTypeRegistry     : Adding type registration numeric_boolean -> org.hibernate.type.NumericBooleanType@5ea41aa7
2019-05-20 17:11:07.807 DEBUG 6380 --- [    Test worker] org.hibernate.type.BasicTypeRegistry     : Adding type registration true_false -> org.hibernate.type.TrueFalseType@74347f33
2019-05-20 17:11:07.809 DEBUG 6380 --- [    Test worker] org.hibernate.type.BasicTypeRegistry     : Adding type registration yes_no -> org.hibernate.type.YesNoType@56c2b1f7
2019-05-20 17:11:07.811 DEBUG 6380 --- [    Test worker] org.hibernate.type.BasicTypeRegistry     : Adding type registration byte -> org.hibernate.type.ByteType@74708d6f
2019-05-20 17:11:07.812 DEBUG 6380 --- [    Test worker] org.hibernate.type.BasicTypeRegistry     : Adding type registration byte -> org.hibernate.type.ByteType@74708d6f
2019-05-20 17:11:07.812 DEBUG 6380 --- [    Test worker] org.hibernate.type.BasicTypeRegistry     : Adding type registration java.lang.Byte -> org.hibernate.type.ByteType@74708d6f
2019-05-20 17:11:07.815 DEBUG 6380 --- [    Test worker] org.hibernate.type.BasicTypeRegistry     : Adding type registration character -> org.hibernate.type.CharacterType@118902f7
2019-05-20 17:11:07.817 DEBUG 6380 --- [    Test worker] org.hibernate.type.BasicTypeRegistry     : Adding type registration char -> org.hibernate.type.CharacterType@118902f7
2019-05-20 17:11:07.818 DEBUG 6380 --- [    Test worker] org.hibernate.type.BasicTypeRegistry     : Adding type registration java.lang.Character -> org.hibernate.type.CharacterType@118902f7
2019-05-20 17:11:07.820 DEBUG 6380 --- [    Test worker] org.hibernate.type.BasicTypeRegistry     : Adding type registration short -> org.hibernate.type.ShortType@328289c6
2019-05-20 17:11:07.821 DEBUG 6380 --- [    Test worker] org.hibernate.type.BasicTypeRegistry     : Adding type registration short -> org.hibernate.type.ShortType@328289c6
2019-05-20 17:11:07.821 DEBUG 6380 --- [    Test worker] org.hibernate.type.BasicTypeRegistry     : Adding type registration java.lang.Short -> org.hibernate.type.ShortType@328289c6
2019-05-20 17:11:07.824 DEBUG 6380 --- [    Test worker] org.hibernate.type.BasicTypeRegistry     : Adding type registration integer -> org.hibernate.type.IntegerType@337dae41
2019-05-20 17:11:07.824 DEBUG 6380 --- [    Test worker] org.hibernate.type.BasicTypeRegistry     : Adding type registration int -> org.hibernate.type.IntegerType@337dae41
2019-05-20 17:11:07.824 DEBUG 6380 --- [    Test worker] org.hibernate.type.BasicTypeRegistry     : Adding type registration java.lang.Integer -> org.hibernate.type.IntegerType@337dae41
2019-05-20 17:11:07.827 DEBUG 6380 --- [    Test worker] org.hibernate.type.BasicTypeRegistry     : Adding type registration long -> org.hibernate.type.LongType@19996489
2019-05-20 17:11:07.828 DEBUG 6380 --- [    Test worker] org.hibernate.type.BasicTypeRegistry     : Adding type registration long -> org.hibernate.type.LongType@19996489
2019-05-20 17:11:07.828 DEBUG 6380 --- [    Test worker] org.hibernate.type.BasicTypeRegistry     : Adding type registration java.lang.Long -> org.hibernate.type.LongType@19996489
2019-05-20 17:11:07.831 DEBUG 6380 --- [    Test worker] org.hibernate.type.BasicTypeRegistry     : Adding type registration float -> org.hibernate.type.FloatType@2f2c5419
2019-05-20 17:11:07.831 DEBUG 6380 --- [    Test worker] org.hibernate.type.BasicTypeRegistry     : Adding type registration float -> org.hibernate.type.FloatType@2f2c5419
2019-05-20 17:11:07.832 DEBUG 6380 --- [    Test worker] org.hibernate.type.BasicTypeRegistry     : Adding type registration java.lang.Float -> org.hibernate.type.FloatType@2f2c5419
2019-05-20 17:11:07.834 DEBUG 6380 --- [    Test worker] org.hibernate.type.BasicTypeRegistry     : Adding type registration double -> org.hibernate.type.DoubleType@1c3680f9
2019-05-20 17:11:07.835 DEBUG 6380 --- [    Test worker] org.hibernate.type.BasicTypeRegistry     : Adding type registration double -> org.hibernate.type.DoubleType@1c3680f9
2019-05-20 17:11:07.835 DEBUG 6380 --- [    Test worker] org.hibernate.type.BasicTypeRegistry     : Adding type registration java.lang.Double -> org.hibernate.type.DoubleType@1c3680f9
2019-05-20 17:11:07.838 DEBUG 6380 --- [    Test worker] org.hibernate.type.BasicTypeRegistry     : Adding type registration big_decimal -> org.hibernate.type.BigDecimalType@7045d399
2019-05-20 17:11:07.838 DEBUG 6380 --- [    Test worker] org.hibernate.type.BasicTypeRegistry     : Adding type registration java.math.BigDecimal -> org.hibernate.type.BigDecimalType@7045d399
2019-05-20 17:11:07.841 DEBUG 6380 --- [    Test worker] org.hibernate.type.BasicTypeRegistry     : Adding type registration big_integer -> org.hibernate.type.BigIntegerType@14ecccf7
2019-05-20 17:11:07.841 DEBUG 6380 --- [    Test worker] org.hibernate.type.BasicTypeRegistry     : Adding type registration java.math.BigInteger -> org.hibernate.type.BigIntegerType@14ecccf7
2019-05-20 17:11:07.844 DEBUG 6380 --- [    Test worker] org.hibernate.type.BasicTypeRegistry     : Adding type registration string -> org.hibernate.type.StringType@dcd48e4
2019-05-20 17:11:07.844 DEBUG 6380 --- [    Test worker] org.hibernate.type.BasicTypeRegistry     : Adding type registration java.lang.String -> org.hibernate.type.StringType@dcd48e4
2019-05-20 17:11:07.845 DEBUG 6380 --- [    Test worker] org.hibernate.type.BasicTypeRegistry     : Adding type registration nstring -> org.hibernate.type.StringNVarcharType@7cc473fa
2019-05-20 17:11:07.847 DEBUG 6380 --- [    Test worker] org.hibernate.type.BasicTypeRegistry     : Adding type registration ncharacter -> org.hibernate.type.CharacterNCharType@3bd09155
2019-05-20 17:11:07.850 DEBUG 6380 --- [    Test worker] org.hibernate.type.BasicTypeRegistry     : Adding type registration url -> org.hibernate.type.UrlType@1fe12344
2019-05-20 17:11:07.851 DEBUG 6380 --- [    Test worker] org.hibernate.type.BasicTypeRegistry     : Adding type registration java.net.URL -> org.hibernate.type.UrlType@1fe12344
2019-05-20 17:11:07.853 DEBUG 6380 --- [    Test worker] org.hibernate.type.BasicTypeRegistry     : Adding type registration Duration -> org.hibernate.type.DurationType@6fdd8760
2019-05-20 17:11:07.854 DEBUG 6380 --- [    Test worker] org.hibernate.type.BasicTypeRegistry     : Adding type registration java.time.Duration -> org.hibernate.type.DurationType@6fdd8760
2019-05-20 17:11:07.857 DEBUG 6380 --- [    Test worker] org.hibernate.type.BasicTypeRegistry     : Adding type registration Instant -> org.hibernate.type.InstantType@78ca3265
2019-05-20 17:11:07.858 DEBUG 6380 --- [    Test worker] org.hibernate.type.BasicTypeRegistry     : Adding type registration java.time.Instant -> org.hibernate.type.InstantType@78ca3265
2019-05-20 17:11:07.861 DEBUG 6380 --- [    Test worker] org.hibernate.type.BasicTypeRegistry     : Adding type registration LocalDateTime -> org.hibernate.type.LocalDateTimeType@756442bc
2019-05-20 17:11:07.861 DEBUG 6380 --- [    Test worker] org.hibernate.type.BasicTypeRegistry     : Adding type registration java.time.LocalDateTime -> org.hibernate.type.LocalDateTimeType@756442bc
2019-05-20 17:11:07.864 DEBUG 6380 --- [    Test worker] org.hibernate.type.BasicTypeRegistry     : Adding type registration LocalDate -> org.hibernate.type.LocalDateType@64074c3d
2019-05-20 17:11:07.865 DEBUG 6380 --- [    Test worker] org.hibernate.type.BasicTypeRegistry     : Adding type registration java.time.LocalDate -> org.hibernate.type.LocalDateType@64074c3d
2019-05-20 17:11:07.868 DEBUG 6380 --- [    Test worker] org.hibernate.type.BasicTypeRegistry     : Adding type registration LocalTime -> org.hibernate.type.LocalTimeType@49e57a1e
2019-05-20 17:11:07.868 DEBUG 6380 --- [    Test worker] org.hibernate.type.BasicTypeRegistry     : Adding type registration java.time.LocalTime -> org.hibernate.type.LocalTimeType@49e57a1e
2019-05-20 17:11:07.871 DEBUG 6380 --- [    Test worker] org.hibernate.type.BasicTypeRegistry     : Adding type registration OffsetDateTime -> org.hibernate.type.OffsetDateTimeType@35921d5e
2019-05-20 17:11:07.871 DEBUG 6380 --- [    Test worker] org.hibernate.type.BasicTypeRegistry     : Adding type registration java.time.OffsetDateTime -> org.hibernate.type.OffsetDateTimeType@35921d5e
2019-05-20 17:11:07.873 DEBUG 6380 --- [    Test worker] org.hibernate.type.BasicTypeRegistry     : Adding type registration OffsetTime -> org.hibernate.type.OffsetTimeType@31aee2ef
2019-05-20 17:11:07.874 DEBUG 6380 --- [    Test worker] org.hibernate.type.BasicTypeRegistry     : Adding type registration java.time.OffsetTime -> org.hibernate.type.OffsetTimeType@31aee2ef
2019-05-20 17:11:07.878 DEBUG 6380 --- [    Test worker] org.hibernate.type.BasicTypeRegistry     : Adding type registration ZonedDateTime -> org.hibernate.type.ZonedDateTimeType@2e01e73b
2019-05-20 17:11:07.878 DEBUG 6380 --- [    Test worker] org.hibernate.type.BasicTypeRegistry     : Adding type registration java.time.ZonedDateTime -> org.hibernate.type.ZonedDateTimeType@2e01e73b
2019-05-20 17:11:07.881 DEBUG 6380 --- [    Test worker] org.hibernate.type.BasicTypeRegistry     : Adding type registration date -> org.hibernate.type.DateType@10f5eb
2019-05-20 17:11:07.882 DEBUG 6380 --- [    Test worker] org.hibernate.type.BasicTypeRegistry     : Adding type registration java.sql.Date -> org.hibernate.type.DateType@10f5eb
2019-05-20 17:11:07.886 DEBUG 6380 --- [    Test worker] org.hibernate.type.BasicTypeRegistry     : Adding type registration time -> org.hibernate.type.TimeType@1fa10478
2019-05-20 17:11:07.886 DEBUG 6380 --- [    Test worker] org.hibernate.type.BasicTypeRegistry     : Adding type registration java.sql.Time -> org.hibernate.type.TimeType@1fa10478
2019-05-20 17:11:07.889 DEBUG 6380 --- [    Test worker] org.hibernate.type.BasicTypeRegistry     : Adding type registration timestamp -> org.hibernate.type.TimestampType@171989b6
2019-05-20 17:11:07.890 DEBUG 6380 --- [    Test worker] org.hibernate.type.BasicTypeRegistry     : Adding type registration java.sql.Timestamp -> org.hibernate.type.TimestampType@171989b6
2019-05-20 17:11:07.890 DEBUG 6380 --- [    Test worker] org.hibernate.type.BasicTypeRegistry     : Adding type registration java.util.Date -> org.hibernate.type.TimestampType@171989b6
2019-05-20 17:11:07.893 DEBUG 6380 --- [    Test worker] org.hibernate.type.BasicTypeRegistry     : Adding type registration dbtimestamp -> org.hibernate.type.DbTimestampType@6af0b7ad
2019-05-20 17:11:07.895 DEBUG 6380 --- [    Test worker] org.hibernate.type.BasicTypeRegistry     : Adding type registration calendar -> org.hibernate.type.CalendarType@1c12b877
2019-05-20 17:11:07.896 DEBUG 6380 --- [    Test worker] org.hibernate.type.BasicTypeRegistry     : Adding type registration java.util.Calendar -> org.hibernate.type.CalendarType@1c12b877
2019-05-20 17:11:07.896 DEBUG 6380 --- [    Test worker] org.hibernate.type.BasicTypeRegistry     : Adding type registration java.util.GregorianCalendar -> org.hibernate.type.CalendarType@1c12b877
2019-05-20 17:11:07.898 DEBUG 6380 --- [    Test worker] org.hibernate.type.BasicTypeRegistry     : Adding type registration calendar_date -> org.hibernate.type.CalendarDateType@34edf5fb
2019-05-20 17:11:07.900 DEBUG 6380 --- [    Test worker] org.hibernate.type.BasicTypeRegistry     : Adding type registration locale -> org.hibernate.type.LocaleType@25b7d743
2019-05-20 17:11:07.901 DEBUG 6380 --- [    Test worker] org.hibernate.type.BasicTypeRegistry     : Adding type registration java.util.Locale -> org.hibernate.type.LocaleType@25b7d743
2019-05-20 17:11:07.903 DEBUG 6380 --- [    Test worker] org.hibernate.type.BasicTypeRegistry     : Adding type registration currency -> org.hibernate.type.CurrencyType@705e03a0
2019-05-20 17:11:07.904 DEBUG 6380 --- [    Test worker] org.hibernate.type.BasicTypeRegistry     : Adding type registration java.util.Currency -> org.hibernate.type.CurrencyType@705e03a0
2019-05-20 17:11:07.906 DEBUG 6380 --- [    Test worker] org.hibernate.type.BasicTypeRegistry     : Adding type registration timezone -> org.hibernate.type.TimeZoneType@7d12f253
2019-05-20 17:11:07.906 DEBUG 6380 --- [    Test worker] org.hibernate.type.BasicTypeRegistry     : Adding type registration java.util.TimeZone -> org.hibernate.type.TimeZoneType@7d12f253
2019-05-20 17:11:07.908 DEBUG 6380 --- [    Test worker] org.hibernate.type.BasicTypeRegistry     : Adding type registration class -> org.hibernate.type.ClassType@2fc80470
2019-05-20 17:11:07.909 DEBUG 6380 --- [    Test worker] org.hibernate.type.BasicTypeRegistry     : Adding type registration java.lang.Class -> org.hibernate.type.ClassType@2fc80470
2019-05-20 17:11:07.910 DEBUG 6380 --- [    Test worker] org.hibernate.type.BasicTypeRegistry     : Adding type registration uuid-binary -> org.hibernate.type.UUIDBinaryType@423532f8
2019-05-20 17:11:07.911 DEBUG 6380 --- [    Test worker] org.hibernate.type.BasicTypeRegistry     : Adding type registration java.util.UUID -> org.hibernate.type.UUIDBinaryType@423532f8
2019-05-20 17:11:07.912 DEBUG 6380 --- [    Test worker] org.hibernate.type.BasicTypeRegistry     : Adding type registration uuid-char -> org.hibernate.type.UUIDCharType@779fbda
2019-05-20 17:11:07.915 DEBUG 6380 --- [    Test worker] org.hibernate.type.BasicTypeRegistry     : Adding type registration binary -> org.hibernate.type.BinaryType@3809a8fa
2019-05-20 17:11:07.915 DEBUG 6380 --- [    Test worker] org.hibernate.type.BasicTypeRegistry     : Adding type registration byte[] -> org.hibernate.type.BinaryType@3809a8fa
2019-05-20 17:11:07.915 DEBUG 6380 --- [    Test worker] org.hibernate.type.BasicTypeRegistry     : Adding type registration [B -> org.hibernate.type.BinaryType@3809a8fa
2019-05-20 17:11:07.917 DEBUG 6380 --- [    Test worker] org.hibernate.type.BasicTypeRegistry     : Adding type registration wrapper-binary -> org.hibernate.type.WrapperBinaryType@52381589
2019-05-20 17:11:07.918 DEBUG 6380 --- [    Test worker] org.hibernate.type.BasicTypeRegistry     : Adding type registration Byte[] -> org.hibernate.type.WrapperBinaryType@52381589
2019-05-20 17:11:07.918 DEBUG 6380 --- [    Test worker] org.hibernate.type.BasicTypeRegistry     : Adding type registration [Ljava.lang.Byte; -> org.hibernate.type.WrapperBinaryType@52381589
2019-05-20 17:11:07.920 DEBUG 6380 --- [    Test worker] org.hibernate.type.BasicTypeRegistry     : Adding type registration row_version -> org.hibernate.type.RowVersionType@29333253
2019-05-20 17:11:07.922 DEBUG 6380 --- [    Test worker] org.hibernate.type.BasicTypeRegistry     : Adding type registration image -> org.hibernate.type.ImageType@54469388
2019-05-20 17:11:07.925 DEBUG 6380 --- [    Test worker] org.hibernate.type.BasicTypeRegistry     : Adding type registration characters -> org.hibernate.type.CharArrayType@5661187a
2019-05-20 17:11:07.926 DEBUG 6380 --- [    Test worker] org.hibernate.type.BasicTypeRegistry     : Adding type registration char[] -> org.hibernate.type.CharArrayType@5661187a
2019-05-20 17:11:07.926 DEBUG 6380 --- [    Test worker] org.hibernate.type.BasicTypeRegistry     : Adding type registration [C -> org.hibernate.type.CharArrayType@5661187a
2019-05-20 17:11:07.929 DEBUG 6380 --- [    Test worker] org.hibernate.type.BasicTypeRegistry     : Adding type registration wrapper-characters -> org.hibernate.type.CharacterArrayType@7e806768
2019-05-20 17:11:07.929 DEBUG 6380 --- [    Test worker] org.hibernate.type.BasicTypeRegistry     : Adding type registration [Ljava.lang.Character; -> org.hibernate.type.CharacterArrayType@7e806768
2019-05-20 17:11:07.929 DEBUG 6380 --- [    Test worker] org.hibernate.type.BasicTypeRegistry     : Adding type registration Character[] -> org.hibernate.type.CharacterArrayType@7e806768
2019-05-20 17:11:07.930 DEBUG 6380 --- [    Test worker] org.hibernate.type.BasicTypeRegistry     : Adding type registration text -> org.hibernate.type.TextType@573c2857
2019-05-20 17:11:07.932 DEBUG 6380 --- [    Test worker] org.hibernate.type.BasicTypeRegistry     : Adding type registration ntext -> org.hibernate.type.NTextType@4c13291a
2019-05-20 17:11:07.935 DEBUG 6380 --- [    Test worker] org.hibernate.type.BasicTypeRegistry     : Adding type registration blob -> org.hibernate.type.BlobType@34b22dd
2019-05-20 17:11:07.936 DEBUG 6380 --- [    Test worker] org.hibernate.type.BasicTypeRegistry     : Adding type registration java.sql.Blob -> org.hibernate.type.BlobType@34b22dd
2019-05-20 17:11:07.937 DEBUG 6380 --- [    Test worker] org.hibernate.type.BasicTypeRegistry     : Adding type registration materialized_blob -> org.hibernate.type.MaterializedBlobType@7f626c8c
2019-05-20 17:11:07.941 DEBUG 6380 --- [    Test worker] org.hibernate.type.BasicTypeRegistry     : Adding type registration clob -> org.hibernate.type.ClobType@3c9d5656
2019-05-20 17:11:07.941 DEBUG 6380 --- [    Test worker] org.hibernate.type.BasicTypeRegistry     : Adding type registration java.sql.Clob -> org.hibernate.type.ClobType@3c9d5656
2019-05-20 17:11:07.944 DEBUG 6380 --- [    Test worker] org.hibernate.type.BasicTypeRegistry     : Adding type registration nclob -> org.hibernate.type.NClobType@690bad33
2019-05-20 17:11:07.944 DEBUG 6380 --- [    Test worker] org.hibernate.type.BasicTypeRegistry     : Adding type registration java.sql.NClob -> org.hibernate.type.NClobType@690bad33
2019-05-20 17:11:07.945 DEBUG 6380 --- [    Test worker] org.hibernate.type.BasicTypeRegistry     : Adding type registration materialized_clob -> org.hibernate.type.MaterializedClobType@15b11b41
2019-05-20 17:11:07.946 DEBUG 6380 --- [    Test worker] org.hibernate.type.BasicTypeRegistry     : Adding type registration materialized_nclob -> org.hibernate.type.MaterializedNClobType@2ce8389e
2019-05-20 17:11:07.949 DEBUG 6380 --- [    Test worker] org.hibernate.type.BasicTypeRegistry     : Adding type registration serializable -> org.hibernate.type.SerializableType@246bd2dc
2019-05-20 17:11:07.956 DEBUG 6380 --- [    Test worker] org.hibernate.type.BasicTypeRegistry     : Adding type registration object -> org.hibernate.type.ObjectType@7d209c0
2019-05-20 17:11:07.957 DEBUG 6380 --- [    Test worker] org.hibernate.type.BasicTypeRegistry     : Adding type registration java.lang.Object -> org.hibernate.type.ObjectType@7d209c0
2019-05-20 17:11:07.958 DEBUG 6380 --- [    Test worker] org.hibernate.type.BasicTypeRegistry     : Adding type registration imm_date -> org.hibernate.type.AdaptedImmutableType@e26a7e4
2019-05-20 17:11:07.958 DEBUG 6380 --- [    Test worker] org.hibernate.type.BasicTypeRegistry     : Adding type registration imm_time -> org.hibernate.type.AdaptedImmutableType@38ebeada
2019-05-20 17:11:07.958 DEBUG 6380 --- [    Test worker] org.hibernate.type.BasicTypeRegistry     : Adding type registration imm_timestamp -> org.hibernate.type.AdaptedImmutableType@54db37dc
2019-05-20 17:11:07.958 DEBUG 6380 --- [    Test worker] org.hibernate.type.BasicTypeRegistry     : Adding type registration imm_dbtimestamp -> org.hibernate.type.AdaptedImmutableType@248ee9ae
2019-05-20 17:11:07.959 DEBUG 6380 --- [    Test worker] org.hibernate.type.BasicTypeRegistry     : Adding type registration imm_calendar -> org.hibernate.type.AdaptedImmutableType@1fac735c
2019-05-20 17:11:07.959 DEBUG 6380 --- [    Test worker] org.hibernate.type.BasicTypeRegistry     : Adding type registration imm_calendar_date -> org.hibernate.type.AdaptedImmutableType@78f6f749
2019-05-20 17:11:07.959 DEBUG 6380 --- [    Test worker] org.hibernate.type.BasicTypeRegistry     : Adding type registration imm_binary -> org.hibernate.type.AdaptedImmutableType@751e5a5c
2019-05-20 17:11:07.959 DEBUG 6380 --- [    Test worker] org.hibernate.type.BasicTypeRegistry     : Adding type registration imm_serializable -> org.hibernate.type.AdaptedImmutableType@268e0ec8
2019-05-20 17:11:08.574  INFO 6380 --- [    Test worker] org.hibernate.dialect.Dialect            : HHH000400: Using dialect: org.hibernate.dialect.H2Dialect
2019-05-20 17:11:08.688 DEBUG 6380 --- [    Test worker] o.h.type.spi.TypeConfiguration$Scope     : Scoping TypeConfiguration [org.hibernate.type.spi.TypeConfiguration@311fe54] to MetadataBuildingContext [org.hibernate.boot.internal.MetadataBuildingContextRootImpl@6defa9f6]
2019-05-20 17:11:09.119 DEBUG 6380 --- [    Test worker] o.h.type.spi.TypeConfiguration$Scope     : Scoping TypeConfiguration [org.hibernate.type.spi.TypeConfiguration@311fe54] to SessionFactoryImpl [org.hibernate.internal.SessionFactoryImpl@739b04ac]
2019-05-20 17:11:10.183 DEBUG 6380 --- [    Test worker] org.hibernate.SQL                        : drop table costoestadia if exists
Hibernate: drop table costoestadia if exists
2019-05-20 17:11:10.328 DEBUG 6380 --- [    Test worker] org.hibernate.SQL                        : drop table factura if exists
Hibernate: drop table factura if exists
2019-05-20 17:11:10.328 DEBUG 6380 --- [    Test worker] org.hibernate.SQL                        : drop table movil if exists
Hibernate: drop table movil if exists
2019-05-20 17:11:10.333 DEBUG 6380 --- [    Test worker] org.hibernate.SQL                        : create table costoestadia (cos_id integer not null, cos_tiempo_estadia varchar(10), cos_tipo_movil varchar(5), cos_tipo_pago varchar(10), cos_valor double, primary key (cos_id))
Hibernate: create table costoestadia (cos_id integer not null, cos_tiempo_estadia varchar(10), cos_tipo_movil varchar(5), cos_tipo_pago varchar(10), cos_valor double, primary key (cos_id))
2019-05-20 17:11:10.342 DEBUG 6380 --- [    Test worker] org.hibernate.SQL                        : create table factura (facId integer generated by default as identity, fac_fecha_ingreso timestamp, fac_fecha_salida timestamp, fac_valor double, mov_placa varchar(10), primary key (facId))
Hibernate: create table factura (facId integer generated by default as identity, fac_fecha_ingreso timestamp, fac_fecha_salida timestamp, fac_valor double, mov_placa varchar(10), primary key (facId))
2019-05-20 17:11:10.348 DEBUG 6380 --- [    Test worker] org.hibernate.SQL                        : create table movil (mov_placa varchar(10) not null, mov_cilindraje double, mov_tipo_movil varchar(5), primary key (mov_placa))
Hibernate: create table movil (mov_placa varchar(10) not null, mov_cilindraje double, mov_tipo_movil varchar(5), primary key (mov_placa))
2019-05-20 17:11:10.353 DEBUG 6380 --- [    Test worker] org.hibernate.SQL                        : alter table factura add constraint FK3tfeok1s0c0xs7n8ssxed33aj foreign key (mov_placa) references movil
Hibernate: alter table factura add constraint FK3tfeok1s0c0xs7n8ssxed33aj foreign key (mov_placa) references movil
2019-05-20 17:11:10.364  INFO 6380 --- [    Test worker] o.h.t.schema.internal.SchemaCreatorImpl  : HHH000476: Executing import script 'org.hibernate.tool.schema.internal.exec.ScriptSourceInputNonExistentImpl@33c507ba'
2019-05-20 17:11:10.378 TRACE 6380 --- [    Test worker] o.h.type.spi.TypeConfiguration$Scope     : Handling #sessionFactoryCreated from [org.hibernate.internal.SessionFactoryImpl@739b04ac] for TypeConfiguration
2019-05-20 17:11:10.380  INFO 6380 --- [    Test worker] j.LocalContainerEntityManagerFactoryBean : Initialized JPA EntityManagerFactory for persistence unit 'default'
2019-05-20 17:11:12.086  INFO 6380 --- [    Test worker] o.s.s.concurrent.ThreadPoolTaskExecutor  : Initializing ExecutorService 'applicationTaskExecutor'
2019-05-20 17:11:12.198  WARN 6380 --- [    Test worker] aWebConfiguration$JpaWebMvcConfiguration : spring.jpa.open-in-view is enabled by default. Therefore, database queries may be performed during view rendering. Explicitly configure spring.jpa.open-in-view to disable this warning
2019-05-20 17:11:12.763  INFO 6380 --- [    Test worker] c.c.CeibaEstacionamientoApplicationTests : Started CeibaEstacionamientoApplicationTests in 10.141 seconds (JVM running for 12.831)
]]></system-out>
  <system-err><![CDATA[]]></system-err>
</testsuite>
