<?xml version="1.0" encoding="UTF-8"?>
<testsuite name="co.com.ceiba.ceibaestacionamiento.CeibaEstacionamientoApplicationTests" tests="1" skipped="0" failures="0" errors="0" timestamp="2019-05-20T19:54:54" hostname="NANCY-YANZA" time="0.194">
  <properties/>
  <testcase name="whenValidName_thenEmployeeShouldBeFound" classname="co.com.ceiba.ceibaestacionamiento.CeibaEstacionamientoApplicationTests" time="0.194"/>
  <system-out><![CDATA[14:54:42.491 [Test worker] DEBUG org.springframework.test.context.junit4.SpringJUnit4ClassRunner - SpringJUnit4ClassRunner constructor called with [class co.com.ceiba.ceibaestacionamiento.CeibaEstacionamientoApplicationTests]
14:54:42.532 [Test worker] DEBUG org.springframework.test.context.BootstrapUtils - Instantiating CacheAwareContextLoaderDelegate from class [org.springframework.test.context.cache.DefaultCacheAwareContextLoaderDelegate]
14:54:42.641 [Test worker] DEBUG org.springframework.test.context.BootstrapUtils - Instantiating BootstrapContext using constructor [public org.springframework.test.context.support.DefaultBootstrapContext(java.lang.Class,org.springframework.test.context.CacheAwareContextLoaderDelegate)]
14:54:42.746 [Test worker] DEBUG org.springframework.test.context.BootstrapUtils - Instantiating TestContextBootstrapper for test class [co.com.ceiba.ceibaestacionamiento.CeibaEstacionamientoApplicationTests] from class [org.springframework.boot.test.context.SpringBootTestContextBootstrapper]
14:54:42.794 [Test worker] INFO org.springframework.boot.test.context.SpringBootTestContextBootstrapper - Neither @ContextConfiguration nor @ContextHierarchy found for test class [co.com.ceiba.ceibaestacionamiento.CeibaEstacionamientoApplicationTests], using SpringBootContextLoader
14:54:42.815 [Test worker] DEBUG org.springframework.test.context.support.AbstractContextLoader - Did not detect default resource location for test class [co.com.ceiba.ceibaestacionamiento.CeibaEstacionamientoApplicationTests]: class path resource [co/com/ceiba/ceibaestacionamiento/CeibaEstacionamientoApplicationTests-context.xml] does not exist
14:54:42.817 [Test worker] DEBUG org.springframework.test.context.support.AbstractContextLoader - Did not detect default resource location for test class [co.com.ceiba.ceibaestacionamiento.CeibaEstacionamientoApplicationTests]: class path resource [co/com/ceiba/ceibaestacionamiento/CeibaEstacionamientoApplicationTestsContext.groovy] does not exist
14:54:42.820 [Test worker] INFO org.springframework.test.context.support.AbstractContextLoader - Could not detect default resource locations for test class [co.com.ceiba.ceibaestacionamiento.CeibaEstacionamientoApplicationTests]: no resource found for suffixes {-context.xml, Context.groovy}.
14:54:43.511 [Test worker] DEBUG org.springframework.boot.test.context.SpringBootTestContextBootstrapper - @TestExecutionListeners is not present for class [co.com.ceiba.ceibaestacionamiento.CeibaEstacionamientoApplicationTests]: using defaults.
14:54:43.513 [Test worker] INFO org.springframework.boot.test.context.SpringBootTestContextBootstrapper - Loaded default TestExecutionListener class names from location [META-INF/spring.factories]: [org.springframework.boot.test.autoconfigure.restdocs.RestDocsTestExecutionListener, org.springframework.boot.test.autoconfigure.web.client.MockRestServiceServerResetTestExecutionListener, org.springframework.boot.test.autoconfigure.web.servlet.MockMvcPrintOnlyOnFailureTestExecutionListener, org.springframework.boot.test.autoconfigure.web.servlet.WebDriverTestExecutionListener, org.springframework.boot.test.mock.mockito.MockitoTestExecutionListener, org.springframework.boot.test.mock.mockito.ResetMocksTestExecutionListener, org.springframework.test.context.web.ServletTestExecutionListener, org.springframework.test.context.support.DirtiesContextBeforeModesTestExecutionListener, org.springframework.test.context.support.DependencyInjectionTestExecutionListener, org.springframework.test.context.support.DirtiesContextTestExecutionListener, org.springframework.test.context.transaction.TransactionalTestExecutionListener, org.springframework.test.context.jdbc.SqlScriptsTestExecutionListener]
14:54:43.570 [Test worker] INFO org.springframework.boot.test.context.SpringBootTestContextBootstrapper - Using TestExecutionListeners: [org.springframework.test.context.web.ServletTestExecutionListener@c3d4094, org.springframework.test.context.support.DirtiesContextBeforeModesTestExecutionListener@508598ee, org.springframework.boot.test.mock.mockito.MockitoTestExecutionListener@7c0728a8, org.springframework.boot.test.autoconfigure.SpringBootDependencyInjectionTestExecutionListener@68811ba9, org.springframework.test.context.support.DirtiesContextTestExecutionListener@edecfcd, org.springframework.test.context.transaction.TransactionalTestExecutionListener@72e06410, org.springframework.test.context.jdbc.SqlScriptsTestExecutionListener@3767408c, org.springframework.boot.test.autoconfigure.restdocs.RestDocsTestExecutionListener@575b599a, org.springframework.boot.test.autoconfigure.web.client.MockRestServiceServerResetTestExecutionListener@2f03441b, org.springframework.boot.test.autoconfigure.web.servlet.MockMvcPrintOnlyOnFailureTestExecutionListener@5eb2650f, org.springframework.boot.test.autoconfigure.web.servlet.WebDriverTestExecutionListener@535c2d75, org.springframework.boot.test.mock.mockito.ResetMocksTestExecutionListener@5ec6290d]
14:54:43.581 [Test worker] DEBUG org.springframework.test.annotation.ProfileValueUtils - Retrieved @ProfileValueSourceConfiguration [null] for test class [co.com.ceiba.ceibaestacionamiento.CeibaEstacionamientoApplicationTests]
14:54:43.582 [Test worker] DEBUG org.springframework.test.annotation.ProfileValueUtils - Retrieved ProfileValueSource type [class org.springframework.test.annotation.SystemProfileValueSource] for class [co.com.ceiba.ceibaestacionamiento.CeibaEstacionamientoApplicationTests]
14:54:43.584 [Test worker] DEBUG org.springframework.test.annotation.ProfileValueUtils - Retrieved @ProfileValueSourceConfiguration [null] for test class [co.com.ceiba.ceibaestacionamiento.CeibaEstacionamientoApplicationTests]
14:54:43.589 [Test worker] DEBUG org.springframework.test.annotation.ProfileValueUtils - Retrieved ProfileValueSource type [class org.springframework.test.annotation.SystemProfileValueSource] for class [co.com.ceiba.ceibaestacionamiento.CeibaEstacionamientoApplicationTests]
14:54:43.607 [Test worker] DEBUG org.springframework.test.context.support.AbstractDirtiesContextTestExecutionListener - Before test class: context [DefaultTestContext@33b214c9 testClass = CeibaEstacionamientoApplicationTests, testInstance = [null], testMethod = [null], testException = [null], mergedContextConfiguration = [WebMergedContextConfiguration@1ce9ec73 testClass = CeibaEstacionamientoApplicationTests, locations = '{}', classes = '{class co.com.ceiba.ceibaestacionamiento.CeibaEstacionamientoApplication, class co.com.ceiba.ceibaestacionamiento.dbconfiguracion.H2JpaConfig, class co.com.ceiba.ceibaestacionamiento.CeibaEstacionamientoApplication, class co.com.ceiba.ceibaestacionamiento.dbconfiguracion.H2JpaConfig}', contextInitializerClasses = '[]', activeProfiles = '{test}', propertySourceLocations = '{}', propertySourceProperties = '{org.springframework.boot.test.context.SpringBootTestContextBootstrapper=true}', contextCustomizers = set[org.springframework.boot.test.autoconfigure.properties.PropertyMappingContextCustomizer@0, org.springframework.boot.test.autoconfigure.web.servlet.WebDriverContextCustomizerFactory$Customizer@4ae7cbd9, org.springframework.boot.test.context.filter.ExcludeFilterContextCustomizer@3f487386, org.springframework.boot.test.json.DuplicateJsonObjectContextCustomizerFactory$DuplicateJsonObjectContextCustomizer@61b5cfc2, org.springframework.boot.test.mock.mockito.MockitoContextCustomizer@0, org.springframework.boot.test.web.client.TestRestTemplateContextCustomizer@6c612557], resourceBasePath = 'src/main/webapp', contextLoader = 'org.springframework.boot.test.context.SpringBootContextLoader', parent = [null]], attributes = map['org.springframework.test.context.web.ServletTestExecutionListener.activateListener' -> true]], class annotated with @DirtiesContext [false] with mode [null].
14:54:43.612 [Test worker] DEBUG org.springframework.test.annotation.ProfileValueUtils - Retrieved @ProfileValueSourceConfiguration [null] for test class [co.com.ceiba.ceibaestacionamiento.CeibaEstacionamientoApplicationTests]
14:54:43.612 [Test worker] DEBUG org.springframework.test.annotation.ProfileValueUtils - Retrieved ProfileValueSource type [class org.springframework.test.annotation.SystemProfileValueSource] for class [co.com.ceiba.ceibaestacionamiento.CeibaEstacionamientoApplicationTests]
14:54:43.734 [Test worker] DEBUG org.springframework.test.context.support.TestPropertySourceUtils - Adding inlined properties to environment: {spring.jmx.enabled=false, org.springframework.boot.test.context.SpringBootTestContextBootstrapper=true, server.port=-1}

  .   ____          _            __ _ _
 /\\ / ___'_ __ _ _(_)_ __  __ _ \ \ \ \
( ( )\___ | '_ | '_| | '_ \/ _` | \ \ \ \
 \\/  ___)| |_)| | | | | || (_| |  ) ) ) )
  '  |____| .__|_| |_|_| |_\__, | / / / /
 =========|_|==============|___/=/_/_/_/
 :: Spring Boot ::        (v2.1.4.RELEASE)

2019-05-20 14:54:44.705  INFO 10536 --- [    Test worker] c.c.CeibaEstacionamientoApplicationTests : Starting CeibaEstacionamientoApplicationTests on NANCY-YANZA with PID 10536 (started by nancy.yanza in D:\Workspace spring tool suite\Repositorio-Ceiba-Estacionamiento\repo_ceiba_estacionamiento\Ceiba-Estacionamiento)
2019-05-20 14:54:44.709  INFO 10536 --- [    Test worker] c.c.CeibaEstacionamientoApplicationTests : The following profiles are active: test
2019-05-20 14:54:46.279  INFO 10536 --- [    Test worker] .s.d.r.c.RepositoryConfigurationDelegate : Bootstrapping Spring Data repositories in DEFAULT mode.
2019-05-20 14:54:46.396  INFO 10536 --- [    Test worker] .s.d.r.c.RepositoryConfigurationDelegate : Finished Spring Data repository scanning in 98ms. Found 3 repository interfaces.
2019-05-20 14:54:47.808  INFO 10536 --- [    Test worker] trationDelegate$BeanPostProcessorChecker : Bean 'org.springframework.transaction.annotation.ProxyTransactionManagementConfiguration' of type [org.springframework.transaction.annotation.ProxyTransactionManagementConfiguration$$EnhancerBySpringCGLIB$$18e869dc] is not eligible for getting processed by all BeanPostProcessors (for example: not eligible for auto-proxying)
2019-05-20 14:54:48.218  INFO 10536 --- [    Test worker] o.hibernate.jpa.internal.util.LogHelper  : HHH000204: Processing PersistenceUnitInfo [
	name: default
	...]
2019-05-20 14:54:48.431  INFO 10536 --- [    Test worker] org.hibernate.Version                    : HHH000412: Hibernate Core {5.3.9.Final}
2019-05-20 14:54:48.436  INFO 10536 --- [    Test worker] org.hibernate.cfg.Environment            : HHH000206: hibernate.properties not found
2019-05-20 14:54:48.863  INFO 10536 --- [    Test worker] o.hibernate.annotations.common.Version   : HCANN000001: Hibernate Commons Annotations {5.0.4.Final}
2019-05-20 14:54:48.947 DEBUG 10536 --- [    Test worker] org.hibernate.type.BasicTypeRegistry     : Adding type registration boolean -> org.hibernate.type.BooleanType@6161a562
2019-05-20 14:54:48.948 DEBUG 10536 --- [    Test worker] org.hibernate.type.BasicTypeRegistry     : Adding type registration boolean -> org.hibernate.type.BooleanType@6161a562
2019-05-20 14:54:48.948 DEBUG 10536 --- [    Test worker] org.hibernate.type.BasicTypeRegistry     : Adding type registration java.lang.Boolean -> org.hibernate.type.BooleanType@6161a562
2019-05-20 14:54:48.950 DEBUG 10536 --- [    Test worker] org.hibernate.type.BasicTypeRegistry     : Adding type registration numeric_boolean -> org.hibernate.type.NumericBooleanType@53fc85f
2019-05-20 14:54:48.952 DEBUG 10536 --- [    Test worker] org.hibernate.type.BasicTypeRegistry     : Adding type registration true_false -> org.hibernate.type.TrueFalseType@3a384916
2019-05-20 14:54:48.954 DEBUG 10536 --- [    Test worker] org.hibernate.type.BasicTypeRegistry     : Adding type registration yes_no -> org.hibernate.type.YesNoType@6e14351d
2019-05-20 14:54:48.956 DEBUG 10536 --- [    Test worker] org.hibernate.type.BasicTypeRegistry     : Adding type registration byte -> org.hibernate.type.ByteType@9ef4b64
2019-05-20 14:54:48.957 DEBUG 10536 --- [    Test worker] org.hibernate.type.BasicTypeRegistry     : Adding type registration byte -> org.hibernate.type.ByteType@9ef4b64
2019-05-20 14:54:48.958 DEBUG 10536 --- [    Test worker] org.hibernate.type.BasicTypeRegistry     : Adding type registration java.lang.Byte -> org.hibernate.type.ByteType@9ef4b64
2019-05-20 14:54:48.960 DEBUG 10536 --- [    Test worker] org.hibernate.type.BasicTypeRegistry     : Adding type registration character -> org.hibernate.type.CharacterType@22c76d4a
2019-05-20 14:54:48.961 DEBUG 10536 --- [    Test worker] org.hibernate.type.BasicTypeRegistry     : Adding type registration char -> org.hibernate.type.CharacterType@22c76d4a
2019-05-20 14:54:48.961 DEBUG 10536 --- [    Test worker] org.hibernate.type.BasicTypeRegistry     : Adding type registration java.lang.Character -> org.hibernate.type.CharacterType@22c76d4a
2019-05-20 14:54:48.964 DEBUG 10536 --- [    Test worker] org.hibernate.type.BasicTypeRegistry     : Adding type registration short -> org.hibernate.type.ShortType@3148ec90
2019-05-20 14:54:48.964 DEBUG 10536 --- [    Test worker] org.hibernate.type.BasicTypeRegistry     : Adding type registration short -> org.hibernate.type.ShortType@3148ec90
2019-05-20 14:54:48.965 DEBUG 10536 --- [    Test worker] org.hibernate.type.BasicTypeRegistry     : Adding type registration java.lang.Short -> org.hibernate.type.ShortType@3148ec90
2019-05-20 14:54:48.967 DEBUG 10536 --- [    Test worker] org.hibernate.type.BasicTypeRegistry     : Adding type registration integer -> org.hibernate.type.IntegerType@72d5013f
2019-05-20 14:54:48.968 DEBUG 10536 --- [    Test worker] org.hibernate.type.BasicTypeRegistry     : Adding type registration int -> org.hibernate.type.IntegerType@72d5013f
2019-05-20 14:54:48.968 DEBUG 10536 --- [    Test worker] org.hibernate.type.BasicTypeRegistry     : Adding type registration java.lang.Integer -> org.hibernate.type.IntegerType@72d5013f
2019-05-20 14:54:48.970 DEBUG 10536 --- [    Test worker] org.hibernate.type.BasicTypeRegistry     : Adding type registration long -> org.hibernate.type.LongType@1b10956f
2019-05-20 14:54:48.971 DEBUG 10536 --- [    Test worker] org.hibernate.type.BasicTypeRegistry     : Adding type registration long -> org.hibernate.type.LongType@1b10956f
2019-05-20 14:54:48.971 DEBUG 10536 --- [    Test worker] org.hibernate.type.BasicTypeRegistry     : Adding type registration java.lang.Long -> org.hibernate.type.LongType@1b10956f
2019-05-20 14:54:48.973 DEBUG 10536 --- [    Test worker] org.hibernate.type.BasicTypeRegistry     : Adding type registration float -> org.hibernate.type.FloatType@23757513
2019-05-20 14:54:48.973 DEBUG 10536 --- [    Test worker] org.hibernate.type.BasicTypeRegistry     : Adding type registration float -> org.hibernate.type.FloatType@23757513
2019-05-20 14:54:48.974 DEBUG 10536 --- [    Test worker] org.hibernate.type.BasicTypeRegistry     : Adding type registration java.lang.Float -> org.hibernate.type.FloatType@23757513
2019-05-20 14:54:48.976 DEBUG 10536 --- [    Test worker] org.hibernate.type.BasicTypeRegistry     : Adding type registration double -> org.hibernate.type.DoubleType@1c3eaa8b
2019-05-20 14:54:48.976 DEBUG 10536 --- [    Test worker] org.hibernate.type.BasicTypeRegistry     : Adding type registration double -> org.hibernate.type.DoubleType@1c3eaa8b
2019-05-20 14:54:48.977 DEBUG 10536 --- [    Test worker] org.hibernate.type.BasicTypeRegistry     : Adding type registration java.lang.Double -> org.hibernate.type.DoubleType@1c3eaa8b
2019-05-20 14:54:48.979 DEBUG 10536 --- [    Test worker] org.hibernate.type.BasicTypeRegistry     : Adding type registration big_decimal -> org.hibernate.type.BigDecimalType@6142a17
2019-05-20 14:54:48.980 DEBUG 10536 --- [    Test worker] org.hibernate.type.BasicTypeRegistry     : Adding type registration java.math.BigDecimal -> org.hibernate.type.BigDecimalType@6142a17
2019-05-20 14:54:48.982 DEBUG 10536 --- [    Test worker] org.hibernate.type.BasicTypeRegistry     : Adding type registration big_integer -> org.hibernate.type.BigIntegerType@5bb82fc4
2019-05-20 14:54:48.983 DEBUG 10536 --- [    Test worker] org.hibernate.type.BasicTypeRegistry     : Adding type registration java.math.BigInteger -> org.hibernate.type.BigIntegerType@5bb82fc4
2019-05-20 14:54:48.984 DEBUG 10536 --- [    Test worker] org.hibernate.type.BasicTypeRegistry     : Adding type registration string -> org.hibernate.type.StringType@685b9a3c
2019-05-20 14:54:48.985 DEBUG 10536 --- [    Test worker] org.hibernate.type.BasicTypeRegistry     : Adding type registration java.lang.String -> org.hibernate.type.StringType@685b9a3c
2019-05-20 14:54:48.986 DEBUG 10536 --- [    Test worker] org.hibernate.type.BasicTypeRegistry     : Adding type registration nstring -> org.hibernate.type.StringNVarcharType@648fdad0
2019-05-20 14:54:48.988 DEBUG 10536 --- [    Test worker] org.hibernate.type.BasicTypeRegistry     : Adding type registration ncharacter -> org.hibernate.type.CharacterNCharType@25a47359
2019-05-20 14:54:48.990 DEBUG 10536 --- [    Test worker] org.hibernate.type.BasicTypeRegistry     : Adding type registration url -> org.hibernate.type.UrlType@5489801a
2019-05-20 14:54:48.990 DEBUG 10536 --- [    Test worker] org.hibernate.type.BasicTypeRegistry     : Adding type registration java.net.URL -> org.hibernate.type.UrlType@5489801a
2019-05-20 14:54:48.992 DEBUG 10536 --- [    Test worker] org.hibernate.type.BasicTypeRegistry     : Adding type registration Duration -> org.hibernate.type.DurationType@2d58d266
2019-05-20 14:54:48.992 DEBUG 10536 --- [    Test worker] org.hibernate.type.BasicTypeRegistry     : Adding type registration java.time.Duration -> org.hibernate.type.DurationType@2d58d266
2019-05-20 14:54:48.994 DEBUG 10536 --- [    Test worker] org.hibernate.type.BasicTypeRegistry     : Adding type registration Instant -> org.hibernate.type.InstantType@3c0cca09
2019-05-20 14:54:48.994 DEBUG 10536 --- [    Test worker] org.hibernate.type.BasicTypeRegistry     : Adding type registration java.time.Instant -> org.hibernate.type.InstantType@3c0cca09
2019-05-20 14:54:48.997 DEBUG 10536 --- [    Test worker] org.hibernate.type.BasicTypeRegistry     : Adding type registration LocalDateTime -> org.hibernate.type.LocalDateTimeType@cca1350
2019-05-20 14:54:48.997 DEBUG 10536 --- [    Test worker] org.hibernate.type.BasicTypeRegistry     : Adding type registration java.time.LocalDateTime -> org.hibernate.type.LocalDateTimeType@cca1350
2019-05-20 14:54:49.000 DEBUG 10536 --- [    Test worker] org.hibernate.type.BasicTypeRegistry     : Adding type registration LocalDate -> org.hibernate.type.LocalDateType@53e864e9
2019-05-20 14:54:49.001 DEBUG 10536 --- [    Test worker] org.hibernate.type.BasicTypeRegistry     : Adding type registration java.time.LocalDate -> org.hibernate.type.LocalDateType@53e864e9
2019-05-20 14:54:49.003 DEBUG 10536 --- [    Test worker] org.hibernate.type.BasicTypeRegistry     : Adding type registration LocalTime -> org.hibernate.type.LocalTimeType@8713672
2019-05-20 14:54:49.004 DEBUG 10536 --- [    Test worker] org.hibernate.type.BasicTypeRegistry     : Adding type registration java.time.LocalTime -> org.hibernate.type.LocalTimeType@8713672
2019-05-20 14:54:49.005 DEBUG 10536 --- [    Test worker] org.hibernate.type.BasicTypeRegistry     : Adding type registration OffsetDateTime -> org.hibernate.type.OffsetDateTimeType@4b3ba63c
2019-05-20 14:54:49.006 DEBUG 10536 --- [    Test worker] org.hibernate.type.BasicTypeRegistry     : Adding type registration java.time.OffsetDateTime -> org.hibernate.type.OffsetDateTimeType@4b3ba63c
2019-05-20 14:54:49.007 DEBUG 10536 --- [    Test worker] org.hibernate.type.BasicTypeRegistry     : Adding type registration OffsetTime -> org.hibernate.type.OffsetTimeType@3c594d61
2019-05-20 14:54:49.008 DEBUG 10536 --- [    Test worker] org.hibernate.type.BasicTypeRegistry     : Adding type registration java.time.OffsetTime -> org.hibernate.type.OffsetTimeType@3c594d61
2019-05-20 14:54:49.012 DEBUG 10536 --- [    Test worker] org.hibernate.type.BasicTypeRegistry     : Adding type registration ZonedDateTime -> org.hibernate.type.ZonedDateTimeType@4b7d225a
2019-05-20 14:54:49.012 DEBUG 10536 --- [    Test worker] org.hibernate.type.BasicTypeRegistry     : Adding type registration java.time.ZonedDateTime -> org.hibernate.type.ZonedDateTimeType@4b7d225a
2019-05-20 14:54:49.015 DEBUG 10536 --- [    Test worker] org.hibernate.type.BasicTypeRegistry     : Adding type registration date -> org.hibernate.type.DateType@273c5615
2019-05-20 14:54:49.015 DEBUG 10536 --- [    Test worker] org.hibernate.type.BasicTypeRegistry     : Adding type registration java.sql.Date -> org.hibernate.type.DateType@273c5615
2019-05-20 14:54:49.016 DEBUG 10536 --- [    Test worker] org.hibernate.type.BasicTypeRegistry     : Adding type registration time -> org.hibernate.type.TimeType@fe03f54
2019-05-20 14:54:49.017 DEBUG 10536 --- [    Test worker] org.hibernate.type.BasicTypeRegistry     : Adding type registration java.sql.Time -> org.hibernate.type.TimeType@fe03f54
2019-05-20 14:54:49.019 DEBUG 10536 --- [    Test worker] org.hibernate.type.BasicTypeRegistry     : Adding type registration timestamp -> org.hibernate.type.TimestampType@5bc51916
2019-05-20 14:54:49.019 DEBUG 10536 --- [    Test worker] org.hibernate.type.BasicTypeRegistry     : Adding type registration java.sql.Timestamp -> org.hibernate.type.TimestampType@5bc51916
2019-05-20 14:54:49.019 DEBUG 10536 --- [    Test worker] org.hibernate.type.BasicTypeRegistry     : Adding type registration java.util.Date -> org.hibernate.type.TimestampType@5bc51916
2019-05-20 14:54:49.021 DEBUG 10536 --- [    Test worker] org.hibernate.type.BasicTypeRegistry     : Adding type registration dbtimestamp -> org.hibernate.type.DbTimestampType@5d52ca94
2019-05-20 14:54:49.023 DEBUG 10536 --- [    Test worker] org.hibernate.type.BasicTypeRegistry     : Adding type registration calendar -> org.hibernate.type.CalendarType@f31e008
2019-05-20 14:54:49.023 DEBUG 10536 --- [    Test worker] org.hibernate.type.BasicTypeRegistry     : Adding type registration java.util.Calendar -> org.hibernate.type.CalendarType@f31e008
2019-05-20 14:54:49.023 DEBUG 10536 --- [    Test worker] org.hibernate.type.BasicTypeRegistry     : Adding type registration java.util.GregorianCalendar -> org.hibernate.type.CalendarType@f31e008
2019-05-20 14:54:49.024 DEBUG 10536 --- [    Test worker] org.hibernate.type.BasicTypeRegistry     : Adding type registration calendar_date -> org.hibernate.type.CalendarDateType@1491147b
2019-05-20 14:54:49.026 DEBUG 10536 --- [    Test worker] org.hibernate.type.BasicTypeRegistry     : Adding type registration locale -> org.hibernate.type.LocaleType@13dae293
2019-05-20 14:54:49.027 DEBUG 10536 --- [    Test worker] org.hibernate.type.BasicTypeRegistry     : Adding type registration java.util.Locale -> org.hibernate.type.LocaleType@13dae293
2019-05-20 14:54:49.028 DEBUG 10536 --- [    Test worker] org.hibernate.type.BasicTypeRegistry     : Adding type registration currency -> org.hibernate.type.CurrencyType@509cb3f6
2019-05-20 14:54:49.028 DEBUG 10536 --- [    Test worker] org.hibernate.type.BasicTypeRegistry     : Adding type registration java.util.Currency -> org.hibernate.type.CurrencyType@509cb3f6
2019-05-20 14:54:49.030 DEBUG 10536 --- [    Test worker] org.hibernate.type.BasicTypeRegistry     : Adding type registration timezone -> org.hibernate.type.TimeZoneType@348d79b2
2019-05-20 14:54:49.031 DEBUG 10536 --- [    Test worker] org.hibernate.type.BasicTypeRegistry     : Adding type registration java.util.TimeZone -> org.hibernate.type.TimeZoneType@348d79b2
2019-05-20 14:54:49.032 DEBUG 10536 --- [    Test worker] org.hibernate.type.BasicTypeRegistry     : Adding type registration class -> org.hibernate.type.ClassType@6ae9bf9f
2019-05-20 14:54:49.032 DEBUG 10536 --- [    Test worker] org.hibernate.type.BasicTypeRegistry     : Adding type registration java.lang.Class -> org.hibernate.type.ClassType@6ae9bf9f
2019-05-20 14:54:49.033 DEBUG 10536 --- [    Test worker] org.hibernate.type.BasicTypeRegistry     : Adding type registration uuid-binary -> org.hibernate.type.UUIDBinaryType@22dd8156
2019-05-20 14:54:49.034 DEBUG 10536 --- [    Test worker] org.hibernate.type.BasicTypeRegistry     : Adding type registration java.util.UUID -> org.hibernate.type.UUIDBinaryType@22dd8156
2019-05-20 14:54:49.034 DEBUG 10536 --- [    Test worker] org.hibernate.type.BasicTypeRegistry     : Adding type registration uuid-char -> org.hibernate.type.UUIDCharType@6206dca1
2019-05-20 14:54:49.036 DEBUG 10536 --- [    Test worker] org.hibernate.type.BasicTypeRegistry     : Adding type registration binary -> org.hibernate.type.BinaryType@167ea8db
2019-05-20 14:54:49.036 DEBUG 10536 --- [    Test worker] org.hibernate.type.BasicTypeRegistry     : Adding type registration byte[] -> org.hibernate.type.BinaryType@167ea8db
2019-05-20 14:54:49.036 DEBUG 10536 --- [    Test worker] org.hibernate.type.BasicTypeRegistry     : Adding type registration [B -> org.hibernate.type.BinaryType@167ea8db
2019-05-20 14:54:49.038 DEBUG 10536 --- [    Test worker] org.hibernate.type.BasicTypeRegistry     : Adding type registration wrapper-binary -> org.hibernate.type.WrapperBinaryType@300ab38f
2019-05-20 14:54:49.038 DEBUG 10536 --- [    Test worker] org.hibernate.type.BasicTypeRegistry     : Adding type registration Byte[] -> org.hibernate.type.WrapperBinaryType@300ab38f
2019-05-20 14:54:49.039 DEBUG 10536 --- [    Test worker] org.hibernate.type.BasicTypeRegistry     : Adding type registration [Ljava.lang.Byte; -> org.hibernate.type.WrapperBinaryType@300ab38f
2019-05-20 14:54:49.040 DEBUG 10536 --- [    Test worker] org.hibernate.type.BasicTypeRegistry     : Adding type registration row_version -> org.hibernate.type.RowVersionType@6a91c564
2019-05-20 14:54:49.041 DEBUG 10536 --- [    Test worker] org.hibernate.type.BasicTypeRegistry     : Adding type registration image -> org.hibernate.type.ImageType@47ce27af
2019-05-20 14:54:49.042 DEBUG 10536 --- [    Test worker] org.hibernate.type.BasicTypeRegistry     : Adding type registration characters -> org.hibernate.type.CharArrayType@6b462db6
2019-05-20 14:54:49.043 DEBUG 10536 --- [    Test worker] org.hibernate.type.BasicTypeRegistry     : Adding type registration char[] -> org.hibernate.type.CharArrayType@6b462db6
2019-05-20 14:54:49.043 DEBUG 10536 --- [    Test worker] org.hibernate.type.BasicTypeRegistry     : Adding type registration [C -> org.hibernate.type.CharArrayType@6b462db6
2019-05-20 14:54:49.045 DEBUG 10536 --- [    Test worker] org.hibernate.type.BasicTypeRegistry     : Adding type registration wrapper-characters -> org.hibernate.type.CharacterArrayType@6e2e5863
2019-05-20 14:54:49.045 DEBUG 10536 --- [    Test worker] org.hibernate.type.BasicTypeRegistry     : Adding type registration [Ljava.lang.Character; -> org.hibernate.type.CharacterArrayType@6e2e5863
2019-05-20 14:54:49.045 DEBUG 10536 --- [    Test worker] org.hibernate.type.BasicTypeRegistry     : Adding type registration Character[] -> org.hibernate.type.CharacterArrayType@6e2e5863
2019-05-20 14:54:49.046 DEBUG 10536 --- [    Test worker] org.hibernate.type.BasicTypeRegistry     : Adding type registration text -> org.hibernate.type.TextType@384994be
2019-05-20 14:54:49.047 DEBUG 10536 --- [    Test worker] org.hibernate.type.BasicTypeRegistry     : Adding type registration ntext -> org.hibernate.type.NTextType@73cd960a
2019-05-20 14:54:49.050 DEBUG 10536 --- [    Test worker] org.hibernate.type.BasicTypeRegistry     : Adding type registration blob -> org.hibernate.type.BlobType@1077ea6
2019-05-20 14:54:49.050 DEBUG 10536 --- [    Test worker] org.hibernate.type.BasicTypeRegistry     : Adding type registration java.sql.Blob -> org.hibernate.type.BlobType@1077ea6
2019-05-20 14:54:49.051 DEBUG 10536 --- [    Test worker] org.hibernate.type.BasicTypeRegistry     : Adding type registration materialized_blob -> org.hibernate.type.MaterializedBlobType@c02bc10
2019-05-20 14:54:49.053 DEBUG 10536 --- [    Test worker] org.hibernate.type.BasicTypeRegistry     : Adding type registration clob -> org.hibernate.type.ClobType@5d4a172
2019-05-20 14:54:49.053 DEBUG 10536 --- [    Test worker] org.hibernate.type.BasicTypeRegistry     : Adding type registration java.sql.Clob -> org.hibernate.type.ClobType@5d4a172
2019-05-20 14:54:49.055 DEBUG 10536 --- [    Test worker] org.hibernate.type.BasicTypeRegistry     : Adding type registration nclob -> org.hibernate.type.NClobType@49e9885f
2019-05-20 14:54:49.055 DEBUG 10536 --- [    Test worker] org.hibernate.type.BasicTypeRegistry     : Adding type registration java.sql.NClob -> org.hibernate.type.NClobType@49e9885f
2019-05-20 14:54:49.056 DEBUG 10536 --- [    Test worker] org.hibernate.type.BasicTypeRegistry     : Adding type registration materialized_clob -> org.hibernate.type.MaterializedClobType@4761647a
2019-05-20 14:54:49.057 DEBUG 10536 --- [    Test worker] org.hibernate.type.BasicTypeRegistry     : Adding type registration materialized_nclob -> org.hibernate.type.MaterializedNClobType@7ee1aef9
2019-05-20 14:54:49.059 DEBUG 10536 --- [    Test worker] org.hibernate.type.BasicTypeRegistry     : Adding type registration serializable -> org.hibernate.type.SerializableType@2bf6602b
2019-05-20 14:54:49.063 DEBUG 10536 --- [    Test worker] org.hibernate.type.BasicTypeRegistry     : Adding type registration object -> org.hibernate.type.ObjectType@7aba4d3a
2019-05-20 14:54:49.063 DEBUG 10536 --- [    Test worker] org.hibernate.type.BasicTypeRegistry     : Adding type registration java.lang.Object -> org.hibernate.type.ObjectType@7aba4d3a
2019-05-20 14:54:49.064 DEBUG 10536 --- [    Test worker] org.hibernate.type.BasicTypeRegistry     : Adding type registration imm_date -> org.hibernate.type.AdaptedImmutableType@231e38b
2019-05-20 14:54:49.064 DEBUG 10536 --- [    Test worker] org.hibernate.type.BasicTypeRegistry     : Adding type registration imm_time -> org.hibernate.type.AdaptedImmutableType@52d79410
2019-05-20 14:54:49.064 DEBUG 10536 --- [    Test worker] org.hibernate.type.BasicTypeRegistry     : Adding type registration imm_timestamp -> org.hibernate.type.AdaptedImmutableType@3b517db5
2019-05-20 14:54:49.064 DEBUG 10536 --- [    Test worker] org.hibernate.type.BasicTypeRegistry     : Adding type registration imm_dbtimestamp -> org.hibernate.type.AdaptedImmutableType@44a7f3aa
2019-05-20 14:54:49.064 DEBUG 10536 --- [    Test worker] org.hibernate.type.BasicTypeRegistry     : Adding type registration imm_calendar -> org.hibernate.type.AdaptedImmutableType@49076d0e
2019-05-20 14:54:49.064 DEBUG 10536 --- [    Test worker] org.hibernate.type.BasicTypeRegistry     : Adding type registration imm_calendar_date -> org.hibernate.type.AdaptedImmutableType@279e172a
2019-05-20 14:54:49.065 DEBUG 10536 --- [    Test worker] org.hibernate.type.BasicTypeRegistry     : Adding type registration imm_binary -> org.hibernate.type.AdaptedImmutableType@17927ab9
2019-05-20 14:54:49.065 DEBUG 10536 --- [    Test worker] org.hibernate.type.BasicTypeRegistry     : Adding type registration imm_serializable -> org.hibernate.type.AdaptedImmutableType@6cd3f142
2019-05-20 14:54:49.606  INFO 10536 --- [    Test worker] org.hibernate.dialect.Dialect            : HHH000400: Using dialect: org.hibernate.dialect.H2Dialect
2019-05-20 14:54:49.731 DEBUG 10536 --- [    Test worker] o.h.type.spi.TypeConfiguration$Scope     : Scoping TypeConfiguration [org.hibernate.type.spi.TypeConfiguration@50fd4ec0] to MetadataBuildingContext [org.hibernate.boot.internal.MetadataBuildingContextRootImpl@1b03335c]
2019-05-20 14:54:50.309 DEBUG 10536 --- [    Test worker] o.h.type.spi.TypeConfiguration$Scope     : Scoping TypeConfiguration [org.hibernate.type.spi.TypeConfiguration@50fd4ec0] to SessionFactoryImpl [org.hibernate.internal.SessionFactoryImpl@37ee95cf]
2019-05-20 14:54:50.983 DEBUG 10536 --- [    Test worker] org.hibernate.SQL                        : drop table costoestadia if exists
Hibernate: drop table costoestadia if exists
2019-05-20 14:54:50.985 DEBUG 10536 --- [    Test worker] org.hibernate.SQL                        : drop table factura if exists
Hibernate: drop table factura if exists
2019-05-20 14:54:50.985 DEBUG 10536 --- [    Test worker] org.hibernate.SQL                        : drop table movil if exists
Hibernate: drop table movil if exists
2019-05-20 14:54:50.989 DEBUG 10536 --- [    Test worker] org.hibernate.SQL                        : create table costoestadia (cos_id integer not null, cos_tiempo_estadia varchar(10), cos_tipo_movil varchar(5), cos_tipo_pago varchar(10), cos_valor double, primary key (cos_id))
Hibernate: create table costoestadia (cos_id integer not null, cos_tiempo_estadia varchar(10), cos_tipo_movil varchar(5), cos_tipo_pago varchar(10), cos_valor double, primary key (cos_id))
2019-05-20 14:54:51.001 DEBUG 10536 --- [    Test worker] org.hibernate.SQL                        : create table factura (facId integer generated by default as identity, fac_fecha_ingreso timestamp, fac_fecha_salida timestamp, fac_valor double, mov_placa varchar(10), primary key (facId))
Hibernate: create table factura (facId integer generated by default as identity, fac_fecha_ingreso timestamp, fac_fecha_salida timestamp, fac_valor double, mov_placa varchar(10), primary key (facId))
2019-05-20 14:54:51.009 DEBUG 10536 --- [    Test worker] org.hibernate.SQL                        : create table movil (mov_placa varchar(10) not null, mov_cilindraje double, mov_tipo_movil varchar(5), primary key (mov_placa))
Hibernate: create table movil (mov_placa varchar(10) not null, mov_cilindraje double, mov_tipo_movil varchar(5), primary key (mov_placa))
2019-05-20 14:54:51.016 DEBUG 10536 --- [    Test worker] org.hibernate.SQL                        : alter table factura add constraint FK3tfeok1s0c0xs7n8ssxed33aj foreign key (mov_placa) references movil
Hibernate: alter table factura add constraint FK3tfeok1s0c0xs7n8ssxed33aj foreign key (mov_placa) references movil
2019-05-20 14:54:51.032  INFO 10536 --- [    Test worker] o.h.t.schema.internal.SchemaCreatorImpl  : HHH000476: Executing import script 'org.hibernate.tool.schema.internal.exec.ScriptSourceInputNonExistentImpl@594b946'
2019-05-20 14:54:51.048 TRACE 10536 --- [    Test worker] o.h.type.spi.TypeConfiguration$Scope     : Handling #sessionFactoryCreated from [org.hibernate.internal.SessionFactoryImpl@37ee95cf] for TypeConfiguration
2019-05-20 14:54:51.050  INFO 10536 --- [    Test worker] j.LocalContainerEntityManagerFactoryBean : Initialized JPA EntityManagerFactory for persistence unit 'default'
2019-05-20 14:54:53.420  INFO 10536 --- [    Test worker] o.s.s.concurrent.ThreadPoolTaskExecutor  : Initializing ExecutorService 'applicationTaskExecutor'
2019-05-20 14:54:53.555  WARN 10536 --- [    Test worker] aWebConfiguration$JpaWebMvcConfiguration : spring.jpa.open-in-view is enabled by default. Therefore, database queries may be performed during view rendering. Explicitly configure spring.jpa.open-in-view to disable this warning
2019-05-20 14:54:54.377  INFO 10536 --- [    Test worker] c.c.CeibaEstacionamientoApplicationTests : Started CeibaEstacionamientoApplicationTests in 10.621 seconds (JVM running for 14.431)
]]></system-out>
  <system-err><![CDATA[]]></system-err>
</testsuite>
