<?xml version="1.0" encoding="UTF-8"?>
<testsuite name="co.com.ceiba.CeibaEstacionamiento.unitarias.FacturaTest" tests="12" skipped="0" failures="0" errors="0" timestamp="2019-05-15T21:51:12" hostname="NANCY-YANZA" time="0.353">
  <properties/>
  <testcase name="cobroCarroUnDiaTresHorasTest" classname="co.com.ceiba.CeibaEstacionamiento.unitarias.FacturaTest" time="0.24"/>
  <testcase name="cobroDiaCarroTest" classname="co.com.ceiba.CeibaEstacionamiento.unitarias.FacturaTest" time="0.006"/>
  <testcase name="noHayEspacioParaMotoTest" classname="co.com.ceiba.CeibaEstacionamiento.unitarias.FacturaTest" time="0.005"/>
  <testcase name="cobroMotoDiezHoras650CCTest" classname="co.com.ceiba.CeibaEstacionamiento.unitarias.FacturaTest" time="0.004"/>
  <testcase name="registroMotoExitosoTest" classname="co.com.ceiba.CeibaEstacionamiento.unitarias.FacturaTest" time="0.004"/>
  <testcase name="registroCarroExitosoTest" classname="co.com.ceiba.CeibaEstacionamiento.unitarias.FacturaTest" time="0.004"/>
  <testcase name="cobroHoraMotoTest" classname="co.com.ceiba.CeibaEstacionamiento.unitarias.FacturaTest" time="0.005"/>
  <testcase name="cobroHoraCarroTest" classname="co.com.ceiba.CeibaEstacionamiento.unitarias.FacturaTest" time="0.005"/>
  <testcase name="noHayEspacioParaCarroTest" classname="co.com.ceiba.CeibaEstacionamiento.unitarias.FacturaTest" time="0.003"/>
  <testcase name="cobroDiaMotoTest" classname="co.com.ceiba.CeibaEstacionamiento.unitarias.FacturaTest" time="0.005"/>
  <testcase name="noIngresaEnDiaPermitidoTest" classname="co.com.ceiba.CeibaEstacionamiento.unitarias.FacturaTest" time="0.063"/>
  <testcase name="cobroExtendidoMoto500Test" classname="co.com.ceiba.CeibaEstacionamiento.unitarias.FacturaTest" time="0.007"/>
  <system-out><![CDATA[2019-05-15 16:51:12.426  INFO 13164 --- [    Test worker] o.s.t.c.s.DefaultTestContextBootstrapper : Neither @ContextConfiguration nor @ContextHierarchy found for test class [co.com.ceiba.CeibaEstacionamiento.unitarias.FacturaTest], using DelegatingSmartContextLoader
2019-05-15 16:51:12.428  INFO 13164 --- [    Test worker] o.s.t.c.support.AbstractContextLoader    : Could not detect default resource locations for test class [co.com.ceiba.CeibaEstacionamiento.unitarias.FacturaTest]: no resource found for suffixes {-context.xml}.
2019-05-15 16:51:12.430  INFO 13164 --- [    Test worker] t.c.s.AnnotationConfigContextLoaderUtils : Could not detect default configuration classes for test class [co.com.ceiba.CeibaEstacionamiento.unitarias.FacturaTest]: FacturaTest does not declare any static, non-private, non-final, nested classes annotated with @Configuration.
2019-05-15 16:51:12.432  INFO 13164 --- [    Test worker] o.s.t.c.s.DefaultTestContextBootstrapper : Loaded default TestExecutionListener class names from location [META-INF/spring.factories]: [org.springframework.boot.test.autoconfigure.restdocs.RestDocsTestExecutionListener, org.springframework.boot.test.autoconfigure.web.client.MockRestServiceServerResetTestExecutionListener, org.springframework.boot.test.autoconfigure.web.servlet.MockMvcPrintOnlyOnFailureTestExecutionListener, org.springframework.boot.test.autoconfigure.web.servlet.WebDriverTestExecutionListener, org.springframework.boot.test.mock.mockito.MockitoTestExecutionListener, org.springframework.boot.test.mock.mockito.ResetMocksTestExecutionListener, org.springframework.test.context.web.ServletTestExecutionListener, org.springframework.test.context.support.DirtiesContextBeforeModesTestExecutionListener, org.springframework.test.context.support.DependencyInjectionTestExecutionListener, org.springframework.test.context.support.DirtiesContextTestExecutionListener, org.springframework.test.context.transaction.TransactionalTestExecutionListener, org.springframework.test.context.jdbc.SqlScriptsTestExecutionListener]
2019-05-15 16:51:12.432  INFO 13164 --- [    Test worker] o.s.t.c.s.DefaultTestContextBootstrapper : Using TestExecutionListeners: [org.springframework.test.context.web.ServletTestExecutionListener@2814cfdf, org.springframework.test.context.support.DirtiesContextBeforeModesTestExecutionListener@629b0fdc, org.springframework.boot.test.mock.mockito.MockitoTestExecutionListener@4be904a, org.springframework.test.context.support.DependencyInjectionTestExecutionListener@34c8aa8e, org.springframework.test.context.support.DirtiesContextTestExecutionListener@3aacf1ff, org.springframework.test.context.transaction.TransactionalTestExecutionListener@73fc99, org.springframework.test.context.jdbc.SqlScriptsTestExecutionListener@703f001d, org.springframework.boot.test.autoconfigure.restdocs.RestDocsTestExecutionListener@1d2484e, org.springframework.boot.test.autoconfigure.web.client.MockRestServiceServerResetTestExecutionListener@5cac6282, org.springframework.boot.test.autoconfigure.web.servlet.MockMvcPrintOnlyOnFailureTestExecutionListener@43a4caba, org.springframework.boot.test.autoconfigure.web.servlet.WebDriverTestExecutionListener@4b13053b, org.springframework.boot.test.mock.mockito.ResetMocksTestExecutionListener@5810a42f]
]]></system-out>
  <system-err><![CDATA[]]></system-err>
</testsuite>
