<?xml version="1.0" encoding="UTF-8"?>
<testsuite name="co.com.ceiba.ceibaestacionamiento.unitarias.FacturaTest" tests="12" skipped="0" failures="0" errors="0" timestamp="2019-05-20T22:11:18" hostname="NANCY-YANZA" time="0.415">
  <properties/>
  <testcase name="cobroCarroUnDiaTresHorasTest" classname="co.com.ceiba.ceibaestacionamiento.unitarias.FacturaTest" time="0.267"/>
  <testcase name="cobroDiaCarroTest" classname="co.com.ceiba.ceibaestacionamiento.unitarias.FacturaTest" time="0.008"/>
  <testcase name="noHayEspacioParaMotoTest" classname="co.com.ceiba.ceibaestacionamiento.unitarias.FacturaTest" time="0.007"/>
  <testcase name="cobroMotoDiezHoras650CCTest" classname="co.com.ceiba.ceibaestacionamiento.unitarias.FacturaTest" time="0.007"/>
  <testcase name="registroMotoExitosoTest" classname="co.com.ceiba.ceibaestacionamiento.unitarias.FacturaTest" time="0.005"/>
  <testcase name="registroCarroExitosoTest" classname="co.com.ceiba.ceibaestacionamiento.unitarias.FacturaTest" time="0.005"/>
  <testcase name="cobroHoraMotoTest" classname="co.com.ceiba.ceibaestacionamiento.unitarias.FacturaTest" time="0.007"/>
  <testcase name="cobroHoraCarroTest" classname="co.com.ceiba.ceibaestacionamiento.unitarias.FacturaTest" time="0.005"/>
  <testcase name="noHayEspacioParaCarroTest" classname="co.com.ceiba.ceibaestacionamiento.unitarias.FacturaTest" time="0.004"/>
  <testcase name="cobroDiaMotoTest" classname="co.com.ceiba.ceibaestacionamiento.unitarias.FacturaTest" time="0.007"/>
  <testcase name="noIngresaEnDiaPermitidoTest" classname="co.com.ceiba.ceibaestacionamiento.unitarias.FacturaTest" time="0.079"/>
  <testcase name="cobroExtendidoMoto500Test" classname="co.com.ceiba.ceibaestacionamiento.unitarias.FacturaTest" time="0.007"/>
  <system-out><![CDATA[2019-05-20 17:11:18.042  INFO 6380 --- [    Test worker] o.s.t.c.s.DefaultTestContextBootstrapper : Neither @ContextConfiguration nor @ContextHierarchy found for test class [co.com.ceiba.ceibaestacionamiento.unitarias.FacturaTest], using DelegatingSmartContextLoader
2019-05-20 17:11:18.043  INFO 6380 --- [    Test worker] o.s.t.c.support.AbstractContextLoader    : Could not detect default resource locations for test class [co.com.ceiba.ceibaestacionamiento.unitarias.FacturaTest]: no resource found for suffixes {-context.xml}.
2019-05-20 17:11:18.045  INFO 6380 --- [    Test worker] t.c.s.AnnotationConfigContextLoaderUtils : Could not detect default configuration classes for test class [co.com.ceiba.ceibaestacionamiento.unitarias.FacturaTest]: FacturaTest does not declare any static, non-private, non-final, nested classes annotated with @Configuration.
2019-05-20 17:11:18.046  INFO 6380 --- [    Test worker] o.s.t.c.s.DefaultTestContextBootstrapper : Loaded default TestExecutionListener class names from location [META-INF/spring.factories]: [org.springframework.boot.test.autoconfigure.restdocs.RestDocsTestExecutionListener, org.springframework.boot.test.autoconfigure.web.client.MockRestServiceServerResetTestExecutionListener, org.springframework.boot.test.autoconfigure.web.servlet.MockMvcPrintOnlyOnFailureTestExecutionListener, org.springframework.boot.test.autoconfigure.web.servlet.WebDriverTestExecutionListener, org.springframework.boot.test.mock.mockito.MockitoTestExecutionListener, org.springframework.boot.test.mock.mockito.ResetMocksTestExecutionListener, org.springframework.test.context.web.ServletTestExecutionListener, org.springframework.test.context.support.DirtiesContextBeforeModesTestExecutionListener, org.springframework.test.context.support.DependencyInjectionTestExecutionListener, org.springframework.test.context.support.DirtiesContextTestExecutionListener, org.springframework.test.context.transaction.TransactionalTestExecutionListener, org.springframework.test.context.jdbc.SqlScriptsTestExecutionListener]
2019-05-20 17:11:18.047  INFO 6380 --- [    Test worker] o.s.t.c.s.DefaultTestContextBootstrapper : Using TestExecutionListeners: [org.springframework.test.context.web.ServletTestExecutionListener@5dc55322, org.springframework.test.context.support.DirtiesContextBeforeModesTestExecutionListener@50d59fba, org.springframework.boot.test.mock.mockito.MockitoTestExecutionListener@694a9fe6, org.springframework.test.context.support.DependencyInjectionTestExecutionListener@2790a509, org.springframework.test.context.support.DirtiesContextTestExecutionListener@503bae9a, org.springframework.test.context.transaction.TransactionalTestExecutionListener@2cefc368, org.springframework.test.context.jdbc.SqlScriptsTestExecutionListener@1167ccbc, org.springframework.boot.test.autoconfigure.restdocs.RestDocsTestExecutionListener@33fd8b74, org.springframework.boot.test.autoconfigure.web.client.MockRestServiceServerResetTestExecutionListener@3e3facef, org.springframework.boot.test.autoconfigure.web.servlet.MockMvcPrintOnlyOnFailureTestExecutionListener@6c19dcc3, org.springframework.boot.test.autoconfigure.web.servlet.WebDriverTestExecutionListener@43b4efd0, org.springframework.boot.test.mock.mockito.ResetMocksTestExecutionListener@1c4d6af9]
]]></system-out>
  <system-err><![CDATA[]]></system-err>
</testsuite>
