<?xml version="1.0" encoding="UTF-8"?>
<testsuite name="co.com.ceiba.ceibaestacionamiento.integracion.EstacionamientoServiciosTest" tests="11" skipped="0" failures="0" errors="0" timestamp="2019-05-20T22:11:15" hostname="NANCY-YANZA" time="2.189">
  <properties/>
  <testcase name="primerRegistro10MotosExitosoTest" classname="co.com.ceiba.ceibaestacionamiento.integracion.EstacionamientoServiciosTest" time="0.318"/>
  <testcase name="primerRegistro20CarrosExitosoTest" classname="co.com.ceiba.ceibaestacionamiento.integracion.EstacionamientoServiciosTest" time="0.546"/>
  <testcase name="primerSinEspacioParaCarroTest" classname="co.com.ceiba.ceibaestacionamiento.integracion.EstacionamientoServiciosTest" time="0.009"/>
  <testcase name="primerSinEspacioParaMotoTest" classname="co.com.ceiba.ceibaestacionamiento.integracion.EstacionamientoServiciosTest" time="0.01"/>
  <testcase name="segundoEliminar10MotosTets" classname="co.com.ceiba.ceibaestacionamiento.integracion.EstacionamientoServiciosTest" time="0.638"/>
  <testcase name="segundoEliminar20CarrosTest" classname="co.com.ceiba.ceibaestacionamiento.integracion.EstacionamientoServiciosTest" time="0.626"/>
  <testcase name="segundoObtenerValorHoraCarroTest" classname="co.com.ceiba.ceibaestacionamiento.integracion.EstacionamientoServiciosTest" time="0.005"/>
  <testcase name="tercerObteneerValorMotoMayor500CCTest" classname="co.com.ceiba.ceibaestacionamiento.integracion.EstacionamientoServiciosTest" time="0.005"/>
  <testcase name="tercerObtenerValorDiaCarroTest" classname="co.com.ceiba.ceibaestacionamiento.integracion.EstacionamientoServiciosTest" time="0.005"/>
  <testcase name="tercerObtenerValorDiaMotoTest" classname="co.com.ceiba.ceibaestacionamiento.integracion.EstacionamientoServiciosTest" time="0.005"/>
  <testcase name="tercerObtenerValorHoraMotoTest" classname="co.com.ceiba.ceibaestacionamiento.integracion.EstacionamientoServiciosTest" time="0.006"/>
  <system-out><![CDATA[2019-05-20 17:11:15.832  INFO 6380 --- [    Test worker] .b.t.c.SpringBootTestContextBootstrapper : Neither @ContextConfiguration nor @ContextHierarchy found for test class [co.com.ceiba.ceibaestacionamiento.integracion.EstacionamientoServiciosTest], using SpringBootContextLoader
2019-05-20 17:11:15.833  INFO 6380 --- [    Test worker] o.s.t.c.support.AbstractContextLoader    : Could not detect default resource locations for test class [co.com.ceiba.ceibaestacionamiento.integracion.EstacionamientoServiciosTest]: no resource found for suffixes {-context.xml, Context.groovy}.
2019-05-20 17:11:15.837  INFO 6380 --- [    Test worker] .b.t.c.SpringBootTestContextBootstrapper : Loaded default TestExecutionListener class names from location [META-INF/spring.factories]: [org.springframework.boot.test.autoconfigure.restdocs.RestDocsTestExecutionListener, org.springframework.boot.test.autoconfigure.web.client.MockRestServiceServerResetTestExecutionListener, org.springframework.boot.test.autoconfigure.web.servlet.MockMvcPrintOnlyOnFailureTestExecutionListener, org.springframework.boot.test.autoconfigure.web.servlet.WebDriverTestExecutionListener, org.springframework.boot.test.mock.mockito.MockitoTestExecutionListener, org.springframework.boot.test.mock.mockito.ResetMocksTestExecutionListener, org.springframework.test.context.web.ServletTestExecutionListener, org.springframework.test.context.support.DirtiesContextBeforeModesTestExecutionListener, org.springframework.test.context.support.DependencyInjectionTestExecutionListener, org.springframework.test.context.support.DirtiesContextTestExecutionListener, org.springframework.test.context.transaction.TransactionalTestExecutionListener, org.springframework.test.context.jdbc.SqlScriptsTestExecutionListener]
2019-05-20 17:11:15.838  INFO 6380 --- [    Test worker] .b.t.c.SpringBootTestContextBootstrapper : Using TestExecutionListeners: [org.springframework.test.context.web.ServletTestExecutionListener@c8fa9f0, org.springframework.test.context.support.DirtiesContextBeforeModesTestExecutionListener@758ebfaf, org.springframework.boot.test.mock.mockito.MockitoTestExecutionListener@4faae9da, org.springframework.boot.test.autoconfigure.SpringBootDependencyInjectionTestExecutionListener@755251b6, org.springframework.test.context.support.DirtiesContextTestExecutionListener@463b6c5, org.springframework.test.context.transaction.TransactionalTestExecutionListener@4901221, org.springframework.test.context.jdbc.SqlScriptsTestExecutionListener@1ceccf50, org.springframework.boot.test.autoconfigure.restdocs.RestDocsTestExecutionListener@7bd4e29a, org.springframework.boot.test.autoconfigure.web.client.MockRestServiceServerResetTestExecutionListener@6298a6bb, org.springframework.boot.test.autoconfigure.web.servlet.MockMvcPrintOnlyOnFailureTestExecutionListener@661da1d3, org.springframework.boot.test.autoconfigure.web.servlet.WebDriverTestExecutionListener@1c71740f, org.springframework.boot.test.mock.mockito.ResetMocksTestExecutionListener@406d9529]
2019-05-20 17:11:15.848 DEBUG 6380 --- [    Test worker] org.hibernate.SQL                        : SELECT COUNT(*) FROM factura JOIN movil ON factura.mov_placa = movil.mov_placa WHERE movil.mov_tipo_movil = ? AND factura.fac_fecha_salida IS NULL
Hibernate: SELECT COUNT(*) FROM factura JOIN movil ON factura.mov_placa = movil.mov_placa WHERE movil.mov_tipo_movil = ? AND factura.fac_fecha_salida IS NULL
2019-05-20 17:11:15.849 TRACE 6380 --- [    Test worker] o.h.type.descriptor.sql.BasicBinder      : binding parameter [1] as [VARCHAR] - [MOTO]
2019-05-20 17:11:15.851 TRACE 6380 --- [    Test worker] o.h.type.descriptor.sql.BasicExtractor   : extracted value ([COUNT(*)] : [NUMERIC]) - [0]
2019-05-20 17:11:15.855 DEBUG 6380 --- [    Test worker] org.hibernate.SQL                        : SELECT COUNT(*) FROM factura WHERE mov_placa = ? AND fac_fecha_salida IS NULL
Hibernate: SELECT COUNT(*) FROM factura WHERE mov_placa = ? AND fac_fecha_salida IS NULL
2019-05-20 17:11:15.858 TRACE 6380 --- [    Test worker] o.h.type.descriptor.sql.BasicBinder      : binding parameter [1] as [VARCHAR] - [SWH-0]
2019-05-20 17:11:15.859 TRACE 6380 --- [    Test worker] o.h.type.descriptor.sql.BasicExtractor   : extracted value ([COUNT(*)] : [NUMERIC]) - [0]
2019-05-20 17:11:15.863 DEBUG 6380 --- [    Test worker] org.hibernate.SQL                        : select movilentit0_.mov_placa as mov_plac1_2_0_, movilentit0_.mov_cilindraje as mov_cili2_2_0_, movilentit0_.mov_tipo_movil as mov_tipo3_2_0_ from movil movilentit0_ where movilentit0_.mov_placa=?
Hibernate: select movilentit0_.mov_placa as mov_plac1_2_0_, movilentit0_.mov_cilindraje as mov_cili2_2_0_, movilentit0_.mov_tipo_movil as mov_tipo3_2_0_ from movil movilentit0_ where movilentit0_.mov_placa=?
2019-05-20 17:11:15.864 TRACE 6380 --- [    Test worker] o.h.type.descriptor.sql.BasicBinder      : binding parameter [1] as [VARCHAR] - [SWH-0]
2019-05-20 17:11:15.867 DEBUG 6380 --- [    Test worker] org.hibernate.SQL                        : select movilentit0_.mov_placa as mov_plac1_2_1_, movilentit0_.mov_cilindraje as mov_cili2_2_1_, movilentit0_.mov_tipo_movil as mov_tipo3_2_1_, facturasen1_.mov_placa as mov_plac5_1_3_, facturasen1_.facId as facId1_1_3_, facturasen1_.facId as facId1_1_0_, facturasen1_.fac_fecha_ingreso as fac_fech2_1_0_, facturasen1_.fac_fecha_salida as fac_fech3_1_0_, facturasen1_.fac_valor as fac_valo4_1_0_, facturasen1_.mov_placa as mov_plac5_1_0_ from movil movilentit0_ left outer join factura facturasen1_ on movilentit0_.mov_placa=facturasen1_.mov_placa where movilentit0_.mov_placa=?
Hibernate: select movilentit0_.mov_placa as mov_plac1_2_1_, movilentit0_.mov_cilindraje as mov_cili2_2_1_, movilentit0_.mov_tipo_movil as mov_tipo3_2_1_, facturasen1_.mov_placa as mov_plac5_1_3_, facturasen1_.facId as facId1_1_3_, facturasen1_.facId as facId1_1_0_, facturasen1_.fac_fecha_ingreso as fac_fech2_1_0_, facturasen1_.fac_fecha_salida as fac_fech3_1_0_, facturasen1_.fac_valor as fac_valo4_1_0_, facturasen1_.mov_placa as mov_plac5_1_0_ from movil movilentit0_ left outer join factura facturasen1_ on movilentit0_.mov_placa=facturasen1_.mov_placa where movilentit0_.mov_placa=?
2019-05-20 17:11:15.871 TRACE 6380 --- [    Test worker] o.h.type.descriptor.sql.BasicBinder      : binding parameter [1] as [VARCHAR] - [SWH-0]
2019-05-20 17:11:15.873 DEBUG 6380 --- [    Test worker] org.hibernate.SQL                        : insert into movil (mov_cilindraje, mov_tipo_movil, mov_placa) values (?, ?, ?)
Hibernate: insert into movil (mov_cilindraje, mov_tipo_movil, mov_placa) values (?, ?, ?)
2019-05-20 17:11:15.874 TRACE 6380 --- [    Test worker] o.h.type.descriptor.sql.BasicBinder      : binding parameter [1] as [DOUBLE] - [150.0]
2019-05-20 17:11:15.875 TRACE 6380 --- [    Test worker] o.h.type.descriptor.sql.BasicBinder      : binding parameter [2] as [VARCHAR] - [MOTO]
2019-05-20 17:11:15.875 TRACE 6380 --- [    Test worker] o.h.type.descriptor.sql.BasicBinder      : binding parameter [3] as [VARCHAR] - [SWH-0]
2019-05-20 17:11:15.880 DEBUG 6380 --- [    Test worker] org.hibernate.SQL                        : select movilentit_.mov_placa, movilentit_.mov_cilindraje as mov_cili2_2_, movilentit_.mov_tipo_movil as mov_tipo3_2_ from movil movilentit_ where movilentit_.mov_placa=?
Hibernate: select movilentit_.mov_placa, movilentit_.mov_cilindraje as mov_cili2_2_, movilentit_.mov_tipo_movil as mov_tipo3_2_ from movil movilentit_ where movilentit_.mov_placa=?
2019-05-20 17:11:15.882 TRACE 6380 --- [    Test worker] o.h.type.descriptor.sql.BasicBinder      : binding parameter [1] as [VARCHAR] - [SWH-0]
2019-05-20 17:11:15.883 TRACE 6380 --- [    Test worker] o.h.type.descriptor.sql.BasicExtractor   : extracted value ([mov_cili2_2_] : [DOUBLE]) - [150.0]
2019-05-20 17:11:15.883 TRACE 6380 --- [    Test worker] o.h.type.descriptor.sql.BasicExtractor   : extracted value ([mov_tipo3_2_] : [VARCHAR]) - [MOTO]
2019-05-20 17:11:15.884 DEBUG 6380 --- [    Test worker] org.hibernate.SQL                        : insert into factura (facId, fac_fecha_ingreso, fac_fecha_salida, fac_valor, mov_placa) values (null, ?, ?, ?, ?)
Hibernate: insert into factura (facId, fac_fecha_ingreso, fac_fecha_salida, fac_valor, mov_placa) values (null, ?, ?, ?, ?)
2019-05-20 17:11:15.885 TRACE 6380 --- [    Test worker] o.h.type.descriptor.sql.BasicBinder      : binding parameter [1] as [TIMESTAMP] - [Mon May 20 17:11:15 COT 2019]
2019-05-20 17:11:15.885 TRACE 6380 --- [    Test worker] o.h.type.descriptor.sql.BasicBinder      : binding parameter [2] as [TIMESTAMP] - [null]
2019-05-20 17:11:15.885 TRACE 6380 --- [    Test worker] o.h.type.descriptor.sql.BasicBinder      : binding parameter [3] as [DOUBLE] - [0.0]
2019-05-20 17:11:15.886 TRACE 6380 --- [    Test worker] o.h.type.descriptor.sql.BasicBinder      : binding parameter [4] as [VARCHAR] - [SWH-0]
2019-05-20 17:11:15.890 DEBUG 6380 --- [    Test worker] org.hibernate.SQL                        : SELECT COUNT(*) FROM factura JOIN movil ON factura.mov_placa = movil.mov_placa WHERE movil.mov_tipo_movil = ? AND factura.fac_fecha_salida IS NULL
Hibernate: SELECT COUNT(*) FROM factura JOIN movil ON factura.mov_placa = movil.mov_placa WHERE movil.mov_tipo_movil = ? AND factura.fac_fecha_salida IS NULL
2019-05-20 17:11:15.891 TRACE 6380 --- [    Test worker] o.h.type.descriptor.sql.BasicBinder      : binding parameter [1] as [VARCHAR] - [MOTO]
2019-05-20 17:11:15.893 TRACE 6380 --- [    Test worker] o.h.type.descriptor.sql.BasicExtractor   : extracted value ([COUNT(*)] : [NUMERIC]) - [1]
2019-05-20 17:11:15.895 DEBUG 6380 --- [    Test worker] org.hibernate.SQL                        : SELECT COUNT(*) FROM factura WHERE mov_placa = ? AND fac_fecha_salida IS NULL
Hibernate: SELECT COUNT(*) FROM factura WHERE mov_placa = ? AND fac_fecha_salida IS NULL
2019-05-20 17:11:15.898 TRACE 6380 --- [    Test worker] o.h.type.descriptor.sql.BasicBinder      : binding parameter [1] as [VARCHAR] - [SWH-1]
2019-05-20 17:11:15.899 TRACE 6380 --- [    Test worker] o.h.type.descriptor.sql.BasicExtractor   : extracted value ([COUNT(*)] : [NUMERIC]) - [0]
2019-05-20 17:11:15.905 DEBUG 6380 --- [    Test worker] org.hibernate.SQL                        : select movilentit0_.mov_placa as mov_plac1_2_0_, movilentit0_.mov_cilindraje as mov_cili2_2_0_, movilentit0_.mov_tipo_movil as mov_tipo3_2_0_ from movil movilentit0_ where movilentit0_.mov_placa=?
Hibernate: select movilentit0_.mov_placa as mov_plac1_2_0_, movilentit0_.mov_cilindraje as mov_cili2_2_0_, movilentit0_.mov_tipo_movil as mov_tipo3_2_0_ from movil movilentit0_ where movilentit0_.mov_placa=?
2019-05-20 17:11:15.906 TRACE 6380 --- [    Test worker] o.h.type.descriptor.sql.BasicBinder      : binding parameter [1] as [VARCHAR] - [SWH-1]
2019-05-20 17:11:15.910 DEBUG 6380 --- [    Test worker] org.hibernate.SQL                        : select movilentit0_.mov_placa as mov_plac1_2_1_, movilentit0_.mov_cilindraje as mov_cili2_2_1_, movilentit0_.mov_tipo_movil as mov_tipo3_2_1_, facturasen1_.mov_placa as mov_plac5_1_3_, facturasen1_.facId as facId1_1_3_, facturasen1_.facId as facId1_1_0_, facturasen1_.fac_fecha_ingreso as fac_fech2_1_0_, facturasen1_.fac_fecha_salida as fac_fech3_1_0_, facturasen1_.fac_valor as fac_valo4_1_0_, facturasen1_.mov_placa as mov_plac5_1_0_ from movil movilentit0_ left outer join factura facturasen1_ on movilentit0_.mov_placa=facturasen1_.mov_placa where movilentit0_.mov_placa=?
Hibernate: select movilentit0_.mov_placa as mov_plac1_2_1_, movilentit0_.mov_cilindraje as mov_cili2_2_1_, movilentit0_.mov_tipo_movil as mov_tipo3_2_1_, facturasen1_.mov_placa as mov_plac5_1_3_, facturasen1_.facId as facId1_1_3_, facturasen1_.facId as facId1_1_0_, facturasen1_.fac_fecha_ingreso as fac_fech2_1_0_, facturasen1_.fac_fecha_salida as fac_fech3_1_0_, facturasen1_.fac_valor as fac_valo4_1_0_, facturasen1_.mov_placa as mov_plac5_1_0_ from movil movilentit0_ left outer join factura facturasen1_ on movilentit0_.mov_placa=facturasen1_.mov_placa where movilentit0_.mov_placa=?
2019-05-20 17:11:15.911 TRACE 6380 --- [    Test worker] o.h.type.descriptor.sql.BasicBinder      : binding parameter [1] as [VARCHAR] - [SWH-1]
2019-05-20 17:11:15.914 DEBUG 6380 --- [    Test worker] org.hibernate.SQL                        : insert into movil (mov_cilindraje, mov_tipo_movil, mov_placa) values (?, ?, ?)
Hibernate: insert into movil (mov_cilindraje, mov_tipo_movil, mov_placa) values (?, ?, ?)
2019-05-20 17:11:15.915 TRACE 6380 --- [    Test worker] o.h.type.descriptor.sql.BasicBinder      : binding parameter [1] as [DOUBLE] - [150.0]
2019-05-20 17:11:15.915 TRACE 6380 --- [    Test worker] o.h.type.descriptor.sql.BasicBinder      : binding parameter [2] as [VARCHAR] - [MOTO]
2019-05-20 17:11:15.916 TRACE 6380 --- [    Test worker] o.h.type.descriptor.sql.BasicBinder      : binding parameter [3] as [VARCHAR] - [SWH-1]
2019-05-20 17:11:15.920 DEBUG 6380 --- [    Test worker] org.hibernate.SQL                        : select movilentit_.mov_placa, movilentit_.mov_cilindraje as mov_cili2_2_, movilentit_.mov_tipo_movil as mov_tipo3_2_ from movil movilentit_ where movilentit_.mov_placa=?
Hibernate: select movilentit_.mov_placa, movilentit_.mov_cilindraje as mov_cili2_2_, movilentit_.mov_tipo_movil as mov_tipo3_2_ from movil movilentit_ where movilentit_.mov_placa=?
2019-05-20 17:11:15.921 TRACE 6380 --- [    Test worker] o.h.type.descriptor.sql.BasicBinder      : binding parameter [1] as [VARCHAR] - [SWH-1]
2019-05-20 17:11:15.922 TRACE 6380 --- [    Test worker] o.h.type.descriptor.sql.BasicExtractor   : extracted value ([mov_cili2_2_] : [DOUBLE]) - [150.0]
2019-05-20 17:11:15.922 TRACE 6380 --- [    Test worker] o.h.type.descriptor.sql.BasicExtractor   : extracted value ([mov_tipo3_2_] : [VARCHAR]) - [MOTO]
2019-05-20 17:11:15.923 DEBUG 6380 --- [    Test worker] org.hibernate.SQL                        : insert into factura (facId, fac_fecha_ingreso, fac_fecha_salida, fac_valor, mov_placa) values (null, ?, ?, ?, ?)
Hibernate: insert into factura (facId, fac_fecha_ingreso, fac_fecha_salida, fac_valor, mov_placa) values (null, ?, ?, ?, ?)
2019-05-20 17:11:15.923 TRACE 6380 --- [    Test worker] o.h.type.descriptor.sql.BasicBinder      : binding parameter [1] as [TIMESTAMP] - [Mon May 20 17:11:15 COT 2019]
2019-05-20 17:11:15.923 TRACE 6380 --- [    Test worker] o.h.type.descriptor.sql.BasicBinder      : binding parameter [2] as [TIMESTAMP] - [null]
2019-05-20 17:11:15.924 TRACE 6380 --- [    Test worker] o.h.type.descriptor.sql.BasicBinder      : binding parameter [3] as [DOUBLE] - [0.0]
2019-05-20 17:11:15.924 TRACE 6380 --- [    Test worker] o.h.type.descriptor.sql.BasicBinder      : binding parameter [4] as [VARCHAR] - [SWH-1]
2019-05-20 17:11:15.928 DEBUG 6380 --- [    Test worker] org.hibernate.SQL                        : SELECT COUNT(*) FROM factura JOIN movil ON factura.mov_placa = movil.mov_placa WHERE movil.mov_tipo_movil = ? AND factura.fac_fecha_salida IS NULL
Hibernate: SELECT COUNT(*) FROM factura JOIN movil ON factura.mov_placa = movil.mov_placa WHERE movil.mov_tipo_movil = ? AND factura.fac_fecha_salida IS NULL
2019-05-20 17:11:15.929 TRACE 6380 --- [    Test worker] o.h.type.descriptor.sql.BasicBinder      : binding parameter [1] as [VARCHAR] - [MOTO]
2019-05-20 17:11:15.930 TRACE 6380 --- [    Test worker] o.h.type.descriptor.sql.BasicExtractor   : extracted value ([COUNT(*)] : [NUMERIC]) - [2]
2019-05-20 17:11:15.932 DEBUG 6380 --- [    Test worker] org.hibernate.SQL                        : SELECT COUNT(*) FROM factura WHERE mov_placa = ? AND fac_fecha_salida IS NULL
Hibernate: SELECT COUNT(*) FROM factura WHERE mov_placa = ? AND fac_fecha_salida IS NULL
2019-05-20 17:11:15.939 TRACE 6380 --- [    Test worker] o.h.type.descriptor.sql.BasicBinder      : binding parameter [1] as [VARCHAR] - [SWH-2]
2019-05-20 17:11:15.941 TRACE 6380 --- [    Test worker] o.h.type.descriptor.sql.BasicExtractor   : extracted value ([COUNT(*)] : [NUMERIC]) - [0]
2019-05-20 17:11:15.943 DEBUG 6380 --- [    Test worker] org.hibernate.SQL                        : select movilentit0_.mov_placa as mov_plac1_2_0_, movilentit0_.mov_cilindraje as mov_cili2_2_0_, movilentit0_.mov_tipo_movil as mov_tipo3_2_0_ from movil movilentit0_ where movilentit0_.mov_placa=?
Hibernate: select movilentit0_.mov_placa as mov_plac1_2_0_, movilentit0_.mov_cilindraje as mov_cili2_2_0_, movilentit0_.mov_tipo_movil as mov_tipo3_2_0_ from movil movilentit0_ where movilentit0_.mov_placa=?
2019-05-20 17:11:15.944 TRACE 6380 --- [    Test worker] o.h.type.descriptor.sql.BasicBinder      : binding parameter [1] as [VARCHAR] - [SWH-2]
2019-05-20 17:11:15.949 DEBUG 6380 --- [    Test worker] org.hibernate.SQL                        : select movilentit0_.mov_placa as mov_plac1_2_1_, movilentit0_.mov_cilindraje as mov_cili2_2_1_, movilentit0_.mov_tipo_movil as mov_tipo3_2_1_, facturasen1_.mov_placa as mov_plac5_1_3_, facturasen1_.facId as facId1_1_3_, facturasen1_.facId as facId1_1_0_, facturasen1_.fac_fecha_ingreso as fac_fech2_1_0_, facturasen1_.fac_fecha_salida as fac_fech3_1_0_, facturasen1_.fac_valor as fac_valo4_1_0_, facturasen1_.mov_placa as mov_plac5_1_0_ from movil movilentit0_ left outer join factura facturasen1_ on movilentit0_.mov_placa=facturasen1_.mov_placa where movilentit0_.mov_placa=?
Hibernate: select movilentit0_.mov_placa as mov_plac1_2_1_, movilentit0_.mov_cilindraje as mov_cili2_2_1_, movilentit0_.mov_tipo_movil as mov_tipo3_2_1_, facturasen1_.mov_placa as mov_plac5_1_3_, facturasen1_.facId as facId1_1_3_, facturasen1_.facId as facId1_1_0_, facturasen1_.fac_fecha_ingreso as fac_fech2_1_0_, facturasen1_.fac_fecha_salida as fac_fech3_1_0_, facturasen1_.fac_valor as fac_valo4_1_0_, facturasen1_.mov_placa as mov_plac5_1_0_ from movil movilentit0_ left outer join factura facturasen1_ on movilentit0_.mov_placa=facturasen1_.mov_placa where movilentit0_.mov_placa=?
2019-05-20 17:11:15.950 TRACE 6380 --- [    Test worker] o.h.type.descriptor.sql.BasicBinder      : binding parameter [1] as [VARCHAR] - [SWH-2]
2019-05-20 17:11:15.952 DEBUG 6380 --- [    Test worker] org.hibernate.SQL                        : insert into movil (mov_cilindraje, mov_tipo_movil, mov_placa) values (?, ?, ?)
Hibernate: insert into movil (mov_cilindraje, mov_tipo_movil, mov_placa) values (?, ?, ?)
2019-05-20 17:11:15.953 TRACE 6380 --- [    Test worker] o.h.type.descriptor.sql.BasicBinder      : binding parameter [1] as [DOUBLE] - [150.0]
2019-05-20 17:11:15.953 TRACE 6380 --- [    Test worker] o.h.type.descriptor.sql.BasicBinder      : binding parameter [2] as [VARCHAR] - [MOTO]
2019-05-20 17:11:15.953 TRACE 6380 --- [    Test worker] o.h.type.descriptor.sql.BasicBinder      : binding parameter [3] as [VARCHAR] - [SWH-2]
2019-05-20 17:11:15.956 DEBUG 6380 --- [    Test worker] org.hibernate.SQL                        : select movilentit_.mov_placa, movilentit_.mov_cilindraje as mov_cili2_2_, movilentit_.mov_tipo_movil as mov_tipo3_2_ from movil movilentit_ where movilentit_.mov_placa=?
Hibernate: select movilentit_.mov_placa, movilentit_.mov_cilindraje as mov_cili2_2_, movilentit_.mov_tipo_movil as mov_tipo3_2_ from movil movilentit_ where movilentit_.mov_placa=?
2019-05-20 17:11:15.956 TRACE 6380 --- [    Test worker] o.h.type.descriptor.sql.BasicBinder      : binding parameter [1] as [VARCHAR] - [SWH-2]
2019-05-20 17:11:15.957 TRACE 6380 --- [    Test worker] o.h.type.descriptor.sql.BasicExtractor   : extracted value ([mov_cili2_2_] : [DOUBLE]) - [150.0]
2019-05-20 17:11:15.958 TRACE 6380 --- [    Test worker] o.h.type.descriptor.sql.BasicExtractor   : extracted value ([mov_tipo3_2_] : [VARCHAR]) - [MOTO]
2019-05-20 17:11:15.960 DEBUG 6380 --- [    Test worker] org.hibernate.SQL                        : insert into factura (facId, fac_fecha_ingreso, fac_fecha_salida, fac_valor, mov_placa) values (null, ?, ?, ?, ?)
Hibernate: insert into factura (facId, fac_fecha_ingreso, fac_fecha_salida, fac_valor, mov_placa) values (null, ?, ?, ?, ?)
2019-05-20 17:11:15.960 TRACE 6380 --- [    Test worker] o.h.type.descriptor.sql.BasicBinder      : binding parameter [1] as [TIMESTAMP] - [Mon May 20 17:11:15 COT 2019]
2019-05-20 17:11:15.960 TRACE 6380 --- [    Test worker] o.h.type.descriptor.sql.BasicBinder      : binding parameter [2] as [TIMESTAMP] - [null]
2019-05-20 17:11:15.960 TRACE 6380 --- [    Test worker] o.h.type.descriptor.sql.BasicBinder      : binding parameter [3] as [DOUBLE] - [0.0]
2019-05-20 17:11:15.960 TRACE 6380 --- [    Test worker] o.h.type.descriptor.sql.BasicBinder      : binding parameter [4] as [VARCHAR] - [SWH-2]
2019-05-20 17:11:15.963 DEBUG 6380 --- [    Test worker] org.hibernate.SQL                        : SELECT COUNT(*) FROM factura JOIN movil ON factura.mov_placa = movil.mov_placa WHERE movil.mov_tipo_movil = ? AND factura.fac_fecha_salida IS NULL
Hibernate: SELECT COUNT(*) FROM factura JOIN movil ON factura.mov_placa = movil.mov_placa WHERE movil.mov_tipo_movil = ? AND factura.fac_fecha_salida IS NULL
2019-05-20 17:11:15.964 TRACE 6380 --- [    Test worker] o.h.type.descriptor.sql.BasicBinder      : binding parameter [1] as [VARCHAR] - [MOTO]
2019-05-20 17:11:15.965 TRACE 6380 --- [    Test worker] o.h.type.descriptor.sql.BasicExtractor   : extracted value ([COUNT(*)] : [NUMERIC]) - [3]
2019-05-20 17:11:15.967 DEBUG 6380 --- [    Test worker] org.hibernate.SQL                        : SELECT COUNT(*) FROM factura WHERE mov_placa = ? AND fac_fecha_salida IS NULL
Hibernate: SELECT COUNT(*) FROM factura WHERE mov_placa = ? AND fac_fecha_salida IS NULL
2019-05-20 17:11:15.968 TRACE 6380 --- [    Test worker] o.h.type.descriptor.sql.BasicBinder      : binding parameter [1] as [VARCHAR] - [SWH-3]
2019-05-20 17:11:15.969 TRACE 6380 --- [    Test worker] o.h.type.descriptor.sql.BasicExtractor   : extracted value ([COUNT(*)] : [NUMERIC]) - [0]
2019-05-20 17:11:15.971 DEBUG 6380 --- [    Test worker] org.hibernate.SQL                        : select movilentit0_.mov_placa as mov_plac1_2_0_, movilentit0_.mov_cilindraje as mov_cili2_2_0_, movilentit0_.mov_tipo_movil as mov_tipo3_2_0_ from movil movilentit0_ where movilentit0_.mov_placa=?
Hibernate: select movilentit0_.mov_placa as mov_plac1_2_0_, movilentit0_.mov_cilindraje as mov_cili2_2_0_, movilentit0_.mov_tipo_movil as mov_tipo3_2_0_ from movil movilentit0_ where movilentit0_.mov_placa=?
2019-05-20 17:11:15.972 TRACE 6380 --- [    Test worker] o.h.type.descriptor.sql.BasicBinder      : binding parameter [1] as [VARCHAR] - [SWH-3]
2019-05-20 17:11:15.975 DEBUG 6380 --- [    Test worker] org.hibernate.SQL                        : select movilentit0_.mov_placa as mov_plac1_2_1_, movilentit0_.mov_cilindraje as mov_cili2_2_1_, movilentit0_.mov_tipo_movil as mov_tipo3_2_1_, facturasen1_.mov_placa as mov_plac5_1_3_, facturasen1_.facId as facId1_1_3_, facturasen1_.facId as facId1_1_0_, facturasen1_.fac_fecha_ingreso as fac_fech2_1_0_, facturasen1_.fac_fecha_salida as fac_fech3_1_0_, facturasen1_.fac_valor as fac_valo4_1_0_, facturasen1_.mov_placa as mov_plac5_1_0_ from movil movilentit0_ left outer join factura facturasen1_ on movilentit0_.mov_placa=facturasen1_.mov_placa where movilentit0_.mov_placa=?
Hibernate: select movilentit0_.mov_placa as mov_plac1_2_1_, movilentit0_.mov_cilindraje as mov_cili2_2_1_, movilentit0_.mov_tipo_movil as mov_tipo3_2_1_, facturasen1_.mov_placa as mov_plac5_1_3_, facturasen1_.facId as facId1_1_3_, facturasen1_.facId as facId1_1_0_, facturasen1_.fac_fecha_ingreso as fac_fech2_1_0_, facturasen1_.fac_fecha_salida as fac_fech3_1_0_, facturasen1_.fac_valor as fac_valo4_1_0_, facturasen1_.mov_placa as mov_plac5_1_0_ from movil movilentit0_ left outer join factura facturasen1_ on movilentit0_.mov_placa=facturasen1_.mov_placa where movilentit0_.mov_placa=?
2019-05-20 17:11:15.976 TRACE 6380 --- [    Test worker] o.h.type.descriptor.sql.BasicBinder      : binding parameter [1] as [VARCHAR] - [SWH-3]
2019-05-20 17:11:15.978 DEBUG 6380 --- [    Test worker] org.hibernate.SQL                        : insert into movil (mov_cilindraje, mov_tipo_movil, mov_placa) values (?, ?, ?)
Hibernate: insert into movil (mov_cilindraje, mov_tipo_movil, mov_placa) values (?, ?, ?)
2019-05-20 17:11:15.979 TRACE 6380 --- [    Test worker] o.h.type.descriptor.sql.BasicBinder      : binding parameter [1] as [DOUBLE] - [150.0]
2019-05-20 17:11:15.979 TRACE 6380 --- [    Test worker] o.h.type.descriptor.sql.BasicBinder      : binding parameter [2] as [VARCHAR] - [MOTO]
2019-05-20 17:11:15.979 TRACE 6380 --- [    Test worker] o.h.type.descriptor.sql.BasicBinder      : binding parameter [3] as [VARCHAR] - [SWH-3]
2019-05-20 17:11:15.981 DEBUG 6380 --- [    Test worker] org.hibernate.SQL                        : select movilentit_.mov_placa, movilentit_.mov_cilindraje as mov_cili2_2_, movilentit_.mov_tipo_movil as mov_tipo3_2_ from movil movilentit_ where movilentit_.mov_placa=?
Hibernate: select movilentit_.mov_placa, movilentit_.mov_cilindraje as mov_cili2_2_, movilentit_.mov_tipo_movil as mov_tipo3_2_ from movil movilentit_ where movilentit_.mov_placa=?
2019-05-20 17:11:15.982 TRACE 6380 --- [    Test worker] o.h.type.descriptor.sql.BasicBinder      : binding parameter [1] as [VARCHAR] - [SWH-3]
2019-05-20 17:11:15.982 TRACE 6380 --- [    Test worker] o.h.type.descriptor.sql.BasicExtractor   : extracted value ([mov_cili2_2_] : [DOUBLE]) - [150.0]
2019-05-20 17:11:15.983 TRACE 6380 --- [    Test worker] o.h.type.descriptor.sql.BasicExtractor   : extracted value ([mov_tipo3_2_] : [VARCHAR]) - [MOTO]
2019-05-20 17:11:15.983 DEBUG 6380 --- [    Test worker] org.hibernate.SQL                        : insert into factura (facId, fac_fecha_ingreso, fac_fecha_salida, fac_valor, mov_placa) values (null, ?, ?, ?, ?)
Hibernate: insert into factura (facId, fac_fecha_ingreso, fac_fecha_salida, fac_valor, mov_placa) values (null, ?, ?, ?, ?)
2019-05-20 17:11:15.983 TRACE 6380 --- [    Test worker] o.h.type.descriptor.sql.BasicBinder      : binding parameter [1] as [TIMESTAMP] - [Mon May 20 17:11:15 COT 2019]
2019-05-20 17:11:15.984 TRACE 6380 --- [    Test worker] o.h.type.descriptor.sql.BasicBinder      : binding parameter [2] as [TIMESTAMP] - [null]
2019-05-20 17:11:15.984 TRACE 6380 --- [    Test worker] o.h.type.descriptor.sql.BasicBinder      : binding parameter [3] as [DOUBLE] - [0.0]
2019-05-20 17:11:15.984 TRACE 6380 --- [    Test worker] o.h.type.descriptor.sql.BasicBinder      : binding parameter [4] as [VARCHAR] - [SWH-3]
2019-05-20 17:11:15.986 DEBUG 6380 --- [    Test worker] org.hibernate.SQL                        : SELECT COUNT(*) FROM factura JOIN movil ON factura.mov_placa = movil.mov_placa WHERE movil.mov_tipo_movil = ? AND factura.fac_fecha_salida IS NULL
Hibernate: SELECT COUNT(*) FROM factura JOIN movil ON factura.mov_placa = movil.mov_placa WHERE movil.mov_tipo_movil = ? AND factura.fac_fecha_salida IS NULL
2019-05-20 17:11:15.988 TRACE 6380 --- [    Test worker] o.h.type.descriptor.sql.BasicBinder      : binding parameter [1] as [VARCHAR] - [MOTO]
2019-05-20 17:11:15.989 TRACE 6380 --- [    Test worker] o.h.type.descriptor.sql.BasicExtractor   : extracted value ([COUNT(*)] : [NUMERIC]) - [4]
2019-05-20 17:11:15.991 DEBUG 6380 --- [    Test worker] org.hibernate.SQL                        : SELECT COUNT(*) FROM factura WHERE mov_placa = ? AND fac_fecha_salida IS NULL
Hibernate: SELECT COUNT(*) FROM factura WHERE mov_placa = ? AND fac_fecha_salida IS NULL
2019-05-20 17:11:15.992 TRACE 6380 --- [    Test worker] o.h.type.descriptor.sql.BasicBinder      : binding parameter [1] as [VARCHAR] - [SWH-4]
2019-05-20 17:11:15.992 TRACE 6380 --- [    Test worker] o.h.type.descriptor.sql.BasicExtractor   : extracted value ([COUNT(*)] : [NUMERIC]) - [0]
2019-05-20 17:11:15.995 DEBUG 6380 --- [    Test worker] org.hibernate.SQL                        : select movilentit0_.mov_placa as mov_plac1_2_0_, movilentit0_.mov_cilindraje as mov_cili2_2_0_, movilentit0_.mov_tipo_movil as mov_tipo3_2_0_ from movil movilentit0_ where movilentit0_.mov_placa=?
Hibernate: select movilentit0_.mov_placa as mov_plac1_2_0_, movilentit0_.mov_cilindraje as mov_cili2_2_0_, movilentit0_.mov_tipo_movil as mov_tipo3_2_0_ from movil movilentit0_ where movilentit0_.mov_placa=?
2019-05-20 17:11:15.995 TRACE 6380 --- [    Test worker] o.h.type.descriptor.sql.BasicBinder      : binding parameter [1] as [VARCHAR] - [SWH-4]
2019-05-20 17:11:15.998 DEBUG 6380 --- [    Test worker] org.hibernate.SQL                        : select movilentit0_.mov_placa as mov_plac1_2_1_, movilentit0_.mov_cilindraje as mov_cili2_2_1_, movilentit0_.mov_tipo_movil as mov_tipo3_2_1_, facturasen1_.mov_placa as mov_plac5_1_3_, facturasen1_.facId as facId1_1_3_, facturasen1_.facId as facId1_1_0_, facturasen1_.fac_fecha_ingreso as fac_fech2_1_0_, facturasen1_.fac_fecha_salida as fac_fech3_1_0_, facturasen1_.fac_valor as fac_valo4_1_0_, facturasen1_.mov_placa as mov_plac5_1_0_ from movil movilentit0_ left outer join factura facturasen1_ on movilentit0_.mov_placa=facturasen1_.mov_placa where movilentit0_.mov_placa=?
Hibernate: select movilentit0_.mov_placa as mov_plac1_2_1_, movilentit0_.mov_cilindraje as mov_cili2_2_1_, movilentit0_.mov_tipo_movil as mov_tipo3_2_1_, facturasen1_.mov_placa as mov_plac5_1_3_, facturasen1_.facId as facId1_1_3_, facturasen1_.facId as facId1_1_0_, facturasen1_.fac_fecha_ingreso as fac_fech2_1_0_, facturasen1_.fac_fecha_salida as fac_fech3_1_0_, facturasen1_.fac_valor as fac_valo4_1_0_, facturasen1_.mov_placa as mov_plac5_1_0_ from movil movilentit0_ left outer join factura facturasen1_ on movilentit0_.mov_placa=facturasen1_.mov_placa where movilentit0_.mov_placa=?
2019-05-20 17:11:15.999 TRACE 6380 --- [    Test worker] o.h.type.descriptor.sql.BasicBinder      : binding parameter [1] as [VARCHAR] - [SWH-4]
2019-05-20 17:11:16.000 DEBUG 6380 --- [    Test worker] org.hibernate.SQL                        : insert into movil (mov_cilindraje, mov_tipo_movil, mov_placa) values (?, ?, ?)
Hibernate: insert into movil (mov_cilindraje, mov_tipo_movil, mov_placa) values (?, ?, ?)
2019-05-20 17:11:16.001 TRACE 6380 --- [    Test worker] o.h.type.descriptor.sql.BasicBinder      : binding parameter [1] as [DOUBLE] - [150.0]
2019-05-20 17:11:16.001 TRACE 6380 --- [    Test worker] o.h.type.descriptor.sql.BasicBinder      : binding parameter [2] as [VARCHAR] - [MOTO]
2019-05-20 17:11:16.001 TRACE 6380 --- [    Test worker] o.h.type.descriptor.sql.BasicBinder      : binding parameter [3] as [VARCHAR] - [SWH-4]
2019-05-20 17:11:16.004 DEBUG 6380 --- [    Test worker] org.hibernate.SQL                        : select movilentit_.mov_placa, movilentit_.mov_cilindraje as mov_cili2_2_, movilentit_.mov_tipo_movil as mov_tipo3_2_ from movil movilentit_ where movilentit_.mov_placa=?
Hibernate: select movilentit_.mov_placa, movilentit_.mov_cilindraje as mov_cili2_2_, movilentit_.mov_tipo_movil as mov_tipo3_2_ from movil movilentit_ where movilentit_.mov_placa=?
2019-05-20 17:11:16.004 TRACE 6380 --- [    Test worker] o.h.type.descriptor.sql.BasicBinder      : binding parameter [1] as [VARCHAR] - [SWH-4]
2019-05-20 17:11:16.005 TRACE 6380 --- [    Test worker] o.h.type.descriptor.sql.BasicExtractor   : extracted value ([mov_cili2_2_] : [DOUBLE]) - [150.0]
2019-05-20 17:11:16.005 TRACE 6380 --- [    Test worker] o.h.type.descriptor.sql.BasicExtractor   : extracted value ([mov_tipo3_2_] : [VARCHAR]) - [MOTO]
2019-05-20 17:11:16.006 DEBUG 6380 --- [    Test worker] org.hibernate.SQL                        : insert into factura (facId, fac_fecha_ingreso, fac_fecha_salida, fac_valor, mov_placa) values (null, ?, ?, ?, ?)
Hibernate: insert into factura (facId, fac_fecha_ingreso, fac_fecha_salida, fac_valor, mov_placa) values (null, ?, ?, ?, ?)
2019-05-20 17:11:16.006 TRACE 6380 --- [    Test worker] o.h.type.descriptor.sql.BasicBinder      : binding parameter [1] as [TIMESTAMP] - [Mon May 20 17:11:16 COT 2019]
2019-05-20 17:11:16.007 TRACE 6380 --- [    Test worker] o.h.type.descriptor.sql.BasicBinder      : binding parameter [2] as [TIMESTAMP] - [null]
2019-05-20 17:11:16.007 TRACE 6380 --- [    Test worker] o.h.type.descriptor.sql.BasicBinder      : binding parameter [3] as [DOUBLE] - [0.0]
2019-05-20 17:11:16.007 TRACE 6380 --- [    Test worker] o.h.type.descriptor.sql.BasicBinder      : binding parameter [4] as [VARCHAR] - [SWH-4]
2019-05-20 17:11:16.011 DEBUG 6380 --- [    Test worker] org.hibernate.SQL                        : SELECT COUNT(*) FROM factura JOIN movil ON factura.mov_placa = movil.mov_placa WHERE movil.mov_tipo_movil = ? AND factura.fac_fecha_salida IS NULL
Hibernate: SELECT COUNT(*) FROM factura JOIN movil ON factura.mov_placa = movil.mov_placa WHERE movil.mov_tipo_movil = ? AND factura.fac_fecha_salida IS NULL
2019-05-20 17:11:16.012 TRACE 6380 --- [    Test worker] o.h.type.descriptor.sql.BasicBinder      : binding parameter [1] as [VARCHAR] - [MOTO]
2019-05-20 17:11:16.014 TRACE 6380 --- [    Test worker] o.h.type.descriptor.sql.BasicExtractor   : extracted value ([COUNT(*)] : [NUMERIC]) - [5]
2019-05-20 17:11:16.016 DEBUG 6380 --- [    Test worker] org.hibernate.SQL                        : SELECT COUNT(*) FROM factura WHERE mov_placa = ? AND fac_fecha_salida IS NULL
Hibernate: SELECT COUNT(*) FROM factura WHERE mov_placa = ? AND fac_fecha_salida IS NULL
2019-05-20 17:11:16.018 TRACE 6380 --- [    Test worker] o.h.type.descriptor.sql.BasicBinder      : binding parameter [1] as [VARCHAR] - [SWH-5]
2019-05-20 17:11:16.019 TRACE 6380 --- [    Test worker] o.h.type.descriptor.sql.BasicExtractor   : extracted value ([COUNT(*)] : [NUMERIC]) - [0]
2019-05-20 17:11:16.021 DEBUG 6380 --- [    Test worker] org.hibernate.SQL                        : select movilentit0_.mov_placa as mov_plac1_2_0_, movilentit0_.mov_cilindraje as mov_cili2_2_0_, movilentit0_.mov_tipo_movil as mov_tipo3_2_0_ from movil movilentit0_ where movilentit0_.mov_placa=?
Hibernate: select movilentit0_.mov_placa as mov_plac1_2_0_, movilentit0_.mov_cilindraje as mov_cili2_2_0_, movilentit0_.mov_tipo_movil as mov_tipo3_2_0_ from movil movilentit0_ where movilentit0_.mov_placa=?
2019-05-20 17:11:16.022 TRACE 6380 --- [    Test worker] o.h.type.descriptor.sql.BasicBinder      : binding parameter [1] as [VARCHAR] - [SWH-5]
2019-05-20 17:11:16.026 DEBUG 6380 --- [    Test worker] org.hibernate.SQL                        : select movilentit0_.mov_placa as mov_plac1_2_1_, movilentit0_.mov_cilindraje as mov_cili2_2_1_, movilentit0_.mov_tipo_movil as mov_tipo3_2_1_, facturasen1_.mov_placa as mov_plac5_1_3_, facturasen1_.facId as facId1_1_3_, facturasen1_.facId as facId1_1_0_, facturasen1_.fac_fecha_ingreso as fac_fech2_1_0_, facturasen1_.fac_fecha_salida as fac_fech3_1_0_, facturasen1_.fac_valor as fac_valo4_1_0_, facturasen1_.mov_placa as mov_plac5_1_0_ from movil movilentit0_ left outer join factura facturasen1_ on movilentit0_.mov_placa=facturasen1_.mov_placa where movilentit0_.mov_placa=?
Hibernate: select movilentit0_.mov_placa as mov_plac1_2_1_, movilentit0_.mov_cilindraje as mov_cili2_2_1_, movilentit0_.mov_tipo_movil as mov_tipo3_2_1_, facturasen1_.mov_placa as mov_plac5_1_3_, facturasen1_.facId as facId1_1_3_, facturasen1_.facId as facId1_1_0_, facturasen1_.fac_fecha_ingreso as fac_fech2_1_0_, facturasen1_.fac_fecha_salida as fac_fech3_1_0_, facturasen1_.fac_valor as fac_valo4_1_0_, facturasen1_.mov_placa as mov_plac5_1_0_ from movil movilentit0_ left outer join factura facturasen1_ on movilentit0_.mov_placa=facturasen1_.mov_placa where movilentit0_.mov_placa=?
2019-05-20 17:11:16.027 TRACE 6380 --- [    Test worker] o.h.type.descriptor.sql.BasicBinder      : binding parameter [1] as [VARCHAR] - [SWH-5]
2019-05-20 17:11:16.029 DEBUG 6380 --- [    Test worker] org.hibernate.SQL                        : insert into movil (mov_cilindraje, mov_tipo_movil, mov_placa) values (?, ?, ?)
Hibernate: insert into movil (mov_cilindraje, mov_tipo_movil, mov_placa) values (?, ?, ?)
2019-05-20 17:11:16.029 TRACE 6380 --- [    Test worker] o.h.type.descriptor.sql.BasicBinder      : binding parameter [1] as [DOUBLE] - [150.0]
2019-05-20 17:11:16.029 TRACE 6380 --- [    Test worker] o.h.type.descriptor.sql.BasicBinder      : binding parameter [2] as [VARCHAR] - [MOTO]
2019-05-20 17:11:16.029 TRACE 6380 --- [    Test worker] o.h.type.descriptor.sql.BasicBinder      : binding parameter [3] as [VARCHAR] - [SWH-5]
2019-05-20 17:11:16.032 DEBUG 6380 --- [    Test worker] org.hibernate.SQL                        : select movilentit_.mov_placa, movilentit_.mov_cilindraje as mov_cili2_2_, movilentit_.mov_tipo_movil as mov_tipo3_2_ from movil movilentit_ where movilentit_.mov_placa=?
Hibernate: select movilentit_.mov_placa, movilentit_.mov_cilindraje as mov_cili2_2_, movilentit_.mov_tipo_movil as mov_tipo3_2_ from movil movilentit_ where movilentit_.mov_placa=?
2019-05-20 17:11:16.032 TRACE 6380 --- [    Test worker] o.h.type.descriptor.sql.BasicBinder      : binding parameter [1] as [VARCHAR] - [SWH-5]
2019-05-20 17:11:16.033 TRACE 6380 --- [    Test worker] o.h.type.descriptor.sql.BasicExtractor   : extracted value ([mov_cili2_2_] : [DOUBLE]) - [150.0]
2019-05-20 17:11:16.033 TRACE 6380 --- [    Test worker] o.h.type.descriptor.sql.BasicExtractor   : extracted value ([mov_tipo3_2_] : [VARCHAR]) - [MOTO]
2019-05-20 17:11:16.034 DEBUG 6380 --- [    Test worker] org.hibernate.SQL                        : insert into factura (facId, fac_fecha_ingreso, fac_fecha_salida, fac_valor, mov_placa) values (null, ?, ?, ?, ?)
Hibernate: insert into factura (facId, fac_fecha_ingreso, fac_fecha_salida, fac_valor, mov_placa) values (null, ?, ?, ?, ?)
2019-05-20 17:11:16.034 TRACE 6380 --- [    Test worker] o.h.type.descriptor.sql.BasicBinder      : binding parameter [1] as [TIMESTAMP] - [Mon May 20 17:11:16 COT 2019]
2019-05-20 17:11:16.034 TRACE 6380 --- [    Test worker] o.h.type.descriptor.sql.BasicBinder      : binding parameter [2] as [TIMESTAMP] - [null]
2019-05-20 17:11:16.034 TRACE 6380 --- [    Test worker] o.h.type.descriptor.sql.BasicBinder      : binding parameter [3] as [DOUBLE] - [0.0]
2019-05-20 17:11:16.034 TRACE 6380 --- [    Test worker] o.h.type.descriptor.sql.BasicBinder      : binding parameter [4] as [VARCHAR] - [SWH-5]
2019-05-20 17:11:16.038 DEBUG 6380 --- [    Test worker] org.hibernate.SQL                        : SELECT COUNT(*) FROM factura JOIN movil ON factura.mov_placa = movil.mov_placa WHERE movil.mov_tipo_movil = ? AND factura.fac_fecha_salida IS NULL
Hibernate: SELECT COUNT(*) FROM factura JOIN movil ON factura.mov_placa = movil.mov_placa WHERE movil.mov_tipo_movil = ? AND factura.fac_fecha_salida IS NULL
2019-05-20 17:11:16.039 TRACE 6380 --- [    Test worker] o.h.type.descriptor.sql.BasicBinder      : binding parameter [1] as [VARCHAR] - [MOTO]
2019-05-20 17:11:16.040 TRACE 6380 --- [    Test worker] o.h.type.descriptor.sql.BasicExtractor   : extracted value ([COUNT(*)] : [NUMERIC]) - [6]
2019-05-20 17:11:16.042 DEBUG 6380 --- [    Test worker] org.hibernate.SQL                        : SELECT COUNT(*) FROM factura WHERE mov_placa = ? AND fac_fecha_salida IS NULL
Hibernate: SELECT COUNT(*) FROM factura WHERE mov_placa = ? AND fac_fecha_salida IS NULL
2019-05-20 17:11:16.043 TRACE 6380 --- [    Test worker] o.h.type.descriptor.sql.BasicBinder      : binding parameter [1] as [VARCHAR] - [SWH-6]
2019-05-20 17:11:16.044 TRACE 6380 --- [    Test worker] o.h.type.descriptor.sql.BasicExtractor   : extracted value ([COUNT(*)] : [NUMERIC]) - [0]
2019-05-20 17:11:16.047 DEBUG 6380 --- [    Test worker] org.hibernate.SQL                        : select movilentit0_.mov_placa as mov_plac1_2_0_, movilentit0_.mov_cilindraje as mov_cili2_2_0_, movilentit0_.mov_tipo_movil as mov_tipo3_2_0_ from movil movilentit0_ where movilentit0_.mov_placa=?
Hibernate: select movilentit0_.mov_placa as mov_plac1_2_0_, movilentit0_.mov_cilindraje as mov_cili2_2_0_, movilentit0_.mov_tipo_movil as mov_tipo3_2_0_ from movil movilentit0_ where movilentit0_.mov_placa=?
2019-05-20 17:11:16.048 TRACE 6380 --- [    Test worker] o.h.type.descriptor.sql.BasicBinder      : binding parameter [1] as [VARCHAR] - [SWH-6]
2019-05-20 17:11:16.051 DEBUG 6380 --- [    Test worker] org.hibernate.SQL                        : select movilentit0_.mov_placa as mov_plac1_2_1_, movilentit0_.mov_cilindraje as mov_cili2_2_1_, movilentit0_.mov_tipo_movil as mov_tipo3_2_1_, facturasen1_.mov_placa as mov_plac5_1_3_, facturasen1_.facId as facId1_1_3_, facturasen1_.facId as facId1_1_0_, facturasen1_.fac_fecha_ingreso as fac_fech2_1_0_, facturasen1_.fac_fecha_salida as fac_fech3_1_0_, facturasen1_.fac_valor as fac_valo4_1_0_, facturasen1_.mov_placa as mov_plac5_1_0_ from movil movilentit0_ left outer join factura facturasen1_ on movilentit0_.mov_placa=facturasen1_.mov_placa where movilentit0_.mov_placa=?
Hibernate: select movilentit0_.mov_placa as mov_plac1_2_1_, movilentit0_.mov_cilindraje as mov_cili2_2_1_, movilentit0_.mov_tipo_movil as mov_tipo3_2_1_, facturasen1_.mov_placa as mov_plac5_1_3_, facturasen1_.facId as facId1_1_3_, facturasen1_.facId as facId1_1_0_, facturasen1_.fac_fecha_ingreso as fac_fech2_1_0_, facturasen1_.fac_fecha_salida as fac_fech3_1_0_, facturasen1_.fac_valor as fac_valo4_1_0_, facturasen1_.mov_placa as mov_plac5_1_0_ from movil movilentit0_ left outer join factura facturasen1_ on movilentit0_.mov_placa=facturasen1_.mov_placa where movilentit0_.mov_placa=?
2019-05-20 17:11:16.052 TRACE 6380 --- [    Test worker] o.h.type.descriptor.sql.BasicBinder      : binding parameter [1] as [VARCHAR] - [SWH-6]
2019-05-20 17:11:16.054 DEBUG 6380 --- [    Test worker] org.hibernate.SQL                        : insert into movil (mov_cilindraje, mov_tipo_movil, mov_placa) values (?, ?, ?)
Hibernate: insert into movil (mov_cilindraje, mov_tipo_movil, mov_placa) values (?, ?, ?)
2019-05-20 17:11:16.055 TRACE 6380 --- [    Test worker] o.h.type.descriptor.sql.BasicBinder      : binding parameter [1] as [DOUBLE] - [150.0]
2019-05-20 17:11:16.055 TRACE 6380 --- [    Test worker] o.h.type.descriptor.sql.BasicBinder      : binding parameter [2] as [VARCHAR] - [MOTO]
2019-05-20 17:11:16.055 TRACE 6380 --- [    Test worker] o.h.type.descriptor.sql.BasicBinder      : binding parameter [3] as [VARCHAR] - [SWH-6]
2019-05-20 17:11:16.057 DEBUG 6380 --- [    Test worker] org.hibernate.SQL                        : select movilentit_.mov_placa, movilentit_.mov_cilindraje as mov_cili2_2_, movilentit_.mov_tipo_movil as mov_tipo3_2_ from movil movilentit_ where movilentit_.mov_placa=?
Hibernate: select movilentit_.mov_placa, movilentit_.mov_cilindraje as mov_cili2_2_, movilentit_.mov_tipo_movil as mov_tipo3_2_ from movil movilentit_ where movilentit_.mov_placa=?
2019-05-20 17:11:16.058 TRACE 6380 --- [    Test worker] o.h.type.descriptor.sql.BasicBinder      : binding parameter [1] as [VARCHAR] - [SWH-6]
2019-05-20 17:11:16.058 TRACE 6380 --- [    Test worker] o.h.type.descriptor.sql.BasicExtractor   : extracted value ([mov_cili2_2_] : [DOUBLE]) - [150.0]
2019-05-20 17:11:16.058 TRACE 6380 --- [    Test worker] o.h.type.descriptor.sql.BasicExtractor   : extracted value ([mov_tipo3_2_] : [VARCHAR]) - [MOTO]
2019-05-20 17:11:16.059 DEBUG 6380 --- [    Test worker] org.hibernate.SQL                        : insert into factura (facId, fac_fecha_ingreso, fac_fecha_salida, fac_valor, mov_placa) values (null, ?, ?, ?, ?)
Hibernate: insert into factura (facId, fac_fecha_ingreso, fac_fecha_salida, fac_valor, mov_placa) values (null, ?, ?, ?, ?)
2019-05-20 17:11:16.059 TRACE 6380 --- [    Test worker] o.h.type.descriptor.sql.BasicBinder      : binding parameter [1] as [TIMESTAMP] - [Mon May 20 17:11:16 COT 2019]
2019-05-20 17:11:16.059 TRACE 6380 --- [    Test worker] o.h.type.descriptor.sql.BasicBinder      : binding parameter [2] as [TIMESTAMP] - [null]
2019-05-20 17:11:16.060 TRACE 6380 --- [    Test worker] o.h.type.descriptor.sql.BasicBinder      : binding parameter [3] as [DOUBLE] - [0.0]
2019-05-20 17:11:16.060 TRACE 6380 --- [    Test worker] o.h.type.descriptor.sql.BasicBinder      : binding parameter [4] as [VARCHAR] - [SWH-6]
2019-05-20 17:11:16.063 DEBUG 6380 --- [    Test worker] org.hibernate.SQL                        : SELECT COUNT(*) FROM factura JOIN movil ON factura.mov_placa = movil.mov_placa WHERE movil.mov_tipo_movil = ? AND factura.fac_fecha_salida IS NULL
Hibernate: SELECT COUNT(*) FROM factura JOIN movil ON factura.mov_placa = movil.mov_placa WHERE movil.mov_tipo_movil = ? AND factura.fac_fecha_salida IS NULL
2019-05-20 17:11:16.064 TRACE 6380 --- [    Test worker] o.h.type.descriptor.sql.BasicBinder      : binding parameter [1] as [VARCHAR] - [MOTO]
2019-05-20 17:11:16.065 TRACE 6380 --- [    Test worker] o.h.type.descriptor.sql.BasicExtractor   : extracted value ([COUNT(*)] : [NUMERIC]) - [7]
2019-05-20 17:11:16.068 DEBUG 6380 --- [    Test worker] org.hibernate.SQL                        : SELECT COUNT(*) FROM factura WHERE mov_placa = ? AND fac_fecha_salida IS NULL
Hibernate: SELECT COUNT(*) FROM factura WHERE mov_placa = ? AND fac_fecha_salida IS NULL
2019-05-20 17:11:16.069 TRACE 6380 --- [    Test worker] o.h.type.descriptor.sql.BasicBinder      : binding parameter [1] as [VARCHAR] - [SWH-7]
2019-05-20 17:11:16.070 TRACE 6380 --- [    Test worker] o.h.type.descriptor.sql.BasicExtractor   : extracted value ([COUNT(*)] : [NUMERIC]) - [0]
2019-05-20 17:11:16.072 DEBUG 6380 --- [    Test worker] org.hibernate.SQL                        : select movilentit0_.mov_placa as mov_plac1_2_0_, movilentit0_.mov_cilindraje as mov_cili2_2_0_, movilentit0_.mov_tipo_movil as mov_tipo3_2_0_ from movil movilentit0_ where movilentit0_.mov_placa=?
Hibernate: select movilentit0_.mov_placa as mov_plac1_2_0_, movilentit0_.mov_cilindraje as mov_cili2_2_0_, movilentit0_.mov_tipo_movil as mov_tipo3_2_0_ from movil movilentit0_ where movilentit0_.mov_placa=?
2019-05-20 17:11:16.072 TRACE 6380 --- [    Test worker] o.h.type.descriptor.sql.BasicBinder      : binding parameter [1] as [VARCHAR] - [SWH-7]
2019-05-20 17:11:16.074 DEBUG 6380 --- [    Test worker] org.hibernate.SQL                        : select movilentit0_.mov_placa as mov_plac1_2_1_, movilentit0_.mov_cilindraje as mov_cili2_2_1_, movilentit0_.mov_tipo_movil as mov_tipo3_2_1_, facturasen1_.mov_placa as mov_plac5_1_3_, facturasen1_.facId as facId1_1_3_, facturasen1_.facId as facId1_1_0_, facturasen1_.fac_fecha_ingreso as fac_fech2_1_0_, facturasen1_.fac_fecha_salida as fac_fech3_1_0_, facturasen1_.fac_valor as fac_valo4_1_0_, facturasen1_.mov_placa as mov_plac5_1_0_ from movil movilentit0_ left outer join factura facturasen1_ on movilentit0_.mov_placa=facturasen1_.mov_placa where movilentit0_.mov_placa=?
Hibernate: select movilentit0_.mov_placa as mov_plac1_2_1_, movilentit0_.mov_cilindraje as mov_cili2_2_1_, movilentit0_.mov_tipo_movil as mov_tipo3_2_1_, facturasen1_.mov_placa as mov_plac5_1_3_, facturasen1_.facId as facId1_1_3_, facturasen1_.facId as facId1_1_0_, facturasen1_.fac_fecha_ingreso as fac_fech2_1_0_, facturasen1_.fac_fecha_salida as fac_fech3_1_0_, facturasen1_.fac_valor as fac_valo4_1_0_, facturasen1_.mov_placa as mov_plac5_1_0_ from movil movilentit0_ left outer join factura facturasen1_ on movilentit0_.mov_placa=facturasen1_.mov_placa where movilentit0_.mov_placa=?
2019-05-20 17:11:16.075 TRACE 6380 --- [    Test worker] o.h.type.descriptor.sql.BasicBinder      : binding parameter [1] as [VARCHAR] - [SWH-7]
2019-05-20 17:11:16.078 DEBUG 6380 --- [    Test worker] org.hibernate.SQL                        : insert into movil (mov_cilindraje, mov_tipo_movil, mov_placa) values (?, ?, ?)
Hibernate: insert into movil (mov_cilindraje, mov_tipo_movil, mov_placa) values (?, ?, ?)
2019-05-20 17:11:16.079 TRACE 6380 --- [    Test worker] o.h.type.descriptor.sql.BasicBinder      : binding parameter [1] as [DOUBLE] - [150.0]
2019-05-20 17:11:16.079 TRACE 6380 --- [    Test worker] o.h.type.descriptor.sql.BasicBinder      : binding parameter [2] as [VARCHAR] - [MOTO]
2019-05-20 17:11:16.079 TRACE 6380 --- [    Test worker] o.h.type.descriptor.sql.BasicBinder      : binding parameter [3] as [VARCHAR] - [SWH-7]
2019-05-20 17:11:16.081 DEBUG 6380 --- [    Test worker] org.hibernate.SQL                        : select movilentit_.mov_placa, movilentit_.mov_cilindraje as mov_cili2_2_, movilentit_.mov_tipo_movil as mov_tipo3_2_ from movil movilentit_ where movilentit_.mov_placa=?
Hibernate: select movilentit_.mov_placa, movilentit_.mov_cilindraje as mov_cili2_2_, movilentit_.mov_tipo_movil as mov_tipo3_2_ from movil movilentit_ where movilentit_.mov_placa=?
2019-05-20 17:11:16.082 TRACE 6380 --- [    Test worker] o.h.type.descriptor.sql.BasicBinder      : binding parameter [1] as [VARCHAR] - [SWH-7]
2019-05-20 17:11:16.083 TRACE 6380 --- [    Test worker] o.h.type.descriptor.sql.BasicExtractor   : extracted value ([mov_cili2_2_] : [DOUBLE]) - [150.0]
2019-05-20 17:11:16.083 TRACE 6380 --- [    Test worker] o.h.type.descriptor.sql.BasicExtractor   : extracted value ([mov_tipo3_2_] : [VARCHAR]) - [MOTO]
2019-05-20 17:11:16.084 DEBUG 6380 --- [    Test worker] org.hibernate.SQL                        : insert into factura (facId, fac_fecha_ingreso, fac_fecha_salida, fac_valor, mov_placa) values (null, ?, ?, ?, ?)
Hibernate: insert into factura (facId, fac_fecha_ingreso, fac_fecha_salida, fac_valor, mov_placa) values (null, ?, ?, ?, ?)
2019-05-20 17:11:16.085 TRACE 6380 --- [    Test worker] o.h.type.descriptor.sql.BasicBinder      : binding parameter [1] as [TIMESTAMP] - [Mon May 20 17:11:16 COT 2019]
2019-05-20 17:11:16.085 TRACE 6380 --- [    Test worker] o.h.type.descriptor.sql.BasicBinder      : binding parameter [2] as [TIMESTAMP] - [null]
2019-05-20 17:11:16.085 TRACE 6380 --- [    Test worker] o.h.type.descriptor.sql.BasicBinder      : binding parameter [3] as [DOUBLE] - [0.0]
2019-05-20 17:11:16.085 TRACE 6380 --- [    Test worker] o.h.type.descriptor.sql.BasicBinder      : binding parameter [4] as [VARCHAR] - [SWH-7]
2019-05-20 17:11:16.088 DEBUG 6380 --- [    Test worker] org.hibernate.SQL                        : SELECT COUNT(*) FROM factura JOIN movil ON factura.mov_placa = movil.mov_placa WHERE movil.mov_tipo_movil = ? AND factura.fac_fecha_salida IS NULL
Hibernate: SELECT COUNT(*) FROM factura JOIN movil ON factura.mov_placa = movil.mov_placa WHERE movil.mov_tipo_movil = ? AND factura.fac_fecha_salida IS NULL
2019-05-20 17:11:16.089 TRACE 6380 --- [    Test worker] o.h.type.descriptor.sql.BasicBinder      : binding parameter [1] as [VARCHAR] - [MOTO]
2019-05-20 17:11:16.091 TRACE 6380 --- [    Test worker] o.h.type.descriptor.sql.BasicExtractor   : extracted value ([COUNT(*)] : [NUMERIC]) - [8]
2019-05-20 17:11:16.093 DEBUG 6380 --- [    Test worker] org.hibernate.SQL                        : SELECT COUNT(*) FROM factura WHERE mov_placa = ? AND fac_fecha_salida IS NULL
Hibernate: SELECT COUNT(*) FROM factura WHERE mov_placa = ? AND fac_fecha_salida IS NULL
2019-05-20 17:11:16.098 TRACE 6380 --- [    Test worker] o.h.type.descriptor.sql.BasicBinder      : binding parameter [1] as [VARCHAR] - [SWH-8]
2019-05-20 17:11:16.100 TRACE 6380 --- [    Test worker] o.h.type.descriptor.sql.BasicExtractor   : extracted value ([COUNT(*)] : [NUMERIC]) - [0]
2019-05-20 17:11:16.103 DEBUG 6380 --- [    Test worker] org.hibernate.SQL                        : select movilentit0_.mov_placa as mov_plac1_2_0_, movilentit0_.mov_cilindraje as mov_cili2_2_0_, movilentit0_.mov_tipo_movil as mov_tipo3_2_0_ from movil movilentit0_ where movilentit0_.mov_placa=?
Hibernate: select movilentit0_.mov_placa as mov_plac1_2_0_, movilentit0_.mov_cilindraje as mov_cili2_2_0_, movilentit0_.mov_tipo_movil as mov_tipo3_2_0_ from movil movilentit0_ where movilentit0_.mov_placa=?
2019-05-20 17:11:16.104 TRACE 6380 --- [    Test worker] o.h.type.descriptor.sql.BasicBinder      : binding parameter [1] as [VARCHAR] - [SWH-8]
2019-05-20 17:11:16.107 DEBUG 6380 --- [    Test worker] org.hibernate.SQL                        : select movilentit0_.mov_placa as mov_plac1_2_1_, movilentit0_.mov_cilindraje as mov_cili2_2_1_, movilentit0_.mov_tipo_movil as mov_tipo3_2_1_, facturasen1_.mov_placa as mov_plac5_1_3_, facturasen1_.facId as facId1_1_3_, facturasen1_.facId as facId1_1_0_, facturasen1_.fac_fecha_ingreso as fac_fech2_1_0_, facturasen1_.fac_fecha_salida as fac_fech3_1_0_, facturasen1_.fac_valor as fac_valo4_1_0_, facturasen1_.mov_placa as mov_plac5_1_0_ from movil movilentit0_ left outer join factura facturasen1_ on movilentit0_.mov_placa=facturasen1_.mov_placa where movilentit0_.mov_placa=?
Hibernate: select movilentit0_.mov_placa as mov_plac1_2_1_, movilentit0_.mov_cilindraje as mov_cili2_2_1_, movilentit0_.mov_tipo_movil as mov_tipo3_2_1_, facturasen1_.mov_placa as mov_plac5_1_3_, facturasen1_.facId as facId1_1_3_, facturasen1_.facId as facId1_1_0_, facturasen1_.fac_fecha_ingreso as fac_fech2_1_0_, facturasen1_.fac_fecha_salida as fac_fech3_1_0_, facturasen1_.fac_valor as fac_valo4_1_0_, facturasen1_.mov_placa as mov_plac5_1_0_ from movil movilentit0_ left outer join factura facturasen1_ on movilentit0_.mov_placa=facturasen1_.mov_placa where movilentit0_.mov_placa=?
2019-05-20 17:11:16.109 TRACE 6380 --- [    Test worker] o.h.type.descriptor.sql.BasicBinder      : binding parameter [1] as [VARCHAR] - [SWH-8]
2019-05-20 17:11:16.111 DEBUG 6380 --- [    Test worker] org.hibernate.SQL                        : insert into movil (mov_cilindraje, mov_tipo_movil, mov_placa) values (?, ?, ?)
Hibernate: insert into movil (mov_cilindraje, mov_tipo_movil, mov_placa) values (?, ?, ?)
2019-05-20 17:11:16.111 TRACE 6380 --- [    Test worker] o.h.type.descriptor.sql.BasicBinder      : binding parameter [1] as [DOUBLE] - [150.0]
2019-05-20 17:11:16.114 TRACE 6380 --- [    Test worker] o.h.type.descriptor.sql.BasicBinder      : binding parameter [2] as [VARCHAR] - [MOTO]
2019-05-20 17:11:16.114 TRACE 6380 --- [    Test worker] o.h.type.descriptor.sql.BasicBinder      : binding parameter [3] as [VARCHAR] - [SWH-8]
2019-05-20 17:11:16.117 DEBUG 6380 --- [    Test worker] org.hibernate.SQL                        : select movilentit_.mov_placa, movilentit_.mov_cilindraje as mov_cili2_2_, movilentit_.mov_tipo_movil as mov_tipo3_2_ from movil movilentit_ where movilentit_.mov_placa=?
Hibernate: select movilentit_.mov_placa, movilentit_.mov_cilindraje as mov_cili2_2_, movilentit_.mov_tipo_movil as mov_tipo3_2_ from movil movilentit_ where movilentit_.mov_placa=?
2019-05-20 17:11:16.118 TRACE 6380 --- [    Test worker] o.h.type.descriptor.sql.BasicBinder      : binding parameter [1] as [VARCHAR] - [SWH-8]
2019-05-20 17:11:16.118 TRACE 6380 --- [    Test worker] o.h.type.descriptor.sql.BasicExtractor   : extracted value ([mov_cili2_2_] : [DOUBLE]) - [150.0]
2019-05-20 17:11:16.119 TRACE 6380 --- [    Test worker] o.h.type.descriptor.sql.BasicExtractor   : extracted value ([mov_tipo3_2_] : [VARCHAR]) - [MOTO]
2019-05-20 17:11:16.119 DEBUG 6380 --- [    Test worker] org.hibernate.SQL                        : insert into factura (facId, fac_fecha_ingreso, fac_fecha_salida, fac_valor, mov_placa) values (null, ?, ?, ?, ?)
Hibernate: insert into factura (facId, fac_fecha_ingreso, fac_fecha_salida, fac_valor, mov_placa) values (null, ?, ?, ?, ?)
2019-05-20 17:11:16.120 TRACE 6380 --- [    Test worker] o.h.type.descriptor.sql.BasicBinder      : binding parameter [1] as [TIMESTAMP] - [Mon May 20 17:11:16 COT 2019]
2019-05-20 17:11:16.120 TRACE 6380 --- [    Test worker] o.h.type.descriptor.sql.BasicBinder      : binding parameter [2] as [TIMESTAMP] - [null]
2019-05-20 17:11:16.120 TRACE 6380 --- [    Test worker] o.h.type.descriptor.sql.BasicBinder      : binding parameter [3] as [DOUBLE] - [0.0]
2019-05-20 17:11:16.120 TRACE 6380 --- [    Test worker] o.h.type.descriptor.sql.BasicBinder      : binding parameter [4] as [VARCHAR] - [SWH-8]
2019-05-20 17:11:16.123 DEBUG 6380 --- [    Test worker] org.hibernate.SQL                        : SELECT COUNT(*) FROM factura JOIN movil ON factura.mov_placa = movil.mov_placa WHERE movil.mov_tipo_movil = ? AND factura.fac_fecha_salida IS NULL
Hibernate: SELECT COUNT(*) FROM factura JOIN movil ON factura.mov_placa = movil.mov_placa WHERE movil.mov_tipo_movil = ? AND factura.fac_fecha_salida IS NULL
2019-05-20 17:11:16.124 TRACE 6380 --- [    Test worker] o.h.type.descriptor.sql.BasicBinder      : binding parameter [1] as [VARCHAR] - [MOTO]
2019-05-20 17:11:16.126 TRACE 6380 --- [    Test worker] o.h.type.descriptor.sql.BasicExtractor   : extracted value ([COUNT(*)] : [NUMERIC]) - [9]
2019-05-20 17:11:16.128 DEBUG 6380 --- [    Test worker] org.hibernate.SQL                        : SELECT COUNT(*) FROM factura WHERE mov_placa = ? AND fac_fecha_salida IS NULL
Hibernate: SELECT COUNT(*) FROM factura WHERE mov_placa = ? AND fac_fecha_salida IS NULL
2019-05-20 17:11:16.129 TRACE 6380 --- [    Test worker] o.h.type.descriptor.sql.BasicBinder      : binding parameter [1] as [VARCHAR] - [SWH-9]
2019-05-20 17:11:16.130 TRACE 6380 --- [    Test worker] o.h.type.descriptor.sql.BasicExtractor   : extracted value ([COUNT(*)] : [NUMERIC]) - [0]
2019-05-20 17:11:16.132 DEBUG 6380 --- [    Test worker] org.hibernate.SQL                        : select movilentit0_.mov_placa as mov_plac1_2_0_, movilentit0_.mov_cilindraje as mov_cili2_2_0_, movilentit0_.mov_tipo_movil as mov_tipo3_2_0_ from movil movilentit0_ where movilentit0_.mov_placa=?
Hibernate: select movilentit0_.mov_placa as mov_plac1_2_0_, movilentit0_.mov_cilindraje as mov_cili2_2_0_, movilentit0_.mov_tipo_movil as mov_tipo3_2_0_ from movil movilentit0_ where movilentit0_.mov_placa=?
2019-05-20 17:11:16.133 TRACE 6380 --- [    Test worker] o.h.type.descriptor.sql.BasicBinder      : binding parameter [1] as [VARCHAR] - [SWH-9]
2019-05-20 17:11:16.136 DEBUG 6380 --- [    Test worker] org.hibernate.SQL                        : select movilentit0_.mov_placa as mov_plac1_2_1_, movilentit0_.mov_cilindraje as mov_cili2_2_1_, movilentit0_.mov_tipo_movil as mov_tipo3_2_1_, facturasen1_.mov_placa as mov_plac5_1_3_, facturasen1_.facId as facId1_1_3_, facturasen1_.facId as facId1_1_0_, facturasen1_.fac_fecha_ingreso as fac_fech2_1_0_, facturasen1_.fac_fecha_salida as fac_fech3_1_0_, facturasen1_.fac_valor as fac_valo4_1_0_, facturasen1_.mov_placa as mov_plac5_1_0_ from movil movilentit0_ left outer join factura facturasen1_ on movilentit0_.mov_placa=facturasen1_.mov_placa where movilentit0_.mov_placa=?
Hibernate: select movilentit0_.mov_placa as mov_plac1_2_1_, movilentit0_.mov_cilindraje as mov_cili2_2_1_, movilentit0_.mov_tipo_movil as mov_tipo3_2_1_, facturasen1_.mov_placa as mov_plac5_1_3_, facturasen1_.facId as facId1_1_3_, facturasen1_.facId as facId1_1_0_, facturasen1_.fac_fecha_ingreso as fac_fech2_1_0_, facturasen1_.fac_fecha_salida as fac_fech3_1_0_, facturasen1_.fac_valor as fac_valo4_1_0_, facturasen1_.mov_placa as mov_plac5_1_0_ from movil movilentit0_ left outer join factura facturasen1_ on movilentit0_.mov_placa=facturasen1_.mov_placa where movilentit0_.mov_placa=?
2019-05-20 17:11:16.137 TRACE 6380 --- [    Test worker] o.h.type.descriptor.sql.BasicBinder      : binding parameter [1] as [VARCHAR] - [SWH-9]
2019-05-20 17:11:16.139 DEBUG 6380 --- [    Test worker] org.hibernate.SQL                        : insert into movil (mov_cilindraje, mov_tipo_movil, mov_placa) values (?, ?, ?)
Hibernate: insert into movil (mov_cilindraje, mov_tipo_movil, mov_placa) values (?, ?, ?)
2019-05-20 17:11:16.140 TRACE 6380 --- [    Test worker] o.h.type.descriptor.sql.BasicBinder      : binding parameter [1] as [DOUBLE] - [150.0]
2019-05-20 17:11:16.140 TRACE 6380 --- [    Test worker] o.h.type.descriptor.sql.BasicBinder      : binding parameter [2] as [VARCHAR] - [MOTO]
2019-05-20 17:11:16.140 TRACE 6380 --- [    Test worker] o.h.type.descriptor.sql.BasicBinder      : binding parameter [3] as [VARCHAR] - [SWH-9]
2019-05-20 17:11:16.142 DEBUG 6380 --- [    Test worker] org.hibernate.SQL                        : select movilentit_.mov_placa, movilentit_.mov_cilindraje as mov_cili2_2_, movilentit_.mov_tipo_movil as mov_tipo3_2_ from movil movilentit_ where movilentit_.mov_placa=?
Hibernate: select movilentit_.mov_placa, movilentit_.mov_cilindraje as mov_cili2_2_, movilentit_.mov_tipo_movil as mov_tipo3_2_ from movil movilentit_ where movilentit_.mov_placa=?
2019-05-20 17:11:16.142 TRACE 6380 --- [    Test worker] o.h.type.descriptor.sql.BasicBinder      : binding parameter [1] as [VARCHAR] - [SWH-9]
2019-05-20 17:11:16.143 TRACE 6380 --- [    Test worker] o.h.type.descriptor.sql.BasicExtractor   : extracted value ([mov_cili2_2_] : [DOUBLE]) - [150.0]
2019-05-20 17:11:16.143 TRACE 6380 --- [    Test worker] o.h.type.descriptor.sql.BasicExtractor   : extracted value ([mov_tipo3_2_] : [VARCHAR]) - [MOTO]
2019-05-20 17:11:16.144 DEBUG 6380 --- [    Test worker] org.hibernate.SQL                        : insert into factura (facId, fac_fecha_ingreso, fac_fecha_salida, fac_valor, mov_placa) values (null, ?, ?, ?, ?)
Hibernate: insert into factura (facId, fac_fecha_ingreso, fac_fecha_salida, fac_valor, mov_placa) values (null, ?, ?, ?, ?)
2019-05-20 17:11:16.144 TRACE 6380 --- [    Test worker] o.h.type.descriptor.sql.BasicBinder      : binding parameter [1] as [TIMESTAMP] - [Mon May 20 17:11:16 COT 2019]
2019-05-20 17:11:16.145 TRACE 6380 --- [    Test worker] o.h.type.descriptor.sql.BasicBinder      : binding parameter [2] as [TIMESTAMP] - [null]
2019-05-20 17:11:16.145 TRACE 6380 --- [    Test worker] o.h.type.descriptor.sql.BasicBinder      : binding parameter [3] as [DOUBLE] - [0.0]
2019-05-20 17:11:16.145 TRACE 6380 --- [    Test worker] o.h.type.descriptor.sql.BasicBinder      : binding parameter [4] as [VARCHAR] - [SWH-9]
2019-05-20 17:11:16.148 DEBUG 6380 --- [    Test worker] org.hibernate.SQL                        : SELECT COUNT(*) FROM factura JOIN movil ON factura.mov_placa = movil.mov_placa WHERE movil.mov_tipo_movil = ? AND factura.fac_fecha_salida IS NULL
Hibernate: SELECT COUNT(*) FROM factura JOIN movil ON factura.mov_placa = movil.mov_placa WHERE movil.mov_tipo_movil = ? AND factura.fac_fecha_salida IS NULL
2019-05-20 17:11:16.149 TRACE 6380 --- [    Test worker] o.h.type.descriptor.sql.BasicBinder      : binding parameter [1] as [VARCHAR] - [MOTO]
2019-05-20 17:11:16.155 TRACE 6380 --- [    Test worker] o.h.type.descriptor.sql.BasicExtractor   : extracted value ([COUNT(*)] : [NUMERIC]) - [10]
2019-05-20 17:11:16.165 DEBUG 6380 --- [    Test worker] org.hibernate.SQL                        : SELECT COUNT(*) FROM factura JOIN movil ON factura.mov_placa = movil.mov_placa WHERE movil.mov_tipo_movil = ? AND factura.fac_fecha_salida IS NULL
Hibernate: SELECT COUNT(*) FROM factura JOIN movil ON factura.mov_placa = movil.mov_placa WHERE movil.mov_tipo_movil = ? AND factura.fac_fecha_salida IS NULL
2019-05-20 17:11:16.167 TRACE 6380 --- [    Test worker] o.h.type.descriptor.sql.BasicBinder      : binding parameter [1] as [VARCHAR] - [CARRO]
2019-05-20 17:11:16.168 TRACE 6380 --- [    Test worker] o.h.type.descriptor.sql.BasicExtractor   : extracted value ([COUNT(*)] : [NUMERIC]) - [0]
2019-05-20 17:11:16.170 DEBUG 6380 --- [    Test worker] org.hibernate.SQL                        : SELECT COUNT(*) FROM factura WHERE mov_placa = ? AND fac_fecha_salida IS NULL
Hibernate: SELECT COUNT(*) FROM factura WHERE mov_placa = ? AND fac_fecha_salida IS NULL
2019-05-20 17:11:16.171 TRACE 6380 --- [    Test worker] o.h.type.descriptor.sql.BasicBinder      : binding parameter [1] as [VARCHAR] - [VBN-0]
2019-05-20 17:11:16.173 TRACE 6380 --- [    Test worker] o.h.type.descriptor.sql.BasicExtractor   : extracted value ([COUNT(*)] : [NUMERIC]) - [0]
2019-05-20 17:11:16.175 DEBUG 6380 --- [    Test worker] org.hibernate.SQL                        : select movilentit0_.mov_placa as mov_plac1_2_0_, movilentit0_.mov_cilindraje as mov_cili2_2_0_, movilentit0_.mov_tipo_movil as mov_tipo3_2_0_ from movil movilentit0_ where movilentit0_.mov_placa=?
Hibernate: select movilentit0_.mov_placa as mov_plac1_2_0_, movilentit0_.mov_cilindraje as mov_cili2_2_0_, movilentit0_.mov_tipo_movil as mov_tipo3_2_0_ from movil movilentit0_ where movilentit0_.mov_placa=?
2019-05-20 17:11:16.177 TRACE 6380 --- [    Test worker] o.h.type.descriptor.sql.BasicBinder      : binding parameter [1] as [VARCHAR] - [VBN-0]
2019-05-20 17:11:16.181 DEBUG 6380 --- [    Test worker] org.hibernate.SQL                        : select movilentit0_.mov_placa as mov_plac1_2_1_, movilentit0_.mov_cilindraje as mov_cili2_2_1_, movilentit0_.mov_tipo_movil as mov_tipo3_2_1_, facturasen1_.mov_placa as mov_plac5_1_3_, facturasen1_.facId as facId1_1_3_, facturasen1_.facId as facId1_1_0_, facturasen1_.fac_fecha_ingreso as fac_fech2_1_0_, facturasen1_.fac_fecha_salida as fac_fech3_1_0_, facturasen1_.fac_valor as fac_valo4_1_0_, facturasen1_.mov_placa as mov_plac5_1_0_ from movil movilentit0_ left outer join factura facturasen1_ on movilentit0_.mov_placa=facturasen1_.mov_placa where movilentit0_.mov_placa=?
Hibernate: select movilentit0_.mov_placa as mov_plac1_2_1_, movilentit0_.mov_cilindraje as mov_cili2_2_1_, movilentit0_.mov_tipo_movil as mov_tipo3_2_1_, facturasen1_.mov_placa as mov_plac5_1_3_, facturasen1_.facId as facId1_1_3_, facturasen1_.facId as facId1_1_0_, facturasen1_.fac_fecha_ingreso as fac_fech2_1_0_, facturasen1_.fac_fecha_salida as fac_fech3_1_0_, facturasen1_.fac_valor as fac_valo4_1_0_, facturasen1_.mov_placa as mov_plac5_1_0_ from movil movilentit0_ left outer join factura facturasen1_ on movilentit0_.mov_placa=facturasen1_.mov_placa where movilentit0_.mov_placa=?
2019-05-20 17:11:16.182 TRACE 6380 --- [    Test worker] o.h.type.descriptor.sql.BasicBinder      : binding parameter [1] as [VARCHAR] - [VBN-0]
2019-05-20 17:11:16.188 DEBUG 6380 --- [    Test worker] org.hibernate.SQL                        : insert into movil (mov_cilindraje, mov_tipo_movil, mov_placa) values (?, ?, ?)
Hibernate: insert into movil (mov_cilindraje, mov_tipo_movil, mov_placa) values (?, ?, ?)
2019-05-20 17:11:16.189 TRACE 6380 --- [    Test worker] o.h.type.descriptor.sql.BasicBinder      : binding parameter [1] as [DOUBLE] - [-1.0]
2019-05-20 17:11:16.189 TRACE 6380 --- [    Test worker] o.h.type.descriptor.sql.BasicBinder      : binding parameter [2] as [VARCHAR] - [CARRO]
2019-05-20 17:11:16.190 TRACE 6380 --- [    Test worker] o.h.type.descriptor.sql.BasicBinder      : binding parameter [3] as [VARCHAR] - [VBN-0]
2019-05-20 17:11:16.192 DEBUG 6380 --- [    Test worker] org.hibernate.SQL                        : select movilentit_.mov_placa, movilentit_.mov_cilindraje as mov_cili2_2_, movilentit_.mov_tipo_movil as mov_tipo3_2_ from movil movilentit_ where movilentit_.mov_placa=?
Hibernate: select movilentit_.mov_placa, movilentit_.mov_cilindraje as mov_cili2_2_, movilentit_.mov_tipo_movil as mov_tipo3_2_ from movil movilentit_ where movilentit_.mov_placa=?
2019-05-20 17:11:16.193 TRACE 6380 --- [    Test worker] o.h.type.descriptor.sql.BasicBinder      : binding parameter [1] as [VARCHAR] - [VBN-0]
2019-05-20 17:11:16.194 TRACE 6380 --- [    Test worker] o.h.type.descriptor.sql.BasicExtractor   : extracted value ([mov_cili2_2_] : [DOUBLE]) - [-1.0]
2019-05-20 17:11:16.194 TRACE 6380 --- [    Test worker] o.h.type.descriptor.sql.BasicExtractor   : extracted value ([mov_tipo3_2_] : [VARCHAR]) - [CARRO]
2019-05-20 17:11:16.195 DEBUG 6380 --- [    Test worker] org.hibernate.SQL                        : insert into factura (facId, fac_fecha_ingreso, fac_fecha_salida, fac_valor, mov_placa) values (null, ?, ?, ?, ?)
Hibernate: insert into factura (facId, fac_fecha_ingreso, fac_fecha_salida, fac_valor, mov_placa) values (null, ?, ?, ?, ?)
2019-05-20 17:11:16.197 TRACE 6380 --- [    Test worker] o.h.type.descriptor.sql.BasicBinder      : binding parameter [1] as [TIMESTAMP] - [Mon May 20 17:11:16 COT 2019]
2019-05-20 17:11:16.197 TRACE 6380 --- [    Test worker] o.h.type.descriptor.sql.BasicBinder      : binding parameter [2] as [TIMESTAMP] - [null]
2019-05-20 17:11:16.197 TRACE 6380 --- [    Test worker] o.h.type.descriptor.sql.BasicBinder      : binding parameter [3] as [DOUBLE] - [0.0]
2019-05-20 17:11:16.197 TRACE 6380 --- [    Test worker] o.h.type.descriptor.sql.BasicBinder      : binding parameter [4] as [VARCHAR] - [VBN-0]
2019-05-20 17:11:16.200 DEBUG 6380 --- [    Test worker] org.hibernate.SQL                        : SELECT COUNT(*) FROM factura JOIN movil ON factura.mov_placa = movil.mov_placa WHERE movil.mov_tipo_movil = ? AND factura.fac_fecha_salida IS NULL
Hibernate: SELECT COUNT(*) FROM factura JOIN movil ON factura.mov_placa = movil.mov_placa WHERE movil.mov_tipo_movil = ? AND factura.fac_fecha_salida IS NULL
2019-05-20 17:11:16.201 TRACE 6380 --- [    Test worker] o.h.type.descriptor.sql.BasicBinder      : binding parameter [1] as [VARCHAR] - [CARRO]
2019-05-20 17:11:16.202 TRACE 6380 --- [    Test worker] o.h.type.descriptor.sql.BasicExtractor   : extracted value ([COUNT(*)] : [NUMERIC]) - [1]
2019-05-20 17:11:16.204 DEBUG 6380 --- [    Test worker] org.hibernate.SQL                        : SELECT COUNT(*) FROM factura WHERE mov_placa = ? AND fac_fecha_salida IS NULL
Hibernate: SELECT COUNT(*) FROM factura WHERE mov_placa = ? AND fac_fecha_salida IS NULL
2019-05-20 17:11:16.205 TRACE 6380 --- [    Test worker] o.h.type.descriptor.sql.BasicBinder      : binding parameter [1] as [VARCHAR] - [VBN-1]
2019-05-20 17:11:16.206 TRACE 6380 --- [    Test worker] o.h.type.descriptor.sql.BasicExtractor   : extracted value ([COUNT(*)] : [NUMERIC]) - [0]
2019-05-20 17:11:16.209 DEBUG 6380 --- [    Test worker] org.hibernate.SQL                        : select movilentit0_.mov_placa as mov_plac1_2_0_, movilentit0_.mov_cilindraje as mov_cili2_2_0_, movilentit0_.mov_tipo_movil as mov_tipo3_2_0_ from movil movilentit0_ where movilentit0_.mov_placa=?
Hibernate: select movilentit0_.mov_placa as mov_plac1_2_0_, movilentit0_.mov_cilindraje as mov_cili2_2_0_, movilentit0_.mov_tipo_movil as mov_tipo3_2_0_ from movil movilentit0_ where movilentit0_.mov_placa=?
2019-05-20 17:11:16.209 TRACE 6380 --- [    Test worker] o.h.type.descriptor.sql.BasicBinder      : binding parameter [1] as [VARCHAR] - [VBN-1]
2019-05-20 17:11:16.213 DEBUG 6380 --- [    Test worker] org.hibernate.SQL                        : select movilentit0_.mov_placa as mov_plac1_2_1_, movilentit0_.mov_cilindraje as mov_cili2_2_1_, movilentit0_.mov_tipo_movil as mov_tipo3_2_1_, facturasen1_.mov_placa as mov_plac5_1_3_, facturasen1_.facId as facId1_1_3_, facturasen1_.facId as facId1_1_0_, facturasen1_.fac_fecha_ingreso as fac_fech2_1_0_, facturasen1_.fac_fecha_salida as fac_fech3_1_0_, facturasen1_.fac_valor as fac_valo4_1_0_, facturasen1_.mov_placa as mov_plac5_1_0_ from movil movilentit0_ left outer join factura facturasen1_ on movilentit0_.mov_placa=facturasen1_.mov_placa where movilentit0_.mov_placa=?
Hibernate: select movilentit0_.mov_placa as mov_plac1_2_1_, movilentit0_.mov_cilindraje as mov_cili2_2_1_, movilentit0_.mov_tipo_movil as mov_tipo3_2_1_, facturasen1_.mov_placa as mov_plac5_1_3_, facturasen1_.facId as facId1_1_3_, facturasen1_.facId as facId1_1_0_, facturasen1_.fac_fecha_ingreso as fac_fech2_1_0_, facturasen1_.fac_fecha_salida as fac_fech3_1_0_, facturasen1_.fac_valor as fac_valo4_1_0_, facturasen1_.mov_placa as mov_plac5_1_0_ from movil movilentit0_ left outer join factura facturasen1_ on movilentit0_.mov_placa=facturasen1_.mov_placa where movilentit0_.mov_placa=?
2019-05-20 17:11:16.214 TRACE 6380 --- [    Test worker] o.h.type.descriptor.sql.BasicBinder      : binding parameter [1] as [VARCHAR] - [VBN-1]
2019-05-20 17:11:16.219 DEBUG 6380 --- [    Test worker] org.hibernate.SQL                        : insert into movil (mov_cilindraje, mov_tipo_movil, mov_placa) values (?, ?, ?)
Hibernate: insert into movil (mov_cilindraje, mov_tipo_movil, mov_placa) values (?, ?, ?)
2019-05-20 17:11:16.220 TRACE 6380 --- [    Test worker] o.h.type.descriptor.sql.BasicBinder      : binding parameter [1] as [DOUBLE] - [-1.0]
2019-05-20 17:11:16.220 TRACE 6380 --- [    Test worker] o.h.type.descriptor.sql.BasicBinder      : binding parameter [2] as [VARCHAR] - [CARRO]
2019-05-20 17:11:16.220 TRACE 6380 --- [    Test worker] o.h.type.descriptor.sql.BasicBinder      : binding parameter [3] as [VARCHAR] - [VBN-1]
2019-05-20 17:11:16.223 DEBUG 6380 --- [    Test worker] org.hibernate.SQL                        : select movilentit_.mov_placa, movilentit_.mov_cilindraje as mov_cili2_2_, movilentit_.mov_tipo_movil as mov_tipo3_2_ from movil movilentit_ where movilentit_.mov_placa=?
Hibernate: select movilentit_.mov_placa, movilentit_.mov_cilindraje as mov_cili2_2_, movilentit_.mov_tipo_movil as mov_tipo3_2_ from movil movilentit_ where movilentit_.mov_placa=?
2019-05-20 17:11:16.223 TRACE 6380 --- [    Test worker] o.h.type.descriptor.sql.BasicBinder      : binding parameter [1] as [VARCHAR] - [VBN-1]
2019-05-20 17:11:16.224 TRACE 6380 --- [    Test worker] o.h.type.descriptor.sql.BasicExtractor   : extracted value ([mov_cili2_2_] : [DOUBLE]) - [-1.0]
2019-05-20 17:11:16.224 TRACE 6380 --- [    Test worker] o.h.type.descriptor.sql.BasicExtractor   : extracted value ([mov_tipo3_2_] : [VARCHAR]) - [CARRO]
2019-05-20 17:11:16.229 DEBUG 6380 --- [    Test worker] org.hibernate.SQL                        : insert into factura (facId, fac_fecha_ingreso, fac_fecha_salida, fac_valor, mov_placa) values (null, ?, ?, ?, ?)
Hibernate: insert into factura (facId, fac_fecha_ingreso, fac_fecha_salida, fac_valor, mov_placa) values (null, ?, ?, ?, ?)
2019-05-20 17:11:16.230 TRACE 6380 --- [    Test worker] o.h.type.descriptor.sql.BasicBinder      : binding parameter [1] as [TIMESTAMP] - [Mon May 20 17:11:16 COT 2019]
2019-05-20 17:11:16.230 TRACE 6380 --- [    Test worker] o.h.type.descriptor.sql.BasicBinder      : binding parameter [2] as [TIMESTAMP] - [null]
2019-05-20 17:11:16.230 TRACE 6380 --- [    Test worker] o.h.type.descriptor.sql.BasicBinder      : binding parameter [3] as [DOUBLE] - [0.0]
2019-05-20 17:11:16.230 TRACE 6380 --- [    Test worker] o.h.type.descriptor.sql.BasicBinder      : binding parameter [4] as [VARCHAR] - [VBN-1]
2019-05-20 17:11:16.235 DEBUG 6380 --- [    Test worker] org.hibernate.SQL                        : SELECT COUNT(*) FROM factura JOIN movil ON factura.mov_placa = movil.mov_placa WHERE movil.mov_tipo_movil = ? AND factura.fac_fecha_salida IS NULL
Hibernate: SELECT COUNT(*) FROM factura JOIN movil ON factura.mov_placa = movil.mov_placa WHERE movil.mov_tipo_movil = ? AND factura.fac_fecha_salida IS NULL
2019-05-20 17:11:16.237 TRACE 6380 --- [    Test worker] o.h.type.descriptor.sql.BasicBinder      : binding parameter [1] as [VARCHAR] - [CARRO]
2019-05-20 17:11:16.239 TRACE 6380 --- [    Test worker] o.h.type.descriptor.sql.BasicExtractor   : extracted value ([COUNT(*)] : [NUMERIC]) - [2]
2019-05-20 17:11:16.241 DEBUG 6380 --- [    Test worker] org.hibernate.SQL                        : SELECT COUNT(*) FROM factura WHERE mov_placa = ? AND fac_fecha_salida IS NULL
Hibernate: SELECT COUNT(*) FROM factura WHERE mov_placa = ? AND fac_fecha_salida IS NULL
2019-05-20 17:11:16.242 TRACE 6380 --- [    Test worker] o.h.type.descriptor.sql.BasicBinder      : binding parameter [1] as [VARCHAR] - [VBN-2]
2019-05-20 17:11:16.243 TRACE 6380 --- [    Test worker] o.h.type.descriptor.sql.BasicExtractor   : extracted value ([COUNT(*)] : [NUMERIC]) - [0]
2019-05-20 17:11:16.246 DEBUG 6380 --- [    Test worker] org.hibernate.SQL                        : select movilentit0_.mov_placa as mov_plac1_2_0_, movilentit0_.mov_cilindraje as mov_cili2_2_0_, movilentit0_.mov_tipo_movil as mov_tipo3_2_0_ from movil movilentit0_ where movilentit0_.mov_placa=?
Hibernate: select movilentit0_.mov_placa as mov_plac1_2_0_, movilentit0_.mov_cilindraje as mov_cili2_2_0_, movilentit0_.mov_tipo_movil as mov_tipo3_2_0_ from movil movilentit0_ where movilentit0_.mov_placa=?
2019-05-20 17:11:16.247 TRACE 6380 --- [    Test worker] o.h.type.descriptor.sql.BasicBinder      : binding parameter [1] as [VARCHAR] - [VBN-2]
2019-05-20 17:11:16.250 DEBUG 6380 --- [    Test worker] org.hibernate.SQL                        : select movilentit0_.mov_placa as mov_plac1_2_1_, movilentit0_.mov_cilindraje as mov_cili2_2_1_, movilentit0_.mov_tipo_movil as mov_tipo3_2_1_, facturasen1_.mov_placa as mov_plac5_1_3_, facturasen1_.facId as facId1_1_3_, facturasen1_.facId as facId1_1_0_, facturasen1_.fac_fecha_ingreso as fac_fech2_1_0_, facturasen1_.fac_fecha_salida as fac_fech3_1_0_, facturasen1_.fac_valor as fac_valo4_1_0_, facturasen1_.mov_placa as mov_plac5_1_0_ from movil movilentit0_ left outer join factura facturasen1_ on movilentit0_.mov_placa=facturasen1_.mov_placa where movilentit0_.mov_placa=?
Hibernate: select movilentit0_.mov_placa as mov_plac1_2_1_, movilentit0_.mov_cilindraje as mov_cili2_2_1_, movilentit0_.mov_tipo_movil as mov_tipo3_2_1_, facturasen1_.mov_placa as mov_plac5_1_3_, facturasen1_.facId as facId1_1_3_, facturasen1_.facId as facId1_1_0_, facturasen1_.fac_fecha_ingreso as fac_fech2_1_0_, facturasen1_.fac_fecha_salida as fac_fech3_1_0_, facturasen1_.fac_valor as fac_valo4_1_0_, facturasen1_.mov_placa as mov_plac5_1_0_ from movil movilentit0_ left outer join factura facturasen1_ on movilentit0_.mov_placa=facturasen1_.mov_placa where movilentit0_.mov_placa=?
2019-05-20 17:11:16.251 TRACE 6380 --- [    Test worker] o.h.type.descriptor.sql.BasicBinder      : binding parameter [1] as [VARCHAR] - [VBN-2]
2019-05-20 17:11:16.252 DEBUG 6380 --- [    Test worker] org.hibernate.SQL                        : insert into movil (mov_cilindraje, mov_tipo_movil, mov_placa) values (?, ?, ?)
Hibernate: insert into movil (mov_cilindraje, mov_tipo_movil, mov_placa) values (?, ?, ?)
2019-05-20 17:11:16.253 TRACE 6380 --- [    Test worker] o.h.type.descriptor.sql.BasicBinder      : binding parameter [1] as [DOUBLE] - [-1.0]
2019-05-20 17:11:16.253 TRACE 6380 --- [    Test worker] o.h.type.descriptor.sql.BasicBinder      : binding parameter [2] as [VARCHAR] - [CARRO]
2019-05-20 17:11:16.253 TRACE 6380 --- [    Test worker] o.h.type.descriptor.sql.BasicBinder      : binding parameter [3] as [VARCHAR] - [VBN-2]
2019-05-20 17:11:16.255 DEBUG 6380 --- [    Test worker] org.hibernate.SQL                        : select movilentit_.mov_placa, movilentit_.mov_cilindraje as mov_cili2_2_, movilentit_.mov_tipo_movil as mov_tipo3_2_ from movil movilentit_ where movilentit_.mov_placa=?
Hibernate: select movilentit_.mov_placa, movilentit_.mov_cilindraje as mov_cili2_2_, movilentit_.mov_tipo_movil as mov_tipo3_2_ from movil movilentit_ where movilentit_.mov_placa=?
2019-05-20 17:11:16.255 TRACE 6380 --- [    Test worker] o.h.type.descriptor.sql.BasicBinder      : binding parameter [1] as [VARCHAR] - [VBN-2]
2019-05-20 17:11:16.257 TRACE 6380 --- [    Test worker] o.h.type.descriptor.sql.BasicExtractor   : extracted value ([mov_cili2_2_] : [DOUBLE]) - [-1.0]
2019-05-20 17:11:16.257 TRACE 6380 --- [    Test worker] o.h.type.descriptor.sql.BasicExtractor   : extracted value ([mov_tipo3_2_] : [VARCHAR]) - [CARRO]
2019-05-20 17:11:16.258 DEBUG 6380 --- [    Test worker] org.hibernate.SQL                        : insert into factura (facId, fac_fecha_ingreso, fac_fecha_salida, fac_valor, mov_placa) values (null, ?, ?, ?, ?)
Hibernate: insert into factura (facId, fac_fecha_ingreso, fac_fecha_salida, fac_valor, mov_placa) values (null, ?, ?, ?, ?)
2019-05-20 17:11:16.258 TRACE 6380 --- [    Test worker] o.h.type.descriptor.sql.BasicBinder      : binding parameter [1] as [TIMESTAMP] - [Mon May 20 17:11:16 COT 2019]
2019-05-20 17:11:16.259 TRACE 6380 --- [    Test worker] o.h.type.descriptor.sql.BasicBinder      : binding parameter [2] as [TIMESTAMP] - [null]
2019-05-20 17:11:16.259 TRACE 6380 --- [    Test worker] o.h.type.descriptor.sql.BasicBinder      : binding parameter [3] as [DOUBLE] - [0.0]
2019-05-20 17:11:16.259 TRACE 6380 --- [    Test worker] o.h.type.descriptor.sql.BasicBinder      : binding parameter [4] as [VARCHAR] - [VBN-2]
2019-05-20 17:11:16.261 DEBUG 6380 --- [    Test worker] org.hibernate.SQL                        : SELECT COUNT(*) FROM factura JOIN movil ON factura.mov_placa = movil.mov_placa WHERE movil.mov_tipo_movil = ? AND factura.fac_fecha_salida IS NULL
Hibernate: SELECT COUNT(*) FROM factura JOIN movil ON factura.mov_placa = movil.mov_placa WHERE movil.mov_tipo_movil = ? AND factura.fac_fecha_salida IS NULL
2019-05-20 17:11:16.262 TRACE 6380 --- [    Test worker] o.h.type.descriptor.sql.BasicBinder      : binding parameter [1] as [VARCHAR] - [CARRO]
2019-05-20 17:11:16.263 TRACE 6380 --- [    Test worker] o.h.type.descriptor.sql.BasicExtractor   : extracted value ([COUNT(*)] : [NUMERIC]) - [3]
2019-05-20 17:11:16.273 DEBUG 6380 --- [    Test worker] org.hibernate.SQL                        : SELECT COUNT(*) FROM factura WHERE mov_placa = ? AND fac_fecha_salida IS NULL
Hibernate: SELECT COUNT(*) FROM factura WHERE mov_placa = ? AND fac_fecha_salida IS NULL
2019-05-20 17:11:16.274 TRACE 6380 --- [    Test worker] o.h.type.descriptor.sql.BasicBinder      : binding parameter [1] as [VARCHAR] - [VBN-3]
2019-05-20 17:11:16.275 TRACE 6380 --- [    Test worker] o.h.type.descriptor.sql.BasicExtractor   : extracted value ([COUNT(*)] : [NUMERIC]) - [0]
2019-05-20 17:11:16.281 DEBUG 6380 --- [    Test worker] org.hibernate.SQL                        : select movilentit0_.mov_placa as mov_plac1_2_0_, movilentit0_.mov_cilindraje as mov_cili2_2_0_, movilentit0_.mov_tipo_movil as mov_tipo3_2_0_ from movil movilentit0_ where movilentit0_.mov_placa=?
Hibernate: select movilentit0_.mov_placa as mov_plac1_2_0_, movilentit0_.mov_cilindraje as mov_cili2_2_0_, movilentit0_.mov_tipo_movil as mov_tipo3_2_0_ from movil movilentit0_ where movilentit0_.mov_placa=?
2019-05-20 17:11:16.282 TRACE 6380 --- [    Test worker] o.h.type.descriptor.sql.BasicBinder      : binding parameter [1] as [VARCHAR] - [VBN-3]
2019-05-20 17:11:16.287 DEBUG 6380 --- [    Test worker] org.hibernate.SQL                        : select movilentit0_.mov_placa as mov_plac1_2_1_, movilentit0_.mov_cilindraje as mov_cili2_2_1_, movilentit0_.mov_tipo_movil as mov_tipo3_2_1_, facturasen1_.mov_placa as mov_plac5_1_3_, facturasen1_.facId as facId1_1_3_, facturasen1_.facId as facId1_1_0_, facturasen1_.fac_fecha_ingreso as fac_fech2_1_0_, facturasen1_.fac_fecha_salida as fac_fech3_1_0_, facturasen1_.fac_valor as fac_valo4_1_0_, facturasen1_.mov_placa as mov_plac5_1_0_ from movil movilentit0_ left outer join factura facturasen1_ on movilentit0_.mov_placa=facturasen1_.mov_placa where movilentit0_.mov_placa=?
Hibernate: select movilentit0_.mov_placa as mov_plac1_2_1_, movilentit0_.mov_cilindraje as mov_cili2_2_1_, movilentit0_.mov_tipo_movil as mov_tipo3_2_1_, facturasen1_.mov_placa as mov_plac5_1_3_, facturasen1_.facId as facId1_1_3_, facturasen1_.facId as facId1_1_0_, facturasen1_.fac_fecha_ingreso as fac_fech2_1_0_, facturasen1_.fac_fecha_salida as fac_fech3_1_0_, facturasen1_.fac_valor as fac_valo4_1_0_, facturasen1_.mov_placa as mov_plac5_1_0_ from movil movilentit0_ left outer join factura facturasen1_ on movilentit0_.mov_placa=facturasen1_.mov_placa where movilentit0_.mov_placa=?
2019-05-20 17:11:16.291 TRACE 6380 --- [    Test worker] o.h.type.descriptor.sql.BasicBinder      : binding parameter [1] as [VARCHAR] - [VBN-3]
2019-05-20 17:11:16.293 DEBUG 6380 --- [    Test worker] org.hibernate.SQL                        : insert into movil (mov_cilindraje, mov_tipo_movil, mov_placa) values (?, ?, ?)
Hibernate: insert into movil (mov_cilindraje, mov_tipo_movil, mov_placa) values (?, ?, ?)
2019-05-20 17:11:16.293 TRACE 6380 --- [    Test worker] o.h.type.descriptor.sql.BasicBinder      : binding parameter [1] as [DOUBLE] - [-1.0]
2019-05-20 17:11:16.293 TRACE 6380 --- [    Test worker] o.h.type.descriptor.sql.BasicBinder      : binding parameter [2] as [VARCHAR] - [CARRO]
2019-05-20 17:11:16.293 TRACE 6380 --- [    Test worker] o.h.type.descriptor.sql.BasicBinder      : binding parameter [3] as [VARCHAR] - [VBN-3]
2019-05-20 17:11:16.297 DEBUG 6380 --- [    Test worker] org.hibernate.SQL                        : select movilentit_.mov_placa, movilentit_.mov_cilindraje as mov_cili2_2_, movilentit_.mov_tipo_movil as mov_tipo3_2_ from movil movilentit_ where movilentit_.mov_placa=?
Hibernate: select movilentit_.mov_placa, movilentit_.mov_cilindraje as mov_cili2_2_, movilentit_.mov_tipo_movil as mov_tipo3_2_ from movil movilentit_ where movilentit_.mov_placa=?
2019-05-20 17:11:16.298 TRACE 6380 --- [    Test worker] o.h.type.descriptor.sql.BasicBinder      : binding parameter [1] as [VARCHAR] - [VBN-3]
2019-05-20 17:11:16.298 TRACE 6380 --- [    Test worker] o.h.type.descriptor.sql.BasicExtractor   : extracted value ([mov_cili2_2_] : [DOUBLE]) - [-1.0]
2019-05-20 17:11:16.298 TRACE 6380 --- [    Test worker] o.h.type.descriptor.sql.BasicExtractor   : extracted value ([mov_tipo3_2_] : [VARCHAR]) - [CARRO]
2019-05-20 17:11:16.299 DEBUG 6380 --- [    Test worker] org.hibernate.SQL                        : insert into factura (facId, fac_fecha_ingreso, fac_fecha_salida, fac_valor, mov_placa) values (null, ?, ?, ?, ?)
Hibernate: insert into factura (facId, fac_fecha_ingreso, fac_fecha_salida, fac_valor, mov_placa) values (null, ?, ?, ?, ?)
2019-05-20 17:11:16.299 TRACE 6380 --- [    Test worker] o.h.type.descriptor.sql.BasicBinder      : binding parameter [1] as [TIMESTAMP] - [Mon May 20 17:11:16 COT 2019]
2019-05-20 17:11:16.300 TRACE 6380 --- [    Test worker] o.h.type.descriptor.sql.BasicBinder      : binding parameter [2] as [TIMESTAMP] - [null]
2019-05-20 17:11:16.300 TRACE 6380 --- [    Test worker] o.h.type.descriptor.sql.BasicBinder      : binding parameter [3] as [DOUBLE] - [0.0]
2019-05-20 17:11:16.300 TRACE 6380 --- [    Test worker] o.h.type.descriptor.sql.BasicBinder      : binding parameter [4] as [VARCHAR] - [VBN-3]
2019-05-20 17:11:16.302 DEBUG 6380 --- [    Test worker] org.hibernate.SQL                        : SELECT COUNT(*) FROM factura JOIN movil ON factura.mov_placa = movil.mov_placa WHERE movil.mov_tipo_movil = ? AND factura.fac_fecha_salida IS NULL
Hibernate: SELECT COUNT(*) FROM factura JOIN movil ON factura.mov_placa = movil.mov_placa WHERE movil.mov_tipo_movil = ? AND factura.fac_fecha_salida IS NULL
2019-05-20 17:11:16.303 TRACE 6380 --- [    Test worker] o.h.type.descriptor.sql.BasicBinder      : binding parameter [1] as [VARCHAR] - [CARRO]
2019-05-20 17:11:16.304 TRACE 6380 --- [    Test worker] o.h.type.descriptor.sql.BasicExtractor   : extracted value ([COUNT(*)] : [NUMERIC]) - [4]
2019-05-20 17:11:16.305 DEBUG 6380 --- [    Test worker] org.hibernate.SQL                        : SELECT COUNT(*) FROM factura WHERE mov_placa = ? AND fac_fecha_salida IS NULL
Hibernate: SELECT COUNT(*) FROM factura WHERE mov_placa = ? AND fac_fecha_salida IS NULL
2019-05-20 17:11:16.307 TRACE 6380 --- [    Test worker] o.h.type.descriptor.sql.BasicBinder      : binding parameter [1] as [VARCHAR] - [VBN-4]
2019-05-20 17:11:16.307 TRACE 6380 --- [    Test worker] o.h.type.descriptor.sql.BasicExtractor   : extracted value ([COUNT(*)] : [NUMERIC]) - [0]
2019-05-20 17:11:16.309 DEBUG 6380 --- [    Test worker] org.hibernate.SQL                        : select movilentit0_.mov_placa as mov_plac1_2_0_, movilentit0_.mov_cilindraje as mov_cili2_2_0_, movilentit0_.mov_tipo_movil as mov_tipo3_2_0_ from movil movilentit0_ where movilentit0_.mov_placa=?
Hibernate: select movilentit0_.mov_placa as mov_plac1_2_0_, movilentit0_.mov_cilindraje as mov_cili2_2_0_, movilentit0_.mov_tipo_movil as mov_tipo3_2_0_ from movil movilentit0_ where movilentit0_.mov_placa=?
2019-05-20 17:11:16.310 TRACE 6380 --- [    Test worker] o.h.type.descriptor.sql.BasicBinder      : binding parameter [1] as [VARCHAR] - [VBN-4]
2019-05-20 17:11:16.313 DEBUG 6380 --- [    Test worker] org.hibernate.SQL                        : select movilentit0_.mov_placa as mov_plac1_2_1_, movilentit0_.mov_cilindraje as mov_cili2_2_1_, movilentit0_.mov_tipo_movil as mov_tipo3_2_1_, facturasen1_.mov_placa as mov_plac5_1_3_, facturasen1_.facId as facId1_1_3_, facturasen1_.facId as facId1_1_0_, facturasen1_.fac_fecha_ingreso as fac_fech2_1_0_, facturasen1_.fac_fecha_salida as fac_fech3_1_0_, facturasen1_.fac_valor as fac_valo4_1_0_, facturasen1_.mov_placa as mov_plac5_1_0_ from movil movilentit0_ left outer join factura facturasen1_ on movilentit0_.mov_placa=facturasen1_.mov_placa where movilentit0_.mov_placa=?
Hibernate: select movilentit0_.mov_placa as mov_plac1_2_1_, movilentit0_.mov_cilindraje as mov_cili2_2_1_, movilentit0_.mov_tipo_movil as mov_tipo3_2_1_, facturasen1_.mov_placa as mov_plac5_1_3_, facturasen1_.facId as facId1_1_3_, facturasen1_.facId as facId1_1_0_, facturasen1_.fac_fecha_ingreso as fac_fech2_1_0_, facturasen1_.fac_fecha_salida as fac_fech3_1_0_, facturasen1_.fac_valor as fac_valo4_1_0_, facturasen1_.mov_placa as mov_plac5_1_0_ from movil movilentit0_ left outer join factura facturasen1_ on movilentit0_.mov_placa=facturasen1_.mov_placa where movilentit0_.mov_placa=?
2019-05-20 17:11:16.314 TRACE 6380 --- [    Test worker] o.h.type.descriptor.sql.BasicBinder      : binding parameter [1] as [VARCHAR] - [VBN-4]
2019-05-20 17:11:16.317 DEBUG 6380 --- [    Test worker] org.hibernate.SQL                        : insert into movil (mov_cilindraje, mov_tipo_movil, mov_placa) values (?, ?, ?)
Hibernate: insert into movil (mov_cilindraje, mov_tipo_movil, mov_placa) values (?, ?, ?)
2019-05-20 17:11:16.317 TRACE 6380 --- [    Test worker] o.h.type.descriptor.sql.BasicBinder      : binding parameter [1] as [DOUBLE] - [-1.0]
2019-05-20 17:11:16.318 TRACE 6380 --- [    Test worker] o.h.type.descriptor.sql.BasicBinder      : binding parameter [2] as [VARCHAR] - [CARRO]
2019-05-20 17:11:16.318 TRACE 6380 --- [    Test worker] o.h.type.descriptor.sql.BasicBinder      : binding parameter [3] as [VARCHAR] - [VBN-4]
2019-05-20 17:11:16.320 DEBUG 6380 --- [    Test worker] org.hibernate.SQL                        : select movilentit_.mov_placa, movilentit_.mov_cilindraje as mov_cili2_2_, movilentit_.mov_tipo_movil as mov_tipo3_2_ from movil movilentit_ where movilentit_.mov_placa=?
Hibernate: select movilentit_.mov_placa, movilentit_.mov_cilindraje as mov_cili2_2_, movilentit_.mov_tipo_movil as mov_tipo3_2_ from movil movilentit_ where movilentit_.mov_placa=?
2019-05-20 17:11:16.321 TRACE 6380 --- [    Test worker] o.h.type.descriptor.sql.BasicBinder      : binding parameter [1] as [VARCHAR] - [VBN-4]
2019-05-20 17:11:16.322 TRACE 6380 --- [    Test worker] o.h.type.descriptor.sql.BasicExtractor   : extracted value ([mov_cili2_2_] : [DOUBLE]) - [-1.0]
2019-05-20 17:11:16.322 TRACE 6380 --- [    Test worker] o.h.type.descriptor.sql.BasicExtractor   : extracted value ([mov_tipo3_2_] : [VARCHAR]) - [CARRO]
2019-05-20 17:11:16.323 DEBUG 6380 --- [    Test worker] org.hibernate.SQL                        : insert into factura (facId, fac_fecha_ingreso, fac_fecha_salida, fac_valor, mov_placa) values (null, ?, ?, ?, ?)
Hibernate: insert into factura (facId, fac_fecha_ingreso, fac_fecha_salida, fac_valor, mov_placa) values (null, ?, ?, ?, ?)
2019-05-20 17:11:16.324 TRACE 6380 --- [    Test worker] o.h.type.descriptor.sql.BasicBinder      : binding parameter [1] as [TIMESTAMP] - [Mon May 20 17:11:16 COT 2019]
2019-05-20 17:11:16.324 TRACE 6380 --- [    Test worker] o.h.type.descriptor.sql.BasicBinder      : binding parameter [2] as [TIMESTAMP] - [null]
2019-05-20 17:11:16.324 TRACE 6380 --- [    Test worker] o.h.type.descriptor.sql.BasicBinder      : binding parameter [3] as [DOUBLE] - [0.0]
2019-05-20 17:11:16.324 TRACE 6380 --- [    Test worker] o.h.type.descriptor.sql.BasicBinder      : binding parameter [4] as [VARCHAR] - [VBN-4]
2019-05-20 17:11:16.329 DEBUG 6380 --- [    Test worker] org.hibernate.SQL                        : SELECT COUNT(*) FROM factura JOIN movil ON factura.mov_placa = movil.mov_placa WHERE movil.mov_tipo_movil = ? AND factura.fac_fecha_salida IS NULL
Hibernate: SELECT COUNT(*) FROM factura JOIN movil ON factura.mov_placa = movil.mov_placa WHERE movil.mov_tipo_movil = ? AND factura.fac_fecha_salida IS NULL
2019-05-20 17:11:16.330 TRACE 6380 --- [    Test worker] o.h.type.descriptor.sql.BasicBinder      : binding parameter [1] as [VARCHAR] - [CARRO]
2019-05-20 17:11:16.331 TRACE 6380 --- [    Test worker] o.h.type.descriptor.sql.BasicExtractor   : extracted value ([COUNT(*)] : [NUMERIC]) - [5]
2019-05-20 17:11:16.333 DEBUG 6380 --- [    Test worker] org.hibernate.SQL                        : SELECT COUNT(*) FROM factura WHERE mov_placa = ? AND fac_fecha_salida IS NULL
Hibernate: SELECT COUNT(*) FROM factura WHERE mov_placa = ? AND fac_fecha_salida IS NULL
2019-05-20 17:11:16.334 TRACE 6380 --- [    Test worker] o.h.type.descriptor.sql.BasicBinder      : binding parameter [1] as [VARCHAR] - [VBN-5]
2019-05-20 17:11:16.334 TRACE 6380 --- [    Test worker] o.h.type.descriptor.sql.BasicExtractor   : extracted value ([COUNT(*)] : [NUMERIC]) - [0]
2019-05-20 17:11:16.337 DEBUG 6380 --- [    Test worker] org.hibernate.SQL                        : select movilentit0_.mov_placa as mov_plac1_2_0_, movilentit0_.mov_cilindraje as mov_cili2_2_0_, movilentit0_.mov_tipo_movil as mov_tipo3_2_0_ from movil movilentit0_ where movilentit0_.mov_placa=?
Hibernate: select movilentit0_.mov_placa as mov_plac1_2_0_, movilentit0_.mov_cilindraje as mov_cili2_2_0_, movilentit0_.mov_tipo_movil as mov_tipo3_2_0_ from movil movilentit0_ where movilentit0_.mov_placa=?
2019-05-20 17:11:16.338 TRACE 6380 --- [    Test worker] o.h.type.descriptor.sql.BasicBinder      : binding parameter [1] as [VARCHAR] - [VBN-5]
2019-05-20 17:11:16.340 DEBUG 6380 --- [    Test worker] org.hibernate.SQL                        : select movilentit0_.mov_placa as mov_plac1_2_1_, movilentit0_.mov_cilindraje as mov_cili2_2_1_, movilentit0_.mov_tipo_movil as mov_tipo3_2_1_, facturasen1_.mov_placa as mov_plac5_1_3_, facturasen1_.facId as facId1_1_3_, facturasen1_.facId as facId1_1_0_, facturasen1_.fac_fecha_ingreso as fac_fech2_1_0_, facturasen1_.fac_fecha_salida as fac_fech3_1_0_, facturasen1_.fac_valor as fac_valo4_1_0_, facturasen1_.mov_placa as mov_plac5_1_0_ from movil movilentit0_ left outer join factura facturasen1_ on movilentit0_.mov_placa=facturasen1_.mov_placa where movilentit0_.mov_placa=?
Hibernate: select movilentit0_.mov_placa as mov_plac1_2_1_, movilentit0_.mov_cilindraje as mov_cili2_2_1_, movilentit0_.mov_tipo_movil as mov_tipo3_2_1_, facturasen1_.mov_placa as mov_plac5_1_3_, facturasen1_.facId as facId1_1_3_, facturasen1_.facId as facId1_1_0_, facturasen1_.fac_fecha_ingreso as fac_fech2_1_0_, facturasen1_.fac_fecha_salida as fac_fech3_1_0_, facturasen1_.fac_valor as fac_valo4_1_0_, facturasen1_.mov_placa as mov_plac5_1_0_ from movil movilentit0_ left outer join factura facturasen1_ on movilentit0_.mov_placa=facturasen1_.mov_placa where movilentit0_.mov_placa=?
2019-05-20 17:11:16.340 TRACE 6380 --- [    Test worker] o.h.type.descriptor.sql.BasicBinder      : binding parameter [1] as [VARCHAR] - [VBN-5]
2019-05-20 17:11:16.342 DEBUG 6380 --- [    Test worker] org.hibernate.SQL                        : insert into movil (mov_cilindraje, mov_tipo_movil, mov_placa) values (?, ?, ?)
Hibernate: insert into movil (mov_cilindraje, mov_tipo_movil, mov_placa) values (?, ?, ?)
2019-05-20 17:11:16.342 TRACE 6380 --- [    Test worker] o.h.type.descriptor.sql.BasicBinder      : binding parameter [1] as [DOUBLE] - [-1.0]
2019-05-20 17:11:16.343 TRACE 6380 --- [    Test worker] o.h.type.descriptor.sql.BasicBinder      : binding parameter [2] as [VARCHAR] - [CARRO]
2019-05-20 17:11:16.343 TRACE 6380 --- [    Test worker] o.h.type.descriptor.sql.BasicBinder      : binding parameter [3] as [VARCHAR] - [VBN-5]
2019-05-20 17:11:16.345 DEBUG 6380 --- [    Test worker] org.hibernate.SQL                        : select movilentit_.mov_placa, movilentit_.mov_cilindraje as mov_cili2_2_, movilentit_.mov_tipo_movil as mov_tipo3_2_ from movil movilentit_ where movilentit_.mov_placa=?
Hibernate: select movilentit_.mov_placa, movilentit_.mov_cilindraje as mov_cili2_2_, movilentit_.mov_tipo_movil as mov_tipo3_2_ from movil movilentit_ where movilentit_.mov_placa=?
2019-05-20 17:11:16.345 TRACE 6380 --- [    Test worker] o.h.type.descriptor.sql.BasicBinder      : binding parameter [1] as [VARCHAR] - [VBN-5]
2019-05-20 17:11:16.347 TRACE 6380 --- [    Test worker] o.h.type.descriptor.sql.BasicExtractor   : extracted value ([mov_cili2_2_] : [DOUBLE]) - [-1.0]
2019-05-20 17:11:16.347 TRACE 6380 --- [    Test worker] o.h.type.descriptor.sql.BasicExtractor   : extracted value ([mov_tipo3_2_] : [VARCHAR]) - [CARRO]
2019-05-20 17:11:16.347 DEBUG 6380 --- [    Test worker] org.hibernate.SQL                        : insert into factura (facId, fac_fecha_ingreso, fac_fecha_salida, fac_valor, mov_placa) values (null, ?, ?, ?, ?)
Hibernate: insert into factura (facId, fac_fecha_ingreso, fac_fecha_salida, fac_valor, mov_placa) values (null, ?, ?, ?, ?)
2019-05-20 17:11:16.348 TRACE 6380 --- [    Test worker] o.h.type.descriptor.sql.BasicBinder      : binding parameter [1] as [TIMESTAMP] - [Mon May 20 17:11:16 COT 2019]
2019-05-20 17:11:16.348 TRACE 6380 --- [    Test worker] o.h.type.descriptor.sql.BasicBinder      : binding parameter [2] as [TIMESTAMP] - [null]
2019-05-20 17:11:16.348 TRACE 6380 --- [    Test worker] o.h.type.descriptor.sql.BasicBinder      : binding parameter [3] as [DOUBLE] - [0.0]
2019-05-20 17:11:16.348 TRACE 6380 --- [    Test worker] o.h.type.descriptor.sql.BasicBinder      : binding parameter [4] as [VARCHAR] - [VBN-5]
2019-05-20 17:11:16.350 DEBUG 6380 --- [    Test worker] org.hibernate.SQL                        : SELECT COUNT(*) FROM factura JOIN movil ON factura.mov_placa = movil.mov_placa WHERE movil.mov_tipo_movil = ? AND factura.fac_fecha_salida IS NULL
Hibernate: SELECT COUNT(*) FROM factura JOIN movil ON factura.mov_placa = movil.mov_placa WHERE movil.mov_tipo_movil = ? AND factura.fac_fecha_salida IS NULL
2019-05-20 17:11:16.351 TRACE 6380 --- [    Test worker] o.h.type.descriptor.sql.BasicBinder      : binding parameter [1] as [VARCHAR] - [CARRO]
2019-05-20 17:11:16.352 TRACE 6380 --- [    Test worker] o.h.type.descriptor.sql.BasicExtractor   : extracted value ([COUNT(*)] : [NUMERIC]) - [6]
2019-05-20 17:11:16.359 DEBUG 6380 --- [    Test worker] org.hibernate.SQL                        : SELECT COUNT(*) FROM factura WHERE mov_placa = ? AND fac_fecha_salida IS NULL
Hibernate: SELECT COUNT(*) FROM factura WHERE mov_placa = ? AND fac_fecha_salida IS NULL
2019-05-20 17:11:16.360 TRACE 6380 --- [    Test worker] o.h.type.descriptor.sql.BasicBinder      : binding parameter [1] as [VARCHAR] - [VBN-6]
2019-05-20 17:11:16.361 TRACE 6380 --- [    Test worker] o.h.type.descriptor.sql.BasicExtractor   : extracted value ([COUNT(*)] : [NUMERIC]) - [0]
2019-05-20 17:11:16.363 DEBUG 6380 --- [    Test worker] org.hibernate.SQL                        : select movilentit0_.mov_placa as mov_plac1_2_0_, movilentit0_.mov_cilindraje as mov_cili2_2_0_, movilentit0_.mov_tipo_movil as mov_tipo3_2_0_ from movil movilentit0_ where movilentit0_.mov_placa=?
Hibernate: select movilentit0_.mov_placa as mov_plac1_2_0_, movilentit0_.mov_cilindraje as mov_cili2_2_0_, movilentit0_.mov_tipo_movil as mov_tipo3_2_0_ from movil movilentit0_ where movilentit0_.mov_placa=?
2019-05-20 17:11:16.363 TRACE 6380 --- [    Test worker] o.h.type.descriptor.sql.BasicBinder      : binding parameter [1] as [VARCHAR] - [VBN-6]
2019-05-20 17:11:16.365 DEBUG 6380 --- [    Test worker] org.hibernate.SQL                        : select movilentit0_.mov_placa as mov_plac1_2_1_, movilentit0_.mov_cilindraje as mov_cili2_2_1_, movilentit0_.mov_tipo_movil as mov_tipo3_2_1_, facturasen1_.mov_placa as mov_plac5_1_3_, facturasen1_.facId as facId1_1_3_, facturasen1_.facId as facId1_1_0_, facturasen1_.fac_fecha_ingreso as fac_fech2_1_0_, facturasen1_.fac_fecha_salida as fac_fech3_1_0_, facturasen1_.fac_valor as fac_valo4_1_0_, facturasen1_.mov_placa as mov_plac5_1_0_ from movil movilentit0_ left outer join factura facturasen1_ on movilentit0_.mov_placa=facturasen1_.mov_placa where movilentit0_.mov_placa=?
Hibernate: select movilentit0_.mov_placa as mov_plac1_2_1_, movilentit0_.mov_cilindraje as mov_cili2_2_1_, movilentit0_.mov_tipo_movil as mov_tipo3_2_1_, facturasen1_.mov_placa as mov_plac5_1_3_, facturasen1_.facId as facId1_1_3_, facturasen1_.facId as facId1_1_0_, facturasen1_.fac_fecha_ingreso as fac_fech2_1_0_, facturasen1_.fac_fecha_salida as fac_fech3_1_0_, facturasen1_.fac_valor as fac_valo4_1_0_, facturasen1_.mov_placa as mov_plac5_1_0_ from movil movilentit0_ left outer join factura facturasen1_ on movilentit0_.mov_placa=facturasen1_.mov_placa where movilentit0_.mov_placa=?
2019-05-20 17:11:16.366 TRACE 6380 --- [    Test worker] o.h.type.descriptor.sql.BasicBinder      : binding parameter [1] as [VARCHAR] - [VBN-6]
2019-05-20 17:11:16.368 DEBUG 6380 --- [    Test worker] org.hibernate.SQL                        : insert into movil (mov_cilindraje, mov_tipo_movil, mov_placa) values (?, ?, ?)
Hibernate: insert into movil (mov_cilindraje, mov_tipo_movil, mov_placa) values (?, ?, ?)
2019-05-20 17:11:16.368 TRACE 6380 --- [    Test worker] o.h.type.descriptor.sql.BasicBinder      : binding parameter [1] as [DOUBLE] - [-1.0]
2019-05-20 17:11:16.368 TRACE 6380 --- [    Test worker] o.h.type.descriptor.sql.BasicBinder      : binding parameter [2] as [VARCHAR] - [CARRO]
2019-05-20 17:11:16.368 TRACE 6380 --- [    Test worker] o.h.type.descriptor.sql.BasicBinder      : binding parameter [3] as [VARCHAR] - [VBN-6]
2019-05-20 17:11:16.370 DEBUG 6380 --- [    Test worker] org.hibernate.SQL                        : select movilentit_.mov_placa, movilentit_.mov_cilindraje as mov_cili2_2_, movilentit_.mov_tipo_movil as mov_tipo3_2_ from movil movilentit_ where movilentit_.mov_placa=?
Hibernate: select movilentit_.mov_placa, movilentit_.mov_cilindraje as mov_cili2_2_, movilentit_.mov_tipo_movil as mov_tipo3_2_ from movil movilentit_ where movilentit_.mov_placa=?
2019-05-20 17:11:16.370 TRACE 6380 --- [    Test worker] o.h.type.descriptor.sql.BasicBinder      : binding parameter [1] as [VARCHAR] - [VBN-6]
2019-05-20 17:11:16.371 TRACE 6380 --- [    Test worker] o.h.type.descriptor.sql.BasicExtractor   : extracted value ([mov_cili2_2_] : [DOUBLE]) - [-1.0]
2019-05-20 17:11:16.371 TRACE 6380 --- [    Test worker] o.h.type.descriptor.sql.BasicExtractor   : extracted value ([mov_tipo3_2_] : [VARCHAR]) - [CARRO]
2019-05-20 17:11:16.371 DEBUG 6380 --- [    Test worker] org.hibernate.SQL                        : insert into factura (facId, fac_fecha_ingreso, fac_fecha_salida, fac_valor, mov_placa) values (null, ?, ?, ?, ?)
Hibernate: insert into factura (facId, fac_fecha_ingreso, fac_fecha_salida, fac_valor, mov_placa) values (null, ?, ?, ?, ?)
2019-05-20 17:11:16.372 TRACE 6380 --- [    Test worker] o.h.type.descriptor.sql.BasicBinder      : binding parameter [1] as [TIMESTAMP] - [Mon May 20 17:11:16 COT 2019]
2019-05-20 17:11:16.372 TRACE 6380 --- [    Test worker] o.h.type.descriptor.sql.BasicBinder      : binding parameter [2] as [TIMESTAMP] - [null]
2019-05-20 17:11:16.372 TRACE 6380 --- [    Test worker] o.h.type.descriptor.sql.BasicBinder      : binding parameter [3] as [DOUBLE] - [0.0]
2019-05-20 17:11:16.372 TRACE 6380 --- [    Test worker] o.h.type.descriptor.sql.BasicBinder      : binding parameter [4] as [VARCHAR] - [VBN-6]
2019-05-20 17:11:16.374 DEBUG 6380 --- [    Test worker] org.hibernate.SQL                        : SELECT COUNT(*) FROM factura JOIN movil ON factura.mov_placa = movil.mov_placa WHERE movil.mov_tipo_movil = ? AND factura.fac_fecha_salida IS NULL
Hibernate: SELECT COUNT(*) FROM factura JOIN movil ON factura.mov_placa = movil.mov_placa WHERE movil.mov_tipo_movil = ? AND factura.fac_fecha_salida IS NULL
2019-05-20 17:11:16.375 TRACE 6380 --- [    Test worker] o.h.type.descriptor.sql.BasicBinder      : binding parameter [1] as [VARCHAR] - [CARRO]
2019-05-20 17:11:16.377 TRACE 6380 --- [    Test worker] o.h.type.descriptor.sql.BasicExtractor   : extracted value ([COUNT(*)] : [NUMERIC]) - [7]
2019-05-20 17:11:16.379 DEBUG 6380 --- [    Test worker] org.hibernate.SQL                        : SELECT COUNT(*) FROM factura WHERE mov_placa = ? AND fac_fecha_salida IS NULL
Hibernate: SELECT COUNT(*) FROM factura WHERE mov_placa = ? AND fac_fecha_salida IS NULL
2019-05-20 17:11:16.380 TRACE 6380 --- [    Test worker] o.h.type.descriptor.sql.BasicBinder      : binding parameter [1] as [VARCHAR] - [VBN-7]
2019-05-20 17:11:16.380 TRACE 6380 --- [    Test worker] o.h.type.descriptor.sql.BasicExtractor   : extracted value ([COUNT(*)] : [NUMERIC]) - [0]
2019-05-20 17:11:16.382 DEBUG 6380 --- [    Test worker] org.hibernate.SQL                        : select movilentit0_.mov_placa as mov_plac1_2_0_, movilentit0_.mov_cilindraje as mov_cili2_2_0_, movilentit0_.mov_tipo_movil as mov_tipo3_2_0_ from movil movilentit0_ where movilentit0_.mov_placa=?
Hibernate: select movilentit0_.mov_placa as mov_plac1_2_0_, movilentit0_.mov_cilindraje as mov_cili2_2_0_, movilentit0_.mov_tipo_movil as mov_tipo3_2_0_ from movil movilentit0_ where movilentit0_.mov_placa=?
2019-05-20 17:11:16.383 TRACE 6380 --- [    Test worker] o.h.type.descriptor.sql.BasicBinder      : binding parameter [1] as [VARCHAR] - [VBN-7]
2019-05-20 17:11:16.389 DEBUG 6380 --- [    Test worker] org.hibernate.SQL                        : select movilentit0_.mov_placa as mov_plac1_2_1_, movilentit0_.mov_cilindraje as mov_cili2_2_1_, movilentit0_.mov_tipo_movil as mov_tipo3_2_1_, facturasen1_.mov_placa as mov_plac5_1_3_, facturasen1_.facId as facId1_1_3_, facturasen1_.facId as facId1_1_0_, facturasen1_.fac_fecha_ingreso as fac_fech2_1_0_, facturasen1_.fac_fecha_salida as fac_fech3_1_0_, facturasen1_.fac_valor as fac_valo4_1_0_, facturasen1_.mov_placa as mov_plac5_1_0_ from movil movilentit0_ left outer join factura facturasen1_ on movilentit0_.mov_placa=facturasen1_.mov_placa where movilentit0_.mov_placa=?
Hibernate: select movilentit0_.mov_placa as mov_plac1_2_1_, movilentit0_.mov_cilindraje as mov_cili2_2_1_, movilentit0_.mov_tipo_movil as mov_tipo3_2_1_, facturasen1_.mov_placa as mov_plac5_1_3_, facturasen1_.facId as facId1_1_3_, facturasen1_.facId as facId1_1_0_, facturasen1_.fac_fecha_ingreso as fac_fech2_1_0_, facturasen1_.fac_fecha_salida as fac_fech3_1_0_, facturasen1_.fac_valor as fac_valo4_1_0_, facturasen1_.mov_placa as mov_plac5_1_0_ from movil movilentit0_ left outer join factura facturasen1_ on movilentit0_.mov_placa=facturasen1_.mov_placa where movilentit0_.mov_placa=?
2019-05-20 17:11:16.390 TRACE 6380 --- [    Test worker] o.h.type.descriptor.sql.BasicBinder      : binding parameter [1] as [VARCHAR] - [VBN-7]
2019-05-20 17:11:16.392 DEBUG 6380 --- [    Test worker] org.hibernate.SQL                        : insert into movil (mov_cilindraje, mov_tipo_movil, mov_placa) values (?, ?, ?)
Hibernate: insert into movil (mov_cilindraje, mov_tipo_movil, mov_placa) values (?, ?, ?)
2019-05-20 17:11:16.393 TRACE 6380 --- [    Test worker] o.h.type.descriptor.sql.BasicBinder      : binding parameter [1] as [DOUBLE] - [-1.0]
2019-05-20 17:11:16.393 TRACE 6380 --- [    Test worker] o.h.type.descriptor.sql.BasicBinder      : binding parameter [2] as [VARCHAR] - [CARRO]
2019-05-20 17:11:16.393 TRACE 6380 --- [    Test worker] o.h.type.descriptor.sql.BasicBinder      : binding parameter [3] as [VARCHAR] - [VBN-7]
2019-05-20 17:11:16.395 DEBUG 6380 --- [    Test worker] org.hibernate.SQL                        : select movilentit_.mov_placa, movilentit_.mov_cilindraje as mov_cili2_2_, movilentit_.mov_tipo_movil as mov_tipo3_2_ from movil movilentit_ where movilentit_.mov_placa=?
Hibernate: select movilentit_.mov_placa, movilentit_.mov_cilindraje as mov_cili2_2_, movilentit_.mov_tipo_movil as mov_tipo3_2_ from movil movilentit_ where movilentit_.mov_placa=?
2019-05-20 17:11:16.396 TRACE 6380 --- [    Test worker] o.h.type.descriptor.sql.BasicBinder      : binding parameter [1] as [VARCHAR] - [VBN-7]
2019-05-20 17:11:16.396 TRACE 6380 --- [    Test worker] o.h.type.descriptor.sql.BasicExtractor   : extracted value ([mov_cili2_2_] : [DOUBLE]) - [-1.0]
2019-05-20 17:11:16.396 TRACE 6380 --- [    Test worker] o.h.type.descriptor.sql.BasicExtractor   : extracted value ([mov_tipo3_2_] : [VARCHAR]) - [CARRO]
2019-05-20 17:11:16.397 DEBUG 6380 --- [    Test worker] org.hibernate.SQL                        : insert into factura (facId, fac_fecha_ingreso, fac_fecha_salida, fac_valor, mov_placa) values (null, ?, ?, ?, ?)
Hibernate: insert into factura (facId, fac_fecha_ingreso, fac_fecha_salida, fac_valor, mov_placa) values (null, ?, ?, ?, ?)
2019-05-20 17:11:16.398 TRACE 6380 --- [    Test worker] o.h.type.descriptor.sql.BasicBinder      : binding parameter [1] as [TIMESTAMP] - [Mon May 20 17:11:16 COT 2019]
2019-05-20 17:11:16.398 TRACE 6380 --- [    Test worker] o.h.type.descriptor.sql.BasicBinder      : binding parameter [2] as [TIMESTAMP] - [null]
2019-05-20 17:11:16.398 TRACE 6380 --- [    Test worker] o.h.type.descriptor.sql.BasicBinder      : binding parameter [3] as [DOUBLE] - [0.0]
2019-05-20 17:11:16.398 TRACE 6380 --- [    Test worker] o.h.type.descriptor.sql.BasicBinder      : binding parameter [4] as [VARCHAR] - [VBN-7]
2019-05-20 17:11:16.402 DEBUG 6380 --- [    Test worker] org.hibernate.SQL                        : SELECT COUNT(*) FROM factura JOIN movil ON factura.mov_placa = movil.mov_placa WHERE movil.mov_tipo_movil = ? AND factura.fac_fecha_salida IS NULL
Hibernate: SELECT COUNT(*) FROM factura JOIN movil ON factura.mov_placa = movil.mov_placa WHERE movil.mov_tipo_movil = ? AND factura.fac_fecha_salida IS NULL
2019-05-20 17:11:16.403 TRACE 6380 --- [    Test worker] o.h.type.descriptor.sql.BasicBinder      : binding parameter [1] as [VARCHAR] - [CARRO]
2019-05-20 17:11:16.404 TRACE 6380 --- [    Test worker] o.h.type.descriptor.sql.BasicExtractor   : extracted value ([COUNT(*)] : [NUMERIC]) - [8]
2019-05-20 17:11:16.407 DEBUG 6380 --- [    Test worker] org.hibernate.SQL                        : SELECT COUNT(*) FROM factura WHERE mov_placa = ? AND fac_fecha_salida IS NULL
Hibernate: SELECT COUNT(*) FROM factura WHERE mov_placa = ? AND fac_fecha_salida IS NULL
2019-05-20 17:11:16.408 TRACE 6380 --- [    Test worker] o.h.type.descriptor.sql.BasicBinder      : binding parameter [1] as [VARCHAR] - [VBN-8]
2019-05-20 17:11:16.408 TRACE 6380 --- [    Test worker] o.h.type.descriptor.sql.BasicExtractor   : extracted value ([COUNT(*)] : [NUMERIC]) - [0]
2019-05-20 17:11:16.411 DEBUG 6380 --- [    Test worker] org.hibernate.SQL                        : select movilentit0_.mov_placa as mov_plac1_2_0_, movilentit0_.mov_cilindraje as mov_cili2_2_0_, movilentit0_.mov_tipo_movil as mov_tipo3_2_0_ from movil movilentit0_ where movilentit0_.mov_placa=?
Hibernate: select movilentit0_.mov_placa as mov_plac1_2_0_, movilentit0_.mov_cilindraje as mov_cili2_2_0_, movilentit0_.mov_tipo_movil as mov_tipo3_2_0_ from movil movilentit0_ where movilentit0_.mov_placa=?
2019-05-20 17:11:16.411 TRACE 6380 --- [    Test worker] o.h.type.descriptor.sql.BasicBinder      : binding parameter [1] as [VARCHAR] - [VBN-8]
2019-05-20 17:11:16.413 DEBUG 6380 --- [    Test worker] org.hibernate.SQL                        : select movilentit0_.mov_placa as mov_plac1_2_1_, movilentit0_.mov_cilindraje as mov_cili2_2_1_, movilentit0_.mov_tipo_movil as mov_tipo3_2_1_, facturasen1_.mov_placa as mov_plac5_1_3_, facturasen1_.facId as facId1_1_3_, facturasen1_.facId as facId1_1_0_, facturasen1_.fac_fecha_ingreso as fac_fech2_1_0_, facturasen1_.fac_fecha_salida as fac_fech3_1_0_, facturasen1_.fac_valor as fac_valo4_1_0_, facturasen1_.mov_placa as mov_plac5_1_0_ from movil movilentit0_ left outer join factura facturasen1_ on movilentit0_.mov_placa=facturasen1_.mov_placa where movilentit0_.mov_placa=?
Hibernate: select movilentit0_.mov_placa as mov_plac1_2_1_, movilentit0_.mov_cilindraje as mov_cili2_2_1_, movilentit0_.mov_tipo_movil as mov_tipo3_2_1_, facturasen1_.mov_placa as mov_plac5_1_3_, facturasen1_.facId as facId1_1_3_, facturasen1_.facId as facId1_1_0_, facturasen1_.fac_fecha_ingreso as fac_fech2_1_0_, facturasen1_.fac_fecha_salida as fac_fech3_1_0_, facturasen1_.fac_valor as fac_valo4_1_0_, facturasen1_.mov_placa as mov_plac5_1_0_ from movil movilentit0_ left outer join factura facturasen1_ on movilentit0_.mov_placa=facturasen1_.mov_placa where movilentit0_.mov_placa=?
2019-05-20 17:11:16.414 TRACE 6380 --- [    Test worker] o.h.type.descriptor.sql.BasicBinder      : binding parameter [1] as [VARCHAR] - [VBN-8]
2019-05-20 17:11:16.415 DEBUG 6380 --- [    Test worker] org.hibernate.SQL                        : insert into movil (mov_cilindraje, mov_tipo_movil, mov_placa) values (?, ?, ?)
Hibernate: insert into movil (mov_cilindraje, mov_tipo_movil, mov_placa) values (?, ?, ?)
2019-05-20 17:11:16.416 TRACE 6380 --- [    Test worker] o.h.type.descriptor.sql.BasicBinder      : binding parameter [1] as [DOUBLE] - [-1.0]
2019-05-20 17:11:16.416 TRACE 6380 --- [    Test worker] o.h.type.descriptor.sql.BasicBinder      : binding parameter [2] as [VARCHAR] - [CARRO]
2019-05-20 17:11:16.416 TRACE 6380 --- [    Test worker] o.h.type.descriptor.sql.BasicBinder      : binding parameter [3] as [VARCHAR] - [VBN-8]
2019-05-20 17:11:16.418 DEBUG 6380 --- [    Test worker] org.hibernate.SQL                        : select movilentit_.mov_placa, movilentit_.mov_cilindraje as mov_cili2_2_, movilentit_.mov_tipo_movil as mov_tipo3_2_ from movil movilentit_ where movilentit_.mov_placa=?
Hibernate: select movilentit_.mov_placa, movilentit_.mov_cilindraje as mov_cili2_2_, movilentit_.mov_tipo_movil as mov_tipo3_2_ from movil movilentit_ where movilentit_.mov_placa=?
2019-05-20 17:11:16.419 TRACE 6380 --- [    Test worker] o.h.type.descriptor.sql.BasicBinder      : binding parameter [1] as [VARCHAR] - [VBN-8]
2019-05-20 17:11:16.419 TRACE 6380 --- [    Test worker] o.h.type.descriptor.sql.BasicExtractor   : extracted value ([mov_cili2_2_] : [DOUBLE]) - [-1.0]
2019-05-20 17:11:16.419 TRACE 6380 --- [    Test worker] o.h.type.descriptor.sql.BasicExtractor   : extracted value ([mov_tipo3_2_] : [VARCHAR]) - [CARRO]
2019-05-20 17:11:16.420 DEBUG 6380 --- [    Test worker] org.hibernate.SQL                        : insert into factura (facId, fac_fecha_ingreso, fac_fecha_salida, fac_valor, mov_placa) values (null, ?, ?, ?, ?)
Hibernate: insert into factura (facId, fac_fecha_ingreso, fac_fecha_salida, fac_valor, mov_placa) values (null, ?, ?, ?, ?)
2019-05-20 17:11:16.420 TRACE 6380 --- [    Test worker] o.h.type.descriptor.sql.BasicBinder      : binding parameter [1] as [TIMESTAMP] - [Mon May 20 17:11:16 COT 2019]
2019-05-20 17:11:16.420 TRACE 6380 --- [    Test worker] o.h.type.descriptor.sql.BasicBinder      : binding parameter [2] as [TIMESTAMP] - [null]
2019-05-20 17:11:16.420 TRACE 6380 --- [    Test worker] o.h.type.descriptor.sql.BasicBinder      : binding parameter [3] as [DOUBLE] - [0.0]
2019-05-20 17:11:16.421 TRACE 6380 --- [    Test worker] o.h.type.descriptor.sql.BasicBinder      : binding parameter [4] as [VARCHAR] - [VBN-8]
2019-05-20 17:11:16.423 DEBUG 6380 --- [    Test worker] org.hibernate.SQL                        : SELECT COUNT(*) FROM factura JOIN movil ON factura.mov_placa = movil.mov_placa WHERE movil.mov_tipo_movil = ? AND factura.fac_fecha_salida IS NULL
Hibernate: SELECT COUNT(*) FROM factura JOIN movil ON factura.mov_placa = movil.mov_placa WHERE movil.mov_tipo_movil = ? AND factura.fac_fecha_salida IS NULL
2019-05-20 17:11:16.424 TRACE 6380 --- [    Test worker] o.h.type.descriptor.sql.BasicBinder      : binding parameter [1] as [VARCHAR] - [CARRO]
2019-05-20 17:11:16.427 TRACE 6380 --- [    Test worker] o.h.type.descriptor.sql.BasicExtractor   : extracted value ([COUNT(*)] : [NUMERIC]) - [9]
2019-05-20 17:11:16.428 DEBUG 6380 --- [    Test worker] org.hibernate.SQL                        : SELECT COUNT(*) FROM factura WHERE mov_placa = ? AND fac_fecha_salida IS NULL
Hibernate: SELECT COUNT(*) FROM factura WHERE mov_placa = ? AND fac_fecha_salida IS NULL
2019-05-20 17:11:16.429 TRACE 6380 --- [    Test worker] o.h.type.descriptor.sql.BasicBinder      : binding parameter [1] as [VARCHAR] - [VBN-9]
2019-05-20 17:11:16.430 TRACE 6380 --- [    Test worker] o.h.type.descriptor.sql.BasicExtractor   : extracted value ([COUNT(*)] : [NUMERIC]) - [0]
2019-05-20 17:11:16.432 DEBUG 6380 --- [    Test worker] org.hibernate.SQL                        : select movilentit0_.mov_placa as mov_plac1_2_0_, movilentit0_.mov_cilindraje as mov_cili2_2_0_, movilentit0_.mov_tipo_movil as mov_tipo3_2_0_ from movil movilentit0_ where movilentit0_.mov_placa=?
Hibernate: select movilentit0_.mov_placa as mov_plac1_2_0_, movilentit0_.mov_cilindraje as mov_cili2_2_0_, movilentit0_.mov_tipo_movil as mov_tipo3_2_0_ from movil movilentit0_ where movilentit0_.mov_placa=?
2019-05-20 17:11:16.433 TRACE 6380 --- [    Test worker] o.h.type.descriptor.sql.BasicBinder      : binding parameter [1] as [VARCHAR] - [VBN-9]
2019-05-20 17:11:16.435 DEBUG 6380 --- [    Test worker] org.hibernate.SQL                        : select movilentit0_.mov_placa as mov_plac1_2_1_, movilentit0_.mov_cilindraje as mov_cili2_2_1_, movilentit0_.mov_tipo_movil as mov_tipo3_2_1_, facturasen1_.mov_placa as mov_plac5_1_3_, facturasen1_.facId as facId1_1_3_, facturasen1_.facId as facId1_1_0_, facturasen1_.fac_fecha_ingreso as fac_fech2_1_0_, facturasen1_.fac_fecha_salida as fac_fech3_1_0_, facturasen1_.fac_valor as fac_valo4_1_0_, facturasen1_.mov_placa as mov_plac5_1_0_ from movil movilentit0_ left outer join factura facturasen1_ on movilentit0_.mov_placa=facturasen1_.mov_placa where movilentit0_.mov_placa=?
Hibernate: select movilentit0_.mov_placa as mov_plac1_2_1_, movilentit0_.mov_cilindraje as mov_cili2_2_1_, movilentit0_.mov_tipo_movil as mov_tipo3_2_1_, facturasen1_.mov_placa as mov_plac5_1_3_, facturasen1_.facId as facId1_1_3_, facturasen1_.facId as facId1_1_0_, facturasen1_.fac_fecha_ingreso as fac_fech2_1_0_, facturasen1_.fac_fecha_salida as fac_fech3_1_0_, facturasen1_.fac_valor as fac_valo4_1_0_, facturasen1_.mov_placa as mov_plac5_1_0_ from movil movilentit0_ left outer join factura facturasen1_ on movilentit0_.mov_placa=facturasen1_.mov_placa where movilentit0_.mov_placa=?
2019-05-20 17:11:16.440 TRACE 6380 --- [    Test worker] o.h.type.descriptor.sql.BasicBinder      : binding parameter [1] as [VARCHAR] - [VBN-9]
2019-05-20 17:11:16.442 DEBUG 6380 --- [    Test worker] org.hibernate.SQL                        : insert into movil (mov_cilindraje, mov_tipo_movil, mov_placa) values (?, ?, ?)
Hibernate: insert into movil (mov_cilindraje, mov_tipo_movil, mov_placa) values (?, ?, ?)
2019-05-20 17:11:16.442 TRACE 6380 --- [    Test worker] o.h.type.descriptor.sql.BasicBinder      : binding parameter [1] as [DOUBLE] - [-1.0]
2019-05-20 17:11:16.442 TRACE 6380 --- [    Test worker] o.h.type.descriptor.sql.BasicBinder      : binding parameter [2] as [VARCHAR] - [CARRO]
2019-05-20 17:11:16.442 TRACE 6380 --- [    Test worker] o.h.type.descriptor.sql.BasicBinder      : binding parameter [3] as [VARCHAR] - [VBN-9]
2019-05-20 17:11:16.444 DEBUG 6380 --- [    Test worker] org.hibernate.SQL                        : select movilentit_.mov_placa, movilentit_.mov_cilindraje as mov_cili2_2_, movilentit_.mov_tipo_movil as mov_tipo3_2_ from movil movilentit_ where movilentit_.mov_placa=?
Hibernate: select movilentit_.mov_placa, movilentit_.mov_cilindraje as mov_cili2_2_, movilentit_.mov_tipo_movil as mov_tipo3_2_ from movil movilentit_ where movilentit_.mov_placa=?
2019-05-20 17:11:16.445 TRACE 6380 --- [    Test worker] o.h.type.descriptor.sql.BasicBinder      : binding parameter [1] as [VARCHAR] - [VBN-9]
2019-05-20 17:11:16.445 TRACE 6380 --- [    Test worker] o.h.type.descriptor.sql.BasicExtractor   : extracted value ([mov_cili2_2_] : [DOUBLE]) - [-1.0]
2019-05-20 17:11:16.445 TRACE 6380 --- [    Test worker] o.h.type.descriptor.sql.BasicExtractor   : extracted value ([mov_tipo3_2_] : [VARCHAR]) - [CARRO]
2019-05-20 17:11:16.446 DEBUG 6380 --- [    Test worker] org.hibernate.SQL                        : insert into factura (facId, fac_fecha_ingreso, fac_fecha_salida, fac_valor, mov_placa) values (null, ?, ?, ?, ?)
Hibernate: insert into factura (facId, fac_fecha_ingreso, fac_fecha_salida, fac_valor, mov_placa) values (null, ?, ?, ?, ?)
2019-05-20 17:11:16.447 TRACE 6380 --- [    Test worker] o.h.type.descriptor.sql.BasicBinder      : binding parameter [1] as [TIMESTAMP] - [Mon May 20 17:11:16 COT 2019]
2019-05-20 17:11:16.447 TRACE 6380 --- [    Test worker] o.h.type.descriptor.sql.BasicBinder      : binding parameter [2] as [TIMESTAMP] - [null]
2019-05-20 17:11:16.447 TRACE 6380 --- [    Test worker] o.h.type.descriptor.sql.BasicBinder      : binding parameter [3] as [DOUBLE] - [0.0]
2019-05-20 17:11:16.447 TRACE 6380 --- [    Test worker] o.h.type.descriptor.sql.BasicBinder      : binding parameter [4] as [VARCHAR] - [VBN-9]
2019-05-20 17:11:16.450 DEBUG 6380 --- [    Test worker] org.hibernate.SQL                        : SELECT COUNT(*) FROM factura JOIN movil ON factura.mov_placa = movil.mov_placa WHERE movil.mov_tipo_movil = ? AND factura.fac_fecha_salida IS NULL
Hibernate: SELECT COUNT(*) FROM factura JOIN movil ON factura.mov_placa = movil.mov_placa WHERE movil.mov_tipo_movil = ? AND factura.fac_fecha_salida IS NULL
2019-05-20 17:11:16.451 TRACE 6380 --- [    Test worker] o.h.type.descriptor.sql.BasicBinder      : binding parameter [1] as [VARCHAR] - [CARRO]
2019-05-20 17:11:16.452 TRACE 6380 --- [    Test worker] o.h.type.descriptor.sql.BasicExtractor   : extracted value ([COUNT(*)] : [NUMERIC]) - [10]
2019-05-20 17:11:16.453 DEBUG 6380 --- [    Test worker] org.hibernate.SQL                        : SELECT COUNT(*) FROM factura WHERE mov_placa = ? AND fac_fecha_salida IS NULL
Hibernate: SELECT COUNT(*) FROM factura WHERE mov_placa = ? AND fac_fecha_salida IS NULL
2019-05-20 17:11:16.454 TRACE 6380 --- [    Test worker] o.h.type.descriptor.sql.BasicBinder      : binding parameter [1] as [VARCHAR] - [VBN-10]
2019-05-20 17:11:16.455 TRACE 6380 --- [    Test worker] o.h.type.descriptor.sql.BasicExtractor   : extracted value ([COUNT(*)] : [NUMERIC]) - [0]
2019-05-20 17:11:16.458 DEBUG 6380 --- [    Test worker] org.hibernate.SQL                        : select movilentit0_.mov_placa as mov_plac1_2_0_, movilentit0_.mov_cilindraje as mov_cili2_2_0_, movilentit0_.mov_tipo_movil as mov_tipo3_2_0_ from movil movilentit0_ where movilentit0_.mov_placa=?
Hibernate: select movilentit0_.mov_placa as mov_plac1_2_0_, movilentit0_.mov_cilindraje as mov_cili2_2_0_, movilentit0_.mov_tipo_movil as mov_tipo3_2_0_ from movil movilentit0_ where movilentit0_.mov_placa=?
2019-05-20 17:11:16.459 TRACE 6380 --- [    Test worker] o.h.type.descriptor.sql.BasicBinder      : binding parameter [1] as [VARCHAR] - [VBN-10]
2019-05-20 17:11:16.461 DEBUG 6380 --- [    Test worker] org.hibernate.SQL                        : select movilentit0_.mov_placa as mov_plac1_2_1_, movilentit0_.mov_cilindraje as mov_cili2_2_1_, movilentit0_.mov_tipo_movil as mov_tipo3_2_1_, facturasen1_.mov_placa as mov_plac5_1_3_, facturasen1_.facId as facId1_1_3_, facturasen1_.facId as facId1_1_0_, facturasen1_.fac_fecha_ingreso as fac_fech2_1_0_, facturasen1_.fac_fecha_salida as fac_fech3_1_0_, facturasen1_.fac_valor as fac_valo4_1_0_, facturasen1_.mov_placa as mov_plac5_1_0_ from movil movilentit0_ left outer join factura facturasen1_ on movilentit0_.mov_placa=facturasen1_.mov_placa where movilentit0_.mov_placa=?
Hibernate: select movilentit0_.mov_placa as mov_plac1_2_1_, movilentit0_.mov_cilindraje as mov_cili2_2_1_, movilentit0_.mov_tipo_movil as mov_tipo3_2_1_, facturasen1_.mov_placa as mov_plac5_1_3_, facturasen1_.facId as facId1_1_3_, facturasen1_.facId as facId1_1_0_, facturasen1_.fac_fecha_ingreso as fac_fech2_1_0_, facturasen1_.fac_fecha_salida as fac_fech3_1_0_, facturasen1_.fac_valor as fac_valo4_1_0_, facturasen1_.mov_placa as mov_plac5_1_0_ from movil movilentit0_ left outer join factura facturasen1_ on movilentit0_.mov_placa=facturasen1_.mov_placa where movilentit0_.mov_placa=?
2019-05-20 17:11:16.462 TRACE 6380 --- [    Test worker] o.h.type.descriptor.sql.BasicBinder      : binding parameter [1] as [VARCHAR] - [VBN-10]
2019-05-20 17:11:16.463 DEBUG 6380 --- [    Test worker] org.hibernate.SQL                        : insert into movil (mov_cilindraje, mov_tipo_movil, mov_placa) values (?, ?, ?)
Hibernate: insert into movil (mov_cilindraje, mov_tipo_movil, mov_placa) values (?, ?, ?)
2019-05-20 17:11:16.464 TRACE 6380 --- [    Test worker] o.h.type.descriptor.sql.BasicBinder      : binding parameter [1] as [DOUBLE] - [-1.0]
2019-05-20 17:11:16.464 TRACE 6380 --- [    Test worker] o.h.type.descriptor.sql.BasicBinder      : binding parameter [2] as [VARCHAR] - [CARRO]
2019-05-20 17:11:16.464 TRACE 6380 --- [    Test worker] o.h.type.descriptor.sql.BasicBinder      : binding parameter [3] as [VARCHAR] - [VBN-10]
2019-05-20 17:11:16.467 DEBUG 6380 --- [    Test worker] org.hibernate.SQL                        : select movilentit_.mov_placa, movilentit_.mov_cilindraje as mov_cili2_2_, movilentit_.mov_tipo_movil as mov_tipo3_2_ from movil movilentit_ where movilentit_.mov_placa=?
Hibernate: select movilentit_.mov_placa, movilentit_.mov_cilindraje as mov_cili2_2_, movilentit_.mov_tipo_movil as mov_tipo3_2_ from movil movilentit_ where movilentit_.mov_placa=?
2019-05-20 17:11:16.467 TRACE 6380 --- [    Test worker] o.h.type.descriptor.sql.BasicBinder      : binding parameter [1] as [VARCHAR] - [VBN-10]
2019-05-20 17:11:16.467 TRACE 6380 --- [    Test worker] o.h.type.descriptor.sql.BasicExtractor   : extracted value ([mov_cili2_2_] : [DOUBLE]) - [-1.0]
2019-05-20 17:11:16.468 TRACE 6380 --- [    Test worker] o.h.type.descriptor.sql.BasicExtractor   : extracted value ([mov_tipo3_2_] : [VARCHAR]) - [CARRO]
2019-05-20 17:11:16.468 DEBUG 6380 --- [    Test worker] org.hibernate.SQL                        : insert into factura (facId, fac_fecha_ingreso, fac_fecha_salida, fac_valor, mov_placa) values (null, ?, ?, ?, ?)
Hibernate: insert into factura (facId, fac_fecha_ingreso, fac_fecha_salida, fac_valor, mov_placa) values (null, ?, ?, ?, ?)
2019-05-20 17:11:16.468 TRACE 6380 --- [    Test worker] o.h.type.descriptor.sql.BasicBinder      : binding parameter [1] as [TIMESTAMP] - [Mon May 20 17:11:16 COT 2019]
2019-05-20 17:11:16.468 TRACE 6380 --- [    Test worker] o.h.type.descriptor.sql.BasicBinder      : binding parameter [2] as [TIMESTAMP] - [null]
2019-05-20 17:11:16.468 TRACE 6380 --- [    Test worker] o.h.type.descriptor.sql.BasicBinder      : binding parameter [3] as [DOUBLE] - [0.0]
2019-05-20 17:11:16.469 TRACE 6380 --- [    Test worker] o.h.type.descriptor.sql.BasicBinder      : binding parameter [4] as [VARCHAR] - [VBN-10]
2019-05-20 17:11:16.471 DEBUG 6380 --- [    Test worker] org.hibernate.SQL                        : SELECT COUNT(*) FROM factura JOIN movil ON factura.mov_placa = movil.mov_placa WHERE movil.mov_tipo_movil = ? AND factura.fac_fecha_salida IS NULL
Hibernate: SELECT COUNT(*) FROM factura JOIN movil ON factura.mov_placa = movil.mov_placa WHERE movil.mov_tipo_movil = ? AND factura.fac_fecha_salida IS NULL
2019-05-20 17:11:16.471 TRACE 6380 --- [    Test worker] o.h.type.descriptor.sql.BasicBinder      : binding parameter [1] as [VARCHAR] - [CARRO]
2019-05-20 17:11:16.472 TRACE 6380 --- [    Test worker] o.h.type.descriptor.sql.BasicExtractor   : extracted value ([COUNT(*)] : [NUMERIC]) - [11]
2019-05-20 17:11:16.474 DEBUG 6380 --- [    Test worker] org.hibernate.SQL                        : SELECT COUNT(*) FROM factura WHERE mov_placa = ? AND fac_fecha_salida IS NULL
Hibernate: SELECT COUNT(*) FROM factura WHERE mov_placa = ? AND fac_fecha_salida IS NULL
2019-05-20 17:11:16.475 TRACE 6380 --- [    Test worker] o.h.type.descriptor.sql.BasicBinder      : binding parameter [1] as [VARCHAR] - [VBN-11]
2019-05-20 17:11:16.478 TRACE 6380 --- [    Test worker] o.h.type.descriptor.sql.BasicExtractor   : extracted value ([COUNT(*)] : [NUMERIC]) - [0]
2019-05-20 17:11:16.481 DEBUG 6380 --- [    Test worker] org.hibernate.SQL                        : select movilentit0_.mov_placa as mov_plac1_2_0_, movilentit0_.mov_cilindraje as mov_cili2_2_0_, movilentit0_.mov_tipo_movil as mov_tipo3_2_0_ from movil movilentit0_ where movilentit0_.mov_placa=?
Hibernate: select movilentit0_.mov_placa as mov_plac1_2_0_, movilentit0_.mov_cilindraje as mov_cili2_2_0_, movilentit0_.mov_tipo_movil as mov_tipo3_2_0_ from movil movilentit0_ where movilentit0_.mov_placa=?
2019-05-20 17:11:16.482 TRACE 6380 --- [    Test worker] o.h.type.descriptor.sql.BasicBinder      : binding parameter [1] as [VARCHAR] - [VBN-11]
2019-05-20 17:11:16.487 DEBUG 6380 --- [    Test worker] org.hibernate.SQL                        : select movilentit0_.mov_placa as mov_plac1_2_1_, movilentit0_.mov_cilindraje as mov_cili2_2_1_, movilentit0_.mov_tipo_movil as mov_tipo3_2_1_, facturasen1_.mov_placa as mov_plac5_1_3_, facturasen1_.facId as facId1_1_3_, facturasen1_.facId as facId1_1_0_, facturasen1_.fac_fecha_ingreso as fac_fech2_1_0_, facturasen1_.fac_fecha_salida as fac_fech3_1_0_, facturasen1_.fac_valor as fac_valo4_1_0_, facturasen1_.mov_placa as mov_plac5_1_0_ from movil movilentit0_ left outer join factura facturasen1_ on movilentit0_.mov_placa=facturasen1_.mov_placa where movilentit0_.mov_placa=?
Hibernate: select movilentit0_.mov_placa as mov_plac1_2_1_, movilentit0_.mov_cilindraje as mov_cili2_2_1_, movilentit0_.mov_tipo_movil as mov_tipo3_2_1_, facturasen1_.mov_placa as mov_plac5_1_3_, facturasen1_.facId as facId1_1_3_, facturasen1_.facId as facId1_1_0_, facturasen1_.fac_fecha_ingreso as fac_fech2_1_0_, facturasen1_.fac_fecha_salida as fac_fech3_1_0_, facturasen1_.fac_valor as fac_valo4_1_0_, facturasen1_.mov_placa as mov_plac5_1_0_ from movil movilentit0_ left outer join factura facturasen1_ on movilentit0_.mov_placa=facturasen1_.mov_placa where movilentit0_.mov_placa=?
2019-05-20 17:11:16.488 TRACE 6380 --- [    Test worker] o.h.type.descriptor.sql.BasicBinder      : binding parameter [1] as [VARCHAR] - [VBN-11]
2019-05-20 17:11:16.491 DEBUG 6380 --- [    Test worker] org.hibernate.SQL                        : insert into movil (mov_cilindraje, mov_tipo_movil, mov_placa) values (?, ?, ?)
Hibernate: insert into movil (mov_cilindraje, mov_tipo_movil, mov_placa) values (?, ?, ?)
2019-05-20 17:11:16.491 TRACE 6380 --- [    Test worker] o.h.type.descriptor.sql.BasicBinder      : binding parameter [1] as [DOUBLE] - [-1.0]
2019-05-20 17:11:16.493 TRACE 6380 --- [    Test worker] o.h.type.descriptor.sql.BasicBinder      : binding parameter [2] as [VARCHAR] - [CARRO]
2019-05-20 17:11:16.494 TRACE 6380 --- [    Test worker] o.h.type.descriptor.sql.BasicBinder      : binding parameter [3] as [VARCHAR] - [VBN-11]
2019-05-20 17:11:16.499 DEBUG 6380 --- [    Test worker] org.hibernate.SQL                        : select movilentit_.mov_placa, movilentit_.mov_cilindraje as mov_cili2_2_, movilentit_.mov_tipo_movil as mov_tipo3_2_ from movil movilentit_ where movilentit_.mov_placa=?
Hibernate: select movilentit_.mov_placa, movilentit_.mov_cilindraje as mov_cili2_2_, movilentit_.mov_tipo_movil as mov_tipo3_2_ from movil movilentit_ where movilentit_.mov_placa=?
2019-05-20 17:11:16.502 TRACE 6380 --- [    Test worker] o.h.type.descriptor.sql.BasicBinder      : binding parameter [1] as [VARCHAR] - [VBN-11]
2019-05-20 17:11:16.503 TRACE 6380 --- [    Test worker] o.h.type.descriptor.sql.BasicExtractor   : extracted value ([mov_cili2_2_] : [DOUBLE]) - [-1.0]
2019-05-20 17:11:16.503 TRACE 6380 --- [    Test worker] o.h.type.descriptor.sql.BasicExtractor   : extracted value ([mov_tipo3_2_] : [VARCHAR]) - [CARRO]
2019-05-20 17:11:16.504 DEBUG 6380 --- [    Test worker] org.hibernate.SQL                        : insert into factura (facId, fac_fecha_ingreso, fac_fecha_salida, fac_valor, mov_placa) values (null, ?, ?, ?, ?)
Hibernate: insert into factura (facId, fac_fecha_ingreso, fac_fecha_salida, fac_valor, mov_placa) values (null, ?, ?, ?, ?)
2019-05-20 17:11:16.505 TRACE 6380 --- [    Test worker] o.h.type.descriptor.sql.BasicBinder      : binding parameter [1] as [TIMESTAMP] - [Mon May 20 17:11:16 COT 2019]
2019-05-20 17:11:16.505 TRACE 6380 --- [    Test worker] o.h.type.descriptor.sql.BasicBinder      : binding parameter [2] as [TIMESTAMP] - [null]
2019-05-20 17:11:16.505 TRACE 6380 --- [    Test worker] o.h.type.descriptor.sql.BasicBinder      : binding parameter [3] as [DOUBLE] - [0.0]
2019-05-20 17:11:16.506 TRACE 6380 --- [    Test worker] o.h.type.descriptor.sql.BasicBinder      : binding parameter [4] as [VARCHAR] - [VBN-11]
2019-05-20 17:11:16.509 DEBUG 6380 --- [    Test worker] org.hibernate.SQL                        : SELECT COUNT(*) FROM factura JOIN movil ON factura.mov_placa = movil.mov_placa WHERE movil.mov_tipo_movil = ? AND factura.fac_fecha_salida IS NULL
Hibernate: SELECT COUNT(*) FROM factura JOIN movil ON factura.mov_placa = movil.mov_placa WHERE movil.mov_tipo_movil = ? AND factura.fac_fecha_salida IS NULL
2019-05-20 17:11:16.512 TRACE 6380 --- [    Test worker] o.h.type.descriptor.sql.BasicBinder      : binding parameter [1] as [VARCHAR] - [CARRO]
2019-05-20 17:11:16.514 TRACE 6380 --- [    Test worker] o.h.type.descriptor.sql.BasicExtractor   : extracted value ([COUNT(*)] : [NUMERIC]) - [12]
2019-05-20 17:11:16.517 DEBUG 6380 --- [    Test worker] org.hibernate.SQL                        : SELECT COUNT(*) FROM factura WHERE mov_placa = ? AND fac_fecha_salida IS NULL
Hibernate: SELECT COUNT(*) FROM factura WHERE mov_placa = ? AND fac_fecha_salida IS NULL
2019-05-20 17:11:16.518 TRACE 6380 --- [    Test worker] o.h.type.descriptor.sql.BasicBinder      : binding parameter [1] as [VARCHAR] - [VBN-12]
2019-05-20 17:11:16.519 TRACE 6380 --- [    Test worker] o.h.type.descriptor.sql.BasicExtractor   : extracted value ([COUNT(*)] : [NUMERIC]) - [0]
2019-05-20 17:11:16.521 DEBUG 6380 --- [    Test worker] org.hibernate.SQL                        : select movilentit0_.mov_placa as mov_plac1_2_0_, movilentit0_.mov_cilindraje as mov_cili2_2_0_, movilentit0_.mov_tipo_movil as mov_tipo3_2_0_ from movil movilentit0_ where movilentit0_.mov_placa=?
Hibernate: select movilentit0_.mov_placa as mov_plac1_2_0_, movilentit0_.mov_cilindraje as mov_cili2_2_0_, movilentit0_.mov_tipo_movil as mov_tipo3_2_0_ from movil movilentit0_ where movilentit0_.mov_placa=?
2019-05-20 17:11:16.522 TRACE 6380 --- [    Test worker] o.h.type.descriptor.sql.BasicBinder      : binding parameter [1] as [VARCHAR] - [VBN-12]
2019-05-20 17:11:16.524 DEBUG 6380 --- [    Test worker] org.hibernate.SQL                        : select movilentit0_.mov_placa as mov_plac1_2_1_, movilentit0_.mov_cilindraje as mov_cili2_2_1_, movilentit0_.mov_tipo_movil as mov_tipo3_2_1_, facturasen1_.mov_placa as mov_plac5_1_3_, facturasen1_.facId as facId1_1_3_, facturasen1_.facId as facId1_1_0_, facturasen1_.fac_fecha_ingreso as fac_fech2_1_0_, facturasen1_.fac_fecha_salida as fac_fech3_1_0_, facturasen1_.fac_valor as fac_valo4_1_0_, facturasen1_.mov_placa as mov_plac5_1_0_ from movil movilentit0_ left outer join factura facturasen1_ on movilentit0_.mov_placa=facturasen1_.mov_placa where movilentit0_.mov_placa=?
Hibernate: select movilentit0_.mov_placa as mov_plac1_2_1_, movilentit0_.mov_cilindraje as mov_cili2_2_1_, movilentit0_.mov_tipo_movil as mov_tipo3_2_1_, facturasen1_.mov_placa as mov_plac5_1_3_, facturasen1_.facId as facId1_1_3_, facturasen1_.facId as facId1_1_0_, facturasen1_.fac_fecha_ingreso as fac_fech2_1_0_, facturasen1_.fac_fecha_salida as fac_fech3_1_0_, facturasen1_.fac_valor as fac_valo4_1_0_, facturasen1_.mov_placa as mov_plac5_1_0_ from movil movilentit0_ left outer join factura facturasen1_ on movilentit0_.mov_placa=facturasen1_.mov_placa where movilentit0_.mov_placa=?
2019-05-20 17:11:16.524 TRACE 6380 --- [    Test worker] o.h.type.descriptor.sql.BasicBinder      : binding parameter [1] as [VARCHAR] - [VBN-12]
2019-05-20 17:11:16.527 DEBUG 6380 --- [    Test worker] org.hibernate.SQL                        : insert into movil (mov_cilindraje, mov_tipo_movil, mov_placa) values (?, ?, ?)
Hibernate: insert into movil (mov_cilindraje, mov_tipo_movil, mov_placa) values (?, ?, ?)
2019-05-20 17:11:16.527 TRACE 6380 --- [    Test worker] o.h.type.descriptor.sql.BasicBinder      : binding parameter [1] as [DOUBLE] - [-1.0]
2019-05-20 17:11:16.527 TRACE 6380 --- [    Test worker] o.h.type.descriptor.sql.BasicBinder      : binding parameter [2] as [VARCHAR] - [CARRO]
2019-05-20 17:11:16.527 TRACE 6380 --- [    Test worker] o.h.type.descriptor.sql.BasicBinder      : binding parameter [3] as [VARCHAR] - [VBN-12]
2019-05-20 17:11:16.529 DEBUG 6380 --- [    Test worker] org.hibernate.SQL                        : select movilentit_.mov_placa, movilentit_.mov_cilindraje as mov_cili2_2_, movilentit_.mov_tipo_movil as mov_tipo3_2_ from movil movilentit_ where movilentit_.mov_placa=?
Hibernate: select movilentit_.mov_placa, movilentit_.mov_cilindraje as mov_cili2_2_, movilentit_.mov_tipo_movil as mov_tipo3_2_ from movil movilentit_ where movilentit_.mov_placa=?
2019-05-20 17:11:16.530 TRACE 6380 --- [    Test worker] o.h.type.descriptor.sql.BasicBinder      : binding parameter [1] as [VARCHAR] - [VBN-12]
2019-05-20 17:11:16.530 TRACE 6380 --- [    Test worker] o.h.type.descriptor.sql.BasicExtractor   : extracted value ([mov_cili2_2_] : [DOUBLE]) - [-1.0]
2019-05-20 17:11:16.530 TRACE 6380 --- [    Test worker] o.h.type.descriptor.sql.BasicExtractor   : extracted value ([mov_tipo3_2_] : [VARCHAR]) - [CARRO]
2019-05-20 17:11:16.531 DEBUG 6380 --- [    Test worker] org.hibernate.SQL                        : insert into factura (facId, fac_fecha_ingreso, fac_fecha_salida, fac_valor, mov_placa) values (null, ?, ?, ?, ?)
Hibernate: insert into factura (facId, fac_fecha_ingreso, fac_fecha_salida, fac_valor, mov_placa) values (null, ?, ?, ?, ?)
2019-05-20 17:11:16.531 TRACE 6380 --- [    Test worker] o.h.type.descriptor.sql.BasicBinder      : binding parameter [1] as [TIMESTAMP] - [Mon May 20 17:11:16 COT 2019]
2019-05-20 17:11:16.531 TRACE 6380 --- [    Test worker] o.h.type.descriptor.sql.BasicBinder      : binding parameter [2] as [TIMESTAMP] - [null]
2019-05-20 17:11:16.532 TRACE 6380 --- [    Test worker] o.h.type.descriptor.sql.BasicBinder      : binding parameter [3] as [DOUBLE] - [0.0]
2019-05-20 17:11:16.532 TRACE 6380 --- [    Test worker] o.h.type.descriptor.sql.BasicBinder      : binding parameter [4] as [VARCHAR] - [VBN-12]
2019-05-20 17:11:16.535 DEBUG 6380 --- [    Test worker] org.hibernate.SQL                        : SELECT COUNT(*) FROM factura JOIN movil ON factura.mov_placa = movil.mov_placa WHERE movil.mov_tipo_movil = ? AND factura.fac_fecha_salida IS NULL
Hibernate: SELECT COUNT(*) FROM factura JOIN movil ON factura.mov_placa = movil.mov_placa WHERE movil.mov_tipo_movil = ? AND factura.fac_fecha_salida IS NULL
2019-05-20 17:11:16.537 TRACE 6380 --- [    Test worker] o.h.type.descriptor.sql.BasicBinder      : binding parameter [1] as [VARCHAR] - [CARRO]
2019-05-20 17:11:16.538 TRACE 6380 --- [    Test worker] o.h.type.descriptor.sql.BasicExtractor   : extracted value ([COUNT(*)] : [NUMERIC]) - [13]
2019-05-20 17:11:16.540 DEBUG 6380 --- [    Test worker] org.hibernate.SQL                        : SELECT COUNT(*) FROM factura WHERE mov_placa = ? AND fac_fecha_salida IS NULL
Hibernate: SELECT COUNT(*) FROM factura WHERE mov_placa = ? AND fac_fecha_salida IS NULL
2019-05-20 17:11:16.541 TRACE 6380 --- [    Test worker] o.h.type.descriptor.sql.BasicBinder      : binding parameter [1] as [VARCHAR] - [VBN-13]
2019-05-20 17:11:16.542 TRACE 6380 --- [    Test worker] o.h.type.descriptor.sql.BasicExtractor   : extracted value ([COUNT(*)] : [NUMERIC]) - [0]
2019-05-20 17:11:16.544 DEBUG 6380 --- [    Test worker] org.hibernate.SQL                        : select movilentit0_.mov_placa as mov_plac1_2_0_, movilentit0_.mov_cilindraje as mov_cili2_2_0_, movilentit0_.mov_tipo_movil as mov_tipo3_2_0_ from movil movilentit0_ where movilentit0_.mov_placa=?
Hibernate: select movilentit0_.mov_placa as mov_plac1_2_0_, movilentit0_.mov_cilindraje as mov_cili2_2_0_, movilentit0_.mov_tipo_movil as mov_tipo3_2_0_ from movil movilentit0_ where movilentit0_.mov_placa=?
2019-05-20 17:11:16.544 TRACE 6380 --- [    Test worker] o.h.type.descriptor.sql.BasicBinder      : binding parameter [1] as [VARCHAR] - [VBN-13]
2019-05-20 17:11:16.547 DEBUG 6380 --- [    Test worker] org.hibernate.SQL                        : select movilentit0_.mov_placa as mov_plac1_2_1_, movilentit0_.mov_cilindraje as mov_cili2_2_1_, movilentit0_.mov_tipo_movil as mov_tipo3_2_1_, facturasen1_.mov_placa as mov_plac5_1_3_, facturasen1_.facId as facId1_1_3_, facturasen1_.facId as facId1_1_0_, facturasen1_.fac_fecha_ingreso as fac_fech2_1_0_, facturasen1_.fac_fecha_salida as fac_fech3_1_0_, facturasen1_.fac_valor as fac_valo4_1_0_, facturasen1_.mov_placa as mov_plac5_1_0_ from movil movilentit0_ left outer join factura facturasen1_ on movilentit0_.mov_placa=facturasen1_.mov_placa where movilentit0_.mov_placa=?
Hibernate: select movilentit0_.mov_placa as mov_plac1_2_1_, movilentit0_.mov_cilindraje as mov_cili2_2_1_, movilentit0_.mov_tipo_movil as mov_tipo3_2_1_, facturasen1_.mov_placa as mov_plac5_1_3_, facturasen1_.facId as facId1_1_3_, facturasen1_.facId as facId1_1_0_, facturasen1_.fac_fecha_ingreso as fac_fech2_1_0_, facturasen1_.fac_fecha_salida as fac_fech3_1_0_, facturasen1_.fac_valor as fac_valo4_1_0_, facturasen1_.mov_placa as mov_plac5_1_0_ from movil movilentit0_ left outer join factura facturasen1_ on movilentit0_.mov_placa=facturasen1_.mov_placa where movilentit0_.mov_placa=?
2019-05-20 17:11:16.548 TRACE 6380 --- [    Test worker] o.h.type.descriptor.sql.BasicBinder      : binding parameter [1] as [VARCHAR] - [VBN-13]
2019-05-20 17:11:16.549 DEBUG 6380 --- [    Test worker] org.hibernate.SQL                        : insert into movil (mov_cilindraje, mov_tipo_movil, mov_placa) values (?, ?, ?)
Hibernate: insert into movil (mov_cilindraje, mov_tipo_movil, mov_placa) values (?, ?, ?)
2019-05-20 17:11:16.549 TRACE 6380 --- [    Test worker] o.h.type.descriptor.sql.BasicBinder      : binding parameter [1] as [DOUBLE] - [-1.0]
2019-05-20 17:11:16.549 TRACE 6380 --- [    Test worker] o.h.type.descriptor.sql.BasicBinder      : binding parameter [2] as [VARCHAR] - [CARRO]
2019-05-20 17:11:16.550 TRACE 6380 --- [    Test worker] o.h.type.descriptor.sql.BasicBinder      : binding parameter [3] as [VARCHAR] - [VBN-13]
2019-05-20 17:11:16.552 DEBUG 6380 --- [    Test worker] org.hibernate.SQL                        : select movilentit_.mov_placa, movilentit_.mov_cilindraje as mov_cili2_2_, movilentit_.mov_tipo_movil as mov_tipo3_2_ from movil movilentit_ where movilentit_.mov_placa=?
Hibernate: select movilentit_.mov_placa, movilentit_.mov_cilindraje as mov_cili2_2_, movilentit_.mov_tipo_movil as mov_tipo3_2_ from movil movilentit_ where movilentit_.mov_placa=?
2019-05-20 17:11:16.552 TRACE 6380 --- [    Test worker] o.h.type.descriptor.sql.BasicBinder      : binding parameter [1] as [VARCHAR] - [VBN-13]
2019-05-20 17:11:16.552 TRACE 6380 --- [    Test worker] o.h.type.descriptor.sql.BasicExtractor   : extracted value ([mov_cili2_2_] : [DOUBLE]) - [-1.0]
2019-05-20 17:11:16.552 TRACE 6380 --- [    Test worker] o.h.type.descriptor.sql.BasicExtractor   : extracted value ([mov_tipo3_2_] : [VARCHAR]) - [CARRO]
2019-05-20 17:11:16.553 DEBUG 6380 --- [    Test worker] org.hibernate.SQL                        : insert into factura (facId, fac_fecha_ingreso, fac_fecha_salida, fac_valor, mov_placa) values (null, ?, ?, ?, ?)
Hibernate: insert into factura (facId, fac_fecha_ingreso, fac_fecha_salida, fac_valor, mov_placa) values (null, ?, ?, ?, ?)
2019-05-20 17:11:16.553 TRACE 6380 --- [    Test worker] o.h.type.descriptor.sql.BasicBinder      : binding parameter [1] as [TIMESTAMP] - [Mon May 20 17:11:16 COT 2019]
2019-05-20 17:11:16.554 TRACE 6380 --- [    Test worker] o.h.type.descriptor.sql.BasicBinder      : binding parameter [2] as [TIMESTAMP] - [null]
2019-05-20 17:11:16.554 TRACE 6380 --- [    Test worker] o.h.type.descriptor.sql.BasicBinder      : binding parameter [3] as [DOUBLE] - [0.0]
2019-05-20 17:11:16.554 TRACE 6380 --- [    Test worker] o.h.type.descriptor.sql.BasicBinder      : binding parameter [4] as [VARCHAR] - [VBN-13]
2019-05-20 17:11:16.557 DEBUG 6380 --- [    Test worker] org.hibernate.SQL                        : SELECT COUNT(*) FROM factura JOIN movil ON factura.mov_placa = movil.mov_placa WHERE movil.mov_tipo_movil = ? AND factura.fac_fecha_salida IS NULL
Hibernate: SELECT COUNT(*) FROM factura JOIN movil ON factura.mov_placa = movil.mov_placa WHERE movil.mov_tipo_movil = ? AND factura.fac_fecha_salida IS NULL
2019-05-20 17:11:16.557 TRACE 6380 --- [    Test worker] o.h.type.descriptor.sql.BasicBinder      : binding parameter [1] as [VARCHAR] - [CARRO]
2019-05-20 17:11:16.559 TRACE 6380 --- [    Test worker] o.h.type.descriptor.sql.BasicExtractor   : extracted value ([COUNT(*)] : [NUMERIC]) - [14]
2019-05-20 17:11:16.560 DEBUG 6380 --- [    Test worker] org.hibernate.SQL                        : SELECT COUNT(*) FROM factura WHERE mov_placa = ? AND fac_fecha_salida IS NULL
Hibernate: SELECT COUNT(*) FROM factura WHERE mov_placa = ? AND fac_fecha_salida IS NULL
2019-05-20 17:11:16.561 TRACE 6380 --- [    Test worker] o.h.type.descriptor.sql.BasicBinder      : binding parameter [1] as [VARCHAR] - [VBN-14]
2019-05-20 17:11:16.562 TRACE 6380 --- [    Test worker] o.h.type.descriptor.sql.BasicExtractor   : extracted value ([COUNT(*)] : [NUMERIC]) - [0]
2019-05-20 17:11:16.563 DEBUG 6380 --- [    Test worker] org.hibernate.SQL                        : select movilentit0_.mov_placa as mov_plac1_2_0_, movilentit0_.mov_cilindraje as mov_cili2_2_0_, movilentit0_.mov_tipo_movil as mov_tipo3_2_0_ from movil movilentit0_ where movilentit0_.mov_placa=?
Hibernate: select movilentit0_.mov_placa as mov_plac1_2_0_, movilentit0_.mov_cilindraje as mov_cili2_2_0_, movilentit0_.mov_tipo_movil as mov_tipo3_2_0_ from movil movilentit0_ where movilentit0_.mov_placa=?
2019-05-20 17:11:16.564 TRACE 6380 --- [    Test worker] o.h.type.descriptor.sql.BasicBinder      : binding parameter [1] as [VARCHAR] - [VBN-14]
2019-05-20 17:11:16.566 DEBUG 6380 --- [    Test worker] org.hibernate.SQL                        : select movilentit0_.mov_placa as mov_plac1_2_1_, movilentit0_.mov_cilindraje as mov_cili2_2_1_, movilentit0_.mov_tipo_movil as mov_tipo3_2_1_, facturasen1_.mov_placa as mov_plac5_1_3_, facturasen1_.facId as facId1_1_3_, facturasen1_.facId as facId1_1_0_, facturasen1_.fac_fecha_ingreso as fac_fech2_1_0_, facturasen1_.fac_fecha_salida as fac_fech3_1_0_, facturasen1_.fac_valor as fac_valo4_1_0_, facturasen1_.mov_placa as mov_plac5_1_0_ from movil movilentit0_ left outer join factura facturasen1_ on movilentit0_.mov_placa=facturasen1_.mov_placa where movilentit0_.mov_placa=?
Hibernate: select movilentit0_.mov_placa as mov_plac1_2_1_, movilentit0_.mov_cilindraje as mov_cili2_2_1_, movilentit0_.mov_tipo_movil as mov_tipo3_2_1_, facturasen1_.mov_placa as mov_plac5_1_3_, facturasen1_.facId as facId1_1_3_, facturasen1_.facId as facId1_1_0_, facturasen1_.fac_fecha_ingreso as fac_fech2_1_0_, facturasen1_.fac_fecha_salida as fac_fech3_1_0_, facturasen1_.fac_valor as fac_valo4_1_0_, facturasen1_.mov_placa as mov_plac5_1_0_ from movil movilentit0_ left outer join factura facturasen1_ on movilentit0_.mov_placa=facturasen1_.mov_placa where movilentit0_.mov_placa=?
2019-05-20 17:11:16.567 TRACE 6380 --- [    Test worker] o.h.type.descriptor.sql.BasicBinder      : binding parameter [1] as [VARCHAR] - [VBN-14]
2019-05-20 17:11:16.568 DEBUG 6380 --- [    Test worker] org.hibernate.SQL                        : insert into movil (mov_cilindraje, mov_tipo_movil, mov_placa) values (?, ?, ?)
Hibernate: insert into movil (mov_cilindraje, mov_tipo_movil, mov_placa) values (?, ?, ?)
2019-05-20 17:11:16.570 TRACE 6380 --- [    Test worker] o.h.type.descriptor.sql.BasicBinder      : binding parameter [1] as [DOUBLE] - [-1.0]
2019-05-20 17:11:16.570 TRACE 6380 --- [    Test worker] o.h.type.descriptor.sql.BasicBinder      : binding parameter [2] as [VARCHAR] - [CARRO]
2019-05-20 17:11:16.570 TRACE 6380 --- [    Test worker] o.h.type.descriptor.sql.BasicBinder      : binding parameter [3] as [VARCHAR] - [VBN-14]
2019-05-20 17:11:16.572 DEBUG 6380 --- [    Test worker] org.hibernate.SQL                        : select movilentit_.mov_placa, movilentit_.mov_cilindraje as mov_cili2_2_, movilentit_.mov_tipo_movil as mov_tipo3_2_ from movil movilentit_ where movilentit_.mov_placa=?
Hibernate: select movilentit_.mov_placa, movilentit_.mov_cilindraje as mov_cili2_2_, movilentit_.mov_tipo_movil as mov_tipo3_2_ from movil movilentit_ where movilentit_.mov_placa=?
2019-05-20 17:11:16.573 TRACE 6380 --- [    Test worker] o.h.type.descriptor.sql.BasicBinder      : binding parameter [1] as [VARCHAR] - [VBN-14]
2019-05-20 17:11:16.573 TRACE 6380 --- [    Test worker] o.h.type.descriptor.sql.BasicExtractor   : extracted value ([mov_cili2_2_] : [DOUBLE]) - [-1.0]
2019-05-20 17:11:16.573 TRACE 6380 --- [    Test worker] o.h.type.descriptor.sql.BasicExtractor   : extracted value ([mov_tipo3_2_] : [VARCHAR]) - [CARRO]
2019-05-20 17:11:16.575 DEBUG 6380 --- [    Test worker] org.hibernate.SQL                        : insert into factura (facId, fac_fecha_ingreso, fac_fecha_salida, fac_valor, mov_placa) values (null, ?, ?, ?, ?)
Hibernate: insert into factura (facId, fac_fecha_ingreso, fac_fecha_salida, fac_valor, mov_placa) values (null, ?, ?, ?, ?)
2019-05-20 17:11:16.575 TRACE 6380 --- [    Test worker] o.h.type.descriptor.sql.BasicBinder      : binding parameter [1] as [TIMESTAMP] - [Mon May 20 17:11:16 COT 2019]
2019-05-20 17:11:16.575 TRACE 6380 --- [    Test worker] o.h.type.descriptor.sql.BasicBinder      : binding parameter [2] as [TIMESTAMP] - [null]
2019-05-20 17:11:16.575 TRACE 6380 --- [    Test worker] o.h.type.descriptor.sql.BasicBinder      : binding parameter [3] as [DOUBLE] - [0.0]
2019-05-20 17:11:16.576 TRACE 6380 --- [    Test worker] o.h.type.descriptor.sql.BasicBinder      : binding parameter [4] as [VARCHAR] - [VBN-14]
2019-05-20 17:11:16.579 DEBUG 6380 --- [    Test worker] org.hibernate.SQL                        : SELECT COUNT(*) FROM factura JOIN movil ON factura.mov_placa = movil.mov_placa WHERE movil.mov_tipo_movil = ? AND factura.fac_fecha_salida IS NULL
Hibernate: SELECT COUNT(*) FROM factura JOIN movil ON factura.mov_placa = movil.mov_placa WHERE movil.mov_tipo_movil = ? AND factura.fac_fecha_salida IS NULL
2019-05-20 17:11:16.580 TRACE 6380 --- [    Test worker] o.h.type.descriptor.sql.BasicBinder      : binding parameter [1] as [VARCHAR] - [CARRO]
2019-05-20 17:11:16.582 TRACE 6380 --- [    Test worker] o.h.type.descriptor.sql.BasicExtractor   : extracted value ([COUNT(*)] : [NUMERIC]) - [15]
2019-05-20 17:11:16.584 DEBUG 6380 --- [    Test worker] org.hibernate.SQL                        : SELECT COUNT(*) FROM factura WHERE mov_placa = ? AND fac_fecha_salida IS NULL
Hibernate: SELECT COUNT(*) FROM factura WHERE mov_placa = ? AND fac_fecha_salida IS NULL
2019-05-20 17:11:16.587 TRACE 6380 --- [    Test worker] o.h.type.descriptor.sql.BasicBinder      : binding parameter [1] as [VARCHAR] - [VBN-15]
2019-05-20 17:11:16.587 TRACE 6380 --- [    Test worker] o.h.type.descriptor.sql.BasicExtractor   : extracted value ([COUNT(*)] : [NUMERIC]) - [0]
2019-05-20 17:11:16.589 DEBUG 6380 --- [    Test worker] org.hibernate.SQL                        : select movilentit0_.mov_placa as mov_plac1_2_0_, movilentit0_.mov_cilindraje as mov_cili2_2_0_, movilentit0_.mov_tipo_movil as mov_tipo3_2_0_ from movil movilentit0_ where movilentit0_.mov_placa=?
Hibernate: select movilentit0_.mov_placa as mov_plac1_2_0_, movilentit0_.mov_cilindraje as mov_cili2_2_0_, movilentit0_.mov_tipo_movil as mov_tipo3_2_0_ from movil movilentit0_ where movilentit0_.mov_placa=?
2019-05-20 17:11:16.590 TRACE 6380 --- [    Test worker] o.h.type.descriptor.sql.BasicBinder      : binding parameter [1] as [VARCHAR] - [VBN-15]
2019-05-20 17:11:16.592 DEBUG 6380 --- [    Test worker] org.hibernate.SQL                        : select movilentit0_.mov_placa as mov_plac1_2_1_, movilentit0_.mov_cilindraje as mov_cili2_2_1_, movilentit0_.mov_tipo_movil as mov_tipo3_2_1_, facturasen1_.mov_placa as mov_plac5_1_3_, facturasen1_.facId as facId1_1_3_, facturasen1_.facId as facId1_1_0_, facturasen1_.fac_fecha_ingreso as fac_fech2_1_0_, facturasen1_.fac_fecha_salida as fac_fech3_1_0_, facturasen1_.fac_valor as fac_valo4_1_0_, facturasen1_.mov_placa as mov_plac5_1_0_ from movil movilentit0_ left outer join factura facturasen1_ on movilentit0_.mov_placa=facturasen1_.mov_placa where movilentit0_.mov_placa=?
Hibernate: select movilentit0_.mov_placa as mov_plac1_2_1_, movilentit0_.mov_cilindraje as mov_cili2_2_1_, movilentit0_.mov_tipo_movil as mov_tipo3_2_1_, facturasen1_.mov_placa as mov_plac5_1_3_, facturasen1_.facId as facId1_1_3_, facturasen1_.facId as facId1_1_0_, facturasen1_.fac_fecha_ingreso as fac_fech2_1_0_, facturasen1_.fac_fecha_salida as fac_fech3_1_0_, facturasen1_.fac_valor as fac_valo4_1_0_, facturasen1_.mov_placa as mov_plac5_1_0_ from movil movilentit0_ left outer join factura facturasen1_ on movilentit0_.mov_placa=facturasen1_.mov_placa where movilentit0_.mov_placa=?
2019-05-20 17:11:16.593 TRACE 6380 --- [    Test worker] o.h.type.descriptor.sql.BasicBinder      : binding parameter [1] as [VARCHAR] - [VBN-15]
2019-05-20 17:11:16.595 DEBUG 6380 --- [    Test worker] org.hibernate.SQL                        : insert into movil (mov_cilindraje, mov_tipo_movil, mov_placa) values (?, ?, ?)
Hibernate: insert into movil (mov_cilindraje, mov_tipo_movil, mov_placa) values (?, ?, ?)
2019-05-20 17:11:16.595 TRACE 6380 --- [    Test worker] o.h.type.descriptor.sql.BasicBinder      : binding parameter [1] as [DOUBLE] - [-1.0]
2019-05-20 17:11:16.595 TRACE 6380 --- [    Test worker] o.h.type.descriptor.sql.BasicBinder      : binding parameter [2] as [VARCHAR] - [CARRO]
2019-05-20 17:11:16.596 TRACE 6380 --- [    Test worker] o.h.type.descriptor.sql.BasicBinder      : binding parameter [3] as [VARCHAR] - [VBN-15]
2019-05-20 17:11:16.599 DEBUG 6380 --- [    Test worker] org.hibernate.SQL                        : select movilentit_.mov_placa, movilentit_.mov_cilindraje as mov_cili2_2_, movilentit_.mov_tipo_movil as mov_tipo3_2_ from movil movilentit_ where movilentit_.mov_placa=?
Hibernate: select movilentit_.mov_placa, movilentit_.mov_cilindraje as mov_cili2_2_, movilentit_.mov_tipo_movil as mov_tipo3_2_ from movil movilentit_ where movilentit_.mov_placa=?
2019-05-20 17:11:16.600 TRACE 6380 --- [    Test worker] o.h.type.descriptor.sql.BasicBinder      : binding parameter [1] as [VARCHAR] - [VBN-15]
2019-05-20 17:11:16.601 TRACE 6380 --- [    Test worker] o.h.type.descriptor.sql.BasicExtractor   : extracted value ([mov_cili2_2_] : [DOUBLE]) - [-1.0]
2019-05-20 17:11:16.601 TRACE 6380 --- [    Test worker] o.h.type.descriptor.sql.BasicExtractor   : extracted value ([mov_tipo3_2_] : [VARCHAR]) - [CARRO]
2019-05-20 17:11:16.602 DEBUG 6380 --- [    Test worker] org.hibernate.SQL                        : insert into factura (facId, fac_fecha_ingreso, fac_fecha_salida, fac_valor, mov_placa) values (null, ?, ?, ?, ?)
Hibernate: insert into factura (facId, fac_fecha_ingreso, fac_fecha_salida, fac_valor, mov_placa) values (null, ?, ?, ?, ?)
2019-05-20 17:11:16.602 TRACE 6380 --- [    Test worker] o.h.type.descriptor.sql.BasicBinder      : binding parameter [1] as [TIMESTAMP] - [Mon May 20 17:11:16 COT 2019]
2019-05-20 17:11:16.602 TRACE 6380 --- [    Test worker] o.h.type.descriptor.sql.BasicBinder      : binding parameter [2] as [TIMESTAMP] - [null]
2019-05-20 17:11:16.603 TRACE 6380 --- [    Test worker] o.h.type.descriptor.sql.BasicBinder      : binding parameter [3] as [DOUBLE] - [0.0]
2019-05-20 17:11:16.603 TRACE 6380 --- [    Test worker] o.h.type.descriptor.sql.BasicBinder      : binding parameter [4] as [VARCHAR] - [VBN-15]
2019-05-20 17:11:16.605 DEBUG 6380 --- [    Test worker] org.hibernate.SQL                        : SELECT COUNT(*) FROM factura JOIN movil ON factura.mov_placa = movil.mov_placa WHERE movil.mov_tipo_movil = ? AND factura.fac_fecha_salida IS NULL
Hibernate: SELECT COUNT(*) FROM factura JOIN movil ON factura.mov_placa = movil.mov_placa WHERE movil.mov_tipo_movil = ? AND factura.fac_fecha_salida IS NULL
2019-05-20 17:11:16.607 TRACE 6380 --- [    Test worker] o.h.type.descriptor.sql.BasicBinder      : binding parameter [1] as [VARCHAR] - [CARRO]
2019-05-20 17:11:16.608 TRACE 6380 --- [    Test worker] o.h.type.descriptor.sql.BasicExtractor   : extracted value ([COUNT(*)] : [NUMERIC]) - [16]
2019-05-20 17:11:16.610 DEBUG 6380 --- [    Test worker] org.hibernate.SQL                        : SELECT COUNT(*) FROM factura WHERE mov_placa = ? AND fac_fecha_salida IS NULL
Hibernate: SELECT COUNT(*) FROM factura WHERE mov_placa = ? AND fac_fecha_salida IS NULL
2019-05-20 17:11:16.611 TRACE 6380 --- [    Test worker] o.h.type.descriptor.sql.BasicBinder      : binding parameter [1] as [VARCHAR] - [VBN-16]
2019-05-20 17:11:16.612 TRACE 6380 --- [    Test worker] o.h.type.descriptor.sql.BasicExtractor   : extracted value ([COUNT(*)] : [NUMERIC]) - [0]
2019-05-20 17:11:16.613 DEBUG 6380 --- [    Test worker] org.hibernate.SQL                        : select movilentit0_.mov_placa as mov_plac1_2_0_, movilentit0_.mov_cilindraje as mov_cili2_2_0_, movilentit0_.mov_tipo_movil as mov_tipo3_2_0_ from movil movilentit0_ where movilentit0_.mov_placa=?
Hibernate: select movilentit0_.mov_placa as mov_plac1_2_0_, movilentit0_.mov_cilindraje as mov_cili2_2_0_, movilentit0_.mov_tipo_movil as mov_tipo3_2_0_ from movil movilentit0_ where movilentit0_.mov_placa=?
2019-05-20 17:11:16.614 TRACE 6380 --- [    Test worker] o.h.type.descriptor.sql.BasicBinder      : binding parameter [1] as [VARCHAR] - [VBN-16]
2019-05-20 17:11:16.617 DEBUG 6380 --- [    Test worker] org.hibernate.SQL                        : select movilentit0_.mov_placa as mov_plac1_2_1_, movilentit0_.mov_cilindraje as mov_cili2_2_1_, movilentit0_.mov_tipo_movil as mov_tipo3_2_1_, facturasen1_.mov_placa as mov_plac5_1_3_, facturasen1_.facId as facId1_1_3_, facturasen1_.facId as facId1_1_0_, facturasen1_.fac_fecha_ingreso as fac_fech2_1_0_, facturasen1_.fac_fecha_salida as fac_fech3_1_0_, facturasen1_.fac_valor as fac_valo4_1_0_, facturasen1_.mov_placa as mov_plac5_1_0_ from movil movilentit0_ left outer join factura facturasen1_ on movilentit0_.mov_placa=facturasen1_.mov_placa where movilentit0_.mov_placa=?
Hibernate: select movilentit0_.mov_placa as mov_plac1_2_1_, movilentit0_.mov_cilindraje as mov_cili2_2_1_, movilentit0_.mov_tipo_movil as mov_tipo3_2_1_, facturasen1_.mov_placa as mov_plac5_1_3_, facturasen1_.facId as facId1_1_3_, facturasen1_.facId as facId1_1_0_, facturasen1_.fac_fecha_ingreso as fac_fech2_1_0_, facturasen1_.fac_fecha_salida as fac_fech3_1_0_, facturasen1_.fac_valor as fac_valo4_1_0_, facturasen1_.mov_placa as mov_plac5_1_0_ from movil movilentit0_ left outer join factura facturasen1_ on movilentit0_.mov_placa=facturasen1_.mov_placa where movilentit0_.mov_placa=?
2019-05-20 17:11:16.617 TRACE 6380 --- [    Test worker] o.h.type.descriptor.sql.BasicBinder      : binding parameter [1] as [VARCHAR] - [VBN-16]
2019-05-20 17:11:16.619 DEBUG 6380 --- [    Test worker] org.hibernate.SQL                        : insert into movil (mov_cilindraje, mov_tipo_movil, mov_placa) values (?, ?, ?)
Hibernate: insert into movil (mov_cilindraje, mov_tipo_movil, mov_placa) values (?, ?, ?)
2019-05-20 17:11:16.619 TRACE 6380 --- [    Test worker] o.h.type.descriptor.sql.BasicBinder      : binding parameter [1] as [DOUBLE] - [-1.0]
2019-05-20 17:11:16.619 TRACE 6380 --- [    Test worker] o.h.type.descriptor.sql.BasicBinder      : binding parameter [2] as [VARCHAR] - [CARRO]
2019-05-20 17:11:16.619 TRACE 6380 --- [    Test worker] o.h.type.descriptor.sql.BasicBinder      : binding parameter [3] as [VARCHAR] - [VBN-16]
2019-05-20 17:11:16.621 DEBUG 6380 --- [    Test worker] org.hibernate.SQL                        : select movilentit_.mov_placa, movilentit_.mov_cilindraje as mov_cili2_2_, movilentit_.mov_tipo_movil as mov_tipo3_2_ from movil movilentit_ where movilentit_.mov_placa=?
Hibernate: select movilentit_.mov_placa, movilentit_.mov_cilindraje as mov_cili2_2_, movilentit_.mov_tipo_movil as mov_tipo3_2_ from movil movilentit_ where movilentit_.mov_placa=?
2019-05-20 17:11:16.621 TRACE 6380 --- [    Test worker] o.h.type.descriptor.sql.BasicBinder      : binding parameter [1] as [VARCHAR] - [VBN-16]
2019-05-20 17:11:16.622 TRACE 6380 --- [    Test worker] o.h.type.descriptor.sql.BasicExtractor   : extracted value ([mov_cili2_2_] : [DOUBLE]) - [-1.0]
2019-05-20 17:11:16.622 TRACE 6380 --- [    Test worker] o.h.type.descriptor.sql.BasicExtractor   : extracted value ([mov_tipo3_2_] : [VARCHAR]) - [CARRO]
2019-05-20 17:11:16.622 DEBUG 6380 --- [    Test worker] org.hibernate.SQL                        : insert into factura (facId, fac_fecha_ingreso, fac_fecha_salida, fac_valor, mov_placa) values (null, ?, ?, ?, ?)
Hibernate: insert into factura (facId, fac_fecha_ingreso, fac_fecha_salida, fac_valor, mov_placa) values (null, ?, ?, ?, ?)
2019-05-20 17:11:16.622 TRACE 6380 --- [    Test worker] o.h.type.descriptor.sql.BasicBinder      : binding parameter [1] as [TIMESTAMP] - [Mon May 20 17:11:16 COT 2019]
2019-05-20 17:11:16.622 TRACE 6380 --- [    Test worker] o.h.type.descriptor.sql.BasicBinder      : binding parameter [2] as [TIMESTAMP] - [null]
2019-05-20 17:11:16.622 TRACE 6380 --- [    Test worker] o.h.type.descriptor.sql.BasicBinder      : binding parameter [3] as [DOUBLE] - [0.0]
2019-05-20 17:11:16.623 TRACE 6380 --- [    Test worker] o.h.type.descriptor.sql.BasicBinder      : binding parameter [4] as [VARCHAR] - [VBN-16]
2019-05-20 17:11:16.625 DEBUG 6380 --- [    Test worker] org.hibernate.SQL                        : SELECT COUNT(*) FROM factura JOIN movil ON factura.mov_placa = movil.mov_placa WHERE movil.mov_tipo_movil = ? AND factura.fac_fecha_salida IS NULL
Hibernate: SELECT COUNT(*) FROM factura JOIN movil ON factura.mov_placa = movil.mov_placa WHERE movil.mov_tipo_movil = ? AND factura.fac_fecha_salida IS NULL
2019-05-20 17:11:16.626 TRACE 6380 --- [    Test worker] o.h.type.descriptor.sql.BasicBinder      : binding parameter [1] as [VARCHAR] - [CARRO]
2019-05-20 17:11:16.627 TRACE 6380 --- [    Test worker] o.h.type.descriptor.sql.BasicExtractor   : extracted value ([COUNT(*)] : [NUMERIC]) - [17]
2019-05-20 17:11:16.629 DEBUG 6380 --- [    Test worker] org.hibernate.SQL                        : SELECT COUNT(*) FROM factura WHERE mov_placa = ? AND fac_fecha_salida IS NULL
Hibernate: SELECT COUNT(*) FROM factura WHERE mov_placa = ? AND fac_fecha_salida IS NULL
2019-05-20 17:11:16.630 TRACE 6380 --- [    Test worker] o.h.type.descriptor.sql.BasicBinder      : binding parameter [1] as [VARCHAR] - [VBN-17]
2019-05-20 17:11:16.630 TRACE 6380 --- [    Test worker] o.h.type.descriptor.sql.BasicExtractor   : extracted value ([COUNT(*)] : [NUMERIC]) - [0]
2019-05-20 17:11:16.632 DEBUG 6380 --- [    Test worker] org.hibernate.SQL                        : select movilentit0_.mov_placa as mov_plac1_2_0_, movilentit0_.mov_cilindraje as mov_cili2_2_0_, movilentit0_.mov_tipo_movil as mov_tipo3_2_0_ from movil movilentit0_ where movilentit0_.mov_placa=?
Hibernate: select movilentit0_.mov_placa as mov_plac1_2_0_, movilentit0_.mov_cilindraje as mov_cili2_2_0_, movilentit0_.mov_tipo_movil as mov_tipo3_2_0_ from movil movilentit0_ where movilentit0_.mov_placa=?
2019-05-20 17:11:16.633 TRACE 6380 --- [    Test worker] o.h.type.descriptor.sql.BasicBinder      : binding parameter [1] as [VARCHAR] - [VBN-17]
2019-05-20 17:11:16.635 DEBUG 6380 --- [    Test worker] org.hibernate.SQL                        : select movilentit0_.mov_placa as mov_plac1_2_1_, movilentit0_.mov_cilindraje as mov_cili2_2_1_, movilentit0_.mov_tipo_movil as mov_tipo3_2_1_, facturasen1_.mov_placa as mov_plac5_1_3_, facturasen1_.facId as facId1_1_3_, facturasen1_.facId as facId1_1_0_, facturasen1_.fac_fecha_ingreso as fac_fech2_1_0_, facturasen1_.fac_fecha_salida as fac_fech3_1_0_, facturasen1_.fac_valor as fac_valo4_1_0_, facturasen1_.mov_placa as mov_plac5_1_0_ from movil movilentit0_ left outer join factura facturasen1_ on movilentit0_.mov_placa=facturasen1_.mov_placa where movilentit0_.mov_placa=?
Hibernate: select movilentit0_.mov_placa as mov_plac1_2_1_, movilentit0_.mov_cilindraje as mov_cili2_2_1_, movilentit0_.mov_tipo_movil as mov_tipo3_2_1_, facturasen1_.mov_placa as mov_plac5_1_3_, facturasen1_.facId as facId1_1_3_, facturasen1_.facId as facId1_1_0_, facturasen1_.fac_fecha_ingreso as fac_fech2_1_0_, facturasen1_.fac_fecha_salida as fac_fech3_1_0_, facturasen1_.fac_valor as fac_valo4_1_0_, facturasen1_.mov_placa as mov_plac5_1_0_ from movil movilentit0_ left outer join factura facturasen1_ on movilentit0_.mov_placa=facturasen1_.mov_placa where movilentit0_.mov_placa=?
2019-05-20 17:11:16.635 TRACE 6380 --- [    Test worker] o.h.type.descriptor.sql.BasicBinder      : binding parameter [1] as [VARCHAR] - [VBN-17]
2019-05-20 17:11:16.637 DEBUG 6380 --- [    Test worker] org.hibernate.SQL                        : insert into movil (mov_cilindraje, mov_tipo_movil, mov_placa) values (?, ?, ?)
Hibernate: insert into movil (mov_cilindraje, mov_tipo_movil, mov_placa) values (?, ?, ?)
2019-05-20 17:11:16.637 TRACE 6380 --- [    Test worker] o.h.type.descriptor.sql.BasicBinder      : binding parameter [1] as [DOUBLE] - [-1.0]
2019-05-20 17:11:16.637 TRACE 6380 --- [    Test worker] o.h.type.descriptor.sql.BasicBinder      : binding parameter [2] as [VARCHAR] - [CARRO]
2019-05-20 17:11:16.637 TRACE 6380 --- [    Test worker] o.h.type.descriptor.sql.BasicBinder      : binding parameter [3] as [VARCHAR] - [VBN-17]
2019-05-20 17:11:16.640 DEBUG 6380 --- [    Test worker] org.hibernate.SQL                        : select movilentit_.mov_placa, movilentit_.mov_cilindraje as mov_cili2_2_, movilentit_.mov_tipo_movil as mov_tipo3_2_ from movil movilentit_ where movilentit_.mov_placa=?
Hibernate: select movilentit_.mov_placa, movilentit_.mov_cilindraje as mov_cili2_2_, movilentit_.mov_tipo_movil as mov_tipo3_2_ from movil movilentit_ where movilentit_.mov_placa=?
2019-05-20 17:11:16.640 TRACE 6380 --- [    Test worker] o.h.type.descriptor.sql.BasicBinder      : binding parameter [1] as [VARCHAR] - [VBN-17]
2019-05-20 17:11:16.640 TRACE 6380 --- [    Test worker] o.h.type.descriptor.sql.BasicExtractor   : extracted value ([mov_cili2_2_] : [DOUBLE]) - [-1.0]
2019-05-20 17:11:16.640 TRACE 6380 --- [    Test worker] o.h.type.descriptor.sql.BasicExtractor   : extracted value ([mov_tipo3_2_] : [VARCHAR]) - [CARRO]
2019-05-20 17:11:16.641 DEBUG 6380 --- [    Test worker] org.hibernate.SQL                        : insert into factura (facId, fac_fecha_ingreso, fac_fecha_salida, fac_valor, mov_placa) values (null, ?, ?, ?, ?)
Hibernate: insert into factura (facId, fac_fecha_ingreso, fac_fecha_salida, fac_valor, mov_placa) values (null, ?, ?, ?, ?)
2019-05-20 17:11:16.641 TRACE 6380 --- [    Test worker] o.h.type.descriptor.sql.BasicBinder      : binding parameter [1] as [TIMESTAMP] - [Mon May 20 17:11:16 COT 2019]
2019-05-20 17:11:16.641 TRACE 6380 --- [    Test worker] o.h.type.descriptor.sql.BasicBinder      : binding parameter [2] as [TIMESTAMP] - [null]
2019-05-20 17:11:16.641 TRACE 6380 --- [    Test worker] o.h.type.descriptor.sql.BasicBinder      : binding parameter [3] as [DOUBLE] - [0.0]
2019-05-20 17:11:16.642 TRACE 6380 --- [    Test worker] o.h.type.descriptor.sql.BasicBinder      : binding parameter [4] as [VARCHAR] - [VBN-17]
2019-05-20 17:11:16.644 DEBUG 6380 --- [    Test worker] org.hibernate.SQL                        : SELECT COUNT(*) FROM factura JOIN movil ON factura.mov_placa = movil.mov_placa WHERE movil.mov_tipo_movil = ? AND factura.fac_fecha_salida IS NULL
Hibernate: SELECT COUNT(*) FROM factura JOIN movil ON factura.mov_placa = movil.mov_placa WHERE movil.mov_tipo_movil = ? AND factura.fac_fecha_salida IS NULL
2019-05-20 17:11:16.645 TRACE 6380 --- [    Test worker] o.h.type.descriptor.sql.BasicBinder      : binding parameter [1] as [VARCHAR] - [CARRO]
2019-05-20 17:11:16.648 TRACE 6380 --- [    Test worker] o.h.type.descriptor.sql.BasicExtractor   : extracted value ([COUNT(*)] : [NUMERIC]) - [18]
2019-05-20 17:11:16.651 DEBUG 6380 --- [    Test worker] org.hibernate.SQL                        : SELECT COUNT(*) FROM factura WHERE mov_placa = ? AND fac_fecha_salida IS NULL
Hibernate: SELECT COUNT(*) FROM factura WHERE mov_placa = ? AND fac_fecha_salida IS NULL
2019-05-20 17:11:16.652 TRACE 6380 --- [    Test worker] o.h.type.descriptor.sql.BasicBinder      : binding parameter [1] as [VARCHAR] - [VBN-18]
2019-05-20 17:11:16.655 TRACE 6380 --- [    Test worker] o.h.type.descriptor.sql.BasicExtractor   : extracted value ([COUNT(*)] : [NUMERIC]) - [0]
2019-05-20 17:11:16.659 DEBUG 6380 --- [    Test worker] org.hibernate.SQL                        : select movilentit0_.mov_placa as mov_plac1_2_0_, movilentit0_.mov_cilindraje as mov_cili2_2_0_, movilentit0_.mov_tipo_movil as mov_tipo3_2_0_ from movil movilentit0_ where movilentit0_.mov_placa=?
Hibernate: select movilentit0_.mov_placa as mov_plac1_2_0_, movilentit0_.mov_cilindraje as mov_cili2_2_0_, movilentit0_.mov_tipo_movil as mov_tipo3_2_0_ from movil movilentit0_ where movilentit0_.mov_placa=?
2019-05-20 17:11:16.661 TRACE 6380 --- [    Test worker] o.h.type.descriptor.sql.BasicBinder      : binding parameter [1] as [VARCHAR] - [VBN-18]
2019-05-20 17:11:16.667 DEBUG 6380 --- [    Test worker] org.hibernate.SQL                        : select movilentit0_.mov_placa as mov_plac1_2_1_, movilentit0_.mov_cilindraje as mov_cili2_2_1_, movilentit0_.mov_tipo_movil as mov_tipo3_2_1_, facturasen1_.mov_placa as mov_plac5_1_3_, facturasen1_.facId as facId1_1_3_, facturasen1_.facId as facId1_1_0_, facturasen1_.fac_fecha_ingreso as fac_fech2_1_0_, facturasen1_.fac_fecha_salida as fac_fech3_1_0_, facturasen1_.fac_valor as fac_valo4_1_0_, facturasen1_.mov_placa as mov_plac5_1_0_ from movil movilentit0_ left outer join factura facturasen1_ on movilentit0_.mov_placa=facturasen1_.mov_placa where movilentit0_.mov_placa=?
Hibernate: select movilentit0_.mov_placa as mov_plac1_2_1_, movilentit0_.mov_cilindraje as mov_cili2_2_1_, movilentit0_.mov_tipo_movil as mov_tipo3_2_1_, facturasen1_.mov_placa as mov_plac5_1_3_, facturasen1_.facId as facId1_1_3_, facturasen1_.facId as facId1_1_0_, facturasen1_.fac_fecha_ingreso as fac_fech2_1_0_, facturasen1_.fac_fecha_salida as fac_fech3_1_0_, facturasen1_.fac_valor as fac_valo4_1_0_, facturasen1_.mov_placa as mov_plac5_1_0_ from movil movilentit0_ left outer join factura facturasen1_ on movilentit0_.mov_placa=facturasen1_.mov_placa where movilentit0_.mov_placa=?
2019-05-20 17:11:16.668 TRACE 6380 --- [    Test worker] o.h.type.descriptor.sql.BasicBinder      : binding parameter [1] as [VARCHAR] - [VBN-18]
2019-05-20 17:11:16.670 DEBUG 6380 --- [    Test worker] org.hibernate.SQL                        : insert into movil (mov_cilindraje, mov_tipo_movil, mov_placa) values (?, ?, ?)
Hibernate: insert into movil (mov_cilindraje, mov_tipo_movil, mov_placa) values (?, ?, ?)
2019-05-20 17:11:16.671 TRACE 6380 --- [    Test worker] o.h.type.descriptor.sql.BasicBinder      : binding parameter [1] as [DOUBLE] - [-1.0]
2019-05-20 17:11:16.671 TRACE 6380 --- [    Test worker] o.h.type.descriptor.sql.BasicBinder      : binding parameter [2] as [VARCHAR] - [CARRO]
2019-05-20 17:11:16.671 TRACE 6380 --- [    Test worker] o.h.type.descriptor.sql.BasicBinder      : binding parameter [3] as [VARCHAR] - [VBN-18]
2019-05-20 17:11:16.673 DEBUG 6380 --- [    Test worker] org.hibernate.SQL                        : select movilentit_.mov_placa, movilentit_.mov_cilindraje as mov_cili2_2_, movilentit_.mov_tipo_movil as mov_tipo3_2_ from movil movilentit_ where movilentit_.mov_placa=?
Hibernate: select movilentit_.mov_placa, movilentit_.mov_cilindraje as mov_cili2_2_, movilentit_.mov_tipo_movil as mov_tipo3_2_ from movil movilentit_ where movilentit_.mov_placa=?
2019-05-20 17:11:16.674 TRACE 6380 --- [    Test worker] o.h.type.descriptor.sql.BasicBinder      : binding parameter [1] as [VARCHAR] - [VBN-18]
2019-05-20 17:11:16.675 TRACE 6380 --- [    Test worker] o.h.type.descriptor.sql.BasicExtractor   : extracted value ([mov_cili2_2_] : [DOUBLE]) - [-1.0]
2019-05-20 17:11:16.675 TRACE 6380 --- [    Test worker] o.h.type.descriptor.sql.BasicExtractor   : extracted value ([mov_tipo3_2_] : [VARCHAR]) - [CARRO]
2019-05-20 17:11:16.676 DEBUG 6380 --- [    Test worker] org.hibernate.SQL                        : insert into factura (facId, fac_fecha_ingreso, fac_fecha_salida, fac_valor, mov_placa) values (null, ?, ?, ?, ?)
Hibernate: insert into factura (facId, fac_fecha_ingreso, fac_fecha_salida, fac_valor, mov_placa) values (null, ?, ?, ?, ?)
2019-05-20 17:11:16.677 TRACE 6380 --- [    Test worker] o.h.type.descriptor.sql.BasicBinder      : binding parameter [1] as [TIMESTAMP] - [Mon May 20 17:11:16 COT 2019]
2019-05-20 17:11:16.677 TRACE 6380 --- [    Test worker] o.h.type.descriptor.sql.BasicBinder      : binding parameter [2] as [TIMESTAMP] - [null]
2019-05-20 17:11:16.677 TRACE 6380 --- [    Test worker] o.h.type.descriptor.sql.BasicBinder      : binding parameter [3] as [DOUBLE] - [0.0]
2019-05-20 17:11:16.677 TRACE 6380 --- [    Test worker] o.h.type.descriptor.sql.BasicBinder      : binding parameter [4] as [VARCHAR] - [VBN-18]
2019-05-20 17:11:16.679 DEBUG 6380 --- [    Test worker] org.hibernate.SQL                        : SELECT COUNT(*) FROM factura JOIN movil ON factura.mov_placa = movil.mov_placa WHERE movil.mov_tipo_movil = ? AND factura.fac_fecha_salida IS NULL
Hibernate: SELECT COUNT(*) FROM factura JOIN movil ON factura.mov_placa = movil.mov_placa WHERE movil.mov_tipo_movil = ? AND factura.fac_fecha_salida IS NULL
2019-05-20 17:11:16.680 TRACE 6380 --- [    Test worker] o.h.type.descriptor.sql.BasicBinder      : binding parameter [1] as [VARCHAR] - [CARRO]
2019-05-20 17:11:16.681 TRACE 6380 --- [    Test worker] o.h.type.descriptor.sql.BasicExtractor   : extracted value ([COUNT(*)] : [NUMERIC]) - [19]
2019-05-20 17:11:16.683 DEBUG 6380 --- [    Test worker] org.hibernate.SQL                        : SELECT COUNT(*) FROM factura WHERE mov_placa = ? AND fac_fecha_salida IS NULL
Hibernate: SELECT COUNT(*) FROM factura WHERE mov_placa = ? AND fac_fecha_salida IS NULL
2019-05-20 17:11:16.684 TRACE 6380 --- [    Test worker] o.h.type.descriptor.sql.BasicBinder      : binding parameter [1] as [VARCHAR] - [VBN-19]
2019-05-20 17:11:16.685 TRACE 6380 --- [    Test worker] o.h.type.descriptor.sql.BasicExtractor   : extracted value ([COUNT(*)] : [NUMERIC]) - [0]
2019-05-20 17:11:16.687 DEBUG 6380 --- [    Test worker] org.hibernate.SQL                        : select movilentit0_.mov_placa as mov_plac1_2_0_, movilentit0_.mov_cilindraje as mov_cili2_2_0_, movilentit0_.mov_tipo_movil as mov_tipo3_2_0_ from movil movilentit0_ where movilentit0_.mov_placa=?
Hibernate: select movilentit0_.mov_placa as mov_plac1_2_0_, movilentit0_.mov_cilindraje as mov_cili2_2_0_, movilentit0_.mov_tipo_movil as mov_tipo3_2_0_ from movil movilentit0_ where movilentit0_.mov_placa=?
2019-05-20 17:11:16.688 TRACE 6380 --- [    Test worker] o.h.type.descriptor.sql.BasicBinder      : binding parameter [1] as [VARCHAR] - [VBN-19]
2019-05-20 17:11:16.690 DEBUG 6380 --- [    Test worker] org.hibernate.SQL                        : select movilentit0_.mov_placa as mov_plac1_2_1_, movilentit0_.mov_cilindraje as mov_cili2_2_1_, movilentit0_.mov_tipo_movil as mov_tipo3_2_1_, facturasen1_.mov_placa as mov_plac5_1_3_, facturasen1_.facId as facId1_1_3_, facturasen1_.facId as facId1_1_0_, facturasen1_.fac_fecha_ingreso as fac_fech2_1_0_, facturasen1_.fac_fecha_salida as fac_fech3_1_0_, facturasen1_.fac_valor as fac_valo4_1_0_, facturasen1_.mov_placa as mov_plac5_1_0_ from movil movilentit0_ left outer join factura facturasen1_ on movilentit0_.mov_placa=facturasen1_.mov_placa where movilentit0_.mov_placa=?
Hibernate: select movilentit0_.mov_placa as mov_plac1_2_1_, movilentit0_.mov_cilindraje as mov_cili2_2_1_, movilentit0_.mov_tipo_movil as mov_tipo3_2_1_, facturasen1_.mov_placa as mov_plac5_1_3_, facturasen1_.facId as facId1_1_3_, facturasen1_.facId as facId1_1_0_, facturasen1_.fac_fecha_ingreso as fac_fech2_1_0_, facturasen1_.fac_fecha_salida as fac_fech3_1_0_, facturasen1_.fac_valor as fac_valo4_1_0_, facturasen1_.mov_placa as mov_plac5_1_0_ from movil movilentit0_ left outer join factura facturasen1_ on movilentit0_.mov_placa=facturasen1_.mov_placa where movilentit0_.mov_placa=?
2019-05-20 17:11:16.690 TRACE 6380 --- [    Test worker] o.h.type.descriptor.sql.BasicBinder      : binding parameter [1] as [VARCHAR] - [VBN-19]
2019-05-20 17:11:16.692 DEBUG 6380 --- [    Test worker] org.hibernate.SQL                        : insert into movil (mov_cilindraje, mov_tipo_movil, mov_placa) values (?, ?, ?)
Hibernate: insert into movil (mov_cilindraje, mov_tipo_movil, mov_placa) values (?, ?, ?)
2019-05-20 17:11:16.692 TRACE 6380 --- [    Test worker] o.h.type.descriptor.sql.BasicBinder      : binding parameter [1] as [DOUBLE] - [-1.0]
2019-05-20 17:11:16.692 TRACE 6380 --- [    Test worker] o.h.type.descriptor.sql.BasicBinder      : binding parameter [2] as [VARCHAR] - [CARRO]
2019-05-20 17:11:16.692 TRACE 6380 --- [    Test worker] o.h.type.descriptor.sql.BasicBinder      : binding parameter [3] as [VARCHAR] - [VBN-19]
2019-05-20 17:11:16.694 DEBUG 6380 --- [    Test worker] org.hibernate.SQL                        : select movilentit_.mov_placa, movilentit_.mov_cilindraje as mov_cili2_2_, movilentit_.mov_tipo_movil as mov_tipo3_2_ from movil movilentit_ where movilentit_.mov_placa=?
Hibernate: select movilentit_.mov_placa, movilentit_.mov_cilindraje as mov_cili2_2_, movilentit_.mov_tipo_movil as mov_tipo3_2_ from movil movilentit_ where movilentit_.mov_placa=?
2019-05-20 17:11:16.695 TRACE 6380 --- [    Test worker] o.h.type.descriptor.sql.BasicBinder      : binding parameter [1] as [VARCHAR] - [VBN-19]
2019-05-20 17:11:16.697 TRACE 6380 --- [    Test worker] o.h.type.descriptor.sql.BasicExtractor   : extracted value ([mov_cili2_2_] : [DOUBLE]) - [-1.0]
2019-05-20 17:11:16.697 TRACE 6380 --- [    Test worker] o.h.type.descriptor.sql.BasicExtractor   : extracted value ([mov_tipo3_2_] : [VARCHAR]) - [CARRO]
2019-05-20 17:11:16.698 DEBUG 6380 --- [    Test worker] org.hibernate.SQL                        : insert into factura (facId, fac_fecha_ingreso, fac_fecha_salida, fac_valor, mov_placa) values (null, ?, ?, ?, ?)
Hibernate: insert into factura (facId, fac_fecha_ingreso, fac_fecha_salida, fac_valor, mov_placa) values (null, ?, ?, ?, ?)
2019-05-20 17:11:16.699 TRACE 6380 --- [    Test worker] o.h.type.descriptor.sql.BasicBinder      : binding parameter [1] as [TIMESTAMP] - [Mon May 20 17:11:16 COT 2019]
2019-05-20 17:11:16.699 TRACE 6380 --- [    Test worker] o.h.type.descriptor.sql.BasicBinder      : binding parameter [2] as [TIMESTAMP] - [null]
2019-05-20 17:11:16.700 TRACE 6380 --- [    Test worker] o.h.type.descriptor.sql.BasicBinder      : binding parameter [3] as [DOUBLE] - [0.0]
2019-05-20 17:11:16.700 TRACE 6380 --- [    Test worker] o.h.type.descriptor.sql.BasicBinder      : binding parameter [4] as [VARCHAR] - [VBN-19]
2019-05-20 17:11:16.702 DEBUG 6380 --- [    Test worker] org.hibernate.SQL                        : SELECT COUNT(*) FROM factura JOIN movil ON factura.mov_placa = movil.mov_placa WHERE movil.mov_tipo_movil = ? AND factura.fac_fecha_salida IS NULL
Hibernate: SELECT COUNT(*) FROM factura JOIN movil ON factura.mov_placa = movil.mov_placa WHERE movil.mov_tipo_movil = ? AND factura.fac_fecha_salida IS NULL
2019-05-20 17:11:16.703 TRACE 6380 --- [    Test worker] o.h.type.descriptor.sql.BasicBinder      : binding parameter [1] as [VARCHAR] - [CARRO]
2019-05-20 17:11:16.704 TRACE 6380 --- [    Test worker] o.h.type.descriptor.sql.BasicExtractor   : extracted value ([COUNT(*)] : [NUMERIC]) - [20]
2019-05-20 17:11:16.710 DEBUG 6380 --- [    Test worker] org.hibernate.SQL                        : SELECT COUNT(*) FROM factura JOIN movil ON factura.mov_placa = movil.mov_placa WHERE movil.mov_tipo_movil = ? AND factura.fac_fecha_salida IS NULL
Hibernate: SELECT COUNT(*) FROM factura JOIN movil ON factura.mov_placa = movil.mov_placa WHERE movil.mov_tipo_movil = ? AND factura.fac_fecha_salida IS NULL
2019-05-20 17:11:16.711 TRACE 6380 --- [    Test worker] o.h.type.descriptor.sql.BasicBinder      : binding parameter [1] as [VARCHAR] - [CARRO]
2019-05-20 17:11:16.712 TRACE 6380 --- [    Test worker] o.h.type.descriptor.sql.BasicExtractor   : extracted value ([COUNT(*)] : [NUMERIC]) - [20]
2019-05-20 17:11:16.723 DEBUG 6380 --- [    Test worker] org.hibernate.SQL                        : SELECT COUNT(*) FROM factura JOIN movil ON factura.mov_placa = movil.mov_placa WHERE movil.mov_tipo_movil = ? AND factura.fac_fecha_salida IS NULL
Hibernate: SELECT COUNT(*) FROM factura JOIN movil ON factura.mov_placa = movil.mov_placa WHERE movil.mov_tipo_movil = ? AND factura.fac_fecha_salida IS NULL
2019-05-20 17:11:16.724 TRACE 6380 --- [    Test worker] o.h.type.descriptor.sql.BasicBinder      : binding parameter [1] as [VARCHAR] - [MOTO]
2019-05-20 17:11:16.725 TRACE 6380 --- [    Test worker] o.h.type.descriptor.sql.BasicExtractor   : extracted value ([COUNT(*)] : [NUMERIC]) - [10]
2019-05-20 17:11:16.733 DEBUG 6380 --- [    Test worker] org.hibernate.SQL                        : select movilentit0_.mov_placa as mov_plac1_2_0_, movilentit0_.mov_cilindraje as mov_cili2_2_0_, movilentit0_.mov_tipo_movil as mov_tipo3_2_0_ from movil movilentit0_ where movilentit0_.mov_placa=?
Hibernate: select movilentit0_.mov_placa as mov_plac1_2_0_, movilentit0_.mov_cilindraje as mov_cili2_2_0_, movilentit0_.mov_tipo_movil as mov_tipo3_2_0_ from movil movilentit0_ where movilentit0_.mov_placa=?
2019-05-20 17:11:16.733 TRACE 6380 --- [    Test worker] o.h.type.descriptor.sql.BasicBinder      : binding parameter [1] as [VARCHAR] - [SWH-0]
2019-05-20 17:11:16.734 TRACE 6380 --- [    Test worker] o.h.type.descriptor.sql.BasicExtractor   : extracted value ([mov_cili2_2_0_] : [DOUBLE]) - [150.0]
2019-05-20 17:11:16.734 TRACE 6380 --- [    Test worker] o.h.type.descriptor.sql.BasicExtractor   : extracted value ([mov_tipo3_2_0_] : [VARCHAR]) - [MOTO]
2019-05-20 17:11:16.735 TRACE 6380 --- [    Test worker] org.hibernate.type.CollectionType        : Created collection wrapper: [co.com.ceiba.ceibaestacionamiento.persistencia.entidades.MovilEntity.facturasEntity#SWH-0]
2019-05-20 17:11:16.737 DEBUG 6380 --- [    Test worker] org.hibernate.SQL                        : SELECT COUNT(*) FROM factura WHERE mov_placa = ? AND fac_fecha_salida IS NULL
Hibernate: SELECT COUNT(*) FROM factura WHERE mov_placa = ? AND fac_fecha_salida IS NULL
2019-05-20 17:11:16.738 TRACE 6380 --- [    Test worker] o.h.type.descriptor.sql.BasicBinder      : binding parameter [1] as [VARCHAR] - [SWH-0]
2019-05-20 17:11:16.739 TRACE 6380 --- [    Test worker] o.h.type.descriptor.sql.BasicExtractor   : extracted value ([COUNT(*)] : [NUMERIC]) - [1]
2019-05-20 17:11:16.744 DEBUG 6380 --- [    Test worker] org.hibernate.SQL                        : SELECT * FROM factura WHERE mov_placa = ? AND fac_fecha_salida IS NULL
Hibernate: SELECT * FROM factura WHERE mov_placa = ? AND fac_fecha_salida IS NULL
2019-05-20 17:11:16.745 TRACE 6380 --- [    Test worker] o.h.type.descriptor.sql.BasicBinder      : binding parameter [1] as [VARCHAR] - [SWH-0]
2019-05-20 17:11:16.745 TRACE 6380 --- [    Test worker] o.h.type.descriptor.sql.BasicExtractor   : extracted value ([facId] : [INTEGER]) - [2]
2019-05-20 17:11:16.746 TRACE 6380 --- [    Test worker] o.h.type.descriptor.sql.BasicExtractor   : extracted value ([fac_fecha_ingreso] : [TIMESTAMP]) - [2019-05-20 17:11:15.877]
2019-05-20 17:11:16.746 TRACE 6380 --- [    Test worker] o.h.type.descriptor.sql.BasicExtractor   : extracted value ([fac_fecha_salida] : [TIMESTAMP]) - [null]
2019-05-20 17:11:16.746 TRACE 6380 --- [    Test worker] o.h.type.descriptor.sql.BasicExtractor   : extracted value ([fac_valor] : [DOUBLE]) - [0.0]
2019-05-20 17:11:16.746 TRACE 6380 --- [    Test worker] o.h.type.descriptor.sql.BasicExtractor   : extracted value ([mov_placa] : [VARCHAR]) - [SWH-0]
2019-05-20 17:11:16.746 DEBUG 6380 --- [    Test worker] org.hibernate.SQL                        : select movilentit0_.mov_placa as mov_plac1_2_0_, movilentit0_.mov_cilindraje as mov_cili2_2_0_, movilentit0_.mov_tipo_movil as mov_tipo3_2_0_ from movil movilentit0_ where movilentit0_.mov_placa=?
Hibernate: select movilentit0_.mov_placa as mov_plac1_2_0_, movilentit0_.mov_cilindraje as mov_cili2_2_0_, movilentit0_.mov_tipo_movil as mov_tipo3_2_0_ from movil movilentit0_ where movilentit0_.mov_placa=?
2019-05-20 17:11:16.747 TRACE 6380 --- [    Test worker] o.h.type.descriptor.sql.BasicBinder      : binding parameter [1] as [VARCHAR] - [SWH-0]
2019-05-20 17:11:16.747 TRACE 6380 --- [    Test worker] o.h.type.descriptor.sql.BasicExtractor   : extracted value ([mov_cili2_2_0_] : [DOUBLE]) - [150.0]
2019-05-20 17:11:16.747 TRACE 6380 --- [    Test worker] o.h.type.descriptor.sql.BasicExtractor   : extracted value ([mov_tipo3_2_0_] : [VARCHAR]) - [MOTO]
2019-05-20 17:11:16.747 TRACE 6380 --- [    Test worker] org.hibernate.type.CollectionType        : Created collection wrapper: [co.com.ceiba.ceibaestacionamiento.persistencia.entidades.MovilEntity.facturasEntity#SWH-0]
2019-05-20 17:11:16.750 DEBUG 6380 --- [    Test worker] org.hibernate.SQL                        : SELECT * FROM costoestadia WHERE cos_tipo_movil = ? AND cos_tipo_pago = ? AND cos_tiempo_estadia = ?
Hibernate: SELECT * FROM costoestadia WHERE cos_tipo_movil = ? AND cos_tipo_pago = ? AND cos_tiempo_estadia = ?
2019-05-20 17:11:16.751 TRACE 6380 --- [    Test worker] o.h.type.descriptor.sql.BasicBinder      : binding parameter [1] as [VARCHAR] - [MOTO]
2019-05-20 17:11:16.751 TRACE 6380 --- [    Test worker] o.h.type.descriptor.sql.BasicBinder      : binding parameter [2] as [VARCHAR] - [NORMAL]
2019-05-20 17:11:16.751 TRACE 6380 --- [    Test worker] o.h.type.descriptor.sql.BasicBinder      : binding parameter [3] as [VARCHAR] - [DIA]
2019-05-20 17:11:16.751 TRACE 6380 --- [    Test worker] o.h.type.descriptor.sql.BasicExtractor   : extracted value ([cos_id] : [INTEGER]) - [3]
2019-05-20 17:11:16.751 TRACE 6380 --- [    Test worker] o.h.type.descriptor.sql.BasicExtractor   : extracted value ([cos_tiempo_estadia] : [VARCHAR]) - [DIA]
2019-05-20 17:11:16.751 TRACE 6380 --- [    Test worker] o.h.type.descriptor.sql.BasicExtractor   : extracted value ([cos_tipo_movil] : [VARCHAR]) - [MOTO]
2019-05-20 17:11:16.751 TRACE 6380 --- [    Test worker] o.h.type.descriptor.sql.BasicExtractor   : extracted value ([cos_tipo_pago] : [VARCHAR]) - [NORMAL]
2019-05-20 17:11:16.751 TRACE 6380 --- [    Test worker] o.h.type.descriptor.sql.BasicExtractor   : extracted value ([cos_valor] : [DOUBLE]) - [4000.0]
2019-05-20 17:11:16.754 DEBUG 6380 --- [    Test worker] org.hibernate.SQL                        : SELECT * FROM costoestadia WHERE cos_tipo_movil = ? AND cos_tipo_pago = ? AND cos_tiempo_estadia = ?
Hibernate: SELECT * FROM costoestadia WHERE cos_tipo_movil = ? AND cos_tipo_pago = ? AND cos_tiempo_estadia = ?
2019-05-20 17:11:16.755 TRACE 6380 --- [    Test worker] o.h.type.descriptor.sql.BasicBinder      : binding parameter [1] as [VARCHAR] - [MOTO]
2019-05-20 17:11:16.755 TRACE 6380 --- [    Test worker] o.h.type.descriptor.sql.BasicBinder      : binding parameter [2] as [VARCHAR] - [NORMAL]
2019-05-20 17:11:16.755 TRACE 6380 --- [    Test worker] o.h.type.descriptor.sql.BasicBinder      : binding parameter [3] as [VARCHAR] - [HORA]
2019-05-20 17:11:16.756 TRACE 6380 --- [    Test worker] o.h.type.descriptor.sql.BasicExtractor   : extracted value ([cos_id] : [INTEGER]) - [4]
2019-05-20 17:11:16.756 TRACE 6380 --- [    Test worker] o.h.type.descriptor.sql.BasicExtractor   : extracted value ([cos_tiempo_estadia] : [VARCHAR]) - [HORA]
2019-05-20 17:11:16.756 TRACE 6380 --- [    Test worker] o.h.type.descriptor.sql.BasicExtractor   : extracted value ([cos_tipo_movil] : [VARCHAR]) - [MOTO]
2019-05-20 17:11:16.756 TRACE 6380 --- [    Test worker] o.h.type.descriptor.sql.BasicExtractor   : extracted value ([cos_tipo_pago] : [VARCHAR]) - [NORMAL]
2019-05-20 17:11:16.756 TRACE 6380 --- [    Test worker] o.h.type.descriptor.sql.BasicExtractor   : extracted value ([cos_valor] : [DOUBLE]) - [500.0]
2019-05-20 17:11:16.758 DEBUG 6380 --- [    Test worker] org.hibernate.SQL                        : SELECT * FROM factura WHERE mov_placa = ? AND fac_fecha_salida IS NULL
Hibernate: SELECT * FROM factura WHERE mov_placa = ? AND fac_fecha_salida IS NULL
2019-05-20 17:11:16.759 TRACE 6380 --- [    Test worker] o.h.type.descriptor.sql.BasicBinder      : binding parameter [1] as [VARCHAR] - [SWH-0]
2019-05-20 17:11:16.760 TRACE 6380 --- [    Test worker] o.h.type.descriptor.sql.BasicExtractor   : extracted value ([facId] : [INTEGER]) - [2]
2019-05-20 17:11:16.760 TRACE 6380 --- [    Test worker] o.h.type.descriptor.sql.BasicExtractor   : extracted value ([fac_fecha_ingreso] : [TIMESTAMP]) - [2019-05-20 17:11:15.877]
2019-05-20 17:11:16.760 TRACE 6380 --- [    Test worker] o.h.type.descriptor.sql.BasicExtractor   : extracted value ([fac_fecha_salida] : [TIMESTAMP]) - [null]
2019-05-20 17:11:16.760 TRACE 6380 --- [    Test worker] o.h.type.descriptor.sql.BasicExtractor   : extracted value ([fac_valor] : [DOUBLE]) - [0.0]
2019-05-20 17:11:16.760 TRACE 6380 --- [    Test worker] o.h.type.descriptor.sql.BasicExtractor   : extracted value ([mov_placa] : [VARCHAR]) - [SWH-0]
2019-05-20 17:11:16.760 DEBUG 6380 --- [    Test worker] org.hibernate.SQL                        : select movilentit0_.mov_placa as mov_plac1_2_0_, movilentit0_.mov_cilindraje as mov_cili2_2_0_, movilentit0_.mov_tipo_movil as mov_tipo3_2_0_ from movil movilentit0_ where movilentit0_.mov_placa=?
Hibernate: select movilentit0_.mov_placa as mov_plac1_2_0_, movilentit0_.mov_cilindraje as mov_cili2_2_0_, movilentit0_.mov_tipo_movil as mov_tipo3_2_0_ from movil movilentit0_ where movilentit0_.mov_placa=?
2019-05-20 17:11:16.761 TRACE 6380 --- [    Test worker] o.h.type.descriptor.sql.BasicBinder      : binding parameter [1] as [VARCHAR] - [SWH-0]
2019-05-20 17:11:16.761 TRACE 6380 --- [    Test worker] o.h.type.descriptor.sql.BasicExtractor   : extracted value ([mov_cili2_2_0_] : [DOUBLE]) - [150.0]
2019-05-20 17:11:16.761 TRACE 6380 --- [    Test worker] o.h.type.descriptor.sql.BasicExtractor   : extracted value ([mov_tipo3_2_0_] : [VARCHAR]) - [MOTO]
2019-05-20 17:11:16.761 TRACE 6380 --- [    Test worker] org.hibernate.type.CollectionType        : Created collection wrapper: [co.com.ceiba.ceibaestacionamiento.persistencia.entidades.MovilEntity.facturasEntity#SWH-0]
2019-05-20 17:11:16.764 DEBUG 6380 --- [    Test worker] org.hibernate.SQL                        : select facturaent0_.facId as facId1_1_0_, facturaent0_.fac_fecha_ingreso as fac_fech2_1_0_, facturaent0_.fac_fecha_salida as fac_fech3_1_0_, facturaent0_.fac_valor as fac_valo4_1_0_, facturaent0_.mov_placa as mov_plac5_1_0_ from factura facturaent0_ where facturaent0_.facId=?
Hibernate: select facturaent0_.facId as facId1_1_0_, facturaent0_.fac_fecha_ingreso as fac_fech2_1_0_, facturaent0_.fac_fecha_salida as fac_fech3_1_0_, facturaent0_.fac_valor as fac_valo4_1_0_, facturaent0_.mov_placa as mov_plac5_1_0_ from factura facturaent0_ where facturaent0_.facId=?
2019-05-20 17:11:16.764 TRACE 6380 --- [    Test worker] o.h.type.descriptor.sql.BasicBinder      : binding parameter [1] as [INTEGER] - [2]
2019-05-20 17:11:16.765 TRACE 6380 --- [    Test worker] o.h.type.descriptor.sql.BasicExtractor   : extracted value ([fac_fech2_1_0_] : [TIMESTAMP]) - [2019-05-20 17:11:15.877]
2019-05-20 17:11:16.765 TRACE 6380 --- [    Test worker] o.h.type.descriptor.sql.BasicExtractor   : extracted value ([fac_fech3_1_0_] : [TIMESTAMP]) - [null]
2019-05-20 17:11:16.765 TRACE 6380 --- [    Test worker] o.h.type.descriptor.sql.BasicExtractor   : extracted value ([fac_valo4_1_0_] : [DOUBLE]) - [0.0]
2019-05-20 17:11:16.765 TRACE 6380 --- [    Test worker] o.h.type.descriptor.sql.BasicExtractor   : extracted value ([mov_plac5_1_0_] : [VARCHAR]) - [SWH-0]
2019-05-20 17:11:16.765 DEBUG 6380 --- [    Test worker] org.hibernate.SQL                        : select movilentit0_.mov_placa as mov_plac1_2_1_, movilentit0_.mov_cilindraje as mov_cili2_2_1_, movilentit0_.mov_tipo_movil as mov_tipo3_2_1_, facturasen1_.mov_placa as mov_plac5_1_3_, facturasen1_.facId as facId1_1_3_, facturasen1_.facId as facId1_1_0_, facturasen1_.fac_fecha_ingreso as fac_fech2_1_0_, facturasen1_.fac_fecha_salida as fac_fech3_1_0_, facturasen1_.fac_valor as fac_valo4_1_0_, facturasen1_.mov_placa as mov_plac5_1_0_ from movil movilentit0_ left outer join factura facturasen1_ on movilentit0_.mov_placa=facturasen1_.mov_placa where movilentit0_.mov_placa=?
Hibernate: select movilentit0_.mov_placa as mov_plac1_2_1_, movilentit0_.mov_cilindraje as mov_cili2_2_1_, movilentit0_.mov_tipo_movil as mov_tipo3_2_1_, facturasen1_.mov_placa as mov_plac5_1_3_, facturasen1_.facId as facId1_1_3_, facturasen1_.facId as facId1_1_0_, facturasen1_.fac_fecha_ingreso as fac_fech2_1_0_, facturasen1_.fac_fecha_salida as fac_fech3_1_0_, facturasen1_.fac_valor as fac_valo4_1_0_, facturasen1_.mov_placa as mov_plac5_1_0_ from movil movilentit0_ left outer join factura facturasen1_ on movilentit0_.mov_placa=facturasen1_.mov_placa where movilentit0_.mov_placa=?
2019-05-20 17:11:16.767 TRACE 6380 --- [    Test worker] o.h.type.descriptor.sql.BasicBinder      : binding parameter [1] as [VARCHAR] - [SWH-0]
2019-05-20 17:11:16.767 TRACE 6380 --- [    Test worker] o.h.type.descriptor.sql.BasicExtractor   : extracted value ([facId1_1_0_] : [INTEGER]) - [2]
2019-05-20 17:11:16.767 TRACE 6380 --- [    Test worker] o.h.type.descriptor.sql.BasicExtractor   : extracted value ([mov_cili2_2_1_] : [DOUBLE]) - [150.0]
2019-05-20 17:11:16.767 TRACE 6380 --- [    Test worker] o.h.type.descriptor.sql.BasicExtractor   : extracted value ([mov_tipo3_2_1_] : [VARCHAR]) - [MOTO]
2019-05-20 17:11:16.768 TRACE 6380 --- [    Test worker] o.h.type.descriptor.sql.BasicExtractor   : extracted value ([mov_plac5_1_3_] : [VARCHAR]) - [SWH-0]
2019-05-20 17:11:16.769 TRACE 6380 --- [    Test worker] o.h.type.descriptor.sql.BasicExtractor   : extracted value ([facId1_1_3_] : [INTEGER]) - [2]
2019-05-20 17:11:16.773 DEBUG 6380 --- [    Test worker] org.hibernate.SQL                        : update factura set fac_fecha_ingreso=?, fac_fecha_salida=?, fac_valor=?, mov_placa=? where facId=?
Hibernate: update factura set fac_fecha_ingreso=?, fac_fecha_salida=?, fac_valor=?, mov_placa=? where facId=?
2019-05-20 17:11:16.773 TRACE 6380 --- [    Test worker] o.h.type.descriptor.sql.BasicBinder      : binding parameter [1] as [TIMESTAMP] - [2019-05-20 17:11:15.877]
2019-05-20 17:11:16.773 TRACE 6380 --- [    Test worker] o.h.type.descriptor.sql.BasicBinder      : binding parameter [2] as [TIMESTAMP] - [Mon May 20 17:11:16 COT 2019]
2019-05-20 17:11:16.774 TRACE 6380 --- [    Test worker] o.h.type.descriptor.sql.BasicBinder      : binding parameter [3] as [DOUBLE] - [0.0]
2019-05-20 17:11:16.774 TRACE 6380 --- [    Test worker] o.h.type.descriptor.sql.BasicBinder      : binding parameter [4] as [VARCHAR] - [SWH-0]
2019-05-20 17:11:16.774 TRACE 6380 --- [    Test worker] o.h.type.descriptor.sql.BasicBinder      : binding parameter [5] as [INTEGER] - [2]
2019-05-20 17:11:16.781 DEBUG 6380 --- [    Test worker] org.hibernate.SQL                        : select movilentit0_.mov_placa as mov_plac1_2_0_, movilentit0_.mov_cilindraje as mov_cili2_2_0_, movilentit0_.mov_tipo_movil as mov_tipo3_2_0_ from movil movilentit0_ where movilentit0_.mov_placa=?
Hibernate: select movilentit0_.mov_placa as mov_plac1_2_0_, movilentit0_.mov_cilindraje as mov_cili2_2_0_, movilentit0_.mov_tipo_movil as mov_tipo3_2_0_ from movil movilentit0_ where movilentit0_.mov_placa=?
2019-05-20 17:11:16.782 TRACE 6380 --- [    Test worker] o.h.type.descriptor.sql.BasicBinder      : binding parameter [1] as [VARCHAR] - [SWH-1]
2019-05-20 17:11:16.782 TRACE 6380 --- [    Test worker] o.h.type.descriptor.sql.BasicExtractor   : extracted value ([mov_cili2_2_0_] : [DOUBLE]) - [150.0]
2019-05-20 17:11:16.782 TRACE 6380 --- [    Test worker] o.h.type.descriptor.sql.BasicExtractor   : extracted value ([mov_tipo3_2_0_] : [VARCHAR]) - [MOTO]
2019-05-20 17:11:16.783 TRACE 6380 --- [    Test worker] org.hibernate.type.CollectionType        : Created collection wrapper: [co.com.ceiba.ceibaestacionamiento.persistencia.entidades.MovilEntity.facturasEntity#SWH-1]
2019-05-20 17:11:16.792 DEBUG 6380 --- [    Test worker] org.hibernate.SQL                        : SELECT COUNT(*) FROM factura WHERE mov_placa = ? AND fac_fecha_salida IS NULL
Hibernate: SELECT COUNT(*) FROM factura WHERE mov_placa = ? AND fac_fecha_salida IS NULL
2019-05-20 17:11:16.793 TRACE 6380 --- [    Test worker] o.h.type.descriptor.sql.BasicBinder      : binding parameter [1] as [VARCHAR] - [SWH-1]
2019-05-20 17:11:16.794 TRACE 6380 --- [    Test worker] o.h.type.descriptor.sql.BasicExtractor   : extracted value ([COUNT(*)] : [NUMERIC]) - [1]
2019-05-20 17:11:16.795 DEBUG 6380 --- [    Test worker] org.hibernate.SQL                        : SELECT * FROM factura WHERE mov_placa = ? AND fac_fecha_salida IS NULL
Hibernate: SELECT * FROM factura WHERE mov_placa = ? AND fac_fecha_salida IS NULL
2019-05-20 17:11:16.797 TRACE 6380 --- [    Test worker] o.h.type.descriptor.sql.BasicBinder      : binding parameter [1] as [VARCHAR] - [SWH-1]
2019-05-20 17:11:16.797 TRACE 6380 --- [    Test worker] o.h.type.descriptor.sql.BasicExtractor   : extracted value ([facId] : [INTEGER]) - [3]
2019-05-20 17:11:16.798 TRACE 6380 --- [    Test worker] o.h.type.descriptor.sql.BasicExtractor   : extracted value ([fac_fecha_ingreso] : [TIMESTAMP]) - [2019-05-20 17:11:15.918]
2019-05-20 17:11:16.798 TRACE 6380 --- [    Test worker] o.h.type.descriptor.sql.BasicExtractor   : extracted value ([fac_fecha_salida] : [TIMESTAMP]) - [null]
2019-05-20 17:11:16.798 TRACE 6380 --- [    Test worker] o.h.type.descriptor.sql.BasicExtractor   : extracted value ([fac_valor] : [DOUBLE]) - [0.0]
2019-05-20 17:11:16.798 TRACE 6380 --- [    Test worker] o.h.type.descriptor.sql.BasicExtractor   : extracted value ([mov_placa] : [VARCHAR]) - [SWH-1]
2019-05-20 17:11:16.798 DEBUG 6380 --- [    Test worker] org.hibernate.SQL                        : select movilentit0_.mov_placa as mov_plac1_2_0_, movilentit0_.mov_cilindraje as mov_cili2_2_0_, movilentit0_.mov_tipo_movil as mov_tipo3_2_0_ from movil movilentit0_ where movilentit0_.mov_placa=?
Hibernate: select movilentit0_.mov_placa as mov_plac1_2_0_, movilentit0_.mov_cilindraje as mov_cili2_2_0_, movilentit0_.mov_tipo_movil as mov_tipo3_2_0_ from movil movilentit0_ where movilentit0_.mov_placa=?
2019-05-20 17:11:16.798 TRACE 6380 --- [    Test worker] o.h.type.descriptor.sql.BasicBinder      : binding parameter [1] as [VARCHAR] - [SWH-1]
2019-05-20 17:11:16.800 TRACE 6380 --- [    Test worker] o.h.type.descriptor.sql.BasicExtractor   : extracted value ([mov_cili2_2_0_] : [DOUBLE]) - [150.0]
2019-05-20 17:11:16.800 TRACE 6380 --- [    Test worker] o.h.type.descriptor.sql.BasicExtractor   : extracted value ([mov_tipo3_2_0_] : [VARCHAR]) - [MOTO]
2019-05-20 17:11:16.800 TRACE 6380 --- [    Test worker] org.hibernate.type.CollectionType        : Created collection wrapper: [co.com.ceiba.ceibaestacionamiento.persistencia.entidades.MovilEntity.facturasEntity#SWH-1]
2019-05-20 17:11:16.802 DEBUG 6380 --- [    Test worker] org.hibernate.SQL                        : SELECT * FROM costoestadia WHERE cos_tipo_movil = ? AND cos_tipo_pago = ? AND cos_tiempo_estadia = ?
Hibernate: SELECT * FROM costoestadia WHERE cos_tipo_movil = ? AND cos_tipo_pago = ? AND cos_tiempo_estadia = ?
2019-05-20 17:11:16.803 TRACE 6380 --- [    Test worker] o.h.type.descriptor.sql.BasicBinder      : binding parameter [1] as [VARCHAR] - [MOTO]
2019-05-20 17:11:16.803 TRACE 6380 --- [    Test worker] o.h.type.descriptor.sql.BasicBinder      : binding parameter [2] as [VARCHAR] - [NORMAL]
2019-05-20 17:11:16.803 TRACE 6380 --- [    Test worker] o.h.type.descriptor.sql.BasicBinder      : binding parameter [3] as [VARCHAR] - [DIA]
2019-05-20 17:11:16.803 TRACE 6380 --- [    Test worker] o.h.type.descriptor.sql.BasicExtractor   : extracted value ([cos_id] : [INTEGER]) - [3]
2019-05-20 17:11:16.803 TRACE 6380 --- [    Test worker] o.h.type.descriptor.sql.BasicExtractor   : extracted value ([cos_tiempo_estadia] : [VARCHAR]) - [DIA]
2019-05-20 17:11:16.804 TRACE 6380 --- [    Test worker] o.h.type.descriptor.sql.BasicExtractor   : extracted value ([cos_tipo_movil] : [VARCHAR]) - [MOTO]
2019-05-20 17:11:16.804 TRACE 6380 --- [    Test worker] o.h.type.descriptor.sql.BasicExtractor   : extracted value ([cos_tipo_pago] : [VARCHAR]) - [NORMAL]
2019-05-20 17:11:16.804 TRACE 6380 --- [    Test worker] o.h.type.descriptor.sql.BasicExtractor   : extracted value ([cos_valor] : [DOUBLE]) - [4000.0]
2019-05-20 17:11:16.808 DEBUG 6380 --- [    Test worker] org.hibernate.SQL                        : SELECT * FROM costoestadia WHERE cos_tipo_movil = ? AND cos_tipo_pago = ? AND cos_tiempo_estadia = ?
Hibernate: SELECT * FROM costoestadia WHERE cos_tipo_movil = ? AND cos_tipo_pago = ? AND cos_tiempo_estadia = ?
2019-05-20 17:11:16.810 TRACE 6380 --- [    Test worker] o.h.type.descriptor.sql.BasicBinder      : binding parameter [1] as [VARCHAR] - [MOTO]
2019-05-20 17:11:16.810 TRACE 6380 --- [    Test worker] o.h.type.descriptor.sql.BasicBinder      : binding parameter [2] as [VARCHAR] - [NORMAL]
2019-05-20 17:11:16.810 TRACE 6380 --- [    Test worker] o.h.type.descriptor.sql.BasicBinder      : binding parameter [3] as [VARCHAR] - [HORA]
2019-05-20 17:11:16.810 TRACE 6380 --- [    Test worker] o.h.type.descriptor.sql.BasicExtractor   : extracted value ([cos_id] : [INTEGER]) - [4]
2019-05-20 17:11:16.810 TRACE 6380 --- [    Test worker] o.h.type.descriptor.sql.BasicExtractor   : extracted value ([cos_tiempo_estadia] : [VARCHAR]) - [HORA]
2019-05-20 17:11:16.810 TRACE 6380 --- [    Test worker] o.h.type.descriptor.sql.BasicExtractor   : extracted value ([cos_tipo_movil] : [VARCHAR]) - [MOTO]
2019-05-20 17:11:16.811 TRACE 6380 --- [    Test worker] o.h.type.descriptor.sql.BasicExtractor   : extracted value ([cos_tipo_pago] : [VARCHAR]) - [NORMAL]
2019-05-20 17:11:16.811 TRACE 6380 --- [    Test worker] o.h.type.descriptor.sql.BasicExtractor   : extracted value ([cos_valor] : [DOUBLE]) - [500.0]
2019-05-20 17:11:16.814 DEBUG 6380 --- [    Test worker] org.hibernate.SQL                        : SELECT * FROM factura WHERE mov_placa = ? AND fac_fecha_salida IS NULL
Hibernate: SELECT * FROM factura WHERE mov_placa = ? AND fac_fecha_salida IS NULL
2019-05-20 17:11:16.816 TRACE 6380 --- [    Test worker] o.h.type.descriptor.sql.BasicBinder      : binding parameter [1] as [VARCHAR] - [SWH-1]
2019-05-20 17:11:16.817 TRACE 6380 --- [    Test worker] o.h.type.descriptor.sql.BasicExtractor   : extracted value ([facId] : [INTEGER]) - [3]
2019-05-20 17:11:16.818 TRACE 6380 --- [    Test worker] o.h.type.descriptor.sql.BasicExtractor   : extracted value ([fac_fecha_ingreso] : [TIMESTAMP]) - [2019-05-20 17:11:15.918]
2019-05-20 17:11:16.818 TRACE 6380 --- [    Test worker] o.h.type.descriptor.sql.BasicExtractor   : extracted value ([fac_fecha_salida] : [TIMESTAMP]) - [null]
2019-05-20 17:11:16.820 TRACE 6380 --- [    Test worker] o.h.type.descriptor.sql.BasicExtractor   : extracted value ([fac_valor] : [DOUBLE]) - [0.0]
2019-05-20 17:11:16.820 TRACE 6380 --- [    Test worker] o.h.type.descriptor.sql.BasicExtractor   : extracted value ([mov_placa] : [VARCHAR]) - [SWH-1]
2019-05-20 17:11:16.820 DEBUG 6380 --- [    Test worker] org.hibernate.SQL                        : select movilentit0_.mov_placa as mov_plac1_2_0_, movilentit0_.mov_cilindraje as mov_cili2_2_0_, movilentit0_.mov_tipo_movil as mov_tipo3_2_0_ from movil movilentit0_ where movilentit0_.mov_placa=?
Hibernate: select movilentit0_.mov_placa as mov_plac1_2_0_, movilentit0_.mov_cilindraje as mov_cili2_2_0_, movilentit0_.mov_tipo_movil as mov_tipo3_2_0_ from movil movilentit0_ where movilentit0_.mov_placa=?
2019-05-20 17:11:16.821 TRACE 6380 --- [    Test worker] o.h.type.descriptor.sql.BasicBinder      : binding parameter [1] as [VARCHAR] - [SWH-1]
2019-05-20 17:11:16.822 TRACE 6380 --- [    Test worker] o.h.type.descriptor.sql.BasicExtractor   : extracted value ([mov_cili2_2_0_] : [DOUBLE]) - [150.0]
2019-05-20 17:11:16.822 TRACE 6380 --- [    Test worker] o.h.type.descriptor.sql.BasicExtractor   : extracted value ([mov_tipo3_2_0_] : [VARCHAR]) - [MOTO]
2019-05-20 17:11:16.822 TRACE 6380 --- [    Test worker] org.hibernate.type.CollectionType        : Created collection wrapper: [co.com.ceiba.ceibaestacionamiento.persistencia.entidades.MovilEntity.facturasEntity#SWH-1]
2019-05-20 17:11:16.842 DEBUG 6380 --- [    Test worker] org.hibernate.SQL                        : select facturaent0_.facId as facId1_1_0_, facturaent0_.fac_fecha_ingreso as fac_fech2_1_0_, facturaent0_.fac_fecha_salida as fac_fech3_1_0_, facturaent0_.fac_valor as fac_valo4_1_0_, facturaent0_.mov_placa as mov_plac5_1_0_ from factura facturaent0_ where facturaent0_.facId=?
Hibernate: select facturaent0_.facId as facId1_1_0_, facturaent0_.fac_fecha_ingreso as fac_fech2_1_0_, facturaent0_.fac_fecha_salida as fac_fech3_1_0_, facturaent0_.fac_valor as fac_valo4_1_0_, facturaent0_.mov_placa as mov_plac5_1_0_ from factura facturaent0_ where facturaent0_.facId=?
2019-05-20 17:11:16.844 TRACE 6380 --- [    Test worker] o.h.type.descriptor.sql.BasicBinder      : binding parameter [1] as [INTEGER] - [3]
2019-05-20 17:11:16.845 TRACE 6380 --- [    Test worker] o.h.type.descriptor.sql.BasicExtractor   : extracted value ([fac_fech2_1_0_] : [TIMESTAMP]) - [2019-05-20 17:11:15.918]
2019-05-20 17:11:16.846 TRACE 6380 --- [    Test worker] o.h.type.descriptor.sql.BasicExtractor   : extracted value ([fac_fech3_1_0_] : [TIMESTAMP]) - [null]
2019-05-20 17:11:16.847 TRACE 6380 --- [    Test worker] o.h.type.descriptor.sql.BasicExtractor   : extracted value ([fac_valo4_1_0_] : [DOUBLE]) - [0.0]
2019-05-20 17:11:16.847 TRACE 6380 --- [    Test worker] o.h.type.descriptor.sql.BasicExtractor   : extracted value ([mov_plac5_1_0_] : [VARCHAR]) - [SWH-1]
2019-05-20 17:11:16.847 DEBUG 6380 --- [    Test worker] org.hibernate.SQL                        : select movilentit0_.mov_placa as mov_plac1_2_1_, movilentit0_.mov_cilindraje as mov_cili2_2_1_, movilentit0_.mov_tipo_movil as mov_tipo3_2_1_, facturasen1_.mov_placa as mov_plac5_1_3_, facturasen1_.facId as facId1_1_3_, facturasen1_.facId as facId1_1_0_, facturasen1_.fac_fecha_ingreso as fac_fech2_1_0_, facturasen1_.fac_fecha_salida as fac_fech3_1_0_, facturasen1_.fac_valor as fac_valo4_1_0_, facturasen1_.mov_placa as mov_plac5_1_0_ from movil movilentit0_ left outer join factura facturasen1_ on movilentit0_.mov_placa=facturasen1_.mov_placa where movilentit0_.mov_placa=?
Hibernate: select movilentit0_.mov_placa as mov_plac1_2_1_, movilentit0_.mov_cilindraje as mov_cili2_2_1_, movilentit0_.mov_tipo_movil as mov_tipo3_2_1_, facturasen1_.mov_placa as mov_plac5_1_3_, facturasen1_.facId as facId1_1_3_, facturasen1_.facId as facId1_1_0_, facturasen1_.fac_fecha_ingreso as fac_fech2_1_0_, facturasen1_.fac_fecha_salida as fac_fech3_1_0_, facturasen1_.fac_valor as fac_valo4_1_0_, facturasen1_.mov_placa as mov_plac5_1_0_ from movil movilentit0_ left outer join factura facturasen1_ on movilentit0_.mov_placa=facturasen1_.mov_placa where movilentit0_.mov_placa=?
2019-05-20 17:11:16.848 TRACE 6380 --- [    Test worker] o.h.type.descriptor.sql.BasicBinder      : binding parameter [1] as [VARCHAR] - [SWH-1]
2019-05-20 17:11:16.849 TRACE 6380 --- [    Test worker] o.h.type.descriptor.sql.BasicExtractor   : extracted value ([facId1_1_0_] : [INTEGER]) - [3]
2019-05-20 17:11:16.849 TRACE 6380 --- [    Test worker] o.h.type.descriptor.sql.BasicExtractor   : extracted value ([mov_cili2_2_1_] : [DOUBLE]) - [150.0]
2019-05-20 17:11:16.849 TRACE 6380 --- [    Test worker] o.h.type.descriptor.sql.BasicExtractor   : extracted value ([mov_tipo3_2_1_] : [VARCHAR]) - [MOTO]
2019-05-20 17:11:16.850 TRACE 6380 --- [    Test worker] o.h.type.descriptor.sql.BasicExtractor   : extracted value ([mov_plac5_1_3_] : [VARCHAR]) - [SWH-1]
2019-05-20 17:11:16.850 TRACE 6380 --- [    Test worker] o.h.type.descriptor.sql.BasicExtractor   : extracted value ([facId1_1_3_] : [INTEGER]) - [3]
2019-05-20 17:11:16.852 DEBUG 6380 --- [    Test worker] org.hibernate.SQL                        : update factura set fac_fecha_ingreso=?, fac_fecha_salida=?, fac_valor=?, mov_placa=? where facId=?
Hibernate: update factura set fac_fecha_ingreso=?, fac_fecha_salida=?, fac_valor=?, mov_placa=? where facId=?
2019-05-20 17:11:16.852 TRACE 6380 --- [    Test worker] o.h.type.descriptor.sql.BasicBinder      : binding parameter [1] as [TIMESTAMP] - [2019-05-20 17:11:15.918]
2019-05-20 17:11:16.853 TRACE 6380 --- [    Test worker] o.h.type.descriptor.sql.BasicBinder      : binding parameter [2] as [TIMESTAMP] - [Mon May 20 17:11:16 COT 2019]
2019-05-20 17:11:16.854 TRACE 6380 --- [    Test worker] o.h.type.descriptor.sql.BasicBinder      : binding parameter [3] as [DOUBLE] - [0.0]
2019-05-20 17:11:16.854 TRACE 6380 --- [    Test worker] o.h.type.descriptor.sql.BasicBinder      : binding parameter [4] as [VARCHAR] - [SWH-1]
2019-05-20 17:11:16.854 TRACE 6380 --- [    Test worker] o.h.type.descriptor.sql.BasicBinder      : binding parameter [5] as [INTEGER] - [3]
2019-05-20 17:11:16.863 DEBUG 6380 --- [    Test worker] org.hibernate.SQL                        : select movilentit0_.mov_placa as mov_plac1_2_0_, movilentit0_.mov_cilindraje as mov_cili2_2_0_, movilentit0_.mov_tipo_movil as mov_tipo3_2_0_ from movil movilentit0_ where movilentit0_.mov_placa=?
Hibernate: select movilentit0_.mov_placa as mov_plac1_2_0_, movilentit0_.mov_cilindraje as mov_cili2_2_0_, movilentit0_.mov_tipo_movil as mov_tipo3_2_0_ from movil movilentit0_ where movilentit0_.mov_placa=?
2019-05-20 17:11:16.863 TRACE 6380 --- [    Test worker] o.h.type.descriptor.sql.BasicBinder      : binding parameter [1] as [VARCHAR] - [SWH-2]
2019-05-20 17:11:16.864 TRACE 6380 --- [    Test worker] o.h.type.descriptor.sql.BasicExtractor   : extracted value ([mov_cili2_2_0_] : [DOUBLE]) - [150.0]
2019-05-20 17:11:16.864 TRACE 6380 --- [    Test worker] o.h.type.descriptor.sql.BasicExtractor   : extracted value ([mov_tipo3_2_0_] : [VARCHAR]) - [MOTO]
2019-05-20 17:11:16.865 TRACE 6380 --- [    Test worker] org.hibernate.type.CollectionType        : Created collection wrapper: [co.com.ceiba.ceibaestacionamiento.persistencia.entidades.MovilEntity.facturasEntity#SWH-2]
2019-05-20 17:11:16.868 DEBUG 6380 --- [    Test worker] org.hibernate.SQL                        : SELECT COUNT(*) FROM factura WHERE mov_placa = ? AND fac_fecha_salida IS NULL
Hibernate: SELECT COUNT(*) FROM factura WHERE mov_placa = ? AND fac_fecha_salida IS NULL
2019-05-20 17:11:16.870 TRACE 6380 --- [    Test worker] o.h.type.descriptor.sql.BasicBinder      : binding parameter [1] as [VARCHAR] - [SWH-2]
2019-05-20 17:11:16.871 TRACE 6380 --- [    Test worker] o.h.type.descriptor.sql.BasicExtractor   : extracted value ([COUNT(*)] : [NUMERIC]) - [1]
2019-05-20 17:11:16.874 DEBUG 6380 --- [    Test worker] org.hibernate.SQL                        : SELECT * FROM factura WHERE mov_placa = ? AND fac_fecha_salida IS NULL
Hibernate: SELECT * FROM factura WHERE mov_placa = ? AND fac_fecha_salida IS NULL
2019-05-20 17:11:16.875 TRACE 6380 --- [    Test worker] o.h.type.descriptor.sql.BasicBinder      : binding parameter [1] as [VARCHAR] - [SWH-2]
2019-05-20 17:11:16.876 TRACE 6380 --- [    Test worker] o.h.type.descriptor.sql.BasicExtractor   : extracted value ([facId] : [INTEGER]) - [4]
2019-05-20 17:11:16.877 TRACE 6380 --- [    Test worker] o.h.type.descriptor.sql.BasicExtractor   : extracted value ([fac_fecha_ingreso] : [TIMESTAMP]) - [2019-05-20 17:11:15.954]
2019-05-20 17:11:16.877 TRACE 6380 --- [    Test worker] o.h.type.descriptor.sql.BasicExtractor   : extracted value ([fac_fecha_salida] : [TIMESTAMP]) - [null]
2019-05-20 17:11:16.877 TRACE 6380 --- [    Test worker] o.h.type.descriptor.sql.BasicExtractor   : extracted value ([fac_valor] : [DOUBLE]) - [0.0]
2019-05-20 17:11:16.877 TRACE 6380 --- [    Test worker] o.h.type.descriptor.sql.BasicExtractor   : extracted value ([mov_placa] : [VARCHAR]) - [SWH-2]
2019-05-20 17:11:16.878 DEBUG 6380 --- [    Test worker] org.hibernate.SQL                        : select movilentit0_.mov_placa as mov_plac1_2_0_, movilentit0_.mov_cilindraje as mov_cili2_2_0_, movilentit0_.mov_tipo_movil as mov_tipo3_2_0_ from movil movilentit0_ where movilentit0_.mov_placa=?
Hibernate: select movilentit0_.mov_placa as mov_plac1_2_0_, movilentit0_.mov_cilindraje as mov_cili2_2_0_, movilentit0_.mov_tipo_movil as mov_tipo3_2_0_ from movil movilentit0_ where movilentit0_.mov_placa=?
2019-05-20 17:11:16.879 TRACE 6380 --- [    Test worker] o.h.type.descriptor.sql.BasicBinder      : binding parameter [1] as [VARCHAR] - [SWH-2]
2019-05-20 17:11:16.880 TRACE 6380 --- [    Test worker] o.h.type.descriptor.sql.BasicExtractor   : extracted value ([mov_cili2_2_0_] : [DOUBLE]) - [150.0]
2019-05-20 17:11:16.880 TRACE 6380 --- [    Test worker] o.h.type.descriptor.sql.BasicExtractor   : extracted value ([mov_tipo3_2_0_] : [VARCHAR]) - [MOTO]
2019-05-20 17:11:16.880 TRACE 6380 --- [    Test worker] org.hibernate.type.CollectionType        : Created collection wrapper: [co.com.ceiba.ceibaestacionamiento.persistencia.entidades.MovilEntity.facturasEntity#SWH-2]
2019-05-20 17:11:16.883 DEBUG 6380 --- [    Test worker] org.hibernate.SQL                        : SELECT * FROM costoestadia WHERE cos_tipo_movil = ? AND cos_tipo_pago = ? AND cos_tiempo_estadia = ?
Hibernate: SELECT * FROM costoestadia WHERE cos_tipo_movil = ? AND cos_tipo_pago = ? AND cos_tiempo_estadia = ?
2019-05-20 17:11:16.883 TRACE 6380 --- [    Test worker] o.h.type.descriptor.sql.BasicBinder      : binding parameter [1] as [VARCHAR] - [MOTO]
2019-05-20 17:11:16.884 TRACE 6380 --- [    Test worker] o.h.type.descriptor.sql.BasicBinder      : binding parameter [2] as [VARCHAR] - [NORMAL]
2019-05-20 17:11:16.884 TRACE 6380 --- [    Test worker] o.h.type.descriptor.sql.BasicBinder      : binding parameter [3] as [VARCHAR] - [DIA]
2019-05-20 17:11:16.884 TRACE 6380 --- [    Test worker] o.h.type.descriptor.sql.BasicExtractor   : extracted value ([cos_id] : [INTEGER]) - [3]
2019-05-20 17:11:16.884 TRACE 6380 --- [    Test worker] o.h.type.descriptor.sql.BasicExtractor   : extracted value ([cos_tiempo_estadia] : [VARCHAR]) - [DIA]
2019-05-20 17:11:16.884 TRACE 6380 --- [    Test worker] o.h.type.descriptor.sql.BasicExtractor   : extracted value ([cos_tipo_movil] : [VARCHAR]) - [MOTO]
2019-05-20 17:11:16.884 TRACE 6380 --- [    Test worker] o.h.type.descriptor.sql.BasicExtractor   : extracted value ([cos_tipo_pago] : [VARCHAR]) - [NORMAL]
2019-05-20 17:11:16.884 TRACE 6380 --- [    Test worker] o.h.type.descriptor.sql.BasicExtractor   : extracted value ([cos_valor] : [DOUBLE]) - [4000.0]
2019-05-20 17:11:16.888 DEBUG 6380 --- [    Test worker] org.hibernate.SQL                        : SELECT * FROM costoestadia WHERE cos_tipo_movil = ? AND cos_tipo_pago = ? AND cos_tiempo_estadia = ?
Hibernate: SELECT * FROM costoestadia WHERE cos_tipo_movil = ? AND cos_tipo_pago = ? AND cos_tiempo_estadia = ?
2019-05-20 17:11:16.889 TRACE 6380 --- [    Test worker] o.h.type.descriptor.sql.BasicBinder      : binding parameter [1] as [VARCHAR] - [MOTO]
2019-05-20 17:11:16.889 TRACE 6380 --- [    Test worker] o.h.type.descriptor.sql.BasicBinder      : binding parameter [2] as [VARCHAR] - [NORMAL]
2019-05-20 17:11:16.889 TRACE 6380 --- [    Test worker] o.h.type.descriptor.sql.BasicBinder      : binding parameter [3] as [VARCHAR] - [HORA]
2019-05-20 17:11:16.889 TRACE 6380 --- [    Test worker] o.h.type.descriptor.sql.BasicExtractor   : extracted value ([cos_id] : [INTEGER]) - [4]
2019-05-20 17:11:16.889 TRACE 6380 --- [    Test worker] o.h.type.descriptor.sql.BasicExtractor   : extracted value ([cos_tiempo_estadia] : [VARCHAR]) - [HORA]
2019-05-20 17:11:16.889 TRACE 6380 --- [    Test worker] o.h.type.descriptor.sql.BasicExtractor   : extracted value ([cos_tipo_movil] : [VARCHAR]) - [MOTO]
2019-05-20 17:11:16.889 TRACE 6380 --- [    Test worker] o.h.type.descriptor.sql.BasicExtractor   : extracted value ([cos_tipo_pago] : [VARCHAR]) - [NORMAL]
2019-05-20 17:11:16.889 TRACE 6380 --- [    Test worker] o.h.type.descriptor.sql.BasicExtractor   : extracted value ([cos_valor] : [DOUBLE]) - [500.0]
2019-05-20 17:11:16.891 DEBUG 6380 --- [    Test worker] org.hibernate.SQL                        : SELECT * FROM factura WHERE mov_placa = ? AND fac_fecha_salida IS NULL
Hibernate: SELECT * FROM factura WHERE mov_placa = ? AND fac_fecha_salida IS NULL
2019-05-20 17:11:16.892 TRACE 6380 --- [    Test worker] o.h.type.descriptor.sql.BasicBinder      : binding parameter [1] as [VARCHAR] - [SWH-2]
2019-05-20 17:11:16.893 TRACE 6380 --- [    Test worker] o.h.type.descriptor.sql.BasicExtractor   : extracted value ([facId] : [INTEGER]) - [4]
2019-05-20 17:11:16.893 TRACE 6380 --- [    Test worker] o.h.type.descriptor.sql.BasicExtractor   : extracted value ([fac_fecha_ingreso] : [TIMESTAMP]) - [2019-05-20 17:11:15.954]
2019-05-20 17:11:16.893 TRACE 6380 --- [    Test worker] o.h.type.descriptor.sql.BasicExtractor   : extracted value ([fac_fecha_salida] : [TIMESTAMP]) - [null]
2019-05-20 17:11:16.893 TRACE 6380 --- [    Test worker] o.h.type.descriptor.sql.BasicExtractor   : extracted value ([fac_valor] : [DOUBLE]) - [0.0]
2019-05-20 17:11:16.893 TRACE 6380 --- [    Test worker] o.h.type.descriptor.sql.BasicExtractor   : extracted value ([mov_placa] : [VARCHAR]) - [SWH-2]
2019-05-20 17:11:16.894 DEBUG 6380 --- [    Test worker] org.hibernate.SQL                        : select movilentit0_.mov_placa as mov_plac1_2_0_, movilentit0_.mov_cilindraje as mov_cili2_2_0_, movilentit0_.mov_tipo_movil as mov_tipo3_2_0_ from movil movilentit0_ where movilentit0_.mov_placa=?
Hibernate: select movilentit0_.mov_placa as mov_plac1_2_0_, movilentit0_.mov_cilindraje as mov_cili2_2_0_, movilentit0_.mov_tipo_movil as mov_tipo3_2_0_ from movil movilentit0_ where movilentit0_.mov_placa=?
2019-05-20 17:11:16.894 TRACE 6380 --- [    Test worker] o.h.type.descriptor.sql.BasicBinder      : binding parameter [1] as [VARCHAR] - [SWH-2]
2019-05-20 17:11:16.894 TRACE 6380 --- [    Test worker] o.h.type.descriptor.sql.BasicExtractor   : extracted value ([mov_cili2_2_0_] : [DOUBLE]) - [150.0]
2019-05-20 17:11:16.895 TRACE 6380 --- [    Test worker] o.h.type.descriptor.sql.BasicExtractor   : extracted value ([mov_tipo3_2_0_] : [VARCHAR]) - [MOTO]
2019-05-20 17:11:16.895 TRACE 6380 --- [    Test worker] org.hibernate.type.CollectionType        : Created collection wrapper: [co.com.ceiba.ceibaestacionamiento.persistencia.entidades.MovilEntity.facturasEntity#SWH-2]
2019-05-20 17:11:16.899 DEBUG 6380 --- [    Test worker] org.hibernate.SQL                        : select facturaent0_.facId as facId1_1_0_, facturaent0_.fac_fecha_ingreso as fac_fech2_1_0_, facturaent0_.fac_fecha_salida as fac_fech3_1_0_, facturaent0_.fac_valor as fac_valo4_1_0_, facturaent0_.mov_placa as mov_plac5_1_0_ from factura facturaent0_ where facturaent0_.facId=?
Hibernate: select facturaent0_.facId as facId1_1_0_, facturaent0_.fac_fecha_ingreso as fac_fech2_1_0_, facturaent0_.fac_fecha_salida as fac_fech3_1_0_, facturaent0_.fac_valor as fac_valo4_1_0_, facturaent0_.mov_placa as mov_plac5_1_0_ from factura facturaent0_ where facturaent0_.facId=?
2019-05-20 17:11:16.899 TRACE 6380 --- [    Test worker] o.h.type.descriptor.sql.BasicBinder      : binding parameter [1] as [INTEGER] - [4]
2019-05-20 17:11:16.900 TRACE 6380 --- [    Test worker] o.h.type.descriptor.sql.BasicExtractor   : extracted value ([fac_fech2_1_0_] : [TIMESTAMP]) - [2019-05-20 17:11:15.954]
2019-05-20 17:11:16.900 TRACE 6380 --- [    Test worker] o.h.type.descriptor.sql.BasicExtractor   : extracted value ([fac_fech3_1_0_] : [TIMESTAMP]) - [null]
2019-05-20 17:11:16.900 TRACE 6380 --- [    Test worker] o.h.type.descriptor.sql.BasicExtractor   : extracted value ([fac_valo4_1_0_] : [DOUBLE]) - [0.0]
2019-05-20 17:11:16.900 TRACE 6380 --- [    Test worker] o.h.type.descriptor.sql.BasicExtractor   : extracted value ([mov_plac5_1_0_] : [VARCHAR]) - [SWH-2]
2019-05-20 17:11:16.900 DEBUG 6380 --- [    Test worker] org.hibernate.SQL                        : select movilentit0_.mov_placa as mov_plac1_2_1_, movilentit0_.mov_cilindraje as mov_cili2_2_1_, movilentit0_.mov_tipo_movil as mov_tipo3_2_1_, facturasen1_.mov_placa as mov_plac5_1_3_, facturasen1_.facId as facId1_1_3_, facturasen1_.facId as facId1_1_0_, facturasen1_.fac_fecha_ingreso as fac_fech2_1_0_, facturasen1_.fac_fecha_salida as fac_fech3_1_0_, facturasen1_.fac_valor as fac_valo4_1_0_, facturasen1_.mov_placa as mov_plac5_1_0_ from movil movilentit0_ left outer join factura facturasen1_ on movilentit0_.mov_placa=facturasen1_.mov_placa where movilentit0_.mov_placa=?
Hibernate: select movilentit0_.mov_placa as mov_plac1_2_1_, movilentit0_.mov_cilindraje as mov_cili2_2_1_, movilentit0_.mov_tipo_movil as mov_tipo3_2_1_, facturasen1_.mov_placa as mov_plac5_1_3_, facturasen1_.facId as facId1_1_3_, facturasen1_.facId as facId1_1_0_, facturasen1_.fac_fecha_ingreso as fac_fech2_1_0_, facturasen1_.fac_fecha_salida as fac_fech3_1_0_, facturasen1_.fac_valor as fac_valo4_1_0_, facturasen1_.mov_placa as mov_plac5_1_0_ from movil movilentit0_ left outer join factura facturasen1_ on movilentit0_.mov_placa=facturasen1_.mov_placa where movilentit0_.mov_placa=?
2019-05-20 17:11:16.900 TRACE 6380 --- [    Test worker] o.h.type.descriptor.sql.BasicBinder      : binding parameter [1] as [VARCHAR] - [SWH-2]
2019-05-20 17:11:16.901 TRACE 6380 --- [    Test worker] o.h.type.descriptor.sql.BasicExtractor   : extracted value ([facId1_1_0_] : [INTEGER]) - [4]
2019-05-20 17:11:16.901 TRACE 6380 --- [    Test worker] o.h.type.descriptor.sql.BasicExtractor   : extracted value ([mov_cili2_2_1_] : [DOUBLE]) - [150.0]
2019-05-20 17:11:16.901 TRACE 6380 --- [    Test worker] o.h.type.descriptor.sql.BasicExtractor   : extracted value ([mov_tipo3_2_1_] : [VARCHAR]) - [MOTO]
2019-05-20 17:11:16.901 TRACE 6380 --- [    Test worker] o.h.type.descriptor.sql.BasicExtractor   : extracted value ([mov_plac5_1_3_] : [VARCHAR]) - [SWH-2]
2019-05-20 17:11:16.901 TRACE 6380 --- [    Test worker] o.h.type.descriptor.sql.BasicExtractor   : extracted value ([facId1_1_3_] : [INTEGER]) - [4]
2019-05-20 17:11:16.903 DEBUG 6380 --- [    Test worker] org.hibernate.SQL                        : update factura set fac_fecha_ingreso=?, fac_fecha_salida=?, fac_valor=?, mov_placa=? where facId=?
Hibernate: update factura set fac_fecha_ingreso=?, fac_fecha_salida=?, fac_valor=?, mov_placa=? where facId=?
2019-05-20 17:11:16.904 TRACE 6380 --- [    Test worker] o.h.type.descriptor.sql.BasicBinder      : binding parameter [1] as [TIMESTAMP] - [2019-05-20 17:11:15.954]
2019-05-20 17:11:16.904 TRACE 6380 --- [    Test worker] o.h.type.descriptor.sql.BasicBinder      : binding parameter [2] as [TIMESTAMP] - [Mon May 20 17:11:16 COT 2019]
2019-05-20 17:11:16.904 TRACE 6380 --- [    Test worker] o.h.type.descriptor.sql.BasicBinder      : binding parameter [3] as [DOUBLE] - [0.0]
2019-05-20 17:11:16.905 TRACE 6380 --- [    Test worker] o.h.type.descriptor.sql.BasicBinder      : binding parameter [4] as [VARCHAR] - [SWH-2]
2019-05-20 17:11:16.905 TRACE 6380 --- [    Test worker] o.h.type.descriptor.sql.BasicBinder      : binding parameter [5] as [INTEGER] - [4]
2019-05-20 17:11:16.907 DEBUG 6380 --- [    Test worker] org.hibernate.SQL                        : select movilentit0_.mov_placa as mov_plac1_2_0_, movilentit0_.mov_cilindraje as mov_cili2_2_0_, movilentit0_.mov_tipo_movil as mov_tipo3_2_0_ from movil movilentit0_ where movilentit0_.mov_placa=?
Hibernate: select movilentit0_.mov_placa as mov_plac1_2_0_, movilentit0_.mov_cilindraje as mov_cili2_2_0_, movilentit0_.mov_tipo_movil as mov_tipo3_2_0_ from movil movilentit0_ where movilentit0_.mov_placa=?
2019-05-20 17:11:16.908 TRACE 6380 --- [    Test worker] o.h.type.descriptor.sql.BasicBinder      : binding parameter [1] as [VARCHAR] - [SWH-3]
2019-05-20 17:11:16.911 TRACE 6380 --- [    Test worker] o.h.type.descriptor.sql.BasicExtractor   : extracted value ([mov_cili2_2_0_] : [DOUBLE]) - [150.0]
2019-05-20 17:11:16.913 TRACE 6380 --- [    Test worker] o.h.type.descriptor.sql.BasicExtractor   : extracted value ([mov_tipo3_2_0_] : [VARCHAR]) - [MOTO]
2019-05-20 17:11:16.914 TRACE 6380 --- [    Test worker] org.hibernate.type.CollectionType        : Created collection wrapper: [co.com.ceiba.ceibaestacionamiento.persistencia.entidades.MovilEntity.facturasEntity#SWH-3]
2019-05-20 17:11:16.918 DEBUG 6380 --- [    Test worker] org.hibernate.SQL                        : SELECT COUNT(*) FROM factura WHERE mov_placa = ? AND fac_fecha_salida IS NULL
Hibernate: SELECT COUNT(*) FROM factura WHERE mov_placa = ? AND fac_fecha_salida IS NULL
2019-05-20 17:11:16.920 TRACE 6380 --- [    Test worker] o.h.type.descriptor.sql.BasicBinder      : binding parameter [1] as [VARCHAR] - [SWH-3]
2019-05-20 17:11:16.921 TRACE 6380 --- [    Test worker] o.h.type.descriptor.sql.BasicExtractor   : extracted value ([COUNT(*)] : [NUMERIC]) - [1]
2019-05-20 17:11:16.925 DEBUG 6380 --- [    Test worker] org.hibernate.SQL                        : SELECT * FROM factura WHERE mov_placa = ? AND fac_fecha_salida IS NULL
Hibernate: SELECT * FROM factura WHERE mov_placa = ? AND fac_fecha_salida IS NULL
2019-05-20 17:11:16.926 TRACE 6380 --- [    Test worker] o.h.type.descriptor.sql.BasicBinder      : binding parameter [1] as [VARCHAR] - [SWH-3]
2019-05-20 17:11:16.926 TRACE 6380 --- [    Test worker] o.h.type.descriptor.sql.BasicExtractor   : extracted value ([facId] : [INTEGER]) - [5]
2019-05-20 17:11:16.927 TRACE 6380 --- [    Test worker] o.h.type.descriptor.sql.BasicExtractor   : extracted value ([fac_fecha_ingreso] : [TIMESTAMP]) - [2019-05-20 17:11:15.98]
2019-05-20 17:11:16.927 TRACE 6380 --- [    Test worker] o.h.type.descriptor.sql.BasicExtractor   : extracted value ([fac_fecha_salida] : [TIMESTAMP]) - [null]
2019-05-20 17:11:16.927 TRACE 6380 --- [    Test worker] o.h.type.descriptor.sql.BasicExtractor   : extracted value ([fac_valor] : [DOUBLE]) - [0.0]
2019-05-20 17:11:16.927 TRACE 6380 --- [    Test worker] o.h.type.descriptor.sql.BasicExtractor   : extracted value ([mov_placa] : [VARCHAR]) - [SWH-3]
2019-05-20 17:11:16.928 DEBUG 6380 --- [    Test worker] org.hibernate.SQL                        : select movilentit0_.mov_placa as mov_plac1_2_0_, movilentit0_.mov_cilindraje as mov_cili2_2_0_, movilentit0_.mov_tipo_movil as mov_tipo3_2_0_ from movil movilentit0_ where movilentit0_.mov_placa=?
Hibernate: select movilentit0_.mov_placa as mov_plac1_2_0_, movilentit0_.mov_cilindraje as mov_cili2_2_0_, movilentit0_.mov_tipo_movil as mov_tipo3_2_0_ from movil movilentit0_ where movilentit0_.mov_placa=?
2019-05-20 17:11:16.928 TRACE 6380 --- [    Test worker] o.h.type.descriptor.sql.BasicBinder      : binding parameter [1] as [VARCHAR] - [SWH-3]
2019-05-20 17:11:16.928 TRACE 6380 --- [    Test worker] o.h.type.descriptor.sql.BasicExtractor   : extracted value ([mov_cili2_2_0_] : [DOUBLE]) - [150.0]
2019-05-20 17:11:16.928 TRACE 6380 --- [    Test worker] o.h.type.descriptor.sql.BasicExtractor   : extracted value ([mov_tipo3_2_0_] : [VARCHAR]) - [MOTO]
2019-05-20 17:11:16.929 TRACE 6380 --- [    Test worker] org.hibernate.type.CollectionType        : Created collection wrapper: [co.com.ceiba.ceibaestacionamiento.persistencia.entidades.MovilEntity.facturasEntity#SWH-3]
2019-05-20 17:11:16.935 DEBUG 6380 --- [    Test worker] org.hibernate.SQL                        : SELECT * FROM costoestadia WHERE cos_tipo_movil = ? AND cos_tipo_pago = ? AND cos_tiempo_estadia = ?
Hibernate: SELECT * FROM costoestadia WHERE cos_tipo_movil = ? AND cos_tipo_pago = ? AND cos_tiempo_estadia = ?
2019-05-20 17:11:16.936 TRACE 6380 --- [    Test worker] o.h.type.descriptor.sql.BasicBinder      : binding parameter [1] as [VARCHAR] - [MOTO]
2019-05-20 17:11:16.936 TRACE 6380 --- [    Test worker] o.h.type.descriptor.sql.BasicBinder      : binding parameter [2] as [VARCHAR] - [NORMAL]
2019-05-20 17:11:16.936 TRACE 6380 --- [    Test worker] o.h.type.descriptor.sql.BasicBinder      : binding parameter [3] as [VARCHAR] - [DIA]
2019-05-20 17:11:16.937 TRACE 6380 --- [    Test worker] o.h.type.descriptor.sql.BasicExtractor   : extracted value ([cos_id] : [INTEGER]) - [3]
2019-05-20 17:11:16.938 TRACE 6380 --- [    Test worker] o.h.type.descriptor.sql.BasicExtractor   : extracted value ([cos_tiempo_estadia] : [VARCHAR]) - [DIA]
2019-05-20 17:11:16.938 TRACE 6380 --- [    Test worker] o.h.type.descriptor.sql.BasicExtractor   : extracted value ([cos_tipo_movil] : [VARCHAR]) - [MOTO]
2019-05-20 17:11:16.938 TRACE 6380 --- [    Test worker] o.h.type.descriptor.sql.BasicExtractor   : extracted value ([cos_tipo_pago] : [VARCHAR]) - [NORMAL]
2019-05-20 17:11:16.938 TRACE 6380 --- [    Test worker] o.h.type.descriptor.sql.BasicExtractor   : extracted value ([cos_valor] : [DOUBLE]) - [4000.0]
2019-05-20 17:11:16.944 DEBUG 6380 --- [    Test worker] org.hibernate.SQL                        : SELECT * FROM costoestadia WHERE cos_tipo_movil = ? AND cos_tipo_pago = ? AND cos_tiempo_estadia = ?
Hibernate: SELECT * FROM costoestadia WHERE cos_tipo_movil = ? AND cos_tipo_pago = ? AND cos_tiempo_estadia = ?
2019-05-20 17:11:16.946 TRACE 6380 --- [    Test worker] o.h.type.descriptor.sql.BasicBinder      : binding parameter [1] as [VARCHAR] - [MOTO]
2019-05-20 17:11:16.947 TRACE 6380 --- [    Test worker] o.h.type.descriptor.sql.BasicBinder      : binding parameter [2] as [VARCHAR] - [NORMAL]
2019-05-20 17:11:16.947 TRACE 6380 --- [    Test worker] o.h.type.descriptor.sql.BasicBinder      : binding parameter [3] as [VARCHAR] - [HORA]
2019-05-20 17:11:16.947 TRACE 6380 --- [    Test worker] o.h.type.descriptor.sql.BasicExtractor   : extracted value ([cos_id] : [INTEGER]) - [4]
2019-05-20 17:11:16.947 TRACE 6380 --- [    Test worker] o.h.type.descriptor.sql.BasicExtractor   : extracted value ([cos_tiempo_estadia] : [VARCHAR]) - [HORA]
2019-05-20 17:11:16.947 TRACE 6380 --- [    Test worker] o.h.type.descriptor.sql.BasicExtractor   : extracted value ([cos_tipo_movil] : [VARCHAR]) - [MOTO]
2019-05-20 17:11:16.947 TRACE 6380 --- [    Test worker] o.h.type.descriptor.sql.BasicExtractor   : extracted value ([cos_tipo_pago] : [VARCHAR]) - [NORMAL]
2019-05-20 17:11:16.947 TRACE 6380 --- [    Test worker] o.h.type.descriptor.sql.BasicExtractor   : extracted value ([cos_valor] : [DOUBLE]) - [500.0]
2019-05-20 17:11:16.949 DEBUG 6380 --- [    Test worker] org.hibernate.SQL                        : SELECT * FROM factura WHERE mov_placa = ? AND fac_fecha_salida IS NULL
Hibernate: SELECT * FROM factura WHERE mov_placa = ? AND fac_fecha_salida IS NULL
2019-05-20 17:11:16.950 TRACE 6380 --- [    Test worker] o.h.type.descriptor.sql.BasicBinder      : binding parameter [1] as [VARCHAR] - [SWH-3]
2019-05-20 17:11:16.950 TRACE 6380 --- [    Test worker] o.h.type.descriptor.sql.BasicExtractor   : extracted value ([facId] : [INTEGER]) - [5]
2019-05-20 17:11:16.951 TRACE 6380 --- [    Test worker] o.h.type.descriptor.sql.BasicExtractor   : extracted value ([fac_fecha_ingreso] : [TIMESTAMP]) - [2019-05-20 17:11:15.98]
2019-05-20 17:11:16.951 TRACE 6380 --- [    Test worker] o.h.type.descriptor.sql.BasicExtractor   : extracted value ([fac_fecha_salida] : [TIMESTAMP]) - [null]
2019-05-20 17:11:16.951 TRACE 6380 --- [    Test worker] o.h.type.descriptor.sql.BasicExtractor   : extracted value ([fac_valor] : [DOUBLE]) - [0.0]
2019-05-20 17:11:16.951 TRACE 6380 --- [    Test worker] o.h.type.descriptor.sql.BasicExtractor   : extracted value ([mov_placa] : [VARCHAR]) - [SWH-3]
2019-05-20 17:11:16.951 DEBUG 6380 --- [    Test worker] org.hibernate.SQL                        : select movilentit0_.mov_placa as mov_plac1_2_0_, movilentit0_.mov_cilindraje as mov_cili2_2_0_, movilentit0_.mov_tipo_movil as mov_tipo3_2_0_ from movil movilentit0_ where movilentit0_.mov_placa=?
Hibernate: select movilentit0_.mov_placa as mov_plac1_2_0_, movilentit0_.mov_cilindraje as mov_cili2_2_0_, movilentit0_.mov_tipo_movil as mov_tipo3_2_0_ from movil movilentit0_ where movilentit0_.mov_placa=?
2019-05-20 17:11:16.952 TRACE 6380 --- [    Test worker] o.h.type.descriptor.sql.BasicBinder      : binding parameter [1] as [VARCHAR] - [SWH-3]
2019-05-20 17:11:16.953 TRACE 6380 --- [    Test worker] o.h.type.descriptor.sql.BasicExtractor   : extracted value ([mov_cili2_2_0_] : [DOUBLE]) - [150.0]
2019-05-20 17:11:16.953 TRACE 6380 --- [    Test worker] o.h.type.descriptor.sql.BasicExtractor   : extracted value ([mov_tipo3_2_0_] : [VARCHAR]) - [MOTO]
2019-05-20 17:11:16.953 TRACE 6380 --- [    Test worker] org.hibernate.type.CollectionType        : Created collection wrapper: [co.com.ceiba.ceibaestacionamiento.persistencia.entidades.MovilEntity.facturasEntity#SWH-3]
2019-05-20 17:11:16.957 DEBUG 6380 --- [    Test worker] org.hibernate.SQL                        : select facturaent0_.facId as facId1_1_0_, facturaent0_.fac_fecha_ingreso as fac_fech2_1_0_, facturaent0_.fac_fecha_salida as fac_fech3_1_0_, facturaent0_.fac_valor as fac_valo4_1_0_, facturaent0_.mov_placa as mov_plac5_1_0_ from factura facturaent0_ where facturaent0_.facId=?
Hibernate: select facturaent0_.facId as facId1_1_0_, facturaent0_.fac_fecha_ingreso as fac_fech2_1_0_, facturaent0_.fac_fecha_salida as fac_fech3_1_0_, facturaent0_.fac_valor as fac_valo4_1_0_, facturaent0_.mov_placa as mov_plac5_1_0_ from factura facturaent0_ where facturaent0_.facId=?
2019-05-20 17:11:16.958 TRACE 6380 --- [    Test worker] o.h.type.descriptor.sql.BasicBinder      : binding parameter [1] as [INTEGER] - [5]
2019-05-20 17:11:16.958 TRACE 6380 --- [    Test worker] o.h.type.descriptor.sql.BasicExtractor   : extracted value ([fac_fech2_1_0_] : [TIMESTAMP]) - [2019-05-20 17:11:15.98]
2019-05-20 17:11:16.958 TRACE 6380 --- [    Test worker] o.h.type.descriptor.sql.BasicExtractor   : extracted value ([fac_fech3_1_0_] : [TIMESTAMP]) - [null]
2019-05-20 17:11:16.958 TRACE 6380 --- [    Test worker] o.h.type.descriptor.sql.BasicExtractor   : extracted value ([fac_valo4_1_0_] : [DOUBLE]) - [0.0]
2019-05-20 17:11:16.958 TRACE 6380 --- [    Test worker] o.h.type.descriptor.sql.BasicExtractor   : extracted value ([mov_plac5_1_0_] : [VARCHAR]) - [SWH-3]
2019-05-20 17:11:16.958 DEBUG 6380 --- [    Test worker] org.hibernate.SQL                        : select movilentit0_.mov_placa as mov_plac1_2_1_, movilentit0_.mov_cilindraje as mov_cili2_2_1_, movilentit0_.mov_tipo_movil as mov_tipo3_2_1_, facturasen1_.mov_placa as mov_plac5_1_3_, facturasen1_.facId as facId1_1_3_, facturasen1_.facId as facId1_1_0_, facturasen1_.fac_fecha_ingreso as fac_fech2_1_0_, facturasen1_.fac_fecha_salida as fac_fech3_1_0_, facturasen1_.fac_valor as fac_valo4_1_0_, facturasen1_.mov_placa as mov_plac5_1_0_ from movil movilentit0_ left outer join factura facturasen1_ on movilentit0_.mov_placa=facturasen1_.mov_placa where movilentit0_.mov_placa=?
Hibernate: select movilentit0_.mov_placa as mov_plac1_2_1_, movilentit0_.mov_cilindraje as mov_cili2_2_1_, movilentit0_.mov_tipo_movil as mov_tipo3_2_1_, facturasen1_.mov_placa as mov_plac5_1_3_, facturasen1_.facId as facId1_1_3_, facturasen1_.facId as facId1_1_0_, facturasen1_.fac_fecha_ingreso as fac_fech2_1_0_, facturasen1_.fac_fecha_salida as fac_fech3_1_0_, facturasen1_.fac_valor as fac_valo4_1_0_, facturasen1_.mov_placa as mov_plac5_1_0_ from movil movilentit0_ left outer join factura facturasen1_ on movilentit0_.mov_placa=facturasen1_.mov_placa where movilentit0_.mov_placa=?
2019-05-20 17:11:16.959 TRACE 6380 --- [    Test worker] o.h.type.descriptor.sql.BasicBinder      : binding parameter [1] as [VARCHAR] - [SWH-3]
2019-05-20 17:11:16.960 TRACE 6380 --- [    Test worker] o.h.type.descriptor.sql.BasicExtractor   : extracted value ([facId1_1_0_] : [INTEGER]) - [5]
2019-05-20 17:11:16.961 TRACE 6380 --- [    Test worker] o.h.type.descriptor.sql.BasicExtractor   : extracted value ([mov_cili2_2_1_] : [DOUBLE]) - [150.0]
2019-05-20 17:11:16.961 TRACE 6380 --- [    Test worker] o.h.type.descriptor.sql.BasicExtractor   : extracted value ([mov_tipo3_2_1_] : [VARCHAR]) - [MOTO]
2019-05-20 17:11:16.961 TRACE 6380 --- [    Test worker] o.h.type.descriptor.sql.BasicExtractor   : extracted value ([mov_plac5_1_3_] : [VARCHAR]) - [SWH-3]
2019-05-20 17:11:16.962 TRACE 6380 --- [    Test worker] o.h.type.descriptor.sql.BasicExtractor   : extracted value ([facId1_1_3_] : [INTEGER]) - [5]
2019-05-20 17:11:16.975 DEBUG 6380 --- [    Test worker] org.hibernate.SQL                        : update factura set fac_fecha_ingreso=?, fac_fecha_salida=?, fac_valor=?, mov_placa=? where facId=?
Hibernate: update factura set fac_fecha_ingreso=?, fac_fecha_salida=?, fac_valor=?, mov_placa=? where facId=?
2019-05-20 17:11:16.975 TRACE 6380 --- [    Test worker] o.h.type.descriptor.sql.BasicBinder      : binding parameter [1] as [TIMESTAMP] - [2019-05-20 17:11:15.98]
2019-05-20 17:11:16.976 TRACE 6380 --- [    Test worker] o.h.type.descriptor.sql.BasicBinder      : binding parameter [2] as [TIMESTAMP] - [Mon May 20 17:11:16 COT 2019]
2019-05-20 17:11:16.977 TRACE 6380 --- [    Test worker] o.h.type.descriptor.sql.BasicBinder      : binding parameter [3] as [DOUBLE] - [0.0]
2019-05-20 17:11:16.978 TRACE 6380 --- [    Test worker] o.h.type.descriptor.sql.BasicBinder      : binding parameter [4] as [VARCHAR] - [SWH-3]
2019-05-20 17:11:16.978 TRACE 6380 --- [    Test worker] o.h.type.descriptor.sql.BasicBinder      : binding parameter [5] as [INTEGER] - [5]
2019-05-20 17:11:16.989 DEBUG 6380 --- [    Test worker] org.hibernate.SQL                        : select movilentit0_.mov_placa as mov_plac1_2_0_, movilentit0_.mov_cilindraje as mov_cili2_2_0_, movilentit0_.mov_tipo_movil as mov_tipo3_2_0_ from movil movilentit0_ where movilentit0_.mov_placa=?
Hibernate: select movilentit0_.mov_placa as mov_plac1_2_0_, movilentit0_.mov_cilindraje as mov_cili2_2_0_, movilentit0_.mov_tipo_movil as mov_tipo3_2_0_ from movil movilentit0_ where movilentit0_.mov_placa=?
2019-05-20 17:11:16.990 TRACE 6380 --- [    Test worker] o.h.type.descriptor.sql.BasicBinder      : binding parameter [1] as [VARCHAR] - [SWH-4]
2019-05-20 17:11:16.991 TRACE 6380 --- [    Test worker] o.h.type.descriptor.sql.BasicExtractor   : extracted value ([mov_cili2_2_0_] : [DOUBLE]) - [150.0]
2019-05-20 17:11:16.992 TRACE 6380 --- [    Test worker] o.h.type.descriptor.sql.BasicExtractor   : extracted value ([mov_tipo3_2_0_] : [VARCHAR]) - [MOTO]
2019-05-20 17:11:16.993 TRACE 6380 --- [    Test worker] org.hibernate.type.CollectionType        : Created collection wrapper: [co.com.ceiba.ceibaestacionamiento.persistencia.entidades.MovilEntity.facturasEntity#SWH-4]
2019-05-20 17:11:16.997 DEBUG 6380 --- [    Test worker] org.hibernate.SQL                        : SELECT COUNT(*) FROM factura WHERE mov_placa = ? AND fac_fecha_salida IS NULL
Hibernate: SELECT COUNT(*) FROM factura WHERE mov_placa = ? AND fac_fecha_salida IS NULL
2019-05-20 17:11:17.000 TRACE 6380 --- [    Test worker] o.h.type.descriptor.sql.BasicBinder      : binding parameter [1] as [VARCHAR] - [SWH-4]
2019-05-20 17:11:17.002 TRACE 6380 --- [    Test worker] o.h.type.descriptor.sql.BasicExtractor   : extracted value ([COUNT(*)] : [NUMERIC]) - [1]
2019-05-20 17:11:17.004 DEBUG 6380 --- [    Test worker] org.hibernate.SQL                        : SELECT * FROM factura WHERE mov_placa = ? AND fac_fecha_salida IS NULL
Hibernate: SELECT * FROM factura WHERE mov_placa = ? AND fac_fecha_salida IS NULL
2019-05-20 17:11:17.005 TRACE 6380 --- [    Test worker] o.h.type.descriptor.sql.BasicBinder      : binding parameter [1] as [VARCHAR] - [SWH-4]
2019-05-20 17:11:17.005 TRACE 6380 --- [    Test worker] o.h.type.descriptor.sql.BasicExtractor   : extracted value ([facId] : [INTEGER]) - [6]
2019-05-20 17:11:17.007 TRACE 6380 --- [    Test worker] o.h.type.descriptor.sql.BasicExtractor   : extracted value ([fac_fecha_ingreso] : [TIMESTAMP]) - [2019-05-20 17:11:16.003]
2019-05-20 17:11:17.007 TRACE 6380 --- [    Test worker] o.h.type.descriptor.sql.BasicExtractor   : extracted value ([fac_fecha_salida] : [TIMESTAMP]) - [null]
2019-05-20 17:11:17.008 TRACE 6380 --- [    Test worker] o.h.type.descriptor.sql.BasicExtractor   : extracted value ([fac_valor] : [DOUBLE]) - [0.0]
2019-05-20 17:11:17.008 TRACE 6380 --- [    Test worker] o.h.type.descriptor.sql.BasicExtractor   : extracted value ([mov_placa] : [VARCHAR]) - [SWH-4]
2019-05-20 17:11:17.008 DEBUG 6380 --- [    Test worker] org.hibernate.SQL                        : select movilentit0_.mov_placa as mov_plac1_2_0_, movilentit0_.mov_cilindraje as mov_cili2_2_0_, movilentit0_.mov_tipo_movil as mov_tipo3_2_0_ from movil movilentit0_ where movilentit0_.mov_placa=?
Hibernate: select movilentit0_.mov_placa as mov_plac1_2_0_, movilentit0_.mov_cilindraje as mov_cili2_2_0_, movilentit0_.mov_tipo_movil as mov_tipo3_2_0_ from movil movilentit0_ where movilentit0_.mov_placa=?
2019-05-20 17:11:17.009 TRACE 6380 --- [    Test worker] o.h.type.descriptor.sql.BasicBinder      : binding parameter [1] as [VARCHAR] - [SWH-4]
2019-05-20 17:11:17.012 TRACE 6380 --- [    Test worker] o.h.type.descriptor.sql.BasicExtractor   : extracted value ([mov_cili2_2_0_] : [DOUBLE]) - [150.0]
2019-05-20 17:11:17.013 TRACE 6380 --- [    Test worker] o.h.type.descriptor.sql.BasicExtractor   : extracted value ([mov_tipo3_2_0_] : [VARCHAR]) - [MOTO]
2019-05-20 17:11:17.013 TRACE 6380 --- [    Test worker] org.hibernate.type.CollectionType        : Created collection wrapper: [co.com.ceiba.ceibaestacionamiento.persistencia.entidades.MovilEntity.facturasEntity#SWH-4]
2019-05-20 17:11:17.019 DEBUG 6380 --- [    Test worker] org.hibernate.SQL                        : SELECT * FROM costoestadia WHERE cos_tipo_movil = ? AND cos_tipo_pago = ? AND cos_tiempo_estadia = ?
Hibernate: SELECT * FROM costoestadia WHERE cos_tipo_movil = ? AND cos_tipo_pago = ? AND cos_tiempo_estadia = ?
2019-05-20 17:11:17.057 TRACE 6380 --- [    Test worker] o.h.type.descriptor.sql.BasicBinder      : binding parameter [1] as [VARCHAR] - [MOTO]
2019-05-20 17:11:17.057 TRACE 6380 --- [    Test worker] o.h.type.descriptor.sql.BasicBinder      : binding parameter [2] as [VARCHAR] - [NORMAL]
2019-05-20 17:11:17.058 TRACE 6380 --- [    Test worker] o.h.type.descriptor.sql.BasicBinder      : binding parameter [3] as [VARCHAR] - [DIA]
2019-05-20 17:11:17.059 TRACE 6380 --- [    Test worker] o.h.type.descriptor.sql.BasicExtractor   : extracted value ([cos_id] : [INTEGER]) - [3]
2019-05-20 17:11:17.060 TRACE 6380 --- [    Test worker] o.h.type.descriptor.sql.BasicExtractor   : extracted value ([cos_tiempo_estadia] : [VARCHAR]) - [DIA]
2019-05-20 17:11:17.060 TRACE 6380 --- [    Test worker] o.h.type.descriptor.sql.BasicExtractor   : extracted value ([cos_tipo_movil] : [VARCHAR]) - [MOTO]
2019-05-20 17:11:17.060 TRACE 6380 --- [    Test worker] o.h.type.descriptor.sql.BasicExtractor   : extracted value ([cos_tipo_pago] : [VARCHAR]) - [NORMAL]
2019-05-20 17:11:17.061 TRACE 6380 --- [    Test worker] o.h.type.descriptor.sql.BasicExtractor   : extracted value ([cos_valor] : [DOUBLE]) - [4000.0]
2019-05-20 17:11:17.069 DEBUG 6380 --- [    Test worker] org.hibernate.SQL                        : SELECT * FROM costoestadia WHERE cos_tipo_movil = ? AND cos_tipo_pago = ? AND cos_tiempo_estadia = ?
Hibernate: SELECT * FROM costoestadia WHERE cos_tipo_movil = ? AND cos_tipo_pago = ? AND cos_tiempo_estadia = ?
2019-05-20 17:11:17.070 TRACE 6380 --- [    Test worker] o.h.type.descriptor.sql.BasicBinder      : binding parameter [1] as [VARCHAR] - [MOTO]
2019-05-20 17:11:17.071 TRACE 6380 --- [    Test worker] o.h.type.descriptor.sql.BasicBinder      : binding parameter [2] as [VARCHAR] - [NORMAL]
2019-05-20 17:11:17.071 TRACE 6380 --- [    Test worker] o.h.type.descriptor.sql.BasicBinder      : binding parameter [3] as [VARCHAR] - [HORA]
2019-05-20 17:11:17.071 TRACE 6380 --- [    Test worker] o.h.type.descriptor.sql.BasicExtractor   : extracted value ([cos_id] : [INTEGER]) - [4]
2019-05-20 17:11:17.072 TRACE 6380 --- [    Test worker] o.h.type.descriptor.sql.BasicExtractor   : extracted value ([cos_tiempo_estadia] : [VARCHAR]) - [HORA]
2019-05-20 17:11:17.072 TRACE 6380 --- [    Test worker] o.h.type.descriptor.sql.BasicExtractor   : extracted value ([cos_tipo_movil] : [VARCHAR]) - [MOTO]
2019-05-20 17:11:17.072 TRACE 6380 --- [    Test worker] o.h.type.descriptor.sql.BasicExtractor   : extracted value ([cos_tipo_pago] : [VARCHAR]) - [NORMAL]
2019-05-20 17:11:17.072 TRACE 6380 --- [    Test worker] o.h.type.descriptor.sql.BasicExtractor   : extracted value ([cos_valor] : [DOUBLE]) - [500.0]
2019-05-20 17:11:17.074 DEBUG 6380 --- [    Test worker] org.hibernate.SQL                        : SELECT * FROM factura WHERE mov_placa = ? AND fac_fecha_salida IS NULL
Hibernate: SELECT * FROM factura WHERE mov_placa = ? AND fac_fecha_salida IS NULL
2019-05-20 17:11:17.079 TRACE 6380 --- [    Test worker] o.h.type.descriptor.sql.BasicBinder      : binding parameter [1] as [VARCHAR] - [SWH-4]
2019-05-20 17:11:17.104 TRACE 6380 --- [    Test worker] o.h.type.descriptor.sql.BasicExtractor   : extracted value ([facId] : [INTEGER]) - [6]
2019-05-20 17:11:17.105 TRACE 6380 --- [    Test worker] o.h.type.descriptor.sql.BasicExtractor   : extracted value ([fac_fecha_ingreso] : [TIMESTAMP]) - [2019-05-20 17:11:16.003]
2019-05-20 17:11:17.106 TRACE 6380 --- [    Test worker] o.h.type.descriptor.sql.BasicExtractor   : extracted value ([fac_fecha_salida] : [TIMESTAMP]) - [null]
2019-05-20 17:11:17.107 TRACE 6380 --- [    Test worker] o.h.type.descriptor.sql.BasicExtractor   : extracted value ([fac_valor] : [DOUBLE]) - [0.0]
2019-05-20 17:11:17.107 TRACE 6380 --- [    Test worker] o.h.type.descriptor.sql.BasicExtractor   : extracted value ([mov_placa] : [VARCHAR]) - [SWH-4]
2019-05-20 17:11:17.107 DEBUG 6380 --- [    Test worker] org.hibernate.SQL                        : select movilentit0_.mov_placa as mov_plac1_2_0_, movilentit0_.mov_cilindraje as mov_cili2_2_0_, movilentit0_.mov_tipo_movil as mov_tipo3_2_0_ from movil movilentit0_ where movilentit0_.mov_placa=?
Hibernate: select movilentit0_.mov_placa as mov_plac1_2_0_, movilentit0_.mov_cilindraje as mov_cili2_2_0_, movilentit0_.mov_tipo_movil as mov_tipo3_2_0_ from movil movilentit0_ where movilentit0_.mov_placa=?
2019-05-20 17:11:17.108 TRACE 6380 --- [    Test worker] o.h.type.descriptor.sql.BasicBinder      : binding parameter [1] as [VARCHAR] - [SWH-4]
2019-05-20 17:11:17.109 TRACE 6380 --- [    Test worker] o.h.type.descriptor.sql.BasicExtractor   : extracted value ([mov_cili2_2_0_] : [DOUBLE]) - [150.0]
2019-05-20 17:11:17.113 TRACE 6380 --- [    Test worker] o.h.type.descriptor.sql.BasicExtractor   : extracted value ([mov_tipo3_2_0_] : [VARCHAR]) - [MOTO]
2019-05-20 17:11:17.113 TRACE 6380 --- [    Test worker] org.hibernate.type.CollectionType        : Created collection wrapper: [co.com.ceiba.ceibaestacionamiento.persistencia.entidades.MovilEntity.facturasEntity#SWH-4]
2019-05-20 17:11:17.120 DEBUG 6380 --- [    Test worker] org.hibernate.SQL                        : select facturaent0_.facId as facId1_1_0_, facturaent0_.fac_fecha_ingreso as fac_fech2_1_0_, facturaent0_.fac_fecha_salida as fac_fech3_1_0_, facturaent0_.fac_valor as fac_valo4_1_0_, facturaent0_.mov_placa as mov_plac5_1_0_ from factura facturaent0_ where facturaent0_.facId=?
Hibernate: select facturaent0_.facId as facId1_1_0_, facturaent0_.fac_fecha_ingreso as fac_fech2_1_0_, facturaent0_.fac_fecha_salida as fac_fech3_1_0_, facturaent0_.fac_valor as fac_valo4_1_0_, facturaent0_.mov_placa as mov_plac5_1_0_ from factura facturaent0_ where facturaent0_.facId=?
2019-05-20 17:11:17.121 TRACE 6380 --- [    Test worker] o.h.type.descriptor.sql.BasicBinder      : binding parameter [1] as [INTEGER] - [6]
2019-05-20 17:11:17.122 TRACE 6380 --- [    Test worker] o.h.type.descriptor.sql.BasicExtractor   : extracted value ([fac_fech2_1_0_] : [TIMESTAMP]) - [2019-05-20 17:11:16.003]
2019-05-20 17:11:17.122 TRACE 6380 --- [    Test worker] o.h.type.descriptor.sql.BasicExtractor   : extracted value ([fac_fech3_1_0_] : [TIMESTAMP]) - [null]
2019-05-20 17:11:17.123 TRACE 6380 --- [    Test worker] o.h.type.descriptor.sql.BasicExtractor   : extracted value ([fac_valo4_1_0_] : [DOUBLE]) - [0.0]
2019-05-20 17:11:17.123 TRACE 6380 --- [    Test worker] o.h.type.descriptor.sql.BasicExtractor   : extracted value ([mov_plac5_1_0_] : [VARCHAR]) - [SWH-4]
2019-05-20 17:11:17.123 DEBUG 6380 --- [    Test worker] org.hibernate.SQL                        : select movilentit0_.mov_placa as mov_plac1_2_1_, movilentit0_.mov_cilindraje as mov_cili2_2_1_, movilentit0_.mov_tipo_movil as mov_tipo3_2_1_, facturasen1_.mov_placa as mov_plac5_1_3_, facturasen1_.facId as facId1_1_3_, facturasen1_.facId as facId1_1_0_, facturasen1_.fac_fecha_ingreso as fac_fech2_1_0_, facturasen1_.fac_fecha_salida as fac_fech3_1_0_, facturasen1_.fac_valor as fac_valo4_1_0_, facturasen1_.mov_placa as mov_plac5_1_0_ from movil movilentit0_ left outer join factura facturasen1_ on movilentit0_.mov_placa=facturasen1_.mov_placa where movilentit0_.mov_placa=?
Hibernate: select movilentit0_.mov_placa as mov_plac1_2_1_, movilentit0_.mov_cilindraje as mov_cili2_2_1_, movilentit0_.mov_tipo_movil as mov_tipo3_2_1_, facturasen1_.mov_placa as mov_plac5_1_3_, facturasen1_.facId as facId1_1_3_, facturasen1_.facId as facId1_1_0_, facturasen1_.fac_fecha_ingreso as fac_fech2_1_0_, facturasen1_.fac_fecha_salida as fac_fech3_1_0_, facturasen1_.fac_valor as fac_valo4_1_0_, facturasen1_.mov_placa as mov_plac5_1_0_ from movil movilentit0_ left outer join factura facturasen1_ on movilentit0_.mov_placa=facturasen1_.mov_placa where movilentit0_.mov_placa=?
2019-05-20 17:11:17.124 TRACE 6380 --- [    Test worker] o.h.type.descriptor.sql.BasicBinder      : binding parameter [1] as [VARCHAR] - [SWH-4]
2019-05-20 17:11:17.124 TRACE 6380 --- [    Test worker] o.h.type.descriptor.sql.BasicExtractor   : extracted value ([facId1_1_0_] : [INTEGER]) - [6]
2019-05-20 17:11:17.124 TRACE 6380 --- [    Test worker] o.h.type.descriptor.sql.BasicExtractor   : extracted value ([mov_cili2_2_1_] : [DOUBLE]) - [150.0]
2019-05-20 17:11:17.125 TRACE 6380 --- [    Test worker] o.h.type.descriptor.sql.BasicExtractor   : extracted value ([mov_tipo3_2_1_] : [VARCHAR]) - [MOTO]
2019-05-20 17:11:17.125 TRACE 6380 --- [    Test worker] o.h.type.descriptor.sql.BasicExtractor   : extracted value ([mov_plac5_1_3_] : [VARCHAR]) - [SWH-4]
2019-05-20 17:11:17.125 TRACE 6380 --- [    Test worker] o.h.type.descriptor.sql.BasicExtractor   : extracted value ([facId1_1_3_] : [INTEGER]) - [6]
2019-05-20 17:11:17.127 DEBUG 6380 --- [    Test worker] org.hibernate.SQL                        : update factura set fac_fecha_ingreso=?, fac_fecha_salida=?, fac_valor=?, mov_placa=? where facId=?
Hibernate: update factura set fac_fecha_ingreso=?, fac_fecha_salida=?, fac_valor=?, mov_placa=? where facId=?
2019-05-20 17:11:17.127 TRACE 6380 --- [    Test worker] o.h.type.descriptor.sql.BasicBinder      : binding parameter [1] as [TIMESTAMP] - [2019-05-20 17:11:16.003]
2019-05-20 17:11:17.128 TRACE 6380 --- [    Test worker] o.h.type.descriptor.sql.BasicBinder      : binding parameter [2] as [TIMESTAMP] - [Mon May 20 17:11:17 COT 2019]
2019-05-20 17:11:17.128 TRACE 6380 --- [    Test worker] o.h.type.descriptor.sql.BasicBinder      : binding parameter [3] as [DOUBLE] - [500.0]
2019-05-20 17:11:17.128 TRACE 6380 --- [    Test worker] o.h.type.descriptor.sql.BasicBinder      : binding parameter [4] as [VARCHAR] - [SWH-4]
2019-05-20 17:11:17.128 TRACE 6380 --- [    Test worker] o.h.type.descriptor.sql.BasicBinder      : binding parameter [5] as [INTEGER] - [6]
2019-05-20 17:11:17.130 DEBUG 6380 --- [    Test worker] org.hibernate.SQL                        : select movilentit0_.mov_placa as mov_plac1_2_0_, movilentit0_.mov_cilindraje as mov_cili2_2_0_, movilentit0_.mov_tipo_movil as mov_tipo3_2_0_ from movil movilentit0_ where movilentit0_.mov_placa=?
Hibernate: select movilentit0_.mov_placa as mov_plac1_2_0_, movilentit0_.mov_cilindraje as mov_cili2_2_0_, movilentit0_.mov_tipo_movil as mov_tipo3_2_0_ from movil movilentit0_ where movilentit0_.mov_placa=?
2019-05-20 17:11:17.130 TRACE 6380 --- [    Test worker] o.h.type.descriptor.sql.BasicBinder      : binding parameter [1] as [VARCHAR] - [SWH-5]
2019-05-20 17:11:17.131 TRACE 6380 --- [    Test worker] o.h.type.descriptor.sql.BasicExtractor   : extracted value ([mov_cili2_2_0_] : [DOUBLE]) - [150.0]
2019-05-20 17:11:17.131 TRACE 6380 --- [    Test worker] o.h.type.descriptor.sql.BasicExtractor   : extracted value ([mov_tipo3_2_0_] : [VARCHAR]) - [MOTO]
2019-05-20 17:11:17.131 TRACE 6380 --- [    Test worker] org.hibernate.type.CollectionType        : Created collection wrapper: [co.com.ceiba.ceibaestacionamiento.persistencia.entidades.MovilEntity.facturasEntity#SWH-5]
2019-05-20 17:11:17.142 DEBUG 6380 --- [    Test worker] org.hibernate.SQL                        : SELECT COUNT(*) FROM factura WHERE mov_placa = ? AND fac_fecha_salida IS NULL
Hibernate: SELECT COUNT(*) FROM factura WHERE mov_placa = ? AND fac_fecha_salida IS NULL
2019-05-20 17:11:17.163 TRACE 6380 --- [    Test worker] o.h.type.descriptor.sql.BasicBinder      : binding parameter [1] as [VARCHAR] - [SWH-5]
2019-05-20 17:11:17.167 TRACE 6380 --- [    Test worker] o.h.type.descriptor.sql.BasicExtractor   : extracted value ([COUNT(*)] : [NUMERIC]) - [1]
2019-05-20 17:11:17.170 DEBUG 6380 --- [    Test worker] org.hibernate.SQL                        : SELECT * FROM factura WHERE mov_placa = ? AND fac_fecha_salida IS NULL
Hibernate: SELECT * FROM factura WHERE mov_placa = ? AND fac_fecha_salida IS NULL
2019-05-20 17:11:17.172 TRACE 6380 --- [    Test worker] o.h.type.descriptor.sql.BasicBinder      : binding parameter [1] as [VARCHAR] - [SWH-5]
2019-05-20 17:11:17.173 TRACE 6380 --- [    Test worker] o.h.type.descriptor.sql.BasicExtractor   : extracted value ([facId] : [INTEGER]) - [7]
2019-05-20 17:11:17.173 TRACE 6380 --- [    Test worker] o.h.type.descriptor.sql.BasicExtractor   : extracted value ([fac_fecha_ingreso] : [TIMESTAMP]) - [2019-05-20 17:11:16.03]
2019-05-20 17:11:17.173 TRACE 6380 --- [    Test worker] o.h.type.descriptor.sql.BasicExtractor   : extracted value ([fac_fecha_salida] : [TIMESTAMP]) - [null]
2019-05-20 17:11:17.173 TRACE 6380 --- [    Test worker] o.h.type.descriptor.sql.BasicExtractor   : extracted value ([fac_valor] : [DOUBLE]) - [0.0]
2019-05-20 17:11:17.174 TRACE 6380 --- [    Test worker] o.h.type.descriptor.sql.BasicExtractor   : extracted value ([mov_placa] : [VARCHAR]) - [SWH-5]
2019-05-20 17:11:17.174 DEBUG 6380 --- [    Test worker] org.hibernate.SQL                        : select movilentit0_.mov_placa as mov_plac1_2_0_, movilentit0_.mov_cilindraje as mov_cili2_2_0_, movilentit0_.mov_tipo_movil as mov_tipo3_2_0_ from movil movilentit0_ where movilentit0_.mov_placa=?
Hibernate: select movilentit0_.mov_placa as mov_plac1_2_0_, movilentit0_.mov_cilindraje as mov_cili2_2_0_, movilentit0_.mov_tipo_movil as mov_tipo3_2_0_ from movil movilentit0_ where movilentit0_.mov_placa=?
2019-05-20 17:11:17.174 TRACE 6380 --- [    Test worker] o.h.type.descriptor.sql.BasicBinder      : binding parameter [1] as [VARCHAR] - [SWH-5]
2019-05-20 17:11:17.175 TRACE 6380 --- [    Test worker] o.h.type.descriptor.sql.BasicExtractor   : extracted value ([mov_cili2_2_0_] : [DOUBLE]) - [150.0]
2019-05-20 17:11:17.175 TRACE 6380 --- [    Test worker] o.h.type.descriptor.sql.BasicExtractor   : extracted value ([mov_tipo3_2_0_] : [VARCHAR]) - [MOTO]
2019-05-20 17:11:17.175 TRACE 6380 --- [    Test worker] org.hibernate.type.CollectionType        : Created collection wrapper: [co.com.ceiba.ceibaestacionamiento.persistencia.entidades.MovilEntity.facturasEntity#SWH-5]
2019-05-20 17:11:17.179 DEBUG 6380 --- [    Test worker] org.hibernate.SQL                        : SELECT * FROM costoestadia WHERE cos_tipo_movil = ? AND cos_tipo_pago = ? AND cos_tiempo_estadia = ?
Hibernate: SELECT * FROM costoestadia WHERE cos_tipo_movil = ? AND cos_tipo_pago = ? AND cos_tiempo_estadia = ?
2019-05-20 17:11:17.180 TRACE 6380 --- [    Test worker] o.h.type.descriptor.sql.BasicBinder      : binding parameter [1] as [VARCHAR] - [MOTO]
2019-05-20 17:11:17.181 TRACE 6380 --- [    Test worker] o.h.type.descriptor.sql.BasicBinder      : binding parameter [2] as [VARCHAR] - [NORMAL]
2019-05-20 17:11:17.181 TRACE 6380 --- [    Test worker] o.h.type.descriptor.sql.BasicBinder      : binding parameter [3] as [VARCHAR] - [DIA]
2019-05-20 17:11:17.181 TRACE 6380 --- [    Test worker] o.h.type.descriptor.sql.BasicExtractor   : extracted value ([cos_id] : [INTEGER]) - [3]
2019-05-20 17:11:17.181 TRACE 6380 --- [    Test worker] o.h.type.descriptor.sql.BasicExtractor   : extracted value ([cos_tiempo_estadia] : [VARCHAR]) - [DIA]
2019-05-20 17:11:17.181 TRACE 6380 --- [    Test worker] o.h.type.descriptor.sql.BasicExtractor   : extracted value ([cos_tipo_movil] : [VARCHAR]) - [MOTO]
2019-05-20 17:11:17.181 TRACE 6380 --- [    Test worker] o.h.type.descriptor.sql.BasicExtractor   : extracted value ([cos_tipo_pago] : [VARCHAR]) - [NORMAL]
2019-05-20 17:11:17.181 TRACE 6380 --- [    Test worker] o.h.type.descriptor.sql.BasicExtractor   : extracted value ([cos_valor] : [DOUBLE]) - [4000.0]
2019-05-20 17:11:17.183 DEBUG 6380 --- [    Test worker] org.hibernate.SQL                        : SELECT * FROM costoestadia WHERE cos_tipo_movil = ? AND cos_tipo_pago = ? AND cos_tiempo_estadia = ?
Hibernate: SELECT * FROM costoestadia WHERE cos_tipo_movil = ? AND cos_tipo_pago = ? AND cos_tiempo_estadia = ?
2019-05-20 17:11:17.184 TRACE 6380 --- [    Test worker] o.h.type.descriptor.sql.BasicBinder      : binding parameter [1] as [VARCHAR] - [MOTO]
2019-05-20 17:11:17.184 TRACE 6380 --- [    Test worker] o.h.type.descriptor.sql.BasicBinder      : binding parameter [2] as [VARCHAR] - [NORMAL]
2019-05-20 17:11:17.184 TRACE 6380 --- [    Test worker] o.h.type.descriptor.sql.BasicBinder      : binding parameter [3] as [VARCHAR] - [HORA]
2019-05-20 17:11:17.185 TRACE 6380 --- [    Test worker] o.h.type.descriptor.sql.BasicExtractor   : extracted value ([cos_id] : [INTEGER]) - [4]
2019-05-20 17:11:17.185 TRACE 6380 --- [    Test worker] o.h.type.descriptor.sql.BasicExtractor   : extracted value ([cos_tiempo_estadia] : [VARCHAR]) - [HORA]
2019-05-20 17:11:17.185 TRACE 6380 --- [    Test worker] o.h.type.descriptor.sql.BasicExtractor   : extracted value ([cos_tipo_movil] : [VARCHAR]) - [MOTO]
2019-05-20 17:11:17.185 TRACE 6380 --- [    Test worker] o.h.type.descriptor.sql.BasicExtractor   : extracted value ([cos_tipo_pago] : [VARCHAR]) - [NORMAL]
2019-05-20 17:11:17.185 TRACE 6380 --- [    Test worker] o.h.type.descriptor.sql.BasicExtractor   : extracted value ([cos_valor] : [DOUBLE]) - [500.0]
2019-05-20 17:11:17.187 DEBUG 6380 --- [    Test worker] org.hibernate.SQL                        : SELECT * FROM factura WHERE mov_placa = ? AND fac_fecha_salida IS NULL
Hibernate: SELECT * FROM factura WHERE mov_placa = ? AND fac_fecha_salida IS NULL
2019-05-20 17:11:17.188 TRACE 6380 --- [    Test worker] o.h.type.descriptor.sql.BasicBinder      : binding parameter [1] as [VARCHAR] - [SWH-5]
2019-05-20 17:11:17.188 TRACE 6380 --- [    Test worker] o.h.type.descriptor.sql.BasicExtractor   : extracted value ([facId] : [INTEGER]) - [7]
2019-05-20 17:11:17.189 TRACE 6380 --- [    Test worker] o.h.type.descriptor.sql.BasicExtractor   : extracted value ([fac_fecha_ingreso] : [TIMESTAMP]) - [2019-05-20 17:11:16.03]
2019-05-20 17:11:17.189 TRACE 6380 --- [    Test worker] o.h.type.descriptor.sql.BasicExtractor   : extracted value ([fac_fecha_salida] : [TIMESTAMP]) - [null]
2019-05-20 17:11:17.189 TRACE 6380 --- [    Test worker] o.h.type.descriptor.sql.BasicExtractor   : extracted value ([fac_valor] : [DOUBLE]) - [0.0]
2019-05-20 17:11:17.189 TRACE 6380 --- [    Test worker] o.h.type.descriptor.sql.BasicExtractor   : extracted value ([mov_placa] : [VARCHAR]) - [SWH-5]
2019-05-20 17:11:17.189 DEBUG 6380 --- [    Test worker] org.hibernate.SQL                        : select movilentit0_.mov_placa as mov_plac1_2_0_, movilentit0_.mov_cilindraje as mov_cili2_2_0_, movilentit0_.mov_tipo_movil as mov_tipo3_2_0_ from movil movilentit0_ where movilentit0_.mov_placa=?
Hibernate: select movilentit0_.mov_placa as mov_plac1_2_0_, movilentit0_.mov_cilindraje as mov_cili2_2_0_, movilentit0_.mov_tipo_movil as mov_tipo3_2_0_ from movil movilentit0_ where movilentit0_.mov_placa=?
2019-05-20 17:11:17.190 TRACE 6380 --- [    Test worker] o.h.type.descriptor.sql.BasicBinder      : binding parameter [1] as [VARCHAR] - [SWH-5]
2019-05-20 17:11:17.190 TRACE 6380 --- [    Test worker] o.h.type.descriptor.sql.BasicExtractor   : extracted value ([mov_cili2_2_0_] : [DOUBLE]) - [150.0]
2019-05-20 17:11:17.190 TRACE 6380 --- [    Test worker] o.h.type.descriptor.sql.BasicExtractor   : extracted value ([mov_tipo3_2_0_] : [VARCHAR]) - [MOTO]
2019-05-20 17:11:17.190 TRACE 6380 --- [    Test worker] org.hibernate.type.CollectionType        : Created collection wrapper: [co.com.ceiba.ceibaestacionamiento.persistencia.entidades.MovilEntity.facturasEntity#SWH-5]
2019-05-20 17:11:17.192 DEBUG 6380 --- [    Test worker] org.hibernate.SQL                        : select facturaent0_.facId as facId1_1_0_, facturaent0_.fac_fecha_ingreso as fac_fech2_1_0_, facturaent0_.fac_fecha_salida as fac_fech3_1_0_, facturaent0_.fac_valor as fac_valo4_1_0_, facturaent0_.mov_placa as mov_plac5_1_0_ from factura facturaent0_ where facturaent0_.facId=?
Hibernate: select facturaent0_.facId as facId1_1_0_, facturaent0_.fac_fecha_ingreso as fac_fech2_1_0_, facturaent0_.fac_fecha_salida as fac_fech3_1_0_, facturaent0_.fac_valor as fac_valo4_1_0_, facturaent0_.mov_placa as mov_plac5_1_0_ from factura facturaent0_ where facturaent0_.facId=?
2019-05-20 17:11:17.193 TRACE 6380 --- [    Test worker] o.h.type.descriptor.sql.BasicBinder      : binding parameter [1] as [INTEGER] - [7]
2019-05-20 17:11:17.193 TRACE 6380 --- [    Test worker] o.h.type.descriptor.sql.BasicExtractor   : extracted value ([fac_fech2_1_0_] : [TIMESTAMP]) - [2019-05-20 17:11:16.03]
2019-05-20 17:11:17.193 TRACE 6380 --- [    Test worker] o.h.type.descriptor.sql.BasicExtractor   : extracted value ([fac_fech3_1_0_] : [TIMESTAMP]) - [null]
2019-05-20 17:11:17.193 TRACE 6380 --- [    Test worker] o.h.type.descriptor.sql.BasicExtractor   : extracted value ([fac_valo4_1_0_] : [DOUBLE]) - [0.0]
2019-05-20 17:11:17.193 TRACE 6380 --- [    Test worker] o.h.type.descriptor.sql.BasicExtractor   : extracted value ([mov_plac5_1_0_] : [VARCHAR]) - [SWH-5]
2019-05-20 17:11:17.194 DEBUG 6380 --- [    Test worker] org.hibernate.SQL                        : select movilentit0_.mov_placa as mov_plac1_2_1_, movilentit0_.mov_cilindraje as mov_cili2_2_1_, movilentit0_.mov_tipo_movil as mov_tipo3_2_1_, facturasen1_.mov_placa as mov_plac5_1_3_, facturasen1_.facId as facId1_1_3_, facturasen1_.facId as facId1_1_0_, facturasen1_.fac_fecha_ingreso as fac_fech2_1_0_, facturasen1_.fac_fecha_salida as fac_fech3_1_0_, facturasen1_.fac_valor as fac_valo4_1_0_, facturasen1_.mov_placa as mov_plac5_1_0_ from movil movilentit0_ left outer join factura facturasen1_ on movilentit0_.mov_placa=facturasen1_.mov_placa where movilentit0_.mov_placa=?
Hibernate: select movilentit0_.mov_placa as mov_plac1_2_1_, movilentit0_.mov_cilindraje as mov_cili2_2_1_, movilentit0_.mov_tipo_movil as mov_tipo3_2_1_, facturasen1_.mov_placa as mov_plac5_1_3_, facturasen1_.facId as facId1_1_3_, facturasen1_.facId as facId1_1_0_, facturasen1_.fac_fecha_ingreso as fac_fech2_1_0_, facturasen1_.fac_fecha_salida as fac_fech3_1_0_, facturasen1_.fac_valor as fac_valo4_1_0_, facturasen1_.mov_placa as mov_plac5_1_0_ from movil movilentit0_ left outer join factura facturasen1_ on movilentit0_.mov_placa=facturasen1_.mov_placa where movilentit0_.mov_placa=?
2019-05-20 17:11:17.194 TRACE 6380 --- [    Test worker] o.h.type.descriptor.sql.BasicBinder      : binding parameter [1] as [VARCHAR] - [SWH-5]
2019-05-20 17:11:17.194 TRACE 6380 --- [    Test worker] o.h.type.descriptor.sql.BasicExtractor   : extracted value ([facId1_1_0_] : [INTEGER]) - [7]
2019-05-20 17:11:17.195 TRACE 6380 --- [    Test worker] o.h.type.descriptor.sql.BasicExtractor   : extracted value ([mov_cili2_2_1_] : [DOUBLE]) - [150.0]
2019-05-20 17:11:17.195 TRACE 6380 --- [    Test worker] o.h.type.descriptor.sql.BasicExtractor   : extracted value ([mov_tipo3_2_1_] : [VARCHAR]) - [MOTO]
2019-05-20 17:11:17.195 TRACE 6380 --- [    Test worker] o.h.type.descriptor.sql.BasicExtractor   : extracted value ([mov_plac5_1_3_] : [VARCHAR]) - [SWH-5]
2019-05-20 17:11:17.195 TRACE 6380 --- [    Test worker] o.h.type.descriptor.sql.BasicExtractor   : extracted value ([facId1_1_3_] : [INTEGER]) - [7]
2019-05-20 17:11:17.198 DEBUG 6380 --- [    Test worker] org.hibernate.SQL                        : update factura set fac_fecha_ingreso=?, fac_fecha_salida=?, fac_valor=?, mov_placa=? where facId=?
Hibernate: update factura set fac_fecha_ingreso=?, fac_fecha_salida=?, fac_valor=?, mov_placa=? where facId=?
2019-05-20 17:11:17.198 TRACE 6380 --- [    Test worker] o.h.type.descriptor.sql.BasicBinder      : binding parameter [1] as [TIMESTAMP] - [2019-05-20 17:11:16.03]
2019-05-20 17:11:17.199 TRACE 6380 --- [    Test worker] o.h.type.descriptor.sql.BasicBinder      : binding parameter [2] as [TIMESTAMP] - [Mon May 20 17:11:17 COT 2019]
2019-05-20 17:11:17.199 TRACE 6380 --- [    Test worker] o.h.type.descriptor.sql.BasicBinder      : binding parameter [3] as [DOUBLE] - [500.0]
2019-05-20 17:11:17.199 TRACE 6380 --- [    Test worker] o.h.type.descriptor.sql.BasicBinder      : binding parameter [4] as [VARCHAR] - [SWH-5]
2019-05-20 17:11:17.199 TRACE 6380 --- [    Test worker] o.h.type.descriptor.sql.BasicBinder      : binding parameter [5] as [INTEGER] - [7]
2019-05-20 17:11:17.201 DEBUG 6380 --- [    Test worker] org.hibernate.SQL                        : select movilentit0_.mov_placa as mov_plac1_2_0_, movilentit0_.mov_cilindraje as mov_cili2_2_0_, movilentit0_.mov_tipo_movil as mov_tipo3_2_0_ from movil movilentit0_ where movilentit0_.mov_placa=?
Hibernate: select movilentit0_.mov_placa as mov_plac1_2_0_, movilentit0_.mov_cilindraje as mov_cili2_2_0_, movilentit0_.mov_tipo_movil as mov_tipo3_2_0_ from movil movilentit0_ where movilentit0_.mov_placa=?
2019-05-20 17:11:17.201 TRACE 6380 --- [    Test worker] o.h.type.descriptor.sql.BasicBinder      : binding parameter [1] as [VARCHAR] - [SWH-6]
2019-05-20 17:11:17.201 TRACE 6380 --- [    Test worker] o.h.type.descriptor.sql.BasicExtractor   : extracted value ([mov_cili2_2_0_] : [DOUBLE]) - [150.0]
2019-05-20 17:11:17.201 TRACE 6380 --- [    Test worker] o.h.type.descriptor.sql.BasicExtractor   : extracted value ([mov_tipo3_2_0_] : [VARCHAR]) - [MOTO]
2019-05-20 17:11:17.202 TRACE 6380 --- [    Test worker] org.hibernate.type.CollectionType        : Created collection wrapper: [co.com.ceiba.ceibaestacionamiento.persistencia.entidades.MovilEntity.facturasEntity#SWH-6]
2019-05-20 17:11:17.203 DEBUG 6380 --- [    Test worker] org.hibernate.SQL                        : SELECT COUNT(*) FROM factura WHERE mov_placa = ? AND fac_fecha_salida IS NULL
Hibernate: SELECT COUNT(*) FROM factura WHERE mov_placa = ? AND fac_fecha_salida IS NULL
2019-05-20 17:11:17.204 TRACE 6380 --- [    Test worker] o.h.type.descriptor.sql.BasicBinder      : binding parameter [1] as [VARCHAR] - [SWH-6]
2019-05-20 17:11:17.204 TRACE 6380 --- [    Test worker] o.h.type.descriptor.sql.BasicExtractor   : extracted value ([COUNT(*)] : [NUMERIC]) - [1]
2019-05-20 17:11:17.206 DEBUG 6380 --- [    Test worker] org.hibernate.SQL                        : SELECT * FROM factura WHERE mov_placa = ? AND fac_fecha_salida IS NULL
Hibernate: SELECT * FROM factura WHERE mov_placa = ? AND fac_fecha_salida IS NULL
2019-05-20 17:11:17.207 TRACE 6380 --- [    Test worker] o.h.type.descriptor.sql.BasicBinder      : binding parameter [1] as [VARCHAR] - [SWH-6]
2019-05-20 17:11:17.207 TRACE 6380 --- [    Test worker] o.h.type.descriptor.sql.BasicExtractor   : extracted value ([facId] : [INTEGER]) - [8]
2019-05-20 17:11:17.208 TRACE 6380 --- [    Test worker] o.h.type.descriptor.sql.BasicExtractor   : extracted value ([fac_fecha_ingreso] : [TIMESTAMP]) - [2019-05-20 17:11:16.056]
2019-05-20 17:11:17.208 TRACE 6380 --- [    Test worker] o.h.type.descriptor.sql.BasicExtractor   : extracted value ([fac_fecha_salida] : [TIMESTAMP]) - [null]
2019-05-20 17:11:17.208 TRACE 6380 --- [    Test worker] o.h.type.descriptor.sql.BasicExtractor   : extracted value ([fac_valor] : [DOUBLE]) - [0.0]
2019-05-20 17:11:17.208 TRACE 6380 --- [    Test worker] o.h.type.descriptor.sql.BasicExtractor   : extracted value ([mov_placa] : [VARCHAR]) - [SWH-6]
2019-05-20 17:11:17.208 DEBUG 6380 --- [    Test worker] org.hibernate.SQL                        : select movilentit0_.mov_placa as mov_plac1_2_0_, movilentit0_.mov_cilindraje as mov_cili2_2_0_, movilentit0_.mov_tipo_movil as mov_tipo3_2_0_ from movil movilentit0_ where movilentit0_.mov_placa=?
Hibernate: select movilentit0_.mov_placa as mov_plac1_2_0_, movilentit0_.mov_cilindraje as mov_cili2_2_0_, movilentit0_.mov_tipo_movil as mov_tipo3_2_0_ from movil movilentit0_ where movilentit0_.mov_placa=?
2019-05-20 17:11:17.208 TRACE 6380 --- [    Test worker] o.h.type.descriptor.sql.BasicBinder      : binding parameter [1] as [VARCHAR] - [SWH-6]
2019-05-20 17:11:17.209 TRACE 6380 --- [    Test worker] o.h.type.descriptor.sql.BasicExtractor   : extracted value ([mov_cili2_2_0_] : [DOUBLE]) - [150.0]
2019-05-20 17:11:17.209 TRACE 6380 --- [    Test worker] o.h.type.descriptor.sql.BasicExtractor   : extracted value ([mov_tipo3_2_0_] : [VARCHAR]) - [MOTO]
2019-05-20 17:11:17.209 TRACE 6380 --- [    Test worker] org.hibernate.type.CollectionType        : Created collection wrapper: [co.com.ceiba.ceibaestacionamiento.persistencia.entidades.MovilEntity.facturasEntity#SWH-6]
2019-05-20 17:11:17.215 DEBUG 6380 --- [    Test worker] org.hibernate.SQL                        : SELECT * FROM costoestadia WHERE cos_tipo_movil = ? AND cos_tipo_pago = ? AND cos_tiempo_estadia = ?
Hibernate: SELECT * FROM costoestadia WHERE cos_tipo_movil = ? AND cos_tipo_pago = ? AND cos_tiempo_estadia = ?
2019-05-20 17:11:17.215 TRACE 6380 --- [    Test worker] o.h.type.descriptor.sql.BasicBinder      : binding parameter [1] as [VARCHAR] - [MOTO]
2019-05-20 17:11:17.216 TRACE 6380 --- [    Test worker] o.h.type.descriptor.sql.BasicBinder      : binding parameter [2] as [VARCHAR] - [NORMAL]
2019-05-20 17:11:17.216 TRACE 6380 --- [    Test worker] o.h.type.descriptor.sql.BasicBinder      : binding parameter [3] as [VARCHAR] - [DIA]
2019-05-20 17:11:17.216 TRACE 6380 --- [    Test worker] o.h.type.descriptor.sql.BasicExtractor   : extracted value ([cos_id] : [INTEGER]) - [3]
2019-05-20 17:11:17.217 TRACE 6380 --- [    Test worker] o.h.type.descriptor.sql.BasicExtractor   : extracted value ([cos_tiempo_estadia] : [VARCHAR]) - [DIA]
2019-05-20 17:11:17.217 TRACE 6380 --- [    Test worker] o.h.type.descriptor.sql.BasicExtractor   : extracted value ([cos_tipo_movil] : [VARCHAR]) - [MOTO]
2019-05-20 17:11:17.217 TRACE 6380 --- [    Test worker] o.h.type.descriptor.sql.BasicExtractor   : extracted value ([cos_tipo_pago] : [VARCHAR]) - [NORMAL]
2019-05-20 17:11:17.217 TRACE 6380 --- [    Test worker] o.h.type.descriptor.sql.BasicExtractor   : extracted value ([cos_valor] : [DOUBLE]) - [4000.0]
2019-05-20 17:11:17.223 DEBUG 6380 --- [    Test worker] org.hibernate.SQL                        : SELECT * FROM costoestadia WHERE cos_tipo_movil = ? AND cos_tipo_pago = ? AND cos_tiempo_estadia = ?
Hibernate: SELECT * FROM costoestadia WHERE cos_tipo_movil = ? AND cos_tipo_pago = ? AND cos_tiempo_estadia = ?
2019-05-20 17:11:17.224 TRACE 6380 --- [    Test worker] o.h.type.descriptor.sql.BasicBinder      : binding parameter [1] as [VARCHAR] - [MOTO]
2019-05-20 17:11:17.224 TRACE 6380 --- [    Test worker] o.h.type.descriptor.sql.BasicBinder      : binding parameter [2] as [VARCHAR] - [NORMAL]
2019-05-20 17:11:17.224 TRACE 6380 --- [    Test worker] o.h.type.descriptor.sql.BasicBinder      : binding parameter [3] as [VARCHAR] - [HORA]
2019-05-20 17:11:17.224 TRACE 6380 --- [    Test worker] o.h.type.descriptor.sql.BasicExtractor   : extracted value ([cos_id] : [INTEGER]) - [4]
2019-05-20 17:11:17.224 TRACE 6380 --- [    Test worker] o.h.type.descriptor.sql.BasicExtractor   : extracted value ([cos_tiempo_estadia] : [VARCHAR]) - [HORA]
2019-05-20 17:11:17.224 TRACE 6380 --- [    Test worker] o.h.type.descriptor.sql.BasicExtractor   : extracted value ([cos_tipo_movil] : [VARCHAR]) - [MOTO]
2019-05-20 17:11:17.224 TRACE 6380 --- [    Test worker] o.h.type.descriptor.sql.BasicExtractor   : extracted value ([cos_tipo_pago] : [VARCHAR]) - [NORMAL]
2019-05-20 17:11:17.224 TRACE 6380 --- [    Test worker] o.h.type.descriptor.sql.BasicExtractor   : extracted value ([cos_valor] : [DOUBLE]) - [500.0]
2019-05-20 17:11:17.227 DEBUG 6380 --- [    Test worker] org.hibernate.SQL                        : SELECT * FROM factura WHERE mov_placa = ? AND fac_fecha_salida IS NULL
Hibernate: SELECT * FROM factura WHERE mov_placa = ? AND fac_fecha_salida IS NULL
2019-05-20 17:11:17.228 TRACE 6380 --- [    Test worker] o.h.type.descriptor.sql.BasicBinder      : binding parameter [1] as [VARCHAR] - [SWH-6]
2019-05-20 17:11:17.228 TRACE 6380 --- [    Test worker] o.h.type.descriptor.sql.BasicExtractor   : extracted value ([facId] : [INTEGER]) - [8]
2019-05-20 17:11:17.228 TRACE 6380 --- [    Test worker] o.h.type.descriptor.sql.BasicExtractor   : extracted value ([fac_fecha_ingreso] : [TIMESTAMP]) - [2019-05-20 17:11:16.056]
2019-05-20 17:11:17.229 TRACE 6380 --- [    Test worker] o.h.type.descriptor.sql.BasicExtractor   : extracted value ([fac_fecha_salida] : [TIMESTAMP]) - [null]
2019-05-20 17:11:17.229 TRACE 6380 --- [    Test worker] o.h.type.descriptor.sql.BasicExtractor   : extracted value ([fac_valor] : [DOUBLE]) - [0.0]
2019-05-20 17:11:17.229 TRACE 6380 --- [    Test worker] o.h.type.descriptor.sql.BasicExtractor   : extracted value ([mov_placa] : [VARCHAR]) - [SWH-6]
2019-05-20 17:11:17.229 DEBUG 6380 --- [    Test worker] org.hibernate.SQL                        : select movilentit0_.mov_placa as mov_plac1_2_0_, movilentit0_.mov_cilindraje as mov_cili2_2_0_, movilentit0_.mov_tipo_movil as mov_tipo3_2_0_ from movil movilentit0_ where movilentit0_.mov_placa=?
Hibernate: select movilentit0_.mov_placa as mov_plac1_2_0_, movilentit0_.mov_cilindraje as mov_cili2_2_0_, movilentit0_.mov_tipo_movil as mov_tipo3_2_0_ from movil movilentit0_ where movilentit0_.mov_placa=?
2019-05-20 17:11:17.229 TRACE 6380 --- [    Test worker] o.h.type.descriptor.sql.BasicBinder      : binding parameter [1] as [VARCHAR] - [SWH-6]
2019-05-20 17:11:17.230 TRACE 6380 --- [    Test worker] o.h.type.descriptor.sql.BasicExtractor   : extracted value ([mov_cili2_2_0_] : [DOUBLE]) - [150.0]
2019-05-20 17:11:17.230 TRACE 6380 --- [    Test worker] o.h.type.descriptor.sql.BasicExtractor   : extracted value ([mov_tipo3_2_0_] : [VARCHAR]) - [MOTO]
2019-05-20 17:11:17.230 TRACE 6380 --- [    Test worker] org.hibernate.type.CollectionType        : Created collection wrapper: [co.com.ceiba.ceibaestacionamiento.persistencia.entidades.MovilEntity.facturasEntity#SWH-6]
2019-05-20 17:11:17.232 DEBUG 6380 --- [    Test worker] org.hibernate.SQL                        : select facturaent0_.facId as facId1_1_0_, facturaent0_.fac_fecha_ingreso as fac_fech2_1_0_, facturaent0_.fac_fecha_salida as fac_fech3_1_0_, facturaent0_.fac_valor as fac_valo4_1_0_, facturaent0_.mov_placa as mov_plac5_1_0_ from factura facturaent0_ where facturaent0_.facId=?
Hibernate: select facturaent0_.facId as facId1_1_0_, facturaent0_.fac_fecha_ingreso as fac_fech2_1_0_, facturaent0_.fac_fecha_salida as fac_fech3_1_0_, facturaent0_.fac_valor as fac_valo4_1_0_, facturaent0_.mov_placa as mov_plac5_1_0_ from factura facturaent0_ where facturaent0_.facId=?
2019-05-20 17:11:17.232 TRACE 6380 --- [    Test worker] o.h.type.descriptor.sql.BasicBinder      : binding parameter [1] as [INTEGER] - [8]
2019-05-20 17:11:17.233 TRACE 6380 --- [    Test worker] o.h.type.descriptor.sql.BasicExtractor   : extracted value ([fac_fech2_1_0_] : [TIMESTAMP]) - [2019-05-20 17:11:16.056]
2019-05-20 17:11:17.233 TRACE 6380 --- [    Test worker] o.h.type.descriptor.sql.BasicExtractor   : extracted value ([fac_fech3_1_0_] : [TIMESTAMP]) - [null]
2019-05-20 17:11:17.233 TRACE 6380 --- [    Test worker] o.h.type.descriptor.sql.BasicExtractor   : extracted value ([fac_valo4_1_0_] : [DOUBLE]) - [0.0]
2019-05-20 17:11:17.233 TRACE 6380 --- [    Test worker] o.h.type.descriptor.sql.BasicExtractor   : extracted value ([mov_plac5_1_0_] : [VARCHAR]) - [SWH-6]
2019-05-20 17:11:17.234 DEBUG 6380 --- [    Test worker] org.hibernate.SQL                        : select movilentit0_.mov_placa as mov_plac1_2_1_, movilentit0_.mov_cilindraje as mov_cili2_2_1_, movilentit0_.mov_tipo_movil as mov_tipo3_2_1_, facturasen1_.mov_placa as mov_plac5_1_3_, facturasen1_.facId as facId1_1_3_, facturasen1_.facId as facId1_1_0_, facturasen1_.fac_fecha_ingreso as fac_fech2_1_0_, facturasen1_.fac_fecha_salida as fac_fech3_1_0_, facturasen1_.fac_valor as fac_valo4_1_0_, facturasen1_.mov_placa as mov_plac5_1_0_ from movil movilentit0_ left outer join factura facturasen1_ on movilentit0_.mov_placa=facturasen1_.mov_placa where movilentit0_.mov_placa=?
Hibernate: select movilentit0_.mov_placa as mov_plac1_2_1_, movilentit0_.mov_cilindraje as mov_cili2_2_1_, movilentit0_.mov_tipo_movil as mov_tipo3_2_1_, facturasen1_.mov_placa as mov_plac5_1_3_, facturasen1_.facId as facId1_1_3_, facturasen1_.facId as facId1_1_0_, facturasen1_.fac_fecha_ingreso as fac_fech2_1_0_, facturasen1_.fac_fecha_salida as fac_fech3_1_0_, facturasen1_.fac_valor as fac_valo4_1_0_, facturasen1_.mov_placa as mov_plac5_1_0_ from movil movilentit0_ left outer join factura facturasen1_ on movilentit0_.mov_placa=facturasen1_.mov_placa where movilentit0_.mov_placa=?
2019-05-20 17:11:17.234 TRACE 6380 --- [    Test worker] o.h.type.descriptor.sql.BasicBinder      : binding parameter [1] as [VARCHAR] - [SWH-6]
2019-05-20 17:11:17.235 TRACE 6380 --- [    Test worker] o.h.type.descriptor.sql.BasicExtractor   : extracted value ([facId1_1_0_] : [INTEGER]) - [8]
2019-05-20 17:11:17.235 TRACE 6380 --- [    Test worker] o.h.type.descriptor.sql.BasicExtractor   : extracted value ([mov_cili2_2_1_] : [DOUBLE]) - [150.0]
2019-05-20 17:11:17.235 TRACE 6380 --- [    Test worker] o.h.type.descriptor.sql.BasicExtractor   : extracted value ([mov_tipo3_2_1_] : [VARCHAR]) - [MOTO]
2019-05-20 17:11:17.235 TRACE 6380 --- [    Test worker] o.h.type.descriptor.sql.BasicExtractor   : extracted value ([mov_plac5_1_3_] : [VARCHAR]) - [SWH-6]
2019-05-20 17:11:17.235 TRACE 6380 --- [    Test worker] o.h.type.descriptor.sql.BasicExtractor   : extracted value ([facId1_1_3_] : [INTEGER]) - [8]
2019-05-20 17:11:17.237 DEBUG 6380 --- [    Test worker] org.hibernate.SQL                        : update factura set fac_fecha_ingreso=?, fac_fecha_salida=?, fac_valor=?, mov_placa=? where facId=?
Hibernate: update factura set fac_fecha_ingreso=?, fac_fecha_salida=?, fac_valor=?, mov_placa=? where facId=?
2019-05-20 17:11:17.237 TRACE 6380 --- [    Test worker] o.h.type.descriptor.sql.BasicBinder      : binding parameter [1] as [TIMESTAMP] - [2019-05-20 17:11:16.056]
2019-05-20 17:11:17.238 TRACE 6380 --- [    Test worker] o.h.type.descriptor.sql.BasicBinder      : binding parameter [2] as [TIMESTAMP] - [Mon May 20 17:11:17 COT 2019]
2019-05-20 17:11:17.238 TRACE 6380 --- [    Test worker] o.h.type.descriptor.sql.BasicBinder      : binding parameter [3] as [DOUBLE] - [500.0]
2019-05-20 17:11:17.238 TRACE 6380 --- [    Test worker] o.h.type.descriptor.sql.BasicBinder      : binding parameter [4] as [VARCHAR] - [SWH-6]
2019-05-20 17:11:17.238 TRACE 6380 --- [    Test worker] o.h.type.descriptor.sql.BasicBinder      : binding parameter [5] as [INTEGER] - [8]
2019-05-20 17:11:17.242 DEBUG 6380 --- [    Test worker] org.hibernate.SQL                        : select movilentit0_.mov_placa as mov_plac1_2_0_, movilentit0_.mov_cilindraje as mov_cili2_2_0_, movilentit0_.mov_tipo_movil as mov_tipo3_2_0_ from movil movilentit0_ where movilentit0_.mov_placa=?
Hibernate: select movilentit0_.mov_placa as mov_plac1_2_0_, movilentit0_.mov_cilindraje as mov_cili2_2_0_, movilentit0_.mov_tipo_movil as mov_tipo3_2_0_ from movil movilentit0_ where movilentit0_.mov_placa=?
2019-05-20 17:11:17.242 TRACE 6380 --- [    Test worker] o.h.type.descriptor.sql.BasicBinder      : binding parameter [1] as [VARCHAR] - [SWH-7]
2019-05-20 17:11:17.243 TRACE 6380 --- [    Test worker] o.h.type.descriptor.sql.BasicExtractor   : extracted value ([mov_cili2_2_0_] : [DOUBLE]) - [150.0]
2019-05-20 17:11:17.243 TRACE 6380 --- [    Test worker] o.h.type.descriptor.sql.BasicExtractor   : extracted value ([mov_tipo3_2_0_] : [VARCHAR]) - [MOTO]
2019-05-20 17:11:17.243 TRACE 6380 --- [    Test worker] org.hibernate.type.CollectionType        : Created collection wrapper: [co.com.ceiba.ceibaestacionamiento.persistencia.entidades.MovilEntity.facturasEntity#SWH-7]
2019-05-20 17:11:17.246 DEBUG 6380 --- [    Test worker] org.hibernate.SQL                        : SELECT COUNT(*) FROM factura WHERE mov_placa = ? AND fac_fecha_salida IS NULL
Hibernate: SELECT COUNT(*) FROM factura WHERE mov_placa = ? AND fac_fecha_salida IS NULL
2019-05-20 17:11:17.246 TRACE 6380 --- [    Test worker] o.h.type.descriptor.sql.BasicBinder      : binding parameter [1] as [VARCHAR] - [SWH-7]
2019-05-20 17:11:17.247 TRACE 6380 --- [    Test worker] o.h.type.descriptor.sql.BasicExtractor   : extracted value ([COUNT(*)] : [NUMERIC]) - [1]
2019-05-20 17:11:17.248 DEBUG 6380 --- [    Test worker] org.hibernate.SQL                        : SELECT * FROM factura WHERE mov_placa = ? AND fac_fecha_salida IS NULL
Hibernate: SELECT * FROM factura WHERE mov_placa = ? AND fac_fecha_salida IS NULL
2019-05-20 17:11:17.249 TRACE 6380 --- [    Test worker] o.h.type.descriptor.sql.BasicBinder      : binding parameter [1] as [VARCHAR] - [SWH-7]
2019-05-20 17:11:17.249 TRACE 6380 --- [    Test worker] o.h.type.descriptor.sql.BasicExtractor   : extracted value ([facId] : [INTEGER]) - [9]
2019-05-20 17:11:17.250 TRACE 6380 --- [    Test worker] o.h.type.descriptor.sql.BasicExtractor   : extracted value ([fac_fecha_ingreso] : [TIMESTAMP]) - [2019-05-20 17:11:16.08]
2019-05-20 17:11:17.250 TRACE 6380 --- [    Test worker] o.h.type.descriptor.sql.BasicExtractor   : extracted value ([fac_fecha_salida] : [TIMESTAMP]) - [null]
2019-05-20 17:11:17.250 TRACE 6380 --- [    Test worker] o.h.type.descriptor.sql.BasicExtractor   : extracted value ([fac_valor] : [DOUBLE]) - [0.0]
2019-05-20 17:11:17.250 TRACE 6380 --- [    Test worker] o.h.type.descriptor.sql.BasicExtractor   : extracted value ([mov_placa] : [VARCHAR]) - [SWH-7]
2019-05-20 17:11:17.250 DEBUG 6380 --- [    Test worker] org.hibernate.SQL                        : select movilentit0_.mov_placa as mov_plac1_2_0_, movilentit0_.mov_cilindraje as mov_cili2_2_0_, movilentit0_.mov_tipo_movil as mov_tipo3_2_0_ from movil movilentit0_ where movilentit0_.mov_placa=?
Hibernate: select movilentit0_.mov_placa as mov_plac1_2_0_, movilentit0_.mov_cilindraje as mov_cili2_2_0_, movilentit0_.mov_tipo_movil as mov_tipo3_2_0_ from movil movilentit0_ where movilentit0_.mov_placa=?
2019-05-20 17:11:17.250 TRACE 6380 --- [    Test worker] o.h.type.descriptor.sql.BasicBinder      : binding parameter [1] as [VARCHAR] - [SWH-7]
2019-05-20 17:11:17.250 TRACE 6380 --- [    Test worker] o.h.type.descriptor.sql.BasicExtractor   : extracted value ([mov_cili2_2_0_] : [DOUBLE]) - [150.0]
2019-05-20 17:11:17.250 TRACE 6380 --- [    Test worker] o.h.type.descriptor.sql.BasicExtractor   : extracted value ([mov_tipo3_2_0_] : [VARCHAR]) - [MOTO]
2019-05-20 17:11:17.251 TRACE 6380 --- [    Test worker] org.hibernate.type.CollectionType        : Created collection wrapper: [co.com.ceiba.ceibaestacionamiento.persistencia.entidades.MovilEntity.facturasEntity#SWH-7]
2019-05-20 17:11:17.252 DEBUG 6380 --- [    Test worker] org.hibernate.SQL                        : SELECT * FROM costoestadia WHERE cos_tipo_movil = ? AND cos_tipo_pago = ? AND cos_tiempo_estadia = ?
Hibernate: SELECT * FROM costoestadia WHERE cos_tipo_movil = ? AND cos_tipo_pago = ? AND cos_tiempo_estadia = ?
2019-05-20 17:11:17.253 TRACE 6380 --- [    Test worker] o.h.type.descriptor.sql.BasicBinder      : binding parameter [1] as [VARCHAR] - [MOTO]
2019-05-20 17:11:17.253 TRACE 6380 --- [    Test worker] o.h.type.descriptor.sql.BasicBinder      : binding parameter [2] as [VARCHAR] - [NORMAL]
2019-05-20 17:11:17.253 TRACE 6380 --- [    Test worker] o.h.type.descriptor.sql.BasicBinder      : binding parameter [3] as [VARCHAR] - [DIA]
2019-05-20 17:11:17.253 TRACE 6380 --- [    Test worker] o.h.type.descriptor.sql.BasicExtractor   : extracted value ([cos_id] : [INTEGER]) - [3]
2019-05-20 17:11:17.253 TRACE 6380 --- [    Test worker] o.h.type.descriptor.sql.BasicExtractor   : extracted value ([cos_tiempo_estadia] : [VARCHAR]) - [DIA]
2019-05-20 17:11:17.253 TRACE 6380 --- [    Test worker] o.h.type.descriptor.sql.BasicExtractor   : extracted value ([cos_tipo_movil] : [VARCHAR]) - [MOTO]
2019-05-20 17:11:17.253 TRACE 6380 --- [    Test worker] o.h.type.descriptor.sql.BasicExtractor   : extracted value ([cos_tipo_pago] : [VARCHAR]) - [NORMAL]
2019-05-20 17:11:17.253 TRACE 6380 --- [    Test worker] o.h.type.descriptor.sql.BasicExtractor   : extracted value ([cos_valor] : [DOUBLE]) - [4000.0]
2019-05-20 17:11:17.255 DEBUG 6380 --- [    Test worker] org.hibernate.SQL                        : SELECT * FROM costoestadia WHERE cos_tipo_movil = ? AND cos_tipo_pago = ? AND cos_tiempo_estadia = ?
Hibernate: SELECT * FROM costoestadia WHERE cos_tipo_movil = ? AND cos_tipo_pago = ? AND cos_tiempo_estadia = ?
2019-05-20 17:11:17.255 TRACE 6380 --- [    Test worker] o.h.type.descriptor.sql.BasicBinder      : binding parameter [1] as [VARCHAR] - [MOTO]
2019-05-20 17:11:17.255 TRACE 6380 --- [    Test worker] o.h.type.descriptor.sql.BasicBinder      : binding parameter [2] as [VARCHAR] - [NORMAL]
2019-05-20 17:11:17.256 TRACE 6380 --- [    Test worker] o.h.type.descriptor.sql.BasicBinder      : binding parameter [3] as [VARCHAR] - [HORA]
2019-05-20 17:11:17.256 TRACE 6380 --- [    Test worker] o.h.type.descriptor.sql.BasicExtractor   : extracted value ([cos_id] : [INTEGER]) - [4]
2019-05-20 17:11:17.256 TRACE 6380 --- [    Test worker] o.h.type.descriptor.sql.BasicExtractor   : extracted value ([cos_tiempo_estadia] : [VARCHAR]) - [HORA]
2019-05-20 17:11:17.256 TRACE 6380 --- [    Test worker] o.h.type.descriptor.sql.BasicExtractor   : extracted value ([cos_tipo_movil] : [VARCHAR]) - [MOTO]
2019-05-20 17:11:17.256 TRACE 6380 --- [    Test worker] o.h.type.descriptor.sql.BasicExtractor   : extracted value ([cos_tipo_pago] : [VARCHAR]) - [NORMAL]
2019-05-20 17:11:17.256 TRACE 6380 --- [    Test worker] o.h.type.descriptor.sql.BasicExtractor   : extracted value ([cos_valor] : [DOUBLE]) - [500.0]
2019-05-20 17:11:17.258 DEBUG 6380 --- [    Test worker] org.hibernate.SQL                        : SELECT * FROM factura WHERE mov_placa = ? AND fac_fecha_salida IS NULL
Hibernate: SELECT * FROM factura WHERE mov_placa = ? AND fac_fecha_salida IS NULL
2019-05-20 17:11:17.260 TRACE 6380 --- [    Test worker] o.h.type.descriptor.sql.BasicBinder      : binding parameter [1] as [VARCHAR] - [SWH-7]
2019-05-20 17:11:17.260 TRACE 6380 --- [    Test worker] o.h.type.descriptor.sql.BasicExtractor   : extracted value ([facId] : [INTEGER]) - [9]
2019-05-20 17:11:17.260 TRACE 6380 --- [    Test worker] o.h.type.descriptor.sql.BasicExtractor   : extracted value ([fac_fecha_ingreso] : [TIMESTAMP]) - [2019-05-20 17:11:16.08]
2019-05-20 17:11:17.260 TRACE 6380 --- [    Test worker] o.h.type.descriptor.sql.BasicExtractor   : extracted value ([fac_fecha_salida] : [TIMESTAMP]) - [null]
2019-05-20 17:11:17.260 TRACE 6380 --- [    Test worker] o.h.type.descriptor.sql.BasicExtractor   : extracted value ([fac_valor] : [DOUBLE]) - [0.0]
2019-05-20 17:11:17.260 TRACE 6380 --- [    Test worker] o.h.type.descriptor.sql.BasicExtractor   : extracted value ([mov_placa] : [VARCHAR]) - [SWH-7]
2019-05-20 17:11:17.261 DEBUG 6380 --- [    Test worker] org.hibernate.SQL                        : select movilentit0_.mov_placa as mov_plac1_2_0_, movilentit0_.mov_cilindraje as mov_cili2_2_0_, movilentit0_.mov_tipo_movil as mov_tipo3_2_0_ from movil movilentit0_ where movilentit0_.mov_placa=?
Hibernate: select movilentit0_.mov_placa as mov_plac1_2_0_, movilentit0_.mov_cilindraje as mov_cili2_2_0_, movilentit0_.mov_tipo_movil as mov_tipo3_2_0_ from movil movilentit0_ where movilentit0_.mov_placa=?
2019-05-20 17:11:17.261 TRACE 6380 --- [    Test worker] o.h.type.descriptor.sql.BasicBinder      : binding parameter [1] as [VARCHAR] - [SWH-7]
2019-05-20 17:11:17.261 TRACE 6380 --- [    Test worker] o.h.type.descriptor.sql.BasicExtractor   : extracted value ([mov_cili2_2_0_] : [DOUBLE]) - [150.0]
2019-05-20 17:11:17.261 TRACE 6380 --- [    Test worker] o.h.type.descriptor.sql.BasicExtractor   : extracted value ([mov_tipo3_2_0_] : [VARCHAR]) - [MOTO]
2019-05-20 17:11:17.261 TRACE 6380 --- [    Test worker] org.hibernate.type.CollectionType        : Created collection wrapper: [co.com.ceiba.ceibaestacionamiento.persistencia.entidades.MovilEntity.facturasEntity#SWH-7]
2019-05-20 17:11:17.263 DEBUG 6380 --- [    Test worker] org.hibernate.SQL                        : select facturaent0_.facId as facId1_1_0_, facturaent0_.fac_fecha_ingreso as fac_fech2_1_0_, facturaent0_.fac_fecha_salida as fac_fech3_1_0_, facturaent0_.fac_valor as fac_valo4_1_0_, facturaent0_.mov_placa as mov_plac5_1_0_ from factura facturaent0_ where facturaent0_.facId=?
Hibernate: select facturaent0_.facId as facId1_1_0_, facturaent0_.fac_fecha_ingreso as fac_fech2_1_0_, facturaent0_.fac_fecha_salida as fac_fech3_1_0_, facturaent0_.fac_valor as fac_valo4_1_0_, facturaent0_.mov_placa as mov_plac5_1_0_ from factura facturaent0_ where facturaent0_.facId=?
2019-05-20 17:11:17.264 TRACE 6380 --- [    Test worker] o.h.type.descriptor.sql.BasicBinder      : binding parameter [1] as [INTEGER] - [9]
2019-05-20 17:11:17.264 TRACE 6380 --- [    Test worker] o.h.type.descriptor.sql.BasicExtractor   : extracted value ([fac_fech2_1_0_] : [TIMESTAMP]) - [2019-05-20 17:11:16.08]
2019-05-20 17:11:17.264 TRACE 6380 --- [    Test worker] o.h.type.descriptor.sql.BasicExtractor   : extracted value ([fac_fech3_1_0_] : [TIMESTAMP]) - [null]
2019-05-20 17:11:17.264 TRACE 6380 --- [    Test worker] o.h.type.descriptor.sql.BasicExtractor   : extracted value ([fac_valo4_1_0_] : [DOUBLE]) - [0.0]
2019-05-20 17:11:17.265 TRACE 6380 --- [    Test worker] o.h.type.descriptor.sql.BasicExtractor   : extracted value ([mov_plac5_1_0_] : [VARCHAR]) - [SWH-7]
2019-05-20 17:11:17.265 DEBUG 6380 --- [    Test worker] org.hibernate.SQL                        : select movilentit0_.mov_placa as mov_plac1_2_1_, movilentit0_.mov_cilindraje as mov_cili2_2_1_, movilentit0_.mov_tipo_movil as mov_tipo3_2_1_, facturasen1_.mov_placa as mov_plac5_1_3_, facturasen1_.facId as facId1_1_3_, facturasen1_.facId as facId1_1_0_, facturasen1_.fac_fecha_ingreso as fac_fech2_1_0_, facturasen1_.fac_fecha_salida as fac_fech3_1_0_, facturasen1_.fac_valor as fac_valo4_1_0_, facturasen1_.mov_placa as mov_plac5_1_0_ from movil movilentit0_ left outer join factura facturasen1_ on movilentit0_.mov_placa=facturasen1_.mov_placa where movilentit0_.mov_placa=?
Hibernate: select movilentit0_.mov_placa as mov_plac1_2_1_, movilentit0_.mov_cilindraje as mov_cili2_2_1_, movilentit0_.mov_tipo_movil as mov_tipo3_2_1_, facturasen1_.mov_placa as mov_plac5_1_3_, facturasen1_.facId as facId1_1_3_, facturasen1_.facId as facId1_1_0_, facturasen1_.fac_fecha_ingreso as fac_fech2_1_0_, facturasen1_.fac_fecha_salida as fac_fech3_1_0_, facturasen1_.fac_valor as fac_valo4_1_0_, facturasen1_.mov_placa as mov_plac5_1_0_ from movil movilentit0_ left outer join factura facturasen1_ on movilentit0_.mov_placa=facturasen1_.mov_placa where movilentit0_.mov_placa=?
2019-05-20 17:11:17.265 TRACE 6380 --- [    Test worker] o.h.type.descriptor.sql.BasicBinder      : binding parameter [1] as [VARCHAR] - [SWH-7]
2019-05-20 17:11:17.265 TRACE 6380 --- [    Test worker] o.h.type.descriptor.sql.BasicExtractor   : extracted value ([facId1_1_0_] : [INTEGER]) - [9]
2019-05-20 17:11:17.266 TRACE 6380 --- [    Test worker] o.h.type.descriptor.sql.BasicExtractor   : extracted value ([mov_cili2_2_1_] : [DOUBLE]) - [150.0]
2019-05-20 17:11:17.266 TRACE 6380 --- [    Test worker] o.h.type.descriptor.sql.BasicExtractor   : extracted value ([mov_tipo3_2_1_] : [VARCHAR]) - [MOTO]
2019-05-20 17:11:17.266 TRACE 6380 --- [    Test worker] o.h.type.descriptor.sql.BasicExtractor   : extracted value ([mov_plac5_1_3_] : [VARCHAR]) - [SWH-7]
2019-05-20 17:11:17.266 TRACE 6380 --- [    Test worker] o.h.type.descriptor.sql.BasicExtractor   : extracted value ([facId1_1_3_] : [INTEGER]) - [9]
2019-05-20 17:11:17.268 DEBUG 6380 --- [    Test worker] org.hibernate.SQL                        : update factura set fac_fecha_ingreso=?, fac_fecha_salida=?, fac_valor=?, mov_placa=? where facId=?
Hibernate: update factura set fac_fecha_ingreso=?, fac_fecha_salida=?, fac_valor=?, mov_placa=? where facId=?
2019-05-20 17:11:17.268 TRACE 6380 --- [    Test worker] o.h.type.descriptor.sql.BasicBinder      : binding parameter [1] as [TIMESTAMP] - [2019-05-20 17:11:16.08]
2019-05-20 17:11:17.268 TRACE 6380 --- [    Test worker] o.h.type.descriptor.sql.BasicBinder      : binding parameter [2] as [TIMESTAMP] - [Mon May 20 17:11:17 COT 2019]
2019-05-20 17:11:17.268 TRACE 6380 --- [    Test worker] o.h.type.descriptor.sql.BasicBinder      : binding parameter [3] as [DOUBLE] - [500.0]
2019-05-20 17:11:17.268 TRACE 6380 --- [    Test worker] o.h.type.descriptor.sql.BasicBinder      : binding parameter [4] as [VARCHAR] - [SWH-7]
2019-05-20 17:11:17.268 TRACE 6380 --- [    Test worker] o.h.type.descriptor.sql.BasicBinder      : binding parameter [5] as [INTEGER] - [9]
2019-05-20 17:11:17.270 DEBUG 6380 --- [    Test worker] org.hibernate.SQL                        : select movilentit0_.mov_placa as mov_plac1_2_0_, movilentit0_.mov_cilindraje as mov_cili2_2_0_, movilentit0_.mov_tipo_movil as mov_tipo3_2_0_ from movil movilentit0_ where movilentit0_.mov_placa=?
Hibernate: select movilentit0_.mov_placa as mov_plac1_2_0_, movilentit0_.mov_cilindraje as mov_cili2_2_0_, movilentit0_.mov_tipo_movil as mov_tipo3_2_0_ from movil movilentit0_ where movilentit0_.mov_placa=?
2019-05-20 17:11:17.271 TRACE 6380 --- [    Test worker] o.h.type.descriptor.sql.BasicBinder      : binding parameter [1] as [VARCHAR] - [SWH-8]
2019-05-20 17:11:17.271 TRACE 6380 --- [    Test worker] o.h.type.descriptor.sql.BasicExtractor   : extracted value ([mov_cili2_2_0_] : [DOUBLE]) - [150.0]
2019-05-20 17:11:17.271 TRACE 6380 --- [    Test worker] o.h.type.descriptor.sql.BasicExtractor   : extracted value ([mov_tipo3_2_0_] : [VARCHAR]) - [MOTO]
2019-05-20 17:11:17.272 TRACE 6380 --- [    Test worker] org.hibernate.type.CollectionType        : Created collection wrapper: [co.com.ceiba.ceibaestacionamiento.persistencia.entidades.MovilEntity.facturasEntity#SWH-8]
2019-05-20 17:11:17.274 DEBUG 6380 --- [    Test worker] org.hibernate.SQL                        : SELECT COUNT(*) FROM factura WHERE mov_placa = ? AND fac_fecha_salida IS NULL
Hibernate: SELECT COUNT(*) FROM factura WHERE mov_placa = ? AND fac_fecha_salida IS NULL
2019-05-20 17:11:17.274 TRACE 6380 --- [    Test worker] o.h.type.descriptor.sql.BasicBinder      : binding parameter [1] as [VARCHAR] - [SWH-8]
2019-05-20 17:11:17.275 TRACE 6380 --- [    Test worker] o.h.type.descriptor.sql.BasicExtractor   : extracted value ([COUNT(*)] : [NUMERIC]) - [1]
2019-05-20 17:11:17.277 DEBUG 6380 --- [    Test worker] org.hibernate.SQL                        : SELECT * FROM factura WHERE mov_placa = ? AND fac_fecha_salida IS NULL
Hibernate: SELECT * FROM factura WHERE mov_placa = ? AND fac_fecha_salida IS NULL
2019-05-20 17:11:17.279 TRACE 6380 --- [    Test worker] o.h.type.descriptor.sql.BasicBinder      : binding parameter [1] as [VARCHAR] - [SWH-8]
2019-05-20 17:11:17.279 TRACE 6380 --- [    Test worker] o.h.type.descriptor.sql.BasicExtractor   : extracted value ([facId] : [INTEGER]) - [10]
2019-05-20 17:11:17.280 TRACE 6380 --- [    Test worker] o.h.type.descriptor.sql.BasicExtractor   : extracted value ([fac_fecha_ingreso] : [TIMESTAMP]) - [2019-05-20 17:11:16.116]
2019-05-20 17:11:17.280 TRACE 6380 --- [    Test worker] o.h.type.descriptor.sql.BasicExtractor   : extracted value ([fac_fecha_salida] : [TIMESTAMP]) - [null]
2019-05-20 17:11:17.280 TRACE 6380 --- [    Test worker] o.h.type.descriptor.sql.BasicExtractor   : extracted value ([fac_valor] : [DOUBLE]) - [0.0]
2019-05-20 17:11:17.280 TRACE 6380 --- [    Test worker] o.h.type.descriptor.sql.BasicExtractor   : extracted value ([mov_placa] : [VARCHAR]) - [SWH-8]
2019-05-20 17:11:17.280 DEBUG 6380 --- [    Test worker] org.hibernate.SQL                        : select movilentit0_.mov_placa as mov_plac1_2_0_, movilentit0_.mov_cilindraje as mov_cili2_2_0_, movilentit0_.mov_tipo_movil as mov_tipo3_2_0_ from movil movilentit0_ where movilentit0_.mov_placa=?
Hibernate: select movilentit0_.mov_placa as mov_plac1_2_0_, movilentit0_.mov_cilindraje as mov_cili2_2_0_, movilentit0_.mov_tipo_movil as mov_tipo3_2_0_ from movil movilentit0_ where movilentit0_.mov_placa=?
2019-05-20 17:11:17.281 TRACE 6380 --- [    Test worker] o.h.type.descriptor.sql.BasicBinder      : binding parameter [1] as [VARCHAR] - [SWH-8]
2019-05-20 17:11:17.282 TRACE 6380 --- [    Test worker] o.h.type.descriptor.sql.BasicExtractor   : extracted value ([mov_cili2_2_0_] : [DOUBLE]) - [150.0]
2019-05-20 17:11:17.282 TRACE 6380 --- [    Test worker] o.h.type.descriptor.sql.BasicExtractor   : extracted value ([mov_tipo3_2_0_] : [VARCHAR]) - [MOTO]
2019-05-20 17:11:17.282 TRACE 6380 --- [    Test worker] org.hibernate.type.CollectionType        : Created collection wrapper: [co.com.ceiba.ceibaestacionamiento.persistencia.entidades.MovilEntity.facturasEntity#SWH-8]
2019-05-20 17:11:17.284 DEBUG 6380 --- [    Test worker] org.hibernate.SQL                        : SELECT * FROM costoestadia WHERE cos_tipo_movil = ? AND cos_tipo_pago = ? AND cos_tiempo_estadia = ?
Hibernate: SELECT * FROM costoestadia WHERE cos_tipo_movil = ? AND cos_tipo_pago = ? AND cos_tiempo_estadia = ?
2019-05-20 17:11:17.285 TRACE 6380 --- [    Test worker] o.h.type.descriptor.sql.BasicBinder      : binding parameter [1] as [VARCHAR] - [MOTO]
2019-05-20 17:11:17.285 TRACE 6380 --- [    Test worker] o.h.type.descriptor.sql.BasicBinder      : binding parameter [2] as [VARCHAR] - [NORMAL]
2019-05-20 17:11:17.285 TRACE 6380 --- [    Test worker] o.h.type.descriptor.sql.BasicBinder      : binding parameter [3] as [VARCHAR] - [DIA]
2019-05-20 17:11:17.285 TRACE 6380 --- [    Test worker] o.h.type.descriptor.sql.BasicExtractor   : extracted value ([cos_id] : [INTEGER]) - [3]
2019-05-20 17:11:17.286 TRACE 6380 --- [    Test worker] o.h.type.descriptor.sql.BasicExtractor   : extracted value ([cos_tiempo_estadia] : [VARCHAR]) - [DIA]
2019-05-20 17:11:17.286 TRACE 6380 --- [    Test worker] o.h.type.descriptor.sql.BasicExtractor   : extracted value ([cos_tipo_movil] : [VARCHAR]) - [MOTO]
2019-05-20 17:11:17.286 TRACE 6380 --- [    Test worker] o.h.type.descriptor.sql.BasicExtractor   : extracted value ([cos_tipo_pago] : [VARCHAR]) - [NORMAL]
2019-05-20 17:11:17.286 TRACE 6380 --- [    Test worker] o.h.type.descriptor.sql.BasicExtractor   : extracted value ([cos_valor] : [DOUBLE]) - [4000.0]
2019-05-20 17:11:17.288 DEBUG 6380 --- [    Test worker] org.hibernate.SQL                        : SELECT * FROM costoestadia WHERE cos_tipo_movil = ? AND cos_tipo_pago = ? AND cos_tiempo_estadia = ?
Hibernate: SELECT * FROM costoestadia WHERE cos_tipo_movil = ? AND cos_tipo_pago = ? AND cos_tiempo_estadia = ?
2019-05-20 17:11:17.289 TRACE 6380 --- [    Test worker] o.h.type.descriptor.sql.BasicBinder      : binding parameter [1] as [VARCHAR] - [MOTO]
2019-05-20 17:11:17.289 TRACE 6380 --- [    Test worker] o.h.type.descriptor.sql.BasicBinder      : binding parameter [2] as [VARCHAR] - [NORMAL]
2019-05-20 17:11:17.289 TRACE 6380 --- [    Test worker] o.h.type.descriptor.sql.BasicBinder      : binding parameter [3] as [VARCHAR] - [HORA]
2019-05-20 17:11:17.290 TRACE 6380 --- [    Test worker] o.h.type.descriptor.sql.BasicExtractor   : extracted value ([cos_id] : [INTEGER]) - [4]
2019-05-20 17:11:17.290 TRACE 6380 --- [    Test worker] o.h.type.descriptor.sql.BasicExtractor   : extracted value ([cos_tiempo_estadia] : [VARCHAR]) - [HORA]
2019-05-20 17:11:17.290 TRACE 6380 --- [    Test worker] o.h.type.descriptor.sql.BasicExtractor   : extracted value ([cos_tipo_movil] : [VARCHAR]) - [MOTO]
2019-05-20 17:11:17.290 TRACE 6380 --- [    Test worker] o.h.type.descriptor.sql.BasicExtractor   : extracted value ([cos_tipo_pago] : [VARCHAR]) - [NORMAL]
2019-05-20 17:11:17.290 TRACE 6380 --- [    Test worker] o.h.type.descriptor.sql.BasicExtractor   : extracted value ([cos_valor] : [DOUBLE]) - [500.0]
2019-05-20 17:11:17.292 DEBUG 6380 --- [    Test worker] org.hibernate.SQL                        : SELECT * FROM factura WHERE mov_placa = ? AND fac_fecha_salida IS NULL
Hibernate: SELECT * FROM factura WHERE mov_placa = ? AND fac_fecha_salida IS NULL
2019-05-20 17:11:17.293 TRACE 6380 --- [    Test worker] o.h.type.descriptor.sql.BasicBinder      : binding parameter [1] as [VARCHAR] - [SWH-8]
2019-05-20 17:11:17.293 TRACE 6380 --- [    Test worker] o.h.type.descriptor.sql.BasicExtractor   : extracted value ([facId] : [INTEGER]) - [10]
2019-05-20 17:11:17.293 TRACE 6380 --- [    Test worker] o.h.type.descriptor.sql.BasicExtractor   : extracted value ([fac_fecha_ingreso] : [TIMESTAMP]) - [2019-05-20 17:11:16.116]
2019-05-20 17:11:17.294 TRACE 6380 --- [    Test worker] o.h.type.descriptor.sql.BasicExtractor   : extracted value ([fac_fecha_salida] : [TIMESTAMP]) - [null]
2019-05-20 17:11:17.294 TRACE 6380 --- [    Test worker] o.h.type.descriptor.sql.BasicExtractor   : extracted value ([fac_valor] : [DOUBLE]) - [0.0]
2019-05-20 17:11:17.294 TRACE 6380 --- [    Test worker] o.h.type.descriptor.sql.BasicExtractor   : extracted value ([mov_placa] : [VARCHAR]) - [SWH-8]
2019-05-20 17:11:17.294 DEBUG 6380 --- [    Test worker] org.hibernate.SQL                        : select movilentit0_.mov_placa as mov_plac1_2_0_, movilentit0_.mov_cilindraje as mov_cili2_2_0_, movilentit0_.mov_tipo_movil as mov_tipo3_2_0_ from movil movilentit0_ where movilentit0_.mov_placa=?
Hibernate: select movilentit0_.mov_placa as mov_plac1_2_0_, movilentit0_.mov_cilindraje as mov_cili2_2_0_, movilentit0_.mov_tipo_movil as mov_tipo3_2_0_ from movil movilentit0_ where movilentit0_.mov_placa=?
2019-05-20 17:11:17.294 TRACE 6380 --- [    Test worker] o.h.type.descriptor.sql.BasicBinder      : binding parameter [1] as [VARCHAR] - [SWH-8]
2019-05-20 17:11:17.295 TRACE 6380 --- [    Test worker] o.h.type.descriptor.sql.BasicExtractor   : extracted value ([mov_cili2_2_0_] : [DOUBLE]) - [150.0]
2019-05-20 17:11:17.295 TRACE 6380 --- [    Test worker] o.h.type.descriptor.sql.BasicExtractor   : extracted value ([mov_tipo3_2_0_] : [VARCHAR]) - [MOTO]
2019-05-20 17:11:17.295 TRACE 6380 --- [    Test worker] org.hibernate.type.CollectionType        : Created collection wrapper: [co.com.ceiba.ceibaestacionamiento.persistencia.entidades.MovilEntity.facturasEntity#SWH-8]
2019-05-20 17:11:17.298 DEBUG 6380 --- [    Test worker] org.hibernate.SQL                        : select facturaent0_.facId as facId1_1_0_, facturaent0_.fac_fecha_ingreso as fac_fech2_1_0_, facturaent0_.fac_fecha_salida as fac_fech3_1_0_, facturaent0_.fac_valor as fac_valo4_1_0_, facturaent0_.mov_placa as mov_plac5_1_0_ from factura facturaent0_ where facturaent0_.facId=?
Hibernate: select facturaent0_.facId as facId1_1_0_, facturaent0_.fac_fecha_ingreso as fac_fech2_1_0_, facturaent0_.fac_fecha_salida as fac_fech3_1_0_, facturaent0_.fac_valor as fac_valo4_1_0_, facturaent0_.mov_placa as mov_plac5_1_0_ from factura facturaent0_ where facturaent0_.facId=?
2019-05-20 17:11:17.298 TRACE 6380 --- [    Test worker] o.h.type.descriptor.sql.BasicBinder      : binding parameter [1] as [INTEGER] - [10]
2019-05-20 17:11:17.299 TRACE 6380 --- [    Test worker] o.h.type.descriptor.sql.BasicExtractor   : extracted value ([fac_fech2_1_0_] : [TIMESTAMP]) - [2019-05-20 17:11:16.116]
2019-05-20 17:11:17.299 TRACE 6380 --- [    Test worker] o.h.type.descriptor.sql.BasicExtractor   : extracted value ([fac_fech3_1_0_] : [TIMESTAMP]) - [null]
2019-05-20 17:11:17.299 TRACE 6380 --- [    Test worker] o.h.type.descriptor.sql.BasicExtractor   : extracted value ([fac_valo4_1_0_] : [DOUBLE]) - [0.0]
2019-05-20 17:11:17.299 TRACE 6380 --- [    Test worker] o.h.type.descriptor.sql.BasicExtractor   : extracted value ([mov_plac5_1_0_] : [VARCHAR]) - [SWH-8]
2019-05-20 17:11:17.300 DEBUG 6380 --- [    Test worker] org.hibernate.SQL                        : select movilentit0_.mov_placa as mov_plac1_2_1_, movilentit0_.mov_cilindraje as mov_cili2_2_1_, movilentit0_.mov_tipo_movil as mov_tipo3_2_1_, facturasen1_.mov_placa as mov_plac5_1_3_, facturasen1_.facId as facId1_1_3_, facturasen1_.facId as facId1_1_0_, facturasen1_.fac_fecha_ingreso as fac_fech2_1_0_, facturasen1_.fac_fecha_salida as fac_fech3_1_0_, facturasen1_.fac_valor as fac_valo4_1_0_, facturasen1_.mov_placa as mov_plac5_1_0_ from movil movilentit0_ left outer join factura facturasen1_ on movilentit0_.mov_placa=facturasen1_.mov_placa where movilentit0_.mov_placa=?
Hibernate: select movilentit0_.mov_placa as mov_plac1_2_1_, movilentit0_.mov_cilindraje as mov_cili2_2_1_, movilentit0_.mov_tipo_movil as mov_tipo3_2_1_, facturasen1_.mov_placa as mov_plac5_1_3_, facturasen1_.facId as facId1_1_3_, facturasen1_.facId as facId1_1_0_, facturasen1_.fac_fecha_ingreso as fac_fech2_1_0_, facturasen1_.fac_fecha_salida as fac_fech3_1_0_, facturasen1_.fac_valor as fac_valo4_1_0_, facturasen1_.mov_placa as mov_plac5_1_0_ from movil movilentit0_ left outer join factura facturasen1_ on movilentit0_.mov_placa=facturasen1_.mov_placa where movilentit0_.mov_placa=?
2019-05-20 17:11:17.300 TRACE 6380 --- [    Test worker] o.h.type.descriptor.sql.BasicBinder      : binding parameter [1] as [VARCHAR] - [SWH-8]
2019-05-20 17:11:17.301 TRACE 6380 --- [    Test worker] o.h.type.descriptor.sql.BasicExtractor   : extracted value ([facId1_1_0_] : [INTEGER]) - [10]
2019-05-20 17:11:17.301 TRACE 6380 --- [    Test worker] o.h.type.descriptor.sql.BasicExtractor   : extracted value ([mov_cili2_2_1_] : [DOUBLE]) - [150.0]
2019-05-20 17:11:17.302 TRACE 6380 --- [    Test worker] o.h.type.descriptor.sql.BasicExtractor   : extracted value ([mov_tipo3_2_1_] : [VARCHAR]) - [MOTO]
2019-05-20 17:11:17.302 TRACE 6380 --- [    Test worker] o.h.type.descriptor.sql.BasicExtractor   : extracted value ([mov_plac5_1_3_] : [VARCHAR]) - [SWH-8]
2019-05-20 17:11:17.302 TRACE 6380 --- [    Test worker] o.h.type.descriptor.sql.BasicExtractor   : extracted value ([facId1_1_3_] : [INTEGER]) - [10]
2019-05-20 17:11:17.303 DEBUG 6380 --- [    Test worker] org.hibernate.SQL                        : update factura set fac_fecha_ingreso=?, fac_fecha_salida=?, fac_valor=?, mov_placa=? where facId=?
Hibernate: update factura set fac_fecha_ingreso=?, fac_fecha_salida=?, fac_valor=?, mov_placa=? where facId=?
2019-05-20 17:11:17.304 TRACE 6380 --- [    Test worker] o.h.type.descriptor.sql.BasicBinder      : binding parameter [1] as [TIMESTAMP] - [2019-05-20 17:11:16.116]
2019-05-20 17:11:17.304 TRACE 6380 --- [    Test worker] o.h.type.descriptor.sql.BasicBinder      : binding parameter [2] as [TIMESTAMP] - [Mon May 20 17:11:17 COT 2019]
2019-05-20 17:11:17.304 TRACE 6380 --- [    Test worker] o.h.type.descriptor.sql.BasicBinder      : binding parameter [3] as [DOUBLE] - [500.0]
2019-05-20 17:11:17.305 TRACE 6380 --- [    Test worker] o.h.type.descriptor.sql.BasicBinder      : binding parameter [4] as [VARCHAR] - [SWH-8]
2019-05-20 17:11:17.305 TRACE 6380 --- [    Test worker] o.h.type.descriptor.sql.BasicBinder      : binding parameter [5] as [INTEGER] - [10]
2019-05-20 17:11:17.307 DEBUG 6380 --- [    Test worker] org.hibernate.SQL                        : select movilentit0_.mov_placa as mov_plac1_2_0_, movilentit0_.mov_cilindraje as mov_cili2_2_0_, movilentit0_.mov_tipo_movil as mov_tipo3_2_0_ from movil movilentit0_ where movilentit0_.mov_placa=?
Hibernate: select movilentit0_.mov_placa as mov_plac1_2_0_, movilentit0_.mov_cilindraje as mov_cili2_2_0_, movilentit0_.mov_tipo_movil as mov_tipo3_2_0_ from movil movilentit0_ where movilentit0_.mov_placa=?
2019-05-20 17:11:17.308 TRACE 6380 --- [    Test worker] o.h.type.descriptor.sql.BasicBinder      : binding parameter [1] as [VARCHAR] - [SWH-9]
2019-05-20 17:11:17.309 TRACE 6380 --- [    Test worker] o.h.type.descriptor.sql.BasicExtractor   : extracted value ([mov_cili2_2_0_] : [DOUBLE]) - [150.0]
2019-05-20 17:11:17.309 TRACE 6380 --- [    Test worker] o.h.type.descriptor.sql.BasicExtractor   : extracted value ([mov_tipo3_2_0_] : [VARCHAR]) - [MOTO]
2019-05-20 17:11:17.309 TRACE 6380 --- [    Test worker] org.hibernate.type.CollectionType        : Created collection wrapper: [co.com.ceiba.ceibaestacionamiento.persistencia.entidades.MovilEntity.facturasEntity#SWH-9]
2019-05-20 17:11:17.311 DEBUG 6380 --- [    Test worker] org.hibernate.SQL                        : SELECT COUNT(*) FROM factura WHERE mov_placa = ? AND fac_fecha_salida IS NULL
Hibernate: SELECT COUNT(*) FROM factura WHERE mov_placa = ? AND fac_fecha_salida IS NULL
2019-05-20 17:11:17.311 TRACE 6380 --- [    Test worker] o.h.type.descriptor.sql.BasicBinder      : binding parameter [1] as [VARCHAR] - [SWH-9]
2019-05-20 17:11:17.312 TRACE 6380 --- [    Test worker] o.h.type.descriptor.sql.BasicExtractor   : extracted value ([COUNT(*)] : [NUMERIC]) - [1]
2019-05-20 17:11:17.313 DEBUG 6380 --- [    Test worker] org.hibernate.SQL                        : SELECT * FROM factura WHERE mov_placa = ? AND fac_fecha_salida IS NULL
Hibernate: SELECT * FROM factura WHERE mov_placa = ? AND fac_fecha_salida IS NULL
2019-05-20 17:11:17.314 TRACE 6380 --- [    Test worker] o.h.type.descriptor.sql.BasicBinder      : binding parameter [1] as [VARCHAR] - [SWH-9]
2019-05-20 17:11:17.315 TRACE 6380 --- [    Test worker] o.h.type.descriptor.sql.BasicExtractor   : extracted value ([facId] : [INTEGER]) - [11]
2019-05-20 17:11:17.315 TRACE 6380 --- [    Test worker] o.h.type.descriptor.sql.BasicExtractor   : extracted value ([fac_fecha_ingreso] : [TIMESTAMP]) - [2019-05-20 17:11:16.141]
2019-05-20 17:11:17.315 TRACE 6380 --- [    Test worker] o.h.type.descriptor.sql.BasicExtractor   : extracted value ([fac_fecha_salida] : [TIMESTAMP]) - [null]
2019-05-20 17:11:17.315 TRACE 6380 --- [    Test worker] o.h.type.descriptor.sql.BasicExtractor   : extracted value ([fac_valor] : [DOUBLE]) - [0.0]
2019-05-20 17:11:17.316 TRACE 6380 --- [    Test worker] o.h.type.descriptor.sql.BasicExtractor   : extracted value ([mov_placa] : [VARCHAR]) - [SWH-9]
2019-05-20 17:11:17.316 DEBUG 6380 --- [    Test worker] org.hibernate.SQL                        : select movilentit0_.mov_placa as mov_plac1_2_0_, movilentit0_.mov_cilindraje as mov_cili2_2_0_, movilentit0_.mov_tipo_movil as mov_tipo3_2_0_ from movil movilentit0_ where movilentit0_.mov_placa=?
Hibernate: select movilentit0_.mov_placa as mov_plac1_2_0_, movilentit0_.mov_cilindraje as mov_cili2_2_0_, movilentit0_.mov_tipo_movil as mov_tipo3_2_0_ from movil movilentit0_ where movilentit0_.mov_placa=?
2019-05-20 17:11:17.317 TRACE 6380 --- [    Test worker] o.h.type.descriptor.sql.BasicBinder      : binding parameter [1] as [VARCHAR] - [SWH-9]
2019-05-20 17:11:17.317 TRACE 6380 --- [    Test worker] o.h.type.descriptor.sql.BasicExtractor   : extracted value ([mov_cili2_2_0_] : [DOUBLE]) - [150.0]
2019-05-20 17:11:17.317 TRACE 6380 --- [    Test worker] o.h.type.descriptor.sql.BasicExtractor   : extracted value ([mov_tipo3_2_0_] : [VARCHAR]) - [MOTO]
2019-05-20 17:11:17.318 TRACE 6380 --- [    Test worker] org.hibernate.type.CollectionType        : Created collection wrapper: [co.com.ceiba.ceibaestacionamiento.persistencia.entidades.MovilEntity.facturasEntity#SWH-9]
2019-05-20 17:11:17.321 DEBUG 6380 --- [    Test worker] org.hibernate.SQL                        : SELECT * FROM costoestadia WHERE cos_tipo_movil = ? AND cos_tipo_pago = ? AND cos_tiempo_estadia = ?
Hibernate: SELECT * FROM costoestadia WHERE cos_tipo_movil = ? AND cos_tipo_pago = ? AND cos_tiempo_estadia = ?
2019-05-20 17:11:17.322 TRACE 6380 --- [    Test worker] o.h.type.descriptor.sql.BasicBinder      : binding parameter [1] as [VARCHAR] - [MOTO]
2019-05-20 17:11:17.322 TRACE 6380 --- [    Test worker] o.h.type.descriptor.sql.BasicBinder      : binding parameter [2] as [VARCHAR] - [NORMAL]
2019-05-20 17:11:17.322 TRACE 6380 --- [    Test worker] o.h.type.descriptor.sql.BasicBinder      : binding parameter [3] as [VARCHAR] - [DIA]
2019-05-20 17:11:17.323 TRACE 6380 --- [    Test worker] o.h.type.descriptor.sql.BasicExtractor   : extracted value ([cos_id] : [INTEGER]) - [3]
2019-05-20 17:11:17.323 TRACE 6380 --- [    Test worker] o.h.type.descriptor.sql.BasicExtractor   : extracted value ([cos_tiempo_estadia] : [VARCHAR]) - [DIA]
2019-05-20 17:11:17.323 TRACE 6380 --- [    Test worker] o.h.type.descriptor.sql.BasicExtractor   : extracted value ([cos_tipo_movil] : [VARCHAR]) - [MOTO]
2019-05-20 17:11:17.323 TRACE 6380 --- [    Test worker] o.h.type.descriptor.sql.BasicExtractor   : extracted value ([cos_tipo_pago] : [VARCHAR]) - [NORMAL]
2019-05-20 17:11:17.323 TRACE 6380 --- [    Test worker] o.h.type.descriptor.sql.BasicExtractor   : extracted value ([cos_valor] : [DOUBLE]) - [4000.0]
2019-05-20 17:11:17.325 DEBUG 6380 --- [    Test worker] org.hibernate.SQL                        : SELECT * FROM costoestadia WHERE cos_tipo_movil = ? AND cos_tipo_pago = ? AND cos_tiempo_estadia = ?
Hibernate: SELECT * FROM costoestadia WHERE cos_tipo_movil = ? AND cos_tipo_pago = ? AND cos_tiempo_estadia = ?
2019-05-20 17:11:17.326 TRACE 6380 --- [    Test worker] o.h.type.descriptor.sql.BasicBinder      : binding parameter [1] as [VARCHAR] - [MOTO]
2019-05-20 17:11:17.326 TRACE 6380 --- [    Test worker] o.h.type.descriptor.sql.BasicBinder      : binding parameter [2] as [VARCHAR] - [NORMAL]
2019-05-20 17:11:17.327 TRACE 6380 --- [    Test worker] o.h.type.descriptor.sql.BasicBinder      : binding parameter [3] as [VARCHAR] - [HORA]
2019-05-20 17:11:17.327 TRACE 6380 --- [    Test worker] o.h.type.descriptor.sql.BasicExtractor   : extracted value ([cos_id] : [INTEGER]) - [4]
2019-05-20 17:11:17.330 TRACE 6380 --- [    Test worker] o.h.type.descriptor.sql.BasicExtractor   : extracted value ([cos_tiempo_estadia] : [VARCHAR]) - [HORA]
2019-05-20 17:11:17.330 TRACE 6380 --- [    Test worker] o.h.type.descriptor.sql.BasicExtractor   : extracted value ([cos_tipo_movil] : [VARCHAR]) - [MOTO]
2019-05-20 17:11:17.330 TRACE 6380 --- [    Test worker] o.h.type.descriptor.sql.BasicExtractor   : extracted value ([cos_tipo_pago] : [VARCHAR]) - [NORMAL]
2019-05-20 17:11:17.331 TRACE 6380 --- [    Test worker] o.h.type.descriptor.sql.BasicExtractor   : extracted value ([cos_valor] : [DOUBLE]) - [500.0]
2019-05-20 17:11:17.332 DEBUG 6380 --- [    Test worker] org.hibernate.SQL                        : SELECT * FROM factura WHERE mov_placa = ? AND fac_fecha_salida IS NULL
Hibernate: SELECT * FROM factura WHERE mov_placa = ? AND fac_fecha_salida IS NULL
2019-05-20 17:11:17.333 TRACE 6380 --- [    Test worker] o.h.type.descriptor.sql.BasicBinder      : binding parameter [1] as [VARCHAR] - [SWH-9]
2019-05-20 17:11:17.334 TRACE 6380 --- [    Test worker] o.h.type.descriptor.sql.BasicExtractor   : extracted value ([facId] : [INTEGER]) - [11]
2019-05-20 17:11:17.334 TRACE 6380 --- [    Test worker] o.h.type.descriptor.sql.BasicExtractor   : extracted value ([fac_fecha_ingreso] : [TIMESTAMP]) - [2019-05-20 17:11:16.141]
2019-05-20 17:11:17.335 TRACE 6380 --- [    Test worker] o.h.type.descriptor.sql.BasicExtractor   : extracted value ([fac_fecha_salida] : [TIMESTAMP]) - [null]
2019-05-20 17:11:17.335 TRACE 6380 --- [    Test worker] o.h.type.descriptor.sql.BasicExtractor   : extracted value ([fac_valor] : [DOUBLE]) - [0.0]
2019-05-20 17:11:17.335 TRACE 6380 --- [    Test worker] o.h.type.descriptor.sql.BasicExtractor   : extracted value ([mov_placa] : [VARCHAR]) - [SWH-9]
2019-05-20 17:11:17.335 DEBUG 6380 --- [    Test worker] org.hibernate.SQL                        : select movilentit0_.mov_placa as mov_plac1_2_0_, movilentit0_.mov_cilindraje as mov_cili2_2_0_, movilentit0_.mov_tipo_movil as mov_tipo3_2_0_ from movil movilentit0_ where movilentit0_.mov_placa=?
Hibernate: select movilentit0_.mov_placa as mov_plac1_2_0_, movilentit0_.mov_cilindraje as mov_cili2_2_0_, movilentit0_.mov_tipo_movil as mov_tipo3_2_0_ from movil movilentit0_ where movilentit0_.mov_placa=?
2019-05-20 17:11:17.336 TRACE 6380 --- [    Test worker] o.h.type.descriptor.sql.BasicBinder      : binding parameter [1] as [VARCHAR] - [SWH-9]
2019-05-20 17:11:17.338 TRACE 6380 --- [    Test worker] o.h.type.descriptor.sql.BasicExtractor   : extracted value ([mov_cili2_2_0_] : [DOUBLE]) - [150.0]
2019-05-20 17:11:17.338 TRACE 6380 --- [    Test worker] o.h.type.descriptor.sql.BasicExtractor   : extracted value ([mov_tipo3_2_0_] : [VARCHAR]) - [MOTO]
2019-05-20 17:11:17.338 TRACE 6380 --- [    Test worker] org.hibernate.type.CollectionType        : Created collection wrapper: [co.com.ceiba.ceibaestacionamiento.persistencia.entidades.MovilEntity.facturasEntity#SWH-9]
2019-05-20 17:11:17.341 DEBUG 6380 --- [    Test worker] org.hibernate.SQL                        : select facturaent0_.facId as facId1_1_0_, facturaent0_.fac_fecha_ingreso as fac_fech2_1_0_, facturaent0_.fac_fecha_salida as fac_fech3_1_0_, facturaent0_.fac_valor as fac_valo4_1_0_, facturaent0_.mov_placa as mov_plac5_1_0_ from factura facturaent0_ where facturaent0_.facId=?
Hibernate: select facturaent0_.facId as facId1_1_0_, facturaent0_.fac_fecha_ingreso as fac_fech2_1_0_, facturaent0_.fac_fecha_salida as fac_fech3_1_0_, facturaent0_.fac_valor as fac_valo4_1_0_, facturaent0_.mov_placa as mov_plac5_1_0_ from factura facturaent0_ where facturaent0_.facId=?
2019-05-20 17:11:17.341 TRACE 6380 --- [    Test worker] o.h.type.descriptor.sql.BasicBinder      : binding parameter [1] as [INTEGER] - [11]
2019-05-20 17:11:17.342 TRACE 6380 --- [    Test worker] o.h.type.descriptor.sql.BasicExtractor   : extracted value ([fac_fech2_1_0_] : [TIMESTAMP]) - [2019-05-20 17:11:16.141]
2019-05-20 17:11:17.342 TRACE 6380 --- [    Test worker] o.h.type.descriptor.sql.BasicExtractor   : extracted value ([fac_fech3_1_0_] : [TIMESTAMP]) - [null]
2019-05-20 17:11:17.342 TRACE 6380 --- [    Test worker] o.h.type.descriptor.sql.BasicExtractor   : extracted value ([fac_valo4_1_0_] : [DOUBLE]) - [0.0]
2019-05-20 17:11:17.343 TRACE 6380 --- [    Test worker] o.h.type.descriptor.sql.BasicExtractor   : extracted value ([mov_plac5_1_0_] : [VARCHAR]) - [SWH-9]
2019-05-20 17:11:17.343 DEBUG 6380 --- [    Test worker] org.hibernate.SQL                        : select movilentit0_.mov_placa as mov_plac1_2_1_, movilentit0_.mov_cilindraje as mov_cili2_2_1_, movilentit0_.mov_tipo_movil as mov_tipo3_2_1_, facturasen1_.mov_placa as mov_plac5_1_3_, facturasen1_.facId as facId1_1_3_, facturasen1_.facId as facId1_1_0_, facturasen1_.fac_fecha_ingreso as fac_fech2_1_0_, facturasen1_.fac_fecha_salida as fac_fech3_1_0_, facturasen1_.fac_valor as fac_valo4_1_0_, facturasen1_.mov_placa as mov_plac5_1_0_ from movil movilentit0_ left outer join factura facturasen1_ on movilentit0_.mov_placa=facturasen1_.mov_placa where movilentit0_.mov_placa=?
Hibernate: select movilentit0_.mov_placa as mov_plac1_2_1_, movilentit0_.mov_cilindraje as mov_cili2_2_1_, movilentit0_.mov_tipo_movil as mov_tipo3_2_1_, facturasen1_.mov_placa as mov_plac5_1_3_, facturasen1_.facId as facId1_1_3_, facturasen1_.facId as facId1_1_0_, facturasen1_.fac_fecha_ingreso as fac_fech2_1_0_, facturasen1_.fac_fecha_salida as fac_fech3_1_0_, facturasen1_.fac_valor as fac_valo4_1_0_, facturasen1_.mov_placa as mov_plac5_1_0_ from movil movilentit0_ left outer join factura facturasen1_ on movilentit0_.mov_placa=facturasen1_.mov_placa where movilentit0_.mov_placa=?
2019-05-20 17:11:17.343 TRACE 6380 --- [    Test worker] o.h.type.descriptor.sql.BasicBinder      : binding parameter [1] as [VARCHAR] - [SWH-9]
2019-05-20 17:11:17.344 TRACE 6380 --- [    Test worker] o.h.type.descriptor.sql.BasicExtractor   : extracted value ([facId1_1_0_] : [INTEGER]) - [11]
2019-05-20 17:11:17.344 TRACE 6380 --- [    Test worker] o.h.type.descriptor.sql.BasicExtractor   : extracted value ([mov_cili2_2_1_] : [DOUBLE]) - [150.0]
2019-05-20 17:11:17.344 TRACE 6380 --- [    Test worker] o.h.type.descriptor.sql.BasicExtractor   : extracted value ([mov_tipo3_2_1_] : [VARCHAR]) - [MOTO]
2019-05-20 17:11:17.344 TRACE 6380 --- [    Test worker] o.h.type.descriptor.sql.BasicExtractor   : extracted value ([mov_plac5_1_3_] : [VARCHAR]) - [SWH-9]
2019-05-20 17:11:17.345 TRACE 6380 --- [    Test worker] o.h.type.descriptor.sql.BasicExtractor   : extracted value ([facId1_1_3_] : [INTEGER]) - [11]
2019-05-20 17:11:17.348 DEBUG 6380 --- [    Test worker] org.hibernate.SQL                        : update factura set fac_fecha_ingreso=?, fac_fecha_salida=?, fac_valor=?, mov_placa=? where facId=?
Hibernate: update factura set fac_fecha_ingreso=?, fac_fecha_salida=?, fac_valor=?, mov_placa=? where facId=?
2019-05-20 17:11:17.348 TRACE 6380 --- [    Test worker] o.h.type.descriptor.sql.BasicBinder      : binding parameter [1] as [TIMESTAMP] - [2019-05-20 17:11:16.141]
2019-05-20 17:11:17.349 TRACE 6380 --- [    Test worker] o.h.type.descriptor.sql.BasicBinder      : binding parameter [2] as [TIMESTAMP] - [Mon May 20 17:11:17 COT 2019]
2019-05-20 17:11:17.350 TRACE 6380 --- [    Test worker] o.h.type.descriptor.sql.BasicBinder      : binding parameter [3] as [DOUBLE] - [500.0]
2019-05-20 17:11:17.350 TRACE 6380 --- [    Test worker] o.h.type.descriptor.sql.BasicBinder      : binding parameter [4] as [VARCHAR] - [SWH-9]
2019-05-20 17:11:17.350 TRACE 6380 --- [    Test worker] o.h.type.descriptor.sql.BasicBinder      : binding parameter [5] as [INTEGER] - [11]
2019-05-20 17:11:17.352 DEBUG 6380 --- [    Test worker] org.hibernate.SQL                        : SELECT COUNT(*) FROM factura JOIN movil ON factura.mov_placa = movil.mov_placa WHERE movil.mov_tipo_movil = ? AND factura.fac_fecha_salida IS NULL
Hibernate: SELECT COUNT(*) FROM factura JOIN movil ON factura.mov_placa = movil.mov_placa WHERE movil.mov_tipo_movil = ? AND factura.fac_fecha_salida IS NULL
2019-05-20 17:11:17.363 TRACE 6380 --- [    Test worker] o.h.type.descriptor.sql.BasicBinder      : binding parameter [1] as [VARCHAR] - [MOTO]
2019-05-20 17:11:17.363 TRACE 6380 --- [    Test worker] o.h.type.descriptor.sql.BasicExtractor   : extracted value ([COUNT(*)] : [NUMERIC]) - [0]
2019-05-20 17:11:17.378 DEBUG 6380 --- [    Test worker] org.hibernate.SQL                        : select movilentit0_.mov_placa as mov_plac1_2_0_, movilentit0_.mov_cilindraje as mov_cili2_2_0_, movilentit0_.mov_tipo_movil as mov_tipo3_2_0_ from movil movilentit0_ where movilentit0_.mov_placa=?
Hibernate: select movilentit0_.mov_placa as mov_plac1_2_0_, movilentit0_.mov_cilindraje as mov_cili2_2_0_, movilentit0_.mov_tipo_movil as mov_tipo3_2_0_ from movil movilentit0_ where movilentit0_.mov_placa=?
2019-05-20 17:11:17.379 TRACE 6380 --- [    Test worker] o.h.type.descriptor.sql.BasicBinder      : binding parameter [1] as [VARCHAR] - [VBN-0]
2019-05-20 17:11:17.380 TRACE 6380 --- [    Test worker] o.h.type.descriptor.sql.BasicExtractor   : extracted value ([mov_cili2_2_0_] : [DOUBLE]) - [-1.0]
2019-05-20 17:11:17.380 TRACE 6380 --- [    Test worker] o.h.type.descriptor.sql.BasicExtractor   : extracted value ([mov_tipo3_2_0_] : [VARCHAR]) - [CARRO]
2019-05-20 17:11:17.380 TRACE 6380 --- [    Test worker] org.hibernate.type.CollectionType        : Created collection wrapper: [co.com.ceiba.ceibaestacionamiento.persistencia.entidades.MovilEntity.facturasEntity#VBN-0]
2019-05-20 17:11:17.384 DEBUG 6380 --- [    Test worker] org.hibernate.SQL                        : SELECT COUNT(*) FROM factura WHERE mov_placa = ? AND fac_fecha_salida IS NULL
Hibernate: SELECT COUNT(*) FROM factura WHERE mov_placa = ? AND fac_fecha_salida IS NULL
2019-05-20 17:11:17.385 TRACE 6380 --- [    Test worker] o.h.type.descriptor.sql.BasicBinder      : binding parameter [1] as [VARCHAR] - [VBN-0]
2019-05-20 17:11:17.385 TRACE 6380 --- [    Test worker] o.h.type.descriptor.sql.BasicExtractor   : extracted value ([COUNT(*)] : [NUMERIC]) - [1]
2019-05-20 17:11:17.390 DEBUG 6380 --- [    Test worker] org.hibernate.SQL                        : SELECT * FROM factura WHERE mov_placa = ? AND fac_fecha_salida IS NULL
Hibernate: SELECT * FROM factura WHERE mov_placa = ? AND fac_fecha_salida IS NULL
2019-05-20 17:11:17.391 TRACE 6380 --- [    Test worker] o.h.type.descriptor.sql.BasicBinder      : binding parameter [1] as [VARCHAR] - [VBN-0]
2019-05-20 17:11:17.391 TRACE 6380 --- [    Test worker] o.h.type.descriptor.sql.BasicExtractor   : extracted value ([facId] : [INTEGER]) - [12]
2019-05-20 17:11:17.392 TRACE 6380 --- [    Test worker] o.h.type.descriptor.sql.BasicExtractor   : extracted value ([fac_fecha_ingreso] : [TIMESTAMP]) - [2019-05-20 17:11:16.191]
2019-05-20 17:11:17.392 TRACE 6380 --- [    Test worker] o.h.type.descriptor.sql.BasicExtractor   : extracted value ([fac_fecha_salida] : [TIMESTAMP]) - [null]
2019-05-20 17:11:17.392 TRACE 6380 --- [    Test worker] o.h.type.descriptor.sql.BasicExtractor   : extracted value ([fac_valor] : [DOUBLE]) - [0.0]
2019-05-20 17:11:17.392 TRACE 6380 --- [    Test worker] o.h.type.descriptor.sql.BasicExtractor   : extracted value ([mov_placa] : [VARCHAR]) - [VBN-0]
2019-05-20 17:11:17.392 DEBUG 6380 --- [    Test worker] org.hibernate.SQL                        : select movilentit0_.mov_placa as mov_plac1_2_0_, movilentit0_.mov_cilindraje as mov_cili2_2_0_, movilentit0_.mov_tipo_movil as mov_tipo3_2_0_ from movil movilentit0_ where movilentit0_.mov_placa=?
Hibernate: select movilentit0_.mov_placa as mov_plac1_2_0_, movilentit0_.mov_cilindraje as mov_cili2_2_0_, movilentit0_.mov_tipo_movil as mov_tipo3_2_0_ from movil movilentit0_ where movilentit0_.mov_placa=?
2019-05-20 17:11:17.392 TRACE 6380 --- [    Test worker] o.h.type.descriptor.sql.BasicBinder      : binding parameter [1] as [VARCHAR] - [VBN-0]
2019-05-20 17:11:17.393 TRACE 6380 --- [    Test worker] o.h.type.descriptor.sql.BasicExtractor   : extracted value ([mov_cili2_2_0_] : [DOUBLE]) - [-1.0]
2019-05-20 17:11:17.393 TRACE 6380 --- [    Test worker] o.h.type.descriptor.sql.BasicExtractor   : extracted value ([mov_tipo3_2_0_] : [VARCHAR]) - [CARRO]
2019-05-20 17:11:17.393 TRACE 6380 --- [    Test worker] org.hibernate.type.CollectionType        : Created collection wrapper: [co.com.ceiba.ceibaestacionamiento.persistencia.entidades.MovilEntity.facturasEntity#VBN-0]
2019-05-20 17:11:17.395 DEBUG 6380 --- [    Test worker] org.hibernate.SQL                        : SELECT * FROM costoestadia WHERE cos_tipo_movil = ? AND cos_tipo_pago = ? AND cos_tiempo_estadia = ?
Hibernate: SELECT * FROM costoestadia WHERE cos_tipo_movil = ? AND cos_tipo_pago = ? AND cos_tiempo_estadia = ?
2019-05-20 17:11:17.396 TRACE 6380 --- [    Test worker] o.h.type.descriptor.sql.BasicBinder      : binding parameter [1] as [VARCHAR] - [CARRO]
2019-05-20 17:11:17.396 TRACE 6380 --- [    Test worker] o.h.type.descriptor.sql.BasicBinder      : binding parameter [2] as [VARCHAR] - [NORMAL]
2019-05-20 17:11:17.396 TRACE 6380 --- [    Test worker] o.h.type.descriptor.sql.BasicBinder      : binding parameter [3] as [VARCHAR] - [DIA]
2019-05-20 17:11:17.396 TRACE 6380 --- [    Test worker] o.h.type.descriptor.sql.BasicExtractor   : extracted value ([cos_id] : [INTEGER]) - [1]
2019-05-20 17:11:17.396 TRACE 6380 --- [    Test worker] o.h.type.descriptor.sql.BasicExtractor   : extracted value ([cos_tiempo_estadia] : [VARCHAR]) - [DIA]
2019-05-20 17:11:17.396 TRACE 6380 --- [    Test worker] o.h.type.descriptor.sql.BasicExtractor   : extracted value ([cos_tipo_movil] : [VARCHAR]) - [CARRO]
2019-05-20 17:11:17.396 TRACE 6380 --- [    Test worker] o.h.type.descriptor.sql.BasicExtractor   : extracted value ([cos_tipo_pago] : [VARCHAR]) - [NORMAL]
2019-05-20 17:11:17.397 TRACE 6380 --- [    Test worker] o.h.type.descriptor.sql.BasicExtractor   : extracted value ([cos_valor] : [DOUBLE]) - [8000.0]
2019-05-20 17:11:17.399 DEBUG 6380 --- [    Test worker] org.hibernate.SQL                        : SELECT * FROM costoestadia WHERE cos_tipo_movil = ? AND cos_tipo_pago = ? AND cos_tiempo_estadia = ?
Hibernate: SELECT * FROM costoestadia WHERE cos_tipo_movil = ? AND cos_tipo_pago = ? AND cos_tiempo_estadia = ?
2019-05-20 17:11:17.400 TRACE 6380 --- [    Test worker] o.h.type.descriptor.sql.BasicBinder      : binding parameter [1] as [VARCHAR] - [CARRO]
2019-05-20 17:11:17.400 TRACE 6380 --- [    Test worker] o.h.type.descriptor.sql.BasicBinder      : binding parameter [2] as [VARCHAR] - [NORMAL]
2019-05-20 17:11:17.400 TRACE 6380 --- [    Test worker] o.h.type.descriptor.sql.BasicBinder      : binding parameter [3] as [VARCHAR] - [HORA]
2019-05-20 17:11:17.400 TRACE 6380 --- [    Test worker] o.h.type.descriptor.sql.BasicExtractor   : extracted value ([cos_id] : [INTEGER]) - [2]
2019-05-20 17:11:17.400 TRACE 6380 --- [    Test worker] o.h.type.descriptor.sql.BasicExtractor   : extracted value ([cos_tiempo_estadia] : [VARCHAR]) - [HORA]
2019-05-20 17:11:17.400 TRACE 6380 --- [    Test worker] o.h.type.descriptor.sql.BasicExtractor   : extracted value ([cos_tipo_movil] : [VARCHAR]) - [CARRO]
2019-05-20 17:11:17.400 TRACE 6380 --- [    Test worker] o.h.type.descriptor.sql.BasicExtractor   : extracted value ([cos_tipo_pago] : [VARCHAR]) - [NORMAL]
2019-05-20 17:11:17.400 TRACE 6380 --- [    Test worker] o.h.type.descriptor.sql.BasicExtractor   : extracted value ([cos_valor] : [DOUBLE]) - [1000.0]
2019-05-20 17:11:17.402 DEBUG 6380 --- [    Test worker] org.hibernate.SQL                        : SELECT * FROM factura WHERE mov_placa = ? AND fac_fecha_salida IS NULL
Hibernate: SELECT * FROM factura WHERE mov_placa = ? AND fac_fecha_salida IS NULL
2019-05-20 17:11:17.403 TRACE 6380 --- [    Test worker] o.h.type.descriptor.sql.BasicBinder      : binding parameter [1] as [VARCHAR] - [VBN-0]
2019-05-20 17:11:17.403 TRACE 6380 --- [    Test worker] o.h.type.descriptor.sql.BasicExtractor   : extracted value ([facId] : [INTEGER]) - [12]
2019-05-20 17:11:17.403 TRACE 6380 --- [    Test worker] o.h.type.descriptor.sql.BasicExtractor   : extracted value ([fac_fecha_ingreso] : [TIMESTAMP]) - [2019-05-20 17:11:16.191]
2019-05-20 17:11:17.403 TRACE 6380 --- [    Test worker] o.h.type.descriptor.sql.BasicExtractor   : extracted value ([fac_fecha_salida] : [TIMESTAMP]) - [null]
2019-05-20 17:11:17.404 TRACE 6380 --- [    Test worker] o.h.type.descriptor.sql.BasicExtractor   : extracted value ([fac_valor] : [DOUBLE]) - [0.0]
2019-05-20 17:11:17.404 TRACE 6380 --- [    Test worker] o.h.type.descriptor.sql.BasicExtractor   : extracted value ([mov_placa] : [VARCHAR]) - [VBN-0]
2019-05-20 17:11:17.404 DEBUG 6380 --- [    Test worker] org.hibernate.SQL                        : select movilentit0_.mov_placa as mov_plac1_2_0_, movilentit0_.mov_cilindraje as mov_cili2_2_0_, movilentit0_.mov_tipo_movil as mov_tipo3_2_0_ from movil movilentit0_ where movilentit0_.mov_placa=?
Hibernate: select movilentit0_.mov_placa as mov_plac1_2_0_, movilentit0_.mov_cilindraje as mov_cili2_2_0_, movilentit0_.mov_tipo_movil as mov_tipo3_2_0_ from movil movilentit0_ where movilentit0_.mov_placa=?
2019-05-20 17:11:17.404 TRACE 6380 --- [    Test worker] o.h.type.descriptor.sql.BasicBinder      : binding parameter [1] as [VARCHAR] - [VBN-0]
2019-05-20 17:11:17.404 TRACE 6380 --- [    Test worker] o.h.type.descriptor.sql.BasicExtractor   : extracted value ([mov_cili2_2_0_] : [DOUBLE]) - [-1.0]
2019-05-20 17:11:17.404 TRACE 6380 --- [    Test worker] o.h.type.descriptor.sql.BasicExtractor   : extracted value ([mov_tipo3_2_0_] : [VARCHAR]) - [CARRO]
2019-05-20 17:11:17.405 TRACE 6380 --- [    Test worker] org.hibernate.type.CollectionType        : Created collection wrapper: [co.com.ceiba.ceibaestacionamiento.persistencia.entidades.MovilEntity.facturasEntity#VBN-0]
2019-05-20 17:11:17.407 DEBUG 6380 --- [    Test worker] org.hibernate.SQL                        : select facturaent0_.facId as facId1_1_0_, facturaent0_.fac_fecha_ingreso as fac_fech2_1_0_, facturaent0_.fac_fecha_salida as fac_fech3_1_0_, facturaent0_.fac_valor as fac_valo4_1_0_, facturaent0_.mov_placa as mov_plac5_1_0_ from factura facturaent0_ where facturaent0_.facId=?
Hibernate: select facturaent0_.facId as facId1_1_0_, facturaent0_.fac_fecha_ingreso as fac_fech2_1_0_, facturaent0_.fac_fecha_salida as fac_fech3_1_0_, facturaent0_.fac_valor as fac_valo4_1_0_, facturaent0_.mov_placa as mov_plac5_1_0_ from factura facturaent0_ where facturaent0_.facId=?
2019-05-20 17:11:17.407 TRACE 6380 --- [    Test worker] o.h.type.descriptor.sql.BasicBinder      : binding parameter [1] as [INTEGER] - [12]
2019-05-20 17:11:17.407 TRACE 6380 --- [    Test worker] o.h.type.descriptor.sql.BasicExtractor   : extracted value ([fac_fech2_1_0_] : [TIMESTAMP]) - [2019-05-20 17:11:16.191]
2019-05-20 17:11:17.407 TRACE 6380 --- [    Test worker] o.h.type.descriptor.sql.BasicExtractor   : extracted value ([fac_fech3_1_0_] : [TIMESTAMP]) - [null]
2019-05-20 17:11:17.408 TRACE 6380 --- [    Test worker] o.h.type.descriptor.sql.BasicExtractor   : extracted value ([fac_valo4_1_0_] : [DOUBLE]) - [0.0]
2019-05-20 17:11:17.408 TRACE 6380 --- [    Test worker] o.h.type.descriptor.sql.BasicExtractor   : extracted value ([mov_plac5_1_0_] : [VARCHAR]) - [VBN-0]
2019-05-20 17:11:17.408 DEBUG 6380 --- [    Test worker] org.hibernate.SQL                        : select movilentit0_.mov_placa as mov_plac1_2_1_, movilentit0_.mov_cilindraje as mov_cili2_2_1_, movilentit0_.mov_tipo_movil as mov_tipo3_2_1_, facturasen1_.mov_placa as mov_plac5_1_3_, facturasen1_.facId as facId1_1_3_, facturasen1_.facId as facId1_1_0_, facturasen1_.fac_fecha_ingreso as fac_fech2_1_0_, facturasen1_.fac_fecha_salida as fac_fech3_1_0_, facturasen1_.fac_valor as fac_valo4_1_0_, facturasen1_.mov_placa as mov_plac5_1_0_ from movil movilentit0_ left outer join factura facturasen1_ on movilentit0_.mov_placa=facturasen1_.mov_placa where movilentit0_.mov_placa=?
Hibernate: select movilentit0_.mov_placa as mov_plac1_2_1_, movilentit0_.mov_cilindraje as mov_cili2_2_1_, movilentit0_.mov_tipo_movil as mov_tipo3_2_1_, facturasen1_.mov_placa as mov_plac5_1_3_, facturasen1_.facId as facId1_1_3_, facturasen1_.facId as facId1_1_0_, facturasen1_.fac_fecha_ingreso as fac_fech2_1_0_, facturasen1_.fac_fecha_salida as fac_fech3_1_0_, facturasen1_.fac_valor as fac_valo4_1_0_, facturasen1_.mov_placa as mov_plac5_1_0_ from movil movilentit0_ left outer join factura facturasen1_ on movilentit0_.mov_placa=facturasen1_.mov_placa where movilentit0_.mov_placa=?
2019-05-20 17:11:17.408 TRACE 6380 --- [    Test worker] o.h.type.descriptor.sql.BasicBinder      : binding parameter [1] as [VARCHAR] - [VBN-0]
2019-05-20 17:11:17.408 TRACE 6380 --- [    Test worker] o.h.type.descriptor.sql.BasicExtractor   : extracted value ([facId1_1_0_] : [INTEGER]) - [12]
2019-05-20 17:11:17.408 TRACE 6380 --- [    Test worker] o.h.type.descriptor.sql.BasicExtractor   : extracted value ([mov_cili2_2_1_] : [DOUBLE]) - [-1.0]
2019-05-20 17:11:17.408 TRACE 6380 --- [    Test worker] o.h.type.descriptor.sql.BasicExtractor   : extracted value ([mov_tipo3_2_1_] : [VARCHAR]) - [CARRO]
2019-05-20 17:11:17.409 TRACE 6380 --- [    Test worker] o.h.type.descriptor.sql.BasicExtractor   : extracted value ([mov_plac5_1_3_] : [VARCHAR]) - [VBN-0]
2019-05-20 17:11:17.409 TRACE 6380 --- [    Test worker] o.h.type.descriptor.sql.BasicExtractor   : extracted value ([facId1_1_3_] : [INTEGER]) - [12]
2019-05-20 17:11:17.410 DEBUG 6380 --- [    Test worker] org.hibernate.SQL                        : update factura set fac_fecha_ingreso=?, fac_fecha_salida=?, fac_valor=?, mov_placa=? where facId=?
Hibernate: update factura set fac_fecha_ingreso=?, fac_fecha_salida=?, fac_valor=?, mov_placa=? where facId=?
2019-05-20 17:11:17.410 TRACE 6380 --- [    Test worker] o.h.type.descriptor.sql.BasicBinder      : binding parameter [1] as [TIMESTAMP] - [2019-05-20 17:11:16.191]
2019-05-20 17:11:17.411 TRACE 6380 --- [    Test worker] o.h.type.descriptor.sql.BasicBinder      : binding parameter [2] as [TIMESTAMP] - [Mon May 20 17:11:17 COT 2019]
2019-05-20 17:11:17.411 TRACE 6380 --- [    Test worker] o.h.type.descriptor.sql.BasicBinder      : binding parameter [3] as [DOUBLE] - [1000.0]
2019-05-20 17:11:17.411 TRACE 6380 --- [    Test worker] o.h.type.descriptor.sql.BasicBinder      : binding parameter [4] as [VARCHAR] - [VBN-0]
2019-05-20 17:11:17.411 TRACE 6380 --- [    Test worker] o.h.type.descriptor.sql.BasicBinder      : binding parameter [5] as [INTEGER] - [12]
2019-05-20 17:11:17.412 DEBUG 6380 --- [    Test worker] org.hibernate.SQL                        : select movilentit0_.mov_placa as mov_plac1_2_0_, movilentit0_.mov_cilindraje as mov_cili2_2_0_, movilentit0_.mov_tipo_movil as mov_tipo3_2_0_ from movil movilentit0_ where movilentit0_.mov_placa=?
Hibernate: select movilentit0_.mov_placa as mov_plac1_2_0_, movilentit0_.mov_cilindraje as mov_cili2_2_0_, movilentit0_.mov_tipo_movil as mov_tipo3_2_0_ from movil movilentit0_ where movilentit0_.mov_placa=?
2019-05-20 17:11:17.412 TRACE 6380 --- [    Test worker] o.h.type.descriptor.sql.BasicBinder      : binding parameter [1] as [VARCHAR] - [VBN-1]
2019-05-20 17:11:17.413 TRACE 6380 --- [    Test worker] o.h.type.descriptor.sql.BasicExtractor   : extracted value ([mov_cili2_2_0_] : [DOUBLE]) - [-1.0]
2019-05-20 17:11:17.413 TRACE 6380 --- [    Test worker] o.h.type.descriptor.sql.BasicExtractor   : extracted value ([mov_tipo3_2_0_] : [VARCHAR]) - [CARRO]
2019-05-20 17:11:17.413 TRACE 6380 --- [    Test worker] org.hibernate.type.CollectionType        : Created collection wrapper: [co.com.ceiba.ceibaestacionamiento.persistencia.entidades.MovilEntity.facturasEntity#VBN-1]
2019-05-20 17:11:17.415 DEBUG 6380 --- [    Test worker] org.hibernate.SQL                        : SELECT COUNT(*) FROM factura WHERE mov_placa = ? AND fac_fecha_salida IS NULL
Hibernate: SELECT COUNT(*) FROM factura WHERE mov_placa = ? AND fac_fecha_salida IS NULL
2019-05-20 17:11:17.416 TRACE 6380 --- [    Test worker] o.h.type.descriptor.sql.BasicBinder      : binding parameter [1] as [VARCHAR] - [VBN-1]
2019-05-20 17:11:17.416 TRACE 6380 --- [    Test worker] o.h.type.descriptor.sql.BasicExtractor   : extracted value ([COUNT(*)] : [NUMERIC]) - [1]
2019-05-20 17:11:17.418 DEBUG 6380 --- [    Test worker] org.hibernate.SQL                        : SELECT * FROM factura WHERE mov_placa = ? AND fac_fecha_salida IS NULL
Hibernate: SELECT * FROM factura WHERE mov_placa = ? AND fac_fecha_salida IS NULL
2019-05-20 17:11:17.419 TRACE 6380 --- [    Test worker] o.h.type.descriptor.sql.BasicBinder      : binding parameter [1] as [VARCHAR] - [VBN-1]
2019-05-20 17:11:17.419 TRACE 6380 --- [    Test worker] o.h.type.descriptor.sql.BasicExtractor   : extracted value ([facId] : [INTEGER]) - [13]
2019-05-20 17:11:17.420 TRACE 6380 --- [    Test worker] o.h.type.descriptor.sql.BasicExtractor   : extracted value ([fac_fecha_ingreso] : [TIMESTAMP]) - [2019-05-20 17:11:16.222]
2019-05-20 17:11:17.420 TRACE 6380 --- [    Test worker] o.h.type.descriptor.sql.BasicExtractor   : extracted value ([fac_fecha_salida] : [TIMESTAMP]) - [null]
2019-05-20 17:11:17.420 TRACE 6380 --- [    Test worker] o.h.type.descriptor.sql.BasicExtractor   : extracted value ([fac_valor] : [DOUBLE]) - [0.0]
2019-05-20 17:11:17.420 TRACE 6380 --- [    Test worker] o.h.type.descriptor.sql.BasicExtractor   : extracted value ([mov_placa] : [VARCHAR]) - [VBN-1]
2019-05-20 17:11:17.420 DEBUG 6380 --- [    Test worker] org.hibernate.SQL                        : select movilentit0_.mov_placa as mov_plac1_2_0_, movilentit0_.mov_cilindraje as mov_cili2_2_0_, movilentit0_.mov_tipo_movil as mov_tipo3_2_0_ from movil movilentit0_ where movilentit0_.mov_placa=?
Hibernate: select movilentit0_.mov_placa as mov_plac1_2_0_, movilentit0_.mov_cilindraje as mov_cili2_2_0_, movilentit0_.mov_tipo_movil as mov_tipo3_2_0_ from movil movilentit0_ where movilentit0_.mov_placa=?
2019-05-20 17:11:17.420 TRACE 6380 --- [    Test worker] o.h.type.descriptor.sql.BasicBinder      : binding parameter [1] as [VARCHAR] - [VBN-1]
2019-05-20 17:11:17.420 TRACE 6380 --- [    Test worker] o.h.type.descriptor.sql.BasicExtractor   : extracted value ([mov_cili2_2_0_] : [DOUBLE]) - [-1.0]
2019-05-20 17:11:17.420 TRACE 6380 --- [    Test worker] o.h.type.descriptor.sql.BasicExtractor   : extracted value ([mov_tipo3_2_0_] : [VARCHAR]) - [CARRO]
2019-05-20 17:11:17.421 TRACE 6380 --- [    Test worker] org.hibernate.type.CollectionType        : Created collection wrapper: [co.com.ceiba.ceibaestacionamiento.persistencia.entidades.MovilEntity.facturasEntity#VBN-1]
2019-05-20 17:11:17.422 DEBUG 6380 --- [    Test worker] org.hibernate.SQL                        : SELECT * FROM costoestadia WHERE cos_tipo_movil = ? AND cos_tipo_pago = ? AND cos_tiempo_estadia = ?
Hibernate: SELECT * FROM costoestadia WHERE cos_tipo_movil = ? AND cos_tipo_pago = ? AND cos_tiempo_estadia = ?
2019-05-20 17:11:17.423 TRACE 6380 --- [    Test worker] o.h.type.descriptor.sql.BasicBinder      : binding parameter [1] as [VARCHAR] - [CARRO]
2019-05-20 17:11:17.423 TRACE 6380 --- [    Test worker] o.h.type.descriptor.sql.BasicBinder      : binding parameter [2] as [VARCHAR] - [NORMAL]
2019-05-20 17:11:17.423 TRACE 6380 --- [    Test worker] o.h.type.descriptor.sql.BasicBinder      : binding parameter [3] as [VARCHAR] - [DIA]
2019-05-20 17:11:17.424 TRACE 6380 --- [    Test worker] o.h.type.descriptor.sql.BasicExtractor   : extracted value ([cos_id] : [INTEGER]) - [1]
2019-05-20 17:11:17.424 TRACE 6380 --- [    Test worker] o.h.type.descriptor.sql.BasicExtractor   : extracted value ([cos_tiempo_estadia] : [VARCHAR]) - [DIA]
2019-05-20 17:11:17.424 TRACE 6380 --- [    Test worker] o.h.type.descriptor.sql.BasicExtractor   : extracted value ([cos_tipo_movil] : [VARCHAR]) - [CARRO]
2019-05-20 17:11:17.424 TRACE 6380 --- [    Test worker] o.h.type.descriptor.sql.BasicExtractor   : extracted value ([cos_tipo_pago] : [VARCHAR]) - [NORMAL]
2019-05-20 17:11:17.424 TRACE 6380 --- [    Test worker] o.h.type.descriptor.sql.BasicExtractor   : extracted value ([cos_valor] : [DOUBLE]) - [8000.0]
2019-05-20 17:11:17.426 DEBUG 6380 --- [    Test worker] org.hibernate.SQL                        : SELECT * FROM costoestadia WHERE cos_tipo_movil = ? AND cos_tipo_pago = ? AND cos_tiempo_estadia = ?
Hibernate: SELECT * FROM costoestadia WHERE cos_tipo_movil = ? AND cos_tipo_pago = ? AND cos_tiempo_estadia = ?
2019-05-20 17:11:17.427 TRACE 6380 --- [    Test worker] o.h.type.descriptor.sql.BasicBinder      : binding parameter [1] as [VARCHAR] - [CARRO]
2019-05-20 17:11:17.427 TRACE 6380 --- [    Test worker] o.h.type.descriptor.sql.BasicBinder      : binding parameter [2] as [VARCHAR] - [NORMAL]
2019-05-20 17:11:17.427 TRACE 6380 --- [    Test worker] o.h.type.descriptor.sql.BasicBinder      : binding parameter [3] as [VARCHAR] - [HORA]
2019-05-20 17:11:17.428 TRACE 6380 --- [    Test worker] o.h.type.descriptor.sql.BasicExtractor   : extracted value ([cos_id] : [INTEGER]) - [2]
2019-05-20 17:11:17.428 TRACE 6380 --- [    Test worker] o.h.type.descriptor.sql.BasicExtractor   : extracted value ([cos_tiempo_estadia] : [VARCHAR]) - [HORA]
2019-05-20 17:11:17.428 TRACE 6380 --- [    Test worker] o.h.type.descriptor.sql.BasicExtractor   : extracted value ([cos_tipo_movil] : [VARCHAR]) - [CARRO]
2019-05-20 17:11:17.428 TRACE 6380 --- [    Test worker] o.h.type.descriptor.sql.BasicExtractor   : extracted value ([cos_tipo_pago] : [VARCHAR]) - [NORMAL]
2019-05-20 17:11:17.428 TRACE 6380 --- [    Test worker] o.h.type.descriptor.sql.BasicExtractor   : extracted value ([cos_valor] : [DOUBLE]) - [1000.0]
2019-05-20 17:11:17.430 DEBUG 6380 --- [    Test worker] org.hibernate.SQL                        : SELECT * FROM factura WHERE mov_placa = ? AND fac_fecha_salida IS NULL
Hibernate: SELECT * FROM factura WHERE mov_placa = ? AND fac_fecha_salida IS NULL
2019-05-20 17:11:17.431 TRACE 6380 --- [    Test worker] o.h.type.descriptor.sql.BasicBinder      : binding parameter [1] as [VARCHAR] - [VBN-1]
2019-05-20 17:11:17.431 TRACE 6380 --- [    Test worker] o.h.type.descriptor.sql.BasicExtractor   : extracted value ([facId] : [INTEGER]) - [13]
2019-05-20 17:11:17.432 TRACE 6380 --- [    Test worker] o.h.type.descriptor.sql.BasicExtractor   : extracted value ([fac_fecha_ingreso] : [TIMESTAMP]) - [2019-05-20 17:11:16.222]
2019-05-20 17:11:17.432 TRACE 6380 --- [    Test worker] o.h.type.descriptor.sql.BasicExtractor   : extracted value ([fac_fecha_salida] : [TIMESTAMP]) - [null]
2019-05-20 17:11:17.432 TRACE 6380 --- [    Test worker] o.h.type.descriptor.sql.BasicExtractor   : extracted value ([fac_valor] : [DOUBLE]) - [0.0]
2019-05-20 17:11:17.432 TRACE 6380 --- [    Test worker] o.h.type.descriptor.sql.BasicExtractor   : extracted value ([mov_placa] : [VARCHAR]) - [VBN-1]
2019-05-20 17:11:17.432 DEBUG 6380 --- [    Test worker] org.hibernate.SQL                        : select movilentit0_.mov_placa as mov_plac1_2_0_, movilentit0_.mov_cilindraje as mov_cili2_2_0_, movilentit0_.mov_tipo_movil as mov_tipo3_2_0_ from movil movilentit0_ where movilentit0_.mov_placa=?
Hibernate: select movilentit0_.mov_placa as mov_plac1_2_0_, movilentit0_.mov_cilindraje as mov_cili2_2_0_, movilentit0_.mov_tipo_movil as mov_tipo3_2_0_ from movil movilentit0_ where movilentit0_.mov_placa=?
2019-05-20 17:11:17.432 TRACE 6380 --- [    Test worker] o.h.type.descriptor.sql.BasicBinder      : binding parameter [1] as [VARCHAR] - [VBN-1]
2019-05-20 17:11:17.433 TRACE 6380 --- [    Test worker] o.h.type.descriptor.sql.BasicExtractor   : extracted value ([mov_cili2_2_0_] : [DOUBLE]) - [-1.0]
2019-05-20 17:11:17.433 TRACE 6380 --- [    Test worker] o.h.type.descriptor.sql.BasicExtractor   : extracted value ([mov_tipo3_2_0_] : [VARCHAR]) - [CARRO]
2019-05-20 17:11:17.433 TRACE 6380 --- [    Test worker] org.hibernate.type.CollectionType        : Created collection wrapper: [co.com.ceiba.ceibaestacionamiento.persistencia.entidades.MovilEntity.facturasEntity#VBN-1]
2019-05-20 17:11:17.435 DEBUG 6380 --- [    Test worker] org.hibernate.SQL                        : select facturaent0_.facId as facId1_1_0_, facturaent0_.fac_fecha_ingreso as fac_fech2_1_0_, facturaent0_.fac_fecha_salida as fac_fech3_1_0_, facturaent0_.fac_valor as fac_valo4_1_0_, facturaent0_.mov_placa as mov_plac5_1_0_ from factura facturaent0_ where facturaent0_.facId=?
Hibernate: select facturaent0_.facId as facId1_1_0_, facturaent0_.fac_fecha_ingreso as fac_fech2_1_0_, facturaent0_.fac_fecha_salida as fac_fech3_1_0_, facturaent0_.fac_valor as fac_valo4_1_0_, facturaent0_.mov_placa as mov_plac5_1_0_ from factura facturaent0_ where facturaent0_.facId=?
2019-05-20 17:11:17.436 TRACE 6380 --- [    Test worker] o.h.type.descriptor.sql.BasicBinder      : binding parameter [1] as [INTEGER] - [13]
2019-05-20 17:11:17.436 TRACE 6380 --- [    Test worker] o.h.type.descriptor.sql.BasicExtractor   : extracted value ([fac_fech2_1_0_] : [TIMESTAMP]) - [2019-05-20 17:11:16.222]
2019-05-20 17:11:17.436 TRACE 6380 --- [    Test worker] o.h.type.descriptor.sql.BasicExtractor   : extracted value ([fac_fech3_1_0_] : [TIMESTAMP]) - [null]
2019-05-20 17:11:17.436 TRACE 6380 --- [    Test worker] o.h.type.descriptor.sql.BasicExtractor   : extracted value ([fac_valo4_1_0_] : [DOUBLE]) - [0.0]
2019-05-20 17:11:17.436 TRACE 6380 --- [    Test worker] o.h.type.descriptor.sql.BasicExtractor   : extracted value ([mov_plac5_1_0_] : [VARCHAR]) - [VBN-1]
2019-05-20 17:11:17.437 DEBUG 6380 --- [    Test worker] org.hibernate.SQL                        : select movilentit0_.mov_placa as mov_plac1_2_1_, movilentit0_.mov_cilindraje as mov_cili2_2_1_, movilentit0_.mov_tipo_movil as mov_tipo3_2_1_, facturasen1_.mov_placa as mov_plac5_1_3_, facturasen1_.facId as facId1_1_3_, facturasen1_.facId as facId1_1_0_, facturasen1_.fac_fecha_ingreso as fac_fech2_1_0_, facturasen1_.fac_fecha_salida as fac_fech3_1_0_, facturasen1_.fac_valor as fac_valo4_1_0_, facturasen1_.mov_placa as mov_plac5_1_0_ from movil movilentit0_ left outer join factura facturasen1_ on movilentit0_.mov_placa=facturasen1_.mov_placa where movilentit0_.mov_placa=?
Hibernate: select movilentit0_.mov_placa as mov_plac1_2_1_, movilentit0_.mov_cilindraje as mov_cili2_2_1_, movilentit0_.mov_tipo_movil as mov_tipo3_2_1_, facturasen1_.mov_placa as mov_plac5_1_3_, facturasen1_.facId as facId1_1_3_, facturasen1_.facId as facId1_1_0_, facturasen1_.fac_fecha_ingreso as fac_fech2_1_0_, facturasen1_.fac_fecha_salida as fac_fech3_1_0_, facturasen1_.fac_valor as fac_valo4_1_0_, facturasen1_.mov_placa as mov_plac5_1_0_ from movil movilentit0_ left outer join factura facturasen1_ on movilentit0_.mov_placa=facturasen1_.mov_placa where movilentit0_.mov_placa=?
2019-05-20 17:11:17.437 TRACE 6380 --- [    Test worker] o.h.type.descriptor.sql.BasicBinder      : binding parameter [1] as [VARCHAR] - [VBN-1]
2019-05-20 17:11:17.437 TRACE 6380 --- [    Test worker] o.h.type.descriptor.sql.BasicExtractor   : extracted value ([facId1_1_0_] : [INTEGER]) - [13]
2019-05-20 17:11:17.437 TRACE 6380 --- [    Test worker] o.h.type.descriptor.sql.BasicExtractor   : extracted value ([mov_cili2_2_1_] : [DOUBLE]) - [-1.0]
2019-05-20 17:11:17.437 TRACE 6380 --- [    Test worker] o.h.type.descriptor.sql.BasicExtractor   : extracted value ([mov_tipo3_2_1_] : [VARCHAR]) - [CARRO]
2019-05-20 17:11:17.437 TRACE 6380 --- [    Test worker] o.h.type.descriptor.sql.BasicExtractor   : extracted value ([mov_plac5_1_3_] : [VARCHAR]) - [VBN-1]
2019-05-20 17:11:17.437 TRACE 6380 --- [    Test worker] o.h.type.descriptor.sql.BasicExtractor   : extracted value ([facId1_1_3_] : [INTEGER]) - [13]
2019-05-20 17:11:17.439 DEBUG 6380 --- [    Test worker] org.hibernate.SQL                        : update factura set fac_fecha_ingreso=?, fac_fecha_salida=?, fac_valor=?, mov_placa=? where facId=?
Hibernate: update factura set fac_fecha_ingreso=?, fac_fecha_salida=?, fac_valor=?, mov_placa=? where facId=?
2019-05-20 17:11:17.440 TRACE 6380 --- [    Test worker] o.h.type.descriptor.sql.BasicBinder      : binding parameter [1] as [TIMESTAMP] - [2019-05-20 17:11:16.222]
2019-05-20 17:11:17.440 TRACE 6380 --- [    Test worker] o.h.type.descriptor.sql.BasicBinder      : binding parameter [2] as [TIMESTAMP] - [Mon May 20 17:11:17 COT 2019]
2019-05-20 17:11:17.440 TRACE 6380 --- [    Test worker] o.h.type.descriptor.sql.BasicBinder      : binding parameter [3] as [DOUBLE] - [1000.0]
2019-05-20 17:11:17.440 TRACE 6380 --- [    Test worker] o.h.type.descriptor.sql.BasicBinder      : binding parameter [4] as [VARCHAR] - [VBN-1]
2019-05-20 17:11:17.440 TRACE 6380 --- [    Test worker] o.h.type.descriptor.sql.BasicBinder      : binding parameter [5] as [INTEGER] - [13]
2019-05-20 17:11:17.442 DEBUG 6380 --- [    Test worker] org.hibernate.SQL                        : select movilentit0_.mov_placa as mov_plac1_2_0_, movilentit0_.mov_cilindraje as mov_cili2_2_0_, movilentit0_.mov_tipo_movil as mov_tipo3_2_0_ from movil movilentit0_ where movilentit0_.mov_placa=?
Hibernate: select movilentit0_.mov_placa as mov_plac1_2_0_, movilentit0_.mov_cilindraje as mov_cili2_2_0_, movilentit0_.mov_tipo_movil as mov_tipo3_2_0_ from movil movilentit0_ where movilentit0_.mov_placa=?
2019-05-20 17:11:17.443 TRACE 6380 --- [    Test worker] o.h.type.descriptor.sql.BasicBinder      : binding parameter [1] as [VARCHAR] - [VBN-2]
2019-05-20 17:11:17.443 TRACE 6380 --- [    Test worker] o.h.type.descriptor.sql.BasicExtractor   : extracted value ([mov_cili2_2_0_] : [DOUBLE]) - [-1.0]
2019-05-20 17:11:17.443 TRACE 6380 --- [    Test worker] o.h.type.descriptor.sql.BasicExtractor   : extracted value ([mov_tipo3_2_0_] : [VARCHAR]) - [CARRO]
2019-05-20 17:11:17.443 TRACE 6380 --- [    Test worker] org.hibernate.type.CollectionType        : Created collection wrapper: [co.com.ceiba.ceibaestacionamiento.persistencia.entidades.MovilEntity.facturasEntity#VBN-2]
2019-05-20 17:11:17.445 DEBUG 6380 --- [    Test worker] org.hibernate.SQL                        : SELECT COUNT(*) FROM factura WHERE mov_placa = ? AND fac_fecha_salida IS NULL
Hibernate: SELECT COUNT(*) FROM factura WHERE mov_placa = ? AND fac_fecha_salida IS NULL
2019-05-20 17:11:17.446 TRACE 6380 --- [    Test worker] o.h.type.descriptor.sql.BasicBinder      : binding parameter [1] as [VARCHAR] - [VBN-2]
2019-05-20 17:11:17.446 TRACE 6380 --- [    Test worker] o.h.type.descriptor.sql.BasicExtractor   : extracted value ([COUNT(*)] : [NUMERIC]) - [1]
2019-05-20 17:11:17.448 DEBUG 6380 --- [    Test worker] org.hibernate.SQL                        : SELECT * FROM factura WHERE mov_placa = ? AND fac_fecha_salida IS NULL
Hibernate: SELECT * FROM factura WHERE mov_placa = ? AND fac_fecha_salida IS NULL
2019-05-20 17:11:17.449 TRACE 6380 --- [    Test worker] o.h.type.descriptor.sql.BasicBinder      : binding parameter [1] as [VARCHAR] - [VBN-2]
2019-05-20 17:11:17.450 TRACE 6380 --- [    Test worker] o.h.type.descriptor.sql.BasicExtractor   : extracted value ([facId] : [INTEGER]) - [14]
2019-05-20 17:11:17.450 TRACE 6380 --- [    Test worker] o.h.type.descriptor.sql.BasicExtractor   : extracted value ([fac_fecha_ingreso] : [TIMESTAMP]) - [2019-05-20 17:11:16.254]
2019-05-20 17:11:17.450 TRACE 6380 --- [    Test worker] o.h.type.descriptor.sql.BasicExtractor   : extracted value ([fac_fecha_salida] : [TIMESTAMP]) - [null]
2019-05-20 17:11:17.450 TRACE 6380 --- [    Test worker] o.h.type.descriptor.sql.BasicExtractor   : extracted value ([fac_valor] : [DOUBLE]) - [0.0]
2019-05-20 17:11:17.450 TRACE 6380 --- [    Test worker] o.h.type.descriptor.sql.BasicExtractor   : extracted value ([mov_placa] : [VARCHAR]) - [VBN-2]
2019-05-20 17:11:17.450 DEBUG 6380 --- [    Test worker] org.hibernate.SQL                        : select movilentit0_.mov_placa as mov_plac1_2_0_, movilentit0_.mov_cilindraje as mov_cili2_2_0_, movilentit0_.mov_tipo_movil as mov_tipo3_2_0_ from movil movilentit0_ where movilentit0_.mov_placa=?
Hibernate: select movilentit0_.mov_placa as mov_plac1_2_0_, movilentit0_.mov_cilindraje as mov_cili2_2_0_, movilentit0_.mov_tipo_movil as mov_tipo3_2_0_ from movil movilentit0_ where movilentit0_.mov_placa=?
2019-05-20 17:11:17.451 TRACE 6380 --- [    Test worker] o.h.type.descriptor.sql.BasicBinder      : binding parameter [1] as [VARCHAR] - [VBN-2]
2019-05-20 17:11:17.451 TRACE 6380 --- [    Test worker] o.h.type.descriptor.sql.BasicExtractor   : extracted value ([mov_cili2_2_0_] : [DOUBLE]) - [-1.0]
2019-05-20 17:11:17.451 TRACE 6380 --- [    Test worker] o.h.type.descriptor.sql.BasicExtractor   : extracted value ([mov_tipo3_2_0_] : [VARCHAR]) - [CARRO]
2019-05-20 17:11:17.451 TRACE 6380 --- [    Test worker] org.hibernate.type.CollectionType        : Created collection wrapper: [co.com.ceiba.ceibaestacionamiento.persistencia.entidades.MovilEntity.facturasEntity#VBN-2]
2019-05-20 17:11:17.455 DEBUG 6380 --- [    Test worker] org.hibernate.SQL                        : SELECT * FROM costoestadia WHERE cos_tipo_movil = ? AND cos_tipo_pago = ? AND cos_tiempo_estadia = ?
Hibernate: SELECT * FROM costoestadia WHERE cos_tipo_movil = ? AND cos_tipo_pago = ? AND cos_tiempo_estadia = ?
2019-05-20 17:11:17.456 TRACE 6380 --- [    Test worker] o.h.type.descriptor.sql.BasicBinder      : binding parameter [1] as [VARCHAR] - [CARRO]
2019-05-20 17:11:17.456 TRACE 6380 --- [    Test worker] o.h.type.descriptor.sql.BasicBinder      : binding parameter [2] as [VARCHAR] - [NORMAL]
2019-05-20 17:11:17.456 TRACE 6380 --- [    Test worker] o.h.type.descriptor.sql.BasicBinder      : binding parameter [3] as [VARCHAR] - [DIA]
2019-05-20 17:11:17.456 TRACE 6380 --- [    Test worker] o.h.type.descriptor.sql.BasicExtractor   : extracted value ([cos_id] : [INTEGER]) - [1]
2019-05-20 17:11:17.457 TRACE 6380 --- [    Test worker] o.h.type.descriptor.sql.BasicExtractor   : extracted value ([cos_tiempo_estadia] : [VARCHAR]) - [DIA]
2019-05-20 17:11:17.457 TRACE 6380 --- [    Test worker] o.h.type.descriptor.sql.BasicExtractor   : extracted value ([cos_tipo_movil] : [VARCHAR]) - [CARRO]
2019-05-20 17:11:17.457 TRACE 6380 --- [    Test worker] o.h.type.descriptor.sql.BasicExtractor   : extracted value ([cos_tipo_pago] : [VARCHAR]) - [NORMAL]
2019-05-20 17:11:17.457 TRACE 6380 --- [    Test worker] o.h.type.descriptor.sql.BasicExtractor   : extracted value ([cos_valor] : [DOUBLE]) - [8000.0]
2019-05-20 17:11:17.459 DEBUG 6380 --- [    Test worker] org.hibernate.SQL                        : SELECT * FROM costoestadia WHERE cos_tipo_movil = ? AND cos_tipo_pago = ? AND cos_tiempo_estadia = ?
Hibernate: SELECT * FROM costoestadia WHERE cos_tipo_movil = ? AND cos_tipo_pago = ? AND cos_tiempo_estadia = ?
2019-05-20 17:11:17.460 TRACE 6380 --- [    Test worker] o.h.type.descriptor.sql.BasicBinder      : binding parameter [1] as [VARCHAR] - [CARRO]
2019-05-20 17:11:17.460 TRACE 6380 --- [    Test worker] o.h.type.descriptor.sql.BasicBinder      : binding parameter [2] as [VARCHAR] - [NORMAL]
2019-05-20 17:11:17.460 TRACE 6380 --- [    Test worker] o.h.type.descriptor.sql.BasicBinder      : binding parameter [3] as [VARCHAR] - [HORA]
2019-05-20 17:11:17.460 TRACE 6380 --- [    Test worker] o.h.type.descriptor.sql.BasicExtractor   : extracted value ([cos_id] : [INTEGER]) - [2]
2019-05-20 17:11:17.461 TRACE 6380 --- [    Test worker] o.h.type.descriptor.sql.BasicExtractor   : extracted value ([cos_tiempo_estadia] : [VARCHAR]) - [HORA]
2019-05-20 17:11:17.461 TRACE 6380 --- [    Test worker] o.h.type.descriptor.sql.BasicExtractor   : extracted value ([cos_tipo_movil] : [VARCHAR]) - [CARRO]
2019-05-20 17:11:17.461 TRACE 6380 --- [    Test worker] o.h.type.descriptor.sql.BasicExtractor   : extracted value ([cos_tipo_pago] : [VARCHAR]) - [NORMAL]
2019-05-20 17:11:17.461 TRACE 6380 --- [    Test worker] o.h.type.descriptor.sql.BasicExtractor   : extracted value ([cos_valor] : [DOUBLE]) - [1000.0]
2019-05-20 17:11:17.463 DEBUG 6380 --- [    Test worker] org.hibernate.SQL                        : SELECT * FROM factura WHERE mov_placa = ? AND fac_fecha_salida IS NULL
Hibernate: SELECT * FROM factura WHERE mov_placa = ? AND fac_fecha_salida IS NULL
2019-05-20 17:11:17.463 TRACE 6380 --- [    Test worker] o.h.type.descriptor.sql.BasicBinder      : binding parameter [1] as [VARCHAR] - [VBN-2]
2019-05-20 17:11:17.464 TRACE 6380 --- [    Test worker] o.h.type.descriptor.sql.BasicExtractor   : extracted value ([facId] : [INTEGER]) - [14]
2019-05-20 17:11:17.464 TRACE 6380 --- [    Test worker] o.h.type.descriptor.sql.BasicExtractor   : extracted value ([fac_fecha_ingreso] : [TIMESTAMP]) - [2019-05-20 17:11:16.254]
2019-05-20 17:11:17.464 TRACE 6380 --- [    Test worker] o.h.type.descriptor.sql.BasicExtractor   : extracted value ([fac_fecha_salida] : [TIMESTAMP]) - [null]
2019-05-20 17:11:17.464 TRACE 6380 --- [    Test worker] o.h.type.descriptor.sql.BasicExtractor   : extracted value ([fac_valor] : [DOUBLE]) - [0.0]
2019-05-20 17:11:17.464 TRACE 6380 --- [    Test worker] o.h.type.descriptor.sql.BasicExtractor   : extracted value ([mov_placa] : [VARCHAR]) - [VBN-2]
2019-05-20 17:11:17.464 DEBUG 6380 --- [    Test worker] org.hibernate.SQL                        : select movilentit0_.mov_placa as mov_plac1_2_0_, movilentit0_.mov_cilindraje as mov_cili2_2_0_, movilentit0_.mov_tipo_movil as mov_tipo3_2_0_ from movil movilentit0_ where movilentit0_.mov_placa=?
Hibernate: select movilentit0_.mov_placa as mov_plac1_2_0_, movilentit0_.mov_cilindraje as mov_cili2_2_0_, movilentit0_.mov_tipo_movil as mov_tipo3_2_0_ from movil movilentit0_ where movilentit0_.mov_placa=?
2019-05-20 17:11:17.465 TRACE 6380 --- [    Test worker] o.h.type.descriptor.sql.BasicBinder      : binding parameter [1] as [VARCHAR] - [VBN-2]
2019-05-20 17:11:17.465 TRACE 6380 --- [    Test worker] o.h.type.descriptor.sql.BasicExtractor   : extracted value ([mov_cili2_2_0_] : [DOUBLE]) - [-1.0]
2019-05-20 17:11:17.465 TRACE 6380 --- [    Test worker] o.h.type.descriptor.sql.BasicExtractor   : extracted value ([mov_tipo3_2_0_] : [VARCHAR]) - [CARRO]
2019-05-20 17:11:17.465 TRACE 6380 --- [    Test worker] org.hibernate.type.CollectionType        : Created collection wrapper: [co.com.ceiba.ceibaestacionamiento.persistencia.entidades.MovilEntity.facturasEntity#VBN-2]
2019-05-20 17:11:17.467 DEBUG 6380 --- [    Test worker] org.hibernate.SQL                        : select facturaent0_.facId as facId1_1_0_, facturaent0_.fac_fecha_ingreso as fac_fech2_1_0_, facturaent0_.fac_fecha_salida as fac_fech3_1_0_, facturaent0_.fac_valor as fac_valo4_1_0_, facturaent0_.mov_placa as mov_plac5_1_0_ from factura facturaent0_ where facturaent0_.facId=?
Hibernate: select facturaent0_.facId as facId1_1_0_, facturaent0_.fac_fecha_ingreso as fac_fech2_1_0_, facturaent0_.fac_fecha_salida as fac_fech3_1_0_, facturaent0_.fac_valor as fac_valo4_1_0_, facturaent0_.mov_placa as mov_plac5_1_0_ from factura facturaent0_ where facturaent0_.facId=?
2019-05-20 17:11:17.468 TRACE 6380 --- [    Test worker] o.h.type.descriptor.sql.BasicBinder      : binding parameter [1] as [INTEGER] - [14]
2019-05-20 17:11:17.468 TRACE 6380 --- [    Test worker] o.h.type.descriptor.sql.BasicExtractor   : extracted value ([fac_fech2_1_0_] : [TIMESTAMP]) - [2019-05-20 17:11:16.254]
2019-05-20 17:11:17.469 TRACE 6380 --- [    Test worker] o.h.type.descriptor.sql.BasicExtractor   : extracted value ([fac_fech3_1_0_] : [TIMESTAMP]) - [null]
2019-05-20 17:11:17.469 TRACE 6380 --- [    Test worker] o.h.type.descriptor.sql.BasicExtractor   : extracted value ([fac_valo4_1_0_] : [DOUBLE]) - [0.0]
2019-05-20 17:11:17.469 TRACE 6380 --- [    Test worker] o.h.type.descriptor.sql.BasicExtractor   : extracted value ([mov_plac5_1_0_] : [VARCHAR]) - [VBN-2]
2019-05-20 17:11:17.469 DEBUG 6380 --- [    Test worker] org.hibernate.SQL                        : select movilentit0_.mov_placa as mov_plac1_2_1_, movilentit0_.mov_cilindraje as mov_cili2_2_1_, movilentit0_.mov_tipo_movil as mov_tipo3_2_1_, facturasen1_.mov_placa as mov_plac5_1_3_, facturasen1_.facId as facId1_1_3_, facturasen1_.facId as facId1_1_0_, facturasen1_.fac_fecha_ingreso as fac_fech2_1_0_, facturasen1_.fac_fecha_salida as fac_fech3_1_0_, facturasen1_.fac_valor as fac_valo4_1_0_, facturasen1_.mov_placa as mov_plac5_1_0_ from movil movilentit0_ left outer join factura facturasen1_ on movilentit0_.mov_placa=facturasen1_.mov_placa where movilentit0_.mov_placa=?
Hibernate: select movilentit0_.mov_placa as mov_plac1_2_1_, movilentit0_.mov_cilindraje as mov_cili2_2_1_, movilentit0_.mov_tipo_movil as mov_tipo3_2_1_, facturasen1_.mov_placa as mov_plac5_1_3_, facturasen1_.facId as facId1_1_3_, facturasen1_.facId as facId1_1_0_, facturasen1_.fac_fecha_ingreso as fac_fech2_1_0_, facturasen1_.fac_fecha_salida as fac_fech3_1_0_, facturasen1_.fac_valor as fac_valo4_1_0_, facturasen1_.mov_placa as mov_plac5_1_0_ from movil movilentit0_ left outer join factura facturasen1_ on movilentit0_.mov_placa=facturasen1_.mov_placa where movilentit0_.mov_placa=?
2019-05-20 17:11:17.470 TRACE 6380 --- [    Test worker] o.h.type.descriptor.sql.BasicBinder      : binding parameter [1] as [VARCHAR] - [VBN-2]
2019-05-20 17:11:17.470 TRACE 6380 --- [    Test worker] o.h.type.descriptor.sql.BasicExtractor   : extracted value ([facId1_1_0_] : [INTEGER]) - [14]
2019-05-20 17:11:17.470 TRACE 6380 --- [    Test worker] o.h.type.descriptor.sql.BasicExtractor   : extracted value ([mov_cili2_2_1_] : [DOUBLE]) - [-1.0]
2019-05-20 17:11:17.470 TRACE 6380 --- [    Test worker] o.h.type.descriptor.sql.BasicExtractor   : extracted value ([mov_tipo3_2_1_] : [VARCHAR]) - [CARRO]
2019-05-20 17:11:17.470 TRACE 6380 --- [    Test worker] o.h.type.descriptor.sql.BasicExtractor   : extracted value ([mov_plac5_1_3_] : [VARCHAR]) - [VBN-2]
2019-05-20 17:11:17.470 TRACE 6380 --- [    Test worker] o.h.type.descriptor.sql.BasicExtractor   : extracted value ([facId1_1_3_] : [INTEGER]) - [14]
2019-05-20 17:11:17.472 DEBUG 6380 --- [    Test worker] org.hibernate.SQL                        : update factura set fac_fecha_ingreso=?, fac_fecha_salida=?, fac_valor=?, mov_placa=? where facId=?
Hibernate: update factura set fac_fecha_ingreso=?, fac_fecha_salida=?, fac_valor=?, mov_placa=? where facId=?
2019-05-20 17:11:17.472 TRACE 6380 --- [    Test worker] o.h.type.descriptor.sql.BasicBinder      : binding parameter [1] as [TIMESTAMP] - [2019-05-20 17:11:16.254]
2019-05-20 17:11:17.472 TRACE 6380 --- [    Test worker] o.h.type.descriptor.sql.BasicBinder      : binding parameter [2] as [TIMESTAMP] - [Mon May 20 17:11:17 COT 2019]
2019-05-20 17:11:17.472 TRACE 6380 --- [    Test worker] o.h.type.descriptor.sql.BasicBinder      : binding parameter [3] as [DOUBLE] - [1000.0]
2019-05-20 17:11:17.472 TRACE 6380 --- [    Test worker] o.h.type.descriptor.sql.BasicBinder      : binding parameter [4] as [VARCHAR] - [VBN-2]
2019-05-20 17:11:17.472 TRACE 6380 --- [    Test worker] o.h.type.descriptor.sql.BasicBinder      : binding parameter [5] as [INTEGER] - [14]
2019-05-20 17:11:17.474 DEBUG 6380 --- [    Test worker] org.hibernate.SQL                        : select movilentit0_.mov_placa as mov_plac1_2_0_, movilentit0_.mov_cilindraje as mov_cili2_2_0_, movilentit0_.mov_tipo_movil as mov_tipo3_2_0_ from movil movilentit0_ where movilentit0_.mov_placa=?
Hibernate: select movilentit0_.mov_placa as mov_plac1_2_0_, movilentit0_.mov_cilindraje as mov_cili2_2_0_, movilentit0_.mov_tipo_movil as mov_tipo3_2_0_ from movil movilentit0_ where movilentit0_.mov_placa=?
2019-05-20 17:11:17.475 TRACE 6380 --- [    Test worker] o.h.type.descriptor.sql.BasicBinder      : binding parameter [1] as [VARCHAR] - [VBN-3]
2019-05-20 17:11:17.475 TRACE 6380 --- [    Test worker] o.h.type.descriptor.sql.BasicExtractor   : extracted value ([mov_cili2_2_0_] : [DOUBLE]) - [-1.0]
2019-05-20 17:11:17.475 TRACE 6380 --- [    Test worker] o.h.type.descriptor.sql.BasicExtractor   : extracted value ([mov_tipo3_2_0_] : [VARCHAR]) - [CARRO]
2019-05-20 17:11:17.475 TRACE 6380 --- [    Test worker] org.hibernate.type.CollectionType        : Created collection wrapper: [co.com.ceiba.ceibaestacionamiento.persistencia.entidades.MovilEntity.facturasEntity#VBN-3]
2019-05-20 17:11:17.478 DEBUG 6380 --- [    Test worker] org.hibernate.SQL                        : SELECT COUNT(*) FROM factura WHERE mov_placa = ? AND fac_fecha_salida IS NULL
Hibernate: SELECT COUNT(*) FROM factura WHERE mov_placa = ? AND fac_fecha_salida IS NULL
2019-05-20 17:11:17.478 TRACE 6380 --- [    Test worker] o.h.type.descriptor.sql.BasicBinder      : binding parameter [1] as [VARCHAR] - [VBN-3]
2019-05-20 17:11:17.479 TRACE 6380 --- [    Test worker] o.h.type.descriptor.sql.BasicExtractor   : extracted value ([COUNT(*)] : [NUMERIC]) - [1]
2019-05-20 17:11:17.481 DEBUG 6380 --- [    Test worker] org.hibernate.SQL                        : SELECT * FROM factura WHERE mov_placa = ? AND fac_fecha_salida IS NULL
Hibernate: SELECT * FROM factura WHERE mov_placa = ? AND fac_fecha_salida IS NULL
2019-05-20 17:11:17.482 TRACE 6380 --- [    Test worker] o.h.type.descriptor.sql.BasicBinder      : binding parameter [1] as [VARCHAR] - [VBN-3]
2019-05-20 17:11:17.482 TRACE 6380 --- [    Test worker] o.h.type.descriptor.sql.BasicExtractor   : extracted value ([facId] : [INTEGER]) - [15]
2019-05-20 17:11:17.482 TRACE 6380 --- [    Test worker] o.h.type.descriptor.sql.BasicExtractor   : extracted value ([fac_fecha_ingreso] : [TIMESTAMP]) - [2019-05-20 17:11:16.295]
2019-05-20 17:11:17.482 TRACE 6380 --- [    Test worker] o.h.type.descriptor.sql.BasicExtractor   : extracted value ([fac_fecha_salida] : [TIMESTAMP]) - [null]
2019-05-20 17:11:17.482 TRACE 6380 --- [    Test worker] o.h.type.descriptor.sql.BasicExtractor   : extracted value ([fac_valor] : [DOUBLE]) - [0.0]
2019-05-20 17:11:17.482 TRACE 6380 --- [    Test worker] o.h.type.descriptor.sql.BasicExtractor   : extracted value ([mov_placa] : [VARCHAR]) - [VBN-3]
2019-05-20 17:11:17.483 DEBUG 6380 --- [    Test worker] org.hibernate.SQL                        : select movilentit0_.mov_placa as mov_plac1_2_0_, movilentit0_.mov_cilindraje as mov_cili2_2_0_, movilentit0_.mov_tipo_movil as mov_tipo3_2_0_ from movil movilentit0_ where movilentit0_.mov_placa=?
Hibernate: select movilentit0_.mov_placa as mov_plac1_2_0_, movilentit0_.mov_cilindraje as mov_cili2_2_0_, movilentit0_.mov_tipo_movil as mov_tipo3_2_0_ from movil movilentit0_ where movilentit0_.mov_placa=?
2019-05-20 17:11:17.483 TRACE 6380 --- [    Test worker] o.h.type.descriptor.sql.BasicBinder      : binding parameter [1] as [VARCHAR] - [VBN-3]
2019-05-20 17:11:17.483 TRACE 6380 --- [    Test worker] o.h.type.descriptor.sql.BasicExtractor   : extracted value ([mov_cili2_2_0_] : [DOUBLE]) - [-1.0]
2019-05-20 17:11:17.483 TRACE 6380 --- [    Test worker] o.h.type.descriptor.sql.BasicExtractor   : extracted value ([mov_tipo3_2_0_] : [VARCHAR]) - [CARRO]
2019-05-20 17:11:17.483 TRACE 6380 --- [    Test worker] org.hibernate.type.CollectionType        : Created collection wrapper: [co.com.ceiba.ceibaestacionamiento.persistencia.entidades.MovilEntity.facturasEntity#VBN-3]
2019-05-20 17:11:17.485 DEBUG 6380 --- [    Test worker] org.hibernate.SQL                        : SELECT * FROM costoestadia WHERE cos_tipo_movil = ? AND cos_tipo_pago = ? AND cos_tiempo_estadia = ?
Hibernate: SELECT * FROM costoestadia WHERE cos_tipo_movil = ? AND cos_tipo_pago = ? AND cos_tiempo_estadia = ?
2019-05-20 17:11:17.486 TRACE 6380 --- [    Test worker] o.h.type.descriptor.sql.BasicBinder      : binding parameter [1] as [VARCHAR] - [CARRO]
2019-05-20 17:11:17.486 TRACE 6380 --- [    Test worker] o.h.type.descriptor.sql.BasicBinder      : binding parameter [2] as [VARCHAR] - [NORMAL]
2019-05-20 17:11:17.486 TRACE 6380 --- [    Test worker] o.h.type.descriptor.sql.BasicBinder      : binding parameter [3] as [VARCHAR] - [DIA]
2019-05-20 17:11:17.486 TRACE 6380 --- [    Test worker] o.h.type.descriptor.sql.BasicExtractor   : extracted value ([cos_id] : [INTEGER]) - [1]
2019-05-20 17:11:17.487 TRACE 6380 --- [    Test worker] o.h.type.descriptor.sql.BasicExtractor   : extracted value ([cos_tiempo_estadia] : [VARCHAR]) - [DIA]
2019-05-20 17:11:17.487 TRACE 6380 --- [    Test worker] o.h.type.descriptor.sql.BasicExtractor   : extracted value ([cos_tipo_movil] : [VARCHAR]) - [CARRO]
2019-05-20 17:11:17.487 TRACE 6380 --- [    Test worker] o.h.type.descriptor.sql.BasicExtractor   : extracted value ([cos_tipo_pago] : [VARCHAR]) - [NORMAL]
2019-05-20 17:11:17.487 TRACE 6380 --- [    Test worker] o.h.type.descriptor.sql.BasicExtractor   : extracted value ([cos_valor] : [DOUBLE]) - [8000.0]
2019-05-20 17:11:17.489 DEBUG 6380 --- [    Test worker] org.hibernate.SQL                        : SELECT * FROM costoestadia WHERE cos_tipo_movil = ? AND cos_tipo_pago = ? AND cos_tiempo_estadia = ?
Hibernate: SELECT * FROM costoestadia WHERE cos_tipo_movil = ? AND cos_tipo_pago = ? AND cos_tiempo_estadia = ?
2019-05-20 17:11:17.489 TRACE 6380 --- [    Test worker] o.h.type.descriptor.sql.BasicBinder      : binding parameter [1] as [VARCHAR] - [CARRO]
2019-05-20 17:11:17.489 TRACE 6380 --- [    Test worker] o.h.type.descriptor.sql.BasicBinder      : binding parameter [2] as [VARCHAR] - [NORMAL]
2019-05-20 17:11:17.491 TRACE 6380 --- [    Test worker] o.h.type.descriptor.sql.BasicBinder      : binding parameter [3] as [VARCHAR] - [HORA]
2019-05-20 17:11:17.491 TRACE 6380 --- [    Test worker] o.h.type.descriptor.sql.BasicExtractor   : extracted value ([cos_id] : [INTEGER]) - [2]
2019-05-20 17:11:17.491 TRACE 6380 --- [    Test worker] o.h.type.descriptor.sql.BasicExtractor   : extracted value ([cos_tiempo_estadia] : [VARCHAR]) - [HORA]
2019-05-20 17:11:17.491 TRACE 6380 --- [    Test worker] o.h.type.descriptor.sql.BasicExtractor   : extracted value ([cos_tipo_movil] : [VARCHAR]) - [CARRO]
2019-05-20 17:11:17.491 TRACE 6380 --- [    Test worker] o.h.type.descriptor.sql.BasicExtractor   : extracted value ([cos_tipo_pago] : [VARCHAR]) - [NORMAL]
2019-05-20 17:11:17.492 TRACE 6380 --- [    Test worker] o.h.type.descriptor.sql.BasicExtractor   : extracted value ([cos_valor] : [DOUBLE]) - [1000.0]
2019-05-20 17:11:17.493 DEBUG 6380 --- [    Test worker] org.hibernate.SQL                        : SELECT * FROM factura WHERE mov_placa = ? AND fac_fecha_salida IS NULL
Hibernate: SELECT * FROM factura WHERE mov_placa = ? AND fac_fecha_salida IS NULL
2019-05-20 17:11:17.494 TRACE 6380 --- [    Test worker] o.h.type.descriptor.sql.BasicBinder      : binding parameter [1] as [VARCHAR] - [VBN-3]
2019-05-20 17:11:17.495 TRACE 6380 --- [    Test worker] o.h.type.descriptor.sql.BasicExtractor   : extracted value ([facId] : [INTEGER]) - [15]
2019-05-20 17:11:17.496 TRACE 6380 --- [    Test worker] o.h.type.descriptor.sql.BasicExtractor   : extracted value ([fac_fecha_ingreso] : [TIMESTAMP]) - [2019-05-20 17:11:16.295]
2019-05-20 17:11:17.496 TRACE 6380 --- [    Test worker] o.h.type.descriptor.sql.BasicExtractor   : extracted value ([fac_fecha_salida] : [TIMESTAMP]) - [null]
2019-05-20 17:11:17.496 TRACE 6380 --- [    Test worker] o.h.type.descriptor.sql.BasicExtractor   : extracted value ([fac_valor] : [DOUBLE]) - [0.0]
2019-05-20 17:11:17.496 TRACE 6380 --- [    Test worker] o.h.type.descriptor.sql.BasicExtractor   : extracted value ([mov_placa] : [VARCHAR]) - [VBN-3]
2019-05-20 17:11:17.496 DEBUG 6380 --- [    Test worker] org.hibernate.SQL                        : select movilentit0_.mov_placa as mov_plac1_2_0_, movilentit0_.mov_cilindraje as mov_cili2_2_0_, movilentit0_.mov_tipo_movil as mov_tipo3_2_0_ from movil movilentit0_ where movilentit0_.mov_placa=?
Hibernate: select movilentit0_.mov_placa as mov_plac1_2_0_, movilentit0_.mov_cilindraje as mov_cili2_2_0_, movilentit0_.mov_tipo_movil as mov_tipo3_2_0_ from movil movilentit0_ where movilentit0_.mov_placa=?
2019-05-20 17:11:17.496 TRACE 6380 --- [    Test worker] o.h.type.descriptor.sql.BasicBinder      : binding parameter [1] as [VARCHAR] - [VBN-3]
2019-05-20 17:11:17.497 TRACE 6380 --- [    Test worker] o.h.type.descriptor.sql.BasicExtractor   : extracted value ([mov_cili2_2_0_] : [DOUBLE]) - [-1.0]
2019-05-20 17:11:17.497 TRACE 6380 --- [    Test worker] o.h.type.descriptor.sql.BasicExtractor   : extracted value ([mov_tipo3_2_0_] : [VARCHAR]) - [CARRO]
2019-05-20 17:11:17.498 TRACE 6380 --- [    Test worker] org.hibernate.type.CollectionType        : Created collection wrapper: [co.com.ceiba.ceibaestacionamiento.persistencia.entidades.MovilEntity.facturasEntity#VBN-3]
2019-05-20 17:11:17.500 DEBUG 6380 --- [    Test worker] org.hibernate.SQL                        : select facturaent0_.facId as facId1_1_0_, facturaent0_.fac_fecha_ingreso as fac_fech2_1_0_, facturaent0_.fac_fecha_salida as fac_fech3_1_0_, facturaent0_.fac_valor as fac_valo4_1_0_, facturaent0_.mov_placa as mov_plac5_1_0_ from factura facturaent0_ where facturaent0_.facId=?
Hibernate: select facturaent0_.facId as facId1_1_0_, facturaent0_.fac_fecha_ingreso as fac_fech2_1_0_, facturaent0_.fac_fecha_salida as fac_fech3_1_0_, facturaent0_.fac_valor as fac_valo4_1_0_, facturaent0_.mov_placa as mov_plac5_1_0_ from factura facturaent0_ where facturaent0_.facId=?
2019-05-20 17:11:17.500 TRACE 6380 --- [    Test worker] o.h.type.descriptor.sql.BasicBinder      : binding parameter [1] as [INTEGER] - [15]
2019-05-20 17:11:17.500 TRACE 6380 --- [    Test worker] o.h.type.descriptor.sql.BasicExtractor   : extracted value ([fac_fech2_1_0_] : [TIMESTAMP]) - [2019-05-20 17:11:16.295]
2019-05-20 17:11:17.500 TRACE 6380 --- [    Test worker] o.h.type.descriptor.sql.BasicExtractor   : extracted value ([fac_fech3_1_0_] : [TIMESTAMP]) - [null]
2019-05-20 17:11:17.501 TRACE 6380 --- [    Test worker] o.h.type.descriptor.sql.BasicExtractor   : extracted value ([fac_valo4_1_0_] : [DOUBLE]) - [0.0]
2019-05-20 17:11:17.501 TRACE 6380 --- [    Test worker] o.h.type.descriptor.sql.BasicExtractor   : extracted value ([mov_plac5_1_0_] : [VARCHAR]) - [VBN-3]
2019-05-20 17:11:17.501 DEBUG 6380 --- [    Test worker] org.hibernate.SQL                        : select movilentit0_.mov_placa as mov_plac1_2_1_, movilentit0_.mov_cilindraje as mov_cili2_2_1_, movilentit0_.mov_tipo_movil as mov_tipo3_2_1_, facturasen1_.mov_placa as mov_plac5_1_3_, facturasen1_.facId as facId1_1_3_, facturasen1_.facId as facId1_1_0_, facturasen1_.fac_fecha_ingreso as fac_fech2_1_0_, facturasen1_.fac_fecha_salida as fac_fech3_1_0_, facturasen1_.fac_valor as fac_valo4_1_0_, facturasen1_.mov_placa as mov_plac5_1_0_ from movil movilentit0_ left outer join factura facturasen1_ on movilentit0_.mov_placa=facturasen1_.mov_placa where movilentit0_.mov_placa=?
Hibernate: select movilentit0_.mov_placa as mov_plac1_2_1_, movilentit0_.mov_cilindraje as mov_cili2_2_1_, movilentit0_.mov_tipo_movil as mov_tipo3_2_1_, facturasen1_.mov_placa as mov_plac5_1_3_, facturasen1_.facId as facId1_1_3_, facturasen1_.facId as facId1_1_0_, facturasen1_.fac_fecha_ingreso as fac_fech2_1_0_, facturasen1_.fac_fecha_salida as fac_fech3_1_0_, facturasen1_.fac_valor as fac_valo4_1_0_, facturasen1_.mov_placa as mov_plac5_1_0_ from movil movilentit0_ left outer join factura facturasen1_ on movilentit0_.mov_placa=facturasen1_.mov_placa where movilentit0_.mov_placa=?
2019-05-20 17:11:17.502 TRACE 6380 --- [    Test worker] o.h.type.descriptor.sql.BasicBinder      : binding parameter [1] as [VARCHAR] - [VBN-3]
2019-05-20 17:11:17.502 TRACE 6380 --- [    Test worker] o.h.type.descriptor.sql.BasicExtractor   : extracted value ([facId1_1_0_] : [INTEGER]) - [15]
2019-05-20 17:11:17.502 TRACE 6380 --- [    Test worker] o.h.type.descriptor.sql.BasicExtractor   : extracted value ([mov_cili2_2_1_] : [DOUBLE]) - [-1.0]
2019-05-20 17:11:17.502 TRACE 6380 --- [    Test worker] o.h.type.descriptor.sql.BasicExtractor   : extracted value ([mov_tipo3_2_1_] : [VARCHAR]) - [CARRO]
2019-05-20 17:11:17.502 TRACE 6380 --- [    Test worker] o.h.type.descriptor.sql.BasicExtractor   : extracted value ([mov_plac5_1_3_] : [VARCHAR]) - [VBN-3]
2019-05-20 17:11:17.502 TRACE 6380 --- [    Test worker] o.h.type.descriptor.sql.BasicExtractor   : extracted value ([facId1_1_3_] : [INTEGER]) - [15]
2019-05-20 17:11:17.504 DEBUG 6380 --- [    Test worker] org.hibernate.SQL                        : update factura set fac_fecha_ingreso=?, fac_fecha_salida=?, fac_valor=?, mov_placa=? where facId=?
Hibernate: update factura set fac_fecha_ingreso=?, fac_fecha_salida=?, fac_valor=?, mov_placa=? where facId=?
2019-05-20 17:11:17.504 TRACE 6380 --- [    Test worker] o.h.type.descriptor.sql.BasicBinder      : binding parameter [1] as [TIMESTAMP] - [2019-05-20 17:11:16.295]
2019-05-20 17:11:17.504 TRACE 6380 --- [    Test worker] o.h.type.descriptor.sql.BasicBinder      : binding parameter [2] as [TIMESTAMP] - [Mon May 20 17:11:17 COT 2019]
2019-05-20 17:11:17.504 TRACE 6380 --- [    Test worker] o.h.type.descriptor.sql.BasicBinder      : binding parameter [3] as [DOUBLE] - [1000.0]
2019-05-20 17:11:17.504 TRACE 6380 --- [    Test worker] o.h.type.descriptor.sql.BasicBinder      : binding parameter [4] as [VARCHAR] - [VBN-3]
2019-05-20 17:11:17.504 TRACE 6380 --- [    Test worker] o.h.type.descriptor.sql.BasicBinder      : binding parameter [5] as [INTEGER] - [15]
2019-05-20 17:11:17.507 DEBUG 6380 --- [    Test worker] org.hibernate.SQL                        : select movilentit0_.mov_placa as mov_plac1_2_0_, movilentit0_.mov_cilindraje as mov_cili2_2_0_, movilentit0_.mov_tipo_movil as mov_tipo3_2_0_ from movil movilentit0_ where movilentit0_.mov_placa=?
Hibernate: select movilentit0_.mov_placa as mov_plac1_2_0_, movilentit0_.mov_cilindraje as mov_cili2_2_0_, movilentit0_.mov_tipo_movil as mov_tipo3_2_0_ from movil movilentit0_ where movilentit0_.mov_placa=?
2019-05-20 17:11:17.508 TRACE 6380 --- [    Test worker] o.h.type.descriptor.sql.BasicBinder      : binding parameter [1] as [VARCHAR] - [VBN-4]
2019-05-20 17:11:17.508 TRACE 6380 --- [    Test worker] o.h.type.descriptor.sql.BasicExtractor   : extracted value ([mov_cili2_2_0_] : [DOUBLE]) - [-1.0]
2019-05-20 17:11:17.508 TRACE 6380 --- [    Test worker] o.h.type.descriptor.sql.BasicExtractor   : extracted value ([mov_tipo3_2_0_] : [VARCHAR]) - [CARRO]
2019-05-20 17:11:17.509 TRACE 6380 --- [    Test worker] org.hibernate.type.CollectionType        : Created collection wrapper: [co.com.ceiba.ceibaestacionamiento.persistencia.entidades.MovilEntity.facturasEntity#VBN-4]
2019-05-20 17:11:17.511 DEBUG 6380 --- [    Test worker] org.hibernate.SQL                        : SELECT COUNT(*) FROM factura WHERE mov_placa = ? AND fac_fecha_salida IS NULL
Hibernate: SELECT COUNT(*) FROM factura WHERE mov_placa = ? AND fac_fecha_salida IS NULL
2019-05-20 17:11:17.511 TRACE 6380 --- [    Test worker] o.h.type.descriptor.sql.BasicBinder      : binding parameter [1] as [VARCHAR] - [VBN-4]
2019-05-20 17:11:17.512 TRACE 6380 --- [    Test worker] o.h.type.descriptor.sql.BasicExtractor   : extracted value ([COUNT(*)] : [NUMERIC]) - [1]
2019-05-20 17:11:17.514 DEBUG 6380 --- [    Test worker] org.hibernate.SQL                        : SELECT * FROM factura WHERE mov_placa = ? AND fac_fecha_salida IS NULL
Hibernate: SELECT * FROM factura WHERE mov_placa = ? AND fac_fecha_salida IS NULL
2019-05-20 17:11:17.514 TRACE 6380 --- [    Test worker] o.h.type.descriptor.sql.BasicBinder      : binding parameter [1] as [VARCHAR] - [VBN-4]
2019-05-20 17:11:17.515 TRACE 6380 --- [    Test worker] o.h.type.descriptor.sql.BasicExtractor   : extracted value ([facId] : [INTEGER]) - [16]
2019-05-20 17:11:17.515 TRACE 6380 --- [    Test worker] o.h.type.descriptor.sql.BasicExtractor   : extracted value ([fac_fecha_ingreso] : [TIMESTAMP]) - [2019-05-20 17:11:16.319]
2019-05-20 17:11:17.515 TRACE 6380 --- [    Test worker] o.h.type.descriptor.sql.BasicExtractor   : extracted value ([fac_fecha_salida] : [TIMESTAMP]) - [null]
2019-05-20 17:11:17.515 TRACE 6380 --- [    Test worker] o.h.type.descriptor.sql.BasicExtractor   : extracted value ([fac_valor] : [DOUBLE]) - [0.0]
2019-05-20 17:11:17.515 TRACE 6380 --- [    Test worker] o.h.type.descriptor.sql.BasicExtractor   : extracted value ([mov_placa] : [VARCHAR]) - [VBN-4]
2019-05-20 17:11:17.515 DEBUG 6380 --- [    Test worker] org.hibernate.SQL                        : select movilentit0_.mov_placa as mov_plac1_2_0_, movilentit0_.mov_cilindraje as mov_cili2_2_0_, movilentit0_.mov_tipo_movil as mov_tipo3_2_0_ from movil movilentit0_ where movilentit0_.mov_placa=?
Hibernate: select movilentit0_.mov_placa as mov_plac1_2_0_, movilentit0_.mov_cilindraje as mov_cili2_2_0_, movilentit0_.mov_tipo_movil as mov_tipo3_2_0_ from movil movilentit0_ where movilentit0_.mov_placa=?
2019-05-20 17:11:17.516 TRACE 6380 --- [    Test worker] o.h.type.descriptor.sql.BasicBinder      : binding parameter [1] as [VARCHAR] - [VBN-4]
2019-05-20 17:11:17.516 TRACE 6380 --- [    Test worker] o.h.type.descriptor.sql.BasicExtractor   : extracted value ([mov_cili2_2_0_] : [DOUBLE]) - [-1.0]
2019-05-20 17:11:17.517 TRACE 6380 --- [    Test worker] o.h.type.descriptor.sql.BasicExtractor   : extracted value ([mov_tipo3_2_0_] : [VARCHAR]) - [CARRO]
2019-05-20 17:11:17.517 TRACE 6380 --- [    Test worker] org.hibernate.type.CollectionType        : Created collection wrapper: [co.com.ceiba.ceibaestacionamiento.persistencia.entidades.MovilEntity.facturasEntity#VBN-4]
2019-05-20 17:11:17.519 DEBUG 6380 --- [    Test worker] org.hibernate.SQL                        : SELECT * FROM costoestadia WHERE cos_tipo_movil = ? AND cos_tipo_pago = ? AND cos_tiempo_estadia = ?
Hibernate: SELECT * FROM costoestadia WHERE cos_tipo_movil = ? AND cos_tipo_pago = ? AND cos_tiempo_estadia = ?
2019-05-20 17:11:17.521 TRACE 6380 --- [    Test worker] o.h.type.descriptor.sql.BasicBinder      : binding parameter [1] as [VARCHAR] - [CARRO]
2019-05-20 17:11:17.521 TRACE 6380 --- [    Test worker] o.h.type.descriptor.sql.BasicBinder      : binding parameter [2] as [VARCHAR] - [NORMAL]
2019-05-20 17:11:17.521 TRACE 6380 --- [    Test worker] o.h.type.descriptor.sql.BasicBinder      : binding parameter [3] as [VARCHAR] - [DIA]
2019-05-20 17:11:17.521 TRACE 6380 --- [    Test worker] o.h.type.descriptor.sql.BasicExtractor   : extracted value ([cos_id] : [INTEGER]) - [1]
2019-05-20 17:11:17.521 TRACE 6380 --- [    Test worker] o.h.type.descriptor.sql.BasicExtractor   : extracted value ([cos_tiempo_estadia] : [VARCHAR]) - [DIA]
2019-05-20 17:11:17.522 TRACE 6380 --- [    Test worker] o.h.type.descriptor.sql.BasicExtractor   : extracted value ([cos_tipo_movil] : [VARCHAR]) - [CARRO]
2019-05-20 17:11:17.522 TRACE 6380 --- [    Test worker] o.h.type.descriptor.sql.BasicExtractor   : extracted value ([cos_tipo_pago] : [VARCHAR]) - [NORMAL]
2019-05-20 17:11:17.522 TRACE 6380 --- [    Test worker] o.h.type.descriptor.sql.BasicExtractor   : extracted value ([cos_valor] : [DOUBLE]) - [8000.0]
2019-05-20 17:11:17.524 DEBUG 6380 --- [    Test worker] org.hibernate.SQL                        : SELECT * FROM costoestadia WHERE cos_tipo_movil = ? AND cos_tipo_pago = ? AND cos_tiempo_estadia = ?
Hibernate: SELECT * FROM costoestadia WHERE cos_tipo_movil = ? AND cos_tipo_pago = ? AND cos_tiempo_estadia = ?
2019-05-20 17:11:17.524 TRACE 6380 --- [    Test worker] o.h.type.descriptor.sql.BasicBinder      : binding parameter [1] as [VARCHAR] - [CARRO]
2019-05-20 17:11:17.524 TRACE 6380 --- [    Test worker] o.h.type.descriptor.sql.BasicBinder      : binding parameter [2] as [VARCHAR] - [NORMAL]
2019-05-20 17:11:17.524 TRACE 6380 --- [    Test worker] o.h.type.descriptor.sql.BasicBinder      : binding parameter [3] as [VARCHAR] - [HORA]
2019-05-20 17:11:17.525 TRACE 6380 --- [    Test worker] o.h.type.descriptor.sql.BasicExtractor   : extracted value ([cos_id] : [INTEGER]) - [2]
2019-05-20 17:11:17.525 TRACE 6380 --- [    Test worker] o.h.type.descriptor.sql.BasicExtractor   : extracted value ([cos_tiempo_estadia] : [VARCHAR]) - [HORA]
2019-05-20 17:11:17.525 TRACE 6380 --- [    Test worker] o.h.type.descriptor.sql.BasicExtractor   : extracted value ([cos_tipo_movil] : [VARCHAR]) - [CARRO]
2019-05-20 17:11:17.525 TRACE 6380 --- [    Test worker] o.h.type.descriptor.sql.BasicExtractor   : extracted value ([cos_tipo_pago] : [VARCHAR]) - [NORMAL]
2019-05-20 17:11:17.525 TRACE 6380 --- [    Test worker] o.h.type.descriptor.sql.BasicExtractor   : extracted value ([cos_valor] : [DOUBLE]) - [1000.0]
2019-05-20 17:11:17.527 DEBUG 6380 --- [    Test worker] org.hibernate.SQL                        : SELECT * FROM factura WHERE mov_placa = ? AND fac_fecha_salida IS NULL
Hibernate: SELECT * FROM factura WHERE mov_placa = ? AND fac_fecha_salida IS NULL
2019-05-20 17:11:17.528 TRACE 6380 --- [    Test worker] o.h.type.descriptor.sql.BasicBinder      : binding parameter [1] as [VARCHAR] - [VBN-4]
2019-05-20 17:11:17.528 TRACE 6380 --- [    Test worker] o.h.type.descriptor.sql.BasicExtractor   : extracted value ([facId] : [INTEGER]) - [16]
2019-05-20 17:11:17.528 TRACE 6380 --- [    Test worker] o.h.type.descriptor.sql.BasicExtractor   : extracted value ([fac_fecha_ingreso] : [TIMESTAMP]) - [2019-05-20 17:11:16.319]
2019-05-20 17:11:17.528 TRACE 6380 --- [    Test worker] o.h.type.descriptor.sql.BasicExtractor   : extracted value ([fac_fecha_salida] : [TIMESTAMP]) - [null]
2019-05-20 17:11:17.528 TRACE 6380 --- [    Test worker] o.h.type.descriptor.sql.BasicExtractor   : extracted value ([fac_valor] : [DOUBLE]) - [0.0]
2019-05-20 17:11:17.528 TRACE 6380 --- [    Test worker] o.h.type.descriptor.sql.BasicExtractor   : extracted value ([mov_placa] : [VARCHAR]) - [VBN-4]
2019-05-20 17:11:17.529 DEBUG 6380 --- [    Test worker] org.hibernate.SQL                        : select movilentit0_.mov_placa as mov_plac1_2_0_, movilentit0_.mov_cilindraje as mov_cili2_2_0_, movilentit0_.mov_tipo_movil as mov_tipo3_2_0_ from movil movilentit0_ where movilentit0_.mov_placa=?
Hibernate: select movilentit0_.mov_placa as mov_plac1_2_0_, movilentit0_.mov_cilindraje as mov_cili2_2_0_, movilentit0_.mov_tipo_movil as mov_tipo3_2_0_ from movil movilentit0_ where movilentit0_.mov_placa=?
2019-05-20 17:11:17.529 TRACE 6380 --- [    Test worker] o.h.type.descriptor.sql.BasicBinder      : binding parameter [1] as [VARCHAR] - [VBN-4]
2019-05-20 17:11:17.529 TRACE 6380 --- [    Test worker] o.h.type.descriptor.sql.BasicExtractor   : extracted value ([mov_cili2_2_0_] : [DOUBLE]) - [-1.0]
2019-05-20 17:11:17.529 TRACE 6380 --- [    Test worker] o.h.type.descriptor.sql.BasicExtractor   : extracted value ([mov_tipo3_2_0_] : [VARCHAR]) - [CARRO]
2019-05-20 17:11:17.530 TRACE 6380 --- [    Test worker] org.hibernate.type.CollectionType        : Created collection wrapper: [co.com.ceiba.ceibaestacionamiento.persistencia.entidades.MovilEntity.facturasEntity#VBN-4]
2019-05-20 17:11:17.532 DEBUG 6380 --- [    Test worker] org.hibernate.SQL                        : select facturaent0_.facId as facId1_1_0_, facturaent0_.fac_fecha_ingreso as fac_fech2_1_0_, facturaent0_.fac_fecha_salida as fac_fech3_1_0_, facturaent0_.fac_valor as fac_valo4_1_0_, facturaent0_.mov_placa as mov_plac5_1_0_ from factura facturaent0_ where facturaent0_.facId=?
Hibernate: select facturaent0_.facId as facId1_1_0_, facturaent0_.fac_fecha_ingreso as fac_fech2_1_0_, facturaent0_.fac_fecha_salida as fac_fech3_1_0_, facturaent0_.fac_valor as fac_valo4_1_0_, facturaent0_.mov_placa as mov_plac5_1_0_ from factura facturaent0_ where facturaent0_.facId=?
2019-05-20 17:11:17.532 TRACE 6380 --- [    Test worker] o.h.type.descriptor.sql.BasicBinder      : binding parameter [1] as [INTEGER] - [16]
2019-05-20 17:11:17.533 TRACE 6380 --- [    Test worker] o.h.type.descriptor.sql.BasicExtractor   : extracted value ([fac_fech2_1_0_] : [TIMESTAMP]) - [2019-05-20 17:11:16.319]
2019-05-20 17:11:17.533 TRACE 6380 --- [    Test worker] o.h.type.descriptor.sql.BasicExtractor   : extracted value ([fac_fech3_1_0_] : [TIMESTAMP]) - [null]
2019-05-20 17:11:17.533 TRACE 6380 --- [    Test worker] o.h.type.descriptor.sql.BasicExtractor   : extracted value ([fac_valo4_1_0_] : [DOUBLE]) - [0.0]
2019-05-20 17:11:17.533 TRACE 6380 --- [    Test worker] o.h.type.descriptor.sql.BasicExtractor   : extracted value ([mov_plac5_1_0_] : [VARCHAR]) - [VBN-4]
2019-05-20 17:11:17.533 DEBUG 6380 --- [    Test worker] org.hibernate.SQL                        : select movilentit0_.mov_placa as mov_plac1_2_1_, movilentit0_.mov_cilindraje as mov_cili2_2_1_, movilentit0_.mov_tipo_movil as mov_tipo3_2_1_, facturasen1_.mov_placa as mov_plac5_1_3_, facturasen1_.facId as facId1_1_3_, facturasen1_.facId as facId1_1_0_, facturasen1_.fac_fecha_ingreso as fac_fech2_1_0_, facturasen1_.fac_fecha_salida as fac_fech3_1_0_, facturasen1_.fac_valor as fac_valo4_1_0_, facturasen1_.mov_placa as mov_plac5_1_0_ from movil movilentit0_ left outer join factura facturasen1_ on movilentit0_.mov_placa=facturasen1_.mov_placa where movilentit0_.mov_placa=?
Hibernate: select movilentit0_.mov_placa as mov_plac1_2_1_, movilentit0_.mov_cilindraje as mov_cili2_2_1_, movilentit0_.mov_tipo_movil as mov_tipo3_2_1_, facturasen1_.mov_placa as mov_plac5_1_3_, facturasen1_.facId as facId1_1_3_, facturasen1_.facId as facId1_1_0_, facturasen1_.fac_fecha_ingreso as fac_fech2_1_0_, facturasen1_.fac_fecha_salida as fac_fech3_1_0_, facturasen1_.fac_valor as fac_valo4_1_0_, facturasen1_.mov_placa as mov_plac5_1_0_ from movil movilentit0_ left outer join factura facturasen1_ on movilentit0_.mov_placa=facturasen1_.mov_placa where movilentit0_.mov_placa=?
2019-05-20 17:11:17.533 TRACE 6380 --- [    Test worker] o.h.type.descriptor.sql.BasicBinder      : binding parameter [1] as [VARCHAR] - [VBN-4]
2019-05-20 17:11:17.534 TRACE 6380 --- [    Test worker] o.h.type.descriptor.sql.BasicExtractor   : extracted value ([facId1_1_0_] : [INTEGER]) - [16]
2019-05-20 17:11:17.534 TRACE 6380 --- [    Test worker] o.h.type.descriptor.sql.BasicExtractor   : extracted value ([mov_cili2_2_1_] : [DOUBLE]) - [-1.0]
2019-05-20 17:11:17.534 TRACE 6380 --- [    Test worker] o.h.type.descriptor.sql.BasicExtractor   : extracted value ([mov_tipo3_2_1_] : [VARCHAR]) - [CARRO]
2019-05-20 17:11:17.534 TRACE 6380 --- [    Test worker] o.h.type.descriptor.sql.BasicExtractor   : extracted value ([mov_plac5_1_3_] : [VARCHAR]) - [VBN-4]
2019-05-20 17:11:17.534 TRACE 6380 --- [    Test worker] o.h.type.descriptor.sql.BasicExtractor   : extracted value ([facId1_1_3_] : [INTEGER]) - [16]
2019-05-20 17:11:17.536 DEBUG 6380 --- [    Test worker] org.hibernate.SQL                        : update factura set fac_fecha_ingreso=?, fac_fecha_salida=?, fac_valor=?, mov_placa=? where facId=?
Hibernate: update factura set fac_fecha_ingreso=?, fac_fecha_salida=?, fac_valor=?, mov_placa=? where facId=?
2019-05-20 17:11:17.536 TRACE 6380 --- [    Test worker] o.h.type.descriptor.sql.BasicBinder      : binding parameter [1] as [TIMESTAMP] - [2019-05-20 17:11:16.319]
2019-05-20 17:11:17.536 TRACE 6380 --- [    Test worker] o.h.type.descriptor.sql.BasicBinder      : binding parameter [2] as [TIMESTAMP] - [Mon May 20 17:11:17 COT 2019]
2019-05-20 17:11:17.536 TRACE 6380 --- [    Test worker] o.h.type.descriptor.sql.BasicBinder      : binding parameter [3] as [DOUBLE] - [1000.0]
2019-05-20 17:11:17.536 TRACE 6380 --- [    Test worker] o.h.type.descriptor.sql.BasicBinder      : binding parameter [4] as [VARCHAR] - [VBN-4]
2019-05-20 17:11:17.536 TRACE 6380 --- [    Test worker] o.h.type.descriptor.sql.BasicBinder      : binding parameter [5] as [INTEGER] - [16]
2019-05-20 17:11:17.538 DEBUG 6380 --- [    Test worker] org.hibernate.SQL                        : select movilentit0_.mov_placa as mov_plac1_2_0_, movilentit0_.mov_cilindraje as mov_cili2_2_0_, movilentit0_.mov_tipo_movil as mov_tipo3_2_0_ from movil movilentit0_ where movilentit0_.mov_placa=?
Hibernate: select movilentit0_.mov_placa as mov_plac1_2_0_, movilentit0_.mov_cilindraje as mov_cili2_2_0_, movilentit0_.mov_tipo_movil as mov_tipo3_2_0_ from movil movilentit0_ where movilentit0_.mov_placa=?
2019-05-20 17:11:17.539 TRACE 6380 --- [    Test worker] o.h.type.descriptor.sql.BasicBinder      : binding parameter [1] as [VARCHAR] - [VBN-5]
2019-05-20 17:11:17.539 TRACE 6380 --- [    Test worker] o.h.type.descriptor.sql.BasicExtractor   : extracted value ([mov_cili2_2_0_] : [DOUBLE]) - [-1.0]
2019-05-20 17:11:17.539 TRACE 6380 --- [    Test worker] o.h.type.descriptor.sql.BasicExtractor   : extracted value ([mov_tipo3_2_0_] : [VARCHAR]) - [CARRO]
2019-05-20 17:11:17.539 TRACE 6380 --- [    Test worker] org.hibernate.type.CollectionType        : Created collection wrapper: [co.com.ceiba.ceibaestacionamiento.persistencia.entidades.MovilEntity.facturasEntity#VBN-5]
2019-05-20 17:11:17.541 DEBUG 6380 --- [    Test worker] org.hibernate.SQL                        : SELECT COUNT(*) FROM factura WHERE mov_placa = ? AND fac_fecha_salida IS NULL
Hibernate: SELECT COUNT(*) FROM factura WHERE mov_placa = ? AND fac_fecha_salida IS NULL
2019-05-20 17:11:17.542 TRACE 6380 --- [    Test worker] o.h.type.descriptor.sql.BasicBinder      : binding parameter [1] as [VARCHAR] - [VBN-5]
2019-05-20 17:11:17.542 TRACE 6380 --- [    Test worker] o.h.type.descriptor.sql.BasicExtractor   : extracted value ([COUNT(*)] : [NUMERIC]) - [1]
2019-05-20 17:11:17.544 DEBUG 6380 --- [    Test worker] org.hibernate.SQL                        : SELECT * FROM factura WHERE mov_placa = ? AND fac_fecha_salida IS NULL
Hibernate: SELECT * FROM factura WHERE mov_placa = ? AND fac_fecha_salida IS NULL
2019-05-20 17:11:17.544 TRACE 6380 --- [    Test worker] o.h.type.descriptor.sql.BasicBinder      : binding parameter [1] as [VARCHAR] - [VBN-5]
2019-05-20 17:11:17.545 TRACE 6380 --- [    Test worker] o.h.type.descriptor.sql.BasicExtractor   : extracted value ([facId] : [INTEGER]) - [17]
2019-05-20 17:11:17.545 TRACE 6380 --- [    Test worker] o.h.type.descriptor.sql.BasicExtractor   : extracted value ([fac_fecha_ingreso] : [TIMESTAMP]) - [2019-05-20 17:11:16.344]
2019-05-20 17:11:17.545 TRACE 6380 --- [    Test worker] o.h.type.descriptor.sql.BasicExtractor   : extracted value ([fac_fecha_salida] : [TIMESTAMP]) - [null]
2019-05-20 17:11:17.545 TRACE 6380 --- [    Test worker] o.h.type.descriptor.sql.BasicExtractor   : extracted value ([fac_valor] : [DOUBLE]) - [0.0]
2019-05-20 17:11:17.545 TRACE 6380 --- [    Test worker] o.h.type.descriptor.sql.BasicExtractor   : extracted value ([mov_placa] : [VARCHAR]) - [VBN-5]
2019-05-20 17:11:17.545 DEBUG 6380 --- [    Test worker] org.hibernate.SQL                        : select movilentit0_.mov_placa as mov_plac1_2_0_, movilentit0_.mov_cilindraje as mov_cili2_2_0_, movilentit0_.mov_tipo_movil as mov_tipo3_2_0_ from movil movilentit0_ where movilentit0_.mov_placa=?
Hibernate: select movilentit0_.mov_placa as mov_plac1_2_0_, movilentit0_.mov_cilindraje as mov_cili2_2_0_, movilentit0_.mov_tipo_movil as mov_tipo3_2_0_ from movil movilentit0_ where movilentit0_.mov_placa=?
2019-05-20 17:11:17.545 TRACE 6380 --- [    Test worker] o.h.type.descriptor.sql.BasicBinder      : binding parameter [1] as [VARCHAR] - [VBN-5]
2019-05-20 17:11:17.546 TRACE 6380 --- [    Test worker] o.h.type.descriptor.sql.BasicExtractor   : extracted value ([mov_cili2_2_0_] : [DOUBLE]) - [-1.0]
2019-05-20 17:11:17.546 TRACE 6380 --- [    Test worker] o.h.type.descriptor.sql.BasicExtractor   : extracted value ([mov_tipo3_2_0_] : [VARCHAR]) - [CARRO]
2019-05-20 17:11:17.546 TRACE 6380 --- [    Test worker] org.hibernate.type.CollectionType        : Created collection wrapper: [co.com.ceiba.ceibaestacionamiento.persistencia.entidades.MovilEntity.facturasEntity#VBN-5]
2019-05-20 17:11:17.548 DEBUG 6380 --- [    Test worker] org.hibernate.SQL                        : SELECT * FROM costoestadia WHERE cos_tipo_movil = ? AND cos_tipo_pago = ? AND cos_tiempo_estadia = ?
Hibernate: SELECT * FROM costoestadia WHERE cos_tipo_movil = ? AND cos_tipo_pago = ? AND cos_tiempo_estadia = ?
2019-05-20 17:11:17.548 TRACE 6380 --- [    Test worker] o.h.type.descriptor.sql.BasicBinder      : binding parameter [1] as [VARCHAR] - [CARRO]
2019-05-20 17:11:17.548 TRACE 6380 --- [    Test worker] o.h.type.descriptor.sql.BasicBinder      : binding parameter [2] as [VARCHAR] - [NORMAL]
2019-05-20 17:11:17.548 TRACE 6380 --- [    Test worker] o.h.type.descriptor.sql.BasicBinder      : binding parameter [3] as [VARCHAR] - [DIA]
2019-05-20 17:11:17.549 TRACE 6380 --- [    Test worker] o.h.type.descriptor.sql.BasicExtractor   : extracted value ([cos_id] : [INTEGER]) - [1]
2019-05-20 17:11:17.549 TRACE 6380 --- [    Test worker] o.h.type.descriptor.sql.BasicExtractor   : extracted value ([cos_tiempo_estadia] : [VARCHAR]) - [DIA]
2019-05-20 17:11:17.549 TRACE 6380 --- [    Test worker] o.h.type.descriptor.sql.BasicExtractor   : extracted value ([cos_tipo_movil] : [VARCHAR]) - [CARRO]
2019-05-20 17:11:17.549 TRACE 6380 --- [    Test worker] o.h.type.descriptor.sql.BasicExtractor   : extracted value ([cos_tipo_pago] : [VARCHAR]) - [NORMAL]
2019-05-20 17:11:17.549 TRACE 6380 --- [    Test worker] o.h.type.descriptor.sql.BasicExtractor   : extracted value ([cos_valor] : [DOUBLE]) - [8000.0]
2019-05-20 17:11:17.551 DEBUG 6380 --- [    Test worker] org.hibernate.SQL                        : SELECT * FROM costoestadia WHERE cos_tipo_movil = ? AND cos_tipo_pago = ? AND cos_tiempo_estadia = ?
Hibernate: SELECT * FROM costoestadia WHERE cos_tipo_movil = ? AND cos_tipo_pago = ? AND cos_tiempo_estadia = ?
2019-05-20 17:11:17.551 TRACE 6380 --- [    Test worker] o.h.type.descriptor.sql.BasicBinder      : binding parameter [1] as [VARCHAR] - [CARRO]
2019-05-20 17:11:17.551 TRACE 6380 --- [    Test worker] o.h.type.descriptor.sql.BasicBinder      : binding parameter [2] as [VARCHAR] - [NORMAL]
2019-05-20 17:11:17.551 TRACE 6380 --- [    Test worker] o.h.type.descriptor.sql.BasicBinder      : binding parameter [3] as [VARCHAR] - [HORA]
2019-05-20 17:11:17.552 TRACE 6380 --- [    Test worker] o.h.type.descriptor.sql.BasicExtractor   : extracted value ([cos_id] : [INTEGER]) - [2]
2019-05-20 17:11:17.552 TRACE 6380 --- [    Test worker] o.h.type.descriptor.sql.BasicExtractor   : extracted value ([cos_tiempo_estadia] : [VARCHAR]) - [HORA]
2019-05-20 17:11:17.552 TRACE 6380 --- [    Test worker] o.h.type.descriptor.sql.BasicExtractor   : extracted value ([cos_tipo_movil] : [VARCHAR]) - [CARRO]
2019-05-20 17:11:17.552 TRACE 6380 --- [    Test worker] o.h.type.descriptor.sql.BasicExtractor   : extracted value ([cos_tipo_pago] : [VARCHAR]) - [NORMAL]
2019-05-20 17:11:17.552 TRACE 6380 --- [    Test worker] o.h.type.descriptor.sql.BasicExtractor   : extracted value ([cos_valor] : [DOUBLE]) - [1000.0]
2019-05-20 17:11:17.554 DEBUG 6380 --- [    Test worker] org.hibernate.SQL                        : SELECT * FROM factura WHERE mov_placa = ? AND fac_fecha_salida IS NULL
Hibernate: SELECT * FROM factura WHERE mov_placa = ? AND fac_fecha_salida IS NULL
2019-05-20 17:11:17.554 TRACE 6380 --- [    Test worker] o.h.type.descriptor.sql.BasicBinder      : binding parameter [1] as [VARCHAR] - [VBN-5]
2019-05-20 17:11:17.554 TRACE 6380 --- [    Test worker] o.h.type.descriptor.sql.BasicExtractor   : extracted value ([facId] : [INTEGER]) - [17]
2019-05-20 17:11:17.555 TRACE 6380 --- [    Test worker] o.h.type.descriptor.sql.BasicExtractor   : extracted value ([fac_fecha_ingreso] : [TIMESTAMP]) - [2019-05-20 17:11:16.344]
2019-05-20 17:11:17.555 TRACE 6380 --- [    Test worker] o.h.type.descriptor.sql.BasicExtractor   : extracted value ([fac_fecha_salida] : [TIMESTAMP]) - [null]
2019-05-20 17:11:17.555 TRACE 6380 --- [    Test worker] o.h.type.descriptor.sql.BasicExtractor   : extracted value ([fac_valor] : [DOUBLE]) - [0.0]
2019-05-20 17:11:17.555 TRACE 6380 --- [    Test worker] o.h.type.descriptor.sql.BasicExtractor   : extracted value ([mov_placa] : [VARCHAR]) - [VBN-5]
2019-05-20 17:11:17.555 DEBUG 6380 --- [    Test worker] org.hibernate.SQL                        : select movilentit0_.mov_placa as mov_plac1_2_0_, movilentit0_.mov_cilindraje as mov_cili2_2_0_, movilentit0_.mov_tipo_movil as mov_tipo3_2_0_ from movil movilentit0_ where movilentit0_.mov_placa=?
Hibernate: select movilentit0_.mov_placa as mov_plac1_2_0_, movilentit0_.mov_cilindraje as mov_cili2_2_0_, movilentit0_.mov_tipo_movil as mov_tipo3_2_0_ from movil movilentit0_ where movilentit0_.mov_placa=?
2019-05-20 17:11:17.555 TRACE 6380 --- [    Test worker] o.h.type.descriptor.sql.BasicBinder      : binding parameter [1] as [VARCHAR] - [VBN-5]
2019-05-20 17:11:17.556 TRACE 6380 --- [    Test worker] o.h.type.descriptor.sql.BasicExtractor   : extracted value ([mov_cili2_2_0_] : [DOUBLE]) - [-1.0]
2019-05-20 17:11:17.556 TRACE 6380 --- [    Test worker] o.h.type.descriptor.sql.BasicExtractor   : extracted value ([mov_tipo3_2_0_] : [VARCHAR]) - [CARRO]
2019-05-20 17:11:17.556 TRACE 6380 --- [    Test worker] org.hibernate.type.CollectionType        : Created collection wrapper: [co.com.ceiba.ceibaestacionamiento.persistencia.entidades.MovilEntity.facturasEntity#VBN-5]
2019-05-20 17:11:17.558 DEBUG 6380 --- [    Test worker] org.hibernate.SQL                        : select facturaent0_.facId as facId1_1_0_, facturaent0_.fac_fecha_ingreso as fac_fech2_1_0_, facturaent0_.fac_fecha_salida as fac_fech3_1_0_, facturaent0_.fac_valor as fac_valo4_1_0_, facturaent0_.mov_placa as mov_plac5_1_0_ from factura facturaent0_ where facturaent0_.facId=?
Hibernate: select facturaent0_.facId as facId1_1_0_, facturaent0_.fac_fecha_ingreso as fac_fech2_1_0_, facturaent0_.fac_fecha_salida as fac_fech3_1_0_, facturaent0_.fac_valor as fac_valo4_1_0_, facturaent0_.mov_placa as mov_plac5_1_0_ from factura facturaent0_ where facturaent0_.facId=?
2019-05-20 17:11:17.558 TRACE 6380 --- [    Test worker] o.h.type.descriptor.sql.BasicBinder      : binding parameter [1] as [INTEGER] - [17]
2019-05-20 17:11:17.558 TRACE 6380 --- [    Test worker] o.h.type.descriptor.sql.BasicExtractor   : extracted value ([fac_fech2_1_0_] : [TIMESTAMP]) - [2019-05-20 17:11:16.344]
2019-05-20 17:11:17.558 TRACE 6380 --- [    Test worker] o.h.type.descriptor.sql.BasicExtractor   : extracted value ([fac_fech3_1_0_] : [TIMESTAMP]) - [null]
2019-05-20 17:11:17.558 TRACE 6380 --- [    Test worker] o.h.type.descriptor.sql.BasicExtractor   : extracted value ([fac_valo4_1_0_] : [DOUBLE]) - [0.0]
2019-05-20 17:11:17.558 TRACE 6380 --- [    Test worker] o.h.type.descriptor.sql.BasicExtractor   : extracted value ([mov_plac5_1_0_] : [VARCHAR]) - [VBN-5]
2019-05-20 17:11:17.559 DEBUG 6380 --- [    Test worker] org.hibernate.SQL                        : select movilentit0_.mov_placa as mov_plac1_2_1_, movilentit0_.mov_cilindraje as mov_cili2_2_1_, movilentit0_.mov_tipo_movil as mov_tipo3_2_1_, facturasen1_.mov_placa as mov_plac5_1_3_, facturasen1_.facId as facId1_1_3_, facturasen1_.facId as facId1_1_0_, facturasen1_.fac_fecha_ingreso as fac_fech2_1_0_, facturasen1_.fac_fecha_salida as fac_fech3_1_0_, facturasen1_.fac_valor as fac_valo4_1_0_, facturasen1_.mov_placa as mov_plac5_1_0_ from movil movilentit0_ left outer join factura facturasen1_ on movilentit0_.mov_placa=facturasen1_.mov_placa where movilentit0_.mov_placa=?
Hibernate: select movilentit0_.mov_placa as mov_plac1_2_1_, movilentit0_.mov_cilindraje as mov_cili2_2_1_, movilentit0_.mov_tipo_movil as mov_tipo3_2_1_, facturasen1_.mov_placa as mov_plac5_1_3_, facturasen1_.facId as facId1_1_3_, facturasen1_.facId as facId1_1_0_, facturasen1_.fac_fecha_ingreso as fac_fech2_1_0_, facturasen1_.fac_fecha_salida as fac_fech3_1_0_, facturasen1_.fac_valor as fac_valo4_1_0_, facturasen1_.mov_placa as mov_plac5_1_0_ from movil movilentit0_ left outer join factura facturasen1_ on movilentit0_.mov_placa=facturasen1_.mov_placa where movilentit0_.mov_placa=?
2019-05-20 17:11:17.559 TRACE 6380 --- [    Test worker] o.h.type.descriptor.sql.BasicBinder      : binding parameter [1] as [VARCHAR] - [VBN-5]
2019-05-20 17:11:17.559 TRACE 6380 --- [    Test worker] o.h.type.descriptor.sql.BasicExtractor   : extracted value ([facId1_1_0_] : [INTEGER]) - [17]
2019-05-20 17:11:17.559 TRACE 6380 --- [    Test worker] o.h.type.descriptor.sql.BasicExtractor   : extracted value ([mov_cili2_2_1_] : [DOUBLE]) - [-1.0]
2019-05-20 17:11:17.560 TRACE 6380 --- [    Test worker] o.h.type.descriptor.sql.BasicExtractor   : extracted value ([mov_tipo3_2_1_] : [VARCHAR]) - [CARRO]
2019-05-20 17:11:17.560 TRACE 6380 --- [    Test worker] o.h.type.descriptor.sql.BasicExtractor   : extracted value ([mov_plac5_1_3_] : [VARCHAR]) - [VBN-5]
2019-05-20 17:11:17.560 TRACE 6380 --- [    Test worker] o.h.type.descriptor.sql.BasicExtractor   : extracted value ([facId1_1_3_] : [INTEGER]) - [17]
2019-05-20 17:11:17.561 DEBUG 6380 --- [    Test worker] org.hibernate.SQL                        : update factura set fac_fecha_ingreso=?, fac_fecha_salida=?, fac_valor=?, mov_placa=? where facId=?
Hibernate: update factura set fac_fecha_ingreso=?, fac_fecha_salida=?, fac_valor=?, mov_placa=? where facId=?
2019-05-20 17:11:17.563 TRACE 6380 --- [    Test worker] o.h.type.descriptor.sql.BasicBinder      : binding parameter [1] as [TIMESTAMP] - [2019-05-20 17:11:16.344]
2019-05-20 17:11:17.563 TRACE 6380 --- [    Test worker] o.h.type.descriptor.sql.BasicBinder      : binding parameter [2] as [TIMESTAMP] - [Mon May 20 17:11:17 COT 2019]
2019-05-20 17:11:17.563 TRACE 6380 --- [    Test worker] o.h.type.descriptor.sql.BasicBinder      : binding parameter [3] as [DOUBLE] - [1000.0]
2019-05-20 17:11:17.563 TRACE 6380 --- [    Test worker] o.h.type.descriptor.sql.BasicBinder      : binding parameter [4] as [VARCHAR] - [VBN-5]
2019-05-20 17:11:17.563 TRACE 6380 --- [    Test worker] o.h.type.descriptor.sql.BasicBinder      : binding parameter [5] as [INTEGER] - [17]
2019-05-20 17:11:17.565 DEBUG 6380 --- [    Test worker] org.hibernate.SQL                        : select movilentit0_.mov_placa as mov_plac1_2_0_, movilentit0_.mov_cilindraje as mov_cili2_2_0_, movilentit0_.mov_tipo_movil as mov_tipo3_2_0_ from movil movilentit0_ where movilentit0_.mov_placa=?
Hibernate: select movilentit0_.mov_placa as mov_plac1_2_0_, movilentit0_.mov_cilindraje as mov_cili2_2_0_, movilentit0_.mov_tipo_movil as mov_tipo3_2_0_ from movil movilentit0_ where movilentit0_.mov_placa=?
2019-05-20 17:11:17.565 TRACE 6380 --- [    Test worker] o.h.type.descriptor.sql.BasicBinder      : binding parameter [1] as [VARCHAR] - [VBN-6]
2019-05-20 17:11:17.566 TRACE 6380 --- [    Test worker] o.h.type.descriptor.sql.BasicExtractor   : extracted value ([mov_cili2_2_0_] : [DOUBLE]) - [-1.0]
2019-05-20 17:11:17.566 TRACE 6380 --- [    Test worker] o.h.type.descriptor.sql.BasicExtractor   : extracted value ([mov_tipo3_2_0_] : [VARCHAR]) - [CARRO]
2019-05-20 17:11:17.566 TRACE 6380 --- [    Test worker] org.hibernate.type.CollectionType        : Created collection wrapper: [co.com.ceiba.ceibaestacionamiento.persistencia.entidades.MovilEntity.facturasEntity#VBN-6]
2019-05-20 17:11:17.567 DEBUG 6380 --- [    Test worker] org.hibernate.SQL                        : SELECT COUNT(*) FROM factura WHERE mov_placa = ? AND fac_fecha_salida IS NULL
Hibernate: SELECT COUNT(*) FROM factura WHERE mov_placa = ? AND fac_fecha_salida IS NULL
2019-05-20 17:11:17.568 TRACE 6380 --- [    Test worker] o.h.type.descriptor.sql.BasicBinder      : binding parameter [1] as [VARCHAR] - [VBN-6]
2019-05-20 17:11:17.569 TRACE 6380 --- [    Test worker] o.h.type.descriptor.sql.BasicExtractor   : extracted value ([COUNT(*)] : [NUMERIC]) - [1]
2019-05-20 17:11:17.571 DEBUG 6380 --- [    Test worker] org.hibernate.SQL                        : SELECT * FROM factura WHERE mov_placa = ? AND fac_fecha_salida IS NULL
Hibernate: SELECT * FROM factura WHERE mov_placa = ? AND fac_fecha_salida IS NULL
2019-05-20 17:11:17.572 TRACE 6380 --- [    Test worker] o.h.type.descriptor.sql.BasicBinder      : binding parameter [1] as [VARCHAR] - [VBN-6]
2019-05-20 17:11:17.572 TRACE 6380 --- [    Test worker] o.h.type.descriptor.sql.BasicExtractor   : extracted value ([facId] : [INTEGER]) - [18]
2019-05-20 17:11:17.572 TRACE 6380 --- [    Test worker] o.h.type.descriptor.sql.BasicExtractor   : extracted value ([fac_fecha_ingreso] : [TIMESTAMP]) - [2019-05-20 17:11:16.369]
2019-05-20 17:11:17.572 TRACE 6380 --- [    Test worker] o.h.type.descriptor.sql.BasicExtractor   : extracted value ([fac_fecha_salida] : [TIMESTAMP]) - [null]
2019-05-20 17:11:17.572 TRACE 6380 --- [    Test worker] o.h.type.descriptor.sql.BasicExtractor   : extracted value ([fac_valor] : [DOUBLE]) - [0.0]
2019-05-20 17:11:17.573 TRACE 6380 --- [    Test worker] o.h.type.descriptor.sql.BasicExtractor   : extracted value ([mov_placa] : [VARCHAR]) - [VBN-6]
2019-05-20 17:11:17.573 DEBUG 6380 --- [    Test worker] org.hibernate.SQL                        : select movilentit0_.mov_placa as mov_plac1_2_0_, movilentit0_.mov_cilindraje as mov_cili2_2_0_, movilentit0_.mov_tipo_movil as mov_tipo3_2_0_ from movil movilentit0_ where movilentit0_.mov_placa=?
Hibernate: select movilentit0_.mov_placa as mov_plac1_2_0_, movilentit0_.mov_cilindraje as mov_cili2_2_0_, movilentit0_.mov_tipo_movil as mov_tipo3_2_0_ from movil movilentit0_ where movilentit0_.mov_placa=?
2019-05-20 17:11:17.573 TRACE 6380 --- [    Test worker] o.h.type.descriptor.sql.BasicBinder      : binding parameter [1] as [VARCHAR] - [VBN-6]
2019-05-20 17:11:17.573 TRACE 6380 --- [    Test worker] o.h.type.descriptor.sql.BasicExtractor   : extracted value ([mov_cili2_2_0_] : [DOUBLE]) - [-1.0]
2019-05-20 17:11:17.573 TRACE 6380 --- [    Test worker] o.h.type.descriptor.sql.BasicExtractor   : extracted value ([mov_tipo3_2_0_] : [VARCHAR]) - [CARRO]
2019-05-20 17:11:17.574 TRACE 6380 --- [    Test worker] org.hibernate.type.CollectionType        : Created collection wrapper: [co.com.ceiba.ceibaestacionamiento.persistencia.entidades.MovilEntity.facturasEntity#VBN-6]
2019-05-20 17:11:17.575 DEBUG 6380 --- [    Test worker] org.hibernate.SQL                        : SELECT * FROM costoestadia WHERE cos_tipo_movil = ? AND cos_tipo_pago = ? AND cos_tiempo_estadia = ?
Hibernate: SELECT * FROM costoestadia WHERE cos_tipo_movil = ? AND cos_tipo_pago = ? AND cos_tiempo_estadia = ?
2019-05-20 17:11:17.575 TRACE 6380 --- [    Test worker] o.h.type.descriptor.sql.BasicBinder      : binding parameter [1] as [VARCHAR] - [CARRO]
2019-05-20 17:11:17.577 TRACE 6380 --- [    Test worker] o.h.type.descriptor.sql.BasicBinder      : binding parameter [2] as [VARCHAR] - [NORMAL]
2019-05-20 17:11:17.577 TRACE 6380 --- [    Test worker] o.h.type.descriptor.sql.BasicBinder      : binding parameter [3] as [VARCHAR] - [DIA]
2019-05-20 17:11:17.577 TRACE 6380 --- [    Test worker] o.h.type.descriptor.sql.BasicExtractor   : extracted value ([cos_id] : [INTEGER]) - [1]
2019-05-20 17:11:17.577 TRACE 6380 --- [    Test worker] o.h.type.descriptor.sql.BasicExtractor   : extracted value ([cos_tiempo_estadia] : [VARCHAR]) - [DIA]
2019-05-20 17:11:17.577 TRACE 6380 --- [    Test worker] o.h.type.descriptor.sql.BasicExtractor   : extracted value ([cos_tipo_movil] : [VARCHAR]) - [CARRO]
2019-05-20 17:11:17.577 TRACE 6380 --- [    Test worker] o.h.type.descriptor.sql.BasicExtractor   : extracted value ([cos_tipo_pago] : [VARCHAR]) - [NORMAL]
2019-05-20 17:11:17.577 TRACE 6380 --- [    Test worker] o.h.type.descriptor.sql.BasicExtractor   : extracted value ([cos_valor] : [DOUBLE]) - [8000.0]
2019-05-20 17:11:17.579 DEBUG 6380 --- [    Test worker] org.hibernate.SQL                        : SELECT * FROM costoestadia WHERE cos_tipo_movil = ? AND cos_tipo_pago = ? AND cos_tiempo_estadia = ?
Hibernate: SELECT * FROM costoestadia WHERE cos_tipo_movil = ? AND cos_tipo_pago = ? AND cos_tiempo_estadia = ?
2019-05-20 17:11:17.580 TRACE 6380 --- [    Test worker] o.h.type.descriptor.sql.BasicBinder      : binding parameter [1] as [VARCHAR] - [CARRO]
2019-05-20 17:11:17.580 TRACE 6380 --- [    Test worker] o.h.type.descriptor.sql.BasicBinder      : binding parameter [2] as [VARCHAR] - [NORMAL]
2019-05-20 17:11:17.580 TRACE 6380 --- [    Test worker] o.h.type.descriptor.sql.BasicBinder      : binding parameter [3] as [VARCHAR] - [HORA]
2019-05-20 17:11:17.581 TRACE 6380 --- [    Test worker] o.h.type.descriptor.sql.BasicExtractor   : extracted value ([cos_id] : [INTEGER]) - [2]
2019-05-20 17:11:17.581 TRACE 6380 --- [    Test worker] o.h.type.descriptor.sql.BasicExtractor   : extracted value ([cos_tiempo_estadia] : [VARCHAR]) - [HORA]
2019-05-20 17:11:17.581 TRACE 6380 --- [    Test worker] o.h.type.descriptor.sql.BasicExtractor   : extracted value ([cos_tipo_movil] : [VARCHAR]) - [CARRO]
2019-05-20 17:11:17.581 TRACE 6380 --- [    Test worker] o.h.type.descriptor.sql.BasicExtractor   : extracted value ([cos_tipo_pago] : [VARCHAR]) - [NORMAL]
2019-05-20 17:11:17.581 TRACE 6380 --- [    Test worker] o.h.type.descriptor.sql.BasicExtractor   : extracted value ([cos_valor] : [DOUBLE]) - [1000.0]
2019-05-20 17:11:17.582 DEBUG 6380 --- [    Test worker] org.hibernate.SQL                        : SELECT * FROM factura WHERE mov_placa = ? AND fac_fecha_salida IS NULL
Hibernate: SELECT * FROM factura WHERE mov_placa = ? AND fac_fecha_salida IS NULL
2019-05-20 17:11:17.583 TRACE 6380 --- [    Test worker] o.h.type.descriptor.sql.BasicBinder      : binding parameter [1] as [VARCHAR] - [VBN-6]
2019-05-20 17:11:17.583 TRACE 6380 --- [    Test worker] o.h.type.descriptor.sql.BasicExtractor   : extracted value ([facId] : [INTEGER]) - [18]
2019-05-20 17:11:17.583 TRACE 6380 --- [    Test worker] o.h.type.descriptor.sql.BasicExtractor   : extracted value ([fac_fecha_ingreso] : [TIMESTAMP]) - [2019-05-20 17:11:16.369]
2019-05-20 17:11:17.583 TRACE 6380 --- [    Test worker] o.h.type.descriptor.sql.BasicExtractor   : extracted value ([fac_fecha_salida] : [TIMESTAMP]) - [null]
2019-05-20 17:11:17.583 TRACE 6380 --- [    Test worker] o.h.type.descriptor.sql.BasicExtractor   : extracted value ([fac_valor] : [DOUBLE]) - [0.0]
2019-05-20 17:11:17.584 TRACE 6380 --- [    Test worker] o.h.type.descriptor.sql.BasicExtractor   : extracted value ([mov_placa] : [VARCHAR]) - [VBN-6]
2019-05-20 17:11:17.584 DEBUG 6380 --- [    Test worker] org.hibernate.SQL                        : select movilentit0_.mov_placa as mov_plac1_2_0_, movilentit0_.mov_cilindraje as mov_cili2_2_0_, movilentit0_.mov_tipo_movil as mov_tipo3_2_0_ from movil movilentit0_ where movilentit0_.mov_placa=?
Hibernate: select movilentit0_.mov_placa as mov_plac1_2_0_, movilentit0_.mov_cilindraje as mov_cili2_2_0_, movilentit0_.mov_tipo_movil as mov_tipo3_2_0_ from movil movilentit0_ where movilentit0_.mov_placa=?
2019-05-20 17:11:17.584 TRACE 6380 --- [    Test worker] o.h.type.descriptor.sql.BasicBinder      : binding parameter [1] as [VARCHAR] - [VBN-6]
2019-05-20 17:11:17.584 TRACE 6380 --- [    Test worker] o.h.type.descriptor.sql.BasicExtractor   : extracted value ([mov_cili2_2_0_] : [DOUBLE]) - [-1.0]
2019-05-20 17:11:17.584 TRACE 6380 --- [    Test worker] o.h.type.descriptor.sql.BasicExtractor   : extracted value ([mov_tipo3_2_0_] : [VARCHAR]) - [CARRO]
2019-05-20 17:11:17.585 TRACE 6380 --- [    Test worker] org.hibernate.type.CollectionType        : Created collection wrapper: [co.com.ceiba.ceibaestacionamiento.persistencia.entidades.MovilEntity.facturasEntity#VBN-6]
2019-05-20 17:11:17.586 DEBUG 6380 --- [    Test worker] org.hibernate.SQL                        : select facturaent0_.facId as facId1_1_0_, facturaent0_.fac_fecha_ingreso as fac_fech2_1_0_, facturaent0_.fac_fecha_salida as fac_fech3_1_0_, facturaent0_.fac_valor as fac_valo4_1_0_, facturaent0_.mov_placa as mov_plac5_1_0_ from factura facturaent0_ where facturaent0_.facId=?
Hibernate: select facturaent0_.facId as facId1_1_0_, facturaent0_.fac_fecha_ingreso as fac_fech2_1_0_, facturaent0_.fac_fecha_salida as fac_fech3_1_0_, facturaent0_.fac_valor as fac_valo4_1_0_, facturaent0_.mov_placa as mov_plac5_1_0_ from factura facturaent0_ where facturaent0_.facId=?
2019-05-20 17:11:17.586 TRACE 6380 --- [    Test worker] o.h.type.descriptor.sql.BasicBinder      : binding parameter [1] as [INTEGER] - [18]
2019-05-20 17:11:17.587 TRACE 6380 --- [    Test worker] o.h.type.descriptor.sql.BasicExtractor   : extracted value ([fac_fech2_1_0_] : [TIMESTAMP]) - [2019-05-20 17:11:16.369]
2019-05-20 17:11:17.587 TRACE 6380 --- [    Test worker] o.h.type.descriptor.sql.BasicExtractor   : extracted value ([fac_fech3_1_0_] : [TIMESTAMP]) - [null]
2019-05-20 17:11:17.587 TRACE 6380 --- [    Test worker] o.h.type.descriptor.sql.BasicExtractor   : extracted value ([fac_valo4_1_0_] : [DOUBLE]) - [0.0]
2019-05-20 17:11:17.587 TRACE 6380 --- [    Test worker] o.h.type.descriptor.sql.BasicExtractor   : extracted value ([mov_plac5_1_0_] : [VARCHAR]) - [VBN-6]
2019-05-20 17:11:17.587 DEBUG 6380 --- [    Test worker] org.hibernate.SQL                        : select movilentit0_.mov_placa as mov_plac1_2_1_, movilentit0_.mov_cilindraje as mov_cili2_2_1_, movilentit0_.mov_tipo_movil as mov_tipo3_2_1_, facturasen1_.mov_placa as mov_plac5_1_3_, facturasen1_.facId as facId1_1_3_, facturasen1_.facId as facId1_1_0_, facturasen1_.fac_fecha_ingreso as fac_fech2_1_0_, facturasen1_.fac_fecha_salida as fac_fech3_1_0_, facturasen1_.fac_valor as fac_valo4_1_0_, facturasen1_.mov_placa as mov_plac5_1_0_ from movil movilentit0_ left outer join factura facturasen1_ on movilentit0_.mov_placa=facturasen1_.mov_placa where movilentit0_.mov_placa=?
Hibernate: select movilentit0_.mov_placa as mov_plac1_2_1_, movilentit0_.mov_cilindraje as mov_cili2_2_1_, movilentit0_.mov_tipo_movil as mov_tipo3_2_1_, facturasen1_.mov_placa as mov_plac5_1_3_, facturasen1_.facId as facId1_1_3_, facturasen1_.facId as facId1_1_0_, facturasen1_.fac_fecha_ingreso as fac_fech2_1_0_, facturasen1_.fac_fecha_salida as fac_fech3_1_0_, facturasen1_.fac_valor as fac_valo4_1_0_, facturasen1_.mov_placa as mov_plac5_1_0_ from movil movilentit0_ left outer join factura facturasen1_ on movilentit0_.mov_placa=facturasen1_.mov_placa where movilentit0_.mov_placa=?
2019-05-20 17:11:17.588 TRACE 6380 --- [    Test worker] o.h.type.descriptor.sql.BasicBinder      : binding parameter [1] as [VARCHAR] - [VBN-6]
2019-05-20 17:11:17.588 TRACE 6380 --- [    Test worker] o.h.type.descriptor.sql.BasicExtractor   : extracted value ([facId1_1_0_] : [INTEGER]) - [18]
2019-05-20 17:11:17.588 TRACE 6380 --- [    Test worker] o.h.type.descriptor.sql.BasicExtractor   : extracted value ([mov_cili2_2_1_] : [DOUBLE]) - [-1.0]
2019-05-20 17:11:17.588 TRACE 6380 --- [    Test worker] o.h.type.descriptor.sql.BasicExtractor   : extracted value ([mov_tipo3_2_1_] : [VARCHAR]) - [CARRO]
2019-05-20 17:11:17.588 TRACE 6380 --- [    Test worker] o.h.type.descriptor.sql.BasicExtractor   : extracted value ([mov_plac5_1_3_] : [VARCHAR]) - [VBN-6]
2019-05-20 17:11:17.588 TRACE 6380 --- [    Test worker] o.h.type.descriptor.sql.BasicExtractor   : extracted value ([facId1_1_3_] : [INTEGER]) - [18]
2019-05-20 17:11:17.590 DEBUG 6380 --- [    Test worker] org.hibernate.SQL                        : update factura set fac_fecha_ingreso=?, fac_fecha_salida=?, fac_valor=?, mov_placa=? where facId=?
Hibernate: update factura set fac_fecha_ingreso=?, fac_fecha_salida=?, fac_valor=?, mov_placa=? where facId=?
2019-05-20 17:11:17.590 TRACE 6380 --- [    Test worker] o.h.type.descriptor.sql.BasicBinder      : binding parameter [1] as [TIMESTAMP] - [2019-05-20 17:11:16.369]
2019-05-20 17:11:17.590 TRACE 6380 --- [    Test worker] o.h.type.descriptor.sql.BasicBinder      : binding parameter [2] as [TIMESTAMP] - [Mon May 20 17:11:17 COT 2019]
2019-05-20 17:11:17.591 TRACE 6380 --- [    Test worker] o.h.type.descriptor.sql.BasicBinder      : binding parameter [3] as [DOUBLE] - [1000.0]
2019-05-20 17:11:17.591 TRACE 6380 --- [    Test worker] o.h.type.descriptor.sql.BasicBinder      : binding parameter [4] as [VARCHAR] - [VBN-6]
2019-05-20 17:11:17.591 TRACE 6380 --- [    Test worker] o.h.type.descriptor.sql.BasicBinder      : binding parameter [5] as [INTEGER] - [18]
2019-05-20 17:11:17.593 DEBUG 6380 --- [    Test worker] org.hibernate.SQL                        : select movilentit0_.mov_placa as mov_plac1_2_0_, movilentit0_.mov_cilindraje as mov_cili2_2_0_, movilentit0_.mov_tipo_movil as mov_tipo3_2_0_ from movil movilentit0_ where movilentit0_.mov_placa=?
Hibernate: select movilentit0_.mov_placa as mov_plac1_2_0_, movilentit0_.mov_cilindraje as mov_cili2_2_0_, movilentit0_.mov_tipo_movil as mov_tipo3_2_0_ from movil movilentit0_ where movilentit0_.mov_placa=?
2019-05-20 17:11:17.593 TRACE 6380 --- [    Test worker] o.h.type.descriptor.sql.BasicBinder      : binding parameter [1] as [VARCHAR] - [VBN-7]
2019-05-20 17:11:17.593 TRACE 6380 --- [    Test worker] o.h.type.descriptor.sql.BasicExtractor   : extracted value ([mov_cili2_2_0_] : [DOUBLE]) - [-1.0]
2019-05-20 17:11:17.593 TRACE 6380 --- [    Test worker] o.h.type.descriptor.sql.BasicExtractor   : extracted value ([mov_tipo3_2_0_] : [VARCHAR]) - [CARRO]
2019-05-20 17:11:17.594 TRACE 6380 --- [    Test worker] org.hibernate.type.CollectionType        : Created collection wrapper: [co.com.ceiba.ceibaestacionamiento.persistencia.entidades.MovilEntity.facturasEntity#VBN-7]
2019-05-20 17:11:17.595 DEBUG 6380 --- [    Test worker] org.hibernate.SQL                        : SELECT COUNT(*) FROM factura WHERE mov_placa = ? AND fac_fecha_salida IS NULL
Hibernate: SELECT COUNT(*) FROM factura WHERE mov_placa = ? AND fac_fecha_salida IS NULL
2019-05-20 17:11:17.596 TRACE 6380 --- [    Test worker] o.h.type.descriptor.sql.BasicBinder      : binding parameter [1] as [VARCHAR] - [VBN-7]
2019-05-20 17:11:17.596 TRACE 6380 --- [    Test worker] o.h.type.descriptor.sql.BasicExtractor   : extracted value ([COUNT(*)] : [NUMERIC]) - [1]
2019-05-20 17:11:17.598 DEBUG 6380 --- [    Test worker] org.hibernate.SQL                        : SELECT * FROM factura WHERE mov_placa = ? AND fac_fecha_salida IS NULL
Hibernate: SELECT * FROM factura WHERE mov_placa = ? AND fac_fecha_salida IS NULL
2019-05-20 17:11:17.599 TRACE 6380 --- [    Test worker] o.h.type.descriptor.sql.BasicBinder      : binding parameter [1] as [VARCHAR] - [VBN-7]
2019-05-20 17:11:17.599 TRACE 6380 --- [    Test worker] o.h.type.descriptor.sql.BasicExtractor   : extracted value ([facId] : [INTEGER]) - [19]
2019-05-20 17:11:17.599 TRACE 6380 --- [    Test worker] o.h.type.descriptor.sql.BasicExtractor   : extracted value ([fac_fecha_ingreso] : [TIMESTAMP]) - [2019-05-20 17:11:16.394]
2019-05-20 17:11:17.599 TRACE 6380 --- [    Test worker] o.h.type.descriptor.sql.BasicExtractor   : extracted value ([fac_fecha_salida] : [TIMESTAMP]) - [null]
2019-05-20 17:11:17.599 TRACE 6380 --- [    Test worker] o.h.type.descriptor.sql.BasicExtractor   : extracted value ([fac_valor] : [DOUBLE]) - [0.0]
2019-05-20 17:11:17.599 TRACE 6380 --- [    Test worker] o.h.type.descriptor.sql.BasicExtractor   : extracted value ([mov_placa] : [VARCHAR]) - [VBN-7]
2019-05-20 17:11:17.599 DEBUG 6380 --- [    Test worker] org.hibernate.SQL                        : select movilentit0_.mov_placa as mov_plac1_2_0_, movilentit0_.mov_cilindraje as mov_cili2_2_0_, movilentit0_.mov_tipo_movil as mov_tipo3_2_0_ from movil movilentit0_ where movilentit0_.mov_placa=?
Hibernate: select movilentit0_.mov_placa as mov_plac1_2_0_, movilentit0_.mov_cilindraje as mov_cili2_2_0_, movilentit0_.mov_tipo_movil as mov_tipo3_2_0_ from movil movilentit0_ where movilentit0_.mov_placa=?
2019-05-20 17:11:17.600 TRACE 6380 --- [    Test worker] o.h.type.descriptor.sql.BasicBinder      : binding parameter [1] as [VARCHAR] - [VBN-7]
2019-05-20 17:11:17.600 TRACE 6380 --- [    Test worker] o.h.type.descriptor.sql.BasicExtractor   : extracted value ([mov_cili2_2_0_] : [DOUBLE]) - [-1.0]
2019-05-20 17:11:17.600 TRACE 6380 --- [    Test worker] o.h.type.descriptor.sql.BasicExtractor   : extracted value ([mov_tipo3_2_0_] : [VARCHAR]) - [CARRO]
2019-05-20 17:11:17.600 TRACE 6380 --- [    Test worker] org.hibernate.type.CollectionType        : Created collection wrapper: [co.com.ceiba.ceibaestacionamiento.persistencia.entidades.MovilEntity.facturasEntity#VBN-7]
2019-05-20 17:11:17.603 DEBUG 6380 --- [    Test worker] org.hibernate.SQL                        : SELECT * FROM costoestadia WHERE cos_tipo_movil = ? AND cos_tipo_pago = ? AND cos_tiempo_estadia = ?
Hibernate: SELECT * FROM costoestadia WHERE cos_tipo_movil = ? AND cos_tipo_pago = ? AND cos_tiempo_estadia = ?
2019-05-20 17:11:17.603 TRACE 6380 --- [    Test worker] o.h.type.descriptor.sql.BasicBinder      : binding parameter [1] as [VARCHAR] - [CARRO]
2019-05-20 17:11:17.603 TRACE 6380 --- [    Test worker] o.h.type.descriptor.sql.BasicBinder      : binding parameter [2] as [VARCHAR] - [NORMAL]
2019-05-20 17:11:17.604 TRACE 6380 --- [    Test worker] o.h.type.descriptor.sql.BasicBinder      : binding parameter [3] as [VARCHAR] - [DIA]
2019-05-20 17:11:17.604 TRACE 6380 --- [    Test worker] o.h.type.descriptor.sql.BasicExtractor   : extracted value ([cos_id] : [INTEGER]) - [1]
2019-05-20 17:11:17.604 TRACE 6380 --- [    Test worker] o.h.type.descriptor.sql.BasicExtractor   : extracted value ([cos_tiempo_estadia] : [VARCHAR]) - [DIA]
2019-05-20 17:11:17.604 TRACE 6380 --- [    Test worker] o.h.type.descriptor.sql.BasicExtractor   : extracted value ([cos_tipo_movil] : [VARCHAR]) - [CARRO]
2019-05-20 17:11:17.604 TRACE 6380 --- [    Test worker] o.h.type.descriptor.sql.BasicExtractor   : extracted value ([cos_tipo_pago] : [VARCHAR]) - [NORMAL]
2019-05-20 17:11:17.604 TRACE 6380 --- [    Test worker] o.h.type.descriptor.sql.BasicExtractor   : extracted value ([cos_valor] : [DOUBLE]) - [8000.0]
2019-05-20 17:11:17.607 DEBUG 6380 --- [    Test worker] org.hibernate.SQL                        : SELECT * FROM costoestadia WHERE cos_tipo_movil = ? AND cos_tipo_pago = ? AND cos_tiempo_estadia = ?
Hibernate: SELECT * FROM costoestadia WHERE cos_tipo_movil = ? AND cos_tipo_pago = ? AND cos_tiempo_estadia = ?
2019-05-20 17:11:17.607 TRACE 6380 --- [    Test worker] o.h.type.descriptor.sql.BasicBinder      : binding parameter [1] as [VARCHAR] - [CARRO]
2019-05-20 17:11:17.608 TRACE 6380 --- [    Test worker] o.h.type.descriptor.sql.BasicBinder      : binding parameter [2] as [VARCHAR] - [NORMAL]
2019-05-20 17:11:17.608 TRACE 6380 --- [    Test worker] o.h.type.descriptor.sql.BasicBinder      : binding parameter [3] as [VARCHAR] - [HORA]
2019-05-20 17:11:17.609 TRACE 6380 --- [    Test worker] o.h.type.descriptor.sql.BasicExtractor   : extracted value ([cos_id] : [INTEGER]) - [2]
2019-05-20 17:11:17.609 TRACE 6380 --- [    Test worker] o.h.type.descriptor.sql.BasicExtractor   : extracted value ([cos_tiempo_estadia] : [VARCHAR]) - [HORA]
2019-05-20 17:11:17.609 TRACE 6380 --- [    Test worker] o.h.type.descriptor.sql.BasicExtractor   : extracted value ([cos_tipo_movil] : [VARCHAR]) - [CARRO]
2019-05-20 17:11:17.609 TRACE 6380 --- [    Test worker] o.h.type.descriptor.sql.BasicExtractor   : extracted value ([cos_tipo_pago] : [VARCHAR]) - [NORMAL]
2019-05-20 17:11:17.609 TRACE 6380 --- [    Test worker] o.h.type.descriptor.sql.BasicExtractor   : extracted value ([cos_valor] : [DOUBLE]) - [1000.0]
2019-05-20 17:11:17.611 DEBUG 6380 --- [    Test worker] org.hibernate.SQL                        : SELECT * FROM factura WHERE mov_placa = ? AND fac_fecha_salida IS NULL
Hibernate: SELECT * FROM factura WHERE mov_placa = ? AND fac_fecha_salida IS NULL
2019-05-20 17:11:17.612 TRACE 6380 --- [    Test worker] o.h.type.descriptor.sql.BasicBinder      : binding parameter [1] as [VARCHAR] - [VBN-7]
2019-05-20 17:11:17.612 TRACE 6380 --- [    Test worker] o.h.type.descriptor.sql.BasicExtractor   : extracted value ([facId] : [INTEGER]) - [19]
2019-05-20 17:11:17.613 TRACE 6380 --- [    Test worker] o.h.type.descriptor.sql.BasicExtractor   : extracted value ([fac_fecha_ingreso] : [TIMESTAMP]) - [2019-05-20 17:11:16.394]
2019-05-20 17:11:17.613 TRACE 6380 --- [    Test worker] o.h.type.descriptor.sql.BasicExtractor   : extracted value ([fac_fecha_salida] : [TIMESTAMP]) - [null]
2019-05-20 17:11:17.613 TRACE 6380 --- [    Test worker] o.h.type.descriptor.sql.BasicExtractor   : extracted value ([fac_valor] : [DOUBLE]) - [0.0]
2019-05-20 17:11:17.613 TRACE 6380 --- [    Test worker] o.h.type.descriptor.sql.BasicExtractor   : extracted value ([mov_placa] : [VARCHAR]) - [VBN-7]
2019-05-20 17:11:17.613 DEBUG 6380 --- [    Test worker] org.hibernate.SQL                        : select movilentit0_.mov_placa as mov_plac1_2_0_, movilentit0_.mov_cilindraje as mov_cili2_2_0_, movilentit0_.mov_tipo_movil as mov_tipo3_2_0_ from movil movilentit0_ where movilentit0_.mov_placa=?
Hibernate: select movilentit0_.mov_placa as mov_plac1_2_0_, movilentit0_.mov_cilindraje as mov_cili2_2_0_, movilentit0_.mov_tipo_movil as mov_tipo3_2_0_ from movil movilentit0_ where movilentit0_.mov_placa=?
2019-05-20 17:11:17.614 TRACE 6380 --- [    Test worker] o.h.type.descriptor.sql.BasicBinder      : binding parameter [1] as [VARCHAR] - [VBN-7]
2019-05-20 17:11:17.614 TRACE 6380 --- [    Test worker] o.h.type.descriptor.sql.BasicExtractor   : extracted value ([mov_cili2_2_0_] : [DOUBLE]) - [-1.0]
2019-05-20 17:11:17.614 TRACE 6380 --- [    Test worker] o.h.type.descriptor.sql.BasicExtractor   : extracted value ([mov_tipo3_2_0_] : [VARCHAR]) - [CARRO]
2019-05-20 17:11:17.614 TRACE 6380 --- [    Test worker] org.hibernate.type.CollectionType        : Created collection wrapper: [co.com.ceiba.ceibaestacionamiento.persistencia.entidades.MovilEntity.facturasEntity#VBN-7]
2019-05-20 17:11:17.616 DEBUG 6380 --- [    Test worker] org.hibernate.SQL                        : select facturaent0_.facId as facId1_1_0_, facturaent0_.fac_fecha_ingreso as fac_fech2_1_0_, facturaent0_.fac_fecha_salida as fac_fech3_1_0_, facturaent0_.fac_valor as fac_valo4_1_0_, facturaent0_.mov_placa as mov_plac5_1_0_ from factura facturaent0_ where facturaent0_.facId=?
Hibernate: select facturaent0_.facId as facId1_1_0_, facturaent0_.fac_fecha_ingreso as fac_fech2_1_0_, facturaent0_.fac_fecha_salida as fac_fech3_1_0_, facturaent0_.fac_valor as fac_valo4_1_0_, facturaent0_.mov_placa as mov_plac5_1_0_ from factura facturaent0_ where facturaent0_.facId=?
2019-05-20 17:11:17.616 TRACE 6380 --- [    Test worker] o.h.type.descriptor.sql.BasicBinder      : binding parameter [1] as [INTEGER] - [19]
2019-05-20 17:11:17.617 TRACE 6380 --- [    Test worker] o.h.type.descriptor.sql.BasicExtractor   : extracted value ([fac_fech2_1_0_] : [TIMESTAMP]) - [2019-05-20 17:11:16.394]
2019-05-20 17:11:17.617 TRACE 6380 --- [    Test worker] o.h.type.descriptor.sql.BasicExtractor   : extracted value ([fac_fech3_1_0_] : [TIMESTAMP]) - [null]
2019-05-20 17:11:17.617 TRACE 6380 --- [    Test worker] o.h.type.descriptor.sql.BasicExtractor   : extracted value ([fac_valo4_1_0_] : [DOUBLE]) - [0.0]
2019-05-20 17:11:17.617 TRACE 6380 --- [    Test worker] o.h.type.descriptor.sql.BasicExtractor   : extracted value ([mov_plac5_1_0_] : [VARCHAR]) - [VBN-7]
2019-05-20 17:11:17.617 DEBUG 6380 --- [    Test worker] org.hibernate.SQL                        : select movilentit0_.mov_placa as mov_plac1_2_1_, movilentit0_.mov_cilindraje as mov_cili2_2_1_, movilentit0_.mov_tipo_movil as mov_tipo3_2_1_, facturasen1_.mov_placa as mov_plac5_1_3_, facturasen1_.facId as facId1_1_3_, facturasen1_.facId as facId1_1_0_, facturasen1_.fac_fecha_ingreso as fac_fech2_1_0_, facturasen1_.fac_fecha_salida as fac_fech3_1_0_, facturasen1_.fac_valor as fac_valo4_1_0_, facturasen1_.mov_placa as mov_plac5_1_0_ from movil movilentit0_ left outer join factura facturasen1_ on movilentit0_.mov_placa=facturasen1_.mov_placa where movilentit0_.mov_placa=?
Hibernate: select movilentit0_.mov_placa as mov_plac1_2_1_, movilentit0_.mov_cilindraje as mov_cili2_2_1_, movilentit0_.mov_tipo_movil as mov_tipo3_2_1_, facturasen1_.mov_placa as mov_plac5_1_3_, facturasen1_.facId as facId1_1_3_, facturasen1_.facId as facId1_1_0_, facturasen1_.fac_fecha_ingreso as fac_fech2_1_0_, facturasen1_.fac_fecha_salida as fac_fech3_1_0_, facturasen1_.fac_valor as fac_valo4_1_0_, facturasen1_.mov_placa as mov_plac5_1_0_ from movil movilentit0_ left outer join factura facturasen1_ on movilentit0_.mov_placa=facturasen1_.mov_placa where movilentit0_.mov_placa=?
2019-05-20 17:11:17.618 TRACE 6380 --- [    Test worker] o.h.type.descriptor.sql.BasicBinder      : binding parameter [1] as [VARCHAR] - [VBN-7]
2019-05-20 17:11:17.618 TRACE 6380 --- [    Test worker] o.h.type.descriptor.sql.BasicExtractor   : extracted value ([facId1_1_0_] : [INTEGER]) - [19]
2019-05-20 17:11:17.618 TRACE 6380 --- [    Test worker] o.h.type.descriptor.sql.BasicExtractor   : extracted value ([mov_cili2_2_1_] : [DOUBLE]) - [-1.0]
2019-05-20 17:11:17.618 TRACE 6380 --- [    Test worker] o.h.type.descriptor.sql.BasicExtractor   : extracted value ([mov_tipo3_2_1_] : [VARCHAR]) - [CARRO]
2019-05-20 17:11:17.618 TRACE 6380 --- [    Test worker] o.h.type.descriptor.sql.BasicExtractor   : extracted value ([mov_plac5_1_3_] : [VARCHAR]) - [VBN-7]
2019-05-20 17:11:17.618 TRACE 6380 --- [    Test worker] o.h.type.descriptor.sql.BasicExtractor   : extracted value ([facId1_1_3_] : [INTEGER]) - [19]
2019-05-20 17:11:17.634 DEBUG 6380 --- [    Test worker] org.hibernate.SQL                        : update factura set fac_fecha_ingreso=?, fac_fecha_salida=?, fac_valor=?, mov_placa=? where facId=?
Hibernate: update factura set fac_fecha_ingreso=?, fac_fecha_salida=?, fac_valor=?, mov_placa=? where facId=?
2019-05-20 17:11:17.634 TRACE 6380 --- [    Test worker] o.h.type.descriptor.sql.BasicBinder      : binding parameter [1] as [TIMESTAMP] - [2019-05-20 17:11:16.394]
2019-05-20 17:11:17.634 TRACE 6380 --- [    Test worker] o.h.type.descriptor.sql.BasicBinder      : binding parameter [2] as [TIMESTAMP] - [Mon May 20 17:11:17 COT 2019]
2019-05-20 17:11:17.634 TRACE 6380 --- [    Test worker] o.h.type.descriptor.sql.BasicBinder      : binding parameter [3] as [DOUBLE] - [1000.0]
2019-05-20 17:11:17.634 TRACE 6380 --- [    Test worker] o.h.type.descriptor.sql.BasicBinder      : binding parameter [4] as [VARCHAR] - [VBN-7]
2019-05-20 17:11:17.635 TRACE 6380 --- [    Test worker] o.h.type.descriptor.sql.BasicBinder      : binding parameter [5] as [INTEGER] - [19]
2019-05-20 17:11:17.636 DEBUG 6380 --- [    Test worker] org.hibernate.SQL                        : select movilentit0_.mov_placa as mov_plac1_2_0_, movilentit0_.mov_cilindraje as mov_cili2_2_0_, movilentit0_.mov_tipo_movil as mov_tipo3_2_0_ from movil movilentit0_ where movilentit0_.mov_placa=?
Hibernate: select movilentit0_.mov_placa as mov_plac1_2_0_, movilentit0_.mov_cilindraje as mov_cili2_2_0_, movilentit0_.mov_tipo_movil as mov_tipo3_2_0_ from movil movilentit0_ where movilentit0_.mov_placa=?
2019-05-20 17:11:17.636 TRACE 6380 --- [    Test worker] o.h.type.descriptor.sql.BasicBinder      : binding parameter [1] as [VARCHAR] - [VBN-8]
2019-05-20 17:11:17.637 TRACE 6380 --- [    Test worker] o.h.type.descriptor.sql.BasicExtractor   : extracted value ([mov_cili2_2_0_] : [DOUBLE]) - [-1.0]
2019-05-20 17:11:17.637 TRACE 6380 --- [    Test worker] o.h.type.descriptor.sql.BasicExtractor   : extracted value ([mov_tipo3_2_0_] : [VARCHAR]) - [CARRO]
2019-05-20 17:11:17.637 TRACE 6380 --- [    Test worker] org.hibernate.type.CollectionType        : Created collection wrapper: [co.com.ceiba.ceibaestacionamiento.persistencia.entidades.MovilEntity.facturasEntity#VBN-8]
2019-05-20 17:11:17.638 DEBUG 6380 --- [    Test worker] org.hibernate.SQL                        : SELECT COUNT(*) FROM factura WHERE mov_placa = ? AND fac_fecha_salida IS NULL
Hibernate: SELECT COUNT(*) FROM factura WHERE mov_placa = ? AND fac_fecha_salida IS NULL
2019-05-20 17:11:17.639 TRACE 6380 --- [    Test worker] o.h.type.descriptor.sql.BasicBinder      : binding parameter [1] as [VARCHAR] - [VBN-8]
2019-05-20 17:11:17.639 TRACE 6380 --- [    Test worker] o.h.type.descriptor.sql.BasicExtractor   : extracted value ([COUNT(*)] : [NUMERIC]) - [1]
2019-05-20 17:11:17.640 DEBUG 6380 --- [    Test worker] org.hibernate.SQL                        : SELECT * FROM factura WHERE mov_placa = ? AND fac_fecha_salida IS NULL
Hibernate: SELECT * FROM factura WHERE mov_placa = ? AND fac_fecha_salida IS NULL
2019-05-20 17:11:17.640 TRACE 6380 --- [    Test worker] o.h.type.descriptor.sql.BasicBinder      : binding parameter [1] as [VARCHAR] - [VBN-8]
2019-05-20 17:11:17.640 TRACE 6380 --- [    Test worker] o.h.type.descriptor.sql.BasicExtractor   : extracted value ([facId] : [INTEGER]) - [20]
2019-05-20 17:11:17.641 TRACE 6380 --- [    Test worker] o.h.type.descriptor.sql.BasicExtractor   : extracted value ([fac_fecha_ingreso] : [TIMESTAMP]) - [2019-05-20 17:11:16.417]
2019-05-20 17:11:17.641 TRACE 6380 --- [    Test worker] o.h.type.descriptor.sql.BasicExtractor   : extracted value ([fac_fecha_salida] : [TIMESTAMP]) - [null]
2019-05-20 17:11:17.641 TRACE 6380 --- [    Test worker] o.h.type.descriptor.sql.BasicExtractor   : extracted value ([fac_valor] : [DOUBLE]) - [0.0]
2019-05-20 17:11:17.641 TRACE 6380 --- [    Test worker] o.h.type.descriptor.sql.BasicExtractor   : extracted value ([mov_placa] : [VARCHAR]) - [VBN-8]
2019-05-20 17:11:17.641 DEBUG 6380 --- [    Test worker] org.hibernate.SQL                        : select movilentit0_.mov_placa as mov_plac1_2_0_, movilentit0_.mov_cilindraje as mov_cili2_2_0_, movilentit0_.mov_tipo_movil as mov_tipo3_2_0_ from movil movilentit0_ where movilentit0_.mov_placa=?
Hibernate: select movilentit0_.mov_placa as mov_plac1_2_0_, movilentit0_.mov_cilindraje as mov_cili2_2_0_, movilentit0_.mov_tipo_movil as mov_tipo3_2_0_ from movil movilentit0_ where movilentit0_.mov_placa=?
2019-05-20 17:11:17.641 TRACE 6380 --- [    Test worker] o.h.type.descriptor.sql.BasicBinder      : binding parameter [1] as [VARCHAR] - [VBN-8]
2019-05-20 17:11:17.641 TRACE 6380 --- [    Test worker] o.h.type.descriptor.sql.BasicExtractor   : extracted value ([mov_cili2_2_0_] : [DOUBLE]) - [-1.0]
2019-05-20 17:11:17.641 TRACE 6380 --- [    Test worker] o.h.type.descriptor.sql.BasicExtractor   : extracted value ([mov_tipo3_2_0_] : [VARCHAR]) - [CARRO]
2019-05-20 17:11:17.641 TRACE 6380 --- [    Test worker] org.hibernate.type.CollectionType        : Created collection wrapper: [co.com.ceiba.ceibaestacionamiento.persistencia.entidades.MovilEntity.facturasEntity#VBN-8]
2019-05-20 17:11:17.643 DEBUG 6380 --- [    Test worker] org.hibernate.SQL                        : SELECT * FROM costoestadia WHERE cos_tipo_movil = ? AND cos_tipo_pago = ? AND cos_tiempo_estadia = ?
Hibernate: SELECT * FROM costoestadia WHERE cos_tipo_movil = ? AND cos_tipo_pago = ? AND cos_tiempo_estadia = ?
2019-05-20 17:11:17.643 TRACE 6380 --- [    Test worker] o.h.type.descriptor.sql.BasicBinder      : binding parameter [1] as [VARCHAR] - [CARRO]
2019-05-20 17:11:17.644 TRACE 6380 --- [    Test worker] o.h.type.descriptor.sql.BasicBinder      : binding parameter [2] as [VARCHAR] - [NORMAL]
2019-05-20 17:11:17.644 TRACE 6380 --- [    Test worker] o.h.type.descriptor.sql.BasicBinder      : binding parameter [3] as [VARCHAR] - [DIA]
2019-05-20 17:11:17.644 TRACE 6380 --- [    Test worker] o.h.type.descriptor.sql.BasicExtractor   : extracted value ([cos_id] : [INTEGER]) - [1]
2019-05-20 17:11:17.644 TRACE 6380 --- [    Test worker] o.h.type.descriptor.sql.BasicExtractor   : extracted value ([cos_tiempo_estadia] : [VARCHAR]) - [DIA]
2019-05-20 17:11:17.644 TRACE 6380 --- [    Test worker] o.h.type.descriptor.sql.BasicExtractor   : extracted value ([cos_tipo_movil] : [VARCHAR]) - [CARRO]
2019-05-20 17:11:17.644 TRACE 6380 --- [    Test worker] o.h.type.descriptor.sql.BasicExtractor   : extracted value ([cos_tipo_pago] : [VARCHAR]) - [NORMAL]
2019-05-20 17:11:17.644 TRACE 6380 --- [    Test worker] o.h.type.descriptor.sql.BasicExtractor   : extracted value ([cos_valor] : [DOUBLE]) - [8000.0]
2019-05-20 17:11:17.645 DEBUG 6380 --- [    Test worker] org.hibernate.SQL                        : SELECT * FROM costoestadia WHERE cos_tipo_movil = ? AND cos_tipo_pago = ? AND cos_tiempo_estadia = ?
Hibernate: SELECT * FROM costoestadia WHERE cos_tipo_movil = ? AND cos_tipo_pago = ? AND cos_tiempo_estadia = ?
2019-05-20 17:11:17.646 TRACE 6380 --- [    Test worker] o.h.type.descriptor.sql.BasicBinder      : binding parameter [1] as [VARCHAR] - [CARRO]
2019-05-20 17:11:17.646 TRACE 6380 --- [    Test worker] o.h.type.descriptor.sql.BasicBinder      : binding parameter [2] as [VARCHAR] - [NORMAL]
2019-05-20 17:11:17.646 TRACE 6380 --- [    Test worker] o.h.type.descriptor.sql.BasicBinder      : binding parameter [3] as [VARCHAR] - [HORA]
2019-05-20 17:11:17.646 TRACE 6380 --- [    Test worker] o.h.type.descriptor.sql.BasicExtractor   : extracted value ([cos_id] : [INTEGER]) - [2]
2019-05-20 17:11:17.646 TRACE 6380 --- [    Test worker] o.h.type.descriptor.sql.BasicExtractor   : extracted value ([cos_tiempo_estadia] : [VARCHAR]) - [HORA]
2019-05-20 17:11:17.646 TRACE 6380 --- [    Test worker] o.h.type.descriptor.sql.BasicExtractor   : extracted value ([cos_tipo_movil] : [VARCHAR]) - [CARRO]
2019-05-20 17:11:17.646 TRACE 6380 --- [    Test worker] o.h.type.descriptor.sql.BasicExtractor   : extracted value ([cos_tipo_pago] : [VARCHAR]) - [NORMAL]
2019-05-20 17:11:17.646 TRACE 6380 --- [    Test worker] o.h.type.descriptor.sql.BasicExtractor   : extracted value ([cos_valor] : [DOUBLE]) - [1000.0]
2019-05-20 17:11:17.648 DEBUG 6380 --- [    Test worker] org.hibernate.SQL                        : SELECT * FROM factura WHERE mov_placa = ? AND fac_fecha_salida IS NULL
Hibernate: SELECT * FROM factura WHERE mov_placa = ? AND fac_fecha_salida IS NULL
2019-05-20 17:11:17.648 TRACE 6380 --- [    Test worker] o.h.type.descriptor.sql.BasicBinder      : binding parameter [1] as [VARCHAR] - [VBN-8]
2019-05-20 17:11:17.649 TRACE 6380 --- [    Test worker] o.h.type.descriptor.sql.BasicExtractor   : extracted value ([facId] : [INTEGER]) - [20]
2019-05-20 17:11:17.649 TRACE 6380 --- [    Test worker] o.h.type.descriptor.sql.BasicExtractor   : extracted value ([fac_fecha_ingreso] : [TIMESTAMP]) - [2019-05-20 17:11:16.417]
2019-05-20 17:11:17.649 TRACE 6380 --- [    Test worker] o.h.type.descriptor.sql.BasicExtractor   : extracted value ([fac_fecha_salida] : [TIMESTAMP]) - [null]
2019-05-20 17:11:17.649 TRACE 6380 --- [    Test worker] o.h.type.descriptor.sql.BasicExtractor   : extracted value ([fac_valor] : [DOUBLE]) - [0.0]
2019-05-20 17:11:17.649 TRACE 6380 --- [    Test worker] o.h.type.descriptor.sql.BasicExtractor   : extracted value ([mov_placa] : [VARCHAR]) - [VBN-8]
2019-05-20 17:11:17.649 DEBUG 6380 --- [    Test worker] org.hibernate.SQL                        : select movilentit0_.mov_placa as mov_plac1_2_0_, movilentit0_.mov_cilindraje as mov_cili2_2_0_, movilentit0_.mov_tipo_movil as mov_tipo3_2_0_ from movil movilentit0_ where movilentit0_.mov_placa=?
Hibernate: select movilentit0_.mov_placa as mov_plac1_2_0_, movilentit0_.mov_cilindraje as mov_cili2_2_0_, movilentit0_.mov_tipo_movil as mov_tipo3_2_0_ from movil movilentit0_ where movilentit0_.mov_placa=?
2019-05-20 17:11:17.649 TRACE 6380 --- [    Test worker] o.h.type.descriptor.sql.BasicBinder      : binding parameter [1] as [VARCHAR] - [VBN-8]
2019-05-20 17:11:17.650 TRACE 6380 --- [    Test worker] o.h.type.descriptor.sql.BasicExtractor   : extracted value ([mov_cili2_2_0_] : [DOUBLE]) - [-1.0]
2019-05-20 17:11:17.650 TRACE 6380 --- [    Test worker] o.h.type.descriptor.sql.BasicExtractor   : extracted value ([mov_tipo3_2_0_] : [VARCHAR]) - [CARRO]
2019-05-20 17:11:17.650 TRACE 6380 --- [    Test worker] org.hibernate.type.CollectionType        : Created collection wrapper: [co.com.ceiba.ceibaestacionamiento.persistencia.entidades.MovilEntity.facturasEntity#VBN-8]
2019-05-20 17:11:17.651 DEBUG 6380 --- [    Test worker] org.hibernate.SQL                        : select facturaent0_.facId as facId1_1_0_, facturaent0_.fac_fecha_ingreso as fac_fech2_1_0_, facturaent0_.fac_fecha_salida as fac_fech3_1_0_, facturaent0_.fac_valor as fac_valo4_1_0_, facturaent0_.mov_placa as mov_plac5_1_0_ from factura facturaent0_ where facturaent0_.facId=?
Hibernate: select facturaent0_.facId as facId1_1_0_, facturaent0_.fac_fecha_ingreso as fac_fech2_1_0_, facturaent0_.fac_fecha_salida as fac_fech3_1_0_, facturaent0_.fac_valor as fac_valo4_1_0_, facturaent0_.mov_placa as mov_plac5_1_0_ from factura facturaent0_ where facturaent0_.facId=?
2019-05-20 17:11:17.652 TRACE 6380 --- [    Test worker] o.h.type.descriptor.sql.BasicBinder      : binding parameter [1] as [INTEGER] - [20]
2019-05-20 17:11:17.652 TRACE 6380 --- [    Test worker] o.h.type.descriptor.sql.BasicExtractor   : extracted value ([fac_fech2_1_0_] : [TIMESTAMP]) - [2019-05-20 17:11:16.417]
2019-05-20 17:11:17.652 TRACE 6380 --- [    Test worker] o.h.type.descriptor.sql.BasicExtractor   : extracted value ([fac_fech3_1_0_] : [TIMESTAMP]) - [null]
2019-05-20 17:11:17.652 TRACE 6380 --- [    Test worker] o.h.type.descriptor.sql.BasicExtractor   : extracted value ([fac_valo4_1_0_] : [DOUBLE]) - [0.0]
2019-05-20 17:11:17.652 TRACE 6380 --- [    Test worker] o.h.type.descriptor.sql.BasicExtractor   : extracted value ([mov_plac5_1_0_] : [VARCHAR]) - [VBN-8]
2019-05-20 17:11:17.653 DEBUG 6380 --- [    Test worker] org.hibernate.SQL                        : select movilentit0_.mov_placa as mov_plac1_2_1_, movilentit0_.mov_cilindraje as mov_cili2_2_1_, movilentit0_.mov_tipo_movil as mov_tipo3_2_1_, facturasen1_.mov_placa as mov_plac5_1_3_, facturasen1_.facId as facId1_1_3_, facturasen1_.facId as facId1_1_0_, facturasen1_.fac_fecha_ingreso as fac_fech2_1_0_, facturasen1_.fac_fecha_salida as fac_fech3_1_0_, facturasen1_.fac_valor as fac_valo4_1_0_, facturasen1_.mov_placa as mov_plac5_1_0_ from movil movilentit0_ left outer join factura facturasen1_ on movilentit0_.mov_placa=facturasen1_.mov_placa where movilentit0_.mov_placa=?
Hibernate: select movilentit0_.mov_placa as mov_plac1_2_1_, movilentit0_.mov_cilindraje as mov_cili2_2_1_, movilentit0_.mov_tipo_movil as mov_tipo3_2_1_, facturasen1_.mov_placa as mov_plac5_1_3_, facturasen1_.facId as facId1_1_3_, facturasen1_.facId as facId1_1_0_, facturasen1_.fac_fecha_ingreso as fac_fech2_1_0_, facturasen1_.fac_fecha_salida as fac_fech3_1_0_, facturasen1_.fac_valor as fac_valo4_1_0_, facturasen1_.mov_placa as mov_plac5_1_0_ from movil movilentit0_ left outer join factura facturasen1_ on movilentit0_.mov_placa=facturasen1_.mov_placa where movilentit0_.mov_placa=?
2019-05-20 17:11:17.653 TRACE 6380 --- [    Test worker] o.h.type.descriptor.sql.BasicBinder      : binding parameter [1] as [VARCHAR] - [VBN-8]
2019-05-20 17:11:17.653 TRACE 6380 --- [    Test worker] o.h.type.descriptor.sql.BasicExtractor   : extracted value ([facId1_1_0_] : [INTEGER]) - [20]
2019-05-20 17:11:17.653 TRACE 6380 --- [    Test worker] o.h.type.descriptor.sql.BasicExtractor   : extracted value ([mov_cili2_2_1_] : [DOUBLE]) - [-1.0]
2019-05-20 17:11:17.653 TRACE 6380 --- [    Test worker] o.h.type.descriptor.sql.BasicExtractor   : extracted value ([mov_tipo3_2_1_] : [VARCHAR]) - [CARRO]
2019-05-20 17:11:17.653 TRACE 6380 --- [    Test worker] o.h.type.descriptor.sql.BasicExtractor   : extracted value ([mov_plac5_1_3_] : [VARCHAR]) - [VBN-8]
2019-05-20 17:11:17.654 TRACE 6380 --- [    Test worker] o.h.type.descriptor.sql.BasicExtractor   : extracted value ([facId1_1_3_] : [INTEGER]) - [20]
2019-05-20 17:11:17.655 DEBUG 6380 --- [    Test worker] org.hibernate.SQL                        : update factura set fac_fecha_ingreso=?, fac_fecha_salida=?, fac_valor=?, mov_placa=? where facId=?
Hibernate: update factura set fac_fecha_ingreso=?, fac_fecha_salida=?, fac_valor=?, mov_placa=? where facId=?
2019-05-20 17:11:17.656 TRACE 6380 --- [    Test worker] o.h.type.descriptor.sql.BasicBinder      : binding parameter [1] as [TIMESTAMP] - [2019-05-20 17:11:16.417]
2019-05-20 17:11:17.656 TRACE 6380 --- [    Test worker] o.h.type.descriptor.sql.BasicBinder      : binding parameter [2] as [TIMESTAMP] - [Mon May 20 17:11:17 COT 2019]
2019-05-20 17:11:17.656 TRACE 6380 --- [    Test worker] o.h.type.descriptor.sql.BasicBinder      : binding parameter [3] as [DOUBLE] - [1000.0]
2019-05-20 17:11:17.656 TRACE 6380 --- [    Test worker] o.h.type.descriptor.sql.BasicBinder      : binding parameter [4] as [VARCHAR] - [VBN-8]
2019-05-20 17:11:17.656 TRACE 6380 --- [    Test worker] o.h.type.descriptor.sql.BasicBinder      : binding parameter [5] as [INTEGER] - [20]
2019-05-20 17:11:17.660 DEBUG 6380 --- [    Test worker] org.hibernate.SQL                        : select movilentit0_.mov_placa as mov_plac1_2_0_, movilentit0_.mov_cilindraje as mov_cili2_2_0_, movilentit0_.mov_tipo_movil as mov_tipo3_2_0_ from movil movilentit0_ where movilentit0_.mov_placa=?
Hibernate: select movilentit0_.mov_placa as mov_plac1_2_0_, movilentit0_.mov_cilindraje as mov_cili2_2_0_, movilentit0_.mov_tipo_movil as mov_tipo3_2_0_ from movil movilentit0_ where movilentit0_.mov_placa=?
2019-05-20 17:11:17.660 TRACE 6380 --- [    Test worker] o.h.type.descriptor.sql.BasicBinder      : binding parameter [1] as [VARCHAR] - [VBN-9]
2019-05-20 17:11:17.661 TRACE 6380 --- [    Test worker] o.h.type.descriptor.sql.BasicExtractor   : extracted value ([mov_cili2_2_0_] : [DOUBLE]) - [-1.0]
2019-05-20 17:11:17.661 TRACE 6380 --- [    Test worker] o.h.type.descriptor.sql.BasicExtractor   : extracted value ([mov_tipo3_2_0_] : [VARCHAR]) - [CARRO]
2019-05-20 17:11:17.661 TRACE 6380 --- [    Test worker] org.hibernate.type.CollectionType        : Created collection wrapper: [co.com.ceiba.ceibaestacionamiento.persistencia.entidades.MovilEntity.facturasEntity#VBN-9]
2019-05-20 17:11:17.663 DEBUG 6380 --- [    Test worker] org.hibernate.SQL                        : SELECT COUNT(*) FROM factura WHERE mov_placa = ? AND fac_fecha_salida IS NULL
Hibernate: SELECT COUNT(*) FROM factura WHERE mov_placa = ? AND fac_fecha_salida IS NULL
2019-05-20 17:11:17.664 TRACE 6380 --- [    Test worker] o.h.type.descriptor.sql.BasicBinder      : binding parameter [1] as [VARCHAR] - [VBN-9]
2019-05-20 17:11:17.665 TRACE 6380 --- [    Test worker] o.h.type.descriptor.sql.BasicExtractor   : extracted value ([COUNT(*)] : [NUMERIC]) - [1]
2019-05-20 17:11:17.666 DEBUG 6380 --- [    Test worker] org.hibernate.SQL                        : SELECT * FROM factura WHERE mov_placa = ? AND fac_fecha_salida IS NULL
Hibernate: SELECT * FROM factura WHERE mov_placa = ? AND fac_fecha_salida IS NULL
2019-05-20 17:11:17.667 TRACE 6380 --- [    Test worker] o.h.type.descriptor.sql.BasicBinder      : binding parameter [1] as [VARCHAR] - [VBN-9]
2019-05-20 17:11:17.668 TRACE 6380 --- [    Test worker] o.h.type.descriptor.sql.BasicExtractor   : extracted value ([facId] : [INTEGER]) - [21]
2019-05-20 17:11:17.668 TRACE 6380 --- [    Test worker] o.h.type.descriptor.sql.BasicExtractor   : extracted value ([fac_fecha_ingreso] : [TIMESTAMP]) - [2019-05-20 17:11:16.443]
2019-05-20 17:11:17.669 TRACE 6380 --- [    Test worker] o.h.type.descriptor.sql.BasicExtractor   : extracted value ([fac_fecha_salida] : [TIMESTAMP]) - [null]
2019-05-20 17:11:17.669 TRACE 6380 --- [    Test worker] o.h.type.descriptor.sql.BasicExtractor   : extracted value ([fac_valor] : [DOUBLE]) - [0.0]
2019-05-20 17:11:17.669 TRACE 6380 --- [    Test worker] o.h.type.descriptor.sql.BasicExtractor   : extracted value ([mov_placa] : [VARCHAR]) - [VBN-9]
2019-05-20 17:11:17.669 DEBUG 6380 --- [    Test worker] org.hibernate.SQL                        : select movilentit0_.mov_placa as mov_plac1_2_0_, movilentit0_.mov_cilindraje as mov_cili2_2_0_, movilentit0_.mov_tipo_movil as mov_tipo3_2_0_ from movil movilentit0_ where movilentit0_.mov_placa=?
Hibernate: select movilentit0_.mov_placa as mov_plac1_2_0_, movilentit0_.mov_cilindraje as mov_cili2_2_0_, movilentit0_.mov_tipo_movil as mov_tipo3_2_0_ from movil movilentit0_ where movilentit0_.mov_placa=?
2019-05-20 17:11:17.670 TRACE 6380 --- [    Test worker] o.h.type.descriptor.sql.BasicBinder      : binding parameter [1] as [VARCHAR] - [VBN-9]
2019-05-20 17:11:17.670 TRACE 6380 --- [    Test worker] o.h.type.descriptor.sql.BasicExtractor   : extracted value ([mov_cili2_2_0_] : [DOUBLE]) - [-1.0]
2019-05-20 17:11:17.670 TRACE 6380 --- [    Test worker] o.h.type.descriptor.sql.BasicExtractor   : extracted value ([mov_tipo3_2_0_] : [VARCHAR]) - [CARRO]
2019-05-20 17:11:17.670 TRACE 6380 --- [    Test worker] org.hibernate.type.CollectionType        : Created collection wrapper: [co.com.ceiba.ceibaestacionamiento.persistencia.entidades.MovilEntity.facturasEntity#VBN-9]
2019-05-20 17:11:17.672 DEBUG 6380 --- [    Test worker] org.hibernate.SQL                        : SELECT * FROM costoestadia WHERE cos_tipo_movil = ? AND cos_tipo_pago = ? AND cos_tiempo_estadia = ?
Hibernate: SELECT * FROM costoestadia WHERE cos_tipo_movil = ? AND cos_tipo_pago = ? AND cos_tiempo_estadia = ?
2019-05-20 17:11:17.673 TRACE 6380 --- [    Test worker] o.h.type.descriptor.sql.BasicBinder      : binding parameter [1] as [VARCHAR] - [CARRO]
2019-05-20 17:11:17.673 TRACE 6380 --- [    Test worker] o.h.type.descriptor.sql.BasicBinder      : binding parameter [2] as [VARCHAR] - [NORMAL]
2019-05-20 17:11:17.673 TRACE 6380 --- [    Test worker] o.h.type.descriptor.sql.BasicBinder      : binding parameter [3] as [VARCHAR] - [DIA]
2019-05-20 17:11:17.673 TRACE 6380 --- [    Test worker] o.h.type.descriptor.sql.BasicExtractor   : extracted value ([cos_id] : [INTEGER]) - [1]
2019-05-20 17:11:17.673 TRACE 6380 --- [    Test worker] o.h.type.descriptor.sql.BasicExtractor   : extracted value ([cos_tiempo_estadia] : [VARCHAR]) - [DIA]
2019-05-20 17:11:17.673 TRACE 6380 --- [    Test worker] o.h.type.descriptor.sql.BasicExtractor   : extracted value ([cos_tipo_movil] : [VARCHAR]) - [CARRO]
2019-05-20 17:11:17.674 TRACE 6380 --- [    Test worker] o.h.type.descriptor.sql.BasicExtractor   : extracted value ([cos_tipo_pago] : [VARCHAR]) - [NORMAL]
2019-05-20 17:11:17.674 TRACE 6380 --- [    Test worker] o.h.type.descriptor.sql.BasicExtractor   : extracted value ([cos_valor] : [DOUBLE]) - [8000.0]
2019-05-20 17:11:17.675 DEBUG 6380 --- [    Test worker] org.hibernate.SQL                        : SELECT * FROM costoestadia WHERE cos_tipo_movil = ? AND cos_tipo_pago = ? AND cos_tiempo_estadia = ?
Hibernate: SELECT * FROM costoestadia WHERE cos_tipo_movil = ? AND cos_tipo_pago = ? AND cos_tiempo_estadia = ?
2019-05-20 17:11:17.676 TRACE 6380 --- [    Test worker] o.h.type.descriptor.sql.BasicBinder      : binding parameter [1] as [VARCHAR] - [CARRO]
2019-05-20 17:11:17.676 TRACE 6380 --- [    Test worker] o.h.type.descriptor.sql.BasicBinder      : binding parameter [2] as [VARCHAR] - [NORMAL]
2019-05-20 17:11:17.676 TRACE 6380 --- [    Test worker] o.h.type.descriptor.sql.BasicBinder      : binding parameter [3] as [VARCHAR] - [HORA]
2019-05-20 17:11:17.676 TRACE 6380 --- [    Test worker] o.h.type.descriptor.sql.BasicExtractor   : extracted value ([cos_id] : [INTEGER]) - [2]
2019-05-20 17:11:17.677 TRACE 6380 --- [    Test worker] o.h.type.descriptor.sql.BasicExtractor   : extracted value ([cos_tiempo_estadia] : [VARCHAR]) - [HORA]
2019-05-20 17:11:17.677 TRACE 6380 --- [    Test worker] o.h.type.descriptor.sql.BasicExtractor   : extracted value ([cos_tipo_movil] : [VARCHAR]) - [CARRO]
2019-05-20 17:11:17.677 TRACE 6380 --- [    Test worker] o.h.type.descriptor.sql.BasicExtractor   : extracted value ([cos_tipo_pago] : [VARCHAR]) - [NORMAL]
2019-05-20 17:11:17.677 TRACE 6380 --- [    Test worker] o.h.type.descriptor.sql.BasicExtractor   : extracted value ([cos_valor] : [DOUBLE]) - [1000.0]
2019-05-20 17:11:17.680 DEBUG 6380 --- [    Test worker] org.hibernate.SQL                        : SELECT * FROM factura WHERE mov_placa = ? AND fac_fecha_salida IS NULL
Hibernate: SELECT * FROM factura WHERE mov_placa = ? AND fac_fecha_salida IS NULL
2019-05-20 17:11:17.681 TRACE 6380 --- [    Test worker] o.h.type.descriptor.sql.BasicBinder      : binding parameter [1] as [VARCHAR] - [VBN-9]
2019-05-20 17:11:17.681 TRACE 6380 --- [    Test worker] o.h.type.descriptor.sql.BasicExtractor   : extracted value ([facId] : [INTEGER]) - [21]
2019-05-20 17:11:17.682 TRACE 6380 --- [    Test worker] o.h.type.descriptor.sql.BasicExtractor   : extracted value ([fac_fecha_ingreso] : [TIMESTAMP]) - [2019-05-20 17:11:16.443]
2019-05-20 17:11:17.682 TRACE 6380 --- [    Test worker] o.h.type.descriptor.sql.BasicExtractor   : extracted value ([fac_fecha_salida] : [TIMESTAMP]) - [null]
2019-05-20 17:11:17.682 TRACE 6380 --- [    Test worker] o.h.type.descriptor.sql.BasicExtractor   : extracted value ([fac_valor] : [DOUBLE]) - [0.0]
2019-05-20 17:11:17.682 TRACE 6380 --- [    Test worker] o.h.type.descriptor.sql.BasicExtractor   : extracted value ([mov_placa] : [VARCHAR]) - [VBN-9]
2019-05-20 17:11:17.682 DEBUG 6380 --- [    Test worker] org.hibernate.SQL                        : select movilentit0_.mov_placa as mov_plac1_2_0_, movilentit0_.mov_cilindraje as mov_cili2_2_0_, movilentit0_.mov_tipo_movil as mov_tipo3_2_0_ from movil movilentit0_ where movilentit0_.mov_placa=?
Hibernate: select movilentit0_.mov_placa as mov_plac1_2_0_, movilentit0_.mov_cilindraje as mov_cili2_2_0_, movilentit0_.mov_tipo_movil as mov_tipo3_2_0_ from movil movilentit0_ where movilentit0_.mov_placa=?
2019-05-20 17:11:17.683 TRACE 6380 --- [    Test worker] o.h.type.descriptor.sql.BasicBinder      : binding parameter [1] as [VARCHAR] - [VBN-9]
2019-05-20 17:11:17.683 TRACE 6380 --- [    Test worker] o.h.type.descriptor.sql.BasicExtractor   : extracted value ([mov_cili2_2_0_] : [DOUBLE]) - [-1.0]
2019-05-20 17:11:17.683 TRACE 6380 --- [    Test worker] o.h.type.descriptor.sql.BasicExtractor   : extracted value ([mov_tipo3_2_0_] : [VARCHAR]) - [CARRO]
2019-05-20 17:11:17.683 TRACE 6380 --- [    Test worker] org.hibernate.type.CollectionType        : Created collection wrapper: [co.com.ceiba.ceibaestacionamiento.persistencia.entidades.MovilEntity.facturasEntity#VBN-9]
2019-05-20 17:11:17.685 DEBUG 6380 --- [    Test worker] org.hibernate.SQL                        : select facturaent0_.facId as facId1_1_0_, facturaent0_.fac_fecha_ingreso as fac_fech2_1_0_, facturaent0_.fac_fecha_salida as fac_fech3_1_0_, facturaent0_.fac_valor as fac_valo4_1_0_, facturaent0_.mov_placa as mov_plac5_1_0_ from factura facturaent0_ where facturaent0_.facId=?
Hibernate: select facturaent0_.facId as facId1_1_0_, facturaent0_.fac_fecha_ingreso as fac_fech2_1_0_, facturaent0_.fac_fecha_salida as fac_fech3_1_0_, facturaent0_.fac_valor as fac_valo4_1_0_, facturaent0_.mov_placa as mov_plac5_1_0_ from factura facturaent0_ where facturaent0_.facId=?
2019-05-20 17:11:17.685 TRACE 6380 --- [    Test worker] o.h.type.descriptor.sql.BasicBinder      : binding parameter [1] as [INTEGER] - [21]
2019-05-20 17:11:17.686 TRACE 6380 --- [    Test worker] o.h.type.descriptor.sql.BasicExtractor   : extracted value ([fac_fech2_1_0_] : [TIMESTAMP]) - [2019-05-20 17:11:16.443]
2019-05-20 17:11:17.686 TRACE 6380 --- [    Test worker] o.h.type.descriptor.sql.BasicExtractor   : extracted value ([fac_fech3_1_0_] : [TIMESTAMP]) - [null]
2019-05-20 17:11:17.686 TRACE 6380 --- [    Test worker] o.h.type.descriptor.sql.BasicExtractor   : extracted value ([fac_valo4_1_0_] : [DOUBLE]) - [0.0]
2019-05-20 17:11:17.686 TRACE 6380 --- [    Test worker] o.h.type.descriptor.sql.BasicExtractor   : extracted value ([mov_plac5_1_0_] : [VARCHAR]) - [VBN-9]
2019-05-20 17:11:17.686 DEBUG 6380 --- [    Test worker] org.hibernate.SQL                        : select movilentit0_.mov_placa as mov_plac1_2_1_, movilentit0_.mov_cilindraje as mov_cili2_2_1_, movilentit0_.mov_tipo_movil as mov_tipo3_2_1_, facturasen1_.mov_placa as mov_plac5_1_3_, facturasen1_.facId as facId1_1_3_, facturasen1_.facId as facId1_1_0_, facturasen1_.fac_fecha_ingreso as fac_fech2_1_0_, facturasen1_.fac_fecha_salida as fac_fech3_1_0_, facturasen1_.fac_valor as fac_valo4_1_0_, facturasen1_.mov_placa as mov_plac5_1_0_ from movil movilentit0_ left outer join factura facturasen1_ on movilentit0_.mov_placa=facturasen1_.mov_placa where movilentit0_.mov_placa=?
Hibernate: select movilentit0_.mov_placa as mov_plac1_2_1_, movilentit0_.mov_cilindraje as mov_cili2_2_1_, movilentit0_.mov_tipo_movil as mov_tipo3_2_1_, facturasen1_.mov_placa as mov_plac5_1_3_, facturasen1_.facId as facId1_1_3_, facturasen1_.facId as facId1_1_0_, facturasen1_.fac_fecha_ingreso as fac_fech2_1_0_, facturasen1_.fac_fecha_salida as fac_fech3_1_0_, facturasen1_.fac_valor as fac_valo4_1_0_, facturasen1_.mov_placa as mov_plac5_1_0_ from movil movilentit0_ left outer join factura facturasen1_ on movilentit0_.mov_placa=facturasen1_.mov_placa where movilentit0_.mov_placa=?
2019-05-20 17:11:17.686 TRACE 6380 --- [    Test worker] o.h.type.descriptor.sql.BasicBinder      : binding parameter [1] as [VARCHAR] - [VBN-9]
2019-05-20 17:11:17.687 TRACE 6380 --- [    Test worker] o.h.type.descriptor.sql.BasicExtractor   : extracted value ([facId1_1_0_] : [INTEGER]) - [21]
2019-05-20 17:11:17.687 TRACE 6380 --- [    Test worker] o.h.type.descriptor.sql.BasicExtractor   : extracted value ([mov_cili2_2_1_] : [DOUBLE]) - [-1.0]
2019-05-20 17:11:17.687 TRACE 6380 --- [    Test worker] o.h.type.descriptor.sql.BasicExtractor   : extracted value ([mov_tipo3_2_1_] : [VARCHAR]) - [CARRO]
2019-05-20 17:11:17.687 TRACE 6380 --- [    Test worker] o.h.type.descriptor.sql.BasicExtractor   : extracted value ([mov_plac5_1_3_] : [VARCHAR]) - [VBN-9]
2019-05-20 17:11:17.687 TRACE 6380 --- [    Test worker] o.h.type.descriptor.sql.BasicExtractor   : extracted value ([facId1_1_3_] : [INTEGER]) - [21]
2019-05-20 17:11:17.689 DEBUG 6380 --- [    Test worker] org.hibernate.SQL                        : update factura set fac_fecha_ingreso=?, fac_fecha_salida=?, fac_valor=?, mov_placa=? where facId=?
Hibernate: update factura set fac_fecha_ingreso=?, fac_fecha_salida=?, fac_valor=?, mov_placa=? where facId=?
2019-05-20 17:11:17.689 TRACE 6380 --- [    Test worker] o.h.type.descriptor.sql.BasicBinder      : binding parameter [1] as [TIMESTAMP] - [2019-05-20 17:11:16.443]
2019-05-20 17:11:17.689 TRACE 6380 --- [    Test worker] o.h.type.descriptor.sql.BasicBinder      : binding parameter [2] as [TIMESTAMP] - [Mon May 20 17:11:17 COT 2019]
2019-05-20 17:11:17.689 TRACE 6380 --- [    Test worker] o.h.type.descriptor.sql.BasicBinder      : binding parameter [3] as [DOUBLE] - [1000.0]
2019-05-20 17:11:17.689 TRACE 6380 --- [    Test worker] o.h.type.descriptor.sql.BasicBinder      : binding parameter [4] as [VARCHAR] - [VBN-9]
2019-05-20 17:11:17.689 TRACE 6380 --- [    Test worker] o.h.type.descriptor.sql.BasicBinder      : binding parameter [5] as [INTEGER] - [21]
2019-05-20 17:11:17.690 DEBUG 6380 --- [    Test worker] org.hibernate.SQL                        : select movilentit0_.mov_placa as mov_plac1_2_0_, movilentit0_.mov_cilindraje as mov_cili2_2_0_, movilentit0_.mov_tipo_movil as mov_tipo3_2_0_ from movil movilentit0_ where movilentit0_.mov_placa=?
Hibernate: select movilentit0_.mov_placa as mov_plac1_2_0_, movilentit0_.mov_cilindraje as mov_cili2_2_0_, movilentit0_.mov_tipo_movil as mov_tipo3_2_0_ from movil movilentit0_ where movilentit0_.mov_placa=?
2019-05-20 17:11:17.691 TRACE 6380 --- [    Test worker] o.h.type.descriptor.sql.BasicBinder      : binding parameter [1] as [VARCHAR] - [VBN-10]
2019-05-20 17:11:17.691 TRACE 6380 --- [    Test worker] o.h.type.descriptor.sql.BasicExtractor   : extracted value ([mov_cili2_2_0_] : [DOUBLE]) - [-1.0]
2019-05-20 17:11:17.691 TRACE 6380 --- [    Test worker] o.h.type.descriptor.sql.BasicExtractor   : extracted value ([mov_tipo3_2_0_] : [VARCHAR]) - [CARRO]
2019-05-20 17:11:17.691 TRACE 6380 --- [    Test worker] org.hibernate.type.CollectionType        : Created collection wrapper: [co.com.ceiba.ceibaestacionamiento.persistencia.entidades.MovilEntity.facturasEntity#VBN-10]
2019-05-20 17:11:17.692 DEBUG 6380 --- [    Test worker] org.hibernate.SQL                        : SELECT COUNT(*) FROM factura WHERE mov_placa = ? AND fac_fecha_salida IS NULL
Hibernate: SELECT COUNT(*) FROM factura WHERE mov_placa = ? AND fac_fecha_salida IS NULL
2019-05-20 17:11:17.693 TRACE 6380 --- [    Test worker] o.h.type.descriptor.sql.BasicBinder      : binding parameter [1] as [VARCHAR] - [VBN-10]
2019-05-20 17:11:17.693 TRACE 6380 --- [    Test worker] o.h.type.descriptor.sql.BasicExtractor   : extracted value ([COUNT(*)] : [NUMERIC]) - [1]
2019-05-20 17:11:17.694 DEBUG 6380 --- [    Test worker] org.hibernate.SQL                        : SELECT * FROM factura WHERE mov_placa = ? AND fac_fecha_salida IS NULL
Hibernate: SELECT * FROM factura WHERE mov_placa = ? AND fac_fecha_salida IS NULL
2019-05-20 17:11:17.695 TRACE 6380 --- [    Test worker] o.h.type.descriptor.sql.BasicBinder      : binding parameter [1] as [VARCHAR] - [VBN-10]
2019-05-20 17:11:17.695 TRACE 6380 --- [    Test worker] o.h.type.descriptor.sql.BasicExtractor   : extracted value ([facId] : [INTEGER]) - [22]
2019-05-20 17:11:17.695 TRACE 6380 --- [    Test worker] o.h.type.descriptor.sql.BasicExtractor   : extracted value ([fac_fecha_ingreso] : [TIMESTAMP]) - [2019-05-20 17:11:16.465]
2019-05-20 17:11:17.695 TRACE 6380 --- [    Test worker] o.h.type.descriptor.sql.BasicExtractor   : extracted value ([fac_fecha_salida] : [TIMESTAMP]) - [null]
2019-05-20 17:11:17.695 TRACE 6380 --- [    Test worker] o.h.type.descriptor.sql.BasicExtractor   : extracted value ([fac_valor] : [DOUBLE]) - [0.0]
2019-05-20 17:11:17.695 TRACE 6380 --- [    Test worker] o.h.type.descriptor.sql.BasicExtractor   : extracted value ([mov_placa] : [VARCHAR]) - [VBN-10]
2019-05-20 17:11:17.695 DEBUG 6380 --- [    Test worker] org.hibernate.SQL                        : select movilentit0_.mov_placa as mov_plac1_2_0_, movilentit0_.mov_cilindraje as mov_cili2_2_0_, movilentit0_.mov_tipo_movil as mov_tipo3_2_0_ from movil movilentit0_ where movilentit0_.mov_placa=?
Hibernate: select movilentit0_.mov_placa as mov_plac1_2_0_, movilentit0_.mov_cilindraje as mov_cili2_2_0_, movilentit0_.mov_tipo_movil as mov_tipo3_2_0_ from movil movilentit0_ where movilentit0_.mov_placa=?
2019-05-20 17:11:17.696 TRACE 6380 --- [    Test worker] o.h.type.descriptor.sql.BasicBinder      : binding parameter [1] as [VARCHAR] - [VBN-10]
2019-05-20 17:11:17.696 TRACE 6380 --- [    Test worker] o.h.type.descriptor.sql.BasicExtractor   : extracted value ([mov_cili2_2_0_] : [DOUBLE]) - [-1.0]
2019-05-20 17:11:17.696 TRACE 6380 --- [    Test worker] o.h.type.descriptor.sql.BasicExtractor   : extracted value ([mov_tipo3_2_0_] : [VARCHAR]) - [CARRO]
2019-05-20 17:11:17.696 TRACE 6380 --- [    Test worker] org.hibernate.type.CollectionType        : Created collection wrapper: [co.com.ceiba.ceibaestacionamiento.persistencia.entidades.MovilEntity.facturasEntity#VBN-10]
2019-05-20 17:11:17.698 DEBUG 6380 --- [    Test worker] org.hibernate.SQL                        : SELECT * FROM costoestadia WHERE cos_tipo_movil = ? AND cos_tipo_pago = ? AND cos_tiempo_estadia = ?
Hibernate: SELECT * FROM costoestadia WHERE cos_tipo_movil = ? AND cos_tipo_pago = ? AND cos_tiempo_estadia = ?
2019-05-20 17:11:17.699 TRACE 6380 --- [    Test worker] o.h.type.descriptor.sql.BasicBinder      : binding parameter [1] as [VARCHAR] - [CARRO]
2019-05-20 17:11:17.699 TRACE 6380 --- [    Test worker] o.h.type.descriptor.sql.BasicBinder      : binding parameter [2] as [VARCHAR] - [NORMAL]
2019-05-20 17:11:17.699 TRACE 6380 --- [    Test worker] o.h.type.descriptor.sql.BasicBinder      : binding parameter [3] as [VARCHAR] - [DIA]
2019-05-20 17:11:17.699 TRACE 6380 --- [    Test worker] o.h.type.descriptor.sql.BasicExtractor   : extracted value ([cos_id] : [INTEGER]) - [1]
2019-05-20 17:11:17.699 TRACE 6380 --- [    Test worker] o.h.type.descriptor.sql.BasicExtractor   : extracted value ([cos_tiempo_estadia] : [VARCHAR]) - [DIA]
2019-05-20 17:11:17.699 TRACE 6380 --- [    Test worker] o.h.type.descriptor.sql.BasicExtractor   : extracted value ([cos_tipo_movil] : [VARCHAR]) - [CARRO]
2019-05-20 17:11:17.699 TRACE 6380 --- [    Test worker] o.h.type.descriptor.sql.BasicExtractor   : extracted value ([cos_tipo_pago] : [VARCHAR]) - [NORMAL]
2019-05-20 17:11:17.699 TRACE 6380 --- [    Test worker] o.h.type.descriptor.sql.BasicExtractor   : extracted value ([cos_valor] : [DOUBLE]) - [8000.0]
2019-05-20 17:11:17.700 DEBUG 6380 --- [    Test worker] org.hibernate.SQL                        : SELECT * FROM costoestadia WHERE cos_tipo_movil = ? AND cos_tipo_pago = ? AND cos_tiempo_estadia = ?
Hibernate: SELECT * FROM costoestadia WHERE cos_tipo_movil = ? AND cos_tipo_pago = ? AND cos_tiempo_estadia = ?
2019-05-20 17:11:17.701 TRACE 6380 --- [    Test worker] o.h.type.descriptor.sql.BasicBinder      : binding parameter [1] as [VARCHAR] - [CARRO]
2019-05-20 17:11:17.701 TRACE 6380 --- [    Test worker] o.h.type.descriptor.sql.BasicBinder      : binding parameter [2] as [VARCHAR] - [NORMAL]
2019-05-20 17:11:17.701 TRACE 6380 --- [    Test worker] o.h.type.descriptor.sql.BasicBinder      : binding parameter [3] as [VARCHAR] - [HORA]
2019-05-20 17:11:17.701 TRACE 6380 --- [    Test worker] o.h.type.descriptor.sql.BasicExtractor   : extracted value ([cos_id] : [INTEGER]) - [2]
2019-05-20 17:11:17.701 TRACE 6380 --- [    Test worker] o.h.type.descriptor.sql.BasicExtractor   : extracted value ([cos_tiempo_estadia] : [VARCHAR]) - [HORA]
2019-05-20 17:11:17.701 TRACE 6380 --- [    Test worker] o.h.type.descriptor.sql.BasicExtractor   : extracted value ([cos_tipo_movil] : [VARCHAR]) - [CARRO]
2019-05-20 17:11:17.701 TRACE 6380 --- [    Test worker] o.h.type.descriptor.sql.BasicExtractor   : extracted value ([cos_tipo_pago] : [VARCHAR]) - [NORMAL]
2019-05-20 17:11:17.701 TRACE 6380 --- [    Test worker] o.h.type.descriptor.sql.BasicExtractor   : extracted value ([cos_valor] : [DOUBLE]) - [1000.0]
2019-05-20 17:11:17.702 DEBUG 6380 --- [    Test worker] org.hibernate.SQL                        : SELECT * FROM factura WHERE mov_placa = ? AND fac_fecha_salida IS NULL
Hibernate: SELECT * FROM factura WHERE mov_placa = ? AND fac_fecha_salida IS NULL
2019-05-20 17:11:17.703 TRACE 6380 --- [    Test worker] o.h.type.descriptor.sql.BasicBinder      : binding parameter [1] as [VARCHAR] - [VBN-10]
2019-05-20 17:11:17.703 TRACE 6380 --- [    Test worker] o.h.type.descriptor.sql.BasicExtractor   : extracted value ([facId] : [INTEGER]) - [22]
2019-05-20 17:11:17.703 TRACE 6380 --- [    Test worker] o.h.type.descriptor.sql.BasicExtractor   : extracted value ([fac_fecha_ingreso] : [TIMESTAMP]) - [2019-05-20 17:11:16.465]
2019-05-20 17:11:17.703 TRACE 6380 --- [    Test worker] o.h.type.descriptor.sql.BasicExtractor   : extracted value ([fac_fecha_salida] : [TIMESTAMP]) - [null]
2019-05-20 17:11:17.703 TRACE 6380 --- [    Test worker] o.h.type.descriptor.sql.BasicExtractor   : extracted value ([fac_valor] : [DOUBLE]) - [0.0]
2019-05-20 17:11:17.703 TRACE 6380 --- [    Test worker] o.h.type.descriptor.sql.BasicExtractor   : extracted value ([mov_placa] : [VARCHAR]) - [VBN-10]
2019-05-20 17:11:17.704 DEBUG 6380 --- [    Test worker] org.hibernate.SQL                        : select movilentit0_.mov_placa as mov_plac1_2_0_, movilentit0_.mov_cilindraje as mov_cili2_2_0_, movilentit0_.mov_tipo_movil as mov_tipo3_2_0_ from movil movilentit0_ where movilentit0_.mov_placa=?
Hibernate: select movilentit0_.mov_placa as mov_plac1_2_0_, movilentit0_.mov_cilindraje as mov_cili2_2_0_, movilentit0_.mov_tipo_movil as mov_tipo3_2_0_ from movil movilentit0_ where movilentit0_.mov_placa=?
2019-05-20 17:11:17.704 TRACE 6380 --- [    Test worker] o.h.type.descriptor.sql.BasicBinder      : binding parameter [1] as [VARCHAR] - [VBN-10]
2019-05-20 17:11:17.704 TRACE 6380 --- [    Test worker] o.h.type.descriptor.sql.BasicExtractor   : extracted value ([mov_cili2_2_0_] : [DOUBLE]) - [-1.0]
2019-05-20 17:11:17.704 TRACE 6380 --- [    Test worker] o.h.type.descriptor.sql.BasicExtractor   : extracted value ([mov_tipo3_2_0_] : [VARCHAR]) - [CARRO]
2019-05-20 17:11:17.704 TRACE 6380 --- [    Test worker] org.hibernate.type.CollectionType        : Created collection wrapper: [co.com.ceiba.ceibaestacionamiento.persistencia.entidades.MovilEntity.facturasEntity#VBN-10]
2019-05-20 17:11:17.705 DEBUG 6380 --- [    Test worker] org.hibernate.SQL                        : select facturaent0_.facId as facId1_1_0_, facturaent0_.fac_fecha_ingreso as fac_fech2_1_0_, facturaent0_.fac_fecha_salida as fac_fech3_1_0_, facturaent0_.fac_valor as fac_valo4_1_0_, facturaent0_.mov_placa as mov_plac5_1_0_ from factura facturaent0_ where facturaent0_.facId=?
Hibernate: select facturaent0_.facId as facId1_1_0_, facturaent0_.fac_fecha_ingreso as fac_fech2_1_0_, facturaent0_.fac_fecha_salida as fac_fech3_1_0_, facturaent0_.fac_valor as fac_valo4_1_0_, facturaent0_.mov_placa as mov_plac5_1_0_ from factura facturaent0_ where facturaent0_.facId=?
2019-05-20 17:11:17.706 TRACE 6380 --- [    Test worker] o.h.type.descriptor.sql.BasicBinder      : binding parameter [1] as [INTEGER] - [22]
2019-05-20 17:11:17.706 TRACE 6380 --- [    Test worker] o.h.type.descriptor.sql.BasicExtractor   : extracted value ([fac_fech2_1_0_] : [TIMESTAMP]) - [2019-05-20 17:11:16.465]
2019-05-20 17:11:17.706 TRACE 6380 --- [    Test worker] o.h.type.descriptor.sql.BasicExtractor   : extracted value ([fac_fech3_1_0_] : [TIMESTAMP]) - [null]
2019-05-20 17:11:17.706 TRACE 6380 --- [    Test worker] o.h.type.descriptor.sql.BasicExtractor   : extracted value ([fac_valo4_1_0_] : [DOUBLE]) - [0.0]
2019-05-20 17:11:17.706 TRACE 6380 --- [    Test worker] o.h.type.descriptor.sql.BasicExtractor   : extracted value ([mov_plac5_1_0_] : [VARCHAR]) - [VBN-10]
2019-05-20 17:11:17.707 DEBUG 6380 --- [    Test worker] org.hibernate.SQL                        : select movilentit0_.mov_placa as mov_plac1_2_1_, movilentit0_.mov_cilindraje as mov_cili2_2_1_, movilentit0_.mov_tipo_movil as mov_tipo3_2_1_, facturasen1_.mov_placa as mov_plac5_1_3_, facturasen1_.facId as facId1_1_3_, facturasen1_.facId as facId1_1_0_, facturasen1_.fac_fecha_ingreso as fac_fech2_1_0_, facturasen1_.fac_fecha_salida as fac_fech3_1_0_, facturasen1_.fac_valor as fac_valo4_1_0_, facturasen1_.mov_placa as mov_plac5_1_0_ from movil movilentit0_ left outer join factura facturasen1_ on movilentit0_.mov_placa=facturasen1_.mov_placa where movilentit0_.mov_placa=?
Hibernate: select movilentit0_.mov_placa as mov_plac1_2_1_, movilentit0_.mov_cilindraje as mov_cili2_2_1_, movilentit0_.mov_tipo_movil as mov_tipo3_2_1_, facturasen1_.mov_placa as mov_plac5_1_3_, facturasen1_.facId as facId1_1_3_, facturasen1_.facId as facId1_1_0_, facturasen1_.fac_fecha_ingreso as fac_fech2_1_0_, facturasen1_.fac_fecha_salida as fac_fech3_1_0_, facturasen1_.fac_valor as fac_valo4_1_0_, facturasen1_.mov_placa as mov_plac5_1_0_ from movil movilentit0_ left outer join factura facturasen1_ on movilentit0_.mov_placa=facturasen1_.mov_placa where movilentit0_.mov_placa=?
2019-05-20 17:11:17.707 TRACE 6380 --- [    Test worker] o.h.type.descriptor.sql.BasicBinder      : binding parameter [1] as [VARCHAR] - [VBN-10]
2019-05-20 17:11:17.707 TRACE 6380 --- [    Test worker] o.h.type.descriptor.sql.BasicExtractor   : extracted value ([facId1_1_0_] : [INTEGER]) - [22]
2019-05-20 17:11:17.707 TRACE 6380 --- [    Test worker] o.h.type.descriptor.sql.BasicExtractor   : extracted value ([mov_cili2_2_1_] : [DOUBLE]) - [-1.0]
2019-05-20 17:11:17.707 TRACE 6380 --- [    Test worker] o.h.type.descriptor.sql.BasicExtractor   : extracted value ([mov_tipo3_2_1_] : [VARCHAR]) - [CARRO]
2019-05-20 17:11:17.708 TRACE 6380 --- [    Test worker] o.h.type.descriptor.sql.BasicExtractor   : extracted value ([mov_plac5_1_3_] : [VARCHAR]) - [VBN-10]
2019-05-20 17:11:17.708 TRACE 6380 --- [    Test worker] o.h.type.descriptor.sql.BasicExtractor   : extracted value ([facId1_1_3_] : [INTEGER]) - [22]
2019-05-20 17:11:17.709 DEBUG 6380 --- [    Test worker] org.hibernate.SQL                        : update factura set fac_fecha_ingreso=?, fac_fecha_salida=?, fac_valor=?, mov_placa=? where facId=?
Hibernate: update factura set fac_fecha_ingreso=?, fac_fecha_salida=?, fac_valor=?, mov_placa=? where facId=?
2019-05-20 17:11:17.709 TRACE 6380 --- [    Test worker] o.h.type.descriptor.sql.BasicBinder      : binding parameter [1] as [TIMESTAMP] - [2019-05-20 17:11:16.465]
2019-05-20 17:11:17.709 TRACE 6380 --- [    Test worker] o.h.type.descriptor.sql.BasicBinder      : binding parameter [2] as [TIMESTAMP] - [Mon May 20 17:11:17 COT 2019]
2019-05-20 17:11:17.709 TRACE 6380 --- [    Test worker] o.h.type.descriptor.sql.BasicBinder      : binding parameter [3] as [DOUBLE] - [1000.0]
2019-05-20 17:11:17.709 TRACE 6380 --- [    Test worker] o.h.type.descriptor.sql.BasicBinder      : binding parameter [4] as [VARCHAR] - [VBN-10]
2019-05-20 17:11:17.709 TRACE 6380 --- [    Test worker] o.h.type.descriptor.sql.BasicBinder      : binding parameter [5] as [INTEGER] - [22]
2019-05-20 17:11:17.711 DEBUG 6380 --- [    Test worker] org.hibernate.SQL                        : select movilentit0_.mov_placa as mov_plac1_2_0_, movilentit0_.mov_cilindraje as mov_cili2_2_0_, movilentit0_.mov_tipo_movil as mov_tipo3_2_0_ from movil movilentit0_ where movilentit0_.mov_placa=?
Hibernate: select movilentit0_.mov_placa as mov_plac1_2_0_, movilentit0_.mov_cilindraje as mov_cili2_2_0_, movilentit0_.mov_tipo_movil as mov_tipo3_2_0_ from movil movilentit0_ where movilentit0_.mov_placa=?
2019-05-20 17:11:17.711 TRACE 6380 --- [    Test worker] o.h.type.descriptor.sql.BasicBinder      : binding parameter [1] as [VARCHAR] - [VBN-11]
2019-05-20 17:11:17.712 TRACE 6380 --- [    Test worker] o.h.type.descriptor.sql.BasicExtractor   : extracted value ([mov_cili2_2_0_] : [DOUBLE]) - [-1.0]
2019-05-20 17:11:17.712 TRACE 6380 --- [    Test worker] o.h.type.descriptor.sql.BasicExtractor   : extracted value ([mov_tipo3_2_0_] : [VARCHAR]) - [CARRO]
2019-05-20 17:11:17.712 TRACE 6380 --- [    Test worker] org.hibernate.type.CollectionType        : Created collection wrapper: [co.com.ceiba.ceibaestacionamiento.persistencia.entidades.MovilEntity.facturasEntity#VBN-11]
2019-05-20 17:11:17.713 DEBUG 6380 --- [    Test worker] org.hibernate.SQL                        : SELECT COUNT(*) FROM factura WHERE mov_placa = ? AND fac_fecha_salida IS NULL
Hibernate: SELECT COUNT(*) FROM factura WHERE mov_placa = ? AND fac_fecha_salida IS NULL
2019-05-20 17:11:17.714 TRACE 6380 --- [    Test worker] o.h.type.descriptor.sql.BasicBinder      : binding parameter [1] as [VARCHAR] - [VBN-11]
2019-05-20 17:11:17.715 TRACE 6380 --- [    Test worker] o.h.type.descriptor.sql.BasicExtractor   : extracted value ([COUNT(*)] : [NUMERIC]) - [1]
2019-05-20 17:11:17.717 DEBUG 6380 --- [    Test worker] org.hibernate.SQL                        : SELECT * FROM factura WHERE mov_placa = ? AND fac_fecha_salida IS NULL
Hibernate: SELECT * FROM factura WHERE mov_placa = ? AND fac_fecha_salida IS NULL
2019-05-20 17:11:17.718 TRACE 6380 --- [    Test worker] o.h.type.descriptor.sql.BasicBinder      : binding parameter [1] as [VARCHAR] - [VBN-11]
2019-05-20 17:11:17.719 TRACE 6380 --- [    Test worker] o.h.type.descriptor.sql.BasicExtractor   : extracted value ([facId] : [INTEGER]) - [23]
2019-05-20 17:11:17.719 TRACE 6380 --- [    Test worker] o.h.type.descriptor.sql.BasicExtractor   : extracted value ([fac_fecha_ingreso] : [TIMESTAMP]) - [2019-05-20 17:11:16.497]
2019-05-20 17:11:17.720 TRACE 6380 --- [    Test worker] o.h.type.descriptor.sql.BasicExtractor   : extracted value ([fac_fecha_salida] : [TIMESTAMP]) - [null]
2019-05-20 17:11:17.720 TRACE 6380 --- [    Test worker] o.h.type.descriptor.sql.BasicExtractor   : extracted value ([fac_valor] : [DOUBLE]) - [0.0]
2019-05-20 17:11:17.720 TRACE 6380 --- [    Test worker] o.h.type.descriptor.sql.BasicExtractor   : extracted value ([mov_placa] : [VARCHAR]) - [VBN-11]
2019-05-20 17:11:17.721 DEBUG 6380 --- [    Test worker] org.hibernate.SQL                        : select movilentit0_.mov_placa as mov_plac1_2_0_, movilentit0_.mov_cilindraje as mov_cili2_2_0_, movilentit0_.mov_tipo_movil as mov_tipo3_2_0_ from movil movilentit0_ where movilentit0_.mov_placa=?
Hibernate: select movilentit0_.mov_placa as mov_plac1_2_0_, movilentit0_.mov_cilindraje as mov_cili2_2_0_, movilentit0_.mov_tipo_movil as mov_tipo3_2_0_ from movil movilentit0_ where movilentit0_.mov_placa=?
2019-05-20 17:11:17.721 TRACE 6380 --- [    Test worker] o.h.type.descriptor.sql.BasicBinder      : binding parameter [1] as [VARCHAR] - [VBN-11]
2019-05-20 17:11:17.721 TRACE 6380 --- [    Test worker] o.h.type.descriptor.sql.BasicExtractor   : extracted value ([mov_cili2_2_0_] : [DOUBLE]) - [-1.0]
2019-05-20 17:11:17.721 TRACE 6380 --- [    Test worker] o.h.type.descriptor.sql.BasicExtractor   : extracted value ([mov_tipo3_2_0_] : [VARCHAR]) - [CARRO]
2019-05-20 17:11:17.722 TRACE 6380 --- [    Test worker] org.hibernate.type.CollectionType        : Created collection wrapper: [co.com.ceiba.ceibaestacionamiento.persistencia.entidades.MovilEntity.facturasEntity#VBN-11]
2019-05-20 17:11:17.724 DEBUG 6380 --- [    Test worker] org.hibernate.SQL                        : SELECT * FROM costoestadia WHERE cos_tipo_movil = ? AND cos_tipo_pago = ? AND cos_tiempo_estadia = ?
Hibernate: SELECT * FROM costoestadia WHERE cos_tipo_movil = ? AND cos_tipo_pago = ? AND cos_tiempo_estadia = ?
2019-05-20 17:11:17.725 TRACE 6380 --- [    Test worker] o.h.type.descriptor.sql.BasicBinder      : binding parameter [1] as [VARCHAR] - [CARRO]
2019-05-20 17:11:17.725 TRACE 6380 --- [    Test worker] o.h.type.descriptor.sql.BasicBinder      : binding parameter [2] as [VARCHAR] - [NORMAL]
2019-05-20 17:11:17.725 TRACE 6380 --- [    Test worker] o.h.type.descriptor.sql.BasicBinder      : binding parameter [3] as [VARCHAR] - [DIA]
2019-05-20 17:11:17.725 TRACE 6380 --- [    Test worker] o.h.type.descriptor.sql.BasicExtractor   : extracted value ([cos_id] : [INTEGER]) - [1]
2019-05-20 17:11:17.729 TRACE 6380 --- [    Test worker] o.h.type.descriptor.sql.BasicExtractor   : extracted value ([cos_tiempo_estadia] : [VARCHAR]) - [DIA]
2019-05-20 17:11:17.729 TRACE 6380 --- [    Test worker] o.h.type.descriptor.sql.BasicExtractor   : extracted value ([cos_tipo_movil] : [VARCHAR]) - [CARRO]
2019-05-20 17:11:17.729 TRACE 6380 --- [    Test worker] o.h.type.descriptor.sql.BasicExtractor   : extracted value ([cos_tipo_pago] : [VARCHAR]) - [NORMAL]
2019-05-20 17:11:17.729 TRACE 6380 --- [    Test worker] o.h.type.descriptor.sql.BasicExtractor   : extracted value ([cos_valor] : [DOUBLE]) - [8000.0]
2019-05-20 17:11:17.731 DEBUG 6380 --- [    Test worker] org.hibernate.SQL                        : SELECT * FROM costoestadia WHERE cos_tipo_movil = ? AND cos_tipo_pago = ? AND cos_tiempo_estadia = ?
Hibernate: SELECT * FROM costoestadia WHERE cos_tipo_movil = ? AND cos_tipo_pago = ? AND cos_tiempo_estadia = ?
2019-05-20 17:11:17.732 TRACE 6380 --- [    Test worker] o.h.type.descriptor.sql.BasicBinder      : binding parameter [1] as [VARCHAR] - [CARRO]
2019-05-20 17:11:17.733 TRACE 6380 --- [    Test worker] o.h.type.descriptor.sql.BasicBinder      : binding parameter [2] as [VARCHAR] - [NORMAL]
2019-05-20 17:11:17.734 TRACE 6380 --- [    Test worker] o.h.type.descriptor.sql.BasicBinder      : binding parameter [3] as [VARCHAR] - [HORA]
2019-05-20 17:11:17.734 TRACE 6380 --- [    Test worker] o.h.type.descriptor.sql.BasicExtractor   : extracted value ([cos_id] : [INTEGER]) - [2]
2019-05-20 17:11:17.734 TRACE 6380 --- [    Test worker] o.h.type.descriptor.sql.BasicExtractor   : extracted value ([cos_tiempo_estadia] : [VARCHAR]) - [HORA]
2019-05-20 17:11:17.735 TRACE 6380 --- [    Test worker] o.h.type.descriptor.sql.BasicExtractor   : extracted value ([cos_tipo_movil] : [VARCHAR]) - [CARRO]
2019-05-20 17:11:17.735 TRACE 6380 --- [    Test worker] o.h.type.descriptor.sql.BasicExtractor   : extracted value ([cos_tipo_pago] : [VARCHAR]) - [NORMAL]
2019-05-20 17:11:17.735 TRACE 6380 --- [    Test worker] o.h.type.descriptor.sql.BasicExtractor   : extracted value ([cos_valor] : [DOUBLE]) - [1000.0]
2019-05-20 17:11:17.739 DEBUG 6380 --- [    Test worker] org.hibernate.SQL                        : SELECT * FROM factura WHERE mov_placa = ? AND fac_fecha_salida IS NULL
Hibernate: SELECT * FROM factura WHERE mov_placa = ? AND fac_fecha_salida IS NULL
2019-05-20 17:11:17.740 TRACE 6380 --- [    Test worker] o.h.type.descriptor.sql.BasicBinder      : binding parameter [1] as [VARCHAR] - [VBN-11]
2019-05-20 17:11:17.740 TRACE 6380 --- [    Test worker] o.h.type.descriptor.sql.BasicExtractor   : extracted value ([facId] : [INTEGER]) - [23]
2019-05-20 17:11:17.740 TRACE 6380 --- [    Test worker] o.h.type.descriptor.sql.BasicExtractor   : extracted value ([fac_fecha_ingreso] : [TIMESTAMP]) - [2019-05-20 17:11:16.497]
2019-05-20 17:11:17.741 TRACE 6380 --- [    Test worker] o.h.type.descriptor.sql.BasicExtractor   : extracted value ([fac_fecha_salida] : [TIMESTAMP]) - [null]
2019-05-20 17:11:17.741 TRACE 6380 --- [    Test worker] o.h.type.descriptor.sql.BasicExtractor   : extracted value ([fac_valor] : [DOUBLE]) - [0.0]
2019-05-20 17:11:17.741 TRACE 6380 --- [    Test worker] o.h.type.descriptor.sql.BasicExtractor   : extracted value ([mov_placa] : [VARCHAR]) - [VBN-11]
2019-05-20 17:11:17.741 DEBUG 6380 --- [    Test worker] org.hibernate.SQL                        : select movilentit0_.mov_placa as mov_plac1_2_0_, movilentit0_.mov_cilindraje as mov_cili2_2_0_, movilentit0_.mov_tipo_movil as mov_tipo3_2_0_ from movil movilentit0_ where movilentit0_.mov_placa=?
Hibernate: select movilentit0_.mov_placa as mov_plac1_2_0_, movilentit0_.mov_cilindraje as mov_cili2_2_0_, movilentit0_.mov_tipo_movil as mov_tipo3_2_0_ from movil movilentit0_ where movilentit0_.mov_placa=?
2019-05-20 17:11:17.742 TRACE 6380 --- [    Test worker] o.h.type.descriptor.sql.BasicBinder      : binding parameter [1] as [VARCHAR] - [VBN-11]
2019-05-20 17:11:17.742 TRACE 6380 --- [    Test worker] o.h.type.descriptor.sql.BasicExtractor   : extracted value ([mov_cili2_2_0_] : [DOUBLE]) - [-1.0]
2019-05-20 17:11:17.742 TRACE 6380 --- [    Test worker] o.h.type.descriptor.sql.BasicExtractor   : extracted value ([mov_tipo3_2_0_] : [VARCHAR]) - [CARRO]
2019-05-20 17:11:17.742 TRACE 6380 --- [    Test worker] org.hibernate.type.CollectionType        : Created collection wrapper: [co.com.ceiba.ceibaestacionamiento.persistencia.entidades.MovilEntity.facturasEntity#VBN-11]
2019-05-20 17:11:17.744 DEBUG 6380 --- [    Test worker] org.hibernate.SQL                        : select facturaent0_.facId as facId1_1_0_, facturaent0_.fac_fecha_ingreso as fac_fech2_1_0_, facturaent0_.fac_fecha_salida as fac_fech3_1_0_, facturaent0_.fac_valor as fac_valo4_1_0_, facturaent0_.mov_placa as mov_plac5_1_0_ from factura facturaent0_ where facturaent0_.facId=?
Hibernate: select facturaent0_.facId as facId1_1_0_, facturaent0_.fac_fecha_ingreso as fac_fech2_1_0_, facturaent0_.fac_fecha_salida as fac_fech3_1_0_, facturaent0_.fac_valor as fac_valo4_1_0_, facturaent0_.mov_placa as mov_plac5_1_0_ from factura facturaent0_ where facturaent0_.facId=?
2019-05-20 17:11:17.744 TRACE 6380 --- [    Test worker] o.h.type.descriptor.sql.BasicBinder      : binding parameter [1] as [INTEGER] - [23]
2019-05-20 17:11:17.745 TRACE 6380 --- [    Test worker] o.h.type.descriptor.sql.BasicExtractor   : extracted value ([fac_fech2_1_0_] : [TIMESTAMP]) - [2019-05-20 17:11:16.497]
2019-05-20 17:11:17.745 TRACE 6380 --- [    Test worker] o.h.type.descriptor.sql.BasicExtractor   : extracted value ([fac_fech3_1_0_] : [TIMESTAMP]) - [null]
2019-05-20 17:11:17.745 TRACE 6380 --- [    Test worker] o.h.type.descriptor.sql.BasicExtractor   : extracted value ([fac_valo4_1_0_] : [DOUBLE]) - [0.0]
2019-05-20 17:11:17.745 TRACE 6380 --- [    Test worker] o.h.type.descriptor.sql.BasicExtractor   : extracted value ([mov_plac5_1_0_] : [VARCHAR]) - [VBN-11]
2019-05-20 17:11:17.745 DEBUG 6380 --- [    Test worker] org.hibernate.SQL                        : select movilentit0_.mov_placa as mov_plac1_2_1_, movilentit0_.mov_cilindraje as mov_cili2_2_1_, movilentit0_.mov_tipo_movil as mov_tipo3_2_1_, facturasen1_.mov_placa as mov_plac5_1_3_, facturasen1_.facId as facId1_1_3_, facturasen1_.facId as facId1_1_0_, facturasen1_.fac_fecha_ingreso as fac_fech2_1_0_, facturasen1_.fac_fecha_salida as fac_fech3_1_0_, facturasen1_.fac_valor as fac_valo4_1_0_, facturasen1_.mov_placa as mov_plac5_1_0_ from movil movilentit0_ left outer join factura facturasen1_ on movilentit0_.mov_placa=facturasen1_.mov_placa where movilentit0_.mov_placa=?
Hibernate: select movilentit0_.mov_placa as mov_plac1_2_1_, movilentit0_.mov_cilindraje as mov_cili2_2_1_, movilentit0_.mov_tipo_movil as mov_tipo3_2_1_, facturasen1_.mov_placa as mov_plac5_1_3_, facturasen1_.facId as facId1_1_3_, facturasen1_.facId as facId1_1_0_, facturasen1_.fac_fecha_ingreso as fac_fech2_1_0_, facturasen1_.fac_fecha_salida as fac_fech3_1_0_, facturasen1_.fac_valor as fac_valo4_1_0_, facturasen1_.mov_placa as mov_plac5_1_0_ from movil movilentit0_ left outer join factura facturasen1_ on movilentit0_.mov_placa=facturasen1_.mov_placa where movilentit0_.mov_placa=?
2019-05-20 17:11:17.746 TRACE 6380 --- [    Test worker] o.h.type.descriptor.sql.BasicBinder      : binding parameter [1] as [VARCHAR] - [VBN-11]
2019-05-20 17:11:17.746 TRACE 6380 --- [    Test worker] o.h.type.descriptor.sql.BasicExtractor   : extracted value ([facId1_1_0_] : [INTEGER]) - [23]
2019-05-20 17:11:17.747 TRACE 6380 --- [    Test worker] o.h.type.descriptor.sql.BasicExtractor   : extracted value ([mov_cili2_2_1_] : [DOUBLE]) - [-1.0]
2019-05-20 17:11:17.747 TRACE 6380 --- [    Test worker] o.h.type.descriptor.sql.BasicExtractor   : extracted value ([mov_tipo3_2_1_] : [VARCHAR]) - [CARRO]
2019-05-20 17:11:17.747 TRACE 6380 --- [    Test worker] o.h.type.descriptor.sql.BasicExtractor   : extracted value ([mov_plac5_1_3_] : [VARCHAR]) - [VBN-11]
2019-05-20 17:11:17.747 TRACE 6380 --- [    Test worker] o.h.type.descriptor.sql.BasicExtractor   : extracted value ([facId1_1_3_] : [INTEGER]) - [23]
2019-05-20 17:11:17.748 DEBUG 6380 --- [    Test worker] org.hibernate.SQL                        : update factura set fac_fecha_ingreso=?, fac_fecha_salida=?, fac_valor=?, mov_placa=? where facId=?
Hibernate: update factura set fac_fecha_ingreso=?, fac_fecha_salida=?, fac_valor=?, mov_placa=? where facId=?
2019-05-20 17:11:17.749 TRACE 6380 --- [    Test worker] o.h.type.descriptor.sql.BasicBinder      : binding parameter [1] as [TIMESTAMP] - [2019-05-20 17:11:16.497]
2019-05-20 17:11:17.749 TRACE 6380 --- [    Test worker] o.h.type.descriptor.sql.BasicBinder      : binding parameter [2] as [TIMESTAMP] - [Mon May 20 17:11:17 COT 2019]
2019-05-20 17:11:17.749 TRACE 6380 --- [    Test worker] o.h.type.descriptor.sql.BasicBinder      : binding parameter [3] as [DOUBLE] - [1000.0]
2019-05-20 17:11:17.749 TRACE 6380 --- [    Test worker] o.h.type.descriptor.sql.BasicBinder      : binding parameter [4] as [VARCHAR] - [VBN-11]
2019-05-20 17:11:17.749 TRACE 6380 --- [    Test worker] o.h.type.descriptor.sql.BasicBinder      : binding parameter [5] as [INTEGER] - [23]
2019-05-20 17:11:17.751 DEBUG 6380 --- [    Test worker] org.hibernate.SQL                        : select movilentit0_.mov_placa as mov_plac1_2_0_, movilentit0_.mov_cilindraje as mov_cili2_2_0_, movilentit0_.mov_tipo_movil as mov_tipo3_2_0_ from movil movilentit0_ where movilentit0_.mov_placa=?
Hibernate: select movilentit0_.mov_placa as mov_plac1_2_0_, movilentit0_.mov_cilindraje as mov_cili2_2_0_, movilentit0_.mov_tipo_movil as mov_tipo3_2_0_ from movil movilentit0_ where movilentit0_.mov_placa=?
2019-05-20 17:11:17.752 TRACE 6380 --- [    Test worker] o.h.type.descriptor.sql.BasicBinder      : binding parameter [1] as [VARCHAR] - [VBN-12]
2019-05-20 17:11:17.754 TRACE 6380 --- [    Test worker] o.h.type.descriptor.sql.BasicExtractor   : extracted value ([mov_cili2_2_0_] : [DOUBLE]) - [-1.0]
2019-05-20 17:11:17.754 TRACE 6380 --- [    Test worker] o.h.type.descriptor.sql.BasicExtractor   : extracted value ([mov_tipo3_2_0_] : [VARCHAR]) - [CARRO]
2019-05-20 17:11:17.754 TRACE 6380 --- [    Test worker] org.hibernate.type.CollectionType        : Created collection wrapper: [co.com.ceiba.ceibaestacionamiento.persistencia.entidades.MovilEntity.facturasEntity#VBN-12]
2019-05-20 17:11:17.756 DEBUG 6380 --- [    Test worker] org.hibernate.SQL                        : SELECT COUNT(*) FROM factura WHERE mov_placa = ? AND fac_fecha_salida IS NULL
Hibernate: SELECT COUNT(*) FROM factura WHERE mov_placa = ? AND fac_fecha_salida IS NULL
2019-05-20 17:11:17.758 TRACE 6380 --- [    Test worker] o.h.type.descriptor.sql.BasicBinder      : binding parameter [1] as [VARCHAR] - [VBN-12]
2019-05-20 17:11:17.759 TRACE 6380 --- [    Test worker] o.h.type.descriptor.sql.BasicExtractor   : extracted value ([COUNT(*)] : [NUMERIC]) - [1]
2019-05-20 17:11:17.761 DEBUG 6380 --- [    Test worker] org.hibernate.SQL                        : SELECT * FROM factura WHERE mov_placa = ? AND fac_fecha_salida IS NULL
Hibernate: SELECT * FROM factura WHERE mov_placa = ? AND fac_fecha_salida IS NULL
2019-05-20 17:11:17.763 TRACE 6380 --- [    Test worker] o.h.type.descriptor.sql.BasicBinder      : binding parameter [1] as [VARCHAR] - [VBN-12]
2019-05-20 17:11:17.764 TRACE 6380 --- [    Test worker] o.h.type.descriptor.sql.BasicExtractor   : extracted value ([facId] : [INTEGER]) - [24]
2019-05-20 17:11:17.764 TRACE 6380 --- [    Test worker] o.h.type.descriptor.sql.BasicExtractor   : extracted value ([fac_fecha_ingreso] : [TIMESTAMP]) - [2019-05-20 17:11:16.528]
2019-05-20 17:11:17.764 TRACE 6380 --- [    Test worker] o.h.type.descriptor.sql.BasicExtractor   : extracted value ([fac_fecha_salida] : [TIMESTAMP]) - [null]
2019-05-20 17:11:17.764 TRACE 6380 --- [    Test worker] o.h.type.descriptor.sql.BasicExtractor   : extracted value ([fac_valor] : [DOUBLE]) - [0.0]
2019-05-20 17:11:17.764 TRACE 6380 --- [    Test worker] o.h.type.descriptor.sql.BasicExtractor   : extracted value ([mov_placa] : [VARCHAR]) - [VBN-12]
2019-05-20 17:11:17.765 DEBUG 6380 --- [    Test worker] org.hibernate.SQL                        : select movilentit0_.mov_placa as mov_plac1_2_0_, movilentit0_.mov_cilindraje as mov_cili2_2_0_, movilentit0_.mov_tipo_movil as mov_tipo3_2_0_ from movil movilentit0_ where movilentit0_.mov_placa=?
Hibernate: select movilentit0_.mov_placa as mov_plac1_2_0_, movilentit0_.mov_cilindraje as mov_cili2_2_0_, movilentit0_.mov_tipo_movil as mov_tipo3_2_0_ from movil movilentit0_ where movilentit0_.mov_placa=?
2019-05-20 17:11:17.765 TRACE 6380 --- [    Test worker] o.h.type.descriptor.sql.BasicBinder      : binding parameter [1] as [VARCHAR] - [VBN-12]
2019-05-20 17:11:17.765 TRACE 6380 --- [    Test worker] o.h.type.descriptor.sql.BasicExtractor   : extracted value ([mov_cili2_2_0_] : [DOUBLE]) - [-1.0]
2019-05-20 17:11:17.766 TRACE 6380 --- [    Test worker] o.h.type.descriptor.sql.BasicExtractor   : extracted value ([mov_tipo3_2_0_] : [VARCHAR]) - [CARRO]
2019-05-20 17:11:17.766 TRACE 6380 --- [    Test worker] org.hibernate.type.CollectionType        : Created collection wrapper: [co.com.ceiba.ceibaestacionamiento.persistencia.entidades.MovilEntity.facturasEntity#VBN-12]
2019-05-20 17:11:17.768 DEBUG 6380 --- [    Test worker] org.hibernate.SQL                        : SELECT * FROM costoestadia WHERE cos_tipo_movil = ? AND cos_tipo_pago = ? AND cos_tiempo_estadia = ?
Hibernate: SELECT * FROM costoestadia WHERE cos_tipo_movil = ? AND cos_tipo_pago = ? AND cos_tiempo_estadia = ?
2019-05-20 17:11:17.769 TRACE 6380 --- [    Test worker] o.h.type.descriptor.sql.BasicBinder      : binding parameter [1] as [VARCHAR] - [CARRO]
2019-05-20 17:11:17.770 TRACE 6380 --- [    Test worker] o.h.type.descriptor.sql.BasicBinder      : binding parameter [2] as [VARCHAR] - [NORMAL]
2019-05-20 17:11:17.770 TRACE 6380 --- [    Test worker] o.h.type.descriptor.sql.BasicBinder      : binding parameter [3] as [VARCHAR] - [DIA]
2019-05-20 17:11:17.770 TRACE 6380 --- [    Test worker] o.h.type.descriptor.sql.BasicExtractor   : extracted value ([cos_id] : [INTEGER]) - [1]
2019-05-20 17:11:17.770 TRACE 6380 --- [    Test worker] o.h.type.descriptor.sql.BasicExtractor   : extracted value ([cos_tiempo_estadia] : [VARCHAR]) - [DIA]
2019-05-20 17:11:17.771 TRACE 6380 --- [    Test worker] o.h.type.descriptor.sql.BasicExtractor   : extracted value ([cos_tipo_movil] : [VARCHAR]) - [CARRO]
2019-05-20 17:11:17.771 TRACE 6380 --- [    Test worker] o.h.type.descriptor.sql.BasicExtractor   : extracted value ([cos_tipo_pago] : [VARCHAR]) - [NORMAL]
2019-05-20 17:11:17.771 TRACE 6380 --- [    Test worker] o.h.type.descriptor.sql.BasicExtractor   : extracted value ([cos_valor] : [DOUBLE]) - [8000.0]
2019-05-20 17:11:17.775 DEBUG 6380 --- [    Test worker] org.hibernate.SQL                        : SELECT * FROM costoestadia WHERE cos_tipo_movil = ? AND cos_tipo_pago = ? AND cos_tiempo_estadia = ?
Hibernate: SELECT * FROM costoestadia WHERE cos_tipo_movil = ? AND cos_tipo_pago = ? AND cos_tiempo_estadia = ?
2019-05-20 17:11:17.775 TRACE 6380 --- [    Test worker] o.h.type.descriptor.sql.BasicBinder      : binding parameter [1] as [VARCHAR] - [CARRO]
2019-05-20 17:11:17.776 TRACE 6380 --- [    Test worker] o.h.type.descriptor.sql.BasicBinder      : binding parameter [2] as [VARCHAR] - [NORMAL]
2019-05-20 17:11:17.776 TRACE 6380 --- [    Test worker] o.h.type.descriptor.sql.BasicBinder      : binding parameter [3] as [VARCHAR] - [HORA]
2019-05-20 17:11:17.776 TRACE 6380 --- [    Test worker] o.h.type.descriptor.sql.BasicExtractor   : extracted value ([cos_id] : [INTEGER]) - [2]
2019-05-20 17:11:17.776 TRACE 6380 --- [    Test worker] o.h.type.descriptor.sql.BasicExtractor   : extracted value ([cos_tiempo_estadia] : [VARCHAR]) - [HORA]
2019-05-20 17:11:17.776 TRACE 6380 --- [    Test worker] o.h.type.descriptor.sql.BasicExtractor   : extracted value ([cos_tipo_movil] : [VARCHAR]) - [CARRO]
2019-05-20 17:11:17.776 TRACE 6380 --- [    Test worker] o.h.type.descriptor.sql.BasicExtractor   : extracted value ([cos_tipo_pago] : [VARCHAR]) - [NORMAL]
2019-05-20 17:11:17.776 TRACE 6380 --- [    Test worker] o.h.type.descriptor.sql.BasicExtractor   : extracted value ([cos_valor] : [DOUBLE]) - [1000.0]
2019-05-20 17:11:17.778 DEBUG 6380 --- [    Test worker] org.hibernate.SQL                        : SELECT * FROM factura WHERE mov_placa = ? AND fac_fecha_salida IS NULL
Hibernate: SELECT * FROM factura WHERE mov_placa = ? AND fac_fecha_salida IS NULL
2019-05-20 17:11:17.779 TRACE 6380 --- [    Test worker] o.h.type.descriptor.sql.BasicBinder      : binding parameter [1] as [VARCHAR] - [VBN-12]
2019-05-20 17:11:17.779 TRACE 6380 --- [    Test worker] o.h.type.descriptor.sql.BasicExtractor   : extracted value ([facId] : [INTEGER]) - [24]
2019-05-20 17:11:17.779 TRACE 6380 --- [    Test worker] o.h.type.descriptor.sql.BasicExtractor   : extracted value ([fac_fecha_ingreso] : [TIMESTAMP]) - [2019-05-20 17:11:16.528]
2019-05-20 17:11:17.779 TRACE 6380 --- [    Test worker] o.h.type.descriptor.sql.BasicExtractor   : extracted value ([fac_fecha_salida] : [TIMESTAMP]) - [null]
2019-05-20 17:11:17.779 TRACE 6380 --- [    Test worker] o.h.type.descriptor.sql.BasicExtractor   : extracted value ([fac_valor] : [DOUBLE]) - [0.0]
2019-05-20 17:11:17.779 TRACE 6380 --- [    Test worker] o.h.type.descriptor.sql.BasicExtractor   : extracted value ([mov_placa] : [VARCHAR]) - [VBN-12]
2019-05-20 17:11:17.780 DEBUG 6380 --- [    Test worker] org.hibernate.SQL                        : select movilentit0_.mov_placa as mov_plac1_2_0_, movilentit0_.mov_cilindraje as mov_cili2_2_0_, movilentit0_.mov_tipo_movil as mov_tipo3_2_0_ from movil movilentit0_ where movilentit0_.mov_placa=?
Hibernate: select movilentit0_.mov_placa as mov_plac1_2_0_, movilentit0_.mov_cilindraje as mov_cili2_2_0_, movilentit0_.mov_tipo_movil as mov_tipo3_2_0_ from movil movilentit0_ where movilentit0_.mov_placa=?
2019-05-20 17:11:17.780 TRACE 6380 --- [    Test worker] o.h.type.descriptor.sql.BasicBinder      : binding parameter [1] as [VARCHAR] - [VBN-12]
2019-05-20 17:11:17.781 TRACE 6380 --- [    Test worker] o.h.type.descriptor.sql.BasicExtractor   : extracted value ([mov_cili2_2_0_] : [DOUBLE]) - [-1.0]
2019-05-20 17:11:17.781 TRACE 6380 --- [    Test worker] o.h.type.descriptor.sql.BasicExtractor   : extracted value ([mov_tipo3_2_0_] : [VARCHAR]) - [CARRO]
2019-05-20 17:11:17.781 TRACE 6380 --- [    Test worker] org.hibernate.type.CollectionType        : Created collection wrapper: [co.com.ceiba.ceibaestacionamiento.persistencia.entidades.MovilEntity.facturasEntity#VBN-12]
2019-05-20 17:11:17.783 DEBUG 6380 --- [    Test worker] org.hibernate.SQL                        : select facturaent0_.facId as facId1_1_0_, facturaent0_.fac_fecha_ingreso as fac_fech2_1_0_, facturaent0_.fac_fecha_salida as fac_fech3_1_0_, facturaent0_.fac_valor as fac_valo4_1_0_, facturaent0_.mov_placa as mov_plac5_1_0_ from factura facturaent0_ where facturaent0_.facId=?
Hibernate: select facturaent0_.facId as facId1_1_0_, facturaent0_.fac_fecha_ingreso as fac_fech2_1_0_, facturaent0_.fac_fecha_salida as fac_fech3_1_0_, facturaent0_.fac_valor as fac_valo4_1_0_, facturaent0_.mov_placa as mov_plac5_1_0_ from factura facturaent0_ where facturaent0_.facId=?
2019-05-20 17:11:17.783 TRACE 6380 --- [    Test worker] o.h.type.descriptor.sql.BasicBinder      : binding parameter [1] as [INTEGER] - [24]
2019-05-20 17:11:17.784 TRACE 6380 --- [    Test worker] o.h.type.descriptor.sql.BasicExtractor   : extracted value ([fac_fech2_1_0_] : [TIMESTAMP]) - [2019-05-20 17:11:16.528]
2019-05-20 17:11:17.784 TRACE 6380 --- [    Test worker] o.h.type.descriptor.sql.BasicExtractor   : extracted value ([fac_fech3_1_0_] : [TIMESTAMP]) - [null]
2019-05-20 17:11:17.784 TRACE 6380 --- [    Test worker] o.h.type.descriptor.sql.BasicExtractor   : extracted value ([fac_valo4_1_0_] : [DOUBLE]) - [0.0]
2019-05-20 17:11:17.784 TRACE 6380 --- [    Test worker] o.h.type.descriptor.sql.BasicExtractor   : extracted value ([mov_plac5_1_0_] : [VARCHAR]) - [VBN-12]
2019-05-20 17:11:17.784 DEBUG 6380 --- [    Test worker] org.hibernate.SQL                        : select movilentit0_.mov_placa as mov_plac1_2_1_, movilentit0_.mov_cilindraje as mov_cili2_2_1_, movilentit0_.mov_tipo_movil as mov_tipo3_2_1_, facturasen1_.mov_placa as mov_plac5_1_3_, facturasen1_.facId as facId1_1_3_, facturasen1_.facId as facId1_1_0_, facturasen1_.fac_fecha_ingreso as fac_fech2_1_0_, facturasen1_.fac_fecha_salida as fac_fech3_1_0_, facturasen1_.fac_valor as fac_valo4_1_0_, facturasen1_.mov_placa as mov_plac5_1_0_ from movil movilentit0_ left outer join factura facturasen1_ on movilentit0_.mov_placa=facturasen1_.mov_placa where movilentit0_.mov_placa=?
Hibernate: select movilentit0_.mov_placa as mov_plac1_2_1_, movilentit0_.mov_cilindraje as mov_cili2_2_1_, movilentit0_.mov_tipo_movil as mov_tipo3_2_1_, facturasen1_.mov_placa as mov_plac5_1_3_, facturasen1_.facId as facId1_1_3_, facturasen1_.facId as facId1_1_0_, facturasen1_.fac_fecha_ingreso as fac_fech2_1_0_, facturasen1_.fac_fecha_salida as fac_fech3_1_0_, facturasen1_.fac_valor as fac_valo4_1_0_, facturasen1_.mov_placa as mov_plac5_1_0_ from movil movilentit0_ left outer join factura facturasen1_ on movilentit0_.mov_placa=facturasen1_.mov_placa where movilentit0_.mov_placa=?
2019-05-20 17:11:17.784 TRACE 6380 --- [    Test worker] o.h.type.descriptor.sql.BasicBinder      : binding parameter [1] as [VARCHAR] - [VBN-12]
2019-05-20 17:11:17.785 TRACE 6380 --- [    Test worker] o.h.type.descriptor.sql.BasicExtractor   : extracted value ([facId1_1_0_] : [INTEGER]) - [24]
2019-05-20 17:11:17.785 TRACE 6380 --- [    Test worker] o.h.type.descriptor.sql.BasicExtractor   : extracted value ([mov_cili2_2_1_] : [DOUBLE]) - [-1.0]
2019-05-20 17:11:17.785 TRACE 6380 --- [    Test worker] o.h.type.descriptor.sql.BasicExtractor   : extracted value ([mov_tipo3_2_1_] : [VARCHAR]) - [CARRO]
2019-05-20 17:11:17.785 TRACE 6380 --- [    Test worker] o.h.type.descriptor.sql.BasicExtractor   : extracted value ([mov_plac5_1_3_] : [VARCHAR]) - [VBN-12]
2019-05-20 17:11:17.785 TRACE 6380 --- [    Test worker] o.h.type.descriptor.sql.BasicExtractor   : extracted value ([facId1_1_3_] : [INTEGER]) - [24]
2019-05-20 17:11:17.787 DEBUG 6380 --- [    Test worker] org.hibernate.SQL                        : update factura set fac_fecha_ingreso=?, fac_fecha_salida=?, fac_valor=?, mov_placa=? where facId=?
Hibernate: update factura set fac_fecha_ingreso=?, fac_fecha_salida=?, fac_valor=?, mov_placa=? where facId=?
2019-05-20 17:11:17.789 TRACE 6380 --- [    Test worker] o.h.type.descriptor.sql.BasicBinder      : binding parameter [1] as [TIMESTAMP] - [2019-05-20 17:11:16.528]
2019-05-20 17:11:17.789 TRACE 6380 --- [    Test worker] o.h.type.descriptor.sql.BasicBinder      : binding parameter [2] as [TIMESTAMP] - [Mon May 20 17:11:17 COT 2019]
2019-05-20 17:11:17.789 TRACE 6380 --- [    Test worker] o.h.type.descriptor.sql.BasicBinder      : binding parameter [3] as [DOUBLE] - [1000.0]
2019-05-20 17:11:17.789 TRACE 6380 --- [    Test worker] o.h.type.descriptor.sql.BasicBinder      : binding parameter [4] as [VARCHAR] - [VBN-12]
2019-05-20 17:11:17.789 TRACE 6380 --- [    Test worker] o.h.type.descriptor.sql.BasicBinder      : binding parameter [5] as [INTEGER] - [24]
2019-05-20 17:11:17.792 DEBUG 6380 --- [    Test worker] org.hibernate.SQL                        : select movilentit0_.mov_placa as mov_plac1_2_0_, movilentit0_.mov_cilindraje as mov_cili2_2_0_, movilentit0_.mov_tipo_movil as mov_tipo3_2_0_ from movil movilentit0_ where movilentit0_.mov_placa=?
Hibernate: select movilentit0_.mov_placa as mov_plac1_2_0_, movilentit0_.mov_cilindraje as mov_cili2_2_0_, movilentit0_.mov_tipo_movil as mov_tipo3_2_0_ from movil movilentit0_ where movilentit0_.mov_placa=?
2019-05-20 17:11:17.793 TRACE 6380 --- [    Test worker] o.h.type.descriptor.sql.BasicBinder      : binding parameter [1] as [VARCHAR] - [VBN-13]
2019-05-20 17:11:17.793 TRACE 6380 --- [    Test worker] o.h.type.descriptor.sql.BasicExtractor   : extracted value ([mov_cili2_2_0_] : [DOUBLE]) - [-1.0]
2019-05-20 17:11:17.793 TRACE 6380 --- [    Test worker] o.h.type.descriptor.sql.BasicExtractor   : extracted value ([mov_tipo3_2_0_] : [VARCHAR]) - [CARRO]
2019-05-20 17:11:17.793 TRACE 6380 --- [    Test worker] org.hibernate.type.CollectionType        : Created collection wrapper: [co.com.ceiba.ceibaestacionamiento.persistencia.entidades.MovilEntity.facturasEntity#VBN-13]
2019-05-20 17:11:17.795 DEBUG 6380 --- [    Test worker] org.hibernate.SQL                        : SELECT COUNT(*) FROM factura WHERE mov_placa = ? AND fac_fecha_salida IS NULL
Hibernate: SELECT COUNT(*) FROM factura WHERE mov_placa = ? AND fac_fecha_salida IS NULL
2019-05-20 17:11:17.795 TRACE 6380 --- [    Test worker] o.h.type.descriptor.sql.BasicBinder      : binding parameter [1] as [VARCHAR] - [VBN-13]
2019-05-20 17:11:17.795 TRACE 6380 --- [    Test worker] o.h.type.descriptor.sql.BasicExtractor   : extracted value ([COUNT(*)] : [NUMERIC]) - [1]
2019-05-20 17:11:17.797 DEBUG 6380 --- [    Test worker] org.hibernate.SQL                        : SELECT * FROM factura WHERE mov_placa = ? AND fac_fecha_salida IS NULL
Hibernate: SELECT * FROM factura WHERE mov_placa = ? AND fac_fecha_salida IS NULL
2019-05-20 17:11:17.797 TRACE 6380 --- [    Test worker] o.h.type.descriptor.sql.BasicBinder      : binding parameter [1] as [VARCHAR] - [VBN-13]
2019-05-20 17:11:17.797 TRACE 6380 --- [    Test worker] o.h.type.descriptor.sql.BasicExtractor   : extracted value ([facId] : [INTEGER]) - [25]
2019-05-20 17:11:17.798 TRACE 6380 --- [    Test worker] o.h.type.descriptor.sql.BasicExtractor   : extracted value ([fac_fecha_ingreso] : [TIMESTAMP]) - [2019-05-20 17:11:16.55]
2019-05-20 17:11:17.798 TRACE 6380 --- [    Test worker] o.h.type.descriptor.sql.BasicExtractor   : extracted value ([fac_fecha_salida] : [TIMESTAMP]) - [null]
2019-05-20 17:11:17.798 TRACE 6380 --- [    Test worker] o.h.type.descriptor.sql.BasicExtractor   : extracted value ([fac_valor] : [DOUBLE]) - [0.0]
2019-05-20 17:11:17.798 TRACE 6380 --- [    Test worker] o.h.type.descriptor.sql.BasicExtractor   : extracted value ([mov_placa] : [VARCHAR]) - [VBN-13]
2019-05-20 17:11:17.798 DEBUG 6380 --- [    Test worker] org.hibernate.SQL                        : select movilentit0_.mov_placa as mov_plac1_2_0_, movilentit0_.mov_cilindraje as mov_cili2_2_0_, movilentit0_.mov_tipo_movil as mov_tipo3_2_0_ from movil movilentit0_ where movilentit0_.mov_placa=?
Hibernate: select movilentit0_.mov_placa as mov_plac1_2_0_, movilentit0_.mov_cilindraje as mov_cili2_2_0_, movilentit0_.mov_tipo_movil as mov_tipo3_2_0_ from movil movilentit0_ where movilentit0_.mov_placa=?
2019-05-20 17:11:17.798 TRACE 6380 --- [    Test worker] o.h.type.descriptor.sql.BasicBinder      : binding parameter [1] as [VARCHAR] - [VBN-13]
2019-05-20 17:11:17.798 TRACE 6380 --- [    Test worker] o.h.type.descriptor.sql.BasicExtractor   : extracted value ([mov_cili2_2_0_] : [DOUBLE]) - [-1.0]
2019-05-20 17:11:17.799 TRACE 6380 --- [    Test worker] o.h.type.descriptor.sql.BasicExtractor   : extracted value ([mov_tipo3_2_0_] : [VARCHAR]) - [CARRO]
2019-05-20 17:11:17.799 TRACE 6380 --- [    Test worker] org.hibernate.type.CollectionType        : Created collection wrapper: [co.com.ceiba.ceibaestacionamiento.persistencia.entidades.MovilEntity.facturasEntity#VBN-13]
2019-05-20 17:11:17.800 DEBUG 6380 --- [    Test worker] org.hibernate.SQL                        : SELECT * FROM costoestadia WHERE cos_tipo_movil = ? AND cos_tipo_pago = ? AND cos_tiempo_estadia = ?
Hibernate: SELECT * FROM costoestadia WHERE cos_tipo_movil = ? AND cos_tipo_pago = ? AND cos_tiempo_estadia = ?
2019-05-20 17:11:17.801 TRACE 6380 --- [    Test worker] o.h.type.descriptor.sql.BasicBinder      : binding parameter [1] as [VARCHAR] - [CARRO]
2019-05-20 17:11:17.801 TRACE 6380 --- [    Test worker] o.h.type.descriptor.sql.BasicBinder      : binding parameter [2] as [VARCHAR] - [NORMAL]
2019-05-20 17:11:17.801 TRACE 6380 --- [    Test worker] o.h.type.descriptor.sql.BasicBinder      : binding parameter [3] as [VARCHAR] - [DIA]
2019-05-20 17:11:17.801 TRACE 6380 --- [    Test worker] o.h.type.descriptor.sql.BasicExtractor   : extracted value ([cos_id] : [INTEGER]) - [1]
2019-05-20 17:11:17.801 TRACE 6380 --- [    Test worker] o.h.type.descriptor.sql.BasicExtractor   : extracted value ([cos_tiempo_estadia] : [VARCHAR]) - [DIA]
2019-05-20 17:11:17.801 TRACE 6380 --- [    Test worker] o.h.type.descriptor.sql.BasicExtractor   : extracted value ([cos_tipo_movil] : [VARCHAR]) - [CARRO]
2019-05-20 17:11:17.801 TRACE 6380 --- [    Test worker] o.h.type.descriptor.sql.BasicExtractor   : extracted value ([cos_tipo_pago] : [VARCHAR]) - [NORMAL]
2019-05-20 17:11:17.802 TRACE 6380 --- [    Test worker] o.h.type.descriptor.sql.BasicExtractor   : extracted value ([cos_valor] : [DOUBLE]) - [8000.0]
2019-05-20 17:11:17.803 DEBUG 6380 --- [    Test worker] org.hibernate.SQL                        : SELECT * FROM costoestadia WHERE cos_tipo_movil = ? AND cos_tipo_pago = ? AND cos_tiempo_estadia = ?
Hibernate: SELECT * FROM costoestadia WHERE cos_tipo_movil = ? AND cos_tipo_pago = ? AND cos_tiempo_estadia = ?
2019-05-20 17:11:17.804 TRACE 6380 --- [    Test worker] o.h.type.descriptor.sql.BasicBinder      : binding parameter [1] as [VARCHAR] - [CARRO]
2019-05-20 17:11:17.804 TRACE 6380 --- [    Test worker] o.h.type.descriptor.sql.BasicBinder      : binding parameter [2] as [VARCHAR] - [NORMAL]
2019-05-20 17:11:17.804 TRACE 6380 --- [    Test worker] o.h.type.descriptor.sql.BasicBinder      : binding parameter [3] as [VARCHAR] - [HORA]
2019-05-20 17:11:17.804 TRACE 6380 --- [    Test worker] o.h.type.descriptor.sql.BasicExtractor   : extracted value ([cos_id] : [INTEGER]) - [2]
2019-05-20 17:11:17.804 TRACE 6380 --- [    Test worker] o.h.type.descriptor.sql.BasicExtractor   : extracted value ([cos_tiempo_estadia] : [VARCHAR]) - [HORA]
2019-05-20 17:11:17.804 TRACE 6380 --- [    Test worker] o.h.type.descriptor.sql.BasicExtractor   : extracted value ([cos_tipo_movil] : [VARCHAR]) - [CARRO]
2019-05-20 17:11:17.804 TRACE 6380 --- [    Test worker] o.h.type.descriptor.sql.BasicExtractor   : extracted value ([cos_tipo_pago] : [VARCHAR]) - [NORMAL]
2019-05-20 17:11:17.804 TRACE 6380 --- [    Test worker] o.h.type.descriptor.sql.BasicExtractor   : extracted value ([cos_valor] : [DOUBLE]) - [1000.0]
2019-05-20 17:11:17.806 DEBUG 6380 --- [    Test worker] org.hibernate.SQL                        : SELECT * FROM factura WHERE mov_placa = ? AND fac_fecha_salida IS NULL
Hibernate: SELECT * FROM factura WHERE mov_placa = ? AND fac_fecha_salida IS NULL
2019-05-20 17:11:17.807 TRACE 6380 --- [    Test worker] o.h.type.descriptor.sql.BasicBinder      : binding parameter [1] as [VARCHAR] - [VBN-13]
2019-05-20 17:11:17.807 TRACE 6380 --- [    Test worker] o.h.type.descriptor.sql.BasicExtractor   : extracted value ([facId] : [INTEGER]) - [25]
2019-05-20 17:11:17.808 TRACE 6380 --- [    Test worker] o.h.type.descriptor.sql.BasicExtractor   : extracted value ([fac_fecha_ingreso] : [TIMESTAMP]) - [2019-05-20 17:11:16.55]
2019-05-20 17:11:17.808 TRACE 6380 --- [    Test worker] o.h.type.descriptor.sql.BasicExtractor   : extracted value ([fac_fecha_salida] : [TIMESTAMP]) - [null]
2019-05-20 17:11:17.808 TRACE 6380 --- [    Test worker] o.h.type.descriptor.sql.BasicExtractor   : extracted value ([fac_valor] : [DOUBLE]) - [0.0]
2019-05-20 17:11:17.808 TRACE 6380 --- [    Test worker] o.h.type.descriptor.sql.BasicExtractor   : extracted value ([mov_placa] : [VARCHAR]) - [VBN-13]
2019-05-20 17:11:17.808 DEBUG 6380 --- [    Test worker] org.hibernate.SQL                        : select movilentit0_.mov_placa as mov_plac1_2_0_, movilentit0_.mov_cilindraje as mov_cili2_2_0_, movilentit0_.mov_tipo_movil as mov_tipo3_2_0_ from movil movilentit0_ where movilentit0_.mov_placa=?
Hibernate: select movilentit0_.mov_placa as mov_plac1_2_0_, movilentit0_.mov_cilindraje as mov_cili2_2_0_, movilentit0_.mov_tipo_movil as mov_tipo3_2_0_ from movil movilentit0_ where movilentit0_.mov_placa=?
2019-05-20 17:11:17.808 TRACE 6380 --- [    Test worker] o.h.type.descriptor.sql.BasicBinder      : binding parameter [1] as [VARCHAR] - [VBN-13]
2019-05-20 17:11:17.809 TRACE 6380 --- [    Test worker] o.h.type.descriptor.sql.BasicExtractor   : extracted value ([mov_cili2_2_0_] : [DOUBLE]) - [-1.0]
2019-05-20 17:11:17.809 TRACE 6380 --- [    Test worker] o.h.type.descriptor.sql.BasicExtractor   : extracted value ([mov_tipo3_2_0_] : [VARCHAR]) - [CARRO]
2019-05-20 17:11:17.809 TRACE 6380 --- [    Test worker] org.hibernate.type.CollectionType        : Created collection wrapper: [co.com.ceiba.ceibaestacionamiento.persistencia.entidades.MovilEntity.facturasEntity#VBN-13]
2019-05-20 17:11:17.811 DEBUG 6380 --- [    Test worker] org.hibernate.SQL                        : select facturaent0_.facId as facId1_1_0_, facturaent0_.fac_fecha_ingreso as fac_fech2_1_0_, facturaent0_.fac_fecha_salida as fac_fech3_1_0_, facturaent0_.fac_valor as fac_valo4_1_0_, facturaent0_.mov_placa as mov_plac5_1_0_ from factura facturaent0_ where facturaent0_.facId=?
Hibernate: select facturaent0_.facId as facId1_1_0_, facturaent0_.fac_fecha_ingreso as fac_fech2_1_0_, facturaent0_.fac_fecha_salida as fac_fech3_1_0_, facturaent0_.fac_valor as fac_valo4_1_0_, facturaent0_.mov_placa as mov_plac5_1_0_ from factura facturaent0_ where facturaent0_.facId=?
2019-05-20 17:11:17.811 TRACE 6380 --- [    Test worker] o.h.type.descriptor.sql.BasicBinder      : binding parameter [1] as [INTEGER] - [25]
2019-05-20 17:11:17.811 TRACE 6380 --- [    Test worker] o.h.type.descriptor.sql.BasicExtractor   : extracted value ([fac_fech2_1_0_] : [TIMESTAMP]) - [2019-05-20 17:11:16.55]
2019-05-20 17:11:17.811 TRACE 6380 --- [    Test worker] o.h.type.descriptor.sql.BasicExtractor   : extracted value ([fac_fech3_1_0_] : [TIMESTAMP]) - [null]
2019-05-20 17:11:17.811 TRACE 6380 --- [    Test worker] o.h.type.descriptor.sql.BasicExtractor   : extracted value ([fac_valo4_1_0_] : [DOUBLE]) - [0.0]
2019-05-20 17:11:17.811 TRACE 6380 --- [    Test worker] o.h.type.descriptor.sql.BasicExtractor   : extracted value ([mov_plac5_1_0_] : [VARCHAR]) - [VBN-13]
2019-05-20 17:11:17.812 DEBUG 6380 --- [    Test worker] org.hibernate.SQL                        : select movilentit0_.mov_placa as mov_plac1_2_1_, movilentit0_.mov_cilindraje as mov_cili2_2_1_, movilentit0_.mov_tipo_movil as mov_tipo3_2_1_, facturasen1_.mov_placa as mov_plac5_1_3_, facturasen1_.facId as facId1_1_3_, facturasen1_.facId as facId1_1_0_, facturasen1_.fac_fecha_ingreso as fac_fech2_1_0_, facturasen1_.fac_fecha_salida as fac_fech3_1_0_, facturasen1_.fac_valor as fac_valo4_1_0_, facturasen1_.mov_placa as mov_plac5_1_0_ from movil movilentit0_ left outer join factura facturasen1_ on movilentit0_.mov_placa=facturasen1_.mov_placa where movilentit0_.mov_placa=?
Hibernate: select movilentit0_.mov_placa as mov_plac1_2_1_, movilentit0_.mov_cilindraje as mov_cili2_2_1_, movilentit0_.mov_tipo_movil as mov_tipo3_2_1_, facturasen1_.mov_placa as mov_plac5_1_3_, facturasen1_.facId as facId1_1_3_, facturasen1_.facId as facId1_1_0_, facturasen1_.fac_fecha_ingreso as fac_fech2_1_0_, facturasen1_.fac_fecha_salida as fac_fech3_1_0_, facturasen1_.fac_valor as fac_valo4_1_0_, facturasen1_.mov_placa as mov_plac5_1_0_ from movil movilentit0_ left outer join factura facturasen1_ on movilentit0_.mov_placa=facturasen1_.mov_placa where movilentit0_.mov_placa=?
2019-05-20 17:11:17.812 TRACE 6380 --- [    Test worker] o.h.type.descriptor.sql.BasicBinder      : binding parameter [1] as [VARCHAR] - [VBN-13]
2019-05-20 17:11:17.812 TRACE 6380 --- [    Test worker] o.h.type.descriptor.sql.BasicExtractor   : extracted value ([facId1_1_0_] : [INTEGER]) - [25]
2019-05-20 17:11:17.812 TRACE 6380 --- [    Test worker] o.h.type.descriptor.sql.BasicExtractor   : extracted value ([mov_cili2_2_1_] : [DOUBLE]) - [-1.0]
2019-05-20 17:11:17.812 TRACE 6380 --- [    Test worker] o.h.type.descriptor.sql.BasicExtractor   : extracted value ([mov_tipo3_2_1_] : [VARCHAR]) - [CARRO]
2019-05-20 17:11:17.813 TRACE 6380 --- [    Test worker] o.h.type.descriptor.sql.BasicExtractor   : extracted value ([mov_plac5_1_3_] : [VARCHAR]) - [VBN-13]
2019-05-20 17:11:17.813 TRACE 6380 --- [    Test worker] o.h.type.descriptor.sql.BasicExtractor   : extracted value ([facId1_1_3_] : [INTEGER]) - [25]
2019-05-20 17:11:17.814 DEBUG 6380 --- [    Test worker] org.hibernate.SQL                        : update factura set fac_fecha_ingreso=?, fac_fecha_salida=?, fac_valor=?, mov_placa=? where facId=?
Hibernate: update factura set fac_fecha_ingreso=?, fac_fecha_salida=?, fac_valor=?, mov_placa=? where facId=?
2019-05-20 17:11:17.815 TRACE 6380 --- [    Test worker] o.h.type.descriptor.sql.BasicBinder      : binding parameter [1] as [TIMESTAMP] - [2019-05-20 17:11:16.55]
2019-05-20 17:11:17.815 TRACE 6380 --- [    Test worker] o.h.type.descriptor.sql.BasicBinder      : binding parameter [2] as [TIMESTAMP] - [Mon May 20 17:11:17 COT 2019]
2019-05-20 17:11:17.815 TRACE 6380 --- [    Test worker] o.h.type.descriptor.sql.BasicBinder      : binding parameter [3] as [DOUBLE] - [1000.0]
2019-05-20 17:11:17.815 TRACE 6380 --- [    Test worker] o.h.type.descriptor.sql.BasicBinder      : binding parameter [4] as [VARCHAR] - [VBN-13]
2019-05-20 17:11:17.815 TRACE 6380 --- [    Test worker] o.h.type.descriptor.sql.BasicBinder      : binding parameter [5] as [INTEGER] - [25]
2019-05-20 17:11:17.818 DEBUG 6380 --- [    Test worker] org.hibernate.SQL                        : select movilentit0_.mov_placa as mov_plac1_2_0_, movilentit0_.mov_cilindraje as mov_cili2_2_0_, movilentit0_.mov_tipo_movil as mov_tipo3_2_0_ from movil movilentit0_ where movilentit0_.mov_placa=?
Hibernate: select movilentit0_.mov_placa as mov_plac1_2_0_, movilentit0_.mov_cilindraje as mov_cili2_2_0_, movilentit0_.mov_tipo_movil as mov_tipo3_2_0_ from movil movilentit0_ where movilentit0_.mov_placa=?
2019-05-20 17:11:17.818 TRACE 6380 --- [    Test worker] o.h.type.descriptor.sql.BasicBinder      : binding parameter [1] as [VARCHAR] - [VBN-14]
2019-05-20 17:11:17.818 TRACE 6380 --- [    Test worker] o.h.type.descriptor.sql.BasicExtractor   : extracted value ([mov_cili2_2_0_] : [DOUBLE]) - [-1.0]
2019-05-20 17:11:17.818 TRACE 6380 --- [    Test worker] o.h.type.descriptor.sql.BasicExtractor   : extracted value ([mov_tipo3_2_0_] : [VARCHAR]) - [CARRO]
2019-05-20 17:11:17.818 TRACE 6380 --- [    Test worker] org.hibernate.type.CollectionType        : Created collection wrapper: [co.com.ceiba.ceibaestacionamiento.persistencia.entidades.MovilEntity.facturasEntity#VBN-14]
2019-05-20 17:11:17.820 DEBUG 6380 --- [    Test worker] org.hibernate.SQL                        : SELECT COUNT(*) FROM factura WHERE mov_placa = ? AND fac_fecha_salida IS NULL
Hibernate: SELECT COUNT(*) FROM factura WHERE mov_placa = ? AND fac_fecha_salida IS NULL
2019-05-20 17:11:17.821 TRACE 6380 --- [    Test worker] o.h.type.descriptor.sql.BasicBinder      : binding parameter [1] as [VARCHAR] - [VBN-14]
2019-05-20 17:11:17.822 TRACE 6380 --- [    Test worker] o.h.type.descriptor.sql.BasicExtractor   : extracted value ([COUNT(*)] : [NUMERIC]) - [1]
2019-05-20 17:11:17.823 DEBUG 6380 --- [    Test worker] org.hibernate.SQL                        : SELECT * FROM factura WHERE mov_placa = ? AND fac_fecha_salida IS NULL
Hibernate: SELECT * FROM factura WHERE mov_placa = ? AND fac_fecha_salida IS NULL
2019-05-20 17:11:17.825 TRACE 6380 --- [    Test worker] o.h.type.descriptor.sql.BasicBinder      : binding parameter [1] as [VARCHAR] - [VBN-14]
2019-05-20 17:11:17.825 TRACE 6380 --- [    Test worker] o.h.type.descriptor.sql.BasicExtractor   : extracted value ([facId] : [INTEGER]) - [26]
2019-05-20 17:11:17.825 TRACE 6380 --- [    Test worker] o.h.type.descriptor.sql.BasicExtractor   : extracted value ([fac_fecha_ingreso] : [TIMESTAMP]) - [2019-05-20 17:11:16.571]
2019-05-20 17:11:17.825 TRACE 6380 --- [    Test worker] o.h.type.descriptor.sql.BasicExtractor   : extracted value ([fac_fecha_salida] : [TIMESTAMP]) - [null]
2019-05-20 17:11:17.826 TRACE 6380 --- [    Test worker] o.h.type.descriptor.sql.BasicExtractor   : extracted value ([fac_valor] : [DOUBLE]) - [0.0]
2019-05-20 17:11:17.826 TRACE 6380 --- [    Test worker] o.h.type.descriptor.sql.BasicExtractor   : extracted value ([mov_placa] : [VARCHAR]) - [VBN-14]
2019-05-20 17:11:17.827 DEBUG 6380 --- [    Test worker] org.hibernate.SQL                        : select movilentit0_.mov_placa as mov_plac1_2_0_, movilentit0_.mov_cilindraje as mov_cili2_2_0_, movilentit0_.mov_tipo_movil as mov_tipo3_2_0_ from movil movilentit0_ where movilentit0_.mov_placa=?
Hibernate: select movilentit0_.mov_placa as mov_plac1_2_0_, movilentit0_.mov_cilindraje as mov_cili2_2_0_, movilentit0_.mov_tipo_movil as mov_tipo3_2_0_ from movil movilentit0_ where movilentit0_.mov_placa=?
2019-05-20 17:11:17.827 TRACE 6380 --- [    Test worker] o.h.type.descriptor.sql.BasicBinder      : binding parameter [1] as [VARCHAR] - [VBN-14]
2019-05-20 17:11:17.828 TRACE 6380 --- [    Test worker] o.h.type.descriptor.sql.BasicExtractor   : extracted value ([mov_cili2_2_0_] : [DOUBLE]) - [-1.0]
2019-05-20 17:11:17.828 TRACE 6380 --- [    Test worker] o.h.type.descriptor.sql.BasicExtractor   : extracted value ([mov_tipo3_2_0_] : [VARCHAR]) - [CARRO]
2019-05-20 17:11:17.828 TRACE 6380 --- [    Test worker] org.hibernate.type.CollectionType        : Created collection wrapper: [co.com.ceiba.ceibaestacionamiento.persistencia.entidades.MovilEntity.facturasEntity#VBN-14]
2019-05-20 17:11:17.830 DEBUG 6380 --- [    Test worker] org.hibernate.SQL                        : SELECT * FROM costoestadia WHERE cos_tipo_movil = ? AND cos_tipo_pago = ? AND cos_tiempo_estadia = ?
Hibernate: SELECT * FROM costoestadia WHERE cos_tipo_movil = ? AND cos_tipo_pago = ? AND cos_tiempo_estadia = ?
2019-05-20 17:11:17.831 TRACE 6380 --- [    Test worker] o.h.type.descriptor.sql.BasicBinder      : binding parameter [1] as [VARCHAR] - [CARRO]
2019-05-20 17:11:17.831 TRACE 6380 --- [    Test worker] o.h.type.descriptor.sql.BasicBinder      : binding parameter [2] as [VARCHAR] - [NORMAL]
2019-05-20 17:11:17.831 TRACE 6380 --- [    Test worker] o.h.type.descriptor.sql.BasicBinder      : binding parameter [3] as [VARCHAR] - [DIA]
2019-05-20 17:11:17.832 TRACE 6380 --- [    Test worker] o.h.type.descriptor.sql.BasicExtractor   : extracted value ([cos_id] : [INTEGER]) - [1]
2019-05-20 17:11:17.832 TRACE 6380 --- [    Test worker] o.h.type.descriptor.sql.BasicExtractor   : extracted value ([cos_tiempo_estadia] : [VARCHAR]) - [DIA]
2019-05-20 17:11:17.832 TRACE 6380 --- [    Test worker] o.h.type.descriptor.sql.BasicExtractor   : extracted value ([cos_tipo_movil] : [VARCHAR]) - [CARRO]
2019-05-20 17:11:17.832 TRACE 6380 --- [    Test worker] o.h.type.descriptor.sql.BasicExtractor   : extracted value ([cos_tipo_pago] : [VARCHAR]) - [NORMAL]
2019-05-20 17:11:17.832 TRACE 6380 --- [    Test worker] o.h.type.descriptor.sql.BasicExtractor   : extracted value ([cos_valor] : [DOUBLE]) - [8000.0]
2019-05-20 17:11:17.834 DEBUG 6380 --- [    Test worker] org.hibernate.SQL                        : SELECT * FROM costoestadia WHERE cos_tipo_movil = ? AND cos_tipo_pago = ? AND cos_tiempo_estadia = ?
Hibernate: SELECT * FROM costoestadia WHERE cos_tipo_movil = ? AND cos_tipo_pago = ? AND cos_tiempo_estadia = ?
2019-05-20 17:11:17.836 TRACE 6380 --- [    Test worker] o.h.type.descriptor.sql.BasicBinder      : binding parameter [1] as [VARCHAR] - [CARRO]
2019-05-20 17:11:17.836 TRACE 6380 --- [    Test worker] o.h.type.descriptor.sql.BasicBinder      : binding parameter [2] as [VARCHAR] - [NORMAL]
2019-05-20 17:11:17.836 TRACE 6380 --- [    Test worker] o.h.type.descriptor.sql.BasicBinder      : binding parameter [3] as [VARCHAR] - [HORA]
2019-05-20 17:11:17.839 TRACE 6380 --- [    Test worker] o.h.type.descriptor.sql.BasicExtractor   : extracted value ([cos_id] : [INTEGER]) - [2]
2019-05-20 17:11:17.845 TRACE 6380 --- [    Test worker] o.h.type.descriptor.sql.BasicExtractor   : extracted value ([cos_tiempo_estadia] : [VARCHAR]) - [HORA]
2019-05-20 17:11:17.845 TRACE 6380 --- [    Test worker] o.h.type.descriptor.sql.BasicExtractor   : extracted value ([cos_tipo_movil] : [VARCHAR]) - [CARRO]
2019-05-20 17:11:17.846 TRACE 6380 --- [    Test worker] o.h.type.descriptor.sql.BasicExtractor   : extracted value ([cos_tipo_pago] : [VARCHAR]) - [NORMAL]
2019-05-20 17:11:17.849 TRACE 6380 --- [    Test worker] o.h.type.descriptor.sql.BasicExtractor   : extracted value ([cos_valor] : [DOUBLE]) - [1000.0]
2019-05-20 17:11:17.855 DEBUG 6380 --- [    Test worker] org.hibernate.SQL                        : SELECT * FROM factura WHERE mov_placa = ? AND fac_fecha_salida IS NULL
Hibernate: SELECT * FROM factura WHERE mov_placa = ? AND fac_fecha_salida IS NULL
2019-05-20 17:11:17.857 TRACE 6380 --- [    Test worker] o.h.type.descriptor.sql.BasicBinder      : binding parameter [1] as [VARCHAR] - [VBN-14]
2019-05-20 17:11:17.858 TRACE 6380 --- [    Test worker] o.h.type.descriptor.sql.BasicExtractor   : extracted value ([facId] : [INTEGER]) - [26]
2019-05-20 17:11:17.858 TRACE 6380 --- [    Test worker] o.h.type.descriptor.sql.BasicExtractor   : extracted value ([fac_fecha_ingreso] : [TIMESTAMP]) - [2019-05-20 17:11:16.571]
2019-05-20 17:11:17.858 TRACE 6380 --- [    Test worker] o.h.type.descriptor.sql.BasicExtractor   : extracted value ([fac_fecha_salida] : [TIMESTAMP]) - [null]
2019-05-20 17:11:17.859 TRACE 6380 --- [    Test worker] o.h.type.descriptor.sql.BasicExtractor   : extracted value ([fac_valor] : [DOUBLE]) - [0.0]
2019-05-20 17:11:17.859 TRACE 6380 --- [    Test worker] o.h.type.descriptor.sql.BasicExtractor   : extracted value ([mov_placa] : [VARCHAR]) - [VBN-14]
2019-05-20 17:11:17.859 DEBUG 6380 --- [    Test worker] org.hibernate.SQL                        : select movilentit0_.mov_placa as mov_plac1_2_0_, movilentit0_.mov_cilindraje as mov_cili2_2_0_, movilentit0_.mov_tipo_movil as mov_tipo3_2_0_ from movil movilentit0_ where movilentit0_.mov_placa=?
Hibernate: select movilentit0_.mov_placa as mov_plac1_2_0_, movilentit0_.mov_cilindraje as mov_cili2_2_0_, movilentit0_.mov_tipo_movil as mov_tipo3_2_0_ from movil movilentit0_ where movilentit0_.mov_placa=?
2019-05-20 17:11:17.860 TRACE 6380 --- [    Test worker] o.h.type.descriptor.sql.BasicBinder      : binding parameter [1] as [VARCHAR] - [VBN-14]
2019-05-20 17:11:17.860 TRACE 6380 --- [    Test worker] o.h.type.descriptor.sql.BasicExtractor   : extracted value ([mov_cili2_2_0_] : [DOUBLE]) - [-1.0]
2019-05-20 17:11:17.860 TRACE 6380 --- [    Test worker] o.h.type.descriptor.sql.BasicExtractor   : extracted value ([mov_tipo3_2_0_] : [VARCHAR]) - [CARRO]
2019-05-20 17:11:17.860 TRACE 6380 --- [    Test worker] org.hibernate.type.CollectionType        : Created collection wrapper: [co.com.ceiba.ceibaestacionamiento.persistencia.entidades.MovilEntity.facturasEntity#VBN-14]
2019-05-20 17:11:17.862 DEBUG 6380 --- [    Test worker] org.hibernate.SQL                        : select facturaent0_.facId as facId1_1_0_, facturaent0_.fac_fecha_ingreso as fac_fech2_1_0_, facturaent0_.fac_fecha_salida as fac_fech3_1_0_, facturaent0_.fac_valor as fac_valo4_1_0_, facturaent0_.mov_placa as mov_plac5_1_0_ from factura facturaent0_ where facturaent0_.facId=?
Hibernate: select facturaent0_.facId as facId1_1_0_, facturaent0_.fac_fecha_ingreso as fac_fech2_1_0_, facturaent0_.fac_fecha_salida as fac_fech3_1_0_, facturaent0_.fac_valor as fac_valo4_1_0_, facturaent0_.mov_placa as mov_plac5_1_0_ from factura facturaent0_ where facturaent0_.facId=?
2019-05-20 17:11:17.863 TRACE 6380 --- [    Test worker] o.h.type.descriptor.sql.BasicBinder      : binding parameter [1] as [INTEGER] - [26]
2019-05-20 17:11:17.863 TRACE 6380 --- [    Test worker] o.h.type.descriptor.sql.BasicExtractor   : extracted value ([fac_fech2_1_0_] : [TIMESTAMP]) - [2019-05-20 17:11:16.571]
2019-05-20 17:11:17.864 TRACE 6380 --- [    Test worker] o.h.type.descriptor.sql.BasicExtractor   : extracted value ([fac_fech3_1_0_] : [TIMESTAMP]) - [null]
2019-05-20 17:11:17.864 TRACE 6380 --- [    Test worker] o.h.type.descriptor.sql.BasicExtractor   : extracted value ([fac_valo4_1_0_] : [DOUBLE]) - [0.0]
2019-05-20 17:11:17.864 TRACE 6380 --- [    Test worker] o.h.type.descriptor.sql.BasicExtractor   : extracted value ([mov_plac5_1_0_] : [VARCHAR]) - [VBN-14]
2019-05-20 17:11:17.864 DEBUG 6380 --- [    Test worker] org.hibernate.SQL                        : select movilentit0_.mov_placa as mov_plac1_2_1_, movilentit0_.mov_cilindraje as mov_cili2_2_1_, movilentit0_.mov_tipo_movil as mov_tipo3_2_1_, facturasen1_.mov_placa as mov_plac5_1_3_, facturasen1_.facId as facId1_1_3_, facturasen1_.facId as facId1_1_0_, facturasen1_.fac_fecha_ingreso as fac_fech2_1_0_, facturasen1_.fac_fecha_salida as fac_fech3_1_0_, facturasen1_.fac_valor as fac_valo4_1_0_, facturasen1_.mov_placa as mov_plac5_1_0_ from movil movilentit0_ left outer join factura facturasen1_ on movilentit0_.mov_placa=facturasen1_.mov_placa where movilentit0_.mov_placa=?
Hibernate: select movilentit0_.mov_placa as mov_plac1_2_1_, movilentit0_.mov_cilindraje as mov_cili2_2_1_, movilentit0_.mov_tipo_movil as mov_tipo3_2_1_, facturasen1_.mov_placa as mov_plac5_1_3_, facturasen1_.facId as facId1_1_3_, facturasen1_.facId as facId1_1_0_, facturasen1_.fac_fecha_ingreso as fac_fech2_1_0_, facturasen1_.fac_fecha_salida as fac_fech3_1_0_, facturasen1_.fac_valor as fac_valo4_1_0_, facturasen1_.mov_placa as mov_plac5_1_0_ from movil movilentit0_ left outer join factura facturasen1_ on movilentit0_.mov_placa=facturasen1_.mov_placa where movilentit0_.mov_placa=?
2019-05-20 17:11:17.864 TRACE 6380 --- [    Test worker] o.h.type.descriptor.sql.BasicBinder      : binding parameter [1] as [VARCHAR] - [VBN-14]
2019-05-20 17:11:17.865 TRACE 6380 --- [    Test worker] o.h.type.descriptor.sql.BasicExtractor   : extracted value ([facId1_1_0_] : [INTEGER]) - [26]
2019-05-20 17:11:17.865 TRACE 6380 --- [    Test worker] o.h.type.descriptor.sql.BasicExtractor   : extracted value ([mov_cili2_2_1_] : [DOUBLE]) - [-1.0]
2019-05-20 17:11:17.865 TRACE 6380 --- [    Test worker] o.h.type.descriptor.sql.BasicExtractor   : extracted value ([mov_tipo3_2_1_] : [VARCHAR]) - [CARRO]
2019-05-20 17:11:17.865 TRACE 6380 --- [    Test worker] o.h.type.descriptor.sql.BasicExtractor   : extracted value ([mov_plac5_1_3_] : [VARCHAR]) - [VBN-14]
2019-05-20 17:11:17.866 TRACE 6380 --- [    Test worker] o.h.type.descriptor.sql.BasicExtractor   : extracted value ([facId1_1_3_] : [INTEGER]) - [26]
2019-05-20 17:11:17.868 DEBUG 6380 --- [    Test worker] org.hibernate.SQL                        : update factura set fac_fecha_ingreso=?, fac_fecha_salida=?, fac_valor=?, mov_placa=? where facId=?
Hibernate: update factura set fac_fecha_ingreso=?, fac_fecha_salida=?, fac_valor=?, mov_placa=? where facId=?
2019-05-20 17:11:17.868 TRACE 6380 --- [    Test worker] o.h.type.descriptor.sql.BasicBinder      : binding parameter [1] as [TIMESTAMP] - [2019-05-20 17:11:16.571]
2019-05-20 17:11:17.869 TRACE 6380 --- [    Test worker] o.h.type.descriptor.sql.BasicBinder      : binding parameter [2] as [TIMESTAMP] - [Mon May 20 17:11:17 COT 2019]
2019-05-20 17:11:17.869 TRACE 6380 --- [    Test worker] o.h.type.descriptor.sql.BasicBinder      : binding parameter [3] as [DOUBLE] - [1000.0]
2019-05-20 17:11:17.869 TRACE 6380 --- [    Test worker] o.h.type.descriptor.sql.BasicBinder      : binding parameter [4] as [VARCHAR] - [VBN-14]
2019-05-20 17:11:17.870 TRACE 6380 --- [    Test worker] o.h.type.descriptor.sql.BasicBinder      : binding parameter [5] as [INTEGER] - [26]
2019-05-20 17:11:17.872 DEBUG 6380 --- [    Test worker] org.hibernate.SQL                        : select movilentit0_.mov_placa as mov_plac1_2_0_, movilentit0_.mov_cilindraje as mov_cili2_2_0_, movilentit0_.mov_tipo_movil as mov_tipo3_2_0_ from movil movilentit0_ where movilentit0_.mov_placa=?
Hibernate: select movilentit0_.mov_placa as mov_plac1_2_0_, movilentit0_.mov_cilindraje as mov_cili2_2_0_, movilentit0_.mov_tipo_movil as mov_tipo3_2_0_ from movil movilentit0_ where movilentit0_.mov_placa=?
2019-05-20 17:11:17.872 TRACE 6380 --- [    Test worker] o.h.type.descriptor.sql.BasicBinder      : binding parameter [1] as [VARCHAR] - [VBN-15]
2019-05-20 17:11:17.873 TRACE 6380 --- [    Test worker] o.h.type.descriptor.sql.BasicExtractor   : extracted value ([mov_cili2_2_0_] : [DOUBLE]) - [-1.0]
2019-05-20 17:11:17.873 TRACE 6380 --- [    Test worker] o.h.type.descriptor.sql.BasicExtractor   : extracted value ([mov_tipo3_2_0_] : [VARCHAR]) - [CARRO]
2019-05-20 17:11:17.873 TRACE 6380 --- [    Test worker] org.hibernate.type.CollectionType        : Created collection wrapper: [co.com.ceiba.ceibaestacionamiento.persistencia.entidades.MovilEntity.facturasEntity#VBN-15]
2019-05-20 17:11:17.874 DEBUG 6380 --- [    Test worker] org.hibernate.SQL                        : SELECT COUNT(*) FROM factura WHERE mov_placa = ? AND fac_fecha_salida IS NULL
Hibernate: SELECT COUNT(*) FROM factura WHERE mov_placa = ? AND fac_fecha_salida IS NULL
2019-05-20 17:11:17.875 TRACE 6380 --- [    Test worker] o.h.type.descriptor.sql.BasicBinder      : binding parameter [1] as [VARCHAR] - [VBN-15]
2019-05-20 17:11:17.876 TRACE 6380 --- [    Test worker] o.h.type.descriptor.sql.BasicExtractor   : extracted value ([COUNT(*)] : [NUMERIC]) - [1]
2019-05-20 17:11:17.878 DEBUG 6380 --- [    Test worker] org.hibernate.SQL                        : SELECT * FROM factura WHERE mov_placa = ? AND fac_fecha_salida IS NULL
Hibernate: SELECT * FROM factura WHERE mov_placa = ? AND fac_fecha_salida IS NULL
2019-05-20 17:11:17.879 TRACE 6380 --- [    Test worker] o.h.type.descriptor.sql.BasicBinder      : binding parameter [1] as [VARCHAR] - [VBN-15]
2019-05-20 17:11:17.880 TRACE 6380 --- [    Test worker] o.h.type.descriptor.sql.BasicExtractor   : extracted value ([facId] : [INTEGER]) - [27]
2019-05-20 17:11:17.880 TRACE 6380 --- [    Test worker] o.h.type.descriptor.sql.BasicExtractor   : extracted value ([fac_fecha_ingreso] : [TIMESTAMP]) - [2019-05-20 17:11:16.598]
2019-05-20 17:11:17.880 TRACE 6380 --- [    Test worker] o.h.type.descriptor.sql.BasicExtractor   : extracted value ([fac_fecha_salida] : [TIMESTAMP]) - [null]
2019-05-20 17:11:17.880 TRACE 6380 --- [    Test worker] o.h.type.descriptor.sql.BasicExtractor   : extracted value ([fac_valor] : [DOUBLE]) - [0.0]
2019-05-20 17:11:17.880 TRACE 6380 --- [    Test worker] o.h.type.descriptor.sql.BasicExtractor   : extracted value ([mov_placa] : [VARCHAR]) - [VBN-15]
2019-05-20 17:11:17.881 DEBUG 6380 --- [    Test worker] org.hibernate.SQL                        : select movilentit0_.mov_placa as mov_plac1_2_0_, movilentit0_.mov_cilindraje as mov_cili2_2_0_, movilentit0_.mov_tipo_movil as mov_tipo3_2_0_ from movil movilentit0_ where movilentit0_.mov_placa=?
Hibernate: select movilentit0_.mov_placa as mov_plac1_2_0_, movilentit0_.mov_cilindraje as mov_cili2_2_0_, movilentit0_.mov_tipo_movil as mov_tipo3_2_0_ from movil movilentit0_ where movilentit0_.mov_placa=?
2019-05-20 17:11:17.881 TRACE 6380 --- [    Test worker] o.h.type.descriptor.sql.BasicBinder      : binding parameter [1] as [VARCHAR] - [VBN-15]
2019-05-20 17:11:17.881 TRACE 6380 --- [    Test worker] o.h.type.descriptor.sql.BasicExtractor   : extracted value ([mov_cili2_2_0_] : [DOUBLE]) - [-1.0]
2019-05-20 17:11:17.881 TRACE 6380 --- [    Test worker] o.h.type.descriptor.sql.BasicExtractor   : extracted value ([mov_tipo3_2_0_] : [VARCHAR]) - [CARRO]
2019-05-20 17:11:17.882 TRACE 6380 --- [    Test worker] org.hibernate.type.CollectionType        : Created collection wrapper: [co.com.ceiba.ceibaestacionamiento.persistencia.entidades.MovilEntity.facturasEntity#VBN-15]
2019-05-20 17:11:17.883 DEBUG 6380 --- [    Test worker] org.hibernate.SQL                        : SELECT * FROM costoestadia WHERE cos_tipo_movil = ? AND cos_tipo_pago = ? AND cos_tiempo_estadia = ?
Hibernate: SELECT * FROM costoestadia WHERE cos_tipo_movil = ? AND cos_tipo_pago = ? AND cos_tiempo_estadia = ?
2019-05-20 17:11:17.884 TRACE 6380 --- [    Test worker] o.h.type.descriptor.sql.BasicBinder      : binding parameter [1] as [VARCHAR] - [CARRO]
2019-05-20 17:11:17.885 TRACE 6380 --- [    Test worker] o.h.type.descriptor.sql.BasicBinder      : binding parameter [2] as [VARCHAR] - [NORMAL]
2019-05-20 17:11:17.885 TRACE 6380 --- [    Test worker] o.h.type.descriptor.sql.BasicBinder      : binding parameter [3] as [VARCHAR] - [DIA]
2019-05-20 17:11:17.885 TRACE 6380 --- [    Test worker] o.h.type.descriptor.sql.BasicExtractor   : extracted value ([cos_id] : [INTEGER]) - [1]
2019-05-20 17:11:17.885 TRACE 6380 --- [    Test worker] o.h.type.descriptor.sql.BasicExtractor   : extracted value ([cos_tiempo_estadia] : [VARCHAR]) - [DIA]
2019-05-20 17:11:17.885 TRACE 6380 --- [    Test worker] o.h.type.descriptor.sql.BasicExtractor   : extracted value ([cos_tipo_movil] : [VARCHAR]) - [CARRO]
2019-05-20 17:11:17.885 TRACE 6380 --- [    Test worker] o.h.type.descriptor.sql.BasicExtractor   : extracted value ([cos_tipo_pago] : [VARCHAR]) - [NORMAL]
2019-05-20 17:11:17.885 TRACE 6380 --- [    Test worker] o.h.type.descriptor.sql.BasicExtractor   : extracted value ([cos_valor] : [DOUBLE]) - [8000.0]
2019-05-20 17:11:17.887 DEBUG 6380 --- [    Test worker] org.hibernate.SQL                        : SELECT * FROM costoestadia WHERE cos_tipo_movil = ? AND cos_tipo_pago = ? AND cos_tiempo_estadia = ?
Hibernate: SELECT * FROM costoestadia WHERE cos_tipo_movil = ? AND cos_tipo_pago = ? AND cos_tiempo_estadia = ?
2019-05-20 17:11:17.888 TRACE 6380 --- [    Test worker] o.h.type.descriptor.sql.BasicBinder      : binding parameter [1] as [VARCHAR] - [CARRO]
2019-05-20 17:11:17.888 TRACE 6380 --- [    Test worker] o.h.type.descriptor.sql.BasicBinder      : binding parameter [2] as [VARCHAR] - [NORMAL]
2019-05-20 17:11:17.889 TRACE 6380 --- [    Test worker] o.h.type.descriptor.sql.BasicBinder      : binding parameter [3] as [VARCHAR] - [HORA]
2019-05-20 17:11:17.889 TRACE 6380 --- [    Test worker] o.h.type.descriptor.sql.BasicExtractor   : extracted value ([cos_id] : [INTEGER]) - [2]
2019-05-20 17:11:17.889 TRACE 6380 --- [    Test worker] o.h.type.descriptor.sql.BasicExtractor   : extracted value ([cos_tiempo_estadia] : [VARCHAR]) - [HORA]
2019-05-20 17:11:17.889 TRACE 6380 --- [    Test worker] o.h.type.descriptor.sql.BasicExtractor   : extracted value ([cos_tipo_movil] : [VARCHAR]) - [CARRO]
2019-05-20 17:11:17.889 TRACE 6380 --- [    Test worker] o.h.type.descriptor.sql.BasicExtractor   : extracted value ([cos_tipo_pago] : [VARCHAR]) - [NORMAL]
2019-05-20 17:11:17.889 TRACE 6380 --- [    Test worker] o.h.type.descriptor.sql.BasicExtractor   : extracted value ([cos_valor] : [DOUBLE]) - [1000.0]
2019-05-20 17:11:17.891 DEBUG 6380 --- [    Test worker] org.hibernate.SQL                        : SELECT * FROM factura WHERE mov_placa = ? AND fac_fecha_salida IS NULL
Hibernate: SELECT * FROM factura WHERE mov_placa = ? AND fac_fecha_salida IS NULL
2019-05-20 17:11:17.892 TRACE 6380 --- [    Test worker] o.h.type.descriptor.sql.BasicBinder      : binding parameter [1] as [VARCHAR] - [VBN-15]
2019-05-20 17:11:17.892 TRACE 6380 --- [    Test worker] o.h.type.descriptor.sql.BasicExtractor   : extracted value ([facId] : [INTEGER]) - [27]
2019-05-20 17:11:17.892 TRACE 6380 --- [    Test worker] o.h.type.descriptor.sql.BasicExtractor   : extracted value ([fac_fecha_ingreso] : [TIMESTAMP]) - [2019-05-20 17:11:16.598]
2019-05-20 17:11:17.892 TRACE 6380 --- [    Test worker] o.h.type.descriptor.sql.BasicExtractor   : extracted value ([fac_fecha_salida] : [TIMESTAMP]) - [null]
2019-05-20 17:11:17.892 TRACE 6380 --- [    Test worker] o.h.type.descriptor.sql.BasicExtractor   : extracted value ([fac_valor] : [DOUBLE]) - [0.0]
2019-05-20 17:11:17.892 TRACE 6380 --- [    Test worker] o.h.type.descriptor.sql.BasicExtractor   : extracted value ([mov_placa] : [VARCHAR]) - [VBN-15]
2019-05-20 17:11:17.893 DEBUG 6380 --- [    Test worker] org.hibernate.SQL                        : select movilentit0_.mov_placa as mov_plac1_2_0_, movilentit0_.mov_cilindraje as mov_cili2_2_0_, movilentit0_.mov_tipo_movil as mov_tipo3_2_0_ from movil movilentit0_ where movilentit0_.mov_placa=?
Hibernate: select movilentit0_.mov_placa as mov_plac1_2_0_, movilentit0_.mov_cilindraje as mov_cili2_2_0_, movilentit0_.mov_tipo_movil as mov_tipo3_2_0_ from movil movilentit0_ where movilentit0_.mov_placa=?
2019-05-20 17:11:17.893 TRACE 6380 --- [    Test worker] o.h.type.descriptor.sql.BasicBinder      : binding parameter [1] as [VARCHAR] - [VBN-15]
2019-05-20 17:11:17.893 TRACE 6380 --- [    Test worker] o.h.type.descriptor.sql.BasicExtractor   : extracted value ([mov_cili2_2_0_] : [DOUBLE]) - [-1.0]
2019-05-20 17:11:17.893 TRACE 6380 --- [    Test worker] o.h.type.descriptor.sql.BasicExtractor   : extracted value ([mov_tipo3_2_0_] : [VARCHAR]) - [CARRO]
2019-05-20 17:11:17.893 TRACE 6380 --- [    Test worker] org.hibernate.type.CollectionType        : Created collection wrapper: [co.com.ceiba.ceibaestacionamiento.persistencia.entidades.MovilEntity.facturasEntity#VBN-15]
2019-05-20 17:11:17.895 DEBUG 6380 --- [    Test worker] org.hibernate.SQL                        : select facturaent0_.facId as facId1_1_0_, facturaent0_.fac_fecha_ingreso as fac_fech2_1_0_, facturaent0_.fac_fecha_salida as fac_fech3_1_0_, facturaent0_.fac_valor as fac_valo4_1_0_, facturaent0_.mov_placa as mov_plac5_1_0_ from factura facturaent0_ where facturaent0_.facId=?
Hibernate: select facturaent0_.facId as facId1_1_0_, facturaent0_.fac_fecha_ingreso as fac_fech2_1_0_, facturaent0_.fac_fecha_salida as fac_fech3_1_0_, facturaent0_.fac_valor as fac_valo4_1_0_, facturaent0_.mov_placa as mov_plac5_1_0_ from factura facturaent0_ where facturaent0_.facId=?
2019-05-20 17:11:17.895 TRACE 6380 --- [    Test worker] o.h.type.descriptor.sql.BasicBinder      : binding parameter [1] as [INTEGER] - [27]
2019-05-20 17:11:17.896 TRACE 6380 --- [    Test worker] o.h.type.descriptor.sql.BasicExtractor   : extracted value ([fac_fech2_1_0_] : [TIMESTAMP]) - [2019-05-20 17:11:16.598]
2019-05-20 17:11:17.896 TRACE 6380 --- [    Test worker] o.h.type.descriptor.sql.BasicExtractor   : extracted value ([fac_fech3_1_0_] : [TIMESTAMP]) - [null]
2019-05-20 17:11:17.896 TRACE 6380 --- [    Test worker] o.h.type.descriptor.sql.BasicExtractor   : extracted value ([fac_valo4_1_0_] : [DOUBLE]) - [0.0]
2019-05-20 17:11:17.896 TRACE 6380 --- [    Test worker] o.h.type.descriptor.sql.BasicExtractor   : extracted value ([mov_plac5_1_0_] : [VARCHAR]) - [VBN-15]
2019-05-20 17:11:17.896 DEBUG 6380 --- [    Test worker] org.hibernate.SQL                        : select movilentit0_.mov_placa as mov_plac1_2_1_, movilentit0_.mov_cilindraje as mov_cili2_2_1_, movilentit0_.mov_tipo_movil as mov_tipo3_2_1_, facturasen1_.mov_placa as mov_plac5_1_3_, facturasen1_.facId as facId1_1_3_, facturasen1_.facId as facId1_1_0_, facturasen1_.fac_fecha_ingreso as fac_fech2_1_0_, facturasen1_.fac_fecha_salida as fac_fech3_1_0_, facturasen1_.fac_valor as fac_valo4_1_0_, facturasen1_.mov_placa as mov_plac5_1_0_ from movil movilentit0_ left outer join factura facturasen1_ on movilentit0_.mov_placa=facturasen1_.mov_placa where movilentit0_.mov_placa=?
Hibernate: select movilentit0_.mov_placa as mov_plac1_2_1_, movilentit0_.mov_cilindraje as mov_cili2_2_1_, movilentit0_.mov_tipo_movil as mov_tipo3_2_1_, facturasen1_.mov_placa as mov_plac5_1_3_, facturasen1_.facId as facId1_1_3_, facturasen1_.facId as facId1_1_0_, facturasen1_.fac_fecha_ingreso as fac_fech2_1_0_, facturasen1_.fac_fecha_salida as fac_fech3_1_0_, facturasen1_.fac_valor as fac_valo4_1_0_, facturasen1_.mov_placa as mov_plac5_1_0_ from movil movilentit0_ left outer join factura facturasen1_ on movilentit0_.mov_placa=facturasen1_.mov_placa where movilentit0_.mov_placa=?
2019-05-20 17:11:17.897 TRACE 6380 --- [    Test worker] o.h.type.descriptor.sql.BasicBinder      : binding parameter [1] as [VARCHAR] - [VBN-15]
2019-05-20 17:11:17.897 TRACE 6380 --- [    Test worker] o.h.type.descriptor.sql.BasicExtractor   : extracted value ([facId1_1_0_] : [INTEGER]) - [27]
2019-05-20 17:11:17.898 TRACE 6380 --- [    Test worker] o.h.type.descriptor.sql.BasicExtractor   : extracted value ([mov_cili2_2_1_] : [DOUBLE]) - [-1.0]
2019-05-20 17:11:17.898 TRACE 6380 --- [    Test worker] o.h.type.descriptor.sql.BasicExtractor   : extracted value ([mov_tipo3_2_1_] : [VARCHAR]) - [CARRO]
2019-05-20 17:11:17.898 TRACE 6380 --- [    Test worker] o.h.type.descriptor.sql.BasicExtractor   : extracted value ([mov_plac5_1_3_] : [VARCHAR]) - [VBN-15]
2019-05-20 17:11:17.898 TRACE 6380 --- [    Test worker] o.h.type.descriptor.sql.BasicExtractor   : extracted value ([facId1_1_3_] : [INTEGER]) - [27]
2019-05-20 17:11:17.901 DEBUG 6380 --- [    Test worker] org.hibernate.SQL                        : update factura set fac_fecha_ingreso=?, fac_fecha_salida=?, fac_valor=?, mov_placa=? where facId=?
Hibernate: update factura set fac_fecha_ingreso=?, fac_fecha_salida=?, fac_valor=?, mov_placa=? where facId=?
2019-05-20 17:11:17.901 TRACE 6380 --- [    Test worker] o.h.type.descriptor.sql.BasicBinder      : binding parameter [1] as [TIMESTAMP] - [2019-05-20 17:11:16.598]
2019-05-20 17:11:17.901 TRACE 6380 --- [    Test worker] o.h.type.descriptor.sql.BasicBinder      : binding parameter [2] as [TIMESTAMP] - [Mon May 20 17:11:17 COT 2019]
2019-05-20 17:11:17.901 TRACE 6380 --- [    Test worker] o.h.type.descriptor.sql.BasicBinder      : binding parameter [3] as [DOUBLE] - [1000.0]
2019-05-20 17:11:17.901 TRACE 6380 --- [    Test worker] o.h.type.descriptor.sql.BasicBinder      : binding parameter [4] as [VARCHAR] - [VBN-15]
2019-05-20 17:11:17.901 TRACE 6380 --- [    Test worker] o.h.type.descriptor.sql.BasicBinder      : binding parameter [5] as [INTEGER] - [27]
2019-05-20 17:11:17.903 DEBUG 6380 --- [    Test worker] org.hibernate.SQL                        : select movilentit0_.mov_placa as mov_plac1_2_0_, movilentit0_.mov_cilindraje as mov_cili2_2_0_, movilentit0_.mov_tipo_movil as mov_tipo3_2_0_ from movil movilentit0_ where movilentit0_.mov_placa=?
Hibernate: select movilentit0_.mov_placa as mov_plac1_2_0_, movilentit0_.mov_cilindraje as mov_cili2_2_0_, movilentit0_.mov_tipo_movil as mov_tipo3_2_0_ from movil movilentit0_ where movilentit0_.mov_placa=?
2019-05-20 17:11:17.903 TRACE 6380 --- [    Test worker] o.h.type.descriptor.sql.BasicBinder      : binding parameter [1] as [VARCHAR] - [VBN-16]
2019-05-20 17:11:17.904 TRACE 6380 --- [    Test worker] o.h.type.descriptor.sql.BasicExtractor   : extracted value ([mov_cili2_2_0_] : [DOUBLE]) - [-1.0]
2019-05-20 17:11:17.904 TRACE 6380 --- [    Test worker] o.h.type.descriptor.sql.BasicExtractor   : extracted value ([mov_tipo3_2_0_] : [VARCHAR]) - [CARRO]
2019-05-20 17:11:17.904 TRACE 6380 --- [    Test worker] org.hibernate.type.CollectionType        : Created collection wrapper: [co.com.ceiba.ceibaestacionamiento.persistencia.entidades.MovilEntity.facturasEntity#VBN-16]
2019-05-20 17:11:17.906 DEBUG 6380 --- [    Test worker] org.hibernate.SQL                        : SELECT COUNT(*) FROM factura WHERE mov_placa = ? AND fac_fecha_salida IS NULL
Hibernate: SELECT COUNT(*) FROM factura WHERE mov_placa = ? AND fac_fecha_salida IS NULL
2019-05-20 17:11:17.906 TRACE 6380 --- [    Test worker] o.h.type.descriptor.sql.BasicBinder      : binding parameter [1] as [VARCHAR] - [VBN-16]
2019-05-20 17:11:17.907 TRACE 6380 --- [    Test worker] o.h.type.descriptor.sql.BasicExtractor   : extracted value ([COUNT(*)] : [NUMERIC]) - [1]
2019-05-20 17:11:17.908 DEBUG 6380 --- [    Test worker] org.hibernate.SQL                        : SELECT * FROM factura WHERE mov_placa = ? AND fac_fecha_salida IS NULL
Hibernate: SELECT * FROM factura WHERE mov_placa = ? AND fac_fecha_salida IS NULL
2019-05-20 17:11:17.909 TRACE 6380 --- [    Test worker] o.h.type.descriptor.sql.BasicBinder      : binding parameter [1] as [VARCHAR] - [VBN-16]
2019-05-20 17:11:17.910 TRACE 6380 --- [    Test worker] o.h.type.descriptor.sql.BasicExtractor   : extracted value ([facId] : [INTEGER]) - [28]
2019-05-20 17:11:17.910 TRACE 6380 --- [    Test worker] o.h.type.descriptor.sql.BasicExtractor   : extracted value ([fac_fecha_ingreso] : [TIMESTAMP]) - [2019-05-20 17:11:16.62]
2019-05-20 17:11:17.910 TRACE 6380 --- [    Test worker] o.h.type.descriptor.sql.BasicExtractor   : extracted value ([fac_fecha_salida] : [TIMESTAMP]) - [null]
2019-05-20 17:11:17.910 TRACE 6380 --- [    Test worker] o.h.type.descriptor.sql.BasicExtractor   : extracted value ([fac_valor] : [DOUBLE]) - [0.0]
2019-05-20 17:11:17.910 TRACE 6380 --- [    Test worker] o.h.type.descriptor.sql.BasicExtractor   : extracted value ([mov_placa] : [VARCHAR]) - [VBN-16]
2019-05-20 17:11:17.911 DEBUG 6380 --- [    Test worker] org.hibernate.SQL                        : select movilentit0_.mov_placa as mov_plac1_2_0_, movilentit0_.mov_cilindraje as mov_cili2_2_0_, movilentit0_.mov_tipo_movil as mov_tipo3_2_0_ from movil movilentit0_ where movilentit0_.mov_placa=?
Hibernate: select movilentit0_.mov_placa as mov_plac1_2_0_, movilentit0_.mov_cilindraje as mov_cili2_2_0_, movilentit0_.mov_tipo_movil as mov_tipo3_2_0_ from movil movilentit0_ where movilentit0_.mov_placa=?
2019-05-20 17:11:17.911 TRACE 6380 --- [    Test worker] o.h.type.descriptor.sql.BasicBinder      : binding parameter [1] as [VARCHAR] - [VBN-16]
2019-05-20 17:11:17.912 TRACE 6380 --- [    Test worker] o.h.type.descriptor.sql.BasicExtractor   : extracted value ([mov_cili2_2_0_] : [DOUBLE]) - [-1.0]
2019-05-20 17:11:17.912 TRACE 6380 --- [    Test worker] o.h.type.descriptor.sql.BasicExtractor   : extracted value ([mov_tipo3_2_0_] : [VARCHAR]) - [CARRO]
2019-05-20 17:11:17.912 TRACE 6380 --- [    Test worker] org.hibernate.type.CollectionType        : Created collection wrapper: [co.com.ceiba.ceibaestacionamiento.persistencia.entidades.MovilEntity.facturasEntity#VBN-16]
2019-05-20 17:11:17.913 DEBUG 6380 --- [    Test worker] org.hibernate.SQL                        : SELECT * FROM costoestadia WHERE cos_tipo_movil = ? AND cos_tipo_pago = ? AND cos_tiempo_estadia = ?
Hibernate: SELECT * FROM costoestadia WHERE cos_tipo_movil = ? AND cos_tipo_pago = ? AND cos_tiempo_estadia = ?
2019-05-20 17:11:17.914 TRACE 6380 --- [    Test worker] o.h.type.descriptor.sql.BasicBinder      : binding parameter [1] as [VARCHAR] - [CARRO]
2019-05-20 17:11:17.914 TRACE 6380 --- [    Test worker] o.h.type.descriptor.sql.BasicBinder      : binding parameter [2] as [VARCHAR] - [NORMAL]
2019-05-20 17:11:17.914 TRACE 6380 --- [    Test worker] o.h.type.descriptor.sql.BasicBinder      : binding parameter [3] as [VARCHAR] - [DIA]
2019-05-20 17:11:17.915 TRACE 6380 --- [    Test worker] o.h.type.descriptor.sql.BasicExtractor   : extracted value ([cos_id] : [INTEGER]) - [1]
2019-05-20 17:11:17.915 TRACE 6380 --- [    Test worker] o.h.type.descriptor.sql.BasicExtractor   : extracted value ([cos_tiempo_estadia] : [VARCHAR]) - [DIA]
2019-05-20 17:11:17.915 TRACE 6380 --- [    Test worker] o.h.type.descriptor.sql.BasicExtractor   : extracted value ([cos_tipo_movil] : [VARCHAR]) - [CARRO]
2019-05-20 17:11:17.915 TRACE 6380 --- [    Test worker] o.h.type.descriptor.sql.BasicExtractor   : extracted value ([cos_tipo_pago] : [VARCHAR]) - [NORMAL]
2019-05-20 17:11:17.915 TRACE 6380 --- [    Test worker] o.h.type.descriptor.sql.BasicExtractor   : extracted value ([cos_valor] : [DOUBLE]) - [8000.0]
2019-05-20 17:11:17.917 DEBUG 6380 --- [    Test worker] org.hibernate.SQL                        : SELECT * FROM costoestadia WHERE cos_tipo_movil = ? AND cos_tipo_pago = ? AND cos_tiempo_estadia = ?
Hibernate: SELECT * FROM costoestadia WHERE cos_tipo_movil = ? AND cos_tipo_pago = ? AND cos_tiempo_estadia = ?
2019-05-20 17:11:17.918 TRACE 6380 --- [    Test worker] o.h.type.descriptor.sql.BasicBinder      : binding parameter [1] as [VARCHAR] - [CARRO]
2019-05-20 17:11:17.918 TRACE 6380 --- [    Test worker] o.h.type.descriptor.sql.BasicBinder      : binding parameter [2] as [VARCHAR] - [NORMAL]
2019-05-20 17:11:17.918 TRACE 6380 --- [    Test worker] o.h.type.descriptor.sql.BasicBinder      : binding parameter [3] as [VARCHAR] - [HORA]
2019-05-20 17:11:17.918 TRACE 6380 --- [    Test worker] o.h.type.descriptor.sql.BasicExtractor   : extracted value ([cos_id] : [INTEGER]) - [2]
2019-05-20 17:11:17.918 TRACE 6380 --- [    Test worker] o.h.type.descriptor.sql.BasicExtractor   : extracted value ([cos_tiempo_estadia] : [VARCHAR]) - [HORA]
2019-05-20 17:11:17.918 TRACE 6380 --- [    Test worker] o.h.type.descriptor.sql.BasicExtractor   : extracted value ([cos_tipo_movil] : [VARCHAR]) - [CARRO]
2019-05-20 17:11:17.918 TRACE 6380 --- [    Test worker] o.h.type.descriptor.sql.BasicExtractor   : extracted value ([cos_tipo_pago] : [VARCHAR]) - [NORMAL]
2019-05-20 17:11:17.918 TRACE 6380 --- [    Test worker] o.h.type.descriptor.sql.BasicExtractor   : extracted value ([cos_valor] : [DOUBLE]) - [1000.0]
2019-05-20 17:11:17.919 DEBUG 6380 --- [    Test worker] org.hibernate.SQL                        : SELECT * FROM factura WHERE mov_placa = ? AND fac_fecha_salida IS NULL
Hibernate: SELECT * FROM factura WHERE mov_placa = ? AND fac_fecha_salida IS NULL
2019-05-20 17:11:17.920 TRACE 6380 --- [    Test worker] o.h.type.descriptor.sql.BasicBinder      : binding parameter [1] as [VARCHAR] - [VBN-16]
2019-05-20 17:11:17.920 TRACE 6380 --- [    Test worker] o.h.type.descriptor.sql.BasicExtractor   : extracted value ([facId] : [INTEGER]) - [28]
2019-05-20 17:11:17.920 TRACE 6380 --- [    Test worker] o.h.type.descriptor.sql.BasicExtractor   : extracted value ([fac_fecha_ingreso] : [TIMESTAMP]) - [2019-05-20 17:11:16.62]
2019-05-20 17:11:17.920 TRACE 6380 --- [    Test worker] o.h.type.descriptor.sql.BasicExtractor   : extracted value ([fac_fecha_salida] : [TIMESTAMP]) - [null]
2019-05-20 17:11:17.920 TRACE 6380 --- [    Test worker] o.h.type.descriptor.sql.BasicExtractor   : extracted value ([fac_valor] : [DOUBLE]) - [0.0]
2019-05-20 17:11:17.920 TRACE 6380 --- [    Test worker] o.h.type.descriptor.sql.BasicExtractor   : extracted value ([mov_placa] : [VARCHAR]) - [VBN-16]
2019-05-20 17:11:17.920 DEBUG 6380 --- [    Test worker] org.hibernate.SQL                        : select movilentit0_.mov_placa as mov_plac1_2_0_, movilentit0_.mov_cilindraje as mov_cili2_2_0_, movilentit0_.mov_tipo_movil as mov_tipo3_2_0_ from movil movilentit0_ where movilentit0_.mov_placa=?
Hibernate: select movilentit0_.mov_placa as mov_plac1_2_0_, movilentit0_.mov_cilindraje as mov_cili2_2_0_, movilentit0_.mov_tipo_movil as mov_tipo3_2_0_ from movil movilentit0_ where movilentit0_.mov_placa=?
2019-05-20 17:11:17.921 TRACE 6380 --- [    Test worker] o.h.type.descriptor.sql.BasicBinder      : binding parameter [1] as [VARCHAR] - [VBN-16]
2019-05-20 17:11:17.921 TRACE 6380 --- [    Test worker] o.h.type.descriptor.sql.BasicExtractor   : extracted value ([mov_cili2_2_0_] : [DOUBLE]) - [-1.0]
2019-05-20 17:11:17.921 TRACE 6380 --- [    Test worker] o.h.type.descriptor.sql.BasicExtractor   : extracted value ([mov_tipo3_2_0_] : [VARCHAR]) - [CARRO]
2019-05-20 17:11:17.921 TRACE 6380 --- [    Test worker] org.hibernate.type.CollectionType        : Created collection wrapper: [co.com.ceiba.ceibaestacionamiento.persistencia.entidades.MovilEntity.facturasEntity#VBN-16]
2019-05-20 17:11:17.922 DEBUG 6380 --- [    Test worker] org.hibernate.SQL                        : select facturaent0_.facId as facId1_1_0_, facturaent0_.fac_fecha_ingreso as fac_fech2_1_0_, facturaent0_.fac_fecha_salida as fac_fech3_1_0_, facturaent0_.fac_valor as fac_valo4_1_0_, facturaent0_.mov_placa as mov_plac5_1_0_ from factura facturaent0_ where facturaent0_.facId=?
Hibernate: select facturaent0_.facId as facId1_1_0_, facturaent0_.fac_fecha_ingreso as fac_fech2_1_0_, facturaent0_.fac_fecha_salida as fac_fech3_1_0_, facturaent0_.fac_valor as fac_valo4_1_0_, facturaent0_.mov_placa as mov_plac5_1_0_ from factura facturaent0_ where facturaent0_.facId=?
2019-05-20 17:11:17.922 TRACE 6380 --- [    Test worker] o.h.type.descriptor.sql.BasicBinder      : binding parameter [1] as [INTEGER] - [28]
2019-05-20 17:11:17.923 TRACE 6380 --- [    Test worker] o.h.type.descriptor.sql.BasicExtractor   : extracted value ([fac_fech2_1_0_] : [TIMESTAMP]) - [2019-05-20 17:11:16.62]
2019-05-20 17:11:17.923 TRACE 6380 --- [    Test worker] o.h.type.descriptor.sql.BasicExtractor   : extracted value ([fac_fech3_1_0_] : [TIMESTAMP]) - [null]
2019-05-20 17:11:17.923 TRACE 6380 --- [    Test worker] o.h.type.descriptor.sql.BasicExtractor   : extracted value ([fac_valo4_1_0_] : [DOUBLE]) - [0.0]
2019-05-20 17:11:17.923 TRACE 6380 --- [    Test worker] o.h.type.descriptor.sql.BasicExtractor   : extracted value ([mov_plac5_1_0_] : [VARCHAR]) - [VBN-16]
2019-05-20 17:11:17.923 DEBUG 6380 --- [    Test worker] org.hibernate.SQL                        : select movilentit0_.mov_placa as mov_plac1_2_1_, movilentit0_.mov_cilindraje as mov_cili2_2_1_, movilentit0_.mov_tipo_movil as mov_tipo3_2_1_, facturasen1_.mov_placa as mov_plac5_1_3_, facturasen1_.facId as facId1_1_3_, facturasen1_.facId as facId1_1_0_, facturasen1_.fac_fecha_ingreso as fac_fech2_1_0_, facturasen1_.fac_fecha_salida as fac_fech3_1_0_, facturasen1_.fac_valor as fac_valo4_1_0_, facturasen1_.mov_placa as mov_plac5_1_0_ from movil movilentit0_ left outer join factura facturasen1_ on movilentit0_.mov_placa=facturasen1_.mov_placa where movilentit0_.mov_placa=?
Hibernate: select movilentit0_.mov_placa as mov_plac1_2_1_, movilentit0_.mov_cilindraje as mov_cili2_2_1_, movilentit0_.mov_tipo_movil as mov_tipo3_2_1_, facturasen1_.mov_placa as mov_plac5_1_3_, facturasen1_.facId as facId1_1_3_, facturasen1_.facId as facId1_1_0_, facturasen1_.fac_fecha_ingreso as fac_fech2_1_0_, facturasen1_.fac_fecha_salida as fac_fech3_1_0_, facturasen1_.fac_valor as fac_valo4_1_0_, facturasen1_.mov_placa as mov_plac5_1_0_ from movil movilentit0_ left outer join factura facturasen1_ on movilentit0_.mov_placa=facturasen1_.mov_placa where movilentit0_.mov_placa=?
2019-05-20 17:11:17.923 TRACE 6380 --- [    Test worker] o.h.type.descriptor.sql.BasicBinder      : binding parameter [1] as [VARCHAR] - [VBN-16]
2019-05-20 17:11:17.923 TRACE 6380 --- [    Test worker] o.h.type.descriptor.sql.BasicExtractor   : extracted value ([facId1_1_0_] : [INTEGER]) - [28]
2019-05-20 17:11:17.923 TRACE 6380 --- [    Test worker] o.h.type.descriptor.sql.BasicExtractor   : extracted value ([mov_cili2_2_1_] : [DOUBLE]) - [-1.0]
2019-05-20 17:11:17.923 TRACE 6380 --- [    Test worker] o.h.type.descriptor.sql.BasicExtractor   : extracted value ([mov_tipo3_2_1_] : [VARCHAR]) - [CARRO]
2019-05-20 17:11:17.924 TRACE 6380 --- [    Test worker] o.h.type.descriptor.sql.BasicExtractor   : extracted value ([mov_plac5_1_3_] : [VARCHAR]) - [VBN-16]
2019-05-20 17:11:17.924 TRACE 6380 --- [    Test worker] o.h.type.descriptor.sql.BasicExtractor   : extracted value ([facId1_1_3_] : [INTEGER]) - [28]
2019-05-20 17:11:17.925 DEBUG 6380 --- [    Test worker] org.hibernate.SQL                        : update factura set fac_fecha_ingreso=?, fac_fecha_salida=?, fac_valor=?, mov_placa=? where facId=?
Hibernate: update factura set fac_fecha_ingreso=?, fac_fecha_salida=?, fac_valor=?, mov_placa=? where facId=?
2019-05-20 17:11:17.925 TRACE 6380 --- [    Test worker] o.h.type.descriptor.sql.BasicBinder      : binding parameter [1] as [TIMESTAMP] - [2019-05-20 17:11:16.62]
2019-05-20 17:11:17.925 TRACE 6380 --- [    Test worker] o.h.type.descriptor.sql.BasicBinder      : binding parameter [2] as [TIMESTAMP] - [Mon May 20 17:11:17 COT 2019]
2019-05-20 17:11:17.925 TRACE 6380 --- [    Test worker] o.h.type.descriptor.sql.BasicBinder      : binding parameter [3] as [DOUBLE] - [1000.0]
2019-05-20 17:11:17.925 TRACE 6380 --- [    Test worker] o.h.type.descriptor.sql.BasicBinder      : binding parameter [4] as [VARCHAR] - [VBN-16]
2019-05-20 17:11:17.925 TRACE 6380 --- [    Test worker] o.h.type.descriptor.sql.BasicBinder      : binding parameter [5] as [INTEGER] - [28]
2019-05-20 17:11:17.927 DEBUG 6380 --- [    Test worker] org.hibernate.SQL                        : select movilentit0_.mov_placa as mov_plac1_2_0_, movilentit0_.mov_cilindraje as mov_cili2_2_0_, movilentit0_.mov_tipo_movil as mov_tipo3_2_0_ from movil movilentit0_ where movilentit0_.mov_placa=?
Hibernate: select movilentit0_.mov_placa as mov_plac1_2_0_, movilentit0_.mov_cilindraje as mov_cili2_2_0_, movilentit0_.mov_tipo_movil as mov_tipo3_2_0_ from movil movilentit0_ where movilentit0_.mov_placa=?
2019-05-20 17:11:17.927 TRACE 6380 --- [    Test worker] o.h.type.descriptor.sql.BasicBinder      : binding parameter [1] as [VARCHAR] - [VBN-17]
2019-05-20 17:11:17.927 TRACE 6380 --- [    Test worker] o.h.type.descriptor.sql.BasicExtractor   : extracted value ([mov_cili2_2_0_] : [DOUBLE]) - [-1.0]
2019-05-20 17:11:17.928 TRACE 6380 --- [    Test worker] o.h.type.descriptor.sql.BasicExtractor   : extracted value ([mov_tipo3_2_0_] : [VARCHAR]) - [CARRO]
2019-05-20 17:11:17.928 TRACE 6380 --- [    Test worker] org.hibernate.type.CollectionType        : Created collection wrapper: [co.com.ceiba.ceibaestacionamiento.persistencia.entidades.MovilEntity.facturasEntity#VBN-17]
2019-05-20 17:11:17.929 DEBUG 6380 --- [    Test worker] org.hibernate.SQL                        : SELECT COUNT(*) FROM factura WHERE mov_placa = ? AND fac_fecha_salida IS NULL
Hibernate: SELECT COUNT(*) FROM factura WHERE mov_placa = ? AND fac_fecha_salida IS NULL
2019-05-20 17:11:17.929 TRACE 6380 --- [    Test worker] o.h.type.descriptor.sql.BasicBinder      : binding parameter [1] as [VARCHAR] - [VBN-17]
2019-05-20 17:11:17.929 TRACE 6380 --- [    Test worker] o.h.type.descriptor.sql.BasicExtractor   : extracted value ([COUNT(*)] : [NUMERIC]) - [1]
2019-05-20 17:11:17.930 DEBUG 6380 --- [    Test worker] org.hibernate.SQL                        : SELECT * FROM factura WHERE mov_placa = ? AND fac_fecha_salida IS NULL
Hibernate: SELECT * FROM factura WHERE mov_placa = ? AND fac_fecha_salida IS NULL
2019-05-20 17:11:17.931 TRACE 6380 --- [    Test worker] o.h.type.descriptor.sql.BasicBinder      : binding parameter [1] as [VARCHAR] - [VBN-17]
2019-05-20 17:11:17.931 TRACE 6380 --- [    Test worker] o.h.type.descriptor.sql.BasicExtractor   : extracted value ([facId] : [INTEGER]) - [29]
2019-05-20 17:11:17.931 TRACE 6380 --- [    Test worker] o.h.type.descriptor.sql.BasicExtractor   : extracted value ([fac_fecha_ingreso] : [TIMESTAMP]) - [2019-05-20 17:11:16.638]
2019-05-20 17:11:17.931 TRACE 6380 --- [    Test worker] o.h.type.descriptor.sql.BasicExtractor   : extracted value ([fac_fecha_salida] : [TIMESTAMP]) - [null]
2019-05-20 17:11:17.931 TRACE 6380 --- [    Test worker] o.h.type.descriptor.sql.BasicExtractor   : extracted value ([fac_valor] : [DOUBLE]) - [0.0]
2019-05-20 17:11:17.931 TRACE 6380 --- [    Test worker] o.h.type.descriptor.sql.BasicExtractor   : extracted value ([mov_placa] : [VARCHAR]) - [VBN-17]
2019-05-20 17:11:17.932 DEBUG 6380 --- [    Test worker] org.hibernate.SQL                        : select movilentit0_.mov_placa as mov_plac1_2_0_, movilentit0_.mov_cilindraje as mov_cili2_2_0_, movilentit0_.mov_tipo_movil as mov_tipo3_2_0_ from movil movilentit0_ where movilentit0_.mov_placa=?
Hibernate: select movilentit0_.mov_placa as mov_plac1_2_0_, movilentit0_.mov_cilindraje as mov_cili2_2_0_, movilentit0_.mov_tipo_movil as mov_tipo3_2_0_ from movil movilentit0_ where movilentit0_.mov_placa=?
2019-05-20 17:11:17.932 TRACE 6380 --- [    Test worker] o.h.type.descriptor.sql.BasicBinder      : binding parameter [1] as [VARCHAR] - [VBN-17]
2019-05-20 17:11:17.932 TRACE 6380 --- [    Test worker] o.h.type.descriptor.sql.BasicExtractor   : extracted value ([mov_cili2_2_0_] : [DOUBLE]) - [-1.0]
2019-05-20 17:11:17.932 TRACE 6380 --- [    Test worker] o.h.type.descriptor.sql.BasicExtractor   : extracted value ([mov_tipo3_2_0_] : [VARCHAR]) - [CARRO]
2019-05-20 17:11:17.932 TRACE 6380 --- [    Test worker] org.hibernate.type.CollectionType        : Created collection wrapper: [co.com.ceiba.ceibaestacionamiento.persistencia.entidades.MovilEntity.facturasEntity#VBN-17]
2019-05-20 17:11:17.934 DEBUG 6380 --- [    Test worker] org.hibernate.SQL                        : SELECT * FROM costoestadia WHERE cos_tipo_movil = ? AND cos_tipo_pago = ? AND cos_tiempo_estadia = ?
Hibernate: SELECT * FROM costoestadia WHERE cos_tipo_movil = ? AND cos_tipo_pago = ? AND cos_tiempo_estadia = ?
2019-05-20 17:11:17.935 TRACE 6380 --- [    Test worker] o.h.type.descriptor.sql.BasicBinder      : binding parameter [1] as [VARCHAR] - [CARRO]
2019-05-20 17:11:17.935 TRACE 6380 --- [    Test worker] o.h.type.descriptor.sql.BasicBinder      : binding parameter [2] as [VARCHAR] - [NORMAL]
2019-05-20 17:11:17.935 TRACE 6380 --- [    Test worker] o.h.type.descriptor.sql.BasicBinder      : binding parameter [3] as [VARCHAR] - [DIA]
2019-05-20 17:11:17.935 TRACE 6380 --- [    Test worker] o.h.type.descriptor.sql.BasicExtractor   : extracted value ([cos_id] : [INTEGER]) - [1]
2019-05-20 17:11:17.935 TRACE 6380 --- [    Test worker] o.h.type.descriptor.sql.BasicExtractor   : extracted value ([cos_tiempo_estadia] : [VARCHAR]) - [DIA]
2019-05-20 17:11:17.935 TRACE 6380 --- [    Test worker] o.h.type.descriptor.sql.BasicExtractor   : extracted value ([cos_tipo_movil] : [VARCHAR]) - [CARRO]
2019-05-20 17:11:17.935 TRACE 6380 --- [    Test worker] o.h.type.descriptor.sql.BasicExtractor   : extracted value ([cos_tipo_pago] : [VARCHAR]) - [NORMAL]
2019-05-20 17:11:17.936 TRACE 6380 --- [    Test worker] o.h.type.descriptor.sql.BasicExtractor   : extracted value ([cos_valor] : [DOUBLE]) - [8000.0]
2019-05-20 17:11:17.938 DEBUG 6380 --- [    Test worker] org.hibernate.SQL                        : SELECT * FROM costoestadia WHERE cos_tipo_movil = ? AND cos_tipo_pago = ? AND cos_tiempo_estadia = ?
Hibernate: SELECT * FROM costoestadia WHERE cos_tipo_movil = ? AND cos_tipo_pago = ? AND cos_tiempo_estadia = ?
2019-05-20 17:11:17.939 TRACE 6380 --- [    Test worker] o.h.type.descriptor.sql.BasicBinder      : binding parameter [1] as [VARCHAR] - [CARRO]
2019-05-20 17:11:17.939 TRACE 6380 --- [    Test worker] o.h.type.descriptor.sql.BasicBinder      : binding parameter [2] as [VARCHAR] - [NORMAL]
2019-05-20 17:11:17.939 TRACE 6380 --- [    Test worker] o.h.type.descriptor.sql.BasicBinder      : binding parameter [3] as [VARCHAR] - [HORA]
2019-05-20 17:11:17.939 TRACE 6380 --- [    Test worker] o.h.type.descriptor.sql.BasicExtractor   : extracted value ([cos_id] : [INTEGER]) - [2]
2019-05-20 17:11:17.939 TRACE 6380 --- [    Test worker] o.h.type.descriptor.sql.BasicExtractor   : extracted value ([cos_tiempo_estadia] : [VARCHAR]) - [HORA]
2019-05-20 17:11:17.939 TRACE 6380 --- [    Test worker] o.h.type.descriptor.sql.BasicExtractor   : extracted value ([cos_tipo_movil] : [VARCHAR]) - [CARRO]
2019-05-20 17:11:17.939 TRACE 6380 --- [    Test worker] o.h.type.descriptor.sql.BasicExtractor   : extracted value ([cos_tipo_pago] : [VARCHAR]) - [NORMAL]
2019-05-20 17:11:17.939 TRACE 6380 --- [    Test worker] o.h.type.descriptor.sql.BasicExtractor   : extracted value ([cos_valor] : [DOUBLE]) - [1000.0]
2019-05-20 17:11:17.941 DEBUG 6380 --- [    Test worker] org.hibernate.SQL                        : SELECT * FROM factura WHERE mov_placa = ? AND fac_fecha_salida IS NULL
Hibernate: SELECT * FROM factura WHERE mov_placa = ? AND fac_fecha_salida IS NULL
2019-05-20 17:11:17.941 TRACE 6380 --- [    Test worker] o.h.type.descriptor.sql.BasicBinder      : binding parameter [1] as [VARCHAR] - [VBN-17]
2019-05-20 17:11:17.942 TRACE 6380 --- [    Test worker] o.h.type.descriptor.sql.BasicExtractor   : extracted value ([facId] : [INTEGER]) - [29]
2019-05-20 17:11:17.942 TRACE 6380 --- [    Test worker] o.h.type.descriptor.sql.BasicExtractor   : extracted value ([fac_fecha_ingreso] : [TIMESTAMP]) - [2019-05-20 17:11:16.638]
2019-05-20 17:11:17.942 TRACE 6380 --- [    Test worker] o.h.type.descriptor.sql.BasicExtractor   : extracted value ([fac_fecha_salida] : [TIMESTAMP]) - [null]
2019-05-20 17:11:17.942 TRACE 6380 --- [    Test worker] o.h.type.descriptor.sql.BasicExtractor   : extracted value ([fac_valor] : [DOUBLE]) - [0.0]
2019-05-20 17:11:17.942 TRACE 6380 --- [    Test worker] o.h.type.descriptor.sql.BasicExtractor   : extracted value ([mov_placa] : [VARCHAR]) - [VBN-17]
2019-05-20 17:11:17.942 DEBUG 6380 --- [    Test worker] org.hibernate.SQL                        : select movilentit0_.mov_placa as mov_plac1_2_0_, movilentit0_.mov_cilindraje as mov_cili2_2_0_, movilentit0_.mov_tipo_movil as mov_tipo3_2_0_ from movil movilentit0_ where movilentit0_.mov_placa=?
Hibernate: select movilentit0_.mov_placa as mov_plac1_2_0_, movilentit0_.mov_cilindraje as mov_cili2_2_0_, movilentit0_.mov_tipo_movil as mov_tipo3_2_0_ from movil movilentit0_ where movilentit0_.mov_placa=?
2019-05-20 17:11:17.942 TRACE 6380 --- [    Test worker] o.h.type.descriptor.sql.BasicBinder      : binding parameter [1] as [VARCHAR] - [VBN-17]
2019-05-20 17:11:17.942 TRACE 6380 --- [    Test worker] o.h.type.descriptor.sql.BasicExtractor   : extracted value ([mov_cili2_2_0_] : [DOUBLE]) - [-1.0]
2019-05-20 17:11:17.943 TRACE 6380 --- [    Test worker] o.h.type.descriptor.sql.BasicExtractor   : extracted value ([mov_tipo3_2_0_] : [VARCHAR]) - [CARRO]
2019-05-20 17:11:17.943 TRACE 6380 --- [    Test worker] org.hibernate.type.CollectionType        : Created collection wrapper: [co.com.ceiba.ceibaestacionamiento.persistencia.entidades.MovilEntity.facturasEntity#VBN-17]
2019-05-20 17:11:17.944 DEBUG 6380 --- [    Test worker] org.hibernate.SQL                        : select facturaent0_.facId as facId1_1_0_, facturaent0_.fac_fecha_ingreso as fac_fech2_1_0_, facturaent0_.fac_fecha_salida as fac_fech3_1_0_, facturaent0_.fac_valor as fac_valo4_1_0_, facturaent0_.mov_placa as mov_plac5_1_0_ from factura facturaent0_ where facturaent0_.facId=?
Hibernate: select facturaent0_.facId as facId1_1_0_, facturaent0_.fac_fecha_ingreso as fac_fech2_1_0_, facturaent0_.fac_fecha_salida as fac_fech3_1_0_, facturaent0_.fac_valor as fac_valo4_1_0_, facturaent0_.mov_placa as mov_plac5_1_0_ from factura facturaent0_ where facturaent0_.facId=?
2019-05-20 17:11:17.945 TRACE 6380 --- [    Test worker] o.h.type.descriptor.sql.BasicBinder      : binding parameter [1] as [INTEGER] - [29]
2019-05-20 17:11:17.945 TRACE 6380 --- [    Test worker] o.h.type.descriptor.sql.BasicExtractor   : extracted value ([fac_fech2_1_0_] : [TIMESTAMP]) - [2019-05-20 17:11:16.638]
2019-05-20 17:11:17.945 TRACE 6380 --- [    Test worker] o.h.type.descriptor.sql.BasicExtractor   : extracted value ([fac_fech3_1_0_] : [TIMESTAMP]) - [null]
2019-05-20 17:11:17.945 TRACE 6380 --- [    Test worker] o.h.type.descriptor.sql.BasicExtractor   : extracted value ([fac_valo4_1_0_] : [DOUBLE]) - [0.0]
2019-05-20 17:11:17.945 TRACE 6380 --- [    Test worker] o.h.type.descriptor.sql.BasicExtractor   : extracted value ([mov_plac5_1_0_] : [VARCHAR]) - [VBN-17]
2019-05-20 17:11:17.945 DEBUG 6380 --- [    Test worker] org.hibernate.SQL                        : select movilentit0_.mov_placa as mov_plac1_2_1_, movilentit0_.mov_cilindraje as mov_cili2_2_1_, movilentit0_.mov_tipo_movil as mov_tipo3_2_1_, facturasen1_.mov_placa as mov_plac5_1_3_, facturasen1_.facId as facId1_1_3_, facturasen1_.facId as facId1_1_0_, facturasen1_.fac_fecha_ingreso as fac_fech2_1_0_, facturasen1_.fac_fecha_salida as fac_fech3_1_0_, facturasen1_.fac_valor as fac_valo4_1_0_, facturasen1_.mov_placa as mov_plac5_1_0_ from movil movilentit0_ left outer join factura facturasen1_ on movilentit0_.mov_placa=facturasen1_.mov_placa where movilentit0_.mov_placa=?
Hibernate: select movilentit0_.mov_placa as mov_plac1_2_1_, movilentit0_.mov_cilindraje as mov_cili2_2_1_, movilentit0_.mov_tipo_movil as mov_tipo3_2_1_, facturasen1_.mov_placa as mov_plac5_1_3_, facturasen1_.facId as facId1_1_3_, facturasen1_.facId as facId1_1_0_, facturasen1_.fac_fecha_ingreso as fac_fech2_1_0_, facturasen1_.fac_fecha_salida as fac_fech3_1_0_, facturasen1_.fac_valor as fac_valo4_1_0_, facturasen1_.mov_placa as mov_plac5_1_0_ from movil movilentit0_ left outer join factura facturasen1_ on movilentit0_.mov_placa=facturasen1_.mov_placa where movilentit0_.mov_placa=?
2019-05-20 17:11:17.945 TRACE 6380 --- [    Test worker] o.h.type.descriptor.sql.BasicBinder      : binding parameter [1] as [VARCHAR] - [VBN-17]
2019-05-20 17:11:17.946 TRACE 6380 --- [    Test worker] o.h.type.descriptor.sql.BasicExtractor   : extracted value ([facId1_1_0_] : [INTEGER]) - [29]
2019-05-20 17:11:17.946 TRACE 6380 --- [    Test worker] o.h.type.descriptor.sql.BasicExtractor   : extracted value ([mov_cili2_2_1_] : [DOUBLE]) - [-1.0]
2019-05-20 17:11:17.946 TRACE 6380 --- [    Test worker] o.h.type.descriptor.sql.BasicExtractor   : extracted value ([mov_tipo3_2_1_] : [VARCHAR]) - [CARRO]
2019-05-20 17:11:17.946 TRACE 6380 --- [    Test worker] o.h.type.descriptor.sql.BasicExtractor   : extracted value ([mov_plac5_1_3_] : [VARCHAR]) - [VBN-17]
2019-05-20 17:11:17.946 TRACE 6380 --- [    Test worker] o.h.type.descriptor.sql.BasicExtractor   : extracted value ([facId1_1_3_] : [INTEGER]) - [29]
2019-05-20 17:11:17.948 DEBUG 6380 --- [    Test worker] org.hibernate.SQL                        : update factura set fac_fecha_ingreso=?, fac_fecha_salida=?, fac_valor=?, mov_placa=? where facId=?
Hibernate: update factura set fac_fecha_ingreso=?, fac_fecha_salida=?, fac_valor=?, mov_placa=? where facId=?
2019-05-20 17:11:17.948 TRACE 6380 --- [    Test worker] o.h.type.descriptor.sql.BasicBinder      : binding parameter [1] as [TIMESTAMP] - [2019-05-20 17:11:16.638]
2019-05-20 17:11:17.948 TRACE 6380 --- [    Test worker] o.h.type.descriptor.sql.BasicBinder      : binding parameter [2] as [TIMESTAMP] - [Mon May 20 17:11:17 COT 2019]
2019-05-20 17:11:17.949 TRACE 6380 --- [    Test worker] o.h.type.descriptor.sql.BasicBinder      : binding parameter [3] as [DOUBLE] - [1000.0]
2019-05-20 17:11:17.949 TRACE 6380 --- [    Test worker] o.h.type.descriptor.sql.BasicBinder      : binding parameter [4] as [VARCHAR] - [VBN-17]
2019-05-20 17:11:17.949 TRACE 6380 --- [    Test worker] o.h.type.descriptor.sql.BasicBinder      : binding parameter [5] as [INTEGER] - [29]
2019-05-20 17:11:17.951 DEBUG 6380 --- [    Test worker] org.hibernate.SQL                        : select movilentit0_.mov_placa as mov_plac1_2_0_, movilentit0_.mov_cilindraje as mov_cili2_2_0_, movilentit0_.mov_tipo_movil as mov_tipo3_2_0_ from movil movilentit0_ where movilentit0_.mov_placa=?
Hibernate: select movilentit0_.mov_placa as mov_plac1_2_0_, movilentit0_.mov_cilindraje as mov_cili2_2_0_, movilentit0_.mov_tipo_movil as mov_tipo3_2_0_ from movil movilentit0_ where movilentit0_.mov_placa=?
2019-05-20 17:11:17.951 TRACE 6380 --- [    Test worker] o.h.type.descriptor.sql.BasicBinder      : binding parameter [1] as [VARCHAR] - [VBN-18]
2019-05-20 17:11:17.951 TRACE 6380 --- [    Test worker] o.h.type.descriptor.sql.BasicExtractor   : extracted value ([mov_cili2_2_0_] : [DOUBLE]) - [-1.0]
2019-05-20 17:11:17.951 TRACE 6380 --- [    Test worker] o.h.type.descriptor.sql.BasicExtractor   : extracted value ([mov_tipo3_2_0_] : [VARCHAR]) - [CARRO]
2019-05-20 17:11:17.952 TRACE 6380 --- [    Test worker] org.hibernate.type.CollectionType        : Created collection wrapper: [co.com.ceiba.ceibaestacionamiento.persistencia.entidades.MovilEntity.facturasEntity#VBN-18]
2019-05-20 17:11:17.953 DEBUG 6380 --- [    Test worker] org.hibernate.SQL                        : SELECT COUNT(*) FROM factura WHERE mov_placa = ? AND fac_fecha_salida IS NULL
Hibernate: SELECT COUNT(*) FROM factura WHERE mov_placa = ? AND fac_fecha_salida IS NULL
2019-05-20 17:11:17.954 TRACE 6380 --- [    Test worker] o.h.type.descriptor.sql.BasicBinder      : binding parameter [1] as [VARCHAR] - [VBN-18]
2019-05-20 17:11:17.954 TRACE 6380 --- [    Test worker] o.h.type.descriptor.sql.BasicExtractor   : extracted value ([COUNT(*)] : [NUMERIC]) - [1]
2019-05-20 17:11:17.955 DEBUG 6380 --- [    Test worker] org.hibernate.SQL                        : SELECT * FROM factura WHERE mov_placa = ? AND fac_fecha_salida IS NULL
Hibernate: SELECT * FROM factura WHERE mov_placa = ? AND fac_fecha_salida IS NULL
2019-05-20 17:11:17.956 TRACE 6380 --- [    Test worker] o.h.type.descriptor.sql.BasicBinder      : binding parameter [1] as [VARCHAR] - [VBN-18]
2019-05-20 17:11:17.957 TRACE 6380 --- [    Test worker] o.h.type.descriptor.sql.BasicExtractor   : extracted value ([facId] : [INTEGER]) - [30]
2019-05-20 17:11:17.957 TRACE 6380 --- [    Test worker] o.h.type.descriptor.sql.BasicExtractor   : extracted value ([fac_fecha_ingreso] : [TIMESTAMP]) - [2019-05-20 17:11:16.672]
2019-05-20 17:11:17.957 TRACE 6380 --- [    Test worker] o.h.type.descriptor.sql.BasicExtractor   : extracted value ([fac_fecha_salida] : [TIMESTAMP]) - [null]
2019-05-20 17:11:17.957 TRACE 6380 --- [    Test worker] o.h.type.descriptor.sql.BasicExtractor   : extracted value ([fac_valor] : [DOUBLE]) - [0.0]
2019-05-20 17:11:17.957 TRACE 6380 --- [    Test worker] o.h.type.descriptor.sql.BasicExtractor   : extracted value ([mov_placa] : [VARCHAR]) - [VBN-18]
2019-05-20 17:11:17.958 DEBUG 6380 --- [    Test worker] org.hibernate.SQL                        : select movilentit0_.mov_placa as mov_plac1_2_0_, movilentit0_.mov_cilindraje as mov_cili2_2_0_, movilentit0_.mov_tipo_movil as mov_tipo3_2_0_ from movil movilentit0_ where movilentit0_.mov_placa=?
Hibernate: select movilentit0_.mov_placa as mov_plac1_2_0_, movilentit0_.mov_cilindraje as mov_cili2_2_0_, movilentit0_.mov_tipo_movil as mov_tipo3_2_0_ from movil movilentit0_ where movilentit0_.mov_placa=?
2019-05-20 17:11:17.958 TRACE 6380 --- [    Test worker] o.h.type.descriptor.sql.BasicBinder      : binding parameter [1] as [VARCHAR] - [VBN-18]
2019-05-20 17:11:17.958 TRACE 6380 --- [    Test worker] o.h.type.descriptor.sql.BasicExtractor   : extracted value ([mov_cili2_2_0_] : [DOUBLE]) - [-1.0]
2019-05-20 17:11:17.958 TRACE 6380 --- [    Test worker] o.h.type.descriptor.sql.BasicExtractor   : extracted value ([mov_tipo3_2_0_] : [VARCHAR]) - [CARRO]
2019-05-20 17:11:17.958 TRACE 6380 --- [    Test worker] org.hibernate.type.CollectionType        : Created collection wrapper: [co.com.ceiba.ceibaestacionamiento.persistencia.entidades.MovilEntity.facturasEntity#VBN-18]
2019-05-20 17:11:17.960 DEBUG 6380 --- [    Test worker] org.hibernate.SQL                        : SELECT * FROM costoestadia WHERE cos_tipo_movil = ? AND cos_tipo_pago = ? AND cos_tiempo_estadia = ?
Hibernate: SELECT * FROM costoestadia WHERE cos_tipo_movil = ? AND cos_tipo_pago = ? AND cos_tiempo_estadia = ?
2019-05-20 17:11:17.961 TRACE 6380 --- [    Test worker] o.h.type.descriptor.sql.BasicBinder      : binding parameter [1] as [VARCHAR] - [CARRO]
2019-05-20 17:11:17.961 TRACE 6380 --- [    Test worker] o.h.type.descriptor.sql.BasicBinder      : binding parameter [2] as [VARCHAR] - [NORMAL]
2019-05-20 17:11:17.961 TRACE 6380 --- [    Test worker] o.h.type.descriptor.sql.BasicBinder      : binding parameter [3] as [VARCHAR] - [DIA]
2019-05-20 17:11:17.961 TRACE 6380 --- [    Test worker] o.h.type.descriptor.sql.BasicExtractor   : extracted value ([cos_id] : [INTEGER]) - [1]
2019-05-20 17:11:17.961 TRACE 6380 --- [    Test worker] o.h.type.descriptor.sql.BasicExtractor   : extracted value ([cos_tiempo_estadia] : [VARCHAR]) - [DIA]
2019-05-20 17:11:17.961 TRACE 6380 --- [    Test worker] o.h.type.descriptor.sql.BasicExtractor   : extracted value ([cos_tipo_movil] : [VARCHAR]) - [CARRO]
2019-05-20 17:11:17.961 TRACE 6380 --- [    Test worker] o.h.type.descriptor.sql.BasicExtractor   : extracted value ([cos_tipo_pago] : [VARCHAR]) - [NORMAL]
2019-05-20 17:11:17.962 TRACE 6380 --- [    Test worker] o.h.type.descriptor.sql.BasicExtractor   : extracted value ([cos_valor] : [DOUBLE]) - [8000.0]
2019-05-20 17:11:17.964 DEBUG 6380 --- [    Test worker] org.hibernate.SQL                        : SELECT * FROM costoestadia WHERE cos_tipo_movil = ? AND cos_tipo_pago = ? AND cos_tiempo_estadia = ?
Hibernate: SELECT * FROM costoestadia WHERE cos_tipo_movil = ? AND cos_tipo_pago = ? AND cos_tiempo_estadia = ?
2019-05-20 17:11:17.964 TRACE 6380 --- [    Test worker] o.h.type.descriptor.sql.BasicBinder      : binding parameter [1] as [VARCHAR] - [CARRO]
2019-05-20 17:11:17.964 TRACE 6380 --- [    Test worker] o.h.type.descriptor.sql.BasicBinder      : binding parameter [2] as [VARCHAR] - [NORMAL]
2019-05-20 17:11:17.964 TRACE 6380 --- [    Test worker] o.h.type.descriptor.sql.BasicBinder      : binding parameter [3] as [VARCHAR] - [HORA]
2019-05-20 17:11:17.965 TRACE 6380 --- [    Test worker] o.h.type.descriptor.sql.BasicExtractor   : extracted value ([cos_id] : [INTEGER]) - [2]
2019-05-20 17:11:17.965 TRACE 6380 --- [    Test worker] o.h.type.descriptor.sql.BasicExtractor   : extracted value ([cos_tiempo_estadia] : [VARCHAR]) - [HORA]
2019-05-20 17:11:17.965 TRACE 6380 --- [    Test worker] o.h.type.descriptor.sql.BasicExtractor   : extracted value ([cos_tipo_movil] : [VARCHAR]) - [CARRO]
2019-05-20 17:11:17.965 TRACE 6380 --- [    Test worker] o.h.type.descriptor.sql.BasicExtractor   : extracted value ([cos_tipo_pago] : [VARCHAR]) - [NORMAL]
2019-05-20 17:11:17.966 TRACE 6380 --- [    Test worker] o.h.type.descriptor.sql.BasicExtractor   : extracted value ([cos_valor] : [DOUBLE]) - [1000.0]
2019-05-20 17:11:17.967 DEBUG 6380 --- [    Test worker] org.hibernate.SQL                        : SELECT * FROM factura WHERE mov_placa = ? AND fac_fecha_salida IS NULL
Hibernate: SELECT * FROM factura WHERE mov_placa = ? AND fac_fecha_salida IS NULL
2019-05-20 17:11:17.968 TRACE 6380 --- [    Test worker] o.h.type.descriptor.sql.BasicBinder      : binding parameter [1] as [VARCHAR] - [VBN-18]
2019-05-20 17:11:17.968 TRACE 6380 --- [    Test worker] o.h.type.descriptor.sql.BasicExtractor   : extracted value ([facId] : [INTEGER]) - [30]
2019-05-20 17:11:17.968 TRACE 6380 --- [    Test worker] o.h.type.descriptor.sql.BasicExtractor   : extracted value ([fac_fecha_ingreso] : [TIMESTAMP]) - [2019-05-20 17:11:16.672]
2019-05-20 17:11:17.968 TRACE 6380 --- [    Test worker] o.h.type.descriptor.sql.BasicExtractor   : extracted value ([fac_fecha_salida] : [TIMESTAMP]) - [null]
2019-05-20 17:11:17.969 TRACE 6380 --- [    Test worker] o.h.type.descriptor.sql.BasicExtractor   : extracted value ([fac_valor] : [DOUBLE]) - [0.0]
2019-05-20 17:11:17.969 TRACE 6380 --- [    Test worker] o.h.type.descriptor.sql.BasicExtractor   : extracted value ([mov_placa] : [VARCHAR]) - [VBN-18]
2019-05-20 17:11:17.969 DEBUG 6380 --- [    Test worker] org.hibernate.SQL                        : select movilentit0_.mov_placa as mov_plac1_2_0_, movilentit0_.mov_cilindraje as mov_cili2_2_0_, movilentit0_.mov_tipo_movil as mov_tipo3_2_0_ from movil movilentit0_ where movilentit0_.mov_placa=?
Hibernate: select movilentit0_.mov_placa as mov_plac1_2_0_, movilentit0_.mov_cilindraje as mov_cili2_2_0_, movilentit0_.mov_tipo_movil as mov_tipo3_2_0_ from movil movilentit0_ where movilentit0_.mov_placa=?
2019-05-20 17:11:17.969 TRACE 6380 --- [    Test worker] o.h.type.descriptor.sql.BasicBinder      : binding parameter [1] as [VARCHAR] - [VBN-18]
2019-05-20 17:11:17.970 TRACE 6380 --- [    Test worker] o.h.type.descriptor.sql.BasicExtractor   : extracted value ([mov_cili2_2_0_] : [DOUBLE]) - [-1.0]
2019-05-20 17:11:17.970 TRACE 6380 --- [    Test worker] o.h.type.descriptor.sql.BasicExtractor   : extracted value ([mov_tipo3_2_0_] : [VARCHAR]) - [CARRO]
2019-05-20 17:11:17.970 TRACE 6380 --- [    Test worker] org.hibernate.type.CollectionType        : Created collection wrapper: [co.com.ceiba.ceibaestacionamiento.persistencia.entidades.MovilEntity.facturasEntity#VBN-18]
2019-05-20 17:11:17.971 DEBUG 6380 --- [    Test worker] org.hibernate.SQL                        : select facturaent0_.facId as facId1_1_0_, facturaent0_.fac_fecha_ingreso as fac_fech2_1_0_, facturaent0_.fac_fecha_salida as fac_fech3_1_0_, facturaent0_.fac_valor as fac_valo4_1_0_, facturaent0_.mov_placa as mov_plac5_1_0_ from factura facturaent0_ where facturaent0_.facId=?
Hibernate: select facturaent0_.facId as facId1_1_0_, facturaent0_.fac_fecha_ingreso as fac_fech2_1_0_, facturaent0_.fac_fecha_salida as fac_fech3_1_0_, facturaent0_.fac_valor as fac_valo4_1_0_, facturaent0_.mov_placa as mov_plac5_1_0_ from factura facturaent0_ where facturaent0_.facId=?
2019-05-20 17:11:17.972 TRACE 6380 --- [    Test worker] o.h.type.descriptor.sql.BasicBinder      : binding parameter [1] as [INTEGER] - [30]
2019-05-20 17:11:17.972 TRACE 6380 --- [    Test worker] o.h.type.descriptor.sql.BasicExtractor   : extracted value ([fac_fech2_1_0_] : [TIMESTAMP]) - [2019-05-20 17:11:16.672]
2019-05-20 17:11:17.972 TRACE 6380 --- [    Test worker] o.h.type.descriptor.sql.BasicExtractor   : extracted value ([fac_fech3_1_0_] : [TIMESTAMP]) - [null]
2019-05-20 17:11:17.972 TRACE 6380 --- [    Test worker] o.h.type.descriptor.sql.BasicExtractor   : extracted value ([fac_valo4_1_0_] : [DOUBLE]) - [0.0]
2019-05-20 17:11:17.972 TRACE 6380 --- [    Test worker] o.h.type.descriptor.sql.BasicExtractor   : extracted value ([mov_plac5_1_0_] : [VARCHAR]) - [VBN-18]
2019-05-20 17:11:17.973 DEBUG 6380 --- [    Test worker] org.hibernate.SQL                        : select movilentit0_.mov_placa as mov_plac1_2_1_, movilentit0_.mov_cilindraje as mov_cili2_2_1_, movilentit0_.mov_tipo_movil as mov_tipo3_2_1_, facturasen1_.mov_placa as mov_plac5_1_3_, facturasen1_.facId as facId1_1_3_, facturasen1_.facId as facId1_1_0_, facturasen1_.fac_fecha_ingreso as fac_fech2_1_0_, facturasen1_.fac_fecha_salida as fac_fech3_1_0_, facturasen1_.fac_valor as fac_valo4_1_0_, facturasen1_.mov_placa as mov_plac5_1_0_ from movil movilentit0_ left outer join factura facturasen1_ on movilentit0_.mov_placa=facturasen1_.mov_placa where movilentit0_.mov_placa=?
Hibernate: select movilentit0_.mov_placa as mov_plac1_2_1_, movilentit0_.mov_cilindraje as mov_cili2_2_1_, movilentit0_.mov_tipo_movil as mov_tipo3_2_1_, facturasen1_.mov_placa as mov_plac5_1_3_, facturasen1_.facId as facId1_1_3_, facturasen1_.facId as facId1_1_0_, facturasen1_.fac_fecha_ingreso as fac_fech2_1_0_, facturasen1_.fac_fecha_salida as fac_fech3_1_0_, facturasen1_.fac_valor as fac_valo4_1_0_, facturasen1_.mov_placa as mov_plac5_1_0_ from movil movilentit0_ left outer join factura facturasen1_ on movilentit0_.mov_placa=facturasen1_.mov_placa where movilentit0_.mov_placa=?
2019-05-20 17:11:17.973 TRACE 6380 --- [    Test worker] o.h.type.descriptor.sql.BasicBinder      : binding parameter [1] as [VARCHAR] - [VBN-18]
2019-05-20 17:11:17.973 TRACE 6380 --- [    Test worker] o.h.type.descriptor.sql.BasicExtractor   : extracted value ([facId1_1_0_] : [INTEGER]) - [30]
2019-05-20 17:11:17.973 TRACE 6380 --- [    Test worker] o.h.type.descriptor.sql.BasicExtractor   : extracted value ([mov_cili2_2_1_] : [DOUBLE]) - [-1.0]
2019-05-20 17:11:17.973 TRACE 6380 --- [    Test worker] o.h.type.descriptor.sql.BasicExtractor   : extracted value ([mov_tipo3_2_1_] : [VARCHAR]) - [CARRO]
2019-05-20 17:11:17.973 TRACE 6380 --- [    Test worker] o.h.type.descriptor.sql.BasicExtractor   : extracted value ([mov_plac5_1_3_] : [VARCHAR]) - [VBN-18]
2019-05-20 17:11:17.973 TRACE 6380 --- [    Test worker] o.h.type.descriptor.sql.BasicExtractor   : extracted value ([facId1_1_3_] : [INTEGER]) - [30]
2019-05-20 17:11:17.975 DEBUG 6380 --- [    Test worker] org.hibernate.SQL                        : update factura set fac_fecha_ingreso=?, fac_fecha_salida=?, fac_valor=?, mov_placa=? where facId=?
Hibernate: update factura set fac_fecha_ingreso=?, fac_fecha_salida=?, fac_valor=?, mov_placa=? where facId=?
2019-05-20 17:11:17.975 TRACE 6380 --- [    Test worker] o.h.type.descriptor.sql.BasicBinder      : binding parameter [1] as [TIMESTAMP] - [2019-05-20 17:11:16.672]
2019-05-20 17:11:17.975 TRACE 6380 --- [    Test worker] o.h.type.descriptor.sql.BasicBinder      : binding parameter [2] as [TIMESTAMP] - [Mon May 20 17:11:17 COT 2019]
2019-05-20 17:11:17.975 TRACE 6380 --- [    Test worker] o.h.type.descriptor.sql.BasicBinder      : binding parameter [3] as [DOUBLE] - [1000.0]
2019-05-20 17:11:17.976 TRACE 6380 --- [    Test worker] o.h.type.descriptor.sql.BasicBinder      : binding parameter [4] as [VARCHAR] - [VBN-18]
2019-05-20 17:11:17.976 TRACE 6380 --- [    Test worker] o.h.type.descriptor.sql.BasicBinder      : binding parameter [5] as [INTEGER] - [30]
2019-05-20 17:11:17.977 DEBUG 6380 --- [    Test worker] org.hibernate.SQL                        : select movilentit0_.mov_placa as mov_plac1_2_0_, movilentit0_.mov_cilindraje as mov_cili2_2_0_, movilentit0_.mov_tipo_movil as mov_tipo3_2_0_ from movil movilentit0_ where movilentit0_.mov_placa=?
Hibernate: select movilentit0_.mov_placa as mov_plac1_2_0_, movilentit0_.mov_cilindraje as mov_cili2_2_0_, movilentit0_.mov_tipo_movil as mov_tipo3_2_0_ from movil movilentit0_ where movilentit0_.mov_placa=?
2019-05-20 17:11:17.977 TRACE 6380 --- [    Test worker] o.h.type.descriptor.sql.BasicBinder      : binding parameter [1] as [VARCHAR] - [VBN-19]
2019-05-20 17:11:17.978 TRACE 6380 --- [    Test worker] o.h.type.descriptor.sql.BasicExtractor   : extracted value ([mov_cili2_2_0_] : [DOUBLE]) - [-1.0]
2019-05-20 17:11:17.978 TRACE 6380 --- [    Test worker] o.h.type.descriptor.sql.BasicExtractor   : extracted value ([mov_tipo3_2_0_] : [VARCHAR]) - [CARRO]
2019-05-20 17:11:17.978 TRACE 6380 --- [    Test worker] org.hibernate.type.CollectionType        : Created collection wrapper: [co.com.ceiba.ceibaestacionamiento.persistencia.entidades.MovilEntity.facturasEntity#VBN-19]
2019-05-20 17:11:17.979 DEBUG 6380 --- [    Test worker] org.hibernate.SQL                        : SELECT COUNT(*) FROM factura WHERE mov_placa = ? AND fac_fecha_salida IS NULL
Hibernate: SELECT COUNT(*) FROM factura WHERE mov_placa = ? AND fac_fecha_salida IS NULL
2019-05-20 17:11:17.980 TRACE 6380 --- [    Test worker] o.h.type.descriptor.sql.BasicBinder      : binding parameter [1] as [VARCHAR] - [VBN-19]
2019-05-20 17:11:17.980 TRACE 6380 --- [    Test worker] o.h.type.descriptor.sql.BasicExtractor   : extracted value ([COUNT(*)] : [NUMERIC]) - [1]
2019-05-20 17:11:17.981 DEBUG 6380 --- [    Test worker] org.hibernate.SQL                        : SELECT * FROM factura WHERE mov_placa = ? AND fac_fecha_salida IS NULL
Hibernate: SELECT * FROM factura WHERE mov_placa = ? AND fac_fecha_salida IS NULL
2019-05-20 17:11:17.982 TRACE 6380 --- [    Test worker] o.h.type.descriptor.sql.BasicBinder      : binding parameter [1] as [VARCHAR] - [VBN-19]
2019-05-20 17:11:17.982 TRACE 6380 --- [    Test worker] o.h.type.descriptor.sql.BasicExtractor   : extracted value ([facId] : [INTEGER]) - [31]
2019-05-20 17:11:17.982 TRACE 6380 --- [    Test worker] o.h.type.descriptor.sql.BasicExtractor   : extracted value ([fac_fecha_ingreso] : [TIMESTAMP]) - [2019-05-20 17:11:16.693]
2019-05-20 17:11:17.982 TRACE 6380 --- [    Test worker] o.h.type.descriptor.sql.BasicExtractor   : extracted value ([fac_fecha_salida] : [TIMESTAMP]) - [null]
2019-05-20 17:11:17.982 TRACE 6380 --- [    Test worker] o.h.type.descriptor.sql.BasicExtractor   : extracted value ([fac_valor] : [DOUBLE]) - [0.0]
2019-05-20 17:11:17.982 TRACE 6380 --- [    Test worker] o.h.type.descriptor.sql.BasicExtractor   : extracted value ([mov_placa] : [VARCHAR]) - [VBN-19]
2019-05-20 17:11:17.982 DEBUG 6380 --- [    Test worker] org.hibernate.SQL                        : select movilentit0_.mov_placa as mov_plac1_2_0_, movilentit0_.mov_cilindraje as mov_cili2_2_0_, movilentit0_.mov_tipo_movil as mov_tipo3_2_0_ from movil movilentit0_ where movilentit0_.mov_placa=?
Hibernate: select movilentit0_.mov_placa as mov_plac1_2_0_, movilentit0_.mov_cilindraje as mov_cili2_2_0_, movilentit0_.mov_tipo_movil as mov_tipo3_2_0_ from movil movilentit0_ where movilentit0_.mov_placa=?
2019-05-20 17:11:17.982 TRACE 6380 --- [    Test worker] o.h.type.descriptor.sql.BasicBinder      : binding parameter [1] as [VARCHAR] - [VBN-19]
2019-05-20 17:11:17.982 TRACE 6380 --- [    Test worker] o.h.type.descriptor.sql.BasicExtractor   : extracted value ([mov_cili2_2_0_] : [DOUBLE]) - [-1.0]
2019-05-20 17:11:17.982 TRACE 6380 --- [    Test worker] o.h.type.descriptor.sql.BasicExtractor   : extracted value ([mov_tipo3_2_0_] : [VARCHAR]) - [CARRO]
2019-05-20 17:11:17.983 TRACE 6380 --- [    Test worker] org.hibernate.type.CollectionType        : Created collection wrapper: [co.com.ceiba.ceibaestacionamiento.persistencia.entidades.MovilEntity.facturasEntity#VBN-19]
2019-05-20 17:11:17.984 DEBUG 6380 --- [    Test worker] org.hibernate.SQL                        : SELECT * FROM costoestadia WHERE cos_tipo_movil = ? AND cos_tipo_pago = ? AND cos_tiempo_estadia = ?
Hibernate: SELECT * FROM costoestadia WHERE cos_tipo_movil = ? AND cos_tipo_pago = ? AND cos_tiempo_estadia = ?
2019-05-20 17:11:17.984 TRACE 6380 --- [    Test worker] o.h.type.descriptor.sql.BasicBinder      : binding parameter [1] as [VARCHAR] - [CARRO]
2019-05-20 17:11:17.984 TRACE 6380 --- [    Test worker] o.h.type.descriptor.sql.BasicBinder      : binding parameter [2] as [VARCHAR] - [NORMAL]
2019-05-20 17:11:17.984 TRACE 6380 --- [    Test worker] o.h.type.descriptor.sql.BasicBinder      : binding parameter [3] as [VARCHAR] - [DIA]
2019-05-20 17:11:17.984 TRACE 6380 --- [    Test worker] o.h.type.descriptor.sql.BasicExtractor   : extracted value ([cos_id] : [INTEGER]) - [1]
2019-05-20 17:11:17.984 TRACE 6380 --- [    Test worker] o.h.type.descriptor.sql.BasicExtractor   : extracted value ([cos_tiempo_estadia] : [VARCHAR]) - [DIA]
2019-05-20 17:11:17.984 TRACE 6380 --- [    Test worker] o.h.type.descriptor.sql.BasicExtractor   : extracted value ([cos_tipo_movil] : [VARCHAR]) - [CARRO]
2019-05-20 17:11:17.985 TRACE 6380 --- [    Test worker] o.h.type.descriptor.sql.BasicExtractor   : extracted value ([cos_tipo_pago] : [VARCHAR]) - [NORMAL]
2019-05-20 17:11:17.985 TRACE 6380 --- [    Test worker] o.h.type.descriptor.sql.BasicExtractor   : extracted value ([cos_valor] : [DOUBLE]) - [8000.0]
2019-05-20 17:11:17.986 DEBUG 6380 --- [    Test worker] org.hibernate.SQL                        : SELECT * FROM costoestadia WHERE cos_tipo_movil = ? AND cos_tipo_pago = ? AND cos_tiempo_estadia = ?
Hibernate: SELECT * FROM costoestadia WHERE cos_tipo_movil = ? AND cos_tipo_pago = ? AND cos_tiempo_estadia = ?
2019-05-20 17:11:17.986 TRACE 6380 --- [    Test worker] o.h.type.descriptor.sql.BasicBinder      : binding parameter [1] as [VARCHAR] - [CARRO]
2019-05-20 17:11:17.986 TRACE 6380 --- [    Test worker] o.h.type.descriptor.sql.BasicBinder      : binding parameter [2] as [VARCHAR] - [NORMAL]
2019-05-20 17:11:17.986 TRACE 6380 --- [    Test worker] o.h.type.descriptor.sql.BasicBinder      : binding parameter [3] as [VARCHAR] - [HORA]
2019-05-20 17:11:17.987 TRACE 6380 --- [    Test worker] o.h.type.descriptor.sql.BasicExtractor   : extracted value ([cos_id] : [INTEGER]) - [2]
2019-05-20 17:11:17.987 TRACE 6380 --- [    Test worker] o.h.type.descriptor.sql.BasicExtractor   : extracted value ([cos_tiempo_estadia] : [VARCHAR]) - [HORA]
2019-05-20 17:11:17.987 TRACE 6380 --- [    Test worker] o.h.type.descriptor.sql.BasicExtractor   : extracted value ([cos_tipo_movil] : [VARCHAR]) - [CARRO]
2019-05-20 17:11:17.987 TRACE 6380 --- [    Test worker] o.h.type.descriptor.sql.BasicExtractor   : extracted value ([cos_tipo_pago] : [VARCHAR]) - [NORMAL]
2019-05-20 17:11:17.987 TRACE 6380 --- [    Test worker] o.h.type.descriptor.sql.BasicExtractor   : extracted value ([cos_valor] : [DOUBLE]) - [1000.0]
2019-05-20 17:11:17.988 DEBUG 6380 --- [    Test worker] org.hibernate.SQL                        : SELECT * FROM factura WHERE mov_placa = ? AND fac_fecha_salida IS NULL
Hibernate: SELECT * FROM factura WHERE mov_placa = ? AND fac_fecha_salida IS NULL
2019-05-20 17:11:17.989 TRACE 6380 --- [    Test worker] o.h.type.descriptor.sql.BasicBinder      : binding parameter [1] as [VARCHAR] - [VBN-19]
2019-05-20 17:11:17.989 TRACE 6380 --- [    Test worker] o.h.type.descriptor.sql.BasicExtractor   : extracted value ([facId] : [INTEGER]) - [31]
2019-05-20 17:11:17.989 TRACE 6380 --- [    Test worker] o.h.type.descriptor.sql.BasicExtractor   : extracted value ([fac_fecha_ingreso] : [TIMESTAMP]) - [2019-05-20 17:11:16.693]
2019-05-20 17:11:17.989 TRACE 6380 --- [    Test worker] o.h.type.descriptor.sql.BasicExtractor   : extracted value ([fac_fecha_salida] : [TIMESTAMP]) - [null]
2019-05-20 17:11:17.989 TRACE 6380 --- [    Test worker] o.h.type.descriptor.sql.BasicExtractor   : extracted value ([fac_valor] : [DOUBLE]) - [0.0]
2019-05-20 17:11:17.989 TRACE 6380 --- [    Test worker] o.h.type.descriptor.sql.BasicExtractor   : extracted value ([mov_placa] : [VARCHAR]) - [VBN-19]
2019-05-20 17:11:17.989 DEBUG 6380 --- [    Test worker] org.hibernate.SQL                        : select movilentit0_.mov_placa as mov_plac1_2_0_, movilentit0_.mov_cilindraje as mov_cili2_2_0_, movilentit0_.mov_tipo_movil as mov_tipo3_2_0_ from movil movilentit0_ where movilentit0_.mov_placa=?
Hibernate: select movilentit0_.mov_placa as mov_plac1_2_0_, movilentit0_.mov_cilindraje as mov_cili2_2_0_, movilentit0_.mov_tipo_movil as mov_tipo3_2_0_ from movil movilentit0_ where movilentit0_.mov_placa=?
2019-05-20 17:11:17.989 TRACE 6380 --- [    Test worker] o.h.type.descriptor.sql.BasicBinder      : binding parameter [1] as [VARCHAR] - [VBN-19]
2019-05-20 17:11:17.990 TRACE 6380 --- [    Test worker] o.h.type.descriptor.sql.BasicExtractor   : extracted value ([mov_cili2_2_0_] : [DOUBLE]) - [-1.0]
2019-05-20 17:11:17.990 TRACE 6380 --- [    Test worker] o.h.type.descriptor.sql.BasicExtractor   : extracted value ([mov_tipo3_2_0_] : [VARCHAR]) - [CARRO]
2019-05-20 17:11:17.990 TRACE 6380 --- [    Test worker] org.hibernate.type.CollectionType        : Created collection wrapper: [co.com.ceiba.ceibaestacionamiento.persistencia.entidades.MovilEntity.facturasEntity#VBN-19]
2019-05-20 17:11:17.991 DEBUG 6380 --- [    Test worker] org.hibernate.SQL                        : select facturaent0_.facId as facId1_1_0_, facturaent0_.fac_fecha_ingreso as fac_fech2_1_0_, facturaent0_.fac_fecha_salida as fac_fech3_1_0_, facturaent0_.fac_valor as fac_valo4_1_0_, facturaent0_.mov_placa as mov_plac5_1_0_ from factura facturaent0_ where facturaent0_.facId=?
Hibernate: select facturaent0_.facId as facId1_1_0_, facturaent0_.fac_fecha_ingreso as fac_fech2_1_0_, facturaent0_.fac_fecha_salida as fac_fech3_1_0_, facturaent0_.fac_valor as fac_valo4_1_0_, facturaent0_.mov_placa as mov_plac5_1_0_ from factura facturaent0_ where facturaent0_.facId=?
2019-05-20 17:11:17.991 TRACE 6380 --- [    Test worker] o.h.type.descriptor.sql.BasicBinder      : binding parameter [1] as [INTEGER] - [31]
2019-05-20 17:11:17.991 TRACE 6380 --- [    Test worker] o.h.type.descriptor.sql.BasicExtractor   : extracted value ([fac_fech2_1_0_] : [TIMESTAMP]) - [2019-05-20 17:11:16.693]
2019-05-20 17:11:17.991 TRACE 6380 --- [    Test worker] o.h.type.descriptor.sql.BasicExtractor   : extracted value ([fac_fech3_1_0_] : [TIMESTAMP]) - [null]
2019-05-20 17:11:17.992 TRACE 6380 --- [    Test worker] o.h.type.descriptor.sql.BasicExtractor   : extracted value ([fac_valo4_1_0_] : [DOUBLE]) - [0.0]
2019-05-20 17:11:17.992 TRACE 6380 --- [    Test worker] o.h.type.descriptor.sql.BasicExtractor   : extracted value ([mov_plac5_1_0_] : [VARCHAR]) - [VBN-19]
2019-05-20 17:11:17.992 DEBUG 6380 --- [    Test worker] org.hibernate.SQL                        : select movilentit0_.mov_placa as mov_plac1_2_1_, movilentit0_.mov_cilindraje as mov_cili2_2_1_, movilentit0_.mov_tipo_movil as mov_tipo3_2_1_, facturasen1_.mov_placa as mov_plac5_1_3_, facturasen1_.facId as facId1_1_3_, facturasen1_.facId as facId1_1_0_, facturasen1_.fac_fecha_ingreso as fac_fech2_1_0_, facturasen1_.fac_fecha_salida as fac_fech3_1_0_, facturasen1_.fac_valor as fac_valo4_1_0_, facturasen1_.mov_placa as mov_plac5_1_0_ from movil movilentit0_ left outer join factura facturasen1_ on movilentit0_.mov_placa=facturasen1_.mov_placa where movilentit0_.mov_placa=?
Hibernate: select movilentit0_.mov_placa as mov_plac1_2_1_, movilentit0_.mov_cilindraje as mov_cili2_2_1_, movilentit0_.mov_tipo_movil as mov_tipo3_2_1_, facturasen1_.mov_placa as mov_plac5_1_3_, facturasen1_.facId as facId1_1_3_, facturasen1_.facId as facId1_1_0_, facturasen1_.fac_fecha_ingreso as fac_fech2_1_0_, facturasen1_.fac_fecha_salida as fac_fech3_1_0_, facturasen1_.fac_valor as fac_valo4_1_0_, facturasen1_.mov_placa as mov_plac5_1_0_ from movil movilentit0_ left outer join factura facturasen1_ on movilentit0_.mov_placa=facturasen1_.mov_placa where movilentit0_.mov_placa=?
2019-05-20 17:11:17.992 TRACE 6380 --- [    Test worker] o.h.type.descriptor.sql.BasicBinder      : binding parameter [1] as [VARCHAR] - [VBN-19]
2019-05-20 17:11:17.992 TRACE 6380 --- [    Test worker] o.h.type.descriptor.sql.BasicExtractor   : extracted value ([facId1_1_0_] : [INTEGER]) - [31]
2019-05-20 17:11:17.992 TRACE 6380 --- [    Test worker] o.h.type.descriptor.sql.BasicExtractor   : extracted value ([mov_cili2_2_1_] : [DOUBLE]) - [-1.0]
2019-05-20 17:11:17.992 TRACE 6380 --- [    Test worker] o.h.type.descriptor.sql.BasicExtractor   : extracted value ([mov_tipo3_2_1_] : [VARCHAR]) - [CARRO]
2019-05-20 17:11:17.992 TRACE 6380 --- [    Test worker] o.h.type.descriptor.sql.BasicExtractor   : extracted value ([mov_plac5_1_3_] : [VARCHAR]) - [VBN-19]
2019-05-20 17:11:17.993 TRACE 6380 --- [    Test worker] o.h.type.descriptor.sql.BasicExtractor   : extracted value ([facId1_1_3_] : [INTEGER]) - [31]
2019-05-20 17:11:17.994 DEBUG 6380 --- [    Test worker] org.hibernate.SQL                        : update factura set fac_fecha_ingreso=?, fac_fecha_salida=?, fac_valor=?, mov_placa=? where facId=?
Hibernate: update factura set fac_fecha_ingreso=?, fac_fecha_salida=?, fac_valor=?, mov_placa=? where facId=?
2019-05-20 17:11:17.994 TRACE 6380 --- [    Test worker] o.h.type.descriptor.sql.BasicBinder      : binding parameter [1] as [TIMESTAMP] - [2019-05-20 17:11:16.693]
2019-05-20 17:11:17.994 TRACE 6380 --- [    Test worker] o.h.type.descriptor.sql.BasicBinder      : binding parameter [2] as [TIMESTAMP] - [Mon May 20 17:11:17 COT 2019]
2019-05-20 17:11:17.994 TRACE 6380 --- [    Test worker] o.h.type.descriptor.sql.BasicBinder      : binding parameter [3] as [DOUBLE] - [1000.0]
2019-05-20 17:11:17.994 TRACE 6380 --- [    Test worker] o.h.type.descriptor.sql.BasicBinder      : binding parameter [4] as [VARCHAR] - [VBN-19]
2019-05-20 17:11:17.995 TRACE 6380 --- [    Test worker] o.h.type.descriptor.sql.BasicBinder      : binding parameter [5] as [INTEGER] - [31]
2019-05-20 17:11:17.996 DEBUG 6380 --- [    Test worker] org.hibernate.SQL                        : SELECT COUNT(*) FROM factura JOIN movil ON factura.mov_placa = movil.mov_placa WHERE movil.mov_tipo_movil = ? AND factura.fac_fecha_salida IS NULL
Hibernate: SELECT COUNT(*) FROM factura JOIN movil ON factura.mov_placa = movil.mov_placa WHERE movil.mov_tipo_movil = ? AND factura.fac_fecha_salida IS NULL
2019-05-20 17:11:17.997 TRACE 6380 --- [    Test worker] o.h.type.descriptor.sql.BasicBinder      : binding parameter [1] as [VARCHAR] - [CARRO]
2019-05-20 17:11:17.998 TRACE 6380 --- [    Test worker] o.h.type.descriptor.sql.BasicExtractor   : extracted value ([COUNT(*)] : [NUMERIC]) - [0]
2019-05-20 17:11:18.002 DEBUG 6380 --- [    Test worker] org.hibernate.SQL                        : SELECT * FROM costoestadia WHERE cos_tipo_movil = ? AND cos_tipo_pago = ? AND cos_tiempo_estadia = ?
Hibernate: SELECT * FROM costoestadia WHERE cos_tipo_movil = ? AND cos_tipo_pago = ? AND cos_tiempo_estadia = ?
2019-05-20 17:11:18.003 TRACE 6380 --- [    Test worker] o.h.type.descriptor.sql.BasicBinder      : binding parameter [1] as [VARCHAR] - [CARRO]
2019-05-20 17:11:18.003 TRACE 6380 --- [    Test worker] o.h.type.descriptor.sql.BasicBinder      : binding parameter [2] as [VARCHAR] - [NORMAL]
2019-05-20 17:11:18.003 TRACE 6380 --- [    Test worker] o.h.type.descriptor.sql.BasicBinder      : binding parameter [3] as [VARCHAR] - [HORA]
2019-05-20 17:11:18.003 TRACE 6380 --- [    Test worker] o.h.type.descriptor.sql.BasicExtractor   : extracted value ([cos_id] : [INTEGER]) - [2]
2019-05-20 17:11:18.003 TRACE 6380 --- [    Test worker] o.h.type.descriptor.sql.BasicExtractor   : extracted value ([cos_tiempo_estadia] : [VARCHAR]) - [HORA]
2019-05-20 17:11:18.003 TRACE 6380 --- [    Test worker] o.h.type.descriptor.sql.BasicExtractor   : extracted value ([cos_tipo_movil] : [VARCHAR]) - [CARRO]
2019-05-20 17:11:18.003 TRACE 6380 --- [    Test worker] o.h.type.descriptor.sql.BasicExtractor   : extracted value ([cos_tipo_pago] : [VARCHAR]) - [NORMAL]
2019-05-20 17:11:18.003 TRACE 6380 --- [    Test worker] o.h.type.descriptor.sql.BasicExtractor   : extracted value ([cos_valor] : [DOUBLE]) - [1000.0]
2019-05-20 17:11:18.009 DEBUG 6380 --- [    Test worker] org.hibernate.SQL                        : SELECT * FROM costoestadia WHERE cos_tipo_movil = ? AND cos_tipo_pago = ? AND cos_tiempo_estadia = ?
Hibernate: SELECT * FROM costoestadia WHERE cos_tipo_movil = ? AND cos_tipo_pago = ? AND cos_tiempo_estadia = ?
2019-05-20 17:11:18.009 TRACE 6380 --- [    Test worker] o.h.type.descriptor.sql.BasicBinder      : binding parameter [1] as [VARCHAR] - [MOTO]
2019-05-20 17:11:18.009 TRACE 6380 --- [    Test worker] o.h.type.descriptor.sql.BasicBinder      : binding parameter [2] as [VARCHAR] - [EXTENDIDO]
2019-05-20 17:11:18.009 TRACE 6380 --- [    Test worker] o.h.type.descriptor.sql.BasicBinder      : binding parameter [3] as [VARCHAR] - [NO_APLICA]
2019-05-20 17:11:18.009 TRACE 6380 --- [    Test worker] o.h.type.descriptor.sql.BasicExtractor   : extracted value ([cos_id] : [INTEGER]) - [5]
2019-05-20 17:11:18.010 TRACE 6380 --- [    Test worker] o.h.type.descriptor.sql.BasicExtractor   : extracted value ([cos_tiempo_estadia] : [VARCHAR]) - [NO_APLICA]
2019-05-20 17:11:18.010 TRACE 6380 --- [    Test worker] o.h.type.descriptor.sql.BasicExtractor   : extracted value ([cos_tipo_movil] : [VARCHAR]) - [MOTO]
2019-05-20 17:11:18.010 TRACE 6380 --- [    Test worker] o.h.type.descriptor.sql.BasicExtractor   : extracted value ([cos_tipo_pago] : [VARCHAR]) - [EXTENDIDO]
2019-05-20 17:11:18.010 TRACE 6380 --- [    Test worker] o.h.type.descriptor.sql.BasicExtractor   : extracted value ([cos_valor] : [DOUBLE]) - [2000.0]
2019-05-20 17:11:18.015 DEBUG 6380 --- [    Test worker] org.hibernate.SQL                        : SELECT * FROM costoestadia WHERE cos_tipo_movil = ? AND cos_tipo_pago = ? AND cos_tiempo_estadia = ?
Hibernate: SELECT * FROM costoestadia WHERE cos_tipo_movil = ? AND cos_tipo_pago = ? AND cos_tiempo_estadia = ?
2019-05-20 17:11:18.015 TRACE 6380 --- [    Test worker] o.h.type.descriptor.sql.BasicBinder      : binding parameter [1] as [VARCHAR] - [CARRO]
2019-05-20 17:11:18.015 TRACE 6380 --- [    Test worker] o.h.type.descriptor.sql.BasicBinder      : binding parameter [2] as [VARCHAR] - [NORMAL]
2019-05-20 17:11:18.015 TRACE 6380 --- [    Test worker] o.h.type.descriptor.sql.BasicBinder      : binding parameter [3] as [VARCHAR] - [DIA]
2019-05-20 17:11:18.015 TRACE 6380 --- [    Test worker] o.h.type.descriptor.sql.BasicExtractor   : extracted value ([cos_id] : [INTEGER]) - [1]
2019-05-20 17:11:18.016 TRACE 6380 --- [    Test worker] o.h.type.descriptor.sql.BasicExtractor   : extracted value ([cos_tiempo_estadia] : [VARCHAR]) - [DIA]
2019-05-20 17:11:18.016 TRACE 6380 --- [    Test worker] o.h.type.descriptor.sql.BasicExtractor   : extracted value ([cos_tipo_movil] : [VARCHAR]) - [CARRO]
2019-05-20 17:11:18.016 TRACE 6380 --- [    Test worker] o.h.type.descriptor.sql.BasicExtractor   : extracted value ([cos_tipo_pago] : [VARCHAR]) - [NORMAL]
2019-05-20 17:11:18.016 TRACE 6380 --- [    Test worker] o.h.type.descriptor.sql.BasicExtractor   : extracted value ([cos_valor] : [DOUBLE]) - [8000.0]
2019-05-20 17:11:18.021 DEBUG 6380 --- [    Test worker] org.hibernate.SQL                        : SELECT * FROM costoestadia WHERE cos_tipo_movil = ? AND cos_tipo_pago = ? AND cos_tiempo_estadia = ?
Hibernate: SELECT * FROM costoestadia WHERE cos_tipo_movil = ? AND cos_tipo_pago = ? AND cos_tiempo_estadia = ?
2019-05-20 17:11:18.022 TRACE 6380 --- [    Test worker] o.h.type.descriptor.sql.BasicBinder      : binding parameter [1] as [VARCHAR] - [MOTO]
2019-05-20 17:11:18.022 TRACE 6380 --- [    Test worker] o.h.type.descriptor.sql.BasicBinder      : binding parameter [2] as [VARCHAR] - [NORMAL]
2019-05-20 17:11:18.022 TRACE 6380 --- [    Test worker] o.h.type.descriptor.sql.BasicBinder      : binding parameter [3] as [VARCHAR] - [DIA]
2019-05-20 17:11:18.022 TRACE 6380 --- [    Test worker] o.h.type.descriptor.sql.BasicExtractor   : extracted value ([cos_id] : [INTEGER]) - [3]
2019-05-20 17:11:18.022 TRACE 6380 --- [    Test worker] o.h.type.descriptor.sql.BasicExtractor   : extracted value ([cos_tiempo_estadia] : [VARCHAR]) - [DIA]
2019-05-20 17:11:18.022 TRACE 6380 --- [    Test worker] o.h.type.descriptor.sql.BasicExtractor   : extracted value ([cos_tipo_movil] : [VARCHAR]) - [MOTO]
2019-05-20 17:11:18.022 TRACE 6380 --- [    Test worker] o.h.type.descriptor.sql.BasicExtractor   : extracted value ([cos_tipo_pago] : [VARCHAR]) - [NORMAL]
2019-05-20 17:11:18.022 TRACE 6380 --- [    Test worker] o.h.type.descriptor.sql.BasicExtractor   : extracted value ([cos_valor] : [DOUBLE]) - [4000.0]
2019-05-20 17:11:18.028 DEBUG 6380 --- [    Test worker] org.hibernate.SQL                        : SELECT * FROM costoestadia WHERE cos_tipo_movil = ? AND cos_tipo_pago = ? AND cos_tiempo_estadia = ?
Hibernate: SELECT * FROM costoestadia WHERE cos_tipo_movil = ? AND cos_tipo_pago = ? AND cos_tiempo_estadia = ?
2019-05-20 17:11:18.029 TRACE 6380 --- [    Test worker] o.h.type.descriptor.sql.BasicBinder      : binding parameter [1] as [VARCHAR] - [MOTO]
2019-05-20 17:11:18.029 TRACE 6380 --- [    Test worker] o.h.type.descriptor.sql.BasicBinder      : binding parameter [2] as [VARCHAR] - [NORMAL]
2019-05-20 17:11:18.029 TRACE 6380 --- [    Test worker] o.h.type.descriptor.sql.BasicBinder      : binding parameter [3] as [VARCHAR] - [HORA]
2019-05-20 17:11:18.029 TRACE 6380 --- [    Test worker] o.h.type.descriptor.sql.BasicExtractor   : extracted value ([cos_id] : [INTEGER]) - [4]
2019-05-20 17:11:18.030 TRACE 6380 --- [    Test worker] o.h.type.descriptor.sql.BasicExtractor   : extracted value ([cos_tiempo_estadia] : [VARCHAR]) - [HORA]
2019-05-20 17:11:18.030 TRACE 6380 --- [    Test worker] o.h.type.descriptor.sql.BasicExtractor   : extracted value ([cos_tipo_movil] : [VARCHAR]) - [MOTO]
2019-05-20 17:11:18.030 TRACE 6380 --- [    Test worker] o.h.type.descriptor.sql.BasicExtractor   : extracted value ([cos_tipo_pago] : [VARCHAR]) - [NORMAL]
2019-05-20 17:11:18.030 TRACE 6380 --- [    Test worker] o.h.type.descriptor.sql.BasicExtractor   : extracted value ([cos_valor] : [DOUBLE]) - [500.0]
]]></system-out>
  <system-err><![CDATA[]]></system-err>
</testsuite>
