<?xml version="1.0" encoding="UTF-8"?>
<testsuite name="co.com.ceiba.ceibaestacionamiento.unitarias.FacturaTest" tests="12" skipped="0" failures="0" errors="0" timestamp="2019-05-17T19:03:21" hostname="NANCY-YANZA" time="0.442">
  <properties/>
  <testcase name="cobroCarroUnDiaTresHorasTest" classname="co.com.ceiba.ceibaestacionamiento.unitarias.FacturaTest" time="0.281"/>
  <testcase name="cobroDiaCarroTest" classname="co.com.ceiba.ceibaestacionamiento.unitarias.FacturaTest" time="0.007"/>
  <testcase name="noHayEspacioParaMotoTest" classname="co.com.ceiba.ceibaestacionamiento.unitarias.FacturaTest" time="0.007"/>
  <testcase name="cobroMotoDiezHoras650CCTest" classname="co.com.ceiba.ceibaestacionamiento.unitarias.FacturaTest" time="0.007"/>
  <testcase name="registroMotoExitosoTest" classname="co.com.ceiba.ceibaestacionamiento.unitarias.FacturaTest" time="0.005"/>
  <testcase name="registroCarroExitosoTest" classname="co.com.ceiba.ceibaestacionamiento.unitarias.FacturaTest" time="0.009"/>
  <testcase name="cobroHoraMotoTest" classname="co.com.ceiba.ceibaestacionamiento.unitarias.FacturaTest" time="0.007"/>
  <testcase name="cobroHoraCarroTest" classname="co.com.ceiba.ceibaestacionamiento.unitarias.FacturaTest" time="0.005"/>
  <testcase name="noHayEspacioParaCarroTest" classname="co.com.ceiba.ceibaestacionamiento.unitarias.FacturaTest" time="0.005"/>
  <testcase name="cobroDiaMotoTest" classname="co.com.ceiba.ceibaestacionamiento.unitarias.FacturaTest" time="0.007"/>
  <testcase name="noIngresaEnDiaPermitidoTest" classname="co.com.ceiba.ceibaestacionamiento.unitarias.FacturaTest" time="0.085"/>
  <testcase name="cobroExtendidoMoto500Test" classname="co.com.ceiba.ceibaestacionamiento.unitarias.FacturaTest" time="0.007"/>
  <system-out><![CDATA[2019-05-17 14:03:21.255  INFO 16840 --- [    Test worker] o.s.t.c.s.DefaultTestContextBootstrapper : Neither @ContextConfiguration nor @ContextHierarchy found for test class [co.com.ceiba.ceibaestacionamiento.unitarias.FacturaTest], using DelegatingSmartContextLoader
2019-05-17 14:03:21.259  INFO 16840 --- [    Test worker] o.s.t.c.support.AbstractContextLoader    : Could not detect default resource locations for test class [co.com.ceiba.ceibaestacionamiento.unitarias.FacturaTest]: no resource found for suffixes {-context.xml}.
2019-05-17 14:03:21.259  INFO 16840 --- [    Test worker] t.c.s.AnnotationConfigContextLoaderUtils : Could not detect default configuration classes for test class [co.com.ceiba.ceibaestacionamiento.unitarias.FacturaTest]: FacturaTest does not declare any static, non-private, non-final, nested classes annotated with @Configuration.
2019-05-17 14:03:21.263  INFO 16840 --- [    Test worker] o.s.t.c.s.DefaultTestContextBootstrapper : Loaded default TestExecutionListener class names from location [META-INF/spring.factories]: [org.springframework.boot.test.autoconfigure.restdocs.RestDocsTestExecutionListener, org.springframework.boot.test.autoconfigure.web.client.MockRestServiceServerResetTestExecutionListener, org.springframework.boot.test.autoconfigure.web.servlet.MockMvcPrintOnlyOnFailureTestExecutionListener, org.springframework.boot.test.autoconfigure.web.servlet.WebDriverTestExecutionListener, org.springframework.boot.test.mock.mockito.MockitoTestExecutionListener, org.springframework.boot.test.mock.mockito.ResetMocksTestExecutionListener, org.springframework.test.context.web.ServletTestExecutionListener, org.springframework.test.context.support.DirtiesContextBeforeModesTestExecutionListener, org.springframework.test.context.support.DependencyInjectionTestExecutionListener, org.springframework.test.context.support.DirtiesContextTestExecutionListener, org.springframework.test.context.transaction.TransactionalTestExecutionListener, org.springframework.test.context.jdbc.SqlScriptsTestExecutionListener]
2019-05-17 14:03:21.263  INFO 16840 --- [    Test worker] o.s.t.c.s.DefaultTestContextBootstrapper : Using TestExecutionListeners: [org.springframework.test.context.web.ServletTestExecutionListener@366df515, org.springframework.test.context.support.DirtiesContextBeforeModesTestExecutionListener@3aba4f8e, org.springframework.boot.test.mock.mockito.MockitoTestExecutionListener@76fa5ffa, org.springframework.test.context.support.DependencyInjectionTestExecutionListener@75a3eded, org.springframework.test.context.support.DirtiesContextTestExecutionListener@2c3f7b11, org.springframework.test.context.transaction.TransactionalTestExecutionListener@44918727, org.springframework.test.context.jdbc.SqlScriptsTestExecutionListener@603005c0, org.springframework.boot.test.autoconfigure.restdocs.RestDocsTestExecutionListener@a9650ae, org.springframework.boot.test.autoconfigure.web.client.MockRestServiceServerResetTestExecutionListener@5da6551e, org.springframework.boot.test.autoconfigure.web.servlet.MockMvcPrintOnlyOnFailureTestExecutionListener@15c64932, org.springframework.boot.test.autoconfigure.web.servlet.WebDriverTestExecutionListener@75b8404f, org.springframework.boot.test.mock.mockito.ResetMocksTestExecutionListener@4d936d76]
]]></system-out>
  <system-err><![CDATA[]]></system-err>
</testsuite>
