<?xml version="1.0" encoding="UTF-8"?>
<testsuite name="co.com.ceiba.ceibaestacionamiento.CeibaEstacionamientoApplicationTests" tests="1" skipped="0" failures="0" errors="0" timestamp="2019-05-17T19:03:16" hostname="NANCY-YANZA" time="0.171">
  <properties/>
  <testcase name="whenValidName_thenEmployeeShouldBeFound" classname="co.com.ceiba.ceibaestacionamiento.CeibaEstacionamientoApplicationTests" time="0.171"/>
  <system-out><![CDATA[14:03:06.720 [Test worker] DEBUG org.springframework.test.context.junit4.SpringJUnit4ClassRunner - SpringJUnit4ClassRunner constructor called with [class co.com.ceiba.ceibaestacionamiento.CeibaEstacionamientoApplicationTests]
14:03:06.740 [Test worker] DEBUG org.springframework.test.context.BootstrapUtils - Instantiating CacheAwareContextLoaderDelegate from class [org.springframework.test.context.cache.DefaultCacheAwareContextLoaderDelegate]
14:03:06.768 [Test worker] DEBUG org.springframework.test.context.BootstrapUtils - Instantiating BootstrapContext using constructor [public org.springframework.test.context.support.DefaultBootstrapContext(java.lang.Class,org.springframework.test.context.CacheAwareContextLoaderDelegate)]
14:03:06.812 [Test worker] DEBUG org.springframework.test.context.BootstrapUtils - Instantiating TestContextBootstrapper for test class [co.com.ceiba.ceibaestacionamiento.CeibaEstacionamientoApplicationTests] from class [org.springframework.boot.test.context.SpringBootTestContextBootstrapper]
14:03:06.840 [Test worker] INFO org.springframework.boot.test.context.SpringBootTestContextBootstrapper - Neither @ContextConfiguration nor @ContextHierarchy found for test class [co.com.ceiba.ceibaestacionamiento.CeibaEstacionamientoApplicationTests], using SpringBootContextLoader
14:03:06.848 [Test worker] DEBUG org.springframework.test.context.support.AbstractContextLoader - Did not detect default resource location for test class [co.com.ceiba.ceibaestacionamiento.CeibaEstacionamientoApplicationTests]: class path resource [co/com/ceiba/ceibaestacionamiento/CeibaEstacionamientoApplicationTests-context.xml] does not exist
14:03:06.848 [Test worker] DEBUG org.springframework.test.context.support.AbstractContextLoader - Did not detect default resource location for test class [co.com.ceiba.ceibaestacionamiento.CeibaEstacionamientoApplicationTests]: class path resource [co/com/ceiba/ceibaestacionamiento/CeibaEstacionamientoApplicationTestsContext.groovy] does not exist
14:03:06.848 [Test worker] INFO org.springframework.test.context.support.AbstractContextLoader - Could not detect default resource locations for test class [co.com.ceiba.ceibaestacionamiento.CeibaEstacionamientoApplicationTests]: no resource found for suffixes {-context.xml, Context.groovy}.
14:03:07.256 [Test worker] DEBUG org.springframework.boot.test.context.SpringBootTestContextBootstrapper - @TestExecutionListeners is not present for class [co.com.ceiba.ceibaestacionamiento.CeibaEstacionamientoApplicationTests]: using defaults.
14:03:07.260 [Test worker] INFO org.springframework.boot.test.context.SpringBootTestContextBootstrapper - Loaded default TestExecutionListener class names from location [META-INF/spring.factories]: [org.springframework.boot.test.autoconfigure.restdocs.RestDocsTestExecutionListener, org.springframework.boot.test.autoconfigure.web.client.MockRestServiceServerResetTestExecutionListener, org.springframework.boot.test.autoconfigure.web.servlet.MockMvcPrintOnlyOnFailureTestExecutionListener, org.springframework.boot.test.autoconfigure.web.servlet.WebDriverTestExecutionListener, org.springframework.boot.test.mock.mockito.MockitoTestExecutionListener, org.springframework.boot.test.mock.mockito.ResetMocksTestExecutionListener, org.springframework.test.context.web.ServletTestExecutionListener, org.springframework.test.context.support.DirtiesContextBeforeModesTestExecutionListener, org.springframework.test.context.support.DependencyInjectionTestExecutionListener, org.springframework.test.context.support.DirtiesContextTestExecutionListener, org.springframework.test.context.transaction.TransactionalTestExecutionListener, org.springframework.test.context.jdbc.SqlScriptsTestExecutionListener]
14:03:07.300 [Test worker] INFO org.springframework.boot.test.context.SpringBootTestContextBootstrapper - Using TestExecutionListeners: [org.springframework.test.context.web.ServletTestExecutionListener@69bd56da, org.springframework.test.context.support.DirtiesContextBeforeModesTestExecutionListener@2ea80329, org.springframework.boot.test.mock.mockito.MockitoTestExecutionListener@2953f328, org.springframework.boot.test.autoconfigure.SpringBootDependencyInjectionTestExecutionListener@2f9b66b4, org.springframework.test.context.support.DirtiesContextTestExecutionListener@2c13ee1b, org.springframework.test.context.transaction.TransactionalTestExecutionListener@424c01fb, org.springframework.test.context.jdbc.SqlScriptsTestExecutionListener@74307029, org.springframework.boot.test.autoconfigure.restdocs.RestDocsTestExecutionListener@6a06dd, org.springframework.boot.test.autoconfigure.web.client.MockRestServiceServerResetTestExecutionListener@333a53fd, org.springframework.boot.test.autoconfigure.web.servlet.MockMvcPrintOnlyOnFailureTestExecutionListener@115bcfb8, org.springframework.boot.test.autoconfigure.web.servlet.WebDriverTestExecutionListener@669d4482, org.springframework.boot.test.mock.mockito.ResetMocksTestExecutionListener@3691fa62]
14:03:07.304 [Test worker] DEBUG org.springframework.test.annotation.ProfileValueUtils - Retrieved @ProfileValueSourceConfiguration [null] for test class [co.com.ceiba.ceibaestacionamiento.CeibaEstacionamientoApplicationTests]
14:03:07.308 [Test worker] DEBUG org.springframework.test.annotation.ProfileValueUtils - Retrieved ProfileValueSource type [class org.springframework.test.annotation.SystemProfileValueSource] for class [co.com.ceiba.ceibaestacionamiento.CeibaEstacionamientoApplicationTests]
14:03:07.308 [Test worker] DEBUG org.springframework.test.annotation.ProfileValueUtils - Retrieved @ProfileValueSourceConfiguration [null] for test class [co.com.ceiba.ceibaestacionamiento.CeibaEstacionamientoApplicationTests]
14:03:07.308 [Test worker] DEBUG org.springframework.test.annotation.ProfileValueUtils - Retrieved ProfileValueSource type [class org.springframework.test.annotation.SystemProfileValueSource] for class [co.com.ceiba.ceibaestacionamiento.CeibaEstacionamientoApplicationTests]
14:03:07.320 [Test worker] DEBUG org.springframework.test.context.support.AbstractDirtiesContextTestExecutionListener - Before test class: context [DefaultTestContext@a31d0b7 testClass = CeibaEstacionamientoApplicationTests, testInstance = [null], testMethod = [null], testException = [null], mergedContextConfiguration = [WebMergedContextConfiguration@23ebd540 testClass = CeibaEstacionamientoApplicationTests, locations = '{}', classes = '{class co.com.ceiba.ceibaestacionamiento.CeibaEstacionamientoApplication, class co.com.ceiba.ceibaestacionamiento.dbconfiguracion.H2JpaConfig, class co.com.ceiba.ceibaestacionamiento.CeibaEstacionamientoApplication, class co.com.ceiba.ceibaestacionamiento.dbconfiguracion.H2JpaConfig}', contextInitializerClasses = '[]', activeProfiles = '{test}', propertySourceLocations = '{}', propertySourceProperties = '{org.springframework.boot.test.context.SpringBootTestContextBootstrapper=true}', contextCustomizers = set[org.springframework.boot.test.autoconfigure.properties.PropertyMappingContextCustomizer@0, org.springframework.boot.test.autoconfigure.web.servlet.WebDriverContextCustomizerFactory$Customizer@405bea0b, org.springframework.boot.test.context.filter.ExcludeFilterContextCustomizer@757a33b5, org.springframework.boot.test.json.DuplicateJsonObjectContextCustomizerFactory$DuplicateJsonObjectContextCustomizer@2b283817, org.springframework.boot.test.mock.mockito.MockitoContextCustomizer@0, org.springframework.boot.test.web.client.TestRestTemplateContextCustomizer@451e56c5], resourceBasePath = 'src/main/webapp', contextLoader = 'org.springframework.boot.test.context.SpringBootContextLoader', parent = [null]], attributes = map['org.springframework.test.context.web.ServletTestExecutionListener.activateListener' -> true]], class annotated with @DirtiesContext [false] with mode [null].
14:03:07.320 [Test worker] DEBUG org.springframework.test.annotation.ProfileValueUtils - Retrieved @ProfileValueSourceConfiguration [null] for test class [co.com.ceiba.ceibaestacionamiento.CeibaEstacionamientoApplicationTests]
14:03:07.320 [Test worker] DEBUG org.springframework.test.annotation.ProfileValueUtils - Retrieved ProfileValueSource type [class org.springframework.test.annotation.SystemProfileValueSource] for class [co.com.ceiba.ceibaestacionamiento.CeibaEstacionamientoApplicationTests]
14:03:07.404 [Test worker] DEBUG org.springframework.test.context.support.TestPropertySourceUtils - Adding inlined properties to environment: {spring.jmx.enabled=false, org.springframework.boot.test.context.SpringBootTestContextBootstrapper=true, server.port=-1}

  .   ____          _            __ _ _
 /\\ / ___'_ __ _ _(_)_ __  __ _ \ \ \ \
( ( )\___ | '_ | '_| | '_ \/ _` | \ \ \ \
 \\/  ___)| |_)| | | | | || (_| |  ) ) ) )
  '  |____| .__|_| |_|_| |_\__, | / / / /
 =========|_|==============|___/=/_/_/_/
 :: Spring Boot ::        (v2.1.4.RELEASE)

2019-05-17 14:03:08.251  INFO 16840 --- [    Test worker] c.c.CeibaEstacionamientoApplicationTests : Starting CeibaEstacionamientoApplicationTests on NANCY-YANZA with PID 16840 (started by nancy.yanza in D:\Workspace spring tool suite\Repositorio-Ceiba-Estacionamiento\repo_ceiba_estacionamiento\Ceiba-Estacionamiento)
2019-05-17 14:03:08.255  INFO 16840 --- [    Test worker] c.c.CeibaEstacionamientoApplicationTests : The following profiles are active: test
2019-05-17 14:03:09.579  INFO 16840 --- [    Test worker] .s.d.r.c.RepositoryConfigurationDelegate : Bootstrapping Spring Data repositories in DEFAULT mode.
2019-05-17 14:03:09.727  INFO 16840 --- [    Test worker] .s.d.r.c.RepositoryConfigurationDelegate : Finished Spring Data repository scanning in 124ms. Found 3 repository interfaces.
2019-05-17 14:03:11.031  INFO 16840 --- [    Test worker] trationDelegate$BeanPostProcessorChecker : Bean 'org.springframework.transaction.annotation.ProxyTransactionManagementConfiguration' of type [org.springframework.transaction.annotation.ProxyTransactionManagementConfiguration$$EnhancerBySpringCGLIB$$f0e1ff14] is not eligible for getting processed by all BeanPostProcessors (for example: not eligible for auto-proxying)
2019-05-17 14:03:11.339  INFO 16840 --- [    Test worker] o.hibernate.jpa.internal.util.LogHelper  : HHH000204: Processing PersistenceUnitInfo [
	name: default
	...]
2019-05-17 14:03:11.547  INFO 16840 --- [    Test worker] org.hibernate.Version                    : HHH000412: Hibernate Core {5.3.9.Final}
2019-05-17 14:03:11.551  INFO 16840 --- [    Test worker] org.hibernate.cfg.Environment            : HHH000206: hibernate.properties not found
2019-05-17 14:03:11.822  INFO 16840 --- [    Test worker] o.hibernate.annotations.common.Version   : HCANN000001: Hibernate Commons Annotations {5.0.4.Final}
2019-05-17 14:03:11.910 DEBUG 16840 --- [    Test worker] org.hibernate.type.BasicTypeRegistry     : Adding type registration boolean -> org.hibernate.type.BooleanType@ded41bd
2019-05-17 14:03:11.910 DEBUG 16840 --- [    Test worker] org.hibernate.type.BasicTypeRegistry     : Adding type registration boolean -> org.hibernate.type.BooleanType@ded41bd
2019-05-17 14:03:11.910 DEBUG 16840 --- [    Test worker] org.hibernate.type.BasicTypeRegistry     : Adding type registration java.lang.Boolean -> org.hibernate.type.BooleanType@ded41bd
2019-05-17 14:03:11.910 DEBUG 16840 --- [    Test worker] org.hibernate.type.BasicTypeRegistry     : Adding type registration numeric_boolean -> org.hibernate.type.NumericBooleanType@cb66ce6
2019-05-17 14:03:11.914 DEBUG 16840 --- [    Test worker] org.hibernate.type.BasicTypeRegistry     : Adding type registration true_false -> org.hibernate.type.TrueFalseType@995195f
2019-05-17 14:03:11.914 DEBUG 16840 --- [    Test worker] org.hibernate.type.BasicTypeRegistry     : Adding type registration yes_no -> org.hibernate.type.YesNoType@11eaede
2019-05-17 14:03:11.918 DEBUG 16840 --- [    Test worker] org.hibernate.type.BasicTypeRegistry     : Adding type registration byte -> org.hibernate.type.ByteType@188ca17b
2019-05-17 14:03:11.918 DEBUG 16840 --- [    Test worker] org.hibernate.type.BasicTypeRegistry     : Adding type registration byte -> org.hibernate.type.ByteType@188ca17b
2019-05-17 14:03:11.918 DEBUG 16840 --- [    Test worker] org.hibernate.type.BasicTypeRegistry     : Adding type registration java.lang.Byte -> org.hibernate.type.ByteType@188ca17b
2019-05-17 14:03:11.922 DEBUG 16840 --- [    Test worker] org.hibernate.type.BasicTypeRegistry     : Adding type registration character -> org.hibernate.type.CharacterType@5a8fc075
2019-05-17 14:03:11.922 DEBUG 16840 --- [    Test worker] org.hibernate.type.BasicTypeRegistry     : Adding type registration char -> org.hibernate.type.CharacterType@5a8fc075
2019-05-17 14:03:11.922 DEBUG 16840 --- [    Test worker] org.hibernate.type.BasicTypeRegistry     : Adding type registration java.lang.Character -> org.hibernate.type.CharacterType@5a8fc075
2019-05-17 14:03:11.922 DEBUG 16840 --- [    Test worker] org.hibernate.type.BasicTypeRegistry     : Adding type registration short -> org.hibernate.type.ShortType@dc0edda
2019-05-17 14:03:11.922 DEBUG 16840 --- [    Test worker] org.hibernate.type.BasicTypeRegistry     : Adding type registration short -> org.hibernate.type.ShortType@dc0edda
2019-05-17 14:03:11.922 DEBUG 16840 --- [    Test worker] org.hibernate.type.BasicTypeRegistry     : Adding type registration java.lang.Short -> org.hibernate.type.ShortType@dc0edda
2019-05-17 14:03:11.926 DEBUG 16840 --- [    Test worker] org.hibernate.type.BasicTypeRegistry     : Adding type registration integer -> org.hibernate.type.IntegerType@73af2ff4
2019-05-17 14:03:11.926 DEBUG 16840 --- [    Test worker] org.hibernate.type.BasicTypeRegistry     : Adding type registration int -> org.hibernate.type.IntegerType@73af2ff4
2019-05-17 14:03:11.926 DEBUG 16840 --- [    Test worker] org.hibernate.type.BasicTypeRegistry     : Adding type registration java.lang.Integer -> org.hibernate.type.IntegerType@73af2ff4
2019-05-17 14:03:11.930 DEBUG 16840 --- [    Test worker] org.hibernate.type.BasicTypeRegistry     : Adding type registration long -> org.hibernate.type.LongType@8125691
2019-05-17 14:03:11.930 DEBUG 16840 --- [    Test worker] org.hibernate.type.BasicTypeRegistry     : Adding type registration long -> org.hibernate.type.LongType@8125691
2019-05-17 14:03:11.930 DEBUG 16840 --- [    Test worker] org.hibernate.type.BasicTypeRegistry     : Adding type registration java.lang.Long -> org.hibernate.type.LongType@8125691
2019-05-17 14:03:11.934 DEBUG 16840 --- [    Test worker] org.hibernate.type.BasicTypeRegistry     : Adding type registration float -> org.hibernate.type.FloatType@61c21660
2019-05-17 14:03:11.934 DEBUG 16840 --- [    Test worker] org.hibernate.type.BasicTypeRegistry     : Adding type registration float -> org.hibernate.type.FloatType@61c21660
2019-05-17 14:03:11.934 DEBUG 16840 --- [    Test worker] org.hibernate.type.BasicTypeRegistry     : Adding type registration java.lang.Float -> org.hibernate.type.FloatType@61c21660
2019-05-17 14:03:11.934 DEBUG 16840 --- [    Test worker] org.hibernate.type.BasicTypeRegistry     : Adding type registration double -> org.hibernate.type.DoubleType@523bae41
2019-05-17 14:03:11.938 DEBUG 16840 --- [    Test worker] org.hibernate.type.BasicTypeRegistry     : Adding type registration double -> org.hibernate.type.DoubleType@523bae41
2019-05-17 14:03:11.938 DEBUG 16840 --- [    Test worker] org.hibernate.type.BasicTypeRegistry     : Adding type registration java.lang.Double -> org.hibernate.type.DoubleType@523bae41
2019-05-17 14:03:11.938 DEBUG 16840 --- [    Test worker] org.hibernate.type.BasicTypeRegistry     : Adding type registration big_decimal -> org.hibernate.type.BigDecimalType@6f977d88
2019-05-17 14:03:11.942 DEBUG 16840 --- [    Test worker] org.hibernate.type.BasicTypeRegistry     : Adding type registration java.math.BigDecimal -> org.hibernate.type.BigDecimalType@6f977d88
2019-05-17 14:03:11.942 DEBUG 16840 --- [    Test worker] org.hibernate.type.BasicTypeRegistry     : Adding type registration big_integer -> org.hibernate.type.BigIntegerType@3cbfea58
2019-05-17 14:03:11.942 DEBUG 16840 --- [    Test worker] org.hibernate.type.BasicTypeRegistry     : Adding type registration java.math.BigInteger -> org.hibernate.type.BigIntegerType@3cbfea58
2019-05-17 14:03:11.946 DEBUG 16840 --- [    Test worker] org.hibernate.type.BasicTypeRegistry     : Adding type registration string -> org.hibernate.type.StringType@1e58eeac
2019-05-17 14:03:11.946 DEBUG 16840 --- [    Test worker] org.hibernate.type.BasicTypeRegistry     : Adding type registration java.lang.String -> org.hibernate.type.StringType@1e58eeac
2019-05-17 14:03:11.950 DEBUG 16840 --- [    Test worker] org.hibernate.type.BasicTypeRegistry     : Adding type registration nstring -> org.hibernate.type.StringNVarcharType@20359858
2019-05-17 14:03:11.950 DEBUG 16840 --- [    Test worker] org.hibernate.type.BasicTypeRegistry     : Adding type registration ncharacter -> org.hibernate.type.CharacterNCharType@4f641d97
2019-05-17 14:03:11.950 DEBUG 16840 --- [    Test worker] org.hibernate.type.BasicTypeRegistry     : Adding type registration url -> org.hibernate.type.UrlType@17ba8316
2019-05-17 14:03:11.954 DEBUG 16840 --- [    Test worker] org.hibernate.type.BasicTypeRegistry     : Adding type registration java.net.URL -> org.hibernate.type.UrlType@17ba8316
2019-05-17 14:03:11.954 DEBUG 16840 --- [    Test worker] org.hibernate.type.BasicTypeRegistry     : Adding type registration Duration -> org.hibernate.type.DurationType@5b742cfe
2019-05-17 14:03:11.954 DEBUG 16840 --- [    Test worker] org.hibernate.type.BasicTypeRegistry     : Adding type registration java.time.Duration -> org.hibernate.type.DurationType@5b742cfe
2019-05-17 14:03:11.958 DEBUG 16840 --- [    Test worker] org.hibernate.type.BasicTypeRegistry     : Adding type registration Instant -> org.hibernate.type.InstantType@6da9e7a8
2019-05-17 14:03:11.958 DEBUG 16840 --- [    Test worker] org.hibernate.type.BasicTypeRegistry     : Adding type registration java.time.Instant -> org.hibernate.type.InstantType@6da9e7a8
2019-05-17 14:03:11.958 DEBUG 16840 --- [    Test worker] org.hibernate.type.BasicTypeRegistry     : Adding type registration LocalDateTime -> org.hibernate.type.LocalDateTimeType@462d8553
2019-05-17 14:03:11.958 DEBUG 16840 --- [    Test worker] org.hibernate.type.BasicTypeRegistry     : Adding type registration java.time.LocalDateTime -> org.hibernate.type.LocalDateTimeType@462d8553
2019-05-17 14:03:11.962 DEBUG 16840 --- [    Test worker] org.hibernate.type.BasicTypeRegistry     : Adding type registration LocalDate -> org.hibernate.type.LocalDateType@579cd37f
2019-05-17 14:03:11.962 DEBUG 16840 --- [    Test worker] org.hibernate.type.BasicTypeRegistry     : Adding type registration java.time.LocalDate -> org.hibernate.type.LocalDateType@579cd37f
2019-05-17 14:03:11.962 DEBUG 16840 --- [    Test worker] org.hibernate.type.BasicTypeRegistry     : Adding type registration LocalTime -> org.hibernate.type.LocalTimeType@6a366cbf
2019-05-17 14:03:11.966 DEBUG 16840 --- [    Test worker] org.hibernate.type.BasicTypeRegistry     : Adding type registration java.time.LocalTime -> org.hibernate.type.LocalTimeType@6a366cbf
2019-05-17 14:03:11.966 DEBUG 16840 --- [    Test worker] org.hibernate.type.BasicTypeRegistry     : Adding type registration OffsetDateTime -> org.hibernate.type.OffsetDateTimeType@1cf1058b
2019-05-17 14:03:11.966 DEBUG 16840 --- [    Test worker] org.hibernate.type.BasicTypeRegistry     : Adding type registration java.time.OffsetDateTime -> org.hibernate.type.OffsetDateTimeType@1cf1058b
2019-05-17 14:03:11.970 DEBUG 16840 --- [    Test worker] org.hibernate.type.BasicTypeRegistry     : Adding type registration OffsetTime -> org.hibernate.type.OffsetTimeType@148f4615
2019-05-17 14:03:11.970 DEBUG 16840 --- [    Test worker] org.hibernate.type.BasicTypeRegistry     : Adding type registration java.time.OffsetTime -> org.hibernate.type.OffsetTimeType@148f4615
2019-05-17 14:03:11.974 DEBUG 16840 --- [    Test worker] org.hibernate.type.BasicTypeRegistry     : Adding type registration ZonedDateTime -> org.hibernate.type.ZonedDateTimeType@31e500b0
2019-05-17 14:03:11.974 DEBUG 16840 --- [    Test worker] org.hibernate.type.BasicTypeRegistry     : Adding type registration java.time.ZonedDateTime -> org.hibernate.type.ZonedDateTimeType@31e500b0
2019-05-17 14:03:11.978 DEBUG 16840 --- [    Test worker] org.hibernate.type.BasicTypeRegistry     : Adding type registration date -> org.hibernate.type.DateType@2885c338
2019-05-17 14:03:11.982 DEBUG 16840 --- [    Test worker] org.hibernate.type.BasicTypeRegistry     : Adding type registration java.sql.Date -> org.hibernate.type.DateType@2885c338
2019-05-17 14:03:11.982 DEBUG 16840 --- [    Test worker] org.hibernate.type.BasicTypeRegistry     : Adding type registration time -> org.hibernate.type.TimeType@96a94b0
2019-05-17 14:03:11.986 DEBUG 16840 --- [    Test worker] org.hibernate.type.BasicTypeRegistry     : Adding type registration java.sql.Time -> org.hibernate.type.TimeType@96a94b0
2019-05-17 14:03:11.986 DEBUG 16840 --- [    Test worker] org.hibernate.type.BasicTypeRegistry     : Adding type registration timestamp -> org.hibernate.type.TimestampType@2d84e46d
2019-05-17 14:03:11.990 DEBUG 16840 --- [    Test worker] org.hibernate.type.BasicTypeRegistry     : Adding type registration java.sql.Timestamp -> org.hibernate.type.TimestampType@2d84e46d
2019-05-17 14:03:11.990 DEBUG 16840 --- [    Test worker] org.hibernate.type.BasicTypeRegistry     : Adding type registration java.util.Date -> org.hibernate.type.TimestampType@2d84e46d
2019-05-17 14:03:11.994 DEBUG 16840 --- [    Test worker] org.hibernate.type.BasicTypeRegistry     : Adding type registration dbtimestamp -> org.hibernate.type.DbTimestampType@1017518
2019-05-17 14:03:11.994 DEBUG 16840 --- [    Test worker] org.hibernate.type.BasicTypeRegistry     : Adding type registration calendar -> org.hibernate.type.CalendarType@1366f0fb
2019-05-17 14:03:11.998 DEBUG 16840 --- [    Test worker] org.hibernate.type.BasicTypeRegistry     : Adding type registration java.util.Calendar -> org.hibernate.type.CalendarType@1366f0fb
2019-05-17 14:03:11.998 DEBUG 16840 --- [    Test worker] org.hibernate.type.BasicTypeRegistry     : Adding type registration java.util.GregorianCalendar -> org.hibernate.type.CalendarType@1366f0fb
2019-05-17 14:03:11.998 DEBUG 16840 --- [    Test worker] org.hibernate.type.BasicTypeRegistry     : Adding type registration calendar_date -> org.hibernate.type.CalendarDateType@4d8e7395
2019-05-17 14:03:12.002 DEBUG 16840 --- [    Test worker] org.hibernate.type.BasicTypeRegistry     : Adding type registration locale -> org.hibernate.type.LocaleType@60ad3e40
2019-05-17 14:03:12.002 DEBUG 16840 --- [    Test worker] org.hibernate.type.BasicTypeRegistry     : Adding type registration java.util.Locale -> org.hibernate.type.LocaleType@60ad3e40
2019-05-17 14:03:12.006 DEBUG 16840 --- [    Test worker] org.hibernate.type.BasicTypeRegistry     : Adding type registration currency -> org.hibernate.type.CurrencyType@19873e48
2019-05-17 14:03:12.006 DEBUG 16840 --- [    Test worker] org.hibernate.type.BasicTypeRegistry     : Adding type registration java.util.Currency -> org.hibernate.type.CurrencyType@19873e48
2019-05-17 14:03:12.006 DEBUG 16840 --- [    Test worker] org.hibernate.type.BasicTypeRegistry     : Adding type registration timezone -> org.hibernate.type.TimeZoneType@400461c
2019-05-17 14:03:12.006 DEBUG 16840 --- [    Test worker] org.hibernate.type.BasicTypeRegistry     : Adding type registration java.util.TimeZone -> org.hibernate.type.TimeZoneType@400461c
2019-05-17 14:03:12.010 DEBUG 16840 --- [    Test worker] org.hibernate.type.BasicTypeRegistry     : Adding type registration class -> org.hibernate.type.ClassType@53fee32c
2019-05-17 14:03:12.010 DEBUG 16840 --- [    Test worker] org.hibernate.type.BasicTypeRegistry     : Adding type registration java.lang.Class -> org.hibernate.type.ClassType@53fee32c
2019-05-17 14:03:12.010 DEBUG 16840 --- [    Test worker] org.hibernate.type.BasicTypeRegistry     : Adding type registration uuid-binary -> org.hibernate.type.UUIDBinaryType@6aeecb79
2019-05-17 14:03:12.014 DEBUG 16840 --- [    Test worker] org.hibernate.type.BasicTypeRegistry     : Adding type registration java.util.UUID -> org.hibernate.type.UUIDBinaryType@6aeecb79
2019-05-17 14:03:12.014 DEBUG 16840 --- [    Test worker] org.hibernate.type.BasicTypeRegistry     : Adding type registration uuid-char -> org.hibernate.type.UUIDCharType@1b3549b
2019-05-17 14:03:12.014 DEBUG 16840 --- [    Test worker] org.hibernate.type.BasicTypeRegistry     : Adding type registration binary -> org.hibernate.type.BinaryType@71f3b5e4
2019-05-17 14:03:12.018 DEBUG 16840 --- [    Test worker] org.hibernate.type.BasicTypeRegistry     : Adding type registration byte[] -> org.hibernate.type.BinaryType@71f3b5e4
2019-05-17 14:03:12.018 DEBUG 16840 --- [    Test worker] org.hibernate.type.BasicTypeRegistry     : Adding type registration [B -> org.hibernate.type.BinaryType@71f3b5e4
2019-05-17 14:03:12.018 DEBUG 16840 --- [    Test worker] org.hibernate.type.BasicTypeRegistry     : Adding type registration wrapper-binary -> org.hibernate.type.WrapperBinaryType@3d60992e
2019-05-17 14:03:12.018 DEBUG 16840 --- [    Test worker] org.hibernate.type.BasicTypeRegistry     : Adding type registration Byte[] -> org.hibernate.type.WrapperBinaryType@3d60992e
2019-05-17 14:03:12.018 DEBUG 16840 --- [    Test worker] org.hibernate.type.BasicTypeRegistry     : Adding type registration [Ljava.lang.Byte; -> org.hibernate.type.WrapperBinaryType@3d60992e
2019-05-17 14:03:12.022 DEBUG 16840 --- [    Test worker] org.hibernate.type.BasicTypeRegistry     : Adding type registration row_version -> org.hibernate.type.RowVersionType@3285d513
2019-05-17 14:03:12.022 DEBUG 16840 --- [    Test worker] org.hibernate.type.BasicTypeRegistry     : Adding type registration image -> org.hibernate.type.ImageType@724a992d
2019-05-17 14:03:12.026 DEBUG 16840 --- [    Test worker] org.hibernate.type.BasicTypeRegistry     : Adding type registration characters -> org.hibernate.type.CharArrayType@310f9038
2019-05-17 14:03:12.026 DEBUG 16840 --- [    Test worker] org.hibernate.type.BasicTypeRegistry     : Adding type registration char[] -> org.hibernate.type.CharArrayType@310f9038
2019-05-17 14:03:12.026 DEBUG 16840 --- [    Test worker] org.hibernate.type.BasicTypeRegistry     : Adding type registration [C -> org.hibernate.type.CharArrayType@310f9038
2019-05-17 14:03:12.030 DEBUG 16840 --- [    Test worker] org.hibernate.type.BasicTypeRegistry     : Adding type registration wrapper-characters -> org.hibernate.type.CharacterArrayType@56575741
2019-05-17 14:03:12.030 DEBUG 16840 --- [    Test worker] org.hibernate.type.BasicTypeRegistry     : Adding type registration [Ljava.lang.Character; -> org.hibernate.type.CharacterArrayType@56575741
2019-05-17 14:03:12.034 DEBUG 16840 --- [    Test worker] org.hibernate.type.BasicTypeRegistry     : Adding type registration Character[] -> org.hibernate.type.CharacterArrayType@56575741
2019-05-17 14:03:12.034 DEBUG 16840 --- [    Test worker] org.hibernate.type.BasicTypeRegistry     : Adding type registration text -> org.hibernate.type.TextType@73d7f49f
2019-05-17 14:03:12.034 DEBUG 16840 --- [    Test worker] org.hibernate.type.BasicTypeRegistry     : Adding type registration ntext -> org.hibernate.type.NTextType@3ff688c7
2019-05-17 14:03:12.042 DEBUG 16840 --- [    Test worker] org.hibernate.type.BasicTypeRegistry     : Adding type registration blob -> org.hibernate.type.BlobType@7e1b5d10
2019-05-17 14:03:12.042 DEBUG 16840 --- [    Test worker] org.hibernate.type.BasicTypeRegistry     : Adding type registration java.sql.Blob -> org.hibernate.type.BlobType@7e1b5d10
2019-05-17 14:03:12.042 DEBUG 16840 --- [    Test worker] org.hibernate.type.BasicTypeRegistry     : Adding type registration materialized_blob -> org.hibernate.type.MaterializedBlobType@1dd83a8c
2019-05-17 14:03:12.046 DEBUG 16840 --- [    Test worker] org.hibernate.type.BasicTypeRegistry     : Adding type registration clob -> org.hibernate.type.ClobType@52c18049
2019-05-17 14:03:12.046 DEBUG 16840 --- [    Test worker] org.hibernate.type.BasicTypeRegistry     : Adding type registration java.sql.Clob -> org.hibernate.type.ClobType@52c18049
2019-05-17 14:03:12.050 DEBUG 16840 --- [    Test worker] org.hibernate.type.BasicTypeRegistry     : Adding type registration nclob -> org.hibernate.type.NClobType@30569815
2019-05-17 14:03:12.054 DEBUG 16840 --- [    Test worker] org.hibernate.type.BasicTypeRegistry     : Adding type registration java.sql.NClob -> org.hibernate.type.NClobType@30569815
2019-05-17 14:03:12.054 DEBUG 16840 --- [    Test worker] org.hibernate.type.BasicTypeRegistry     : Adding type registration materialized_clob -> org.hibernate.type.MaterializedClobType@7424ccf2
2019-05-17 14:03:12.054 DEBUG 16840 --- [    Test worker] org.hibernate.type.BasicTypeRegistry     : Adding type registration materialized_nclob -> org.hibernate.type.MaterializedNClobType@71b0fd86
2019-05-17 14:03:12.058 DEBUG 16840 --- [    Test worker] org.hibernate.type.BasicTypeRegistry     : Adding type registration serializable -> org.hibernate.type.SerializableType@784090bc
2019-05-17 14:03:12.066 DEBUG 16840 --- [    Test worker] org.hibernate.type.BasicTypeRegistry     : Adding type registration object -> org.hibernate.type.ObjectType@6cdec83
2019-05-17 14:03:12.066 DEBUG 16840 --- [    Test worker] org.hibernate.type.BasicTypeRegistry     : Adding type registration java.lang.Object -> org.hibernate.type.ObjectType@6cdec83
2019-05-17 14:03:12.066 DEBUG 16840 --- [    Test worker] org.hibernate.type.BasicTypeRegistry     : Adding type registration imm_date -> org.hibernate.type.AdaptedImmutableType@71da448a
2019-05-17 14:03:12.066 DEBUG 16840 --- [    Test worker] org.hibernate.type.BasicTypeRegistry     : Adding type registration imm_time -> org.hibernate.type.AdaptedImmutableType@54d7fccb
2019-05-17 14:03:12.066 DEBUG 16840 --- [    Test worker] org.hibernate.type.BasicTypeRegistry     : Adding type registration imm_timestamp -> org.hibernate.type.AdaptedImmutableType@198b6e24
2019-05-17 14:03:12.066 DEBUG 16840 --- [    Test worker] org.hibernate.type.BasicTypeRegistry     : Adding type registration imm_dbtimestamp -> org.hibernate.type.AdaptedImmutableType@510e4a91
2019-05-17 14:03:12.066 DEBUG 16840 --- [    Test worker] org.hibernate.type.BasicTypeRegistry     : Adding type registration imm_calendar -> org.hibernate.type.AdaptedImmutableType@72d3ba2e
2019-05-17 14:03:12.066 DEBUG 16840 --- [    Test worker] org.hibernate.type.BasicTypeRegistry     : Adding type registration imm_calendar_date -> org.hibernate.type.AdaptedImmutableType@1909311b
2019-05-17 14:03:12.066 DEBUG 16840 --- [    Test worker] org.hibernate.type.BasicTypeRegistry     : Adding type registration imm_binary -> org.hibernate.type.AdaptedImmutableType@5bb18650
2019-05-17 14:03:12.066 DEBUG 16840 --- [    Test worker] org.hibernate.type.BasicTypeRegistry     : Adding type registration imm_serializable -> org.hibernate.type.AdaptedImmutableType@78481575
2019-05-17 14:03:12.674  INFO 16840 --- [    Test worker] org.hibernate.dialect.Dialect            : HHH000400: Using dialect: org.hibernate.dialect.H2Dialect
2019-05-17 14:03:12.826 DEBUG 16840 --- [    Test worker] o.h.type.spi.TypeConfiguration$Scope     : Scoping TypeConfiguration [org.hibernate.type.spi.TypeConfiguration@4043254f] to MetadataBuildingContext [org.hibernate.boot.internal.MetadataBuildingContextRootImpl@78cf6e85]
2019-05-17 14:03:13.342 DEBUG 16840 --- [    Test worker] o.h.type.spi.TypeConfiguration$Scope     : Scoping TypeConfiguration [org.hibernate.type.spi.TypeConfiguration@4043254f] to SessionFactoryImpl [org.hibernate.internal.SessionFactoryImpl@6257e795]
2019-05-17 14:03:13.974 DEBUG 16840 --- [    Test worker] org.hibernate.SQL                        : drop table costoestadia if exists
Hibernate: drop table costoestadia if exists
2019-05-17 14:03:13.978 DEBUG 16840 --- [    Test worker] org.hibernate.SQL                        : drop table factura if exists
Hibernate: drop table factura if exists
2019-05-17 14:03:13.978 DEBUG 16840 --- [    Test worker] org.hibernate.SQL                        : drop table movil if exists
Hibernate: drop table movil if exists
2019-05-17 14:03:13.982 DEBUG 16840 --- [    Test worker] org.hibernate.SQL                        : create table costoestadia (cos_id integer not null, cos_tiempo_estadia varchar(10), cos_tipo_movil varchar(5), cos_tipo_pago varchar(10), cos_valor double, primary key (cos_id))
Hibernate: create table costoestadia (cos_id integer not null, cos_tiempo_estadia varchar(10), cos_tipo_movil varchar(5), cos_tipo_pago varchar(10), cos_valor double, primary key (cos_id))
2019-05-17 14:03:14.110 DEBUG 16840 --- [    Test worker] org.hibernate.SQL                        : create table factura (facId integer generated by default as identity, fac_fecha_ingreso timestamp, fac_fecha_salida timestamp, fac_valor double, mov_placa varchar(10), primary key (facId))
Hibernate: create table factura (facId integer generated by default as identity, fac_fecha_ingreso timestamp, fac_fecha_salida timestamp, fac_valor double, mov_placa varchar(10), primary key (facId))
2019-05-17 14:03:14.118 DEBUG 16840 --- [    Test worker] org.hibernate.SQL                        : create table movil (mov_placa varchar(10) not null, mov_cilindraje double, mov_tipo_movil varchar(5), primary key (mov_placa))
Hibernate: create table movil (mov_placa varchar(10) not null, mov_cilindraje double, mov_tipo_movil varchar(5), primary key (mov_placa))
2019-05-17 14:03:14.122 DEBUG 16840 --- [    Test worker] org.hibernate.SQL                        : alter table factura add constraint FK3tfeok1s0c0xs7n8ssxed33aj foreign key (mov_placa) references movil
Hibernate: alter table factura add constraint FK3tfeok1s0c0xs7n8ssxed33aj foreign key (mov_placa) references movil
2019-05-17 14:03:14.134  INFO 16840 --- [    Test worker] o.h.t.schema.internal.SchemaCreatorImpl  : HHH000476: Executing import script 'org.hibernate.tool.schema.internal.exec.ScriptSourceInputNonExistentImpl@154a7110'
2019-05-17 14:03:14.142 TRACE 16840 --- [    Test worker] o.h.type.spi.TypeConfiguration$Scope     : Handling #sessionFactoryCreated from [org.hibernate.internal.SessionFactoryImpl@6257e795] for TypeConfiguration
2019-05-17 14:03:14.142  INFO 16840 --- [    Test worker] j.LocalContainerEntityManagerFactoryBean : Initialized JPA EntityManagerFactory for persistence unit 'default'
2019-05-17 14:03:15.698  INFO 16840 --- [    Test worker] o.s.s.concurrent.ThreadPoolTaskExecutor  : Initializing ExecutorService 'applicationTaskExecutor'
2019-05-17 14:03:15.823  WARN 16840 --- [    Test worker] aWebConfiguration$JpaWebMvcConfiguration : spring.jpa.open-in-view is enabled by default. Therefore, database queries may be performed during view rendering. Explicitly configure spring.jpa.open-in-view to disable this warning
2019-05-17 14:03:16.370  INFO 16840 --- [    Test worker] c.c.CeibaEstacionamientoApplicationTests : Started CeibaEstacionamientoApplicationTests in 8.938 seconds (JVM running for 11.506)
]]></system-out>
  <system-err><![CDATA[]]></system-err>
</testsuite>
